blue: 0,A,I,Q
cyan: 1,B,J,R
magenta: 2,C,K,S
orange: 3,D,L,T
pink: 4,E,M,U
yellow: 5,F,N,V
red: 6,G,O,W
green: 7,H,P,X
    +++          +++          +++
    +3+          +7+          +4+
    +F+          +G+          +B+
+++++ ++++++++++++ ++++++++++++ +++++
+2E                0              C5+
+++++ ++++++++++++ ++++++++++++ +++++
    +A+ +++++    + +    +++++ +D+
    +1+ +BOX+    + +    +TOP+ +6+
    +++ ++++++   + +   ++++++ +++
        +    +   + +   +    +
        + Qu +++++ +++++ qU +
        + Rv             rV +
        + Sw +++++ +++++ sW +
        + Tx +   + +   + tX +
        +    +   + +   +    +
    ++++++++++   + +   ++++++++++
    +BUNNY+      + +      +FUNNY+
+++++++++++      + +      +++++++++++
+ AA aa   +      + +      +p+n+l+j+++
+ +++++++ ++++++++ ++++++++ + + + +++
+ +++++++                  PONMLKJIi+
+ +++++++ ++++++++++++++++++ + + ++++
+         +               ++o+m+k++++
+++++++++++               +++++++++++

[Move(W), NoOp, NoOp, NoOp, NoOp, NoOp, NoOp, NoOp];375
[Move(S), NoOp, NoOp, NoOp, NoOp, NoOp, NoOp, NoOp];1
[Move(S), NoOp, NoOp, NoOp, NoOp, NoOp, NoOp, NoOp];0
[Move(S), NoOp, NoOp, NoOp, NoOp, NoOp, NoOp, NoOp];1
[Move(S), NoOp, NoOp, NoOp, NoOp, NoOp, NoOp, NoOp];1
[Move(S), NoOp, NoOp, NoOp, NoOp, NoOp, NoOp, NoOp];8
[Move(S), NoOp, NoOp, NoOp, NoOp, NoOp, NoOp, NoOp];1
[Move(S), NoOp, NoOp, NoOp, NoOp, NoOp, NoOp, NoOp];2
[Move(S), NoOp, NoOp, NoOp, NoOp, NoOp, NoOp, NoOp];1
[Move(S), NoOp, NoOp, NoOp, NoOp, NoOp, NoOp, NoOp];0
[Move(S), NoOp, NoOp, NoOp, NoOp, NoOp, NoOp, NoOp];1
[Move(S), NoOp, NoOp, NoOp, NoOp, NoOp, NoOp, NoOp];1
[Move(S), NoOp, NoOp, NoOp, NoOp, NoOp, NoOp, NoOp];2
[Move(S), NoOp, NoOp, NoOp, NoOp, NoOp, NoOp, NoOp];1
[Move(S), NoOp, NoOp, NoOp, NoOp, NoOp, NoOp, NoOp];3
[Move(S), NoOp, NoOp, NoOp, NoOp, NoOp, NoOp, NoOp];1
[Move(S), NoOp, NoOp, NoOp, NoOp, NoOp, NoOp, NoOp];1
[Move(W), NoOp, NoOp, NoOp, NoOp, NoOp, NoOp, NoOp];0
[Move(W), NoOp, NoOp, NoOp, NoOp, NoOp, NoOp, NoOp];1
[Move(W), NoOp, NoOp, NoOp, NoOp, NoOp, NoOp, NoOp];8
[Move(W), NoOp, NoOp, NoOp, NoOp, NoOp, NoOp, NoOp];1
[Move(W), NoOp, NoOp, NoOp, NoOp, NoOp, NoOp, NoOp];1
[Move(W), NoOp, NoOp, NoOp, NoOp, NoOp, NoOp, NoOp];2
[Move(W), NoOp, NoOp, NoOp, NoOp, NoOp, NoOp, NoOp];1
[Move(W), NoOp, NoOp, NoOp, NoOp, NoOp, NoOp, NoOp];1
[Move(W), NoOp, NoOp, NoOp, NoOp, NoOp, NoOp, NoOp];1
[Move(N), NoOp, NoOp, NoOp, NoOp, NoOp, NoOp, NoOp];4
[Move(N), NoOp, NoOp, NoOp, NoOp, NoOp, NoOp, NoOp];9
[Move(W), NoOp, NoOp, NoOp, NoOp, NoOp, NoOp, NoOp];6
[Move(W), NoOp, NoOp, NoOp, NoOp, NoOp, NoOp, NoOp];2
[Move(W), NoOp, NoOp, NoOp, NoOp, NoOp, NoOp, NoOp];1
[Move(W), NoOp, NoOp, NoOp, NoOp, NoOp, NoOp, NoOp];0
[Move(W), NoOp, NoOp, NoOp, NoOp, NoOp, NoOp, NoOp];6
[Pull(E,W), NoOp, NoOp, NoOp, NoOp, NoOp, NoOp, NoOp];1
[Pull(E,W), NoOp, NoOp, NoOp, NoOp, NoOp, NoOp, NoOp];10
[Move(W), NoOp, NoOp, NoOp, NoOp, NoOp, NoOp, NoOp];481
[Move(W), NoOp, NoOp, NoOp, NoOp, NoOp, NoOp, NoOp];366
[Move(W), NoOp, NoOp, NoOp, NoOp, NoOp, NoOp, NoOp];345
[Move(W), NoOp, NoOp, NoOp, NoOp, NoOp, NoOp, NoOp];272
[Move(W), NoOp, NoOp, NoOp, NoOp, NoOp, NoOp, NoOp];420
[Move(W), NoOp, NoOp, NoOp, NoOp, NoOp, NoOp, NoOp];280
[Move(W), NoOp, NoOp, NoOp, NoOp, NoOp, NoOp, NoOp];290
[Move(W), NoOp, NoOp, NoOp, NoOp, NoOp, NoOp, NoOp];282
[Move(W), NoOp, NoOp, NoOp, NoOp, NoOp, NoOp, NoOp];375
[Move(W), NoOp, NoOp, NoOp, NoOp, NoOp, NoOp, NoOp];355
[Move(W), NoOp, NoOp, NoOp, NoOp, NoOp, NoOp, NoOp];283
[Move(W), NoOp, NoOp, NoOp, NoOp, NoOp, NoOp, NoOp];296
[Move(W), NoOp, NoOp, NoOp, NoOp, NoOp, NoOp, NoOp];263
[Move(W), NoOp, NoOp, NoOp, NoOp, NoOp, NoOp, NoOp];292
[Move(W), NoOp, NoOp, NoOp, NoOp, NoOp, NoOp, NoOp];283
[Move(W), NoOp, NoOp, NoOp, NoOp, NoOp, NoOp, NoOp];434
[Move(W), NoOp, NoOp, NoOp, NoOp, NoOp, NoOp, NoOp];402
[Move(W), NoOp, NoOp, NoOp, NoOp, NoOp, NoOp, NoOp];304
[Move(W), NoOp, NoOp, NoOp, NoOp, NoOp, NoOp, NoOp];288
[Move(W), NoOp, NoOp, NoOp, NoOp, NoOp, NoOp, NoOp];289
[Move(W), NoOp, NoOp, NoOp, NoOp, NoOp, NoOp, NoOp];286
[Move(W), NoOp, NoOp, NoOp, NoOp, NoOp, NoOp, NoOp];286
[Move(W), NoOp, NoOp, NoOp, NoOp, NoOp, NoOp, NoOp];285
[Move(W), NoOp, NoOp, NoOp, NoOp, NoOp, NoOp, NoOp];273
[Move(W), NoOp, NoOp, NoOp, NoOp, NoOp, NoOp, NoOp];284
[Move(W), NoOp, NoOp, NoOp, NoOp, NoOp, NoOp, NoOp];257
[Move(W), NoOp, NoOp, NoOp, NoOp, NoOp, NoOp, NoOp];271
[Move(W), NoOp, NoOp, NoOp, NoOp, NoOp, NoOp, NoOp];285
[Move(W), NoOp, NoOp, NoOp, NoOp, NoOp, NoOp, NoOp];275
[Move(W), NoOp, NoOp, NoOp, NoOp, NoOp, NoOp, NoOp];267
[Move(W), NoOp, NoOp, NoOp, NoOp, NoOp, NoOp, NoOp];274
[Move(W), NoOp, NoOp, NoOp, NoOp, NoOp, NoOp, NoOp];274
[Move(W), NoOp, NoOp, NoOp, NoOp, NoOp, NoOp, NoOp];271
[Move(W), NoOp, NoOp, NoOp, NoOp, NoOp, NoOp, NoOp];276
[Move(W), NoOp, NoOp, NoOp, NoOp, NoOp, NoOp, NoOp];284
[Move(W), NoOp, NoOp, NoOp, NoOp, NoOp, NoOp, NoOp];278
[Move(W), NoOp, NoOp, NoOp, NoOp, NoOp, NoOp, NoOp];269
[Move(W), NoOp, NoOp, NoOp, NoOp, NoOp, NoOp, NoOp];261
[Move(W), NoOp, NoOp, NoOp, NoOp, NoOp, NoOp, NoOp];265
[Move(W), NoOp, NoOp, NoOp, NoOp, NoOp, NoOp, NoOp];269
[Move(W), NoOp, NoOp, NoOp, NoOp, NoOp, NoOp, NoOp];235
[Move(W), NoOp, NoOp, NoOp, NoOp, NoOp, NoOp, NoOp];274
[Move(W), NoOp, NoOp, NoOp, NoOp, NoOp, NoOp, NoOp];258
[Move(W), NoOp, NoOp, NoOp, NoOp, NoOp, NoOp, NoOp];260
[Move(W), NoOp, NoOp, NoOp, NoOp, NoOp, NoOp, NoOp];282
[Move(W), NoOp, NoOp, NoOp, NoOp, NoOp, NoOp, NoOp];275
[Move(W), NoOp, NoOp, NoOp, NoOp, NoOp, NoOp, NoOp];266
[Move(W), NoOp, NoOp, NoOp, NoOp, NoOp, NoOp, NoOp];266
[Move(W), NoOp, NoOp, NoOp, NoOp, NoOp, NoOp, NoOp];277
[Move(W), NoOp, NoOp, NoOp, NoOp, NoOp, NoOp, NoOp];268
[Move(W), NoOp, NoOp, NoOp, NoOp, NoOp, NoOp, NoOp];274
[Move(W), NoOp, NoOp, NoOp, NoOp, NoOp, NoOp, NoOp];260
[Move(W), NoOp, NoOp, NoOp, NoOp, NoOp, NoOp, NoOp];262
[Move(W), NoOp, NoOp, NoOp, NoOp, NoOp, NoOp, NoOp];275
[Move(W), NoOp, NoOp, NoOp, NoOp, NoOp, NoOp, NoOp];266
[Move(W), NoOp, NoOp, NoOp, NoOp, NoOp, NoOp, NoOp];239
[Move(W), NoOp, NoOp, NoOp, NoOp, NoOp, NoOp, NoOp];265
[Move(W), NoOp, NoOp, NoOp, NoOp, NoOp, NoOp, NoOp];277
[Move(W), NoOp, NoOp, NoOp, NoOp, NoOp, NoOp, NoOp];276
[Move(W), NoOp, NoOp, NoOp, NoOp, NoOp, NoOp, NoOp];266
[Move(W), NoOp, NoOp, NoOp, NoOp, NoOp, NoOp, NoOp];270
[Move(W), NoOp, NoOp, NoOp, NoOp, NoOp, NoOp, NoOp];271
[Move(W), NoOp, NoOp, NoOp, NoOp, NoOp, NoOp, NoOp];264
[Move(W), NoOp, NoOp, NoOp, NoOp, NoOp, NoOp, NoOp];276
[Move(W), NoOp, NoOp, NoOp, NoOp, NoOp, NoOp, NoOp];286
[Move(W), NoOp, NoOp, NoOp, NoOp, NoOp, NoOp, NoOp];257
[Move(W), NoOp, NoOp, NoOp, NoOp, NoOp, NoOp, NoOp];283
[Move(W), NoOp, NoOp, NoOp, NoOp, NoOp, NoOp, NoOp];259
[Move(W), NoOp, NoOp, NoOp, NoOp, NoOp, NoOp, NoOp];279
[Move(W), NoOp, NoOp, NoOp, NoOp, NoOp, NoOp, NoOp];241
[Move(W), NoOp, NoOp, NoOp, NoOp, NoOp, NoOp, NoOp];267
[Move(W), NoOp, NoOp, NoOp, NoOp, NoOp, NoOp, NoOp];244
[Move(W), NoOp, NoOp, NoOp, NoOp, NoOp, NoOp, NoOp];271
[Move(W), NoOp, NoOp, NoOp, NoOp, NoOp, NoOp, NoOp];262
[Move(W), NoOp, NoOp, NoOp, NoOp, NoOp, NoOp, NoOp];291
[Move(W), NoOp, NoOp, NoOp, NoOp, NoOp, NoOp, NoOp];260
[Move(W), NoOp, NoOp, NoOp, NoOp, NoOp, NoOp, NoOp];262
[Move(W), NoOp, NoOp, NoOp, NoOp, NoOp, NoOp, NoOp];274
[Move(W), NoOp, NoOp, NoOp, NoOp, NoOp, NoOp, NoOp];247
[Move(W), NoOp, NoOp, NoOp, NoOp, NoOp, NoOp, NoOp];257
[Move(W), NoOp, NoOp, NoOp, NoOp, NoOp, NoOp, NoOp];259
[Move(W), NoOp, NoOp, NoOp, NoOp, NoOp, NoOp, NoOp];244
[Move(W), NoOp, NoOp, NoOp, NoOp, NoOp, NoOp, NoOp];256
[Move(W), NoOp, NoOp, NoOp, NoOp, NoOp, NoOp, NoOp];269
[Move(W), NoOp, NoOp, NoOp, NoOp, NoOp, NoOp, NoOp];265
[Move(W), NoOp, NoOp, NoOp, NoOp, NoOp, NoOp, NoOp];265
[Move(W), NoOp, NoOp, NoOp, NoOp, NoOp, NoOp, NoOp];278
[Move(W), NoOp, NoOp, NoOp, NoOp, NoOp, NoOp, NoOp];261
[Move(W), NoOp, NoOp, NoOp, NoOp, NoOp, NoOp, NoOp];256
[Move(W), NoOp, NoOp, NoOp, NoOp, NoOp, NoOp, NoOp];249
[Move(W), NoOp, NoOp, NoOp, NoOp, NoOp, NoOp, NoOp];264
[Move(W), NoOp, NoOp, NoOp, NoOp, NoOp, NoOp, NoOp];253
[Move(W), NoOp, NoOp, NoOp, NoOp, NoOp, NoOp, NoOp];256
[Move(W), NoOp, NoOp, NoOp, NoOp, NoOp, NoOp, NoOp];270
[Move(W), NoOp, NoOp, NoOp, NoOp, NoOp, NoOp, NoOp];264
[Move(W), NoOp, NoOp, NoOp, NoOp, NoOp, NoOp, NoOp];252
[Move(W), NoOp, NoOp, NoOp, NoOp, NoOp, NoOp, NoOp];275
[Move(W), NoOp, NoOp, NoOp, NoOp, NoOp, NoOp, NoOp];254
[Move(W), NoOp, NoOp, NoOp, NoOp, NoOp, NoOp, NoOp];271
[Move(W), NoOp, NoOp, NoOp, NoOp, NoOp, NoOp, NoOp];258
[Move(W), NoOp, NoOp, NoOp, NoOp, NoOp, NoOp, NoOp];260
[Move(W), NoOp, NoOp, NoOp, NoOp, NoOp, NoOp, NoOp];270
[Move(W), NoOp, NoOp, NoOp, NoOp, NoOp, NoOp, NoOp];241
[Move(W), NoOp, NoOp, NoOp, NoOp, NoOp, NoOp, NoOp];284
[Move(W), NoOp, NoOp, NoOp, NoOp, NoOp, NoOp, NoOp];279
[Move(W), NoOp, NoOp, NoOp, NoOp, NoOp, NoOp, NoOp];249
[Move(W), NoOp, NoOp, NoOp, NoOp, NoOp, NoOp, NoOp];265
[Move(W), NoOp, NoOp, NoOp, NoOp, NoOp, NoOp, NoOp];260
[Move(W), NoOp, NoOp, NoOp, NoOp, NoOp, NoOp, NoOp];247
[Move(W), NoOp, NoOp, NoOp, NoOp, NoOp, NoOp, NoOp];263
[Move(W), NoOp, NoOp, NoOp, NoOp, NoOp, NoOp, NoOp];263
[Move(W), NoOp, NoOp, NoOp, NoOp, NoOp, NoOp, NoOp];267
[Move(W), NoOp, NoOp, NoOp, NoOp, NoOp, NoOp, NoOp];258
[Move(W), NoOp, NoOp, NoOp, NoOp, NoOp, NoOp, NoOp];255
[Move(W), NoOp, NoOp, NoOp, NoOp, NoOp, NoOp, NoOp];252
[Move(W), NoOp, NoOp, NoOp, NoOp, NoOp, NoOp, NoOp];254
[Move(W), NoOp, NoOp, NoOp, NoOp, NoOp, NoOp, NoOp];247
[Move(W), NoOp, NoOp, NoOp, NoOp, NoOp, NoOp, NoOp];239
[Move(W), NoOp, NoOp, NoOp, NoOp, NoOp, NoOp, NoOp];239
[Move(W), NoOp, NoOp, NoOp, NoOp, NoOp, NoOp, NoOp];259
[Move(W), NoOp, NoOp, NoOp, NoOp, NoOp, NoOp, NoOp];299
[Move(W), NoOp, NoOp, NoOp, NoOp, NoOp, NoOp, NoOp];258
[Move(W), NoOp, NoOp, NoOp, NoOp, NoOp, NoOp, NoOp];244
[Move(W), NoOp, NoOp, NoOp, NoOp, NoOp, NoOp, NoOp];259
[Move(W), NoOp, NoOp, NoOp, NoOp, NoOp, NoOp, NoOp];263
[Move(W), NoOp, NoOp, NoOp, NoOp, NoOp, NoOp, NoOp];251
[Move(W), NoOp, NoOp, NoOp, NoOp, NoOp, NoOp, NoOp];262
[Move(W), NoOp, NoOp, NoOp, NoOp, NoOp, NoOp, NoOp];270
[Move(W), NoOp, NoOp, NoOp, NoOp, NoOp, NoOp, NoOp];267
[Move(W), NoOp, NoOp, NoOp, NoOp, NoOp, NoOp, NoOp];263
[Move(W), NoOp, NoOp, NoOp, NoOp, NoOp, NoOp, NoOp];270
[Move(W), NoOp, NoOp, NoOp, NoOp, NoOp, NoOp, NoOp];260
[Move(W), NoOp, NoOp, NoOp, NoOp, NoOp, NoOp, NoOp];273
[Move(W), NoOp, NoOp, NoOp, NoOp, NoOp, NoOp, NoOp];241
[Move(W), NoOp, NoOp, NoOp, NoOp, NoOp, NoOp, NoOp];279
[Move(W), NoOp, NoOp, NoOp, NoOp, NoOp, NoOp, NoOp];259
[Move(W), NoOp, NoOp, NoOp, NoOp, NoOp, NoOp, NoOp];269
[Move(W), NoOp, NoOp, NoOp, NoOp, NoOp, NoOp, NoOp];251
[Move(W), NoOp, NoOp, NoOp, NoOp, NoOp, NoOp, NoOp];273
[Move(W), NoOp, NoOp, NoOp, NoOp, NoOp, NoOp, NoOp];252
[Move(W), NoOp, NoOp, NoOp, NoOp, NoOp, NoOp, NoOp];267
[Move(W), NoOp, NoOp, NoOp, NoOp, NoOp, NoOp, NoOp];246
[Move(W), NoOp, NoOp, NoOp, NoOp, NoOp, NoOp, NoOp];279
[Move(W), NoOp, NoOp, NoOp, NoOp, NoOp, NoOp, NoOp];258
[Move(W), NoOp, NoOp, NoOp, NoOp, NoOp, NoOp, NoOp];261
[Move(W), NoOp, NoOp, NoOp, NoOp, NoOp, NoOp, NoOp];263
[Move(W), NoOp, NoOp, NoOp, NoOp, NoOp, NoOp, NoOp];268
[Move(W), NoOp, NoOp, NoOp, NoOp, NoOp, NoOp, NoOp];294
[Move(W), NoOp, NoOp, NoOp, NoOp, NoOp, NoOp, NoOp];244
[Move(W), NoOp, NoOp, NoOp, NoOp, NoOp, NoOp, NoOp];270
[Move(W), NoOp, NoOp, NoOp, NoOp, NoOp, NoOp, NoOp];272
[Move(W), NoOp, NoOp, NoOp, NoOp, NoOp, NoOp, NoOp];260
[Move(W), NoOp, NoOp, NoOp, NoOp, NoOp, NoOp, NoOp];252
[Move(W), NoOp, NoOp, NoOp, NoOp, NoOp, NoOp, NoOp];261
[Move(W), NoOp, NoOp, NoOp, NoOp, NoOp, NoOp, NoOp];260
[Move(W), NoOp, NoOp, NoOp, NoOp, NoOp, NoOp, NoOp];260
[Move(W), NoOp, NoOp, NoOp, NoOp, NoOp, NoOp, NoOp];245
[Move(W), NoOp, NoOp, NoOp, NoOp, NoOp, NoOp, NoOp];253
[Move(W), NoOp, NoOp, NoOp, NoOp, NoOp, NoOp, NoOp];255
[Move(W), NoOp, NoOp, NoOp, NoOp, NoOp, NoOp, NoOp];244
[Move(W), NoOp, NoOp, NoOp, NoOp, NoOp, NoOp, NoOp];269
[Move(W), NoOp, NoOp, NoOp, NoOp, NoOp, NoOp, NoOp];271
[Move(W), NoOp, NoOp, NoOp, NoOp, NoOp, NoOp, NoOp];249
[Move(W), NoOp, NoOp, NoOp, NoOp, NoOp, NoOp, NoOp];258
[Move(W), NoOp, NoOp, NoOp, NoOp, NoOp, NoOp, NoOp];250
[Move(W), NoOp, NoOp, NoOp, NoOp, NoOp, NoOp, NoOp];278
[Move(W), NoOp, NoOp, NoOp, NoOp, NoOp, NoOp, NoOp];264
[Move(W), NoOp, NoOp, NoOp, NoOp, NoOp, NoOp, NoOp];255
[Move(W), NoOp, NoOp, NoOp, NoOp, NoOp, NoOp, NoOp];270
[Move(W), NoOp, NoOp, NoOp, NoOp, NoOp, NoOp, NoOp];260
[Move(W), NoOp, NoOp, NoOp, NoOp, NoOp, NoOp, NoOp];255
[Move(W), NoOp, NoOp, NoOp, NoOp, NoOp, NoOp, NoOp];260
[Move(W), NoOp, NoOp, NoOp, NoOp, NoOp, NoOp, NoOp];248
[Move(W), NoOp, NoOp, NoOp, NoOp, NoOp, NoOp, NoOp];259
[Move(W), NoOp, NoOp, NoOp, NoOp, NoOp, NoOp, NoOp];264
[Move(W), NoOp, NoOp, NoOp, NoOp, NoOp, NoOp, NoOp];261
[Move(W), NoOp, NoOp, NoOp, NoOp, NoOp, NoOp, NoOp];266
[Move(W), NoOp, NoOp, NoOp, NoOp, NoOp, NoOp, NoOp];251
[Move(W), NoOp, NoOp, NoOp, NoOp, NoOp, NoOp, NoOp];258
[Move(W), NoOp, NoOp, NoOp, NoOp, NoOp, NoOp, NoOp];261
[Move(W), NoOp, NoOp, NoOp, NoOp, NoOp, NoOp, NoOp];257
[Move(W), NoOp, NoOp, NoOp, NoOp, NoOp, NoOp, NoOp];260
[Move(W), NoOp, NoOp, NoOp, NoOp, NoOp, NoOp, NoOp];263
[Move(W), NoOp, NoOp, NoOp, NoOp, NoOp, NoOp, NoOp];275
[Move(W), NoOp, NoOp, NoOp, NoOp, NoOp, NoOp, NoOp];265
[Move(W), NoOp, NoOp, NoOp, NoOp, NoOp, NoOp, NoOp];269
[Move(W), NoOp, NoOp, NoOp, NoOp, NoOp, NoOp, NoOp];268
[Move(W), NoOp, NoOp, NoOp, NoOp, NoOp, NoOp, NoOp];267
[Move(W), NoOp, NoOp, NoOp, NoOp, NoOp, NoOp, NoOp];269
[Move(W), NoOp, NoOp, NoOp, NoOp, NoOp, NoOp, NoOp];259
[Move(W), NoOp, NoOp, NoOp, NoOp, NoOp, NoOp, NoOp];241
[Move(W), NoOp, NoOp, NoOp, NoOp, NoOp, NoOp, NoOp];247
[Move(W), NoOp, NoOp, NoOp, NoOp, NoOp, NoOp, NoOp];258
[Move(W), NoOp, NoOp, NoOp, NoOp, NoOp, NoOp, NoOp];263
[Move(W), NoOp, NoOp, NoOp, NoOp, NoOp, NoOp, NoOp];269
[Move(W), NoOp, NoOp, NoOp, NoOp, NoOp, NoOp, NoOp];259
[Move(W), NoOp, NoOp, NoOp, NoOp, NoOp, NoOp, NoOp];256
[Move(W), NoOp, NoOp, NoOp, NoOp, NoOp, NoOp, NoOp];260
[Move(W), NoOp, NoOp, NoOp, NoOp, NoOp, NoOp, NoOp];269
[Move(W), NoOp, NoOp, NoOp, NoOp, NoOp, NoOp, NoOp];254
[Move(W), NoOp, NoOp, NoOp, NoOp, NoOp, NoOp, NoOp];266
[Move(W), NoOp, NoOp, NoOp, NoOp, NoOp, NoOp, NoOp];259
[Move(W), NoOp, NoOp, NoOp, NoOp, NoOp, NoOp, NoOp];272
[Move(W), NoOp, NoOp, NoOp, NoOp, NoOp, NoOp, NoOp];265
[Move(W), NoOp, NoOp, NoOp, NoOp, NoOp, NoOp, NoOp];259
[Move(W), NoOp, NoOp, NoOp, NoOp, NoOp, NoOp, NoOp];239
[Move(W), NoOp, NoOp, NoOp, NoOp, NoOp, NoOp, NoOp];276
[Move(W), NoOp, NoOp, NoOp, NoOp, NoOp, NoOp, NoOp];259
[Move(W), NoOp, NoOp, NoOp, NoOp, NoOp, NoOp, NoOp];255
[Move(W), NoOp, NoOp, NoOp, NoOp, NoOp, NoOp, NoOp];255
[Move(W), NoOp, NoOp, NoOp, NoOp, NoOp, NoOp, NoOp];253
[Move(W), NoOp, NoOp, NoOp, NoOp, NoOp, NoOp, NoOp];278
[Move(W), NoOp, NoOp, NoOp, NoOp, NoOp, NoOp, NoOp];308
[Move(W), NoOp, NoOp, NoOp, NoOp, NoOp, NoOp, NoOp];261
[Move(W), NoOp, NoOp, NoOp, NoOp, NoOp, NoOp, NoOp];254
[Move(W), NoOp, NoOp, NoOp, NoOp, NoOp, NoOp, NoOp];253
[Move(W), NoOp, NoOp, NoOp, NoOp, NoOp, NoOp, NoOp];258
[Move(W), NoOp, NoOp, NoOp, NoOp, NoOp, NoOp, NoOp];261
[Move(W), NoOp, NoOp, NoOp, NoOp, NoOp, NoOp, NoOp];260
[Move(W), NoOp, NoOp, NoOp, NoOp, NoOp, NoOp, NoOp];284
[Move(W), NoOp, NoOp, NoOp, NoOp, NoOp, NoOp, NoOp];261
[Move(W), NoOp, NoOp, NoOp, NoOp, NoOp, NoOp, NoOp];248
[Move(W), NoOp, NoOp, NoOp, NoOp, NoOp, NoOp, NoOp];272
[Move(W), NoOp, NoOp, NoOp, NoOp, NoOp, NoOp, NoOp];252
[Move(W), NoOp, NoOp, NoOp, NoOp, NoOp, NoOp, NoOp];273
[Move(W), NoOp, NoOp, NoOp, NoOp, NoOp, NoOp, NoOp];258
[Move(W), NoOp, NoOp, NoOp, NoOp, NoOp, NoOp, NoOp];250
[Move(W), NoOp, NoOp, NoOp, NoOp, NoOp, NoOp, NoOp];266
[Move(W), NoOp, NoOp, NoOp, NoOp, NoOp, NoOp, NoOp];255
[Move(W), NoOp, NoOp, NoOp, NoOp, NoOp, NoOp, NoOp];256
[Move(W), NoOp, NoOp, NoOp, NoOp, NoOp, NoOp, NoOp];266
[Move(W), NoOp, NoOp, NoOp, NoOp, NoOp, NoOp, NoOp];342
[Move(W), NoOp, NoOp, NoOp, NoOp, NoOp, NoOp, NoOp];389
[Move(W), NoOp, NoOp, NoOp, NoOp, NoOp, NoOp, NoOp];368
[Move(W), NoOp, NoOp, NoOp, NoOp, NoOp, NoOp, NoOp];326
[Move(W), NoOp, NoOp, NoOp, NoOp, NoOp, NoOp, NoOp];303
[Move(W), NoOp, NoOp, NoOp, NoOp, NoOp, NoOp, NoOp];308
[Move(W), NoOp, NoOp, NoOp, NoOp, NoOp, NoOp, NoOp];331
[Move(W), NoOp, NoOp, NoOp, NoOp, NoOp, NoOp, NoOp];323
[Move(W), NoOp, NoOp, NoOp, NoOp, NoOp, NoOp, NoOp];299
[Move(W), NoOp, NoOp, NoOp, NoOp, NoOp, NoOp, NoOp];291
[Move(W), NoOp, NoOp, NoOp, NoOp, NoOp, NoOp, NoOp];348
[Move(W), NoOp, NoOp, NoOp, NoOp, NoOp, NoOp, NoOp];280
[Move(W), NoOp, NoOp, NoOp, NoOp, NoOp, NoOp, NoOp];288
[Move(W), NoOp, NoOp, NoOp, NoOp, NoOp, NoOp, NoOp];347
[Move(W), NoOp, NoOp, NoOp, NoOp, NoOp, NoOp, NoOp];305
[Move(W), NoOp, NoOp, NoOp, NoOp, NoOp, NoOp, NoOp];263
[Move(W), NoOp, NoOp, NoOp, NoOp, NoOp, NoOp, NoOp];315
[Move(W), NoOp, NoOp, NoOp, NoOp, NoOp, NoOp, NoOp];303
[Move(W), NoOp, NoOp, NoOp, NoOp, NoOp, NoOp, NoOp];274
[Move(W), NoOp, NoOp, NoOp, NoOp, NoOp, NoOp, NoOp];290
[Move(W), NoOp, NoOp, NoOp, NoOp, NoOp, NoOp, NoOp];323
[Move(W), NoOp, NoOp, NoOp, NoOp, NoOp, NoOp, NoOp];294
[Move(W), NoOp, NoOp, NoOp, NoOp, NoOp, NoOp, NoOp];258
[Move(W), NoOp, NoOp, NoOp, NoOp, NoOp, NoOp, NoOp];298
[Move(W), NoOp, NoOp, NoOp, NoOp, NoOp, NoOp, NoOp];317
[Move(W), NoOp, NoOp, NoOp, NoOp, NoOp, NoOp, NoOp];279
[Move(W), NoOp, NoOp, NoOp, NoOp, NoOp, NoOp, NoOp];323
[Move(W), NoOp, NoOp, NoOp, NoOp, NoOp, NoOp, NoOp];312
[Move(W), NoOp, NoOp, NoOp, NoOp, NoOp, NoOp, NoOp];252
[Move(W), NoOp, NoOp, NoOp, NoOp, NoOp, NoOp, NoOp];271
[Move(W), NoOp, NoOp, NoOp, NoOp, NoOp, NoOp, NoOp];320
[Move(W), NoOp, NoOp, NoOp, NoOp, NoOp, NoOp, NoOp];303
[Move(W), NoOp, NoOp, NoOp, NoOp, NoOp, NoOp, NoOp];269
[Move(W), NoOp, NoOp, NoOp, NoOp, NoOp, NoOp, NoOp];295
[Move(W), NoOp, NoOp, NoOp, NoOp, NoOp, NoOp, NoOp];324
[Move(W), NoOp, NoOp, NoOp, NoOp, NoOp, NoOp, NoOp];255
[Move(W), NoOp, NoOp, NoOp, NoOp, NoOp, NoOp, NoOp];364
[Move(W), NoOp, NoOp, NoOp, NoOp, NoOp, NoOp, NoOp];333
[Move(W), NoOp, NoOp, NoOp, NoOp, NoOp, NoOp, NoOp];316
[Move(W), NoOp, NoOp, NoOp, NoOp, NoOp, NoOp, NoOp];312
[Move(W), NoOp, NoOp, NoOp, NoOp, NoOp, NoOp, NoOp];369
[Move(W), NoOp, NoOp, NoOp, NoOp, NoOp, NoOp, NoOp];295
[Move(W), NoOp, NoOp, NoOp, NoOp, NoOp, NoOp, NoOp];283
[Move(W), NoOp, NoOp, NoOp, NoOp, NoOp, NoOp, NoOp];302
[Move(W), NoOp, NoOp, NoOp, NoOp, NoOp, NoOp, NoOp];281
[Move(W), NoOp, NoOp, NoOp, NoOp, NoOp, NoOp, NoOp];272
[Move(W), NoOp, NoOp, NoOp, NoOp, NoOp, NoOp, NoOp];251
[Move(W), NoOp, NoOp, NoOp, NoOp, NoOp, NoOp, NoOp];248
[Move(W), NoOp, NoOp, NoOp, NoOp, NoOp, NoOp, NoOp];286
[Move(W), NoOp, NoOp, NoOp, NoOp, NoOp, NoOp, NoOp];244
[Move(W), NoOp, NoOp, NoOp, NoOp, NoOp, NoOp, NoOp];244
[Move(W), NoOp, NoOp, NoOp, NoOp, NoOp, NoOp, NoOp];271
[Move(W), NoOp, NoOp, NoOp, NoOp, NoOp, NoOp, NoOp];275
[Move(W), NoOp, NoOp, NoOp, NoOp, NoOp, NoOp, NoOp];252
[Move(W), NoOp, NoOp, NoOp, NoOp, NoOp, NoOp, NoOp];244
[Move(W), NoOp, NoOp, NoOp, NoOp, NoOp, NoOp, NoOp];256
[Move(W), NoOp, NoOp, NoOp, NoOp, NoOp, NoOp, NoOp];264
[Move(W), NoOp, NoOp, NoOp, NoOp, NoOp, NoOp, NoOp];285
[Move(W), NoOp, NoOp, NoOp, NoOp, NoOp, NoOp, NoOp];292
[Move(W), NoOp, NoOp, NoOp, NoOp, NoOp, NoOp, NoOp];319
[Move(W), NoOp, NoOp, NoOp, NoOp, NoOp, NoOp, NoOp];296
[Move(W), NoOp, NoOp, NoOp, NoOp, NoOp, NoOp, NoOp];256
[Move(W), NoOp, NoOp, NoOp, NoOp, NoOp, NoOp, NoOp];270
[Move(W), NoOp, NoOp, NoOp, NoOp, NoOp, NoOp, NoOp];251
[Move(W), NoOp, NoOp, NoOp, NoOp, NoOp, NoOp, NoOp];280
[Move(W), NoOp, NoOp, NoOp, NoOp, NoOp, NoOp, NoOp];252
[Move(W), NoOp, NoOp, NoOp, NoOp, NoOp, NoOp, NoOp];261
[Move(W), NoOp, NoOp, NoOp, NoOp, NoOp, NoOp, NoOp];268
[Move(W), NoOp, NoOp, NoOp, NoOp, NoOp, NoOp, NoOp];249
[Move(W), NoOp, NoOp, NoOp, NoOp, NoOp, NoOp, NoOp];274
[Move(W), NoOp, NoOp, NoOp, NoOp, NoOp, NoOp, NoOp];263
[Move(W), NoOp, NoOp, NoOp, NoOp, NoOp, NoOp, NoOp];256
[Move(W), NoOp, NoOp, NoOp, NoOp, NoOp, NoOp, NoOp];278
[Move(W), NoOp, NoOp, NoOp, NoOp, NoOp, NoOp, NoOp];264
[Move(W), NoOp, NoOp, NoOp, NoOp, NoOp, NoOp, NoOp];282
[Move(W), NoOp, NoOp, NoOp, NoOp, NoOp, NoOp, NoOp];255
[Move(W), NoOp, NoOp, NoOp, NoOp, NoOp, NoOp, NoOp];255
[Move(W), NoOp, NoOp, NoOp, NoOp, NoOp, NoOp, NoOp];268
[Move(W), NoOp, NoOp, NoOp, NoOp, NoOp, NoOp, NoOp];280
[Move(W), NoOp, NoOp, NoOp, NoOp, NoOp, NoOp, NoOp];248
[Move(W), NoOp, NoOp, NoOp, NoOp, NoOp, NoOp, NoOp];267
[Move(W), NoOp, NoOp, NoOp, NoOp, NoOp, NoOp, NoOp];272
[Move(W), NoOp, NoOp, NoOp, NoOp, NoOp, NoOp, NoOp];260
[Move(W), NoOp, NoOp, NoOp, NoOp, NoOp, NoOp, NoOp];255
[Move(W), NoOp, NoOp, NoOp, NoOp, NoOp, NoOp, NoOp];261
[Move(W), NoOp, NoOp, NoOp, NoOp, NoOp, NoOp, NoOp];253
[Move(W), NoOp, NoOp, NoOp, NoOp, NoOp, NoOp, NoOp];263
[Move(W), NoOp, NoOp, NoOp, NoOp, NoOp, NoOp, NoOp];265
[Move(W), NoOp, NoOp, NoOp, NoOp, NoOp, NoOp, NoOp];249
[Move(W), NoOp, NoOp, NoOp, NoOp, NoOp, NoOp, NoOp];259
[Move(W), NoOp, NoOp, NoOp, NoOp, NoOp, NoOp, NoOp];255
[Move(W), NoOp, NoOp, NoOp, NoOp, NoOp, NoOp, NoOp];257
[Move(W), NoOp, NoOp, NoOp, NoOp, NoOp, NoOp, NoOp];264
[Move(W), NoOp, NoOp, NoOp, NoOp, NoOp, NoOp, NoOp];249
[Move(W), NoOp, NoOp, NoOp, NoOp, NoOp, NoOp, NoOp];264
[Move(W), NoOp, NoOp, NoOp, NoOp, NoOp, NoOp, NoOp];262
[Move(W), NoOp, NoOp, NoOp, NoOp, NoOp, NoOp, NoOp];253
[Move(W), NoOp, NoOp, NoOp, NoOp, NoOp, NoOp, NoOp];252
[Move(W), NoOp, NoOp, NoOp, NoOp, NoOp, NoOp, NoOp];276
[Move(W), NoOp, NoOp, NoOp, NoOp, NoOp, NoOp, NoOp];272
[Move(W), NoOp, NoOp, NoOp, NoOp, NoOp, NoOp, NoOp];276
[Move(W), NoOp, NoOp, NoOp, NoOp, NoOp, NoOp, NoOp];270
[Move(W), NoOp, NoOp, NoOp, NoOp, NoOp, NoOp, NoOp];254
[Move(W), NoOp, NoOp, NoOp, NoOp, NoOp, NoOp, NoOp];260
[Move(W), NoOp, NoOp, NoOp, NoOp, NoOp, NoOp, NoOp];274
[Move(W), NoOp, NoOp, NoOp, NoOp, NoOp, NoOp, NoOp];266
[Move(W), NoOp, NoOp, NoOp, NoOp, NoOp, NoOp, NoOp];268
[Move(W), NoOp, NoOp, NoOp, NoOp, NoOp, NoOp, NoOp];275
[Move(W), NoOp, NoOp, NoOp, NoOp, NoOp, NoOp, NoOp];262
[Move(W), NoOp, NoOp, NoOp, NoOp, NoOp, NoOp, NoOp];311
[Move(W), NoOp, NoOp, NoOp, NoOp, NoOp, NoOp, NoOp];273
[Move(W), NoOp, NoOp, NoOp, NoOp, NoOp, NoOp, NoOp];254
[Move(W), NoOp, NoOp, NoOp, NoOp, NoOp, NoOp, NoOp];272
[Move(W), NoOp, NoOp, NoOp, NoOp, NoOp, NoOp, NoOp];274
[Move(W), NoOp, NoOp, NoOp, NoOp, NoOp, NoOp, NoOp];278
[Move(W), NoOp, NoOp, NoOp, NoOp, NoOp, NoOp, NoOp];251
[Move(W), NoOp, NoOp, NoOp, NoOp, NoOp, NoOp, NoOp];279
[Move(W), NoOp, NoOp, NoOp, NoOp, NoOp, NoOp, NoOp];295
[Move(W), NoOp, NoOp, NoOp, NoOp, NoOp, NoOp, NoOp];282
[Move(W), NoOp, NoOp, NoOp, NoOp, NoOp, NoOp, NoOp];306
[Move(W), NoOp, NoOp, NoOp, NoOp, NoOp, NoOp, NoOp];309
[Move(W), NoOp, NoOp, NoOp, NoOp, NoOp, NoOp, NoOp];301
[Move(W), NoOp, NoOp, NoOp, NoOp, NoOp, NoOp, NoOp];259
[Move(W), NoOp, NoOp, NoOp, NoOp, NoOp, NoOp, NoOp];328
[Move(W), NoOp, NoOp, NoOp, NoOp, NoOp, NoOp, NoOp];269
[Move(W), NoOp, NoOp, NoOp, NoOp, NoOp, NoOp, NoOp];278
[Move(W), NoOp, NoOp, NoOp, NoOp, NoOp, NoOp, NoOp];280
[Move(W), NoOp, NoOp, NoOp, NoOp, NoOp, NoOp, NoOp];269
[Move(W), NoOp, NoOp, NoOp, NoOp, NoOp, NoOp, NoOp];272
[Move(W), NoOp, NoOp, NoOp, NoOp, NoOp, NoOp, NoOp];262
[Move(W), NoOp, NoOp, NoOp, NoOp, NoOp, NoOp, NoOp];265
[Move(W), NoOp, NoOp, NoOp, NoOp, NoOp, NoOp, NoOp];291
[Move(W), NoOp, NoOp, NoOp, NoOp, NoOp, NoOp, NoOp];286
[Move(W), NoOp, NoOp, NoOp, NoOp, NoOp, NoOp, NoOp];260
[Move(W), NoOp, NoOp, NoOp, NoOp, NoOp, NoOp, NoOp];280
[Move(W), NoOp, NoOp, NoOp, NoOp, NoOp, NoOp, NoOp];290
[Move(W), NoOp, NoOp, NoOp, NoOp, NoOp, NoOp, NoOp];258
[Move(W), NoOp, NoOp, NoOp, NoOp, NoOp, NoOp, NoOp];266
[Move(W), NoOp, NoOp, NoOp, NoOp, NoOp, NoOp, NoOp];286
[Move(W), NoOp, NoOp, NoOp, NoOp, NoOp, NoOp, NoOp];285
[Move(W), NoOp, NoOp, NoOp, NoOp, NoOp, NoOp, NoOp];285
[Move(W), NoOp, NoOp, NoOp, NoOp, NoOp, NoOp, NoOp];279
[Move(W), NoOp, NoOp, NoOp, NoOp, NoOp, NoOp, NoOp];282
[Move(W), NoOp, NoOp, NoOp, NoOp, NoOp, NoOp, NoOp];292
[Move(W), NoOp, NoOp, NoOp, NoOp, NoOp, NoOp, NoOp];282
[Move(W), NoOp, NoOp, NoOp, NoOp, NoOp, NoOp, NoOp];295
[Move(W), NoOp, NoOp, NoOp, NoOp, NoOp, NoOp, NoOp];281
[Move(W), NoOp, NoOp, NoOp, NoOp, NoOp, NoOp, NoOp];309
[Move(W), NoOp, NoOp, NoOp, NoOp, NoOp, NoOp, NoOp];324
[Move(W), NoOp, NoOp, NoOp, NoOp, NoOp, NoOp, NoOp];315
[Move(W), NoOp, NoOp, NoOp, NoOp, NoOp, NoOp, NoOp];288
[Move(W), NoOp, NoOp, NoOp, NoOp, NoOp, NoOp, NoOp];284
[Move(W), NoOp, NoOp, NoOp, NoOp, NoOp, NoOp, NoOp];284
[Move(W), NoOp, NoOp, NoOp, NoOp, NoOp, NoOp, NoOp];269
[Move(W), NoOp, NoOp, NoOp, NoOp, NoOp, NoOp, NoOp];282
[Move(W), NoOp, NoOp, NoOp, NoOp, NoOp, NoOp, NoOp];289
[Move(W), NoOp, NoOp, NoOp, NoOp, NoOp, NoOp, NoOp];276
[Move(W), NoOp, NoOp, NoOp, NoOp, NoOp, NoOp, NoOp];271
[Move(W), NoOp, NoOp, NoOp, NoOp, NoOp, NoOp, NoOp];367
[Move(W), NoOp, NoOp, NoOp, NoOp, NoOp, NoOp, NoOp];288
[Move(W), NoOp, NoOp, NoOp, NoOp, NoOp, NoOp, NoOp];260
[Move(W), NoOp, NoOp, NoOp, NoOp, NoOp, NoOp, NoOp];278
[Move(W), NoOp, NoOp, NoOp, NoOp, NoOp, NoOp, NoOp];284
[Move(W), NoOp, NoOp, NoOp, NoOp, NoOp, NoOp, NoOp];300
[Move(W), NoOp, NoOp, NoOp, NoOp, NoOp, NoOp, NoOp];275
[Move(W), NoOp, NoOp, NoOp, NoOp, NoOp, NoOp, NoOp];298
[Move(W), NoOp, NoOp, NoOp, NoOp, NoOp, NoOp, NoOp];291
[Move(W), NoOp, NoOp, NoOp, NoOp, NoOp, NoOp, NoOp];295
[Move(W), NoOp, NoOp, NoOp, NoOp, NoOp, NoOp, NoOp];278
[Move(W), NoOp, NoOp, NoOp, NoOp, NoOp, NoOp, NoOp];290
[Move(W), NoOp, NoOp, NoOp, NoOp, NoOp, NoOp, NoOp];291
[Move(W), NoOp, NoOp, NoOp, NoOp, NoOp, NoOp, NoOp];329
[Move(W), NoOp, NoOp, NoOp, NoOp, NoOp, NoOp, NoOp];294
[Move(W), NoOp, NoOp, NoOp, NoOp, NoOp, NoOp, NoOp];269
[Move(W), NoOp, NoOp, NoOp, NoOp, NoOp, NoOp, NoOp];305
[Move(W), NoOp, NoOp, NoOp, NoOp, NoOp, NoOp, NoOp];338
[Move(W), NoOp, NoOp, NoOp, NoOp, NoOp, NoOp, NoOp];301
[Move(W), NoOp, NoOp, NoOp, NoOp, NoOp, NoOp, NoOp];293
[Move(W), NoOp, NoOp, NoOp, NoOp, NoOp, NoOp, NoOp];296
[Move(W), NoOp, NoOp, NoOp, NoOp, NoOp, NoOp, NoOp];284
[Move(W), NoOp, NoOp, NoOp, NoOp, NoOp, NoOp, NoOp];350
[Move(W), NoOp, NoOp, NoOp, NoOp, NoOp, NoOp, NoOp];285
[Move(W), NoOp, NoOp, NoOp, NoOp, NoOp, NoOp, NoOp];279
[Move(W), NoOp, NoOp, NoOp, NoOp, NoOp, NoOp, NoOp];275
[Move(W), NoOp, NoOp, NoOp, NoOp, NoOp, NoOp, NoOp];278
[Move(W), NoOp, NoOp, NoOp, NoOp, NoOp, NoOp, NoOp];280
[Move(W), NoOp, NoOp, NoOp, NoOp, NoOp, NoOp, NoOp];284
[Move(W), NoOp, NoOp, NoOp, NoOp, NoOp, NoOp, NoOp];256
[Move(W), NoOp, NoOp, NoOp, NoOp, NoOp, NoOp, NoOp];273
[Move(W), NoOp, NoOp, NoOp, NoOp, NoOp, NoOp, NoOp];293
[Move(W), NoOp, NoOp, NoOp, NoOp, NoOp, NoOp, NoOp];278
[Move(W), NoOp, NoOp, NoOp, NoOp, NoOp, NoOp, NoOp];275
[Move(W), NoOp, NoOp, NoOp, NoOp, NoOp, NoOp, NoOp];286
[Move(W), NoOp, NoOp, NoOp, NoOp, NoOp, NoOp, NoOp];276
[Move(W), NoOp, NoOp, NoOp, NoOp, NoOp, NoOp, NoOp];283
[Move(W), NoOp, NoOp, NoOp, NoOp, NoOp, NoOp, NoOp];269
[Move(W), NoOp, NoOp, NoOp, NoOp, NoOp, NoOp, NoOp];289
[Move(W), NoOp, NoOp, NoOp, NoOp, NoOp, NoOp, NoOp];265
[Move(W), NoOp, NoOp, NoOp, NoOp, NoOp, NoOp, NoOp];276
[Move(W), NoOp, NoOp, NoOp, NoOp, NoOp, NoOp, NoOp];264
[Move(W), NoOp, NoOp, NoOp, NoOp, NoOp, NoOp, NoOp];273
[Move(W), NoOp, NoOp, NoOp, NoOp, NoOp, NoOp, NoOp];275
[Move(W), NoOp, NoOp, NoOp, NoOp, NoOp, NoOp, NoOp];266
[Move(W), NoOp, NoOp, NoOp, NoOp, NoOp, NoOp, NoOp];282
[Move(W), NoOp, NoOp, NoOp, NoOp, NoOp, NoOp, NoOp];262
[Move(W), NoOp, NoOp, NoOp, NoOp, NoOp, NoOp, NoOp];286
[Move(W), NoOp, NoOp, NoOp, NoOp, NoOp, NoOp, NoOp];281
[Move(W), NoOp, NoOp, NoOp, NoOp, NoOp, NoOp, NoOp];270
[Move(W), NoOp, NoOp, NoOp, NoOp, NoOp, NoOp, NoOp];260
[Move(W), NoOp, NoOp, NoOp, NoOp, NoOp, NoOp, NoOp];261
[Move(W), NoOp, NoOp, NoOp, NoOp, NoOp, NoOp, NoOp];278
[Move(W), NoOp, NoOp, NoOp, NoOp, NoOp, NoOp, NoOp];278
[Move(W), NoOp, NoOp, NoOp, NoOp, NoOp, NoOp, NoOp];268
[Move(W), NoOp, NoOp, NoOp, NoOp, NoOp, NoOp, NoOp];287
[Move(W), NoOp, NoOp, NoOp, NoOp, NoOp, NoOp, NoOp];277
[Move(W), NoOp, NoOp, NoOp, NoOp, NoOp, NoOp, NoOp];279
[Move(W), NoOp, NoOp, NoOp, NoOp, NoOp, NoOp, NoOp];274
[Move(W), NoOp, NoOp, NoOp, NoOp, NoOp, NoOp, NoOp];298
[Move(W), NoOp, NoOp, NoOp, NoOp, NoOp, NoOp, NoOp];274
[Move(W), NoOp, NoOp, NoOp, NoOp, NoOp, NoOp, NoOp];299
[Move(W), NoOp, NoOp, NoOp, NoOp, NoOp, NoOp, NoOp];306
[Move(W), NoOp, NoOp, NoOp, NoOp, NoOp, NoOp, NoOp];284
[Move(W), NoOp, NoOp, NoOp, NoOp, NoOp, NoOp, NoOp];268
[Move(W), NoOp, NoOp, NoOp, NoOp, NoOp, NoOp, NoOp];266
[Move(W), NoOp, NoOp, NoOp, NoOp, NoOp, NoOp, NoOp];286
[Move(W), NoOp, NoOp, NoOp, NoOp, NoOp, NoOp, NoOp];281
[Move(W), NoOp, NoOp, NoOp, NoOp, NoOp, NoOp, NoOp];276
[Move(W), NoOp, NoOp, NoOp, NoOp, NoOp, NoOp, NoOp];268
[Move(W), NoOp, NoOp, NoOp, NoOp, NoOp, NoOp, NoOp];287
[Move(W), NoOp, NoOp, NoOp, NoOp, NoOp, NoOp, NoOp];280
[Move(W), NoOp, NoOp, NoOp, NoOp, NoOp, NoOp, NoOp];283
[Move(W), NoOp, NoOp, NoOp, NoOp, NoOp, NoOp, NoOp];278
[Move(W), NoOp, NoOp, NoOp, NoOp, NoOp, NoOp, NoOp];308
[Move(W), NoOp, NoOp, NoOp, NoOp, NoOp, NoOp, NoOp];284
[Move(W), NoOp, NoOp, NoOp, NoOp, NoOp, NoOp, NoOp];290
[Move(W), NoOp, NoOp, NoOp, NoOp, NoOp, NoOp, NoOp];280
[Move(W), NoOp, NoOp, NoOp, NoOp, NoOp, NoOp, NoOp];301
[Move(W), NoOp, NoOp, NoOp, NoOp, NoOp, NoOp, NoOp];306
[Move(W), NoOp, NoOp, NoOp, NoOp, NoOp, NoOp, NoOp];269
[Move(W), NoOp, NoOp, NoOp, NoOp, NoOp, NoOp, NoOp];300
[Move(W), NoOp, NoOp, NoOp, NoOp, NoOp, NoOp, NoOp];307
[Move(W), NoOp, NoOp, NoOp, NoOp, NoOp, NoOp, NoOp];274
[Move(W), NoOp, NoOp, NoOp, NoOp, NoOp, NoOp, NoOp];295
[Move(W), NoOp, NoOp, NoOp, NoOp, NoOp, NoOp, NoOp];347
[Move(W), NoOp, NoOp, NoOp, NoOp, NoOp, NoOp, NoOp];276
[Move(W), NoOp, NoOp, NoOp, NoOp, NoOp, NoOp, NoOp];269
[Move(W), NoOp, NoOp, NoOp, NoOp, NoOp, NoOp, NoOp];272
[Move(W), NoOp, NoOp, NoOp, NoOp, NoOp, NoOp, NoOp];280
[Move(W), NoOp, NoOp, NoOp, NoOp, NoOp, NoOp, NoOp];283
[Move(W), NoOp, NoOp, NoOp, NoOp, NoOp, NoOp, NoOp];262
[Move(W), NoOp, NoOp, NoOp, NoOp, NoOp, NoOp, NoOp];263
[Move(W), NoOp, NoOp, NoOp, NoOp, NoOp, NoOp, NoOp];288
[Move(W), NoOp, NoOp, NoOp, NoOp, NoOp, NoOp, NoOp];281
[Move(W), NoOp, NoOp, NoOp, NoOp, NoOp, NoOp, NoOp];277
[Move(W), NoOp, NoOp, NoOp, NoOp, NoOp, NoOp, NoOp];314
[Move(W), NoOp, NoOp, NoOp, NoOp, NoOp, NoOp, NoOp];312
[Move(W), NoOp, NoOp, NoOp, NoOp, NoOp, NoOp, NoOp];284
[Move(W), NoOp, NoOp, NoOp, NoOp, NoOp, NoOp, NoOp];282
[Move(W), NoOp, NoOp, NoOp, NoOp, NoOp, NoOp, NoOp];286
[Move(W), NoOp, NoOp, NoOp, NoOp, NoOp, NoOp, NoOp];266
[Move(W), NoOp, NoOp, NoOp, NoOp, NoOp, NoOp, NoOp];292
[Move(W), NoOp, NoOp, NoOp, NoOp, NoOp, NoOp, NoOp];382
[Move(W), NoOp, NoOp, NoOp, NoOp, NoOp, NoOp, NoOp];414
[Move(W), NoOp, NoOp, NoOp, NoOp, NoOp, NoOp, NoOp];317
[Move(W), NoOp, NoOp, NoOp, NoOp, NoOp, NoOp, NoOp];353
[Move(W), NoOp, NoOp, NoOp, NoOp, NoOp, NoOp, NoOp];297
[Move(W), NoOp, NoOp, NoOp, NoOp, NoOp, NoOp, NoOp];302
[Move(W), NoOp, NoOp, NoOp, NoOp, NoOp, NoOp, NoOp];309
[Move(W), NoOp, NoOp, NoOp, NoOp, NoOp, NoOp, NoOp];289
[Move(W), NoOp, NoOp, NoOp, NoOp, NoOp, NoOp, NoOp];291
[Move(W), NoOp, NoOp, NoOp, NoOp, NoOp, NoOp, NoOp];274
[Move(W), NoOp, NoOp, NoOp, NoOp, NoOp, NoOp, NoOp];284
[Move(W), NoOp, NoOp, NoOp, NoOp, NoOp, NoOp, NoOp];293
[Move(W), NoOp, NoOp, NoOp, NoOp, NoOp, NoOp, NoOp];287
[Move(W), NoOp, NoOp, NoOp, NoOp, NoOp, NoOp, NoOp];271
[Move(W), NoOp, NoOp, NoOp, NoOp, NoOp, NoOp, NoOp];277
[Move(W), NoOp, NoOp, NoOp, NoOp, NoOp, NoOp, NoOp];271
[Move(W), NoOp, NoOp, NoOp, NoOp, NoOp, NoOp, NoOp];281
[Move(W), NoOp, NoOp, NoOp, NoOp, NoOp, NoOp, NoOp];283
[Move(W), NoOp, NoOp, NoOp, NoOp, NoOp, NoOp, NoOp];273
[Move(W), NoOp, NoOp, NoOp, NoOp, NoOp, NoOp, NoOp];270
[Move(W), NoOp, NoOp, NoOp, NoOp, NoOp, NoOp, NoOp];281
[Move(W), NoOp, NoOp, NoOp, NoOp, NoOp, NoOp, NoOp];287
[Move(W), NoOp, NoOp, NoOp, NoOp, NoOp, NoOp, NoOp];274
[Move(W), NoOp, NoOp, NoOp, NoOp, NoOp, NoOp, NoOp];287
[Move(W), NoOp, NoOp, NoOp, NoOp, NoOp, NoOp, NoOp];284
[Move(W), NoOp, NoOp, NoOp, NoOp, NoOp, NoOp, NoOp];278
[Move(W), NoOp, NoOp, NoOp, NoOp, NoOp, NoOp, NoOp];287
[Move(W), NoOp, NoOp, NoOp, NoOp, NoOp, NoOp, NoOp];267
[Move(W), NoOp, NoOp, NoOp, NoOp, NoOp, NoOp, NoOp];276
[Move(W), NoOp, NoOp, NoOp, NoOp, NoOp, NoOp, NoOp];273
[Move(W), NoOp, NoOp, NoOp, NoOp, NoOp, NoOp, NoOp];293
[Move(W), NoOp, NoOp, NoOp, NoOp, NoOp, NoOp, NoOp];280
[Move(W), NoOp, NoOp, NoOp, NoOp, NoOp, NoOp, NoOp];273
[Move(W), NoOp, NoOp, NoOp, NoOp, NoOp, NoOp, NoOp];288
[Move(W), NoOp, NoOp, NoOp, NoOp, NoOp, NoOp, NoOp];293
[Move(W), NoOp, NoOp, NoOp, NoOp, NoOp, NoOp, NoOp];273
[Move(W), NoOp, NoOp, NoOp, NoOp, NoOp, NoOp, NoOp];303
[Move(W), NoOp, NoOp, NoOp, NoOp, NoOp, NoOp, NoOp];298
[Move(W), NoOp, NoOp, NoOp, NoOp, NoOp, NoOp, NoOp];294
[Move(W), NoOp, NoOp, NoOp, NoOp, NoOp, NoOp, NoOp];280
[Move(W), NoOp, NoOp, NoOp, NoOp, NoOp, NoOp, NoOp];266
[Move(W), NoOp, NoOp, NoOp, NoOp, NoOp, NoOp, NoOp];271
[Move(W), NoOp, NoOp, NoOp, NoOp, NoOp, NoOp, NoOp];268
[Move(W), NoOp, NoOp, NoOp, NoOp, NoOp, NoOp, NoOp];279
[Move(W), NoOp, NoOp, NoOp, NoOp, NoOp, NoOp, NoOp];288
[Move(W), NoOp, NoOp, NoOp, NoOp, NoOp, NoOp, NoOp];299
[Move(W), NoOp, NoOp, NoOp, NoOp, NoOp, NoOp, NoOp];289
[Move(W), NoOp, NoOp, NoOp, NoOp, NoOp, NoOp, NoOp];286
[Move(W), NoOp, NoOp, NoOp, NoOp, NoOp, NoOp, NoOp];287
[Move(W), NoOp, NoOp, NoOp, NoOp, NoOp, NoOp, NoOp];264
[Move(W), NoOp, NoOp, NoOp, NoOp, NoOp, NoOp, NoOp];289
[Move(W), NoOp, NoOp, NoOp, NoOp, NoOp, NoOp, NoOp];292
[Move(W), NoOp, NoOp, NoOp, NoOp, NoOp, NoOp, NoOp];271
[Move(W), NoOp, NoOp, NoOp, NoOp, NoOp, NoOp, NoOp];288
[Move(W), NoOp, NoOp, NoOp, NoOp, NoOp, NoOp, NoOp];277
[Move(W), NoOp, NoOp, NoOp, NoOp, NoOp, NoOp, NoOp];360
[Move(W), NoOp, NoOp, NoOp, NoOp, NoOp, NoOp, NoOp];378
[Move(W), NoOp, NoOp, NoOp, NoOp, NoOp, NoOp, NoOp];397
[Move(W), NoOp, NoOp, NoOp, NoOp, NoOp, NoOp, NoOp];343
[Move(W), NoOp, NoOp, NoOp, NoOp, NoOp, NoOp, NoOp];304
[Move(W), NoOp, NoOp, NoOp, NoOp, NoOp, NoOp, NoOp];345
[Move(W), NoOp, NoOp, NoOp, NoOp, NoOp, NoOp, NoOp];314
[Move(W), NoOp, NoOp, NoOp, NoOp, NoOp, NoOp, NoOp];291
[Move(W), NoOp, NoOp, NoOp, NoOp, NoOp, NoOp, NoOp];308
[Move(W), NoOp, NoOp, NoOp, NoOp, NoOp, NoOp, NoOp];279
[Move(W), NoOp, NoOp, NoOp, NoOp, NoOp, NoOp, NoOp];295
[Move(W), NoOp, NoOp, NoOp, NoOp, NoOp, NoOp, NoOp];288
[Move(W), NoOp, NoOp, NoOp, NoOp, NoOp, NoOp, NoOp];343
[Move(W), NoOp, NoOp, NoOp, NoOp, NoOp, NoOp, NoOp];329
[Move(W), NoOp, NoOp, NoOp, NoOp, NoOp, NoOp, NoOp];340
[Move(W), NoOp, NoOp, NoOp, NoOp, NoOp, NoOp, NoOp];338
[Move(W), NoOp, NoOp, NoOp, NoOp, NoOp, NoOp, NoOp];311
[Move(W), NoOp, NoOp, NoOp, NoOp, NoOp, NoOp, NoOp];326
[Move(W), NoOp, NoOp, NoOp, NoOp, NoOp, NoOp, NoOp];328
[Move(W), NoOp, NoOp, NoOp, NoOp, NoOp, NoOp, NoOp];394
[Move(W), NoOp, NoOp, NoOp, NoOp, NoOp, NoOp, NoOp];302
[Move(W), NoOp, NoOp, NoOp, NoOp, NoOp, NoOp, NoOp];334
[Move(W), NoOp, NoOp, NoOp, NoOp, NoOp, NoOp, NoOp];349
[Move(W), NoOp, NoOp, NoOp, NoOp, NoOp, NoOp, NoOp];336
[Move(W), NoOp, NoOp, NoOp, NoOp, NoOp, NoOp, NoOp];340
[Move(W), NoOp, NoOp, NoOp, NoOp, NoOp, NoOp, NoOp];360
[Move(W), NoOp, NoOp, NoOp, NoOp, NoOp, NoOp, NoOp];321
[Move(W), NoOp, NoOp, NoOp, NoOp, NoOp, NoOp, NoOp];320
[Move(W), NoOp, NoOp, NoOp, NoOp, NoOp, NoOp, NoOp];334
[Move(W), NoOp, NoOp, NoOp, NoOp, NoOp, NoOp, NoOp];332
[Move(W), NoOp, NoOp, NoOp, NoOp, NoOp, NoOp, NoOp];313
[Move(W), NoOp, NoOp, NoOp, NoOp, NoOp, NoOp, NoOp];342
[Move(W), NoOp, NoOp, NoOp, NoOp, NoOp, NoOp, NoOp];326
[Move(W), NoOp, NoOp, NoOp, NoOp, NoOp, NoOp, NoOp];310
[Move(W), NoOp, NoOp, NoOp, NoOp, NoOp, NoOp, NoOp];332
[Move(W), NoOp, NoOp, NoOp, NoOp, NoOp, NoOp, NoOp];312
[Move(W), NoOp, NoOp, NoOp, NoOp, NoOp, NoOp, NoOp];325
[Move(W), NoOp, NoOp, NoOp, NoOp, NoOp, NoOp, NoOp];344
[Move(W), NoOp, NoOp, NoOp, NoOp, NoOp, NoOp, NoOp];345
[Move(W), NoOp, NoOp, NoOp, NoOp, NoOp, NoOp, NoOp];302
[Move(W), NoOp, NoOp, NoOp, NoOp, NoOp, NoOp, NoOp];333
[Move(W), NoOp, NoOp, NoOp, NoOp, NoOp, NoOp, NoOp];337
[Move(W), NoOp, NoOp, NoOp, NoOp, NoOp, NoOp, NoOp];331
[Move(W), NoOp, NoOp, NoOp, NoOp, NoOp, NoOp, NoOp];335
[Move(W), NoOp, NoOp, NoOp, NoOp, NoOp, NoOp, NoOp];339
[Move(W), NoOp, NoOp, NoOp, NoOp, NoOp, NoOp, NoOp];344
[Move(W), NoOp, NoOp, NoOp, NoOp, NoOp, NoOp, NoOp];315
[Move(W), NoOp, NoOp, NoOp, NoOp, NoOp, NoOp, NoOp];291
[Move(W), NoOp, NoOp, NoOp, NoOp, NoOp, NoOp, NoOp];295
[Move(W), NoOp, NoOp, NoOp, NoOp, NoOp, NoOp, NoOp];293
[Move(W), NoOp, NoOp, NoOp, NoOp, NoOp, NoOp, NoOp];288
[Move(W), NoOp, NoOp, NoOp, NoOp, NoOp, NoOp, NoOp];350
[Move(W), NoOp, NoOp, NoOp, NoOp, NoOp, NoOp, NoOp];292
[Move(W), NoOp, NoOp, NoOp, NoOp, NoOp, NoOp, NoOp];300
[Move(W), NoOp, NoOp, NoOp, NoOp, NoOp, NoOp, NoOp];307
[Move(W), NoOp, NoOp, NoOp, NoOp, NoOp, NoOp, NoOp];400
[Move(W), NoOp, NoOp, NoOp, NoOp, NoOp, NoOp, NoOp];321
[Move(W), NoOp, NoOp, NoOp, NoOp, NoOp, NoOp, NoOp];309
[Move(W), NoOp, NoOp, NoOp, NoOp, NoOp, NoOp, NoOp];300
[Move(W), NoOp, NoOp, NoOp, NoOp, NoOp, NoOp, NoOp];317
[Move(W), NoOp, NoOp, NoOp, NoOp, NoOp, NoOp, NoOp];400
[Move(W), NoOp, NoOp, NoOp, NoOp, NoOp, NoOp, NoOp];305
[Move(W), NoOp, NoOp, NoOp, NoOp, NoOp, NoOp, NoOp];304
[Move(W), NoOp, NoOp, NoOp, NoOp, NoOp, NoOp, NoOp];304
[Move(W), NoOp, NoOp, NoOp, NoOp, NoOp, NoOp, NoOp];308
[Move(W), NoOp, NoOp, NoOp, NoOp, NoOp, NoOp, NoOp];294
[Move(W), NoOp, NoOp, NoOp, NoOp, NoOp, NoOp, NoOp];282
[Move(W), NoOp, NoOp, NoOp, NoOp, NoOp, NoOp, NoOp];290
[Move(W), NoOp, NoOp, NoOp, NoOp, NoOp, NoOp, NoOp];275
[Move(W), NoOp, NoOp, NoOp, NoOp, NoOp, NoOp, NoOp];289
[Move(W), NoOp, NoOp, NoOp, NoOp, NoOp, NoOp, NoOp];336
[Move(W), NoOp, NoOp, NoOp, NoOp, NoOp, NoOp, NoOp];436
[Move(W), NoOp, NoOp, NoOp, NoOp, NoOp, NoOp, NoOp];390
[Move(W), NoOp, NoOp, NoOp, NoOp, NoOp, NoOp, NoOp];330
[Move(W), NoOp, NoOp, NoOp, NoOp, NoOp, NoOp, NoOp];276
[Move(W), NoOp, NoOp, NoOp, NoOp, NoOp, NoOp, NoOp];277
[Move(W), NoOp, NoOp, NoOp, NoOp, NoOp, NoOp, NoOp];289
[Move(W), NoOp, NoOp, NoOp, NoOp, NoOp, NoOp, NoOp];409
[Move(W), NoOp, NoOp, NoOp, NoOp, NoOp, NoOp, NoOp];381
[Move(W), NoOp, NoOp, NoOp, NoOp, NoOp, NoOp, NoOp];389
[Move(W), NoOp, NoOp, NoOp, NoOp, NoOp, NoOp, NoOp];349
[Move(W), NoOp, NoOp, NoOp, NoOp, NoOp, NoOp, NoOp];349
[Move(W), NoOp, NoOp, NoOp, NoOp, NoOp, NoOp, NoOp];289
[Move(W), NoOp, NoOp, NoOp, NoOp, NoOp, NoOp, NoOp];297
[Move(W), NoOp, NoOp, NoOp, NoOp, NoOp, NoOp, NoOp];272
[Move(W), NoOp, NoOp, NoOp, NoOp, NoOp, NoOp, NoOp];290
[Move(W), NoOp, NoOp, NoOp, NoOp, NoOp, NoOp, NoOp];296
[Move(W), NoOp, NoOp, NoOp, NoOp, NoOp, NoOp, NoOp];301
[Move(W), NoOp, NoOp, NoOp, NoOp, NoOp, NoOp, NoOp];284
[Move(W), NoOp, NoOp, NoOp, NoOp, NoOp, NoOp, NoOp];299
[Move(W), NoOp, NoOp, NoOp, NoOp, NoOp, NoOp, NoOp];311
[Move(W), NoOp, NoOp, NoOp, NoOp, NoOp, NoOp, NoOp];283
[Move(W), NoOp, NoOp, NoOp, NoOp, NoOp, NoOp, NoOp];284
[Move(W), NoOp, NoOp, NoOp, NoOp, NoOp, NoOp, NoOp];311
[Move(W), NoOp, NoOp, NoOp, NoOp, NoOp, NoOp, NoOp];296
[Move(W), NoOp, NoOp, NoOp, NoOp, NoOp, NoOp, NoOp];289
[Move(W), NoOp, NoOp, NoOp, NoOp, NoOp, NoOp, NoOp];304
[Move(W), NoOp, NoOp, NoOp, NoOp, NoOp, NoOp, NoOp];304
[Move(W), NoOp, NoOp, NoOp, NoOp, NoOp, NoOp, NoOp];311
[Move(W), NoOp, NoOp, NoOp, NoOp, NoOp, NoOp, NoOp];283
[Move(W), NoOp, NoOp, NoOp, NoOp, NoOp, NoOp, NoOp];275
[Move(W), NoOp, NoOp, NoOp, NoOp, NoOp, NoOp, NoOp];280
[Move(W), NoOp, NoOp, NoOp, NoOp, NoOp, NoOp, NoOp];285
[Move(W), NoOp, NoOp, NoOp, NoOp, NoOp, NoOp, NoOp];326
[Move(W), NoOp, NoOp, NoOp, NoOp, NoOp, NoOp, NoOp];289
[Move(W), NoOp, NoOp, NoOp, NoOp, NoOp, NoOp, NoOp];297
[Move(W), NoOp, NoOp, NoOp, NoOp, NoOp, NoOp, NoOp];298
[Move(W), NoOp, NoOp, NoOp, NoOp, NoOp, NoOp, NoOp];282
[Move(W), NoOp, NoOp, NoOp, NoOp, NoOp, NoOp, NoOp];283
[Move(W), NoOp, NoOp, NoOp, NoOp, NoOp, NoOp, NoOp];302
[Move(W), NoOp, NoOp, NoOp, NoOp, NoOp, NoOp, NoOp];295
[Move(W), NoOp, NoOp, NoOp, NoOp, NoOp, NoOp, NoOp];294
[Move(W), NoOp, NoOp, NoOp, NoOp, NoOp, NoOp, NoOp];305
[Move(W), NoOp, NoOp, NoOp, NoOp, NoOp, NoOp, NoOp];302
[Move(W), NoOp, NoOp, NoOp, NoOp, NoOp, NoOp, NoOp];297
[Move(W), NoOp, NoOp, NoOp, NoOp, NoOp, NoOp, NoOp];279
[Move(W), NoOp, NoOp, NoOp, NoOp, NoOp, NoOp, NoOp];298
[Move(W), NoOp, NoOp, NoOp, NoOp, NoOp, NoOp, NoOp];280
[Move(W), NoOp, NoOp, NoOp, NoOp, NoOp, NoOp, NoOp];321
[Move(W), NoOp, NoOp, NoOp, NoOp, NoOp, NoOp, NoOp];277
[Move(W), NoOp, NoOp, NoOp, NoOp, NoOp, NoOp, NoOp];308
[Move(W), NoOp, NoOp, NoOp, NoOp, NoOp, NoOp, NoOp];276
[Move(W), NoOp, NoOp, NoOp, NoOp, NoOp, NoOp, NoOp];295
[Move(W), NoOp, NoOp, NoOp, NoOp, NoOp, NoOp, NoOp];280
[Move(W), NoOp, NoOp, NoOp, NoOp, NoOp, NoOp, NoOp];304
[Move(W), NoOp, NoOp, NoOp, NoOp, NoOp, NoOp, NoOp];300
[Move(W), NoOp, NoOp, NoOp, NoOp, NoOp, NoOp, NoOp];274
[Move(W), NoOp, NoOp, NoOp, NoOp, NoOp, NoOp, NoOp];288
[Move(W), NoOp, NoOp, NoOp, NoOp, NoOp, NoOp, NoOp];285
[Move(W), NoOp, NoOp, NoOp, NoOp, NoOp, NoOp, NoOp];317
[Move(W), NoOp, NoOp, NoOp, NoOp, NoOp, NoOp, NoOp];319
[Move(W), NoOp, NoOp, NoOp, NoOp, NoOp, NoOp, NoOp];281
[Move(W), NoOp, NoOp, NoOp, NoOp, NoOp, NoOp, NoOp];276
[Move(W), NoOp, NoOp, NoOp, NoOp, NoOp, NoOp, NoOp];302
[Move(W), NoOp, NoOp, NoOp, NoOp, NoOp, NoOp, NoOp];297
[Move(W), NoOp, NoOp, NoOp, NoOp, NoOp, NoOp, NoOp];284
[Move(W), NoOp, NoOp, NoOp, NoOp, NoOp, NoOp, NoOp];283
[Move(W), NoOp, NoOp, NoOp, NoOp, NoOp, NoOp, NoOp];277
[Move(W), NoOp, NoOp, NoOp, NoOp, NoOp, NoOp, NoOp];278
[Move(W), NoOp, NoOp, NoOp, NoOp, NoOp, NoOp, NoOp];271
[Move(W), NoOp, NoOp, NoOp, NoOp, NoOp, NoOp, NoOp];284
[Move(W), NoOp, NoOp, NoOp, NoOp, NoOp, NoOp, NoOp];295
[Move(W), NoOp, NoOp, NoOp, NoOp, NoOp, NoOp, NoOp];264
[Move(W), NoOp, NoOp, NoOp, NoOp, NoOp, NoOp, NoOp];285
[Move(W), NoOp, NoOp, NoOp, NoOp, NoOp, NoOp, NoOp];271
[Move(W), NoOp, NoOp, NoOp, NoOp, NoOp, NoOp, NoOp];288
[Move(W), NoOp, NoOp, NoOp, NoOp, NoOp, NoOp, NoOp];263
[Move(W), NoOp, NoOp, NoOp, NoOp, NoOp, NoOp, NoOp];285
[Move(W), NoOp, NoOp, NoOp, NoOp, NoOp, NoOp, NoOp];277
[Move(W), NoOp, NoOp, NoOp, NoOp, NoOp, NoOp, NoOp];302
[Move(W), NoOp, NoOp, NoOp, NoOp, NoOp, NoOp, NoOp];308
[Move(W), NoOp, NoOp, NoOp, NoOp, NoOp, NoOp, NoOp];278
[Move(W), NoOp, NoOp, NoOp, NoOp, NoOp, NoOp, NoOp];283
[Move(W), NoOp, NoOp, NoOp, NoOp, NoOp, NoOp, NoOp];273
[Move(W), NoOp, NoOp, NoOp, NoOp, NoOp, NoOp, NoOp];282
[Move(W), NoOp, NoOp, NoOp, NoOp, NoOp, NoOp, NoOp];287
[Move(W), NoOp, NoOp, NoOp, NoOp, NoOp, NoOp, NoOp];276
[Move(W), NoOp, NoOp, NoOp, NoOp, NoOp, NoOp, NoOp];307
[Move(W), NoOp, NoOp, NoOp, NoOp, NoOp, NoOp, NoOp];284
[Move(W), NoOp, NoOp, NoOp, NoOp, NoOp, NoOp, NoOp];279
[Move(W), NoOp, NoOp, NoOp, NoOp, NoOp, NoOp, NoOp];276
[Move(W), NoOp, NoOp, NoOp, NoOp, NoOp, NoOp, NoOp];272
[Move(W), NoOp, NoOp, NoOp, NoOp, NoOp, NoOp, NoOp];273
[Move(W), NoOp, NoOp, NoOp, NoOp, NoOp, NoOp, NoOp];277
[Move(W), NoOp, NoOp, NoOp, NoOp, NoOp, NoOp, NoOp];277
[Move(W), NoOp, NoOp, NoOp, NoOp, NoOp, NoOp, NoOp];290
[Move(W), NoOp, NoOp, NoOp, NoOp, NoOp, NoOp, NoOp];309
[Move(W), NoOp, NoOp, NoOp, NoOp, NoOp, NoOp, NoOp];303
[Move(W), NoOp, NoOp, NoOp, NoOp, NoOp, NoOp, NoOp];282
[Move(W), NoOp, NoOp, NoOp, NoOp, NoOp, NoOp, NoOp];327
[Move(W), NoOp, NoOp, NoOp, NoOp, NoOp, NoOp, NoOp];292
[Move(W), NoOp, NoOp, NoOp, NoOp, NoOp, NoOp, NoOp];285
[Move(W), NoOp, NoOp, NoOp, NoOp, NoOp, NoOp, NoOp];270
[Move(W), NoOp, NoOp, NoOp, NoOp, NoOp, NoOp, NoOp];293
[Move(W), NoOp, NoOp, NoOp, NoOp, NoOp, NoOp, NoOp];291
[Move(W), NoOp, NoOp, NoOp, NoOp, NoOp, NoOp, NoOp];282
[Move(W), NoOp, NoOp, NoOp, NoOp, NoOp, NoOp, NoOp];272
[Move(W), NoOp, NoOp, NoOp, NoOp, NoOp, NoOp, NoOp];315
[Move(W), NoOp, NoOp, NoOp, NoOp, NoOp, NoOp, NoOp];324
[Move(W), NoOp, NoOp, NoOp, NoOp, NoOp, NoOp, NoOp];282
[Move(W), NoOp, NoOp, NoOp, NoOp, NoOp, NoOp, NoOp];259
[Move(W), NoOp, NoOp, NoOp, NoOp, NoOp, NoOp, NoOp];266
[Move(W), NoOp, NoOp, NoOp, NoOp, NoOp, NoOp, NoOp];294
[Move(W), NoOp, NoOp, NoOp, NoOp, NoOp, NoOp, NoOp];277
[Move(W), NoOp, NoOp, NoOp, NoOp, NoOp, NoOp, NoOp];264
[Move(W), NoOp, NoOp, NoOp, NoOp, NoOp, NoOp, NoOp];297
[Move(W), NoOp, NoOp, NoOp, NoOp, NoOp, NoOp, NoOp];268
[Move(W), NoOp, NoOp, NoOp, NoOp, NoOp, NoOp, NoOp];292
[Move(W), NoOp, NoOp, NoOp, NoOp, NoOp, NoOp, NoOp];303
[Move(W), NoOp, NoOp, NoOp, NoOp, NoOp, NoOp, NoOp];303
[Move(W), NoOp, NoOp, NoOp, NoOp, NoOp, NoOp, NoOp];271
[Move(W), NoOp, NoOp, NoOp, NoOp, NoOp, NoOp, NoOp];289
[Move(W), NoOp, NoOp, NoOp, NoOp, NoOp, NoOp, NoOp];280
[Move(W), NoOp, NoOp, NoOp, NoOp, NoOp, NoOp, NoOp];298
[Move(W), NoOp, NoOp, NoOp, NoOp, NoOp, NoOp, NoOp];271
[Move(W), NoOp, NoOp, NoOp, NoOp, NoOp, NoOp, NoOp];280
[Move(W), NoOp, NoOp, NoOp, NoOp, NoOp, NoOp, NoOp];290
[Move(W), NoOp, NoOp, NoOp, NoOp, NoOp, NoOp, NoOp];280
[Move(W), NoOp, NoOp, NoOp, NoOp, NoOp, NoOp, NoOp];262
[Move(W), NoOp, NoOp, NoOp, NoOp, NoOp, NoOp, NoOp];303
[Move(W), NoOp, NoOp, NoOp, NoOp, NoOp, NoOp, NoOp];285
[Move(W), NoOp, NoOp, NoOp, NoOp, NoOp, NoOp, NoOp];276
[Move(W), NoOp, NoOp, NoOp, NoOp, NoOp, NoOp, NoOp];274
[Move(W), NoOp, NoOp, NoOp, NoOp, NoOp, NoOp, NoOp];289
[Move(W), NoOp, NoOp, NoOp, NoOp, NoOp, NoOp, NoOp];294
[Move(W), NoOp, NoOp, NoOp, NoOp, NoOp, NoOp, NoOp];274
[Move(W), NoOp, NoOp, NoOp, NoOp, NoOp, NoOp, NoOp];298
[Move(W), NoOp, NoOp, NoOp, NoOp, NoOp, NoOp, NoOp];293
[Move(W), NoOp, NoOp, NoOp, NoOp, NoOp, NoOp, NoOp];310
[Move(W), NoOp, NoOp, NoOp, NoOp, NoOp, NoOp, NoOp];299
[Move(W), NoOp, NoOp, NoOp, NoOp, NoOp, NoOp, NoOp];293
[Move(W), NoOp, NoOp, NoOp, NoOp, NoOp, NoOp, NoOp];277
[Move(W), NoOp, NoOp, NoOp, NoOp, NoOp, NoOp, NoOp];298
[Move(W), NoOp, NoOp, NoOp, NoOp, NoOp, NoOp, NoOp];285
[Move(W), NoOp, NoOp, NoOp, NoOp, NoOp, NoOp, NoOp];297
[Move(W), NoOp, NoOp, NoOp, NoOp, NoOp, NoOp, NoOp];276
[Move(W), NoOp, NoOp, NoOp, NoOp, NoOp, NoOp, NoOp];276
[Move(W), NoOp, NoOp, NoOp, NoOp, NoOp, NoOp, NoOp];282
[Move(W), NoOp, NoOp, NoOp, NoOp, NoOp, NoOp, NoOp];290
[Move(W), NoOp, NoOp, NoOp, NoOp, NoOp, NoOp, NoOp];281
[Move(W), NoOp, NoOp, NoOp, NoOp, NoOp, NoOp, NoOp];268
[Move(W), NoOp, NoOp, NoOp, NoOp, NoOp, NoOp, NoOp];285
[Move(W), NoOp, NoOp, NoOp, NoOp, NoOp, NoOp, NoOp];305
[Move(W), NoOp, NoOp, NoOp, NoOp, NoOp, NoOp, NoOp];278
[Move(W), NoOp, NoOp, NoOp, NoOp, NoOp, NoOp, NoOp];289
[Move(W), NoOp, NoOp, NoOp, NoOp, NoOp, NoOp, NoOp];302
[Move(W), NoOp, NoOp, NoOp, NoOp, NoOp, NoOp, NoOp];283
[Move(W), NoOp, NoOp, NoOp, NoOp, NoOp, NoOp, NoOp];294
[Move(W), NoOp, NoOp, NoOp, NoOp, NoOp, NoOp, NoOp];300
[Move(W), NoOp, NoOp, NoOp, NoOp, NoOp, NoOp, NoOp];285
[Move(W), NoOp, NoOp, NoOp, NoOp, NoOp, NoOp, NoOp];291
[Move(W), NoOp, NoOp, NoOp, NoOp, NoOp, NoOp, NoOp];308
[Move(W), NoOp, NoOp, NoOp, NoOp, NoOp, NoOp, NoOp];296
[Move(W), NoOp, NoOp, NoOp, NoOp, NoOp, NoOp, NoOp];305
[Move(W), NoOp, NoOp, NoOp, NoOp, NoOp, NoOp, NoOp];307
[Move(W), NoOp, NoOp, NoOp, NoOp, NoOp, NoOp, NoOp];274
[Move(W), NoOp, NoOp, NoOp, NoOp, NoOp, NoOp, NoOp];295
[Move(W), NoOp, NoOp, NoOp, NoOp, NoOp, NoOp, NoOp];272
[Move(W), NoOp, NoOp, NoOp, NoOp, NoOp, NoOp, NoOp];279
[Move(W), NoOp, NoOp, NoOp, NoOp, NoOp, NoOp, NoOp];304
[Move(W), NoOp, NoOp, NoOp, NoOp, NoOp, NoOp, NoOp];274
[Move(W), NoOp, NoOp, NoOp, NoOp, NoOp, NoOp, NoOp];293
[Move(W), NoOp, NoOp, NoOp, NoOp, NoOp, NoOp, NoOp];301
[Move(W), NoOp, NoOp, NoOp, NoOp, NoOp, NoOp, NoOp];271
[Move(W), NoOp, NoOp, NoOp, NoOp, NoOp, NoOp, NoOp];280
[Move(W), NoOp, NoOp, NoOp, NoOp, NoOp, NoOp, NoOp];290
[Move(W), NoOp, NoOp, NoOp, NoOp, NoOp, NoOp, NoOp];272
[Move(W), NoOp, NoOp, NoOp, NoOp, NoOp, NoOp, NoOp];302
[Move(W), NoOp, NoOp, NoOp, NoOp, NoOp, NoOp, NoOp];283
[Move(W), NoOp, NoOp, NoOp, NoOp, NoOp, NoOp, NoOp];283
[Move(W), NoOp, NoOp, NoOp, NoOp, NoOp, NoOp, NoOp];285
[Move(W), NoOp, NoOp, NoOp, NoOp, NoOp, NoOp, NoOp];286
[Move(W), NoOp, NoOp, NoOp, NoOp, NoOp, NoOp, NoOp];278
[Move(W), NoOp, NoOp, NoOp, NoOp, NoOp, NoOp, NoOp];267
[Move(W), NoOp, NoOp, NoOp, NoOp, NoOp, NoOp, NoOp];276
[Move(W), NoOp, NoOp, NoOp, NoOp, NoOp, NoOp, NoOp];280
[Move(W), NoOp, NoOp, NoOp, NoOp, NoOp, NoOp, NoOp];276
[Move(W), NoOp, NoOp, NoOp, NoOp, NoOp, NoOp, NoOp];279
[Move(W), NoOp, NoOp, NoOp, NoOp, NoOp, NoOp, NoOp];292
[Move(W), NoOp, NoOp, NoOp, NoOp, NoOp, NoOp, NoOp];283
[Move(W), NoOp, NoOp, NoOp, NoOp, NoOp, NoOp, NoOp];292
[Move(W), NoOp, NoOp, NoOp, NoOp, NoOp, NoOp, NoOp];283
[Move(W), NoOp, NoOp, NoOp, NoOp, NoOp, NoOp, NoOp];333
[Move(W), NoOp, NoOp, NoOp, NoOp, NoOp, NoOp, NoOp];290
[Move(W), NoOp, NoOp, NoOp, NoOp, NoOp, NoOp, NoOp];270
[Move(W), NoOp, NoOp, NoOp, NoOp, NoOp, NoOp, NoOp];287
[Move(W), NoOp, NoOp, NoOp, NoOp, NoOp, NoOp, NoOp];291
[Move(W), NoOp, NoOp, NoOp, NoOp, NoOp, NoOp, NoOp];305
[Move(W), NoOp, NoOp, NoOp, NoOp, NoOp, NoOp, NoOp];263
[Move(W), NoOp, NoOp, NoOp, NoOp, NoOp, NoOp, NoOp];314
[Move(W), NoOp, NoOp, NoOp, NoOp, NoOp, NoOp, NoOp];300
[Move(W), NoOp, NoOp, NoOp, NoOp, NoOp, NoOp, NoOp];266
[Move(W), NoOp, NoOp, NoOp, NoOp, NoOp, NoOp, NoOp];308
[Move(W), NoOp, NoOp, NoOp, NoOp, NoOp, NoOp, NoOp];293
[Move(W), NoOp, NoOp, NoOp, NoOp, NoOp, NoOp, NoOp];271
[Move(W), NoOp, NoOp, NoOp, NoOp, NoOp, NoOp, NoOp];285
[Move(W), NoOp, NoOp, NoOp, NoOp, NoOp, NoOp, NoOp];299
[Move(W), NoOp, NoOp, NoOp, NoOp, NoOp, NoOp, NoOp];284
[Move(W), NoOp, NoOp, NoOp, NoOp, NoOp, NoOp, NoOp];267
[Move(W), NoOp, NoOp, NoOp, NoOp, NoOp, NoOp, NoOp];282
[Move(W), NoOp, NoOp, NoOp, NoOp, NoOp, NoOp, NoOp];289
[Move(W), NoOp, NoOp, NoOp, NoOp, NoOp, NoOp, NoOp];283
[Move(W), NoOp, NoOp, NoOp, NoOp, NoOp, NoOp, NoOp];291
[Move(W), NoOp, NoOp, NoOp, NoOp, NoOp, NoOp, NoOp];271
[Move(W), NoOp, NoOp, NoOp, NoOp, NoOp, NoOp, NoOp];284
[Move(W), NoOp, NoOp, NoOp, NoOp, NoOp, NoOp, NoOp];281
[Move(W), NoOp, NoOp, NoOp, NoOp, NoOp, NoOp, NoOp];303
[Move(W), NoOp, NoOp, NoOp, NoOp, NoOp, NoOp, NoOp];291
[Move(W), NoOp, NoOp, NoOp, NoOp, NoOp, NoOp, NoOp];273
[Move(W), NoOp, NoOp, NoOp, NoOp, NoOp, NoOp, NoOp];275
[Move(W), NoOp, NoOp, NoOp, NoOp, NoOp, NoOp, NoOp];279
[Move(W), NoOp, NoOp, NoOp, NoOp, NoOp, NoOp, NoOp];284
[Move(W), NoOp, NoOp, NoOp, NoOp, NoOp, NoOp, NoOp];267
[Move(W), NoOp, NoOp, NoOp, NoOp, NoOp, NoOp, NoOp];284
[Move(W), NoOp, NoOp, NoOp, NoOp, NoOp, NoOp, NoOp];268
[Move(W), NoOp, NoOp, NoOp, NoOp, NoOp, NoOp, NoOp];289
[Move(W), NoOp, NoOp, NoOp, NoOp, NoOp, NoOp, NoOp];304
[Move(W), NoOp, NoOp, NoOp, NoOp, NoOp, NoOp, NoOp];337
[Move(W), NoOp, NoOp, NoOp, NoOp, NoOp, NoOp, NoOp];284
[Move(W), NoOp, NoOp, NoOp, NoOp, NoOp, NoOp, NoOp];290
[Move(W), NoOp, NoOp, NoOp, NoOp, NoOp, NoOp, NoOp];284
[Move(W), NoOp, NoOp, NoOp, NoOp, NoOp, NoOp, NoOp];295
[Move(W), NoOp, NoOp, NoOp, NoOp, NoOp, NoOp, NoOp];265
[Move(W), NoOp, NoOp, NoOp, NoOp, NoOp, NoOp, NoOp];278
[Move(W), NoOp, NoOp, NoOp, NoOp, NoOp, NoOp, NoOp];294
[Move(W), NoOp, NoOp, NoOp, NoOp, NoOp, NoOp, NoOp];281
[Move(W), NoOp, NoOp, NoOp, NoOp, NoOp, NoOp, NoOp];312
[Move(W), NoOp, NoOp, NoOp, NoOp, NoOp, NoOp, NoOp];269
[Move(W), NoOp, NoOp, NoOp, NoOp, NoOp, NoOp, NoOp];288
[Move(W), NoOp, NoOp, NoOp, NoOp, NoOp, NoOp, NoOp];272
[Move(W), NoOp, NoOp, NoOp, NoOp, NoOp, NoOp, NoOp];259
[Move(W), NoOp, NoOp, NoOp, NoOp, NoOp, NoOp, NoOp];297
[Move(W), NoOp, NoOp, NoOp, NoOp, NoOp, NoOp, NoOp];287
[Move(W), NoOp, NoOp, NoOp, NoOp, NoOp, NoOp, NoOp];288
[Move(W), NoOp, NoOp, NoOp, NoOp, NoOp, NoOp, NoOp];278
[Move(W), NoOp, NoOp, NoOp, NoOp, NoOp, NoOp, NoOp];297
[Move(W), NoOp, NoOp, NoOp, NoOp, NoOp, NoOp, NoOp];287
[Move(W), NoOp, NoOp, NoOp, NoOp, NoOp, NoOp, NoOp];273
[Move(W), NoOp, NoOp, NoOp, NoOp, NoOp, NoOp, NoOp];319
[Move(W), NoOp, NoOp, NoOp, NoOp, NoOp, NoOp, NoOp];299
[Move(W), NoOp, NoOp, NoOp, NoOp, NoOp, NoOp, NoOp];311
[Move(W), NoOp, NoOp, NoOp, NoOp, NoOp, NoOp, NoOp];281
[Move(W), NoOp, NoOp, NoOp, NoOp, NoOp, NoOp, NoOp];304
[Move(W), NoOp, NoOp, NoOp, NoOp, NoOp, NoOp, NoOp];312
[Move(W), NoOp, NoOp, NoOp, NoOp, NoOp, NoOp, NoOp];350
[Move(W), NoOp, NoOp, NoOp, NoOp, NoOp, NoOp, NoOp];325
[Move(W), NoOp, NoOp, NoOp, NoOp, NoOp, NoOp, NoOp];298
[Move(W), NoOp, NoOp, NoOp, NoOp, NoOp, NoOp, NoOp];354
[Move(W), NoOp, NoOp, NoOp, NoOp, NoOp, NoOp, NoOp];554
[Move(W), NoOp, NoOp, NoOp, NoOp, NoOp, NoOp, NoOp];358
[Move(W), NoOp, NoOp, NoOp, NoOp, NoOp, NoOp, NoOp];285
[Move(W), NoOp, NoOp, NoOp, NoOp, NoOp, NoOp, NoOp];303
[Move(W), NoOp, NoOp, NoOp, NoOp, NoOp, NoOp, NoOp];268
[Move(W), NoOp, NoOp, NoOp, NoOp, NoOp, NoOp, NoOp];301
[Move(W), NoOp, NoOp, NoOp, NoOp, NoOp, NoOp, NoOp];293
[Move(W), NoOp, NoOp, NoOp, NoOp, NoOp, NoOp, NoOp];309
[Move(W), NoOp, NoOp, NoOp, NoOp, NoOp, NoOp, NoOp];330
[Move(W), NoOp, NoOp, NoOp, NoOp, NoOp, NoOp, NoOp];301
[Move(W), NoOp, NoOp, NoOp, NoOp, NoOp, NoOp, NoOp];337
[Move(W), NoOp, NoOp, NoOp, NoOp, NoOp, NoOp, NoOp];314
[Move(W), NoOp, NoOp, NoOp, NoOp, NoOp, NoOp, NoOp];307
[Move(W), NoOp, NoOp, NoOp, NoOp, NoOp, NoOp, NoOp];343
[Move(W), NoOp, NoOp, NoOp, NoOp, NoOp, NoOp, NoOp];323
[Move(W), NoOp, NoOp, NoOp, NoOp, NoOp, NoOp, NoOp];317
[Move(W), NoOp, NoOp, NoOp, NoOp, NoOp, NoOp, NoOp];315
[Move(W), NoOp, NoOp, NoOp, NoOp, NoOp, NoOp, NoOp];305
[Move(W), NoOp, NoOp, NoOp, NoOp, NoOp, NoOp, NoOp];310
[Move(W), NoOp, NoOp, NoOp, NoOp, NoOp, NoOp, NoOp];338
[Move(W), NoOp, NoOp, NoOp, NoOp, NoOp, NoOp, NoOp];317
[Move(W), NoOp, NoOp, NoOp, NoOp, NoOp, NoOp, NoOp];321
[Move(W), NoOp, NoOp, NoOp, NoOp, NoOp, NoOp, NoOp];319
[Move(W), NoOp, NoOp, NoOp, NoOp, NoOp, NoOp, NoOp];318
[Move(W), NoOp, NoOp, NoOp, NoOp, NoOp, NoOp, NoOp];303
[Move(W), NoOp, NoOp, NoOp, NoOp, NoOp, NoOp, NoOp];299
[Move(W), NoOp, NoOp, NoOp, NoOp, NoOp, NoOp, NoOp];312
[Move(W), NoOp, NoOp, NoOp, NoOp, NoOp, NoOp, NoOp];436
[Move(W), NoOp, NoOp, NoOp, NoOp, NoOp, NoOp, NoOp];405
[Move(W), NoOp, NoOp, NoOp, NoOp, NoOp, NoOp, NoOp];376
[Move(W), NoOp, NoOp, NoOp, NoOp, NoOp, NoOp, NoOp];317
[Move(W), NoOp, NoOp, NoOp, NoOp, NoOp, NoOp, NoOp];304
[Move(W), NoOp, NoOp, NoOp, NoOp, NoOp, NoOp, NoOp];301
[Move(W), NoOp, NoOp, NoOp, NoOp, NoOp, NoOp, NoOp];316
[Move(W), NoOp, NoOp, NoOp, NoOp, NoOp, NoOp, NoOp];303
[Move(W), NoOp, NoOp, NoOp, NoOp, NoOp, NoOp, NoOp];269
[Move(W), NoOp, NoOp, NoOp, NoOp, NoOp, NoOp, NoOp];276
[Move(W), NoOp, NoOp, NoOp, NoOp, NoOp, NoOp, NoOp];281
[Move(W), NoOp, NoOp, NoOp, NoOp, NoOp, NoOp, NoOp];288
[Move(W), NoOp, NoOp, NoOp, NoOp, NoOp, NoOp, NoOp];279
[Move(W), NoOp, NoOp, NoOp, NoOp, NoOp, NoOp, NoOp];262
[Move(W), NoOp, NoOp, NoOp, NoOp, NoOp, NoOp, NoOp];277
[Move(W), NoOp, NoOp, NoOp, NoOp, NoOp, NoOp, NoOp];292
[Move(W), NoOp, NoOp, NoOp, NoOp, NoOp, NoOp, NoOp];263
[Move(W), NoOp, NoOp, NoOp, NoOp, NoOp, NoOp, NoOp];289
[Move(W), NoOp, NoOp, NoOp, NoOp, NoOp, NoOp, NoOp];266
[Move(W), NoOp, NoOp, NoOp, NoOp, NoOp, NoOp, NoOp];306
[Move(W), NoOp, NoOp, NoOp, NoOp, NoOp, NoOp, NoOp];387
[Move(W), NoOp, NoOp, NoOp, NoOp, NoOp, NoOp, NoOp];401
[Move(W), NoOp, NoOp, NoOp, NoOp, NoOp, NoOp, NoOp];357
[Move(W), NoOp, NoOp, NoOp, NoOp, NoOp, NoOp, NoOp];363
[Move(W), NoOp, NoOp, NoOp, NoOp, NoOp, NoOp, NoOp];374
[Move(W), NoOp, NoOp, NoOp, NoOp, NoOp, NoOp, NoOp];335
[Move(W), NoOp, NoOp, NoOp, NoOp, NoOp, NoOp, NoOp];338
[Move(W), NoOp, NoOp, NoOp, NoOp, NoOp, NoOp, NoOp];340
[Move(W), NoOp, NoOp, NoOp, NoOp, NoOp, NoOp, NoOp];437
[Move(W), NoOp, NoOp, NoOp, NoOp, NoOp, NoOp, NoOp];439
[Move(W), NoOp, NoOp, NoOp, NoOp, NoOp, NoOp, NoOp];425
[Move(W), NoOp, NoOp, NoOp, NoOp, NoOp, NoOp, NoOp];498
[Move(W), NoOp, NoOp, NoOp, NoOp, NoOp, NoOp, NoOp];432
[Move(W), NoOp, NoOp, NoOp, NoOp, NoOp, NoOp, NoOp];391
[Move(W), NoOp, NoOp, NoOp, NoOp, NoOp, NoOp, NoOp];344
[Move(W), NoOp, NoOp, NoOp, NoOp, NoOp, NoOp, NoOp];383
[Move(W), NoOp, NoOp, NoOp, NoOp, NoOp, NoOp, NoOp];383
[Move(W), NoOp, NoOp, NoOp, NoOp, NoOp, NoOp, NoOp];392
[Move(W), NoOp, NoOp, NoOp, NoOp, NoOp, NoOp, NoOp];381
[Move(W), NoOp, NoOp, NoOp, NoOp, NoOp, NoOp, NoOp];402
[Move(W), NoOp, NoOp, NoOp, NoOp, NoOp, NoOp, NoOp];426
[Move(W), NoOp, NoOp, NoOp, NoOp, NoOp, NoOp, NoOp];415
[Move(W), NoOp, NoOp, NoOp, NoOp, NoOp, NoOp, NoOp];408
[Move(W), NoOp, NoOp, NoOp, NoOp, NoOp, NoOp, NoOp];393
[Move(W), NoOp, NoOp, NoOp, NoOp, NoOp, NoOp, NoOp];492
[Move(W), NoOp, NoOp, NoOp, NoOp, NoOp, NoOp, NoOp];456
[Move(W), NoOp, NoOp, NoOp, NoOp, NoOp, NoOp, NoOp];429
[Move(W), NoOp, NoOp, NoOp, NoOp, NoOp, NoOp, NoOp];364
[Move(W), NoOp, NoOp, NoOp, NoOp, NoOp, NoOp, NoOp];363
[Move(W), NoOp, NoOp, NoOp, NoOp, NoOp, NoOp, NoOp];350
[Move(W), NoOp, NoOp, NoOp, NoOp, NoOp, NoOp, NoOp];361
[Move(W), NoOp, NoOp, NoOp, NoOp, NoOp, NoOp, NoOp];366
[Move(W), NoOp, NoOp, NoOp, NoOp, NoOp, NoOp, NoOp];445
[Move(W), NoOp, NoOp, NoOp, NoOp, NoOp, NoOp, NoOp];379
[Move(W), NoOp, NoOp, NoOp, NoOp, NoOp, NoOp, NoOp];463
[Move(W), NoOp, NoOp, NoOp, NoOp, NoOp, NoOp, NoOp];542
[Move(W), NoOp, NoOp, NoOp, NoOp, NoOp, NoOp, NoOp];577
[Move(W), NoOp, NoOp, NoOp, NoOp, NoOp, NoOp, NoOp];391
[Move(W), NoOp, NoOp, NoOp, NoOp, NoOp, NoOp, NoOp];456
[Move(W), NoOp, NoOp, NoOp, NoOp, NoOp, NoOp, NoOp];520
[Move(W), NoOp, NoOp, NoOp, NoOp, NoOp, NoOp, NoOp];481
[Move(W), NoOp, NoOp, NoOp, NoOp, NoOp, NoOp, NoOp];501
[Move(W), NoOp, NoOp, NoOp, NoOp, NoOp, NoOp, NoOp];537
[Move(W), NoOp, NoOp, NoOp, NoOp, NoOp, NoOp, NoOp];458
[Move(W), NoOp, NoOp, NoOp, NoOp, NoOp, NoOp, NoOp];462
[Move(W), NoOp, NoOp, NoOp, NoOp, NoOp, NoOp, NoOp];533
[Move(W), NoOp, NoOp, NoOp, NoOp, NoOp, NoOp, NoOp];422
[Move(W), NoOp, NoOp, NoOp, NoOp, NoOp, NoOp, NoOp];326
[Move(W), NoOp, NoOp, NoOp, NoOp, NoOp, NoOp, NoOp];357
[Move(W), NoOp, NoOp, NoOp, NoOp, NoOp, NoOp, NoOp];293
[Move(W), NoOp, NoOp, NoOp, NoOp, NoOp, NoOp, NoOp];285
[Move(W), NoOp, NoOp, NoOp, NoOp, NoOp, NoOp, NoOp];287
[Move(W), NoOp, NoOp, NoOp, NoOp, NoOp, NoOp, NoOp];297
[Move(W), NoOp, NoOp, NoOp, NoOp, NoOp, NoOp, NoOp];347
[Move(W), NoOp, NoOp, NoOp, NoOp, NoOp, NoOp, NoOp];485
[Move(W), NoOp, NoOp, NoOp, NoOp, NoOp, NoOp, NoOp];374
[Move(W), NoOp, NoOp, NoOp, NoOp, NoOp, NoOp, NoOp];405
[Move(W), NoOp, NoOp, NoOp, NoOp, NoOp, NoOp, NoOp];383
[Move(W), NoOp, NoOp, NoOp, NoOp, NoOp, NoOp, NoOp];353
[Move(W), NoOp, NoOp, NoOp, NoOp, NoOp, NoOp, NoOp];400
[Move(W), NoOp, NoOp, NoOp, NoOp, NoOp, NoOp, NoOp];399
[Move(W), NoOp, NoOp, NoOp, NoOp, NoOp, NoOp, NoOp];422
[Move(W), NoOp, NoOp, NoOp, NoOp, NoOp, NoOp, NoOp];415
[Move(W), NoOp, NoOp, NoOp, NoOp, NoOp, NoOp, NoOp];352
[Move(W), NoOp, NoOp, NoOp, NoOp, NoOp, NoOp, NoOp];338
[Move(W), NoOp, NoOp, NoOp, NoOp, NoOp, NoOp, NoOp];368
[Move(W), NoOp, NoOp, NoOp, NoOp, NoOp, NoOp, NoOp];441
[Move(W), NoOp, NoOp, NoOp, NoOp, NoOp, NoOp, NoOp];351
[Move(W), NoOp, NoOp, NoOp, NoOp, NoOp, NoOp, NoOp];340
[Move(W), NoOp, NoOp, NoOp, NoOp, NoOp, NoOp, NoOp];355
[Move(W), NoOp, NoOp, NoOp, NoOp, NoOp, NoOp, NoOp];323
[Move(W), NoOp, NoOp, NoOp, NoOp, NoOp, NoOp, NoOp];334
[Move(W), NoOp, NoOp, NoOp, NoOp, NoOp, NoOp, NoOp];337
[Move(W), NoOp, NoOp, NoOp, NoOp, NoOp, NoOp, NoOp];325
[Move(W), NoOp, NoOp, NoOp, NoOp, NoOp, NoOp, NoOp];329
[Move(W), NoOp, NoOp, NoOp, NoOp, NoOp, NoOp, NoOp];332
[Move(W), NoOp, NoOp, NoOp, NoOp, NoOp, NoOp, NoOp];326
[Move(W), NoOp, NoOp, NoOp, NoOp, NoOp, NoOp, NoOp];336
[Move(W), NoOp, NoOp, NoOp, NoOp, NoOp, NoOp, NoOp];315
[Move(W), NoOp, NoOp, NoOp, NoOp, NoOp, NoOp, NoOp];334
[Move(W), NoOp, NoOp, NoOp, NoOp, NoOp, NoOp, NoOp];366
[Move(W), NoOp, NoOp, NoOp, NoOp, NoOp, NoOp, NoOp];300
[Move(W), NoOp, NoOp, NoOp, NoOp, NoOp, NoOp, NoOp];296
[Move(W), NoOp, NoOp, NoOp, NoOp, NoOp, NoOp, NoOp];374
[Move(W), NoOp, NoOp, NoOp, NoOp, NoOp, NoOp, NoOp];313
[Move(W), NoOp, NoOp, NoOp, NoOp, NoOp, NoOp, NoOp];312
[Move(W), NoOp, NoOp, NoOp, NoOp, NoOp, NoOp, NoOp];333
[Move(W), NoOp, NoOp, NoOp, NoOp, NoOp, NoOp, NoOp];276
[Move(W), NoOp, NoOp, NoOp, NoOp, NoOp, NoOp, NoOp];287
7fc5e7d35350dea89c07427290f1f3fd428ed496
unsuccessful
299503
1046
cb58196bd6992a68e02e6bf3c033d70ac3184488
1495025541579
