blue: 0,3,A,B,E
red: 1,4,D
green: 2,5,C,V,G,N,M,H
orange: F
++++++++++++++++++++++++++++++++++++++++++++++++++++++++++++++++++
+a  A  +  0      1     2        FFa  A  +  3      4     5        +
+++++  +                     +++FF++++  +                     ++++
+a  A  + BA     D  D    CC      FFa  A  + BA     D   D   CC      +
++++++ ++++a++d+++d++c++++++++++FF+++++ ++++a++d+++d++c+++++++++++
+         +b++ + + ++c++        FF         +b++ + + ++c++        +
+            +     +            FF            +     +            +
+            +D   D+            FF            +D   D+            +
+  +++++++++++D    +            FF  +++++++++++D    +            +
+A           +d   d+            FFA           +d   d+            +
+a++       + +++ +++            FFa++       + +++ +++            +
+b+B       + +++D+++            FFb+B       + +++D+++            +
+e+E       + +++d+++CVGNMH      FFe+E       + +++d+++CVGNMH      +
++++++++++++ +++d++++++++++++++hFF+++++++++++ +++d++++++++++++++h+
+            +++     DD      ++mFF            +++     DD      ++m+
+            +++             ++nFF            +++             ++n+
+            +++     dd      ++gFF            +++     dd      ++g+
+            +++     dd      ++vFF            +++     dd      ++v+
+            +++     DD      ++cFF            +++     DD      ++c+
++++++++++++++++++++++++++++++++++++++++++++++++++++++++++++++++++

[Move(S), Move(S), Move(S), Move(S), Move(S), Move(E)];1613
[Push(S,E), Move(S), Move(S), Push(S,E), Move(S), Move(S)];0
[Push(E,S), Pull(E,W), Pull(N,E), Push(E,S), Pull(E,W), Push(S,W)];0
[NoOp, Pull(S,W), Push(S,W), Move(S), Pull(S,W), Push(W,W)];894
ced3614253d5f258466b8503c00d2f80b92ba780
unsuccessful
2507
4
3297dfc4bfbb8136ff1b3109ebce204a55a28fc5
1495027364478
