red: 0,A
blue: 1,B
+++++++++++++++++++
+        0        +
+       +++       +
+   ++++ a   ++   +
+       +++       +
+  +++++++++++++  +
+        +        +
+    +  A B  +    +
+                 +
+  ++++++++++++++++
+     ++++++++    +
+   ++   b   ++   +
+       +++       +
+        1        +
+++++++++++++++++++

[Move(W), Move(W)];462
[Move(W), Move(W)];1
[Move(S), Move(N)];0
[Move(W), Move(W)];1
[Move(W), Move(W)];0
[Move(W), Move(W)];0
[Move(W), Move(W)];0
[Move(S), Move(N)];1
[Move(S), Move(N)];0
[Move(W), Move(W)];0
[Move(S), Move(N)];1
[Move(S), Move(N)];0
[Move(E), Move(E)];1
[Move(E), Move(E)];0
[Move(E), Move(E)];1
[Move(E), Move(E)];0
[Move(S), Move(E)];1
[Move(E), Move(E)];1
[Push(E,E), Move(E)];1
[Push(E,S), Move(N)];1
[Pull(N,E), Move(E)];178
[Pull(W,S), Pull(W,N)];0
[Pull(W,E), Pull(W,E)];1
[Pull(W,E), Pull(W,E)];1
[Pull(W,E), Pull(W,E)];0
[Pull(W,E), Pull(W,E)];1
[Pull(W,E), Pull(W,E)];1
[Pull(N,E), Pull(W,E)];0
[Pull(N,S), Pull(W,E)];1
[Pull(N,S), Pull(S,E)];0
[Pull(E,S), Pull(S,N)];0
[Pull(N,W), Pull(E,N)];0
[Pull(E,S), Pull(E,W)];0
[Pull(E,W), Push(W,S)];0
[Pull(E,W), Push(S,S)];0
[Pull(E,W), Push(S,E)];0
[Pull(N,W), Push(E,E)];0
[Pull(E,S), Push(E,E)];0
[Pull(E,W), Push(E,E)];0
[Pull(E,W), Push(E,N)];1
[Pull(E,W), Push(N,E)];0
[Pull(E,W), Push(E,E)];1
[Push(W,S), NoOp];4
[Push(S,S), NoOp];1
[Push(S,W), NoOp];0
[Push(W,W), NoOp];0
468f0de550820ea921f1192b0fccf693ad67b8ac
successful
662
46
d96a8ba269d4859878466a37735b799a8fc8cf4f
1495027367050
