++++++++++++++++++++++++++
+0                     aA+
++++++++++  ++++++++++ +++
+           +C  dc   + +b+
+        +  +        + + +
+        +  +        + + +
+        +  +        + + +
+E       +  +        + + +
+        +  +        + + +
+        +  +       D+ + +
+B       +  +        + + +
+        +  +        + + +
+        +  +          + +
+                   ++++ +
+        +          +  + +
+                   +  + +
+        +  + + + + ++++ +
+e      E+              B+
++++++++++++++++++++++++++

[Move(E)];331
[Move(E)];1
[Move(E)];0
[Move(E)];0
[Move(E)];0
[Move(E)];0
[Move(E)];1
[Move(E)];0
[Move(E)];0
[Move(E)];1
[Move(E)];0
[Move(E)];0
[Move(E)];1
[Move(E)];0
[Move(E)];0
[Move(E)];1
[Move(E)];0
[Move(E)];0
[Move(E)];1
[Move(E)];0
[Move(E)];0
[Move(E)];0
[Pull(W,E)];0
[Move(S)];391
[Move(S)];1
[Move(S)];1
[Move(S)];2
[Move(S)];3
[Move(S)];0
[Move(S)];2
[Move(S)];1
[Move(S)];0
[Move(S)];0
[Move(S)];0
[Move(W)];0
[Move(W)];1
[Move(N)];0
[Move(N)];0
[Push(N,N)];0
[Push(N,N)];0
[Push(N,W)];0
[Push(W,N)];0
[Push(N,W)];0
[Push(W,N)];0
[Push(N,W)];1
[Push(W,W)];0
[Push(W,W)];0
[Push(W,N)];0
[Push(N,N)];0
[Push(N,E)];0
[Move(W)];173271
[Pull(E,W)];1
[Pull(S,W)];0
[Pull(E,N)];0
[Pull(E,W)];1
[Pull(S,W)];0
[Push(N,N)];0
15046307ed13b5b88949794d78643a3252ae9096
unsuccessful
174013
57
11f31eb4cc9fe99991f4672c088d081640c083a3
1495029287583
