++++++++++++++++++++++++++++++++++++++++++++++++++++++++++++
+ 0        BBB BBB BBB BBB    a+C     c  +                 +
+                              +++++++ + +                 +
+                                  b + + +       Aa        +
+                              +++++ + + +                 +
+                          A         + + +                 +
+b+++++++++++b+++++++ ++++++++++++++++ +             Dd    +
+b+         +b+     +b+    +A          +++++++++++++++++++++
+b+         +b+     + +    +                             Da+
+ +           +            +                             Cb+
+ +           +            +                             Bc+
+ +           +            +                             Ad+
+ +C         c+C          c+                               +
+ ++++++++++++++++++++++++++++++                    Ee     +
+                         AAAAA+                           +
+                              +                           +
+                              +                           +
+                                  Aa                      +
+                              +                           +
+                              +                           +
+                              +                           +
+                         aaaaa+                       a   +
++++++++++++++++++++++++++++++++++++++++++++++++++++++++++++

[Move(E)];409
[Move(E)];1
[Move(E)];0
[Move(E)];0
[Move(E)];0
[Move(E)];1
[Move(E)];0
[Move(E)];0
[Push(E,S)];0
[Push(E,S)];0
[Push(E,S)];0
[Push(S,S)];0
[Push(S,S)];0
[Push(S,S)];0
[Push(S,S)];0
840e5500a20c661c019ed88feb33a6fa2e854722
unsuccessful
411
15
4d4e00faf208d72e058595032b7a027bbcbc9eba
1495032603669
