++++++++++++++
+       KALLE+
+pp        ++++++++
+p p       +q  E  +
+p I       ++++++ +
+0 SISP   Qkalle+ +
+     P    ++++++ +
+   P P           +
+     P           +
+                 +
+++++++++++++++++++

[Move(E)];959
[Pull(S,E)];1
[Pull(E,N)];0
[Move(E)];0
[Pull(W,S)];0
[Pull(N,E)];1
[Pull(W,S)];0
[Pull(W,E)];0
[Pull(S,E)];0
[Push(N,N)];0
[Move(E)];94733
[Pull(E,S)];0
[Push(E,N)];0
[Push(E,N)];1
[Push(E,N)];0
[Push(N,N)];0
[Push(N,W)];0
[Push(W,W)];0
[Push(W,W)];1
7956be741067b79764e6bace36e6af94dbd0102e
unsuccessful
95696
19
f7707b3168a37e3a3bcf9e58e934216b20f451ae
1495032913509
