++++++            ++++++
++    ++          ++    ++
+      ++++++++++++      +
+  BD  ad        bc  AC  +
+      ++++     +++      +
++    ++  ++   ++ ++    ++
 ++++++    +   +   ++++++
           ++0++
 ++++++    +   +   ++++++
++    ++  ++   ++ ++    ++
+      ++++     +++      +
+  BD  cd        ba  AC  +
+      ++++++++++++      +
++    ++          ++    ++
 ++++++            ++++++

[Move(N)];49227
[Move(E)];0
[Move(N)];1
[Move(N)];0
[Move(E)];0
[Move(N)];0
[Move(E)];0
[Move(E)];1
[Move(E)];0
[Move(E)];0
[Move(E)];0
[Push(E,S)];0
[Pull(W,E)];1
[Pull(S,E)];0
[Pull(W,E)];0
[Pull(N,E)];0
[Pull(N,E)];0
[Push(S,W)];1
3269f3ae118a7e9b0f363a030505aa2da9b17657
unsuccessful
49231
18
94783e41796427af556c2b266eb7d85ea930b144
1495034779238
