red: 0,A
green: 1,B
blue: 2,C
yellow: 3,D
orange: 4,E,F,G,H,N
pink: 5,I,J,K,L,M
cyan: 6,Z
magenta: 7,W
++++++++++++
+0 B    C 1+
++++    ++++
+aA       b+
++++    ++++
+2 D      3+
++++++++++++
+i+ N    +e+
+j+      +f+
+k+  M   +g+
+l+ 4  5 +h+
+m       +n+
+          +
+          +
+          +
+ EFGHIJKL +
++++++++++++
+6ZW W W Wz+
++++++ +++++
+    7     +
+          +
+          +
++++++++++++

[Move(E), Move(W), NoOp, NoOp, Move(S), Move(W), Push(E,E), NoOp];213
[Move(E), Move(W), NoOp, NoOp, Move(W), Move(S), Push(E,E), NoOp];0
e20c42e74abb015fa067067643fa3e63ce46de6a
unsuccessful
213
2
36127a7da114a30b1d5914543b7fd53b10a24443
1494928162822
