blue: 0,A,C
red: 1,D
green: 2,E
magenta: 3,F
cyan: 4,B
++++++++++++++++++++++++++
+ aa a  b bbbb           +
++++++++++++++++  ++++++ +
+ bbbb b  a aa    ++++++ +
++++++++++++++++++++++++ +
+0        AAAAAA         +
+                        +
+++                    +++
+1C                    F4+
+++                    +++
+2D                    E3+
+++      BBBBBBBB      +++
++++++++++++++++++++++++++

622a1f41234b9775d02167d502dd2731f9671643
unsuccessful
0
0
767f650bf7a16a1c56a3edb6b8e4b327aa7b9759
1494927423095
