blue: 0,A,E,J,K,L,F,B,C,D,G,N,H,I,M
+++++++++++++++++++++++++
+  G                A g +
+ b H         h       B +
+  I     a++++      C i +
+         ++++          +
+ d J     ++++    0 D j +
+  K     c++++k      E  +
+ f L    e++++      F l +
+                       +
+  M                 N  +
+  +++++++++++++++++++  +
+          mn           +
+++++++++++++++++++++++++

[Move(N)];191
[Move(N)];1
[Move(W)];0
[Move(N)];0
[Move(W)];0
[Move(W)];1
[Move(W)];0
[Move(W)];0
[Move(W)];0
[Move(W)];0
[Move(W)];0
[Move(W)];1
[Move(W)];0
[Move(W)];0
[Move(W)];0
[Move(W)];1
[Push(W,W)];0
[Push(W,W)];0
[Push(N,E)];1
[Push(E,E)];0
[Push(E,E)];0
[Push(E,E)];1
[Push(E,E)];0
[Push(E,E)];0
[Push(E,E)];0
[Push(E,E)];1
[Push(E,E)];0
[Push(E,E)];0
[Push(E,E)];0
[Push(E,E)];1
[Push(E,E)];0
[Push(E,E)];0
[Push(E,S)];0
[Push(S,E)];1
[Push(E,E)];0
[Push(E,E)];0
[Push(E,E)];0
[Push(E,N)];0
[Push(N,E)];1
[NoOp];0
[Push(E,E)];139
[Push(S,W)];1
[Push(W,W)];2
[Push(W,W)];0
[Push(W,W)];0
[Push(W,W)];1
[Push(W,W)];0
[Push(W,W)];0
[Push(W,W)];1
[Push(W,W)];0
[Push(W,W)];0
[Push(W,W)];1
[Push(W,W)];0
[Push(W,W)];0
[Push(W,W)];1
[Push(W,W)];0
[Push(W,W)];0
[Push(W,W)];0
[Push(W,W)];1
[Push(W,W)];0
[Push(W,N)];0
[Push(W,N)];0
[Push(N,W)];0
[Push(E,S)];0
[Push(S,W)];0
[NoOp];0
[Push(W,W)];8
[Push(W,S)];0
[Push(N,E)];0
[Push(E,E)];1
[Push(E,E)];0
[Push(E,S)];0
[Push(S,E)];1
[Push(E,E)];0
[Push(E,E)];0
[Push(E,E)];1
[Push(E,E)];0
[Push(E,E)];0
[Push(E,E)];1
[Push(E,E)];0
[Push(E,E)];0
[Push(E,E)];0
[NoOp];1
[Push(E,E)];7
[Push(E,S)];0
[Move(E)];0
[Move(N)];0
[Move(E)];1
[Move(E)];0
[Move(E)];0
[Push(E,S)];1
[Push(S,W)];0
[Push(W,W)];0
[Push(W,W)];1
[Push(W,W)];0
[Push(W,W)];0
[Push(W,W)];1
[Push(W,W)];0
[Push(W,W)];0
[Push(W,W)];0
[Push(W,W)];1
[Push(W,W)];0
[Push(W,S)];0
[NoOp];0
[Push(S,W)];41
[Push(W,W)];0
[Push(W,W)];0
[Push(W,W)];0
[Push(W,W)];0
[Push(W,N)];0
[Pull(S,W)];0
[Push(N,E)];0
[Push(E,E)];1
[Push(E,E)];0
[Push(E,E)];0
[Push(E,E)];1
[Push(E,N)];0
[Push(N,E)];0
[Push(E,E)];1
[Push(E,E)];1
[Push(E,E)];0
[Push(E,E)];0
[Push(E,E)];0
[Push(E,E)];0
[Push(E,E)];1
[Push(E,E)];1
[Push(E,E)];0
[Push(E,E)];1
[Push(E,E)];0
[Push(E,E)];0
[Push(E,S)];0
[NoOp];1
[Push(S,E)];6884
[Move(W)];1
[Push(W,N)];0
[Move(S)];0
[Push(S,W)];0
[Push(W,W)];0
[Push(W,W)];0
[Push(W,W)];0
[Push(W,W)];0
[Push(W,W)];0
[Push(W,N)];1
[Push(N,N)];0
[Push(N,N)];0
[Push(N,W)];1
[Push(W,W)];0
[Push(W,W)];0
[Push(W,W)];1
[Push(W,W)];0
[Push(W,S)];0
[Push(S,W)];0
[Push(W,S)];1
[Push(S,W)];0
[Push(W,W)];0
[Push(W,W)];0
[Push(W,W)];1
[Push(W,W)];0
[Push(W,W)];0
[Push(W,S)];1
[NoOp];0
[Move(E)];1495
[Move(S)];0
[Push(E,E)];1
[Push(E,E)];0
[Push(E,N)];0
[Push(N,E)];0
[Push(E,E)];0
[Push(E,N)];0
[Push(N,E)];0
[Push(E,N)];1
[Push(N,E)];0
[Push(E,E)];0
[Push(E,E)];0
[Push(E,E)];0
[Push(E,E)];0
[Push(E,E)];1
[Push(E,E)];0
[Push(E,S)];0
[Push(S,E)];0
[Push(E,S)];0
[Push(S,S)];0
[Push(S,E)];0
[Push(E,E)];1
[Push(E,E)];0
[Push(E,E)];0
[Push(E,E)];0
[NoOp];0
[Move(N)];4
[Move(W)];0
[Move(N)];0
[Push(N,W)];0
[Push(W,W)];0
[Push(W,W)];0
[Push(W,W)];0
[Push(W,W)];0
[Push(W,W)];0
[Push(W,W)];1
[Push(W,W)];0
[Push(W,W)];0
[Push(W,W)];0
[Push(W,W)];0
[Push(W,S)];1
[Push(S,S)];0
[Push(S,S)];0
[Push(S,S)];0
[NoOp];0
[Push(S,W)];318
[Push(W,W)];0
[Push(W,S)];0
[Move(W)];0
[Move(W)];1
[Move(W)];0
[Push(W,S)];0
[Push(S,S)];0
[Push(S,E)];0
[Push(E,E)];0
[Push(E,E)];0
[Push(E,E)];0
[Push(E,E)];1
[Push(E,E)];0
[Push(E,E)];0
[Push(E,E)];0
[Push(E,E)];0
[Push(E,E)];0
[Push(E,E)];1
[Push(E,N)];0
[Push(N,N)];0
[NoOp];0
[Move(E)];8
[Move(E)];1
[Move(E)];0
[Move(E)];0
[Move(E)];0
[Push(E,S)];0
[Push(S,W)];0
[Push(W,W)];0
[Push(W,W)];1
[Push(W,W)];0
[Push(W,W)];0
[Push(W,W)];0
[Push(W,W)];0
[Push(W,W)];0
[Push(W,W)];0
[Push(W,W)];1
[Push(W,W)];0
[Push(W,W)];0
[Push(W,W)];0
[Push(W,W)];0
[Push(W,W)];0
[Push(W,W)];0
[Push(W,W)];1
[Push(W,W)];0
[Push(W,N)];0
[NoOp];0
[Move(E)];711
[Move(E)];0
[Move(E)];0
[Move(E)];1
[Move(E)];0
[Move(E)];0
[Move(E)];1
[Move(E)];0
[Move(E)];0
[Move(E)];0
[Move(E)];0
[Move(E)];1
[Move(N)];0
[Push(N,E)];0
[Push(E,N)];0
[Move(E)];0
[Move(E)];0
[Move(E)];0
[Move(E)];0
[Move(E)];0
[Push(E,S)];1
[Push(S,W)];0
[Push(W,W)];0
[Push(W,W)];0
[Push(W,W)];0
[Push(W,W)];0
[Push(W,W)];0
[Push(W,W)];0
[Push(W,S)];1
[Push(S,W)];0
[Push(W,W)];0
[Push(W,W)];0
[Push(W,W)];0
[Push(W,W)];0
[Push(W,N)];0
[NoOp];0
[Push(N,W)];27
[Push(W,N)];0
[Push(W,W)];1
[Push(W,N)];1
[Move(W)];2
[Push(W,S)];0
[Push(S,E)];0
[Push(E,E)];1
[Push(E,E)];0
[Push(E,E)];0
[Push(E,E)];0
[Push(E,E)];0
[Push(E,E)];0
[Push(E,E)];0
[Push(E,E)];0
[Push(E,E)];0
[Push(E,E)];0
[Push(E,E)];0
[Push(E,E)];0
[Push(E,E)];0
[Push(E,E)];0
[Push(E,E)];1
[Push(E,E)];0
[Push(E,N)];0
[Push(N,E)];0
[NoOp];0
[Move(S)];27
[Push(S,W)];1
[Push(W,W)];0
[Push(W,W)];1
[Push(W,W)];0
[Push(W,W)];1
[Push(W,W)];0
[Push(W,W)];0
[Push(W,W)];0
[Push(W,W)];0
[Push(W,N)];0
[Move(W)];1
[Move(W)];0
[Move(W)];0
[Move(W)];0
[Move(W)];0
[Move(W)];0
[Move(W)];0
[Move(W)];2
[Push(W,W)];1
[Push(W,S)];0
[Push(S,S)];0
[Push(S,E)];0
[Push(E,E)];0
[Push(E,E)];1
[Push(E,E)];0
[Push(E,E)];0
[Push(E,E)];0
[Push(E,E)];0
[Push(E,E)];0
[Push(E,E)];0
[NoOp];0
f7f9caa007f871dec8a4733d5a901a67eaf8ffd4
unsuccessful
9935
349
09b59fc42e4103197b826ab8a0482b0ca23572eb
1494924601276
