++++++++++++++++++++++
+g A +i+h+ E  +P    p+
++     +      a      +
++0    c  F  +++    I+
++G    +B     b  Y  ++
+f   X +S     + H   e+
+++ ++++++z+++++++ +++
+x  p+s      F+w     +
++  +++++         W  +
+P A +ZC    f + WWS A+
++++++++++ +++++++++++
       ++   ++
       ++   ++
      ++++ ++++
       ++   ++
        ++ ++
        ++ ++
    +++++ L +++++
    ++H + l + M++
    ++ V+   +D ++
    +++++++++++++

[Push(S,E)];143
[Push(E,N)];1
[Push(N,N)];0
[Push(N,W)];0
[Push(W,N)];1
[Push(N,W)];0
[NoOp];0
[Push(E,E)];38336
[Push(E,S)];0
[Push(S,E)];1
[Push(E,E)];0
[Push(E,S)];1
[Push(S,E)];0
[Push(E,E)];0
[Push(E,E)];0
[Push(E,S)];0
[Push(E,E)];1
[Push(E,E)];1
[Push(E,S)];0
[Push(S,E)];0
[Push(E,E)];1
[Push(E,E)];0
[Push(E,E)];1
[Push(E,N)];0
[Push(N,E)];0
[Push(E,E)];1
[Push(E,N)];0
[Pull(E,N)];1
[Push(E,N)];0
[Push(N,W)];1
[Push(W,W)];0
[Push(W,W)];1
[Push(W,W)];0
[Push(W,W)];0
[Push(W,W)];1
[Push(W,W)];0
[Push(W,W)];1
[Push(W,W)];0
[Push(W,W)];0
[Push(W,W)];1
[Push(W,W)];0
[Push(W,S)];1
[Push(S,W)];0
[Push(W,W)];0
[Push(W,N)];1
[Push(N,N)];0
[NoOp];0
[Move(S)];51
[Move(E)];0
[Move(E)];0
[Move(E)];1
[Push(S,S)];0
[Move(E)];0
[Move(E)];1
[Move(E)];0
[Move(E)];0
[Move(E)];1
[Move(E)];1
[Move(E)];1
[Push(S,W)];0
[Push(W,N)];0
[Push(N,W)];1
[Push(W,W)];0
[Push(W,W)];0
[Push(W,W)];1
[Push(W,W)];0
[Push(W,N)];0
[Push(N,W)];1
[Push(W,N)];0
[Push(N,W)];0
[Push(W,N)];0
[NoOp];1
[Move(E)];1
[Move(E)];0
[Move(E)];1
[Move(E)];0
[Move(E)];0
[Move(E)];0
[Move(E)];1
[Push(N,E)];0
[Push(E,E)];0
[Push(E,E)];1
[Push(E,E)];0
[Push(E,E)];0
[NoOp];0
[Move(S)];27
[Move(W)];0
[Push(S,W)];0
[Push(W,W)];1
[Push(W,S)];0
[Push(S,W)];0
[Push(W,W)];1
[Push(W,W)];0
[Push(W,S)];0
[Push(S,W)];1
[Push(W,N)];0
[Move(W)];0
[Move(W)];0
[Pull(S,W)];1
[Push(N,E)];0
[Push(E,N)];1
[Push(N,N)];0
[Push(N,E)];1
[Push(E,N)];0
[Push(N,E)];0
[Push(E,E)];0
[NoOp];0
bf4df3382c5bfcda7d8ebec87fb6648aa171c897
unsuccessful
38593
107
acf5cb0dcac095f1f8e753cec594e7787db10837
1494924188275
