+++++++++++++++++++
+                 +
+       +++       +
+   ++   0   ++   +
+       +++       +
+  +++++++++++++  +
+       +++       +
+      +b a+      +
+                 +
+  +++++++++++++  +
+      B+++A      +
+   ++       ++   +
+       +++       +
+                 +
+++++++++++++++++++

[Move(W)];453
[Move(W)];1
[Move(S)];0
[Move(W)];0
[Move(W)];1
[Move(W)];3
[Move(W)];1
[Move(W)];0
[Move(S)];1
[Move(S)];0
[Move(S)];1
[Move(S)];0
[Move(S)];0
[Move(S)];5
[Move(E)];0
[Move(E)];1
[Move(E)];0
[Move(E)];5
[Move(S)];0
[Move(E)];3
[Push(N,W)];1
[Push(W,W)];0
[Push(W,W)];2
[Push(W,W)];1
[Push(W,W)];3
[Push(W,N)];1
[Push(N,N)];1
[Push(N,E)];0
[Push(E,E)];5
[Push(E,E)];1
[Push(E,E)];5
[Push(E,E)];1
[Push(E,E)];0
[Push(E,N)];5
[NoOp];0
[Move(E)];612
[Move(E)];0
[Move(E)];0
[Move(E)];1
[Move(E)];0
[Move(E)];0
[Move(E)];1
[Move(E)];0
[Move(S)];0
[Move(S)];1
[Move(W)];0
[Move(W)];1
[Move(W)];0
[Move(W)];0
[Move(S)];1
[Move(W)];1
[Push(N,E)];0
[Push(E,E)];1
[Push(E,E)];0
[Push(E,E)];0
[Push(E,E)];0
[Push(E,N)];0
[Push(N,N)];0
[Push(N,W)];1
[Push(W,W)];0
[Push(W,W)];0
[Push(W,W)];1
[Push(W,W)];0
[Push(W,W)];1
[Push(W,N)];0
f8251f59708140610ad215118cba59f807fe4dfd
successful
1123
65
1a3100eb2cadca5d6d152afc92d56a3584812fa0
1494923375711
