+++++++++++++++++++
+JKM   PLNROQSY   +
++++   +++++++    +
+HFI   ABCXY      +
++++   +++++      +
+DEC              +
++++              +
+GAB              +
+++++++++++ ++++++++++
+++++++++++y      0+++
          + ++++++++c++++++++++++++
          + ++++++++ ++++++++++++++
          + + a  d  f  e b ++++++ +
          + ++++++++ ++++++++++++b+                       ++++++++++
          + ++++++++ ++++++++++++ ++++++++                +    x   +
          + +j k    i  h         g   a   +                + ++++++++
          + +++ +++++++++++++++++ ++++++++                + +
          + +            r     l+ +                    ++++ +
          + +++++++++++++ +++++++c+                    +s++ +
          + +      +     q      + ++++++++++++++++++++++ ++ +
          + +      + ++++ +++++Z++ Z    Z Z         Z Z+ ++ +
          + +      + ++++o+     Z  Z          Z Z   Z Z+ ++ +
          + +      + ++++ +     Z  Z    Z Z   Z Z      Z ++ +
          + +      + +np  ++++++++++++++++++++++++++++++ ++ +
          + +      + +m+++++++++++++++++++++++++++++++++ ++ +
          + ++++++++ +++++++++++++++++++++++++++++++++++y++ +++++++++
          +                                            + ++         +
          ++++++++++++++++++++++++++++++++++++++++++++ ++++++++++++ +
                                            ++++++++++ ++++++++++++ +
                                            ++++++++++ ++++++++++++ +
                                            ++++++++++  +++++++++++ +
                                            +X                      +
                                            +++++++++++++++++++++++++

[Move(W)];211
[Move(W)];0
[Move(W)];1
[Move(W)];0
[Move(W)];0
[Move(W)];0
[Move(W)];0
[Move(N)];1
[Move(N)];0
[Move(N)];0
[Move(N)];0
[Move(E)];0
[Move(N)];0
[Move(N)];1
[Move(E)];0
[Move(E)];0
[Move(N)];0
[Push(N,E)];1
[Push(E,S)];0
[Push(S,S)];0
[Push(S,W)];1
[Push(W,W)];0
[Push(W,W)];0
[Push(W,S)];0
[Push(S,S)];1
[Push(S,S)];0
[Push(S,S)];0
[Push(S,W)];0
[Push(W,S)];1
[Push(S,S)];0
[NoOp];0
2fc328695f034087412b362188e4202ef5731de5
unsuccessful
218
31
86e0b37fd6ebfcd22a37d34c0f72f807aa3e85ff
1494928744251
