red:0,V
yellow:1,D
magenta:2,W
orange:3,F
green:H
+++++++++++++++++++++++++++++++
+        TEAM LIQUORICE       +
+++++++++++++++++++++++++++++++
+0          M    w           2+
+ + + + + + + + + + + + + + + +
+               H             +
+ + + + + + + + + + + + + + + +
+   H                 W       +
+ + + + + + + + + + + + + + + +
+     D                       +
+ + + + + + + + + + +H+ + + + +
+  v       d     H           V+
+ + + + + + + + + + + + + + + +
+3f              F          V1+
+++++++++++++++++++++++++++++++
+      BOMBERMAN CLASSIC      +
+++++++++++++++++++++++++++++++

ea47c46412e7bf175bce23836de8e2b44b85274e
unsuccessful
0
0
38b41228aa58bf8904de36c0ff922da2a4c0ff3a
1495030784142
