red: 0,A
blue: 1,B
cyan: 2,C
yellow: 3,D
pink: 4,E
++++++++++++++++
+++++DB+B+++2+++
++++++A+C+++B+++
++c++          +
+cdebA CCC    0+
++cE+          +
+++4++C+++++A+++
++++++3+++++1+++
++++++++++++++++

[Move(W), NoOp, NoOp, NoOp, NoOp];30
[Move(W), NoOp, NoOp, NoOp, NoOp];1
[Move(W), NoOp, NoOp, NoOp, NoOp];0
[Move(W), NoOp, NoOp, NoOp, NoOp];0
[Move(N), NoOp, NoOp, NoOp, NoOp];1
[Move(W), NoOp, NoOp, NoOp, NoOp];2
[Move(W), NoOp, NoOp, NoOp, NoOp];1
[Move(W), NoOp, NoOp, NoOp, NoOp];2
[Move(W), NoOp, NoOp, NoOp, NoOp];1
[Move(W), NoOp, NoOp, NoOp, NoOp];1
[Pull(E,S), NoOp, NoOp, NoOp, NoOp];17
[Pull(E,W), NoOp, NoOp, NoOp, NoOp];0
[Move(E), NoOp, NoOp, NoOp, NoOp];1
[Move(E), NoOp, NoOp, NoOp, NoOp];1
[Move(E), NoOp, NoOp, NoOp, NoOp];1
[Move(E), NoOp, NoOp, NoOp, NoOp];1
[Move(E), NoOp, NoOp, NoOp, NoOp];1
[Move(S), NoOp, NoOp, NoOp, NoOp];0
[Move(S), NoOp, NoOp, NoOp, NoOp];0
[Pull(W,S), NoOp, NoOp, NoOp, NoOp];1
[Pull(N,E), NoOp, NoOp, NoOp, NoOp];1
[Push(S,W), Move(N), NoOp, NoOp, NoOp];0
[NoOp, Move(N), NoOp, NoOp, NoOp];0
[NoOp, Move(N), NoOp, NoOp, NoOp];1
[NoOp, Move(N), NoOp, NoOp, NoOp];0
[NoOp, Pull(W,N), NoOp, NoOp, NoOp];1
[NoOp, Pull(W,E), NoOp, NoOp, NoOp];0
[NoOp, Push(E,S), NoOp, NoOp, NoOp];0
[NoOp, Move(E), NoOp, NoOp, NoOp];0
[NoOp, Move(S), NoOp, NoOp, NoOp];0
[NoOp, Move(S), Move(S), NoOp, NoOp];0
[NoOp, NoOp, Move(S), NoOp, NoOp];1
[NoOp, NoOp, Move(W), NoOp, NoOp];0
[NoOp, NoOp, Move(W), NoOp, NoOp];1
[NoOp, NoOp, Move(W), NoOp, NoOp];0
[NoOp, NoOp, Move(W), NoOp, NoOp];1
[NoOp, NoOp, Move(W), NoOp, NoOp];1
[NoOp, NoOp, Push(S,W), NoOp, NoOp];1
[NoOp, NoOp, Push(W,W), NoOp, NoOp];0
[NoOp, NoOp, Push(W,W), NoOp, NoOp];1
[NoOp, NoOp, Push(W,W), NoOp, NoOp];0
[NoOp, NoOp, Push(W,W), NoOp, NoOp];1
[NoOp, NoOp, Push(W,N), NoOp, NoOp];0
[NoOp, NoOp, Move(E), NoOp, NoOp];0
[NoOp, NoOp, Move(E), NoOp, NoOp];1
[NoOp, NoOp, Move(E), NoOp, NoOp];0
[NoOp, NoOp, Move(E), NoOp, NoOp];1
[NoOp, NoOp, Move(E), NoOp, NoOp];0
[NoOp, NoOp, Pull(S,E), NoOp, NoOp];2
[NoOp, NoOp, Push(N,W), NoOp, NoOp];0
[NoOp, NoOp, Push(W,W), NoOp, NoOp];0
[NoOp, NoOp, Push(W,W), NoOp, NoOp];0
[NoOp, NoOp, Push(W,W), NoOp, NoOp];0
[NoOp, NoOp, Push(W,W), NoOp, NoOp];1
[NoOp, NoOp, Push(W,W), NoOp, NoOp];0
[NoOp, Move(S), Move(E), NoOp, NoOp];0
[Move(E), Move(S), Move(E), NoOp, NoOp];0
[Move(N), NoOp, Move(E), NoOp, NoOp];0
[Move(N), NoOp, Move(E), NoOp, NoOp];0
[Move(W), NoOp, Move(S), NoOp, NoOp];0
[Move(W), NoOp, Pull(E,S), NoOp, NoOp];1
[Move(W), NoOp, Pull(N,W), NoOp, NoOp];0
[Move(W), NoOp, Push(S,E), NoOp, NoOp];0
[Move(W), NoOp, Move(N), NoOp, NoOp];0
[Pull(E,W), NoOp, Move(E), NoOp, NoOp];1
[NoOp, NoOp, Pull(W,E), NoOp, NoOp];3
[Push(W,W), NoOp, Pull(W,E), NoOp, NoOp];1
[NoOp, NoOp, Pull(S,E), NoOp, NoOp];0
[Push(W,W), NoOp, Push(N,W), NoOp, NoOp];1
[NoOp, NoOp, Push(W,W), NoOp, NoOp];0
[NoOp, NoOp, Push(W,W), NoOp, NoOp];126
[NoOp, NoOp, Push(W,W), NoOp, NoOp];108
[Pull(S,N), NoOp, Push(W,S), NoOp, NoOp];0
[Pull(W,N), NoOp, NoOp, NoOp, NoOp];0
[Push(E,E), NoOp, NoOp, NoOp, NoOp];0
[Move(W), Move(N), NoOp, NoOp, NoOp];0
[Pull(S,N), Move(N), NoOp, NoOp, NoOp];1
[Push(N,W), Move(N), NoOp, NoOp, NoOp];0
[Push(W,W), Move(N), NoOp, NoOp, NoOp];0
[NoOp, Move(W), NoOp, NoOp, NoOp];0
[NoOp, Move(W), NoOp, NoOp, NoOp];0
[NoOp, Move(W), NoOp, NoOp, NoOp];0
[NoOp, Move(W), NoOp, NoOp, NoOp];0
[NoOp, Move(W), NoOp, NoOp, NoOp];0
[NoOp, Move(W), NoOp, NoOp, NoOp];1
[NoOp, Move(N), NoOp, NoOp, NoOp];0
[NoOp, Pull(S,N), NoOp, NoOp, NoOp];1
[NoOp, Pull(W,N), NoOp, NoOp, NoOp];0
[NoOp, Push(E,S), NoOp, NoOp, NoOp];1
[NoOp, Push(S,S), NoOp, NoOp, NoOp];0
[NoOp, Push(S,E), NoOp, NoOp, NoOp];0
[NoOp, Move(N), NoOp, NoOp, NoOp];1
[NoOp, Move(N), NoOp, Move(N), NoOp];0
[NoOp, Move(E), NoOp, Move(N), NoOp];0
[NoOp, Move(E), NoOp, Move(W), NoOp];0
[NoOp, NoOp, NoOp, Move(N), NoOp];0
[NoOp, NoOp, NoOp, Move(N), NoOp];0
[NoOp, NoOp, NoOp, Move(E), NoOp];0
[NoOp, NoOp, NoOp, Move(N), NoOp];0
[NoOp, NoOp, NoOp, Move(N), NoOp];0
[Pull(E,W), NoOp, NoOp, NoOp, NoOp];5
[Pull(E,W), NoOp, Move(E), NoOp, NoOp];0
[Pull(N,W), NoOp, NoOp, NoOp, NoOp];0
[Push(S,S), NoOp, NoOp, NoOp, NoOp];0
[Pull(N,S), NoOp, Move(E), NoOp, NoOp];1
[Pull(N,S), NoOp, Move(E), NoOp, NoOp];0
[NoOp, NoOp, Move(N), NoOp, NoOp];0
[Push(S,S), NoOp, NoOp, NoOp, NoOp];0
[Push(S,S), NoOp, NoOp, NoOp, NoOp];0
[Push(S,S), NoOp, NoOp, NoOp, NoOp];0
[NoOp, NoOp, NoOp, Pull(S,W), NoOp];1
[NoOp, NoOp, NoOp, Pull(S,N), NoOp];0
[NoOp, NoOp, NoOp, Pull(S,N), NoOp];0
[NoOp, NoOp, NoOp, Pull(W,N), NoOp];0
[NoOp, NoOp, NoOp, Pull(S,E), NoOp];0
[NoOp, NoOp, NoOp, Push(N,W), NoOp];0
[NoOp, NoOp, NoOp, Push(W,W), NoOp];0
[Move(N), NoOp, NoOp, Push(W,W), NoOp];0
[Move(N), NoOp, NoOp, NoOp, NoOp];0
[Move(N), NoOp, NoOp, Move(E), NoOp];0
[NoOp, Move(W), NoOp, Move(E), NoOp];0
[NoOp, Move(W), NoOp, NoOp, Push(N,N)];0
[NoOp, Move(S), NoOp, NoOp, NoOp];0
[NoOp, Move(S), NoOp, NoOp, NoOp];0
[NoOp, NoOp, NoOp, Move(E), NoOp];85
[NoOp, NoOp, NoOp, Move(N), NoOp];0
[NoOp, NoOp, NoOp, Move(E), NoOp];0
[NoOp, Pull(N,E), NoOp, NoOp, NoOp];1
[NoOp, Pull(W,S), NoOp, NoOp, NoOp];0
[NoOp, Pull(S,E), NoOp, NoOp, NoOp];0
[NoOp, Push(N,W), NoOp, NoOp, NoOp];0
8ae661aaa90eeb0fa72c272cd508e37ad5d25ee0
successful
416
131
913e2aa3e94c09a0ba6d2cb5508218286bf8b330
1495032340390
