red: 0,A,E
green: 1,B
cyan: 2,C,D
+++++++++++++++++++++++++++++++++
+0    +               1         +
+ + + +++++++++++++++++++ + + + +
+ a B +         c   +   b     A +
+ + + + +++++++++++++++++ + + + +
+             2C                +
+++ +++++++++++++++++++++++++ +++
+++             Dd            +++
+++ +++++++++++++++++++++++++ +++
+++             eE            +++
+++ +++++++++++++++++++++++++ +++
+++             Bb            +++
+++ +++++++++++++++++++++++++ +++
+++             Bb            +++
+++ +++++++++++++++++++++++++ +++
+++             Bb            +++
+++++++++++++++++++++++++++++++++

[NoOp, NoOp, Pull(W,E)];89
[NoOp, NoOp, Pull(W,E)];1
[NoOp, NoOp, Pull(W,E)];1
[NoOp, NoOp, Pull(W,E)];1
[NoOp, NoOp, Pull(W,E)];0
[NoOp, NoOp, Pull(W,E)];0
[NoOp, NoOp, Pull(W,E)];1
[NoOp, NoOp, Pull(N,E)];1
[NoOp, NoOp, Pull(N,S)];1
[NoOp, NoOp, Pull(E,S)];0
[NoOp, NoOp, Pull(E,W)];2
[Move(E), NoOp, Pull(E,W)];1
[Move(E), NoOp, Pull(E,W)];1
[Move(E), NoOp, Pull(E,W)];1
[Move(E), NoOp, Pull(E,W)];0
[Move(S), NoOp, Pull(E,W)];1
[Move(S), NoOp, Pull(E,W)];1
[Move(S), NoOp, Pull(E,W)];1
[Move(S), NoOp, Pull(E,W)];0
[Move(E), NoOp, Push(W,W)];8
[Move(E), NoOp, Push(W,W)];0
[Move(E), NoOp, Push(W,W)];1
[Move(E), NoOp, Push(W,W)];0
[Move(E), NoOp, Push(W,W)];1
[Move(E), NoOp, Push(W,W)];0
[Move(E), NoOp, Push(W,W)];1
[Move(E), NoOp, Push(W,W)];0
[Move(E), NoOp, Push(W,W)];0
[Move(E), NoOp, Push(W,S)];1
[Move(E), NoOp, Push(S,S)];0
[Move(E), NoOp, Push(S,W)];0
[Move(E), NoOp, Pull(E,W)];1
[Move(E), NoOp, Push(W,N)];0
[Move(E), NoOp, Push(N,N)];0
[Move(E), NoOp, Push(N,E)];0
[Move(E), NoOp, Push(E,E)];0
[Move(E), NoOp, Push(E,E)];1
[Move(E), NoOp, Push(E,E)];0
[Move(E), NoOp, Push(E,E)];0
[Move(E), NoOp, Push(E,E)];0
[Move(E), NoOp, Push(E,E)];0
[Move(E), NoOp, Push(E,E)];0
[Move(E), NoOp, Push(E,E)];0
[Move(N), NoOp, Push(E,E)];0
[Move(N), NoOp, Push(E,E)];0
[Pull(N,E), NoOp, Push(E,E)];10
[Push(S,W), NoOp, Move(W)];0
[Push(W,W), NoOp, Move(W)];1
[Push(W,W), NoOp, Move(W)];0
[Push(W,W), NoOp, Move(W)];0
[Push(W,S), NoOp, Move(W)];0
[Push(S,S), NoOp, Move(W)];0
[Push(S,W), NoOp, Move(W)];0
[Push(W,W), NoOp, Move(W)];0
[Push(W,W), NoOp, Move(W)];0
[Push(W,W), NoOp, Move(W)];0
[Push(W,W), NoOp, Move(W)];0
[Push(W,W), NoOp, Move(S)];1
[Push(W,W), NoOp, Move(S)];0
[Push(W,W), NoOp, Move(W)];0
[Push(W,W), NoOp, Move(W)];0
[Push(W,W), NoOp, Move(W)];0
[Push(W,W), NoOp, Move(W)];1
[Push(W,W), NoOp, Move(S)];0
[Push(W,W), NoOp, Move(S)];0
[Push(W,W), NoOp, Move(E)];0
[Push(W,W), NoOp, Move(E)];0
[Push(W,W), NoOp, Move(E)];0
[Push(W,W), NoOp, Move(E)];1
[Push(W,W), NoOp, Move(E)];0
[Push(W,W), NoOp, Move(E)];0
[Push(W,W), NoOp, Move(E)];0
[Push(W,W), NoOp, Move(E)];0
[Push(W,W), NoOp, Move(E)];1
[Push(W,N), NoOp, Move(E)];0
[Push(N,N), NoOp, Move(E)];0
[Push(N,W), NoOp, Move(E)];0
[Move(S), NoOp, Pull(W,E)];2
[Move(S), NoOp, Pull(W,E)];0
[Move(S), NoOp, Pull(W,E)];0
[Move(S), NoOp, Pull(W,E)];0
[Move(S), NoOp, Pull(W,E)];0
[Move(S), NoOp, Pull(W,E)];0
[Move(E), NoOp, Pull(W,E)];0
[Move(E), NoOp, Pull(W,E)];0
[Move(E), NoOp, Pull(W,E)];0
[Move(E), NoOp, Pull(W,E)];0
[Move(E), NoOp, Pull(W,E)];1
[Move(E), NoOp, Pull(W,E)];0
[Move(E), NoOp, Pull(S,E)];0
[Move(E), NoOp, Pull(S,N)];0
[Move(E), NoOp, Pull(S,N)];0
[Move(E), NoOp, Push(N,E)];1
[Move(E), Move(E), Push(E,E)];1
[Move(E), Move(E), Move(W)];0
[Move(E), Move(E), Move(N)];0
[Pull(W,E), Move(S), Move(N)];0
[NoOp, Move(S), Move(N)];1
[NoOp, Move(S), Move(N)];1
[NoOp, Move(S), Move(E)];0
[NoOp, Move(W), Move(E)];0
[NoOp, Move(W), Move(E)];0
[NoOp, Move(W), Move(E)];1
[NoOp, Move(W), Move(N)];0
[NoOp, Move(W), Move(N)];1
[NoOp, Move(W), Move(E)];0
[NoOp, Move(W), Move(E)];1
[NoOp, Move(W), Move(E)];1
[NoOp, Move(W), Move(E)];0
[NoOp, Move(W), Move(E)];1
[NoOp, Move(W), Move(E)];0
[NoOp, Move(W), Move(E)];1
[NoOp, Move(W), Move(E)];0
[NoOp, Move(W), Move(E)];0
[NoOp, Move(W), Move(E)];1
[NoOp, Move(W), Move(E)];1
[NoOp, Move(W), Pull(W,E)];1
[NoOp, Move(W), Pull(W,E)];1
[NoOp, Move(W), Pull(W,E)];0
[NoOp, Move(W), Move(W)];2
[NoOp, Move(N), Move(W)];0
[NoOp, Move(N), Move(W)];1
[NoOp, Push(W,W), Move(W)];1
[NoOp, Push(W,N), Move(W)];1
[NoOp, Push(N,N), Move(W)];1
[NoOp, Push(N,W), Move(W)];0
[NoOp, Move(S), Move(W)];1
[NoOp, Move(S), Move(S)];0
[NoOp, Move(S), Move(S)];1
[NoOp, Move(S), Move(E)];0
[NoOp, Move(S), Move(E)];1
[NoOp, Move(S), Move(E)];0
[NoOp, Move(S), Move(E)];1
[NoOp, Move(S), Move(E)];1
[NoOp, Move(S), Move(E)];0
[NoOp, Move(S), Move(E)];1
[NoOp, Move(E), Move(E)];1
[NoOp, Move(E), Move(E)];0
[NoOp, Move(E), Move(E)];1
[NoOp, Move(E), Move(E)];1
[NoOp, Move(E), Move(E)];1
[NoOp, Move(E), Move(E)];0
[NoOp, Move(E), Move(E)];1
[NoOp, Move(E), Move(E)];1
[NoOp, Move(E), Move(E)];1
[NoOp, Move(E), Move(E)];0
[NoOp, Move(E), Move(E)];0
[NoOp, Move(E), Move(E)];1
[NoOp, Push(E,E), Move(E)];2
[NoOp, Push(E,E), Move(E)];0
[NoOp, Push(E,E), Move(E)];1
[NoOp, Push(E,E), Move(S)];0
[NoOp, Push(E,E), Move(S)];1
[NoOp, Push(E,E), Move(W)];0
[NoOp, Push(E,E), Move(W)];1
[NoOp, Push(E,E), Move(W)];0
[NoOp, Push(E,E), Move(W)];1
[NoOp, Push(E,E), Move(W)];0
[NoOp, Push(E,E), Move(W)];0
[NoOp, Push(E,E), Move(W)];1
[NoOp, Push(E,E), Move(W)];0
[NoOp, Push(E,N), Move(W)];1
[NoOp, Push(N,N), Move(W)];0
[NoOp, Push(N,N), Move(W)];0
[NoOp, Push(N,N), Move(W)];1
[NoOp, Push(N,N), Move(W)];0
[NoOp, Push(N,N), Move(W)];0
[NoOp, Push(N,N), Move(W)];1
[NoOp, Push(N,N), Move(W)];0
[NoOp, Push(N,W), Move(W)];0
[NoOp, Push(W,W), Move(W)];1
[NoOp, Push(W,W), Move(W)];0
[NoOp, Push(W,W), Move(W)];0
[NoOp, Push(W,W), Move(W)];1
[NoOp, Move(S), Move(W)];0
[NoOp, Move(S), Move(W)];1
[NoOp, Move(W), Move(W)];0
[NoOp, Move(W), Move(W)];0
[NoOp, Move(W), Move(W)];1
[NoOp, Move(W), Move(S)];0
[NoOp, Move(W), Move(S)];0
[NoOp, Move(W), Move(E)];0
[NoOp, Move(W), Pull(W,E)];3
[NoOp, Move(W), Pull(S,E)];1
[NoOp, Move(W), Push(N,N)];0
[NoOp, Move(W), Push(N,N)];0
[NoOp, Move(W), Push(N,E)];1
[NoOp, Move(W), Push(E,E)];0
[NoOp, Move(W), Push(E,E)];0
[NoOp, Move(W), Push(E,E)];1
[NoOp, Move(W), Push(E,E)];0
[NoOp, Move(W), Push(E,E)];0
[NoOp, Move(W), Push(E,E)];1
[NoOp, Move(W), Push(E,E)];0
[NoOp, Move(W), Push(E,E)];0
[NoOp, Move(W), Push(E,E)];1
[NoOp, Move(W), Push(E,E)];0
[NoOp, Move(W), Push(E,E)];0
[NoOp, Move(N), Push(E,E)];0
[NoOp, Move(N), Push(E,E)];1
[NoOp, Move(N), NoOp];0
[NoOp, Move(N), NoOp];0
[NoOp, Pull(S,W), NoOp];3
[NoOp, Pull(S,N), NoOp];0
[NoOp, Pull(E,N), NoOp];0
[NoOp, Push(W,S), NoOp];1
[NoOp, Push(S,S), NoOp];0
[NoOp, Push(S,S), NoOp];1
[NoOp, Push(S,S), NoOp];0
[NoOp, Push(S,S), NoOp];0
[NoOp, Push(S,S), NoOp];1
[NoOp, Push(S,S), NoOp];1
[NoOp, Push(S,S), NoOp];0
[NoOp, Push(S,E), NoOp];1
[NoOp, Push(E,E), NoOp];1
[NoOp, Push(E,E), NoOp];0
[NoOp, Push(E,E), NoOp];1
[NoOp, Push(E,E), NoOp];0
[NoOp, Push(E,E), NoOp];1
[NoOp, Push(E,E), NoOp];0
[NoOp, Push(E,E), NoOp];1
[NoOp, Push(E,E), NoOp];1
[NoOp, Push(E,E), NoOp];0
[NoOp, Push(E,E), NoOp];1
[NoOp, Push(E,E), NoOp];0
[NoOp, Push(E,E), NoOp];1
[NoOp, Push(E,E), NoOp];0
[NoOp, Move(W), NoOp];0
[NoOp, Move(W), NoOp];0
[NoOp, Move(W), NoOp];0
[NoOp, Move(W), NoOp];1
[NoOp, Move(W), NoOp];0
[NoOp, Move(W), NoOp];0
[NoOp, Move(W), NoOp];0
[NoOp, Move(W), NoOp];1
[NoOp, Move(W), NoOp];0
[NoOp, Move(W), NoOp];0
[NoOp, Move(W), NoOp];0
[NoOp, Move(W), NoOp];1
[NoOp, Move(W), NoOp];0
[NoOp, Move(S), NoOp];0
[NoOp, Move(S), NoOp];0
[NoOp, Move(E), NoOp];1
[NoOp, Move(E), NoOp];0
[NoOp, Move(E), NoOp];0
[NoOp, Move(E), NoOp];0
[NoOp, Move(E), NoOp];1
[NoOp, Move(E), NoOp];0
[NoOp, Move(E), NoOp];0
[NoOp, Move(E), NoOp];0
[NoOp, Move(E), NoOp];1
[NoOp, Move(E), NoOp];0
[NoOp, Move(E), NoOp];0
[NoOp, Move(E), NoOp];0
[NoOp, Push(E,E), NoOp];1
[NoOp, Move(W), NoOp];0
[NoOp, Move(W), NoOp];0
[NoOp, Move(W), NoOp];0
[NoOp, Move(W), NoOp];1
[NoOp, Move(W), NoOp];0
[NoOp, Move(W), NoOp];0
[NoOp, Move(W), NoOp];0
[NoOp, Move(W), NoOp];0
[NoOp, Move(W), NoOp];0
[NoOp, Move(W), NoOp];0
[NoOp, Move(W), NoOp];0
[NoOp, Move(W), NoOp];0
[NoOp, Move(W), NoOp];0
[NoOp, Move(S), NoOp];0
[NoOp, Move(S), NoOp];0
[NoOp, Move(E), NoOp];0
[NoOp, Move(E), NoOp];0
[NoOp, Move(E), NoOp];0
[NoOp, Move(E), NoOp];0
[NoOp, Move(E), NoOp];0
[NoOp, Move(E), NoOp];0
[NoOp, Move(E), NoOp];0
[NoOp, Move(E), NoOp];0
[NoOp, Move(E), NoOp];1
[NoOp, Move(E), NoOp];0
[NoOp, Move(E), NoOp];0
[NoOp, Move(E), NoOp];0
[NoOp, Push(E,E), NoOp];0
328dd3d80fc500db0cccdbf10bf522e688f35675
successful
216
283
ca2f19035b38f14a898a4613e4b86a03a4aab7f0
1495032355536
