red: 0,A
+++++++++++
+0A51342 a+
++++++++ ++
       + +
       + +
       + +
       + +
       +++

[NoOp, NoOp, Move(E), NoOp, NoOp, NoOp];81
[NoOp, NoOp, Move(S), NoOp, NoOp, NoOp];1
[NoOp, NoOp, Move(S), NoOp, NoOp, NoOp];1
[NoOp, NoOp, Move(S), NoOp, NoOp, NoOp];0
[NoOp, NoOp, Move(S), NoOp, NoOp, NoOp];0
[NoOp, NoOp, Move(S), NoOp, Move(E), NoOp];1
[NoOp, NoOp, NoOp, NoOp, Move(E), NoOp];0
[NoOp, NoOp, NoOp, NoOp, Move(S), NoOp];1
[NoOp, NoOp, NoOp, NoOp, Move(S), NoOp];0
[NoOp, NoOp, NoOp, NoOp, Move(S), NoOp];1
[NoOp, NoOp, NoOp, Move(E), Move(S), NoOp];0
[NoOp, Move(E), NoOp, Move(E), NoOp, NoOp];0
[NoOp, Move(E), NoOp, Move(E), NoOp, NoOp];1
[NoOp, NoOp, NoOp, Move(S), NoOp, NoOp];0
[NoOp, Move(E), NoOp, Move(S), NoOp, NoOp];0
[NoOp, Move(E), NoOp, Move(S), NoOp, NoOp];0
[NoOp, Move(E), NoOp, NoOp, NoOp, NoOp];0
[NoOp, Move(W), NoOp, NoOp, NoOp, NoOp];0
[NoOp, Move(S), NoOp, NoOp, NoOp, NoOp];0
[NoOp, Move(S), NoOp, NoOp, NoOp, Move(E)];0
[NoOp, NoOp, NoOp, NoOp, NoOp, Move(E)];0
[NoOp, NoOp, NoOp, NoOp, NoOp, Move(E)];1
[NoOp, NoOp, NoOp, NoOp, NoOp, Move(E)];0
[NoOp, NoOp, NoOp, NoOp, NoOp, Move(E)];0
[NoOp, NoOp, NoOp, NoOp, NoOp, Move(S)];0
[Push(E,E), NoOp, NoOp, NoOp, NoOp, NoOp];16
[Push(E,E), NoOp, NoOp, NoOp, NoOp, NoOp];0
[Push(E,E), NoOp, NoOp, NoOp, NoOp, NoOp];1
[Push(E,E), NoOp, NoOp, NoOp, NoOp, NoOp];0
[Push(E,E), NoOp, NoOp, NoOp, NoOp, NoOp];0
[Push(E,E), NoOp, NoOp, NoOp, NoOp, NoOp];0
[Push(E,E), NoOp, NoOp, NoOp, NoOp, NoOp];1
1a4e4fb64d3a399df790d74d74dbab8dd87f5c00
successful
106
32
529963d21b085d1ef083e1eaf9442053d524c8af
1495032356185
