red: 0,A
green: 1,B
blue: 2,C
yellow: 3,D
orange: 4,E,F,G,H,N
pink: 5,I,J,K,L,M
cyan: 6,Z
magenta: 7,W
++++++++++++
+0 B    C 1+
++++    ++++
+aA       b+
++++    ++++
+2 D      3+
++++++++++++
+i+ N    +e+
+j+      +f+
+k+  M   +g+
+l+ 4  5 +h+
+m       +n+
+          +
+          +
+          +
+ EFGHIJKL +
++++++++++++
+6ZW W W Wz+
++++++ +++++
+    7     +
+          +
+          +
++++++++++++

[NoOp, NoOp, NoOp, Move(W), Move(W), Move(W), NoOp, Move(E)];70
[NoOp, NoOp, NoOp, Move(W), Move(S), Move(S), NoOp, Move(N)];4
[NoOp, NoOp, NoOp, Move(W), Move(W), Move(S), NoOp, Move(N)];1
[NoOp, NoOp, NoOp, Move(W), Move(S), Move(S), NoOp, Pull(S,W)];18
[NoOp, NoOp, NoOp, Move(W), Move(S), Move(S), NoOp, Pull(S,N)];1
[NoOp, NoOp, NoOp, Move(W), Move(S), Pull(W,S), NoOp, Pull(W,N)];11
[NoOp, NoOp, NoOp, Pull(E,W), Pull(N,S), Pull(N,E), NoOp, Push(E,S)];6
[NoOp, NoOp, NoOp, Push(W,N), NoOp, Pull(W,S), NoOp, Move(N)];4
[NoOp, NoOp, NoOp, Push(N,N), NoOp, Pull(W,E), NoOp, Move(N)];5
[NoOp, NoOp, Move(E), NoOp, NoOp, Pull(N,E), NoOp, Pull(S,E)];7
[NoOp, NoOp, Move(E), NoOp, NoOp, Pull(W,S), NoOp, Pull(S,N)];1
[NoOp, NoOp, Move(E), NoOp, NoOp, Push(E,N), NoOp, Pull(E,N)];1
[NoOp, NoOp, Move(E), Push(N,E), NoOp, Push(N,W), NoOp, Pull(S,W)];0
[NoOp, NoOp, Move(E), Push(E,S), NoOp, Push(W,W), NoOp, Pull(S,N)];1
[NoOp, NoOp, Move(E), Push(S,S), NoOp, Push(W,N), NoOp, Pull(W,N)];0
[NoOp, NoOp, Move(N), NoOp, NoOp, Push(N,N), NoOp, Pull(W,E)];1
[NoOp, NoOp, Move(N), NoOp, NoOp, Push(N,N), NoOp, Move(N)];0
[NoOp, NoOp, Move(N), NoOp, NoOp, Push(N,N), NoOp, Move(N)];1
[NoOp, NoOp, Move(N), NoOp, NoOp, Move(S), NoOp, Move(E)];1
[NoOp, NoOp, Pull(S,E), NoOp, Push(S,E), Move(S), NoOp, Move(N)];5
[NoOp, NoOp, Pull(S,N), NoOp, Push(E,E), Move(S), NoOp, Move(N)];1
[NoOp, Move(W), Pull(E,N), NoOp, Push(E,E), Move(E), NoOp, Move(W)];0
[NoOp, Move(W), NoOp, NoOp, Push(E,N), Move(E), NoOp, Move(W)];1
[NoOp, Move(W), NoOp, NoOp, Push(N,E), Move(E), NoOp, Pull(E,W)];2
[NoOp, Move(W), NoOp, NoOp, Push(E,E), Move(E), NoOp, Pull(E,W)];0
[NoOp, Move(W), NoOp, NoOp, Push(E,E), Move(E), NoOp, Pull(E,W)];1
[NoOp, Move(W), NoOp, NoOp, Push(E,E), Move(E), NoOp, Push(W,S)];1
[NoOp, Pull(E,W), NoOp, NoOp, Push(E,E), Move(S), NoOp, Push(S,S)];1
[NoOp, Pull(S,W), NoOp, NoOp, Push(E,N), Move(S), NoOp, Move(N)];0
[NoOp, Push(N,E), NoOp, NoOp, Push(N,N), Move(S), NoOp, Move(E)];2
[NoOp, NoOp, Push(W,N), NoOp, Push(N,N), Pull(W,S), NoOp, Move(E)];7
[Move(E), NoOp, Push(N,N), NoOp, Push(N,N), Pull(W,E), NoOp, Pull(W,E)];3
[Move(E), NoOp, NoOp, NoOp, Push(N,N), Pull(W,E), NoOp, Move(W)];0
[Move(E), Push(E,S), NoOp, NoOp, Push(N,N), Pull(N,E), NoOp, Move(S)];2
[Move(S), Push(S,S), NoOp, NoOp, Move(S), Pull(N,S), NoOp, Push(S,E)];1
[Move(S), Push(S,E), NoOp, NoOp, Move(S), Pull(W,S), NoOp, Move(N)];1
[Move(W), Push(E,E), NoOp, NoOp, Move(S), Pull(W,E), NoOp, Move(N)];0
[Push(W,W), Push(E,E), NoOp, NoOp, Move(S), Pull(W,E), NoOp, Move(E)];1
[NoOp, Push(E,E), NoOp, NoOp, Move(W), Pull(S,E), NoOp, Pull(W,E)];1
[NoOp, NoOp, NoOp, NoOp, Move(W), Push(N,N), NoOp, Pull(S,E)];1
[NoOp, NoOp, NoOp, NoOp, Move(W), Push(N,N), NoOp, Pull(S,N)];1
[NoOp, NoOp, NoOp, NoOp, Move(W), Push(N,N), NoOp, Pull(W,N)];1
[NoOp, NoOp, NoOp, NoOp, Move(W), Push(N,N), NoOp, Pull(W,E)];1
[NoOp, NoOp, NoOp, NoOp, Move(W), Move(S), NoOp, NoOp];2
[NoOp, NoOp, NoOp, NoOp, Move(W), Move(S), Push(E,E), NoOp];2
[NoOp, NoOp, NoOp, NoOp, Move(S), Move(E), Push(E,E), NoOp];2
[NoOp, NoOp, NoOp, NoOp, Move(S), Move(E), Push(E,E), NoOp];1
[NoOp, NoOp, NoOp, NoOp, Pull(N,S), Move(E), Push(E,E), NoOp];8
[NoOp, NoOp, NoOp, NoOp, Pull(E,S), Move(E), Push(E,E), NoOp];2
[NoOp, NoOp, NoOp, NoOp, Pull(S,W), Move(E), Push(E,E), NoOp];1
[NoOp, NoOp, NoOp, NoOp, Push(N,E), Move(E), Push(E,E), NoOp];1
[NoOp, NoOp, NoOp, NoOp, Push(E,N), Move(E), Push(E,E), NoOp];1
[NoOp, NoOp, NoOp, NoOp, Push(N,E), Move(S), NoOp, NoOp];1
[NoOp, NoOp, NoOp, NoOp, Push(E,E), Move(S), NoOp, NoOp];1
[NoOp, NoOp, NoOp, NoOp, Push(E,E), Move(S), NoOp, NoOp];0
[NoOp, NoOp, NoOp, NoOp, Push(E,E), Pull(W,S), NoOp, NoOp];7
[NoOp, NoOp, NoOp, NoOp, Push(E,E), Pull(W,E), NoOp, NoOp];2
[NoOp, NoOp, NoOp, NoOp, Push(E,N), Pull(W,E), NoOp, NoOp];1
[NoOp, NoOp, NoOp, NoOp, Push(N,N), Pull(W,E), NoOp, NoOp];2
[NoOp, NoOp, NoOp, NoOp, Push(N,N), Pull(W,E), NoOp, NoOp];1
[NoOp, NoOp, NoOp, NoOp, Push(N,N), Pull(W,E), NoOp, NoOp];1
[NoOp, NoOp, NoOp, NoOp, Move(S), Push(E,N), NoOp, NoOp];2
[NoOp, NoOp, NoOp, NoOp, Move(S), Push(N,N), NoOp, NoOp];2
[NoOp, NoOp, NoOp, NoOp, Move(S), Push(N,N), NoOp, NoOp];1
[NoOp, NoOp, NoOp, NoOp, Move(W), Push(N,W), NoOp, NoOp];1
[NoOp, NoOp, NoOp, NoOp, Move(W), Push(W,W), NoOp, NoOp];1
[NoOp, NoOp, NoOp, NoOp, Move(W), Push(W,N), NoOp, NoOp];1
[NoOp, NoOp, NoOp, NoOp, Move(W), Push(N,N), NoOp, NoOp];1
[NoOp, NoOp, NoOp, NoOp, Move(W), Move(S), NoOp, NoOp];2
[NoOp, NoOp, NoOp, NoOp, Move(W), Move(E), NoOp, NoOp];1
[NoOp, NoOp, NoOp, NoOp, Move(S), Move(E), NoOp, NoOp];1
[NoOp, NoOp, NoOp, NoOp, Move(S), Move(E), NoOp, NoOp];1
[NoOp, NoOp, NoOp, NoOp, Pull(E,S), Move(E), NoOp, NoOp];5
[NoOp, NoOp, NoOp, NoOp, Pull(E,W), Move(E), NoOp, NoOp];1
[NoOp, NoOp, NoOp, NoOp, Pull(S,W), Move(E), NoOp, NoOp];1
[NoOp, NoOp, NoOp, NoOp, Push(N,N), Move(E), NoOp, NoOp];1
[NoOp, NoOp, NoOp, NoOp, Push(N,E), Move(S), NoOp, NoOp];1
[NoOp, NoOp, NoOp, NoOp, Push(E,E), Move(E), NoOp, NoOp];1
[NoOp, NoOp, NoOp, NoOp, Push(E,E), NoOp, NoOp, NoOp];1
[NoOp, NoOp, NoOp, NoOp, Push(E,E), NoOp, NoOp, NoOp];2
[NoOp, NoOp, NoOp, NoOp, Push(E,N), NoOp, NoOp, NoOp];1
[NoOp, NoOp, NoOp, NoOp, Push(N,N), NoOp, NoOp, NoOp];1
[NoOp, NoOp, NoOp, NoOp, Push(N,N), NoOp, NoOp, NoOp];0
[NoOp, NoOp, NoOp, NoOp, Push(N,N), NoOp, NoOp, NoOp];0
[NoOp, NoOp, NoOp, NoOp, NoOp, Move(S), NoOp, NoOp];1
[NoOp, NoOp, NoOp, NoOp, Move(S), Move(S), NoOp, NoOp];1
[NoOp, NoOp, NoOp, NoOp, Move(S), Pull(W,S), NoOp, NoOp];10
[NoOp, NoOp, NoOp, NoOp, Move(S), Pull(W,E), NoOp, NoOp];1
[NoOp, NoOp, NoOp, NoOp, Move(W), Pull(W,E), NoOp, NoOp];1
[NoOp, NoOp, NoOp, NoOp, Move(W), Pull(N,E), NoOp, NoOp];1
[NoOp, NoOp, NoOp, NoOp, Move(W), Pull(W,S), NoOp, NoOp];1
[NoOp, NoOp, NoOp, NoOp, NoOp, Pull(N,E), NoOp, NoOp];0
[NoOp, NoOp, NoOp, NoOp, Move(W), Pull(E,S), NoOp, NoOp];2
[NoOp, NoOp, NoOp, NoOp, Move(S), Push(W,N), NoOp, NoOp];1
[NoOp, NoOp, NoOp, NoOp, Move(W), Push(N,W), NoOp, NoOp];0
[NoOp, NoOp, NoOp, NoOp, Push(S,E), Push(W,W), NoOp, NoOp];2
[NoOp, NoOp, NoOp, NoOp, Push(E,N), Push(W,W), NoOp, NoOp];1
[NoOp, NoOp, NoOp, NoOp, Push(N,E), Push(W,W), NoOp, NoOp];0
[NoOp, NoOp, NoOp, NoOp, Push(E,N), Push(W,N), NoOp, NoOp];1
[NoOp, NoOp, NoOp, NoOp, Push(N,N), Move(E), NoOp, NoOp];0
[NoOp, NoOp, NoOp, NoOp, Push(N,E), Move(E), NoOp, NoOp];1
[NoOp, NoOp, NoOp, NoOp, Push(E,E), Move(E), NoOp, NoOp];0
[NoOp, NoOp, NoOp, NoOp, Push(E,E), Move(E), NoOp, NoOp];0
[NoOp, NoOp, NoOp, NoOp, Push(E,N), Move(N), NoOp, NoOp];0
[NoOp, NoOp, NoOp, NoOp, Push(N,N), Pull(S,N), NoOp, NoOp];2
[NoOp, NoOp, NoOp, NoOp, Move(S), Pull(W,N), NoOp, NoOp];1
[NoOp, NoOp, NoOp, NoOp, Move(W), Pull(W,E), NoOp, NoOp];0
[NoOp, NoOp, NoOp, NoOp, Move(W), Pull(W,E), NoOp, NoOp];0
[NoOp, NoOp, NoOp, NoOp, Move(W), Pull(S,E), NoOp, NoOp];0
[NoOp, NoOp, NoOp, NoOp, Move(W), Push(N,W), NoOp, NoOp];0
[NoOp, NoOp, NoOp, NoOp, Move(W), NoOp, NoOp, NoOp];0
[NoOp, NoOp, NoOp, NoOp, Move(W), NoOp, NoOp, NoOp];0
[NoOp, NoOp, NoOp, NoOp, Move(N), NoOp, NoOp, NoOp];0
[NoOp, NoOp, NoOp, NoOp, Move(N), NoOp, NoOp, NoOp];0
[NoOp, NoOp, NoOp, NoOp, Move(N), NoOp, NoOp, NoOp];0
[NoOp, NoOp, NoOp, NoOp, Move(N), NoOp, NoOp, NoOp];0
[NoOp, NoOp, NoOp, NoOp, Push(N,E), NoOp, NoOp, NoOp];4
[NoOp, NoOp, NoOp, NoOp, Push(E,E), NoOp, NoOp, NoOp];0
[NoOp, NoOp, NoOp, NoOp, Push(E,S), NoOp, NoOp, NoOp];0
[NoOp, NoOp, NoOp, NoOp, Push(S,E), NoOp, NoOp, NoOp];0
[NoOp, NoOp, NoOp, NoOp, Push(E,S), NoOp, NoOp, NoOp];0
[NoOp, NoOp, NoOp, NoOp, Push(S,S), NoOp, NoOp, NoOp];0
[NoOp, NoOp, NoOp, NoOp, Push(S,S), NoOp, NoOp, NoOp];1
[NoOp, NoOp, NoOp, NoOp, Push(S,S), NoOp, NoOp, NoOp];0
[NoOp, NoOp, NoOp, NoOp, Push(S,E), NoOp, NoOp, NoOp];0
[NoOp, NoOp, NoOp, NoOp, Push(E,E), NoOp, NoOp, NoOp];0
[NoOp, NoOp, NoOp, NoOp, Push(E,E), NoOp, NoOp, NoOp];1
[NoOp, NoOp, NoOp, NoOp, Push(E,N), NoOp, NoOp, NoOp];0
e20c42e74abb015fa067067643fa3e63ce46de6a
successful
265
128
368a3d77eb7a82cfa8f44359bd25d04f63fa03e0
1495032356301
