red: 0,A,B
blue: 1,C,D
cyan: 2,E,F
magenta: 3,G,H
    +++++
    +aCh+
    ++0++
     + +
     + +
+++  + +   +++
+g++++B+++++b+
+A3  H D   1E+
+f++++F+++++c+
+++  + +   +++
     + +
     + +
    ++2++
    +eGd+
    +++++

[Move(S), NoOp, NoOp, NoOp];63
[Move(S), Move(W), Move(N), NoOp];2
[Move(S), Move(W), Move(N), NoOp];0
[NoOp, Move(W), Move(N), NoOp];1
[Pull(N,S), NoOp, Pull(S,N), NoOp];16
[Pull(N,S), Push(W,W), Pull(S,N), NoOp];3
[Pull(N,S), Push(W,S), Pull(S,N), NoOp];0
[NoOp, Pull(N,S), NoOp, NoOp];0
[NoOp, Push(S,E), NoOp, NoOp];0
[NoOp, Push(E,E), NoOp, NoOp];1
[Push(S,S), Push(E,E), NoOp, Move(E)];2
[Push(S,S), Push(E,E), NoOp, Move(E)];0
[Push(S,S), NoOp, NoOp, Push(E,E)];1
[Pull(N,S), NoOp, NoOp, Pull(W,E)];2
[Pull(N,S), NoOp, NoOp, Pull(W,E)];1
[Pull(N,S), NoOp, NoOp, Pull(W,E)];0
[Push(S,S), NoOp, NoOp, Push(E,E)];1
[Push(S,S), Pull(W,E), Push(N,N), Push(E,E)];2
[Push(S,S), Pull(W,E), Push(N,N), Push(E,E)];0
[NoOp, NoOp, Push(N,N), Pull(W,E)];1
[Pull(N,S), NoOp, Pull(S,N), Pull(W,E)];1
[Pull(N,S), Move(W), Pull(S,N), Pull(W,E)];1
[Pull(N,S), Move(N), Pull(S,N), NoOp];0
[NoOp, Move(S), Push(N,N), Push(E,E)];1
[NoOp, Move(S), Push(N,N), Push(E,E)];0
[Push(S,S), NoOp, NoOp, NoOp];1
[Push(S,S), Move(N), NoOp, NoOp];1
[Push(S,S), Move(E), NoOp, NoOp];1
[Push(S,S), NoOp, NoOp, NoOp];2
[Pull(N,S), NoOp, NoOp, NoOp];1
[Pull(N,S), NoOp, NoOp, NoOp];2
[Pull(N,S), NoOp, NoOp, Push(E,E)];1
[NoOp, NoOp, NoOp, Push(E,S)];1
[NoOp, NoOp, NoOp, Pull(N,S)];1
[NoOp, NoOp, NoOp, Push(S,W)];1
[NoOp, NoOp, NoOp, Push(W,W)];1
[NoOp, Move(W), NoOp, Push(W,W)];1
[NoOp, Move(N), NoOp, Push(W,W)];1
[NoOp, Move(N), NoOp, NoOp];0
[NoOp, NoOp, NoOp, Pull(E,W)];1
[NoOp, Move(S), NoOp, Pull(E,W)];0
[NoOp, Move(S), NoOp, NoOp];1
[NoOp, Move(S), NoOp, NoOp];0
[NoOp, Move(N), NoOp, NoOp];1
[NoOp, Move(E), NoOp, NoOp];1
[NoOp, Pull(W,E), NoOp, NoOp];1
[NoOp, Pull(N,E), NoOp, NoOp];1
[NoOp, Push(S,S), NoOp, NoOp];0
[NoOp, Pull(E,S), NoOp, NoOp];1
[NoOp, Push(W,N), NoOp, NoOp];1
[NoOp, Push(N,N), NoOp, NoOp];0
[NoOp, Pull(S,N), NoOp, NoOp];1
[NoOp, Pull(E,N), NoOp, NoOp];1
[NoOp, Push(W,S), NoOp, NoOp];0
[NoOp, Pull(E,S), NoOp, NoOp];1
[NoOp, Push(W,N), NoOp, NoOp];0
[NoOp, Push(N,N), NoOp, NoOp];0
[NoOp, Pull(S,N), NoOp, NoOp];1
[NoOp, Pull(E,N), NoOp, NoOp];1
[NoOp, Pull(E,W), NoOp, NoOp];0
[NoOp, Pull(E,W), NoOp, Pull(E,W)];1
[NoOp, Pull(E,W), NoOp, Pull(N,W)];1
[NoOp, NoOp, NoOp, Push(S,S)];0
[NoOp, NoOp, NoOp, Pull(E,S)];1
[NoOp, NoOp, NoOp, Push(W,W)];1
[NoOp, NoOp, NoOp, Push(W,W)];0
[Push(S,S), Push(W,W), NoOp, Push(W,W)];1
[Push(S,S), Push(W,W), NoOp, NoOp];0
[Push(S,S), NoOp, NoOp, NoOp];1
[Pull(N,S), NoOp, NoOp, NoOp];1
[Pull(N,S), Push(W,W), NoOp, Move(E)];1
[Pull(N,S), NoOp, NoOp, NoOp];1
[NoOp, Pull(E,W), NoOp, NoOp];1
[NoOp, Pull(E,W), NoOp, Move(W)];1
[Push(S,S), Push(W,W), Push(N,N), Pull(E,W)];3
[Push(S,S), Push(W,W), Pull(S,N), NoOp];0
[NoOp, NoOp, Pull(S,N), NoOp];1
[Pull(N,S), Push(W,S), Pull(S,N), NoOp];0
[Pull(N,S), Push(S,S), NoOp, NoOp];1
[Pull(N,S), NoOp, NoOp, Move(E)];0
[NoOp, NoOp, NoOp, Move(W)];0
[Push(S,S), Move(N), NoOp, NoOp];1
[Push(S,S), Move(N), NoOp, NoOp];1
[NoOp, Move(S), NoOp, NoOp];0
[NoOp, Move(S), NoOp, NoOp];1
[NoOp, NoOp, NoOp, Pull(E,W)];3
[NoOp, NoOp, NoOp, Pull(E,W)];0
[NoOp, NoOp, NoOp, Pull(E,W)];1
[NoOp, Move(N), NoOp, Pull(E,W)];1
[NoOp, Move(N), NoOp, Pull(E,W)];1
[NoOp, Move(S), NoOp, NoOp];0
[NoOp, Move(S), NoOp, NoOp];1
[Push(S,S), NoOp, NoOp, NoOp];1
[Push(S,S), NoOp, NoOp, NoOp];2
[Push(S,W), NoOp, NoOp, NoOp];0
[Pull(E,W), NoOp, NoOp, NoOp];0
[Push(W,N), NoOp, NoOp, NoOp];0
[Push(N,N), NoOp, NoOp, NoOp];1
[Push(N,N), Pull(N,S), NoOp, NoOp];0
[Push(N,N), Pull(W,S), NoOp, NoOp];1
[Push(N,N), Push(E,E), NoOp, NoOp];0
[NoOp, Push(E,E), NoOp, NoOp];0
[Move(S), NoOp, NoOp, NoOp];1
[Move(S), Pull(W,E), NoOp, NoOp];1
[Move(S), Pull(W,E), NoOp, NoOp];0
[NoOp, Push(E,S), NoOp, NoOp];0
[NoOp, Push(S,S), NoOp, NoOp];1
[Move(S), NoOp, NoOp, NoOp];0
[Move(W), NoOp, NoOp, NoOp];0
[Move(W), Pull(N,S), NoOp, NoOp];1
[Move(W), Pull(N,S), NoOp, NoOp];0
[Move(W), Push(S,E), NoOp, NoOp];0
[Push(W,N), Push(E,E), NoOp, NoOp];0
[Move(E), NoOp, NoOp, NoOp];1
[Move(E), NoOp, NoOp, NoOp];0
[Move(E), Pull(W,E), NoOp, NoOp];1
[Move(E), Pull(N,E), NoOp, NoOp];0
[NoOp, Push(S,S), NoOp, NoOp];1
[NoOp, Push(S,S), NoOp, NoOp];0
[Move(E), NoOp, NoOp, NoOp];1
[Move(N), NoOp, NoOp, NoOp];1
[Move(N), NoOp, NoOp, NoOp];0
[Move(N), NoOp, NoOp, NoOp];1
[Move(N), Pull(N,S), NoOp, NoOp];1
[NoOp, Pull(E,S), NoOp, NoOp];0
[NoOp, Push(W,N), NoOp, NoOp];0
[NoOp, Push(N,N), NoOp, NoOp];1
[NoOp, Pull(S,N), NoOp, NoOp];0
[NoOp, Pull(W,N), NoOp, NoOp];0
[NoOp, Push(E,S), NoOp, NoOp];0
[NoOp, Pull(N,S), NoOp, NoOp];6
[NoOp, Pull(N,S), NoOp, NoOp];1
[NoOp, Pull(N,S), NoOp, NoOp];0
[NoOp, NoOp, Push(N,N), NoOp];2
[NoOp, NoOp, Push(N,N), NoOp];0
[NoOp, NoOp, Push(N,N), NoOp];1
[NoOp, NoOp, Push(N,N), NoOp];0
[NoOp, NoOp, Push(N,W), NoOp];0
[NoOp, NoOp, Push(W,W), NoOp];1
[NoOp, NoOp, Push(W,W), NoOp];0
[NoOp, NoOp, Push(W,W), NoOp];1
[NoOp, NoOp, Push(W,W), NoOp];0
[NoOp, Push(S,S), Push(W,S), NoOp];1
[NoOp, Push(S,S), NoOp, Push(W,W)];0
[NoOp, Push(S,S), NoOp, Push(W,W)];1
[NoOp, Push(S,S), NoOp, NoOp];0
[NoOp, NoOp, Move(E), Push(W,W)];1
[NoOp, NoOp, Move(E), Push(W,N)];0
[NoOp, NoOp, Move(E), Push(N,N)];0
[NoOp, NoOp, Move(E), NoOp];1
[NoOp, NoOp, Move(E), NoOp];0
[NoOp, NoOp, Move(W), NoOp];0
[NoOp, NoOp, Move(W), Pull(S,N)];1
[NoOp, NoOp, Move(W), Pull(E,N)];0
[NoOp, NoOp, NoOp, Pull(E,W)];0
[NoOp, NoOp, NoOp, Pull(E,W)];1
[Pull(S,N), NoOp, NoOp, Push(W,W)];1
[Pull(S,N), NoOp, NoOp, NoOp];0
[Pull(S,N), NoOp, NoOp, NoOp];1
[Pull(S,N), NoOp, NoOp, NoOp];0
[NoOp, NoOp, NoOp, Pull(E,W)];0
[Pull(E,N), NoOp, NoOp, Pull(E,W)];0
[Push(W,W), NoOp, NoOp, Pull(E,W)];1
[Push(W,W), NoOp, NoOp, NoOp];0
[Pull(E,W), NoOp, NoOp, Push(W,W)];1
[Pull(N,W), NoOp, Move(W), Push(W,W)];0
[Push(S,E), NoOp, Move(W), NoOp];0
[Pull(W,E), Push(S,S), NoOp, NoOp];1
[Pull(W,E), Push(S,S), NoOp, NoOp];0
[Pull(W,E), Push(S,S), NoOp, NoOp];0
[Push(E,E), Move(N), NoOp, Push(W,W)];2
[Push(E,E), Move(N), NoOp, NoOp];0
[Push(E,S), NoOp, NoOp, Pull(E,W)];0
[NoOp, NoOp, NoOp, Pull(E,W)];0
[NoOp, NoOp, NoOp, Pull(E,W)];0
[Pull(W,S), NoOp, NoOp, NoOp];0
[Pull(W,E), NoOp, NoOp, NoOp];0
[Pull(W,E), Move(N), NoOp, Push(W,W)];1
[NoOp, Move(N), NoOp, Push(W,W)];0
[NoOp, Move(N), NoOp, Push(W,W)];0
[NoOp, Move(N), NoOp, Push(W,W)];0
[NoOp, Move(N), NoOp, Push(W,N)];0
[NoOp, Move(N), NoOp, Push(N,N)];0
[NoOp, Move(N), NoOp, NoOp];0
[Push(E,E), NoOp, NoOp, NoOp];2
[Push(E,E), Push(N,E), NoOp, NoOp];0
[Push(E,S), NoOp, NoOp, NoOp];0
[Push(S,S), NoOp, NoOp, NoOp];1
[NoOp, NoOp, Move(E), Pull(S,N)];0
[NoOp, NoOp, Move(E), Pull(E,N)];0
[NoOp, NoOp, Move(E), Pull(E,W)];0
[NoOp, NoOp, Move(E), Pull(E,W)];3
[NoOp, NoOp, Move(E), NoOp];1
[NoOp, NoOp, Move(E), NoOp];0
[Move(N), Pull(S,E), NoOp, NoOp];1
[Move(W), Push(N,W), NoOp, NoOp];0
[Move(W), NoOp, NoOp, NoOp];0
[Move(W), NoOp, Move(W), NoOp];0
[Move(W), NoOp, Move(W), NoOp];1
[Move(W), Move(S), Move(W), NoOp];0
[NoOp, Move(S), NoOp, Push(W,W)];0
[NoOp, Move(S), NoOp, Push(W,W)];1
[NoOp, Move(S), NoOp, Push(W,N)];0
[NoOp, Move(N), NoOp, Pull(S,N)];0
[NoOp, Move(N), NoOp, Push(N,E)];1
[NoOp, Move(N), NoOp, Push(E,E)];0
[NoOp, Move(N), Move(E), NoOp];0
[NoOp, Pull(S,W), Move(E), NoOp];1
[NoOp, Push(N,E), Move(S), NoOp];0
[NoOp, Move(S), NoOp, Pull(W,E)];0
[NoOp, Move(S), NoOp, Pull(N,E)];0
[NoOp, Move(S), NoOp, Pull(N,S)];1
[NoOp, Move(N), NoOp, Push(S,S)];0
[NoOp, Move(N), NoOp, Push(S,W)];0
[NoOp, Move(N), NoOp, Push(W,W)];0
[NoOp, NoOp, Move(N), NoOp];1
[NoOp, NoOp, Move(N), NoOp];1
[NoOp, NoOp, Move(N), Pull(E,W)];1
[NoOp, NoOp, NoOp, Pull(S,W)];0
[NoOp, NoOp, NoOp, Push(N,E)];0
[NoOp, NoOp, NoOp, Push(E,E)];1
[NoOp, NoOp, NoOp, Pull(W,E)];0
[NoOp, NoOp, NoOp, Pull(W,E)];1
[NoOp, NoOp, NoOp, Pull(W,E)];0
[NoOp, NoOp, Move(S), Pull(W,E)];0
[NoOp, NoOp, Move(S), Push(E,E)];1
[NoOp, NoOp, Move(S), NoOp];0
[NoOp, NoOp, Move(N), NoOp];0
[NoOp, Move(S), Move(E), NoOp];0
[NoOp, Move(S), Move(E), Push(E,E)];1
[NoOp, Move(S), Move(E), Push(E,S)];0
[NoOp, Move(S), Move(E), NoOp];0
[NoOp, Move(S), Move(E), Move(E)];0
[NoOp, Move(N), Push(E,N), Move(E)];1
[NoOp, Move(N), NoOp, Move(W)];0
[NoOp, Move(N), NoOp, Move(W)];0
[NoOp, Move(N), NoOp, Pull(W,S)];1
[NoOp, Move(N), NoOp, Pull(W,E)];0
[NoOp, Pull(S,E), NoOp, Pull(W,E)];0
[NoOp, Push(N,W), NoOp, Push(E,E)];0
[NoOp, NoOp, NoOp, Push(E,E)];0
[NoOp, NoOp, NoOp, Push(E,N)];0
[NoOp, NoOp, NoOp, Push(N,N)];1
[Move(E), NoOp, NoOp, NoOp];0
[Move(E), NoOp, NoOp, NoOp];0
[Move(E), NoOp, Move(W), NoOp];0
[Move(E), NoOp, Move(W), NoOp];0
[Move(E), NoOp, Move(W), NoOp];2
[Move(S), NoOp, Move(W), NoOp];1
[NoOp, NoOp, Move(W), Pull(S,N)];13
[NoOp, NoOp, NoOp, Pull(W,N)];1
[NoOp, NoOp, NoOp, Pull(W,E)];0
[NoOp, NoOp, Move(W), Pull(W,E)];1
[NoOp, Pull(S,W), Move(W), Move(W)];1
[NoOp, Push(N,E), Move(E), Move(W)];0
[NoOp, NoOp, Move(N), NoOp];0
[NoOp, NoOp, Move(N), Move(E)];0
[NoOp, NoOp, NoOp, Move(E)];0
[Pull(N,S), NoOp, Move(S), Push(E,E)];1
[NoOp, NoOp, NoOp, Pull(W,E)];0
[Pull(E,S), NoOp, NoOp, Pull(W,E)];1
[Pull(E,W), NoOp, NoOp, Pull(W,E)];0
[Pull(E,W), NoOp, NoOp, NoOp];1
[Pull(E,W), NoOp, Move(S), Push(E,E)];0
[Pull(E,W), NoOp, Move(W), Push(E,E)];0
[Pull(E,W), Move(S), NoOp, NoOp];0
[Pull(S,W), Move(S), NoOp, NoOp];1
[Push(N,W), Move(S), Move(E), NoOp];0
[Push(W,W), Move(S), Move(N), NoOp];0
[Push(W,W), NoOp, NoOp, Push(E,E)];1
[Push(W,W), NoOp, Move(S), NoOp];0
[Push(W,W), NoOp, Move(S), NoOp];0
[Push(W,W), NoOp, Move(S), NoOp];1
[Push(W,N), Move(N), NoOp, Pull(W,E)];0
[Push(N,N), Move(N), NoOp, Pull(W,E)];0
[NoOp, Move(N), NoOp, Pull(W,E)];0
[Pull(S,N), Move(N), NoOp, Push(E,E)];1
[Pull(E,N), Pull(S,E), Move(N), Push(E,E)];0
[Pull(E,W), Push(N,W), NoOp, Push(E,E)];0
[Pull(E,W), NoOp, Move(S), Push(E,E)];1
[NoOp, Pull(S,W), Move(S), Push(E,E)];0
[Pull(E,W), Push(N,E), Move(S), NoOp];1
[Pull(E,W), NoOp, NoOp, NoOp];0
[Pull(E,W), NoOp, NoOp, Pull(S,E)];0
[NoOp, NoOp, NoOp, Push(N,N)];1
[NoOp, NoOp, NoOp, Push(N,N)];0
[Push(W,W), NoOp, NoOp, Push(N,N)];0
[Push(W,W), NoOp, NoOp, NoOp];0
[Push(W,W), NoOp, Move(N), NoOp];1
[Push(W,W), NoOp, Move(N), Pull(S,N)];0
[Push(W,W), NoOp, Move(N), NoOp];0
[Push(W,W), NoOp, NoOp, NoOp];0
[Move(E), NoOp, NoOp, NoOp];0
[Move(E), NoOp, NoOp, Move(S)];1
[Move(E), NoOp, NoOp, NoOp];0
[Move(E), NoOp, NoOp, NoOp];0
[Move(E), NoOp, Move(S), Move(N)];0
[Move(E), NoOp, Move(S), NoOp];0
[Move(S), Pull(S,E), Move(S), NoOp];1
[Move(N), Push(N,W), NoOp, Pull(S,N)];0
[Move(W), NoOp, Move(N), Pull(E,N)];0
[Move(W), NoOp, Move(N), Push(W,S)];1
[Move(W), NoOp, NoOp, NoOp];0
[Move(W), NoOp, NoOp, Pull(E,S)];0
[NoOp, NoOp, NoOp, Push(W,N)];0
[NoOp, Pull(S,W), NoOp, Push(N,N)];0
[Move(W), Push(N,E), NoOp, NoOp];1
[Move(W), NoOp, Move(N), NoOp];0
[NoOp, NoOp, Move(S), NoOp];2
[Move(S), NoOp, Move(S), NoOp];0
[Move(S), Pull(S,E), Move(S), Move(S)];0
[NoOp, Push(N,W), NoOp, Move(S)];0
[NoOp, NoOp, NoOp, Move(N)];0
[NoOp, NoOp, NoOp, Move(N)];1
[Move(N), NoOp, NoOp, Pull(S,N)];0
[NoOp, Pull(S,W), NoOp, NoOp];0
[NoOp, Push(N,E), NoOp, Pull(E,N)];0
[NoOp, NoOp, NoOp, Pull(E,W)];1
[NoOp, NoOp, NoOp, Pull(E,W)];0
[Move(N), Move(S), NoOp, Pull(E,W)];0
[Pull(N,W), Move(S), NoOp, Pull(E,W)];0
[Push(S,S), Move(S), NoOp, Pull(E,W)];0
[Push(S,S), Move(S), NoOp, Pull(S,W)];0
[NoOp, Move(S), NoOp, Push(N,W)];0
[Move(N), NoOp, NoOp, Push(W,W)];0
[Move(W), Move(N), NoOp, Push(W,W)];1
[Move(W), Move(N), NoOp, Push(W,W)];0
[Move(W), Move(N), NoOp, Push(W,W)];0
[Move(W), Move(N), NoOp, Push(W,W)];0
[Move(W), NoOp, NoOp, Push(W,W)];0
[NoOp, Move(N), NoOp, Push(W,W)];0
[NoOp, NoOp, NoOp, Pull(E,W)];1
[NoOp, NoOp, NoOp, Pull(E,W)];1
[NoOp, NoOp, NoOp, Push(W,N)];0
[NoOp, NoOp, NoOp, Push(N,N)];0
[Move(E), NoOp, NoOp, NoOp];1
[Move(E), NoOp, NoOp, NoOp];0
[Move(E), NoOp, NoOp, Pull(S,N)];0
[Move(E), NoOp, NoOp, NoOp];0
[NoOp, NoOp, NoOp, Pull(E,N)];0
[NoOp, NoOp, NoOp, Push(W,S)];1
[NoOp, NoOp, NoOp, Pull(N,S)];0
[NoOp, NoOp, NoOp, Pull(N,S)];0
[Move(E), NoOp, NoOp, Pull(N,S)];0
[Move(S), NoOp, NoOp, NoOp];1
[Pull(N,S), NoOp, NoOp, Push(S,S)];1
[NoOp, NoOp, NoOp, Pull(N,S)];0
[Pull(E,S), NoOp, NoOp, Pull(N,S)];0
[Pull(E,W), NoOp, NoOp, Pull(N,S)];0
[Pull(E,W), NoOp, NoOp, Push(S,S)];0
[Pull(E,W), NoOp, Move(N), Push(S,S)];1
[Pull(E,W), NoOp, Move(N), Push(S,S)];0
[Pull(E,W), NoOp, Move(N), Push(S,S)];0
[NoOp, NoOp, NoOp, Push(S,W)];0
[NoOp, NoOp, Move(S), Push(W,W)];0
[Push(W,W), NoOp, Move(S), NoOp];1
[Push(W,W), Move(S), Move(S), NoOp];0
[Push(W,W), Move(S), NoOp, NoOp];1
[Push(W,W), Move(S), NoOp, NoOp];0
[Push(W,W), Move(S), NoOp, NoOp];0
[Push(W,N), NoOp, NoOp, NoOp];0
[NoOp, Move(N), NoOp, NoOp];1
[Pull(S,N), Move(N), NoOp, NoOp];0
[Pull(S,N), Move(N), NoOp, NoOp];0
[Pull(S,N), Move(N), NoOp, NoOp];0
[Push(N,N), Pull(S,E), NoOp, NoOp];1
[Push(N,N), Push(N,W), NoOp, NoOp];1
[Push(N,N), NoOp, NoOp, NoOp];0
[Push(N,N), NoOp, NoOp, NoOp];0
[NoOp, NoOp, Move(N), Pull(E,W)];0
[NoOp, NoOp, Move(N), Pull(E,W)];1
[NoOp, NoOp, Move(N), NoOp];0
[NoOp, NoOp, NoOp, Push(W,W)];0
[NoOp, NoOp, NoOp, Push(W,W)];0
[Move(S), NoOp, NoOp, NoOp];1
[Move(E), NoOp, NoOp, NoOp];0
[Move(E), NoOp, NoOp, NoOp];0
[Move(E), NoOp, Move(N), NoOp];0
[Move(E), NoOp, Move(N), NoOp];0
[NoOp, Pull(S,W), Move(S), NoOp];1
[NoOp, Push(N,E), Move(S), NoOp];0
[Move(W), NoOp, Move(S), Pull(E,W)];0
[Move(W), NoOp, Move(S), Pull(N,W)];1
[Move(W), NoOp, NoOp, NoOp];0
[NoOp, NoOp, NoOp, Push(S,W)];0
[NoOp, NoOp, NoOp, Push(W,W)];0
[Move(W), NoOp, NoOp, NoOp];0
[Move(N), NoOp, NoOp, NoOp];0
[Pull(S,N), NoOp, NoOp, NoOp];1
[Pull(E,N), NoOp, Move(N), NoOp];0
[Push(W,S), NoOp, NoOp, NoOp];0
[NoOp, Pull(S,E), NoOp, NoOp];0
[NoOp, Push(N,W), NoOp, NoOp];0
[Pull(N,S), NoOp, NoOp, NoOp];1
[Pull(N,S), NoOp, NoOp, NoOp];0
[Pull(N,S), NoOp, NoOp, NoOp];0
[Push(S,S), Pull(S,W), Move(N), NoOp];1
[Push(S,S), Push(N,E), NoOp, NoOp];0
[Push(S,E), NoOp, NoOp, NoOp];0
[Push(E,E), NoOp, NoOp, NoOp];0
[NoOp, NoOp, Move(S), Pull(E,W)];1
[NoOp, NoOp, Move(S), Pull(N,W)];0
[NoOp, NoOp, Move(S), Pull(N,S)];0
[Move(W), NoOp, NoOp, Pull(N,S)];0
[Move(S), NoOp, NoOp, NoOp];1
[Move(S), NoOp, NoOp, Push(S,S)];0
[Move(N), NoOp, NoOp, Push(S,S)];0
[NoOp, NoOp, NoOp, Push(S,W)];1
[NoOp, NoOp, NoOp, Push(W,W)];0
[Move(N), NoOp, NoOp, NoOp];0
[Move(E), NoOp, NoOp, NoOp];0
[NoOp, NoOp, NoOp, Move(E)];7
[NoOp, NoOp, NoOp, Move(S)];1
[NoOp, NoOp, NoOp, Move(S)];6
[Push(E,E), NoOp, NoOp, NoOp];1
[Push(E,E), NoOp, NoOp, NoOp];0
[Push(E,E), NoOp, NoOp, NoOp];0
[Push(E,E), NoOp, NoOp, Move(N)];0
[Push(E,S), NoOp, NoOp, Move(N)];0
[NoOp, NoOp, NoOp, Move(N)];0
[NoOp, NoOp, NoOp, Move(N)];0
[Move(W), NoOp, NoOp, NoOp];0
[Move(W), NoOp, NoOp, Move(S)];0
[Move(W), NoOp, NoOp, Move(S)];0
[Move(W), NoOp, NoOp, Move(W)];0
[Move(W), NoOp, NoOp, Pull(E,W)];0
[NoOp, NoOp, NoOp, Pull(S,W)];0
[NoOp, NoOp, NoOp, Pull(S,N)];0
[Move(W), NoOp, NoOp, Pull(S,N)];0
[Move(N), NoOp, NoOp, NoOp];0
[Move(N), NoOp, NoOp, Push(N,N)];0
[Move(S), NoOp, NoOp, Push(N,N)];1
[NoOp, NoOp, NoOp, Push(N,W)];0
[NoOp, NoOp, NoOp, Push(W,W)];0
[NoOp, NoOp, Move(N), Move(E)];0
[NoOp, NoOp, Move(N), Move(S)];1
[Move(S), NoOp, NoOp, NoOp];0
[Move(E), NoOp, NoOp, NoOp];0
[Move(E), NoOp, NoOp, NoOp];1
[Move(E), NoOp, NoOp, Move(N)];0
[Move(E), NoOp, NoOp, Move(N)];0
[Move(E), NoOp, NoOp, NoOp];0
[Move(E), NoOp, Move(N), NoOp];0
[NoOp, NoOp, Move(N), NoOp];1
[NoOp, Pull(S,E), Move(E), NoOp];0
[NoOp, Push(N,W), Move(E), NoOp];1
[NoOp, Pull(S,W), Move(W), Move(S)];0
[NoOp, Push(N,E), NoOp, Move(W)];0
[NoOp, Move(W), Move(W), NoOp];0
[NoOp, NoOp, Move(N), NoOp];0
[NoOp, Move(E), NoOp, NoOp];4
[Move(W), NoOp, NoOp, Pull(E,W)];1
[Move(W), NoOp, NoOp, Pull(S,W)];0
[Move(W), NoOp, NoOp, Pull(S,N)];1
[Move(W), NoOp, NoOp, Pull(S,N)];0
[Move(W), NoOp, Move(S), NoOp];0
[NoOp, NoOp, Move(W), NoOp];0
[Move(E), NoOp, Move(W), NoOp];0
[Move(E), Pull(S,E), NoOp, Push(N,N)];0
[Move(E), Push(N,W), NoOp, Push(N,N)];0
[Move(E), NoOp, NoOp, Push(N,N)];0
[Move(E), NoOp, NoOp, Push(N,N)];0
[Pull(W,S), NoOp, NoOp, NoOp];3
[Pull(W,E), NoOp, NoOp, NoOp];0
[Pull(W,E), NoOp, NoOp, NoOp];1
[Pull(W,E), NoOp, NoOp, NoOp];0
[Pull(W,E), NoOp, NoOp, NoOp];0
[Pull(W,E), NoOp, NoOp, NoOp];1
[Pull(W,E), NoOp, NoOp, NoOp];0
[Push(E,S), NoOp, NoOp, NoOp];0
[Move(W), NoOp, NoOp, NoOp];0
[Move(E), NoOp, NoOp, NoOp];0
[Pull(W,S), NoOp, NoOp, NoOp];1
[Push(E,E), NoOp, NoOp, NoOp];0
[Push(E,E), NoOp, NoOp, NoOp];0
[Push(E,E), NoOp, NoOp, Pull(S,N)];0
[NoOp, NoOp, NoOp, Pull(S,N)];0
[Push(E,E), NoOp, NoOp, Push(N,W)];0
[Push(E,E), NoOp, NoOp, Pull(S,W)];1
[Push(E,E), NoOp, NoOp, Push(N,N)];0
[Push(E,S), Pull(S,W), NoOp, Push(N,N)];0
[NoOp, Push(N,E), NoOp, Pull(S,N)];1
[NoOp, NoOp, NoOp, Pull(S,N)];0
[NoOp, NoOp, NoOp, Pull(S,N)];0
[NoOp, NoOp, NoOp, Pull(S,N)];0
[NoOp, Move(S), Move(E), NoOp];1
[NoOp, Move(S), Move(E), NoOp];0
[NoOp, Move(S), Move(S), NoOp];0
[Move(W), Move(S), NoOp, NoOp];0
[Move(W), Move(S), NoOp, NoOp];0
[Move(W), Move(S), NoOp, NoOp];0
[Move(W), Move(E), NoOp, NoOp];1
[NoOp, NoOp, Move(N), NoOp];0
[NoOp, NoOp, Move(W), NoOp];0
[NoOp, Move(W), Move(W), NoOp];0
[NoOp, Move(N), NoOp, NoOp];0
[NoOp, Move(N), Move(E), NoOp];1
[NoOp, Move(N), Move(E), NoOp];0
[NoOp, Move(N), Move(S), NoOp];0
[Move(W), Move(N), NoOp, NoOp];0
[Move(W), Move(N), NoOp, NoOp];0
[Move(N), NoOp, NoOp, NoOp];2
[Move(N), NoOp, Move(N), NoOp];1
[NoOp, NoOp, Move(E), NoOp];1
[Move(S), Pull(S,E), Move(E), NoOp];0
[Move(S), Push(N,W), Move(E), NoOp];0
[Move(W), NoOp, Move(E), NoOp];0
[Move(W), NoOp, Move(E), NoOp];0
[NoOp, Pull(S,W), Move(E), NoOp];1
[Move(W), Pull(S,N), NoOp, NoOp];4
[Move(W), Pull(S,N), NoOp, Push(N,N)];0
[Move(W), Pull(S,N), NoOp, Push(N,N)];0
[NoOp, Pull(S,N), NoOp, NoOp];1
[NoOp, Push(N,N), NoOp, Pull(S,N)];1
[NoOp, Push(N,N), NoOp, Pull(S,N)];0
[NoOp, Push(N,N), NoOp, NoOp];0
[NoOp, Push(N,N), NoOp, NoOp];0
[NoOp, Push(N,E), NoOp, Push(N,N)];0
[NoOp, Move(S), NoOp, Push(N,N)];1
[NoOp, Move(S), NoOp, Push(N,N)];0
[NoOp, Move(S), NoOp, Push(N,N)];0
[NoOp, NoOp, NoOp, Pull(S,N)];1
[NoOp, NoOp, NoOp, Pull(S,N)];0
[NoOp, NoOp, NoOp, Push(N,W)];0
[NoOp, NoOp, NoOp, Push(W,W)];0
[NoOp, Move(S), NoOp, NoOp];0
[NoOp, Move(S), NoOp, NoOp];0
[NoOp, Move(S), NoOp, NoOp];1
[NoOp, Move(S), NoOp, NoOp];0
[NoOp, Move(S), NoOp, NoOp];0
[NoOp, Move(S), NoOp, NoOp];5
[NoOp, Move(S), NoOp, NoOp];1
[NoOp, Pull(N,S), NoOp, NoOp];0
[NoOp, Pull(N,S), NoOp, NoOp];0
[NoOp, Pull(N,S), NoOp, NoOp];1
[NoOp, Pull(N,S), NoOp, NoOp];0
[NoOp, Pull(N,S), NoOp, NoOp];0
[NoOp, Pull(N,S), NoOp, NoOp];1
[NoOp, Pull(N,S), NoOp, Move(E)];0
[NoOp, NoOp, NoOp, Move(S)];3
[NoOp, Push(S,S), NoOp, Move(S)];1
[NoOp, Push(S,S), NoOp, Move(S)];0
[NoOp, Push(S,E), NoOp, Move(S)];0
[NoOp, Push(E,E), NoOp, Move(S)];0
[NoOp, Push(E,E), NoOp, Push(S,E)];0
[NoOp, Pull(W,E), NoOp, Move(N)];1
[NoOp, Pull(W,E), NoOp, Move(N)];0
[NoOp, Pull(S,E), NoOp, Move(N)];0
[NoOp, Pull(S,N), NoOp, NoOp];0
[NoOp, Push(N,N), Move(W), NoOp];1
[NoOp, Push(N,E), Move(W), NoOp];0
[NoOp, Push(E,E), Move(W), NoOp];0
[NoOp, Move(W), NoOp, Move(N)];1
[NoOp, Move(N), NoOp, Move(N)];0
[NoOp, Move(N), Move(E), Move(N)];0
[NoOp, Move(N), Move(E), Move(W)];0
[NoOp, Move(N), Move(E), NoOp];46
[NoOp, Move(N), NoOp, Pull(E,W)];1
[NoOp, Move(N), NoOp, Pull(E,W)];0
[NoOp, NoOp, NoOp, Push(W,S)];1
[NoOp, NoOp, NoOp, Push(S,S)];0
[NoOp, Move(S), NoOp, Pull(N,S)];0
[NoOp, Move(S), NoOp, Pull(E,S)];0
[NoOp, Move(S), NoOp, Push(W,N)];0
[NoOp, Move(S), NoOp, NoOp];0
[NoOp, NoOp, NoOp, Move(S)];0
[NoOp, NoOp, NoOp, Move(S)];1
[NoOp, NoOp, NoOp, Move(N)];0
[NoOp, NoOp, NoOp, Move(N)];0
[NoOp, NoOp, NoOp, Pull(W,N)];0
[NoOp, NoOp, NoOp, Push(E,S)];0
[NoOp, NoOp, NoOp, Push(S,S)];0
[NoOp, Move(S), NoOp, Move(N)];1
[NoOp, NoOp, NoOp, Move(W)];0
[NoOp, Move(S), NoOp, NoOp];0
[NoOp, Move(S), NoOp, NoOp];0
[NoOp, Move(N), NoOp, NoOp];0
[NoOp, Move(E), NoOp, NoOp];0
[NoOp, Pull(W,E), NoOp, NoOp];0
[NoOp, Pull(N,E), NoOp, NoOp];1
[NoOp, Pull(N,S), NoOp, NoOp];0
[NoOp, Pull(N,S), NoOp, Move(E)];0
[NoOp, Move(N), NoOp, Move(S)];0
[NoOp, Move(N), NoOp, NoOp];46
[NoOp, Move(N), NoOp, Pull(N,S)];0
[NoOp, Pull(S,E), NoOp, Pull(N,S)];1
[NoOp, Push(N,W), NoOp, Push(S,W)];0
[NoOp, Move(S), NoOp, Push(W,W)];0
[NoOp, Move(S), NoOp, Pull(E,W)];0
[NoOp, Move(S), NoOp, Pull(N,W)];0
[NoOp, NoOp, NoOp, Push(S,S)];1
[NoOp, NoOp, NoOp, Push(S,S)];2
[NoOp, Move(N), NoOp, Move(N)];1
[NoOp, Move(N), NoOp, Move(N)];0
[NoOp, Move(N), NoOp, NoOp];0
[NoOp, Pull(S,W), NoOp, Move(S)];0
[NoOp, Push(N,E), NoOp, Move(S)];0
[NoOp, Move(S), NoOp, Pull(N,S)];0
[NoOp, Move(S), NoOp, Pull(N,S)];0
[NoOp, Move(S), NoOp, Push(S,W)];0
[NoOp, NoOp, NoOp, Push(W,W)];3
[NoOp, Push(S,S), NoOp, Move(E)];0
[NoOp, NoOp, NoOp, Move(S)];0
[NoOp, Pull(N,S), NoOp, Move(N)];0
[NoOp, Pull(N,S), NoOp, Move(W)];0
[NoOp, Pull(N,S), NoOp, Pull(E,W)];1
[NoOp, NoOp, NoOp, Pull(N,W)];2
[NoOp, NoOp, NoOp, Push(S,S)];1
[NoOp, NoOp, NoOp, Push(S,S)];2
[NoOp, Push(S,S), NoOp, Move(N)];0
[NoOp, Push(S,S), NoOp, Move(E)];1
[NoOp, Push(S,S), NoOp, Move(E)];0
[NoOp, Push(S,S), NoOp, Move(W)];0
[NoOp, Pull(N,S), NoOp, NoOp];0
[NoOp, Pull(N,S), NoOp, Move(W)];0
[NoOp, NoOp, NoOp, Move(S)];2
[NoOp, Push(S,S), NoOp, NoOp];1
[NoOp, Push(S,S), NoOp, NoOp];0
[NoOp, Push(S,E), NoOp, NoOp];0
[NoOp, Push(E,E), NoOp, NoOp];0
[NoOp, Pull(W,E), NoOp, NoOp];0
[NoOp, Pull(N,E), NoOp, NoOp];0
[NoOp, Push(S,W), NoOp, NoOp];1
[NoOp, Push(W,W), NoOp, NoOp];0
[NoOp, NoOp, Move(W), NoOp];0
[NoOp, Move(E), Move(W), NoOp];0
[NoOp, Move(N), Move(W), NoOp];0
[NoOp, Move(N), Move(W), NoOp];0
[NoOp, Move(N), Move(W), NoOp];0
[NoOp, Move(N), Move(W), NoOp];0
[NoOp, Move(N), Move(N), NoOp];0
[NoOp, Move(N), Move(N), NoOp];0
[NoOp, NoOp, Move(N), NoOp];1
[NoOp, Pull(S,E), Move(N), NoOp];0
[NoOp, Push(N,W), NoOp, NoOp];0
[NoOp, NoOp, NoOp, Pull(N,S)];0
[NoOp, Pull(S,W), Move(S), Pull(N,S)];1
[NoOp, Push(N,E), Move(S), NoOp];0
[NoOp, Move(W), NoOp, Push(S,S)];0
[NoOp, NoOp, NoOp, Push(S,S)];0
[NoOp, NoOp, Move(S), Push(S,S)];0
[NoOp, NoOp, Move(S), NoOp];0
[NoOp, Move(E), Move(W), NoOp];0
[NoOp, Pull(S,E), NoOp, Pull(N,S)];1
[NoOp, Push(N,W), Move(E), NoOp];0
[NoOp, NoOp, Move(E), NoOp];0
[NoOp, Move(S), Move(E), NoOp];0
[NoOp, Move(S), Move(E), NoOp];0
[NoOp, Move(S), Move(E), NoOp];0
[NoOp, Move(S), Move(E), NoOp];0
[NoOp, Move(S), Move(E), NoOp];0
[NoOp, Move(S), NoOp, NoOp];1
[NoOp, Move(W), NoOp, NoOp];0
[NoOp, Pull(E,W), NoOp, NoOp];1
[NoOp, Pull(E,W), NoOp, NoOp];0
[NoOp, Push(W,N), NoOp, NoOp];0
[NoOp, Push(N,N), NoOp, NoOp];0
[NoOp, Push(N,N), NoOp, Pull(N,S)];1
[NoOp, Push(N,N), NoOp, Pull(W,S)];0
[NoOp, Push(N,N), NoOp, Pull(W,E)];0
[NoOp, Push(N,N), NoOp, Pull(W,E)];0
[NoOp, Push(N,E), NoOp, NoOp];0
[NoOp, Pull(S,E), Pull(W,N), NoOp];9
[NoOp, Pull(S,N), Pull(W,E), Push(E,E)];0
[NoOp, Pull(S,N), Pull(W,E), Push(E,E)];0
[NoOp, Pull(S,N), Pull(W,E), NoOp];0
[NoOp, Pull(S,N), Pull(W,E), NoOp];0
[NoOp, Push(N,N), NoOp, Pull(W,E)];0
[NoOp, Push(N,N), Pull(W,E), Pull(W,E)];1
[NoOp, Push(N,N), Pull(N,E), NoOp];0
[NoOp, Push(N,N), Push(S,S), NoOp];0
[NoOp, Push(N,E), Push(S,S), NoOp];0
[NoOp, Pull(S,E), Push(S,S), Push(E,E)];6
[NoOp, Pull(S,N), Push(S,S), Push(E,E)];0
[NoOp, Pull(S,N), Push(S,S), NoOp];0
[NoOp, Pull(S,N), Push(S,S), NoOp];0
[NoOp, Pull(S,N), Push(S,W), NoOp];0
[NoOp, Push(N,N), NoOp, Push(E,S)];0
[NoOp, Push(N,N), NoOp, Push(S,S)];0
[NoOp, Push(N,N), NoOp, NoOp];0
[NoOp, Push(N,N), NoOp, NoOp];1
[NoOp, Push(N,E), NoOp, NoOp];0
[NoOp, Pull(S,W), NoOp, NoOp];0
[NoOp, Pull(S,N), NoOp, NoOp];0
[NoOp, Pull(S,N), NoOp, NoOp];0
[NoOp, Pull(S,N), NoOp, NoOp];0
[NoOp, Pull(S,N), NoOp, NoOp];0
[NoOp, Pull(S,N), NoOp, NoOp];0
[NoOp, Pull(W,N), NoOp, NoOp];1
[NoOp, Push(E,E), NoOp, NoOp];0
[NoOp, Push(E,E), NoOp, NoOp];0
[NoOp, Push(E,E), NoOp, NoOp];0
[NoOp, Move(W), NoOp, NoOp];0
[NoOp, Move(W), NoOp, NoOp];0
[NoOp, Move(N), NoOp, NoOp];0
[NoOp, Move(N), NoOp, NoOp];0
[NoOp, Move(N), NoOp, NoOp];0
[NoOp, Move(N), NoOp, NoOp];0
[NoOp, Move(N), NoOp, NoOp];0
[NoOp, Move(N), NoOp, NoOp];0
[NoOp, Pull(S,E), NoOp, NoOp];1
[NoOp, Pull(S,N), NoOp, NoOp];0
[NoOp, Pull(S,N), NoOp, NoOp];0
[NoOp, Pull(S,N), NoOp, NoOp];0
[NoOp, Pull(S,N), NoOp, NoOp];0
[NoOp, Pull(S,N), NoOp, NoOp];0
[NoOp, Pull(W,N), NoOp, NoOp];0
[NoOp, Pull(W,E), NoOp, NoOp];0
[NoOp, Pull(W,E), NoOp, NoOp];0
[NoOp, Push(E,E), NoOp, NoOp];0
[NoOp, Push(E,E), NoOp, NoOp];0
[NoOp, Push(E,N), NoOp, NoOp];0
[NoOp, Push(N,N), NoOp, NoOp];0
[NoOp, Move(S), NoOp, NoOp];0
[NoOp, Move(E), NoOp, NoOp];0
[NoOp, Move(E), NoOp, NoOp];0
[NoOp, Pull(W,E), NoOp, NoOp];1
[NoOp, Pull(W,E), NoOp, NoOp];0
[NoOp, Pull(N,E), NoOp, NoOp];0
[NoOp, Push(N,N), NoOp, NoOp];0
[NoOp, Move(S), NoOp, NoOp];0
[NoOp, Push(S,E), NoOp, NoOp];0
[NoOp, Pull(W,E), NoOp, NoOp];0
[NoOp, Push(E,N), NoOp, NoOp];0
[NoOp, Push(N,N), NoOp, NoOp];0
[Move(E), Pull(S,N), NoOp, NoOp];1
[Move(E), Pull(W,N), NoOp, NoOp];0
[Move(E), NoOp, NoOp, NoOp];0
[NoOp, Push(E,E), NoOp, NoOp];0
[NoOp, Push(E,E), NoOp, NoOp];0
[NoOp, Move(W), NoOp, NoOp];0
[NoOp, Move(N), NoOp, NoOp];0
[NoOp, Move(N), NoOp, NoOp];0
[NoOp, Push(N,N), NoOp, NoOp];1
[NoOp, Push(N,N), NoOp, NoOp];0
[NoOp, Push(N,N), NoOp, NoOp];0
[NoOp, Push(N,W), NoOp, NoOp];0
[NoOp, Move(S), NoOp, NoOp];0
[NoOp, Move(S), NoOp, NoOp];0
[NoOp, Move(S), NoOp, NoOp];0
[NoOp, Move(S), NoOp, NoOp];0
[NoOp, Move(S), NoOp, NoOp];0
[NoOp, Move(S), NoOp, NoOp];0
[NoOp, Move(E), NoOp, NoOp];0
[NoOp, Pull(W,E), NoOp, NoOp];1
[NoOp, Pull(N,E), NoOp, NoOp];0
[NoOp, Pull(N,S), NoOp, NoOp];0
[NoOp, Pull(N,S), NoOp, NoOp];0
[Move(E), Push(S,S), NoOp, NoOp];2
[Move(E), NoOp, NoOp, NoOp];0
[Move(E), NoOp, NoOp, NoOp];0
[Move(E), Pull(N,S), NoOp, NoOp];0
[Move(E), Pull(N,S), NoOp, NoOp];0
[Move(E), Pull(N,S), NoOp, NoOp];0
[Move(E), NoOp, NoOp, NoOp];0
[Move(E), NoOp, NoOp, NoOp];1
[Pull(N,S), Push(S,S), NoOp, NoOp];1
[Push(S,W), Push(S,S), NoOp, NoOp];0
[Push(W,W), Push(S,S), NoOp, NoOp];0
[Push(W,W), Push(S,S), NoOp, NoOp];0
[Push(W,W), NoOp, NoOp, NoOp];0
[Push(W,W), NoOp, NoOp, NoOp];0
[Pull(E,W), Push(S,W), NoOp, NoOp];1
[Pull(E,W), Push(W,W), NoOp, NoOp];0
[Pull(E,W), Move(E), NoOp, NoOp];0
[Pull(E,W), Move(N), NoOp, NoOp];0
[Pull(S,W), Move(N), NoOp, NoOp];0
[Push(N,N), Move(N), NoOp, NoOp];0
[NoOp, Move(N), NoOp, NoOp];0
[NoOp, Move(N), NoOp, NoOp];0
[NoOp, Move(N), NoOp, NoOp];0
[NoOp, Pull(S,W), NoOp, NoOp];0
[NoOp, Push(N,E), NoOp, NoOp];0
[NoOp, Move(S), NoOp, NoOp];0
[NoOp, Move(S), NoOp, NoOp];1
[NoOp, Move(S), NoOp, NoOp];0
[NoOp, Move(S), NoOp, NoOp];0
[NoOp, Move(S), NoOp, NoOp];0
[NoOp, Move(S), NoOp, NoOp];0
[NoOp, Move(W), NoOp, NoOp];0
[NoOp, Pull(E,W), NoOp, NoOp];0
[NoOp, Pull(N,W), NoOp, NoOp];0
[NoOp, Pull(N,S), NoOp, NoOp];0
[NoOp, Pull(N,S), NoOp, NoOp];0
[NoOp, Pull(N,S), NoOp, NoOp];0
[NoOp, Move(N), NoOp, NoOp];0
[Move(W), Move(N), NoOp, NoOp];0
[Move(W), Move(S), NoOp, NoOp];2
[Move(W), Move(S), NoOp, NoOp];0
[Move(W), Push(S,S), NoOp, NoOp];0
[Move(W), Push(S,S), NoOp, NoOp];0
[Move(W), NoOp, NoOp, NoOp];0
[Move(W), Move(N), NoOp, NoOp];0
[Move(W), Move(N), NoOp, NoOp];0
[Move(W), Move(N), NoOp, NoOp];0
[Move(W), Move(N), NoOp, NoOp];0
[Move(W), Pull(S,E), NoOp, NoOp];0
[NoOp, Push(N,W), NoOp, NoOp];16
[NoOp, Move(S), NoOp, NoOp];0
[NoOp, Move(S), NoOp, NoOp];0
[NoOp, Move(S), NoOp, NoOp];0
[NoOp, Move(S), NoOp, NoOp];0
[NoOp, Move(N), NoOp, NoOp];7
[NoOp, Move(N), NoOp, NoOp];0
[NoOp, Move(N), NoOp, NoOp];0
[NoOp, Move(N), NoOp, NoOp];0
[NoOp, Pull(S,W), NoOp, NoOp];0
[NoOp, Push(N,E), NoOp, NoOp];0
[NoOp, Move(S), NoOp, NoOp];0
[NoOp, Move(S), NoOp, NoOp];0
[NoOp, Move(S), NoOp, NoOp];0
[NoOp, Move(S), NoOp, NoOp];0
[NoOp, Push(S,S), NoOp, NoOp];1
[NoOp, Push(S,E), NoOp, NoOp];0
[NoOp, Pull(W,E), NoOp, NoOp];0
[NoOp, Push(E,N), NoOp, NoOp];0
[NoOp, Push(N,N), NoOp, NoOp];0
[NoOp, Push(N,N), NoOp, NoOp];0
[NoOp, Push(N,N), NoOp, NoOp];0
[NoOp, Push(N,N), NoOp, NoOp];0
[NoOp, Push(N,N), NoOp, NoOp];0
[NoOp, Push(N,W), NoOp, NoOp];0
[NoOp, Pull(S,W), NoOp, NoOp];7
[NoOp, Pull(S,N), NoOp, NoOp];0
[NoOp, Pull(S,N), NoOp, NoOp];0
[NoOp, Pull(S,N), NoOp, NoOp];0
[NoOp, Pull(S,N), NoOp, NoOp];0
[NoOp, Pull(S,N), NoOp, NoOp];0
[NoOp, Pull(W,N), NoOp, NoOp];0
[NoOp, Push(E,E), NoOp, NoOp];0
[NoOp, Pull(N,E), NoOp, NoOp];0
[NoOp, Pull(N,S), NoOp, NoOp];0
[NoOp, Pull(N,S), NoOp, NoOp];0
[NoOp, Pull(N,S), NoOp, NoOp];0
[NoOp, Move(N), NoOp, NoOp];0
[NoOp, Move(N), NoOp, NoOp];0
[NoOp, Pull(S,E), NoOp, NoOp];0
[NoOp, Push(N,W), NoOp, NoOp];0
[NoOp, Pull(S,W), NoOp, NoOp];0
[NoOp, Push(N,E), NoOp, NoOp];1
[NoOp, Pull(S,E), NoOp, NoOp];1
[NoOp, Move(S), NoOp, NoOp];0
[NoOp, Push(S,S), NoOp, NoOp];0
[NoOp, Push(S,S), NoOp, NoOp];0
[NoOp, Push(S,S), NoOp, NoOp];0
[NoOp, Push(S,E), NoOp, NoOp];0
[NoOp, Move(N), NoOp, NoOp];0
[NoOp, Move(N), NoOp, NoOp];0
[NoOp, Move(N), NoOp, NoOp];0
[NoOp, Move(N), NoOp, NoOp];0
[NoOp, Move(N), NoOp, NoOp];0
[NoOp, Pull(S,N), NoOp, NoOp];0
[NoOp, Pull(S,N), NoOp, NoOp];0
[NoOp, Pull(S,N), NoOp, NoOp];0
[NoOp, Pull(S,N), NoOp, NoOp];0
[NoOp, Pull(S,N), NoOp, NoOp];1
[NoOp, Pull(W,N), NoOp, NoOp];0
[NoOp, Pull(W,E), NoOp, NoOp];0
[NoOp, Pull(W,E), NoOp, NoOp];0
[NoOp, Push(E,E), NoOp, NoOp];0
[NoOp, Push(E,E), NoOp, NoOp];1
[NoOp, Push(E,N), NoOp, NoOp];0
[NoOp, Push(N,N), NoOp, NoOp];0
[NoOp, Move(S), NoOp, NoOp];0
[NoOp, Push(E,E), NoOp, NoOp];0
[NoOp, Push(E,E), NoOp, NoOp];0
[NoOp, Push(E,E), NoOp, NoOp];0
[NoOp, Push(E,E), NoOp, NoOp];0
[NoOp, Push(E,E), NoOp, NoOp];0
[NoOp, Push(E,S), NoOp, NoOp];0
[NoOp, NoOp, NoOp, Pull(N,S)];1
[NoOp, Move(W), NoOp, Pull(N,S)];0
[NoOp, Move(W), NoOp, Push(S,W)];0
[NoOp, Move(W), NoOp, Push(W,W)];0
[NoOp, Move(W), NoOp, NoOp];0
[NoOp, Move(W), NoOp, Pull(E,W)];0
[NoOp, NoOp, NoOp, Pull(N,W)];1
[NoOp, NoOp, NoOp, Push(S,S)];0
[NoOp, NoOp, NoOp, Push(S,S)];0
[NoOp, Move(W), NoOp, NoOp];0
[NoOp, Move(N), NoOp, NoOp];0
[NoOp, Push(N,N), NoOp, NoOp];0
[NoOp, Push(N,N), NoOp, NoOp];0
[NoOp, Push(N,N), NoOp, NoOp];0
[NoOp, Push(N,N), NoOp, NoOp];0
[NoOp, Push(N,E), NoOp, NoOp];0
[NoOp, NoOp, NoOp, Pull(N,S)];1
[NoOp, NoOp, NoOp, Pull(E,S)];0
[NoOp, NoOp, NoOp, Push(W,W)];0
[NoOp, NoOp, NoOp, Push(W,W)];0
[NoOp, Move(S), NoOp, Pull(E,W)];0
[NoOp, Move(S), NoOp, Pull(N,W)];0
[NoOp, Move(S), NoOp, Push(S,S)];0
[NoOp, Move(S), NoOp, Push(S,S)];0
[NoOp, Move(S), NoOp, Move(N)];0
[NoOp, NoOp, NoOp, Move(W)];0
[NoOp, Move(S), NoOp, Move(W)];0
[NoOp, Move(E), NoOp, NoOp];0
[NoOp, Move(E), NoOp, Move(E)];0
[NoOp, NoOp, NoOp, Move(E)];0
[NoOp, Move(W), NoOp, Move(S)];0
[NoOp, Move(W), NoOp, NoOp];0
[NoOp, Move(N), NoOp, NoOp];0
[NoOp, Move(N), NoOp, NoOp];0
[NoOp, Move(N), NoOp, NoOp];0
[NoOp, Move(N), NoOp, NoOp];0
[NoOp, Move(N), NoOp, NoOp];0
[NoOp, Move(N), NoOp, NoOp];0
[NoOp, Pull(S,E), NoOp, NoOp];45
[NoOp, Pull(S,N), NoOp, NoOp];0
[NoOp, Pull(S,N), NoOp, NoOp];0
[NoOp, Pull(S,N), NoOp, NoOp];0
[NoOp, Pull(S,N), NoOp, NoOp];0
[NoOp, Pull(S,N), NoOp, NoOp];0
[NoOp, Pull(E,N), NoOp, NoOp];0
[NoOp, Push(W,W), NoOp, NoOp];0
[NoOp, Push(W,W), NoOp, NoOp];0
[NoOp, NoOp, NoOp, Pull(N,S)];0
[NoOp, NoOp, NoOp, Pull(N,S)];0
[NoOp, NoOp, NoOp, Pull(N,S)];0
[NoOp, Pull(E,W), NoOp, Pull(N,S)];0
[NoOp, Pull(S,W), NoOp, Pull(N,S)];0
[NoOp, Pull(S,N), NoOp, Pull(N,S)];0
[NoOp, Pull(S,N), NoOp, Pull(N,S)];0
[NoOp, NoOp, NoOp, Pull(W,S)];0
[NoOp, NoOp, NoOp, Push(E,E)];0
[Pull(E,N), Push(N,N), NoOp, NoOp];1
[Pull(E,W), NoOp, NoOp, NoOp];0
[Pull(E,W), NoOp, NoOp, NoOp];0
[Pull(E,W), NoOp, NoOp, NoOp];46
[Pull(E,W), NoOp, NoOp, NoOp];0
[Push(W,W), NoOp, NoOp, NoOp];1
[Push(W,W), Push(N,N), NoOp, NoOp];0
[Push(W,W), Push(N,N), NoOp, NoOp];0
[Push(W,W), Push(N,N), NoOp, NoOp];0
[NoOp, Pull(S,N), Move(N), NoOp];1
[NoOp, Pull(W,N), Move(N), NoOp];0
[NoOp, Push(E,S), Move(N), NoOp];0
[NoOp, Push(S,S), NoOp, NoOp];0
[NoOp, Move(N), NoOp, NoOp];0
[NoOp, Move(N), NoOp, NoOp];0
[NoOp, Move(S), NoOp, NoOp];0
[NoOp, Move(S), NoOp, NoOp];0
[Move(E), Pull(N,S), NoOp, NoOp];1
[Move(E), Pull(E,S), NoOp, NoOp];0
[Move(E), Push(W,N), NoOp, NoOp];0
[NoOp, Push(N,N), NoOp, NoOp];0
[Move(W), Move(S), Move(N), NoOp];0
[Move(W), Move(S), NoOp, NoOp];0
[Move(W), NoOp, NoOp, NoOp];0
[NoOp, Move(N), NoOp, NoOp];21
[NoOp, Move(N), NoOp, NoOp];0
[NoOp, Pull(S,N), Move(N), NoOp];1
[NoOp, Pull(E,N), NoOp, NoOp];0
[NoOp, Pull(E,W), NoOp, NoOp];0
[NoOp, Pull(E,W), Move(N), NoOp];0
[NoOp, NoOp, Move(W), NoOp];0
[NoOp, NoOp, Move(E), Move(S)];0
[NoOp, NoOp, Move(S), Move(S)];0
[NoOp, NoOp, Move(S), Move(S)];0
[NoOp, NoOp, NoOp, Move(S)];0
[NoOp, NoOp, Move(N), Move(S)];0
[NoOp, NoOp, Move(N), NoOp];0
[NoOp, NoOp, Move(W), NoOp];1
[NoOp, NoOp, Move(W), Move(S)];0
[NoOp, NoOp, NoOp, Move(S)];0
[NoOp, NoOp, Move(E), Move(S)];0
[NoOp, NoOp, Move(E), Move(S)];0
[NoOp, NoOp, Move(E), Move(S)];0
[NoOp, NoOp, NoOp, Move(S)];0
[Pull(E,W), NoOp, NoOp, Move(S)];1
[Pull(E,W), NoOp, NoOp, NoOp];42
[Pull(E,W), NoOp, NoOp, Pull(N,E)];0
[Pull(E,W), NoOp, NoOp, Pull(N,S)];0
[Pull(S,W), NoOp, NoOp, Pull(N,S)];0
[Push(N,N), NoOp, NoOp, Pull(N,S)];0
[Push(N,N), NoOp, NoOp, NoOp];0
[Push(N,N), NoOp, Move(W), Pull(N,S)];1
[Push(N,N), NoOp, Move(W), NoOp];0
[Push(N,N), NoOp, Move(W), Move(N)];0
[Push(N,N), NoOp, NoOp, Move(N)];0
[Push(N,W), NoOp, NoOp, Move(N)];0
[NoOp, NoOp, NoOp, Move(S)];0
[NoOp, NoOp, NoOp, Move(S)];0
[NoOp, NoOp, NoOp, Move(S)];0
[NoOp, NoOp, NoOp, Pull(N,S)];0
[NoOp, NoOp, NoOp, Pull(W,S)];0
[NoOp, NoOp, NoOp, Push(E,N)];0
[NoOp, NoOp, NoOp, Push(N,N)];0
[NoOp, Push(W,W), Move(E), NoOp];0
[NoOp, Push(W,W), NoOp, NoOp];0
[NoOp, Push(W,S), NoOp, NoOp];0
[NoOp, Push(S,S), NoOp, NoOp];0
[NoOp, Push(S,S), Move(E), NoOp];0
[NoOp, Push(S,S), Move(E), NoOp];0
[NoOp, Push(S,S), Move(E), NoOp];0
[NoOp, Push(S,S), NoOp, Pull(S,N)];1
[NoOp, Push(S,E), NoOp, Pull(E,N)];0
[NoOp, NoOp, NoOp, Push(W,W)];0
[NoOp, NoOp, NoOp, Push(W,W)];0
[NoOp, NoOp, NoOp, Push(W,W)];0
[NoOp, NoOp, NoOp, Push(W,W)];0
[NoOp, NoOp, NoOp, Push(W,W)];0
[NoOp, NoOp, NoOp, Push(W,N)];0
6ed4776ba51dc7acf2f0eef79aa8bae0d61b3624
successful
700
1004
f2604329948d02828a40375c5083c637ec28da5d
1495032356695
