blue: 0,3,A,B,E
red: 1,4,D
green: 2,5,C,V,G,N,M,H
orange: F
++++++++++++++++++++++++++++++++++++++++++++++++++++++++++++++++++
+a  A  +  0      1     2        FFa  A  +  3      4     5        +
+++++  +                     +++FF++++  +                     ++++
+a  A  + BA     D  D    CC      FFa  A  + BA     D   D   CC      +
++++++ ++++a++d+++d++c++++++++++FF+++++ ++++a++d+++d++c+++++++++++
+         +b++ + + ++c++        FF         +b++ + + ++c++        +
+            +     +            FF            +     +            +
+            +D   D+            FF            +D   D+            +
+  +++++++++++D    +            FF  +++++++++++D    +            +
+A           +d   d+            FFA           +d   d+            +
+a++       + +++ +++            FFa++       + +++ +++            +
+b+B       + +++D+++            FFb+B       + +++D+++            +
+e+E       + +++d+++CVGNMH      FFe+E       + +++d+++CVGNMH      +
++++++++++++ +++d++++++++++++++hFF+++++++++++ +++d++++++++++++++h+
+            +++     DD      ++mFF            +++     DD      ++m+
+            +++             ++nFF            +++             ++n+
+            +++     dd      ++gFF            +++     dd      ++g+
+            +++     dd      ++vFF            +++     dd      ++v+
+            +++     DD      ++cFF            +++     DD      ++c+
++++++++++++++++++++++++++++++++++++++++++++++++++++++++++++++++++

[Move(E), Move(W), Move(E), Move(E), Move(W), Move(E)];105
[Move(S), Move(S), Move(S), Move(S), Move(S), Move(S)];0
[Move(S), Push(S,W), Push(S,W), Move(S), Push(S,W), Push(S,W)];23
[Move(S), Push(W,W), Push(W,W), Move(S), Push(W,W), Push(W,W)];1
[Move(S), Push(W,S), Push(W,W), Move(S), Push(W,S), Push(W,W)];1
[Move(S), Move(E), Push(W,S), Move(S), Move(E), Push(W,S)];11
[Move(W), Move(E), Push(S,S), Move(W), Move(E), Push(S,S)];1
[Move(W), Move(E), Move(N), Move(W), Move(E), Move(N)];8
[Move(W), Move(E), Move(E), Move(W), Move(E), Move(E)];0
[Move(W), Pull(N,E), Move(E), Move(W), Move(E), Move(E)];1
[Move(W), Push(S,S), Move(E), Move(W), Pull(N,E), Move(E)];2
[Move(N), Pull(E,S), Pull(W,E), Move(N), Push(S,W), Pull(N,E)];10
[Move(N), Push(W,N), Pull(N,E), Move(N), Push(W,S), Push(S,W)];1
[Move(N), Push(N,N), Push(S,W), Move(N), Pull(W,S), Push(W,W)];6
[Move(W), Move(S), Push(W,W), Move(W), Push(E,N), Push(W,W)];0
[Move(N), Move(S), Push(W,S), Move(N), Push(N,N), Push(W,S)];0
[Move(N), Move(S), Pull(N,S), Move(N), Move(S), Pull(N,S)];11
[Push(W,W), Move(S), Pull(W,S), Push(W,W), Move(S), Pull(E,S)];1
[Push(W,W), Push(S,S), Pull(N,E), Push(W,W), Move(S), Push(W,N)];2
[Push(W,W), Push(S,S), Pull(E,S), Push(W,W), Move(S), Push(N,W)];0
[Move(E), Move(N), Pull(S,W), Move(E), Push(S,S), Pull(S,W)];19
[Move(E), Move(N), Pull(S,N), Move(E), Push(S,S), Pull(S,N)];1
[Move(E), Move(N), Pull(S,N), Move(E), Move(N), Move(S)];4
[Move(S), Move(N), Push(S,S), Move(S), Move(N), Push(S,S)];1
[Move(S), Move(N), Push(S,S), Move(S), Move(N), Push(S,S)];1
[Push(W,W), Move(N), Push(S,S), Push(W,W), Move(N), Push(S,S)];1
[Push(W,W), Pull(E,N), Move(W), Push(W,W), Move(N), Move(W)];2
[Push(W,W), Push(W,S), Move(S), Push(W,W), Move(N), Move(S)];0
[Move(E), Push(S,S), Move(S), Move(E), Pull(S,N), Move(S)];10
[Move(E), Pull(N,S), Move(S), Move(E), Pull(W,N), Move(S)];6
[Move(E), Pull(W,S), Move(S), Move(E), Push(E,S), Move(S)];0
[Move(E), Push(E,N), Pull(E,S), Move(E), Pull(W,S), Pull(E,S)];20
[Move(S), Push(N,W), Pull(E,W), Move(S), Pull(W,E), Pull(E,W)];1
[Move(S), Pull(S,W), Pull(E,W), Move(S), Push(E,N), Pull(E,W)];5
[Move(E), Pull(S,N), Pull(E,W), Move(E), Push(N,N), Pull(E,W)];1
[Move(E), Pull(S,N), Pull(E,W), Move(E), Pull(E,N), Pull(E,W)];4
[Move(E), Pull(S,N), Pull(E,W), Move(E), Pull(S,W), Pull(E,W)];0
[Move(S), Move(S), Pull(E,W), Move(S), Pull(S,N), Pull(E,W)];1
[Move(E), Move(W), Pull(E,W), Move(E), Pull(S,N), Pull(E,W)];0
[Move(E), Move(S), Pull(E,W), Move(E), Move(S), Pull(E,W)];0
[Move(N), Move(S), Pull(E,W), Move(N), Move(S), Pull(E,W)];1
[Move(N), Move(W), Pull(E,W), Move(N), Move(W), Pull(S,W)];0
[Move(N), Move(S), Push(W,S), Move(N), Move(W), Pull(E,N)];1
[Move(N), Move(S), Push(S,E), Move(N), Move(S), Pull(N,W)];0
[Move(W), Pull(N,S), Push(E,S), Move(W), Move(S), Push(S,S)];0
[Move(W), Pull(E,S), Push(S,S), Move(W), Move(S), Push(S,S)];1
[Pull(E,S), Push(W,W), Push(S,S), Pull(W,S), Pull(N,S), Push(S,S)];4
[Pull(N,W), Push(W,W), Push(S,S), Push(E,E), Pull(E,S), Push(S,S)];0
[Push(S,E), Move(E), Push(S,S), Push(E,E), Push(W,W), Push(S,S)];1
[Push(E,S), Move(S), Push(S,S), Push(E,S), Push(W,W), Push(S,S)];0
[Push(S,S), Move(S), Move(N), Push(S,S), Move(E), Move(N)];4
[Push(S,S), Move(S), Move(N), Push(S,S), Move(S), Move(N)];0
[Move(N), Move(S), Move(N), Move(N), Move(S), Move(N)];4
[Pull(E,W), Move(S), Move(N), Pull(N,W), Move(S), Move(N)];1
[Push(W,S), Move(E), Move(N), Push(S,S), Move(S), Move(N)];0
[Pull(E,S), Move(E), Move(W), Pull(E,S), Move(S), Move(W)];9
[Push(W,N), Move(E), Move(W), Push(W,W), Move(E), Move(W)];0
[Push(N,N), Move(E), Move(W), Push(W,N), Move(E), Move(W)];1
[Push(N,W), Push(E,S), Move(W), Push(N,N), Move(E), Move(W)];1
[Pull(S,W), Push(S,S), Move(W), Pull(E,N), Move(E), Move(W)];3
[Pull(S,N), Move(E), Move(N), Pull(S,W), Push(E,S), Move(N)];3
[Move(S), Pull(E,N), Move(W), Pull(S,N), Push(S,S), Move(W)];1
[Push(S,S), Push(W,S), Move(W), Push(S,S), Move(E), Move(W)];3
[Push(S,S), Move(W), Move(W), Push(S,W), Pull(W,N), Move(W)];3
[Push(S,W), Move(W), Move(W), Push(W,S), Push(E,S), Move(W)];0
[Move(N), Move(W), Move(N), Move(W), Move(W), Move(N)];3
[Move(W), Move(W), Move(N), Move(W), Move(W), Move(N)];0
[Move(W), Move(W), Move(N), Move(W), Move(W), Move(N)];1
[Move(W), Move(W), Move(N), Move(W), Move(W), Move(N)];0
[Move(W), Move(N), Move(W), Move(W), Move(W), Move(W)];0
[Move(W), Move(N), Move(N), Move(W), Move(W), Move(N)];0
[Move(W), Move(N), Move(N), Move(W), Move(N), Move(N)];0
[Move(W), Move(N), Move(N), Move(W), Move(N), Move(N)];1
[Move(W), Move(N), Push(N,E), Move(W), Move(N), Move(N)];1
[Move(W), Move(N), Pull(W,E), Move(S), Move(N), Pull(W,N)];0
[Move(W), Move(W), Push(E,S), Move(S), Move(N), Push(E,S)];1
[Move(S), Move(N), Pull(W,S), Pull(N,S), Move(N), Pull(W,S)];4
[Move(S), Pull(N,W), Push(E,N), Pull(N,S), Move(W), Push(E,N)];3
[Pull(N,S), Push(S,S), Push(N,N), Pull(N,S), Move(N), Push(N,N)];1
[Pull(E,S), Push(S,E), Move(S), NoOp, Pull(S,W), Move(S)];2
[Push(W,N), Push(E,S), Move(S), Move(E), Pull(E,N), Move(S)];3
[NoOp, Push(S,S), Move(S), Move(S), Pull(E,W), Move(S)];0
[Move(E), Push(S,S), Move(S), Move(S), Push(W,S), Move(S)];3
[Move(S), Push(S,S), Move(S), Move(S), Push(S,S), Move(S)];1
[Move(S), Move(N), Pull(W,S), Move(S), Push(S,S), Pull(W,S)];3
[Move(E), Move(N), Push(E,N), Move(E), Push(S,S), Push(E,N)];0
[Move(E), Move(N), Push(N,N), Move(E), Move(N), Push(N,N)];3
[Move(S), Move(W), Pull(W,N), Move(S), Move(N), Pull(E,N)];5
[Move(S), Move(N), Push(E,S), Move(S), Move(N), Push(W,S)];0
[Move(S), Move(W), Push(S,S), Move(S), Move(W), Push(S,S)];1
[Pull(N,W), Pull(E,N), Move(N), Pull(N,W), Move(N), Move(N)];7
[Pull(N,S), Pull(E,W), Move(N), Pull(N,S), Move(W), Move(N)];0
[Pull(N,S), Push(W,S), Move(N), Pull(N,S), Pull(E,N), Move(N)];2
[Pull(W,S), Push(S,E), Move(N), Pull(E,S), Pull(E,W), Move(N)];1
[Pull(W,E), Push(E,S), Move(N), Push(W,W), Pull(S,W), Move(N)];0
[Pull(W,E), Push(S,S), Pull(S,N), Push(W,W), Pull(W,N), Pull(E,N)];1
[Pull(N,E), Push(S,S), Pull(E,N), Push(W,W), Push(E,S), Push(W,S)];1
[Push(S,S), Pull(N,S), Push(W,S), Push(W,S), Push(S,S), Push(S,S)];3
[Push(S,S), Pull(N,S), Pull(N,S), Push(S,S), Push(S,S), Pull(N,S)];3
[Push(S,S), Pull(N,S), Pull(W,S), Push(S,S), Pull(N,S), Pull(N,S)];2
[Move(N), Pull(N,S), Push(E,N), Move(N), Pull(N,S), Pull(E,S)];3
[Move(N), Pull(E,S), Move(S), Move(N), Pull(N,S), Move(S)];0
[Move(E), Push(W,W), Move(S), Move(E), Pull(E,S), Move(W)];1
[Move(N), Push(W,W), Move(S), Move(N), Push(W,N), Move(S)];0
[Move(N), Push(W,N), Move(S), Move(N), Pull(S,N), Move(S)];1
[Move(E), Push(N,N), Move(S), Move(E), Pull(S,N), Move(S)];0
[Move(E), Move(E), Pull(N,S), Move(E), Pull(S,N), Move(S)];6
[Move(E), Move(E), Pull(E,S), Move(E), Move(S), Move(S)];0
[Move(E), Move(S), Push(W,N), Move(E), Push(S,S), Pull(E,S)];1
[Move(E), Move(S), Pull(E,N), Move(E), Push(S,S), Push(W,N)];2
[Move(E), Move(S), Push(W,S), Move(E), Push(S,S), Push(N,N)];0
[Move(E), Move(S), Push(S,S), Move(E), Push(S,S), Pull(S,N)];2
[Move(N), Move(S), Move(N), Move(N), Move(E), Pull(E,N)];0
[Move(E), Move(S), Move(N), Move(E), Move(E), Push(W,S)];1
[Move(E), Push(S,S), Move(N), Move(E), Move(E), Move(N)];0
[Move(N), Push(S,S), Move(N), Move(N), Move(E), Move(N)];0
[Move(N), Push(S,S), Move(N), Move(N), Move(S), Move(N)];0
[Move(N), Push(S,S), Pull(S,N), Pull(S,N), Move(E), Move(N)];1
[Pull(E,N), Move(E), Pull(E,N), Move(S), Pull(W,S), Move(N)];2
[Push(W,S), Move(E), Push(W,S), Move(W), Move(W), Pull(S,N)];2
[Pull(N,S), Move(E), Pull(N,S), Pull(E,S), Move(W), Pull(W,N)];4
[Pull(N,S), Move(E), Pull(W,S), Pull(S,W), Move(W), Push(E,S)];0
[Pull(E,S), Move(S), Push(E,N), Push(N,N), Move(N), Pull(E,S)];2
[Move(S), Move(E), Move(S), Move(W), Move(W), Push(W,N)];1
[Move(W), Pull(W,S), Move(S), Move(W), Move(N), Push(N,N)];0
[Move(S), Move(S), Move(S), Move(W), Move(N), Move(S)];2
[Move(S), Move(E), Move(S), Move(W), Move(N), Move(S)];0
[Move(S), Push(E,N), Move(S), Move(W), Move(N), Move(S)];0
[Move(S), NoOp, Pull(N,S), Move(W), Move(N), Move(S)];2
[Move(W), NoOp, Pull(E,S), Move(W), Pull(S,N), Move(S)];1
[Pull(W,S), NoOp, Push(W,N), Move(W), Pull(S,N), Pull(E,S)];2
[Push(E,E), NoOp, Pull(E,N), Move(W), Move(S), Push(W,N)];4
[Push(E,N), NoOp, Push(W,S), Move(S), Move(S), Push(N,N)];2
[Pull(W,N), NoOp, Push(S,S), Move(S), Move(S), Pull(S,N)];4
[Pull(S,E), NoOp, Move(N), Move(S), Pull(N,S), Pull(S,N)];2
[Pull(E,N), NoOp, Move(N), Move(E), Pull(E,S), Pull(S,N)];1
[Move(N), NoOp, Move(N), Move(E), Push(W,N), Move(W)];1
[Move(N), NoOp, Move(N), Move(S), Push(N,N), Move(N)];1
[Move(N), NoOp, Move(N), Move(S), Move(E), Move(N)];2
[Move(N), NoOp, Pull(S,N), Pull(E,W), Move(E), Move(E)];3
[Move(N), NoOp, Pull(E,N), Push(W,N), Move(E), Move(N)];1
[Pull(W,N), NoOp, Push(W,S), Push(N,N), Move(E), Move(N)];1
[Push(E,S), NoOp, Pull(N,S), Push(N,W), Move(S), Move(N)];2
[Push(S,S), NoOp, Pull(E,S), Push(W,W), Move(S), Move(N)];1
[Pull(W,S), NoOp, Push(W,N), Push(W,W), Move(S), Move(N)];2
[Push(E,N), NoOp, Move(S), Push(W,S), Move(S), Pull(W,N)];1
[Push(N,N), NoOp, Move(S), Push(S,S), Move(E), Push(E,S)];1
[Move(S), NoOp, Move(S), Move(N), Push(E,N), Push(S,S)];1
[Move(S), NoOp, Move(S), Move(N), NoOp, Pull(W,S)];3
[Move(S), NoOp, Move(S), Move(N), NoOp, Push(E,N)];1
[Move(S), NoOp, Pull(E,S), Pull(S,N), NoOp, Push(N,N)];2
[Move(W), NoOp, Push(W,N), Pull(S,N), NoOp, Move(S)];1
[Pull(E,S), NoOp, Push(N,N), Pull(E,N), NoOp, Move(S)];2
[Pull(S,W), NoOp, Pull(E,N), Push(W,S), NoOp, Move(S)];2
[Push(N,N), NoOp, Push(W,S), NoOp, NoOp, Move(S)];2
[Pull(S,N), NoOp, Push(S,S), NoOp, NoOp, Move(S)];3
[Pull(E,N), NoOp, Move(N), NoOp, NoOp, Pull(E,S)];4
[Push(W,W), NoOp, Move(N), NoOp, NoOp, Push(W,N)];2
[Move(N), NoOp, Move(N), NoOp, NoOp, Push(N,N)];2
[Move(N), NoOp, Move(N), NoOp, NoOp, Pull(W,N)];3
[Move(N), NoOp, Move(N), NoOp, NoOp, Push(E,S)];2
[Move(N), NoOp, Pull(S,N), NoOp, NoOp, Push(S,S)];3
[Move(N), NoOp, Pull(W,N), NoOp, NoOp, Move(N)];2
[Pull(S,N), NoOp, Push(E,S), NoOp, NoOp, Move(N)];2
[Pull(E,N), NoOp, Pull(N,S), NoOp, NoOp, Move(N)];3
[Push(W,S), NoOp, Pull(W,S), NoOp, NoOp, Move(N)];2
[Pull(E,S), NoOp, Push(E,N), NoOp, NoOp, Move(N)];3
[Push(W,N), NoOp, Move(S), NoOp, NoOp, Pull(E,N)];3
[Push(N,N), NoOp, Move(S), NoOp, NoOp, Push(W,S)];2
[Move(S), NoOp, Move(S), NoOp, NoOp, Push(S,S)];2
[Move(S), NoOp, Move(S), NoOp, NoOp, Pull(E,S)];4
[Move(S), NoOp, Move(S), NoOp, NoOp, Push(W,N)];1
[Move(S), NoOp, Pull(N,S), NoOp, NoOp, Push(N,N)];3
[Move(W), NoOp, Pull(E,S), NoOp, NoOp, Move(S)];2
[Push(S,E), NoOp, Push(W,N), NoOp, NoOp, Move(S)];2
[Push(E,N), NoOp, Pull(W,N), NoOp, NoOp, Move(S)];3
[Push(N,N), NoOp, Push(E,S), NoOp, NoOp, Move(S)];2
[Pull(W,N), NoOp, Push(S,S), NoOp, NoOp, Move(S)];3
[Pull(S,E), NoOp, Move(N), NoOp, NoOp, Pull(E,S)];2
[Pull(E,N), NoOp, Move(N), NoOp, NoOp, Push(W,N)];2
[Move(N), NoOp, Move(N), NoOp, NoOp, Push(N,N)];2
[Move(N), NoOp, Move(N), NoOp, NoOp, Pull(W,N)];3
[Move(N), NoOp, Move(N), NoOp, NoOp, Push(E,S)];2
[Move(N), NoOp, Pull(E,N), NoOp, NoOp, Push(S,S)];2
[Move(N), NoOp, Push(W,S), NoOp, NoOp, Move(N)];1
[Pull(S,N), NoOp, Push(S,S), NoOp, NoOp, Move(N)];5
[Pull(W,N), NoOp, Pull(N,S), NoOp, NoOp, Move(N)];3
[Push(E,S), NoOp, Pull(E,S), NoOp, NoOp, Move(N)];2
[Pull(W,S), NoOp, Push(W,N), NoOp, NoOp, Move(N)];2
[Push(E,N), NoOp, Move(S), NoOp, NoOp, Pull(S,N)];3
[Push(N,N), NoOp, Move(S), NoOp, NoOp, Pull(W,N)];2
[Move(S), NoOp, Move(S), NoOp, NoOp, Push(E,S)];2
[Move(S), NoOp, Move(S), NoOp, NoOp, Pull(W,S)];3
[Move(S), NoOp, Move(S), NoOp, NoOp, Push(E,N)];2
[Move(S), NoOp, Pull(E,S), NoOp, NoOp, Push(N,N)];2
[Move(W), NoOp, Push(W,N), NoOp, NoOp, Move(S)];2
[Push(S,E), NoOp, Push(N,N), NoOp, NoOp, Move(S)];3
[Push(E,N), NoOp, Pull(S,N), NoOp, NoOp, Move(S)];2
[Push(N,N), NoOp, Pull(W,N), NoOp, NoOp, Move(S)];2
[Pull(E,N), NoOp, Push(E,S), NoOp, NoOp, Move(S)];3
[Push(W,S), NoOp, Move(N), NoOp, NoOp, Pull(N,S)];4
[Push(S,W), NoOp, Move(N), NoOp, NoOp, Pull(E,S)];3
[Move(N), NoOp, Move(N), NoOp, NoOp, Push(W,N)];3
[Move(N), NoOp, Move(N), NoOp, NoOp, Pull(E,N)];5
[Move(N), NoOp, Move(N), NoOp, NoOp, Push(W,S)];4
[Move(N), NoOp, Pull(S,N), NoOp, NoOp, Push(S,S)];4
[Move(N), NoOp, Pull(W,N), NoOp, NoOp, Move(N)];3
[Pull(S,N), NoOp, Push(E,S), NoOp, NoOp, Move(N)];4
[Pull(W,N), NoOp, Pull(E,S), NoOp, NoOp, Move(N)];5
[Push(E,S), NoOp, Push(W,N), NoOp, NoOp, Move(N)];3
[Pull(N,S), NoOp, Push(N,N), NoOp, NoOp, Move(N)];5
[Pull(W,S), NoOp, Move(S), NoOp, NoOp, Pull(W,N)];5
[Push(E,N), NoOp, Move(S), NoOp, NoOp, Push(E,S)];3
[Move(S), NoOp, Move(S), NoOp, NoOp, Push(S,S)];5
[Move(S), NoOp, Move(S), NoOp, NoOp, Pull(W,S)];3
[Move(S), NoOp, Move(S), NoOp, NoOp, Push(E,N)];2
[Move(S), NoOp, Pull(N,S), NoOp, NoOp, Push(N,N)];3
[Move(W), NoOp, Pull(E,S), NoOp, NoOp, Move(S)];2
[Pull(E,S), NoOp, Push(W,N), NoOp, NoOp, Move(S)];2
[Pull(N,W), NoOp, Pull(S,N), NoOp, NoOp, Move(S)];3
[Pull(N,S), NoOp, Pull(E,N), NoOp, NoOp, Move(S)];2
[Move(N), NoOp, Push(W,S), NoOp, NoOp, Move(S)];2
[Move(N), NoOp, Move(N), NoOp, NoOp, Pull(N,S)];2
[Pull(W,N), NoOp, Move(N), NoOp, NoOp, Pull(W,S)];2
[Push(E,S), NoOp, Move(N), NoOp, NoOp, Push(E,N)];2
[Push(S,S), NoOp, Move(N), NoOp, NoOp, Pull(W,N)];3
[Pull(N,S), NoOp, Move(N), NoOp, NoOp, Push(E,S)];3
[Pull(W,S), NoOp, Pull(S,N), NoOp, NoOp, Push(S,S)];2
[Push(E,N), NoOp, Pull(W,N), NoOp, NoOp, Move(N)];2
[Push(N,W), NoOp, Push(E,S), NoOp, NoOp, Move(N)];2
[Pull(S,W), NoOp, Pull(W,S), NoOp, NoOp, Move(N)];4
[Pull(S,N), NoOp, Push(E,N), NoOp, NoOp, Move(N)];1
[Move(S), NoOp, Push(N,N), NoOp, NoOp, Move(N)];2
[Push(S,S), NoOp, Move(S), NoOp, NoOp, Pull(E,N)];3
[Push(S,S), NoOp, Move(S), NoOp, NoOp, Push(W,S)];2
[Push(S,W), NoOp, Move(S), NoOp, NoOp, Push(S,S)];2
[Move(N), NoOp, Move(S), NoOp, NoOp, Pull(E,S)];3
[Move(W), NoOp, Move(S), NoOp, NoOp, Push(W,N)];2
[Move(W), NoOp, Pull(N,S), NoOp, NoOp, Push(N,N)];2
[Move(W), NoOp, Pull(N,S), NoOp, NoOp, Move(S)];2
[Move(W), NoOp, Pull(N,S), NoOp, NoOp, Move(S)];2
[Move(W), NoOp, Move(N), NoOp, NoOp, Move(S)];3
[Move(W), NoOp, Move(N), NoOp, NoOp, Move(S)];3
[Move(W), NoOp, Pull(S,N), NoOp, NoOp, Move(S)];3
[Move(W), NoOp, Pull(W,N), NoOp, NoOp, Pull(W,S)];2
[Move(W), NoOp, Push(E,S), NoOp, NoOp, Push(E,N)];2
[Move(S), NoOp, Pull(E,S), NoOp, NoOp, Push(N,N)];3
[Move(S), NoOp, Push(W,N), NoOp, NoOp, Pull(E,N)];1
[Move(S), NoOp, Push(N,N), NoOp, NoOp, Push(W,S)];2
[Move(E), NoOp, Push(N,W), NoOp, NoOp, Push(S,S)];2
[Move(E), NoOp, Pull(S,W), NoOp, NoOp, Move(N)];2
[Move(S), NoOp, Pull(S,N), NoOp, NoOp, Move(N)];2
[Move(S), NoOp, Move(S), NoOp, NoOp, Move(N)];2
[Pull(N,W), NoOp, Push(S,S), NoOp, NoOp, Move(N)];2
[Pull(E,S), NoOp, Push(S,E), NoOp, NoOp, Move(N)];2
[Push(W,N), NoOp, Push(E,E), NoOp, NoOp, Pull(S,N)];3
[Push(N,W), NoOp, Move(W), NoOp, NoOp, Pull(W,N)];3
[Push(W,W), NoOp, Move(S), NoOp, NoOp, Push(E,S)];2
[Push(W,W), NoOp, Move(S), NoOp, NoOp, Pull(E,S)];3
[Push(W,S), NoOp, Move(S), NoOp, NoOp, Push(W,N)];2
[Push(S,S), NoOp, Move(S), NoOp, NoOp, Push(N,N)];2
[Move(N), NoOp, Move(S), NoOp, NoOp, Move(S)];2
[Move(E), NoOp, Pull(W,S), NoOp, NoOp, Move(S)];5
[Move(N), NoOp, Push(E,E), NoOp, NoOp, Move(S)];2
[Move(N), NoOp, Push(E,E), NoOp, NoOp, Move(S)];1
[Move(E), NoOp, Push(E,E), NoOp, NoOp, Move(S)];2
[Move(E), NoOp, Push(E,E), NoOp, NoOp, Pull(W,S)];2
[Move(E), NoOp, Push(E,E), NoOp, NoOp, Push(E,N)];2
[Move(E), NoOp, Push(E,E), NoOp, NoOp, Push(N,N)];2
[Move(E), NoOp, Push(E,S), NoOp, NoOp, Pull(W,N)];3
[Move(E), NoOp, Push(S,E), NoOp, NoOp, Push(E,S)];2
[Move(E), NoOp, Push(E,E), NoOp, NoOp, Push(S,S)];1
[Move(N), NoOp, Push(E,E), NoOp, NoOp, Move(N)];2
[Move(E), NoOp, Push(E,E), NoOp, NoOp, Move(N)];3
[Move(E), NoOp, Push(E,S), NoOp, NoOp, Move(N)];2
[Move(N), NoOp, Push(S,S), NoOp, NoOp, Move(N)];3
[Move(N), NoOp, Push(S,S), NoOp, NoOp, Move(N)];3
[Move(N), NoOp, Push(S,S), NoOp, NoOp, Pull(S,N)];3
[Pull(W,N), NoOp, Push(S,S), NoOp, NoOp, Pull(S,N)];4
[Push(E,S), NoOp, Move(N), NoOp, NoOp, Pull(S,N)];3
[Pull(E,S), NoOp, Move(N), NoOp, NoOp, Move(S)];5
[Push(W,N), NoOp, Move(N), NoOp, NoOp, Move(S)];3
[Push(N,N), NoOp, Move(N), NoOp, NoOp, Pull(W,S)];4
[Move(S), NoOp, Move(W), NoOp, NoOp, Push(E,N)];3
[Move(S), NoOp, Move(W), NoOp, NoOp, Push(N,N)];2
[Move(S), NoOp, Move(W), NoOp, NoOp, Move(S)];4
[Move(S), NoOp, Move(W), NoOp, NoOp, Move(S)];3
[Move(W), NoOp, Move(W), NoOp, NoOp, Move(S)];3
[Pull(W,S), NoOp, Move(N), NoOp, NoOp, Move(S)];3
[Push(E,E), NoOp, Move(W), NoOp, NoOp, Move(S)];3
[Push(E,N), NoOp, Move(W), NoOp, NoOp, Pull(E,S)];7
[Pull(E,N), NoOp, Move(W), NoOp, NoOp, Pull(E,W)];4
[Push(W,W), NoOp, Move(W), NoOp, NoOp, Pull(E,W)];2
[Push(W,S), NoOp, Move(W), NoOp, NoOp, Pull(E,W)];3
[Move(E), NoOp, Move(N), NoOp, NoOp, Pull(E,W)];3
[Move(N), NoOp, Move(N), NoOp, NoOp, Pull(N,W)];3
[Move(N), NoOp, Move(N), NoOp, NoOp, Push(S,E)];2
[Move(N), NoOp, Move(N), NoOp, NoOp, Push(E,E)];3
[Move(N), NoOp, Move(N), NoOp, NoOp, Push(E,E)];3
[Pull(S,N), NoOp, Move(N), NoOp, NoOp, Push(E,S)];3
[Pull(W,N), NoOp, Move(N), NoOp, NoOp, Push(S,E)];3
[Push(E,S), NoOp, Move(N), NoOp, NoOp, Push(E,E)];3
[Pull(W,S), NoOp, Pull(E,N), NoOp, NoOp, Push(E,S)];4
[Push(E,N), NoOp, Push(W,S), NoOp, NoOp, Push(S,S)];2
[Push(N,N), NoOp, Pull(E,S), NoOp, NoOp, Push(S,S)];3
[Move(S), NoOp, Push(W,N), NoOp, NoOp, Push(S,S)];3
[Move(S), NoOp, Push(N,N), NoOp, NoOp, Push(S,S)];5
[Move(S), NoOp, Move(S), NoOp, NoOp, Move(N)];2
[Move(S), NoOp, Move(S), NoOp, NoOp, Move(N)];2
[Move(W), NoOp, Move(S), NoOp, NoOp, Move(N)];1
[Push(S,E), NoOp, Move(S), NoOp, NoOp, Move(N)];2
[Push(E,N), NoOp, Move(E), NoOp, NoOp, Move(W)];2
[Push(N,N), NoOp, Pull(W,E), NoOp, NoOp, Move(W)];1
[Pull(S,N), NoOp, Pull(S,E), NoOp, NoOp, Move(W)];3
[Pull(E,N), NoOp, Push(N,N), NoOp, NoOp, Move(W)];1
[Push(W,W), NoOp, Pull(E,N), NoOp, NoOp, Move(W)];2
[Move(N), NoOp, Push(W,S), NoOp, NoOp, Move(N)];2
[Move(N), NoOp, Push(S,S), NoOp, NoOp, Move(W)];1
[Move(N), NoOp, Move(N), NoOp, NoOp, Move(W)];2
[Move(N), NoOp, Move(N), NoOp, NoOp, Move(W)];1
[Move(N), NoOp, Move(N), NoOp, NoOp, Move(W)];2
[Pull(S,N), NoOp, Move(N), NoOp, NoOp, Pull(E,S)];5
[Pull(S,N), NoOp, Move(N), NoOp, NoOp, Pull(E,W)];1
[Pull(S,N), NoOp, Pull(S,N), NoOp, NoOp, Pull(E,W)];2
[Move(S), NoOp, Pull(W,N), NoOp, NoOp, Pull(N,W)];2
[Move(W), NoOp, Push(E,S), NoOp, NoOp, Push(S,E)];1
[Pull(W,S), NoOp, Pull(W,S), NoOp, NoOp, Push(E,S)];3
[Push(E,E), NoOp, Push(E,N), NoOp, NoOp, Push(S,E)];1
[Push(E,N), NoOp, Push(N,N), NoOp, NoOp, Push(E,E)];2
[Move(W), NoOp, Move(S), NoOp, NoOp, Push(E,E)];2
[Move(W), NoOp, Move(S), NoOp, NoOp, Push(E,E)];1
[Move(W), NoOp, Move(S), NoOp, NoOp, Push(E,E)];1
[Move(W), NoOp, Move(S), NoOp, NoOp, Push(E,S)];2
[Move(W), NoOp, Move(S), NoOp, NoOp, Push(S,S)];1
[Move(W), NoOp, Pull(N,S), NoOp, NoOp, Push(S,S)];2
[Move(W), NoOp, Pull(E,S), NoOp, NoOp, Push(S,S)];1
[Move(W), NoOp, Push(W,N), NoOp, NoOp, Move(N)];2
[Move(W), NoOp, Pull(E,N), NoOp, NoOp, Move(N)];2
[Push(W,S), NoOp, Push(W,S), NoOp, NoOp, Move(N)];1
[Push(S,S), NoOp, Push(S,S), NoOp, NoOp, Move(W)];1
[Push(S,S), NoOp, Move(N), NoOp, NoOp, Move(W)];2
[Push(S,S), NoOp, Move(N), NoOp, NoOp, Move(W)];1
[NoOp, NoOp, Move(N), NoOp, NoOp, Move(W)];1
[NoOp, NoOp, Move(N), NoOp, NoOp, Move(W)];2
[NoOp, NoOp, Move(N), NoOp, NoOp, Move(N)];1
[NoOp, NoOp, Pull(E,N), NoOp, NoOp, Move(W)];2
[NoOp, NoOp, Push(W,S), NoOp, NoOp, Move(W)];2
[NoOp, NoOp, Push(S,S), NoOp, NoOp, Move(W)];1
[NoOp, NoOp, Pull(W,S), NoOp, NoOp, Pull(E,S)];6
[NoOp, NoOp, Push(E,N), NoOp, NoOp, Pull(E,W)];1
[NoOp, NoOp, Push(N,N), NoOp, NoOp, Pull(E,W)];2
[NoOp, NoOp, Move(S), NoOp, NoOp, Pull(S,W)];1
[NoOp, NoOp, Move(S), NoOp, NoOp, Pull(E,N)];2
[NoOp, NoOp, Move(S), NoOp, NoOp, Pull(E,W)];1
[NoOp, NoOp, Move(S), NoOp, NoOp, Pull(N,W)];2
[NoOp, NoOp, Move(S), NoOp, NoOp, Push(S,E)];1
[NoOp, NoOp, Pull(N,S), NoOp, NoOp, Push(E,E)];2
[NoOp, NoOp, Pull(E,S), NoOp, NoOp, Push(E,E)];2
[NoOp, NoOp, Push(W,N), NoOp, NoOp, Push(E,S)];1
[NoOp, NoOp, Pull(W,N), NoOp, NoOp, Push(S,S)];2
[NoOp, NoOp, Push(E,S), NoOp, NoOp, Push(S,S)];2
[NoOp, NoOp, Push(S,S), NoOp, NoOp, Move(N)];2
[NoOp, NoOp, Move(N), NoOp, NoOp, Move(N)];1
[NoOp, NoOp, Move(N), NoOp, NoOp, Move(W)];1
[NoOp, NoOp, Move(N), NoOp, NoOp, Move(W)];2
[NoOp, NoOp, Move(N), NoOp, NoOp, Move(W)];1
[NoOp, NoOp, Move(N), NoOp, NoOp, Move(W)];1
[NoOp, NoOp, Pull(S,N), NoOp, NoOp, Move(W)];2
[NoOp, NoOp, Pull(E,N), NoOp, NoOp, Move(N)];2
[NoOp, NoOp, Push(W,S), NoOp, NoOp, Move(W)];1
[NoOp, NoOp, Pull(E,S), NoOp, NoOp, Move(W)];2
[NoOp, NoOp, Push(W,N), NoOp, NoOp, Pull(E,S)];5
[NoOp, NoOp, Push(N,N), NoOp, NoOp, Pull(E,W)];1
[NoOp, NoOp, Move(S), NoOp, NoOp, Pull(E,W)];2
[NoOp, NoOp, Move(S), NoOp, NoOp, Pull(E,W)];1
[NoOp, NoOp, Move(S), NoOp, NoOp, Push(W,S)];1
[NoOp, NoOp, Move(S), NoOp, NoOp, Push(S,E)];2
[NoOp, NoOp, Move(S), NoOp, NoOp, Push(E,E)];1
[NoOp, NoOp, Pull(N,S), NoOp, NoOp, Push(E,E)];2
[NoOp, NoOp, Pull(W,S), NoOp, NoOp, Push(E,E)];1
[NoOp, NoOp, Push(E,N), NoOp, NoOp, Push(E,S)];2
[NoOp, NoOp, Pull(W,N), NoOp, NoOp, Push(S,S)];1
[NoOp, NoOp, Push(E,S), NoOp, NoOp, Move(N)];2
[NoOp, NoOp, Push(S,S), NoOp, NoOp, Move(W)];1
[NoOp, NoOp, Move(N), NoOp, NoOp, Move(W)];2
[NoOp, NoOp, Move(N), NoOp, NoOp, Move(W)];1
[NoOp, NoOp, Move(N), NoOp, NoOp, Move(W)];1
[NoOp, NoOp, Move(N), NoOp, NoOp, Move(W)];1
[NoOp, NoOp, Move(N), NoOp, NoOp, Pull(E,W)];3
[NoOp, NoOp, Pull(W,N), NoOp, NoOp, Pull(E,W)];1
[NoOp, NoOp, Push(E,S), NoOp, NoOp, Pull(N,W)];3
[NoOp, NoOp, Push(S,S), NoOp, NoOp, Push(S,E)];1
[NoOp, NoOp, Pull(N,S), NoOp, NoOp, Push(E,E)];2
[NoOp, NoOp, Pull(E,S), NoOp, NoOp, Push(E,E)];1
[NoOp, NoOp, Push(W,N), NoOp, NoOp, Push(E,S)];2
[NoOp, NoOp, Move(S), NoOp, NoOp, NoOp];1
[NoOp, NoOp, Move(S), NoOp, NoOp, NoOp];1
[NoOp, NoOp, Move(S), NoOp, NoOp, NoOp];1
[NoOp, NoOp, Move(S), NoOp, NoOp, NoOp];1
[NoOp, NoOp, Move(S), NoOp, NoOp, NoOp];2
[NoOp, NoOp, Pull(W,S), NoOp, NoOp, NoOp];2
[NoOp, NoOp, Push(E,N), NoOp, NoOp, NoOp];1
[NoOp, NoOp, Push(N,N), NoOp, NoOp, NoOp];2
[NoOp, NoOp, Pull(S,N), NoOp, NoOp, NoOp];1
[NoOp, NoOp, Pull(E,N), NoOp, NoOp, NoOp];1
[NoOp, NoOp, Push(W,S), NoOp, NoOp, NoOp];1
[NoOp, NoOp, Move(N), NoOp, NoOp, NoOp];2
[NoOp, NoOp, Move(N), NoOp, NoOp, NoOp];1
[NoOp, NoOp, Move(N), NoOp, NoOp, NoOp];2
[NoOp, NoOp, Move(N), NoOp, NoOp, NoOp];1
[NoOp, NoOp, Move(N), NoOp, NoOp, NoOp];1
[NoOp, NoOp, Pull(S,N), NoOp, NoOp, NoOp];2
[NoOp, NoOp, Pull(S,N), NoOp, NoOp, NoOp];2
[NoOp, NoOp, Pull(S,N), NoOp, NoOp, NoOp];1
[NoOp, NoOp, Move(S), NoOp, NoOp, NoOp];2
[NoOp, NoOp, Move(S), NoOp, NoOp, NoOp];1
[NoOp, NoOp, Pull(N,S), NoOp, NoOp, NoOp];2
[NoOp, NoOp, Pull(W,S), NoOp, NoOp, NoOp];1
[NoOp, NoOp, Push(E,N), NoOp, NoOp, NoOp];1
[NoOp, NoOp, Move(E), NoOp, NoOp, NoOp];2
[NoOp, NoOp, Move(S), NoOp, NoOp, NoOp];1
[NoOp, NoOp, Move(S), NoOp, NoOp, NoOp];1
[NoOp, NoOp, Move(S), NoOp, NoOp, NoOp];1
[NoOp, NoOp, Move(S), NoOp, NoOp, NoOp];1
[NoOp, NoOp, Move(S), NoOp, NoOp, NoOp];1
[NoOp, NoOp, Pull(E,S), NoOp, NoOp, NoOp];5
[NoOp, NoOp, Pull(E,W), NoOp, NoOp, NoOp];1
[NoOp, NoOp, Pull(E,W), NoOp, NoOp, NoOp];1
[NoOp, NoOp, Pull(E,W), NoOp, NoOp, NoOp];1
[NoOp, NoOp, Pull(E,W), NoOp, NoOp, NoOp];1
[NoOp, NoOp, Pull(E,W), NoOp, NoOp, NoOp];1
[NoOp, NoOp, Pull(S,W), NoOp, NoOp, NoOp];1
[NoOp, NoOp, Push(N,E), NoOp, NoOp, NoOp];1
[NoOp, NoOp, Push(E,E), NoOp, NoOp, NoOp];1
[NoOp, NoOp, Push(E,S), NoOp, NoOp, NoOp];1
[NoOp, NoOp, Push(S,E), NoOp, NoOp, NoOp];1
[NoOp, NoOp, Push(E,S), NoOp, NoOp, NoOp];2
[NoOp, NoOp, Push(S,S), NoOp, NoOp, NoOp];1
[NoOp, NoOp, Push(S,S), NoOp, NoOp, NoOp];1
[NoOp, NoOp, Push(S,S), NoOp, NoOp, NoOp];1
[NoOp, NoOp, Move(N), NoOp, NoOp, NoOp];1
[NoOp, NoOp, Move(N), NoOp, NoOp, NoOp];1
[NoOp, NoOp, Move(N), NoOp, NoOp, NoOp];1
[NoOp, NoOp, Move(W), NoOp, NoOp, NoOp];1
[NoOp, NoOp, Move(W), NoOp, NoOp, NoOp];1
[NoOp, NoOp, Move(W), NoOp, NoOp, NoOp];1
[NoOp, NoOp, Move(W), NoOp, NoOp, NoOp];1
[NoOp, NoOp, Move(W), NoOp, NoOp, NoOp];1
[NoOp, NoOp, Move(N), NoOp, NoOp, NoOp];1
[NoOp, NoOp, Move(W), NoOp, NoOp, NoOp];1
[NoOp, NoOp, Move(W), NoOp, NoOp, NoOp];1
[NoOp, NoOp, Move(W), NoOp, NoOp, NoOp];1
[NoOp, NoOp, Pull(E,S), NoOp, NoOp, NoOp];3
[NoOp, NoOp, Pull(E,W), NoOp, NoOp, NoOp];1
[NoOp, NoOp, Pull(N,W), NoOp, NoOp, NoOp];1
[NoOp, NoOp, Push(S,E), NoOp, NoOp, NoOp];1
[NoOp, NoOp, Push(E,E), NoOp, NoOp, NoOp];1
[NoOp, NoOp, Push(E,S), NoOp, NoOp, NoOp];1
[NoOp, NoOp, Push(S,E), NoOp, NoOp, NoOp];1
[NoOp, NoOp, Push(E,E), NoOp, NoOp, NoOp];1
[NoOp, NoOp, Push(E,E), NoOp, NoOp, NoOp];1
[NoOp, NoOp, Push(E,E), NoOp, NoOp, NoOp];1
[NoOp, NoOp, Push(E,S), NoOp, NoOp, NoOp];1
[NoOp, NoOp, Push(S,S), NoOp, NoOp, NoOp];0
[NoOp, NoOp, Push(S,S), NoOp, NoOp, NoOp];1
[NoOp, NoOp, Move(N), NoOp, NoOp, NoOp];1
[NoOp, NoOp, Move(N), NoOp, NoOp, NoOp];1
[NoOp, NoOp, Move(W), NoOp, NoOp, NoOp];1
[NoOp, NoOp, Move(W), NoOp, NoOp, NoOp];1
[NoOp, NoOp, Move(W), NoOp, NoOp, NoOp];0
[NoOp, NoOp, Move(W), NoOp, NoOp, NoOp];0
[NoOp, NoOp, Move(W), NoOp, NoOp, NoOp];1
[NoOp, NoOp, Move(N), NoOp, NoOp, NoOp];1
[NoOp, NoOp, Move(W), NoOp, NoOp, NoOp];1
[NoOp, NoOp, Move(W), NoOp, NoOp, NoOp];0
[NoOp, NoOp, Pull(E,S), NoOp, NoOp, NoOp];4
[NoOp, NoOp, Pull(E,W), NoOp, NoOp, NoOp];0
[NoOp, NoOp, Pull(E,W), NoOp, NoOp, NoOp];1
[NoOp, NoOp, Pull(S,W), NoOp, NoOp, NoOp];1
[NoOp, NoOp, Pull(E,N), NoOp, NoOp, NoOp];1
[NoOp, NoOp, Pull(E,W), NoOp, NoOp, NoOp];1
[NoOp, NoOp, Pull(N,W), NoOp, NoOp, NoOp];0
[NoOp, NoOp, Push(S,E), NoOp, NoOp, NoOp];1
[NoOp, NoOp, Push(E,E), NoOp, NoOp, NoOp];1
[NoOp, NoOp, Push(E,S), NoOp, NoOp, NoOp];1
[NoOp, NoOp, Push(S,S), NoOp, NoOp, NoOp];0
[NoOp, NoOp, Move(N), NoOp, NoOp, NoOp];1
[NoOp, NoOp, Move(W), NoOp, NoOp, NoOp];1
[NoOp, NoOp, Move(W), NoOp, NoOp, NoOp];0
[NoOp, NoOp, Move(W), NoOp, NoOp, NoOp];1
[NoOp, NoOp, Move(W), NoOp, NoOp, NoOp];1
[NoOp, NoOp, Move(W), NoOp, NoOp, NoOp];0
[NoOp, NoOp, Pull(E,W), NoOp, NoOp, NoOp];2
[NoOp, NoOp, Pull(N,W), NoOp, NoOp, NoOp];1
[NoOp, NoOp, Push(S,E), NoOp, NoOp, NoOp];0
[NoOp, NoOp, Push(E,E), NoOp, NoOp, NoOp];1
[NoOp, NoOp, Push(E,E), NoOp, NoOp, NoOp];0
[NoOp, NoOp, Push(E,E), NoOp, NoOp, NoOp];1
[NoOp, NoOp, Push(E,S), NoOp, NoOp, NoOp];0
[NoOp, Move(W), NoOp, NoOp, NoOp, NoOp];0
[NoOp, Move(W), NoOp, NoOp, NoOp, NoOp];0
[NoOp, Move(W), NoOp, NoOp, NoOp, NoOp];1
[NoOp, Move(W), NoOp, NoOp, NoOp, NoOp];0
[NoOp, Move(W), NoOp, NoOp, NoOp, NoOp];1
[NoOp, Move(W), NoOp, NoOp, NoOp, NoOp];0
[NoOp, Push(N,N), NoOp, NoOp, NoOp, NoOp];1
[NoOp, Push(N,N), NoOp, NoOp, NoOp, NoOp];0
[NoOp, Push(N,N), NoOp, NoOp, NoOp, NoOp];1
[NoOp, Push(N,N), NoOp, NoOp, NoOp, NoOp];0
[NoOp, Push(N,N), NoOp, NoOp, NoOp, NoOp];1
[NoOp, Pull(S,N), NoOp, NoOp, NoOp, NoOp];0
[NoOp, Pull(E,N), NoOp, NoOp, NoOp, NoOp];1
[NoOp, Push(W,S), NoOp, NoOp, NoOp, NoOp];0
[NoOp, Push(S,S), NoOp, NoOp, NoOp, NoOp];1
[NoOp, Pull(E,S), NoOp, NoOp, NoOp, NoOp];1
[NoOp, Push(W,N), NoOp, NoOp, NoOp, NoOp];0
[NoOp, Push(N,N), NoOp, NoOp, NoOp, NoOp];1
[NoOp, Pull(S,N), NoOp, NoOp, NoOp, NoOp];0
[NoOp, Pull(E,N), NoOp, NoOp, NoOp, NoOp];0
[NoOp, Push(W,S), NoOp, NoOp, NoOp, NoOp];0
[NoOp, Push(S,S), NoOp, NoOp, NoOp, NoOp];1
[NoOp, Move(N), NoOp, NoOp, NoOp, NoOp];0
[NoOp, Move(N), NoOp, NoOp, NoOp, NoOp];1
[NoOp, Move(N), NoOp, NoOp, NoOp, NoOp];0
[NoOp, Move(N), NoOp, NoOp, NoOp, NoOp];1
[NoOp, Move(N), NoOp, NoOp, NoOp, NoOp];0
[NoOp, Move(N), NoOp, NoOp, NoOp, NoOp];1
[NoOp, Move(N), NoOp, NoOp, NoOp, NoOp];0
[NoOp, Move(W), NoOp, NoOp, NoOp, NoOp];1
[NoOp, Move(N), NoOp, NoOp, NoOp, NoOp];0
[NoOp, Move(W), NoOp, NoOp, NoOp, NoOp];1
[NoOp, Move(N), NoOp, NoOp, NoOp, NoOp];0
[NoOp, Move(N), NoOp, NoOp, NoOp, NoOp];0
[NoOp, Pull(S,N), NoOp, NoOp, NoOp, NoOp];3
[NoOp, Pull(S,N), NoOp, NoOp, NoOp, NoOp];0
[NoOp, Pull(E,N), NoOp, NoOp, NoOp, NoOp];1
[NoOp, Pull(S,W), NoOp, NoOp, NoOp, NoOp];0
[NoOp, Pull(E,N), NoOp, NoOp, NoOp, NoOp];1
[NoOp, Pull(N,W), NoOp, NoOp, NoOp, NoOp];0
[NoOp, Push(S,S), NoOp, NoOp, NoOp, NoOp];0
[NoOp, Push(S,S), NoOp, NoOp, NoOp, NoOp];1
[NoOp, Push(S,S), NoOp, NoOp, NoOp, NoOp];0
[NoOp, Pull(N,S), NoOp, NoOp, NoOp, NoOp];1
[NoOp, Pull(N,S), NoOp, NoOp, NoOp, NoOp];0
[NoOp, Pull(N,S), NoOp, NoOp, NoOp, NoOp];1
[NoOp, Pull(N,S), NoOp, NoOp, NoOp, NoOp];0
[NoOp, Pull(W,S), NoOp, NoOp, NoOp, NoOp];1
[NoOp, Push(E,N), NoOp, NoOp, NoOp, NoOp];0
[NoOp, Move(S), NoOp, NoOp, NoOp, NoOp];1
[NoOp, Move(S), NoOp, NoOp, NoOp, NoOp];0
[NoOp, Move(S), NoOp, NoOp, NoOp, NoOp];1
[NoOp, Move(S), NoOp, NoOp, NoOp, NoOp];0
[NoOp, Move(S), NoOp, NoOp, NoOp, NoOp];0
[NoOp, Move(S), NoOp, NoOp, NoOp, NoOp];1
[NoOp, Move(S), NoOp, NoOp, NoOp, NoOp];0
[NoOp, Move(S), NoOp, NoOp, NoOp, NoOp];1
[NoOp, Move(S), NoOp, NoOp, NoOp, NoOp];0
[NoOp, Pull(E,S), NoOp, NoOp, NoOp, NoOp];1
[NoOp, Push(W,N), NoOp, NoOp, NoOp, NoOp];0
[NoOp, Push(N,N), NoOp, NoOp, NoOp, NoOp];1
[NoOp, Push(N,N), NoOp, NoOp, NoOp, NoOp];0
[NoOp, Pull(S,N), NoOp, NoOp, NoOp, NoOp];1
[NoOp, Pull(S,N), NoOp, NoOp, NoOp, NoOp];1
[NoOp, Pull(S,N), NoOp, NoOp, NoOp, NoOp];0
[NoOp, Move(E), NoOp, NoOp, NoOp, NoOp];1
[NoOp, Move(N), NoOp, NoOp, NoOp, NoOp];1
[NoOp, Move(N), NoOp, NoOp, NoOp, NoOp];0
[NoOp, Move(W), NoOp, NoOp, NoOp, NoOp];1
[NoOp, Move(N), NoOp, NoOp, NoOp, NoOp];0
[NoOp, Move(N), NoOp, NoOp, NoOp, NoOp];1
[NoOp, Move(N), NoOp, NoOp, NoOp, NoOp];1
[NoOp, Move(N), NoOp, NoOp, NoOp, NoOp];0
[NoOp, Move(N), NoOp, NoOp, NoOp, NoOp];1
[NoOp, Move(N), NoOp, NoOp, NoOp, NoOp];0
[NoOp, Move(N), NoOp, NoOp, NoOp, NoOp];1
[NoOp, Move(N), NoOp, NoOp, NoOp, NoOp];1
[NoOp, Pull(S,N), NoOp, NoOp, NoOp, NoOp];1
[NoOp, Pull(E,N), NoOp, NoOp, NoOp, NoOp];1
[NoOp, Push(W,S), NoOp, NoOp, NoOp, NoOp];1
[NoOp, Push(S,S), NoOp, NoOp, NoOp, NoOp];0
[NoOp, Push(S,S), NoOp, NoOp, NoOp, NoOp];1
[NoOp, Push(S,S), NoOp, NoOp, NoOp, NoOp];1
[NoOp, Pull(N,S), NoOp, NoOp, NoOp, NoOp];0
[NoOp, Pull(N,S), NoOp, NoOp, NoOp, NoOp];1
[NoOp, Pull(E,S), NoOp, NoOp, NoOp, NoOp];0
[NoOp, Push(W,N), NoOp, NoOp, NoOp, NoOp];1
[NoOp, Push(N,N), NoOp, NoOp, NoOp, NoOp];1
[NoOp, Move(S), NoOp, NoOp, NoOp, NoOp];1
[NoOp, Move(S), NoOp, NoOp, NoOp, NoOp];0
[NoOp, Move(S), NoOp, NoOp, NoOp, NoOp];1
[NoOp, Move(S), NoOp, NoOp, NoOp, NoOp];0
[NoOp, Move(S), NoOp, NoOp, NoOp, NoOp];1
[NoOp, Move(S), NoOp, NoOp, NoOp, NoOp];1
[NoOp, Move(S), NoOp, NoOp, NoOp, NoOp];0
[NoOp, Pull(N,S), NoOp, NoOp, NoOp, NoOp];1
[NoOp, Pull(N,S), NoOp, NoOp, NoOp, NoOp];1
[NoOp, Pull(N,S), NoOp, NoOp, NoOp, NoOp];1
[NoOp, Move(N), NoOp, NoOp, NoOp, NoOp];0
[NoOp, Move(N), NoOp, NoOp, NoOp, NoOp];1
[NoOp, Move(N), NoOp, NoOp, NoOp, NoOp];0
[NoOp, Move(N), NoOp, NoOp, NoOp, NoOp];0
[NoOp, Pull(E,N), NoOp, NoOp, NoOp, NoOp];2
[NoOp, Push(W,S), NoOp, NoOp, NoOp, NoOp];0
[NoOp, Push(S,S), NoOp, NoOp, NoOp, NoOp];0
[NoOp, Push(S,S), NoOp, NoOp, NoOp, NoOp];1
[NoOp, Push(S,S), NoOp, NoOp, NoOp, NoOp];0
ced3614253d5f258466b8503c00d2f80b92ba780
successful
1168
606
ae0797cb9959b4538a691e459bf49aa6651ffcaa
1495032357823
