red: 0,A
blue: 1,B
+++++++++++++++++++
+        0        +
+       +++       +
+   ++++ a   ++   +
+       +++       +
+  +++++++++++++  +
+        +        +
+    +  A B  +    +
+                 +
+  ++++++++++++++++
+     ++++++++    +
+   ++   b   ++   +
+       +++       +
+        1        +
+++++++++++++++++++

[Move(W), Move(W)];77
[Move(W), Move(W)];0
[Move(W), Move(W)];0
[Move(W), Move(W)];1
[Move(W), Move(W)];0
[Move(W), Move(W)];0
[Move(W), Move(W)];1
[Move(S), Move(N)];0
[Move(S), Move(N)];0
[Move(S), Move(N)];0
[Move(S), Move(N)];0
[Move(S), Move(N)];1
[Move(E), Move(E)];0
[Move(E), Move(E)];0
[Move(E), Move(E)];0
[Move(E), Move(E)];0
[Move(E), Move(E)];0
[Move(E), Move(E)];0
[Push(S,E), Move(E)];25
[NoOp, Move(E)];0
[NoOp, Pull(W,N)];8
[NoOp, Pull(W,E)];0
[NoOp, Pull(W,E)];0
[NoOp, Pull(N,E)];0
[NoOp, Push(S,W)];0
[NoOp, Push(W,W)];0
[NoOp, Push(W,W)];1
[NoOp, Push(W,W)];0
[NoOp, Push(W,W)];0
[NoOp, Push(W,S)];0
[NoOp, Push(S,S)];0
[NoOp, Push(S,S)];0
[NoOp, Push(S,E)];1
[NoOp, Push(E,S)];0
[NoOp, Push(S,E)];0
[NoOp, Push(E,E)];0
[NoOp, Push(E,E)];0
[NoOp, Push(E,N)];0
[NoOp, Push(N,E)];1
[NoOp, Push(E,E)];0
[NoOp, Push(E,E)];0
[Push(E,E), NoOp];4
[Push(E,N), NoOp];0
[Push(N,E), NoOp];1
[Push(E,E), NoOp];0
[Push(E,E), NoOp];1
[Push(E,E), NoOp];0
[Push(E,E), NoOp];0
[Push(E,E), NoOp];1
[Push(E,N), NoOp];0
[Push(N,N), NoOp];0
[Push(N,W), NoOp];1
[Push(W,W), NoOp];0
[Push(W,W), NoOp];0
[Push(W,W), NoOp];0
[Push(W,W), NoOp];0
[Push(W,N), NoOp];0
[Push(N,W), NoOp];0
[Push(W,W), NoOp];0
468f0de550820ea921f1192b0fccf693ad67b8ac
successful
124
59
3639ddb581a9a0ebb9b361b2c3fa924ed7dc7a20
1495032359024
