+++++++++++++++++++++++++++++
+B b                       A+
+                           +
+   a   0                   +
+++++++++++++++++++++++++++++
+   A                   a  B+
+                           +
+                           +
+       1                  b+
+++++++++++++++++++++++++++++

[Move(W), Move(W)];63
[Move(W), Move(W)];0
[Move(W), Move(W)];1
[Move(W), Move(W)];0
[Move(W), Move(N)];0
[Move(W), Move(N)];1
[Move(W), Push(N,E)];24
[Move(N), Push(E,E)];0
[Push(N,E), Push(E,E)];1
[Push(E,E), Push(E,E)];1
[Move(S), Push(E,E)];0
[Move(E), Push(E,E)];1
[Move(E), Push(E,E)];0
[Move(E), Push(E,E)];0
[Move(E), Push(E,E)];0
[Move(E), Push(E,E)];0
[Move(E), Push(E,E)];1
[Move(E), Push(E,E)];0
[Move(E), Push(E,E)];0
[Move(E), Push(E,E)];0
[Move(E), Push(E,E)];0
[Move(E), Push(E,E)];0
[Move(E), Push(E,E)];0
[Move(E), Push(E,E)];0
[Move(E), Push(E,E)];0
[Move(E), Push(E,E)];0
[Move(E), Move(S)];0
[Move(E), Move(E)];1
[Move(E), Move(E)];0
[Move(E), Move(E)];0
[Move(E), Move(E)];0
[Move(E), Pull(W,N)];0
[Move(E), Push(E,S)];0
[Move(E), Push(S,S)];0
[Move(E), NoOp];0
[Move(E), NoOp];0
[Pull(W,N), NoOp];14
[Pull(W,E), NoOp];0
[Pull(W,E), NoOp];0
[Pull(W,E), NoOp];1
[Pull(W,E), NoOp];0
[Pull(W,E), NoOp];0
[Pull(N,E), NoOp];1
[Push(S,W), NoOp];0
[Push(W,W), NoOp];0
[Push(W,W), NoOp];0
[Push(W,W), NoOp];1
[Push(W,W), NoOp];0
[Push(W,W), NoOp];0
[Push(W,W), NoOp];0
[Push(W,W), NoOp];1
[Push(W,W), NoOp];0
[Push(W,W), NoOp];0
[Push(W,W), NoOp];0
[Push(W,W), NoOp];0
[Push(W,W), NoOp];0
[Push(W,W), NoOp];1
[Push(W,S), NoOp];0
[Push(S,W), NoOp];0
[Push(W,W), NoOp];0
[Push(W,W), NoOp];0
3f6351c51866644b64183bf7e631a86c7e531e2f
successful
113
61
bc1894907baf203ed59c40a955c767e3e22cdf28
1495032359304
