red: 1,2,A,B,C
cyan: 3,4,D,E,F
blue: 5,6,0,7,G,H,X,Y
 ++++++++    ++++++++
 +abcg  +    +  hdef+
 +++++ ++    ++ +++++
 +0  + +      + +   +
 +  Y+ +      + +X 7+
 +++++ ++++++++ +++++
    +            +
+++++ ++++++++++ +++++
+1        DA        3+
+     ++++++++++     +
+5       EGHB       6+
+     ++++++++++     +
+2        FC        4+
++++++++++++++++++++++

[NoOp, Move(E), NoOp, Move(W), NoOp, NoOp, NoOp, NoOp];97
[NoOp, Move(E), NoOp, Move(W), NoOp, NoOp, NoOp, NoOp];7
[NoOp, Move(E), NoOp, Move(W), NoOp, NoOp, NoOp, NoOp];3
[NoOp, Move(E), NoOp, Move(W), NoOp, NoOp, NoOp, NoOp];3
[NoOp, Move(N), NoOp, Move(N), NoOp, NoOp, NoOp, NoOp];2
[NoOp, Move(N), NoOp, Move(N), NoOp, NoOp, NoOp, NoOp];2
[NoOp, Move(E), NoOp, Move(W), NoOp, NoOp, NoOp, NoOp];2
[NoOp, Move(E), NoOp, Move(W), NoOp, NoOp, NoOp, NoOp];2
[NoOp, Move(E), NoOp, Move(W), NoOp, NoOp, NoOp, NoOp];2
[NoOp, Move(E), NoOp, Move(W), NoOp, NoOp, NoOp, NoOp];2
[NoOp, Move(E), NoOp, Move(W), NoOp, NoOp, NoOp, NoOp];2
[NoOp, NoOp, NoOp, Move(E), NoOp, NoOp, NoOp, NoOp];6
[NoOp, NoOp, NoOp, Move(E), NoOp, NoOp, NoOp, NoOp];2
[NoOp, Move(W), NoOp, Move(E), NoOp, NoOp, NoOp, NoOp];2
[NoOp, Move(W), NoOp, Move(E), NoOp, NoOp, NoOp, NoOp];1
[NoOp, Move(W), NoOp, Move(N), NoOp, NoOp, NoOp, NoOp];2
[NoOp, Move(W), NoOp, Move(N), NoOp, NoOp, NoOp, NoOp];1
[NoOp, Move(N), NoOp, NoOp, NoOp, NoOp, NoOp, NoOp];3
[NoOp, Move(N), Move(E), NoOp, Move(W), NoOp, NoOp, NoOp];1
[NoOp, Move(S), Move(E), Move(S), Move(W), NoOp, NoOp, NoOp];3
[NoOp, Move(S), Move(E), Move(S), Move(W), NoOp, NoOp, NoOp];1
[NoOp, Move(E), Move(E), Move(W), Move(W), NoOp, NoOp, NoOp];2
[NoOp, Move(E), Move(N), Move(W), Move(N), NoOp, NoOp, NoOp];1
[NoOp, Move(E), Move(N), Move(W), Move(N), NoOp, NoOp, NoOp];1
[NoOp, Move(E), Move(N), Move(W), Move(N), NoOp, NoOp, NoOp];1
[NoOp, NoOp, Move(N), NoOp, Move(N), NoOp, NoOp, NoOp];1
[NoOp, NoOp, Move(N), Move(E), Move(N), NoOp, NoOp, NoOp];2
[NoOp, NoOp, Move(N), Move(E), Move(N), NoOp, NoOp, NoOp];1
[NoOp, NoOp, Move(E), Move(E), Move(W), NoOp, NoOp, NoOp];1
[NoOp, NoOp, Move(E), NoOp, NoOp, NoOp, NoOp, NoOp];1
[NoOp, NoOp, Move(E), NoOp, Move(E), NoOp, NoOp, NoOp];1
[NoOp, NoOp, Move(E), NoOp, Move(S), NoOp, NoOp, NoOp];1
[NoOp, NoOp, NoOp, Move(E), Move(S), NoOp, NoOp, NoOp];1
[NoOp, NoOp, Move(W), Move(N), Move(S), NoOp, NoOp, NoOp];1
[NoOp, NoOp, Move(W), Move(N), NoOp, NoOp, NoOp, NoOp];2
[NoOp, NoOp, Move(W), NoOp, NoOp, NoOp, NoOp, NoOp];1
[NoOp, Move(E), Move(W), NoOp, NoOp, NoOp, NoOp, NoOp];2
[NoOp, Move(E), Move(S), NoOp, NoOp, NoOp, NoOp, NoOp];0
[NoOp, Move(E), NoOp, NoOp, NoOp, NoOp, NoOp, NoOp];2
[NoOp, Move(E), Move(S), NoOp, NoOp, NoOp, NoOp, NoOp];1
[NoOp, Move(E), Move(W), NoOp, NoOp, NoOp, NoOp, NoOp];1
[NoOp, Move(E), Move(W), NoOp, NoOp, NoOp, NoOp, NoOp];1
[NoOp, Move(S), Move(W), NoOp, NoOp, NoOp, NoOp, NoOp];1
[NoOp, Move(S), NoOp, Move(S), NoOp, NoOp, NoOp, NoOp];1
[NoOp, Move(W), NoOp, Move(S), NoOp, NoOp, NoOp, NoOp];2
[NoOp, Move(W), NoOp, Move(W), NoOp, NoOp, NoOp, NoOp];2
[NoOp, Move(W), NoOp, Move(W), NoOp, NoOp, NoOp, NoOp];2
[NoOp, Move(W), NoOp, Move(W), NoOp, NoOp, NoOp, NoOp];1
[NoOp, NoOp, NoOp, Move(W), NoOp, NoOp, NoOp, NoOp];173
[NoOp, Move(E), NoOp, Move(W), NoOp, NoOp, NoOp, NoOp];0
[NoOp, Move(E), NoOp, Move(W), NoOp, NoOp, NoOp, NoOp];1
[NoOp, Move(E), NoOp, Move(W), NoOp, NoOp, NoOp, NoOp];1
[NoOp, Move(E), NoOp, Move(W), NoOp, NoOp, NoOp, NoOp];1
[NoOp, Move(E), NoOp, Move(W), NoOp, NoOp, NoOp, NoOp];0
[NoOp, Move(S), NoOp, Move(W), NoOp, NoOp, NoOp, NoOp];1
[NoOp, Move(N), NoOp, Move(S), NoOp, NoOp, NoOp, NoOp];1
[NoOp, Move(W), NoOp, Move(S), NoOp, NoOp, NoOp, NoOp];1
[NoOp, Move(W), NoOp, Move(S), NoOp, NoOp, NoOp, NoOp];2
[NoOp, Move(W), NoOp, Move(S), NoOp, NoOp, NoOp, NoOp];1
[NoOp, Move(W), NoOp, Move(S), NoOp, NoOp, NoOp, NoOp];1
[NoOp, Move(W), NoOp, Move(S), NoOp, NoOp, NoOp, NoOp];1
[NoOp, Pull(E,W), NoOp, Move(E), NoOp, NoOp, NoOp, NoOp];18
[NoOp, Pull(E,W), NoOp, Move(E), NoOp, NoOp, NoOp, NoOp];1
[NoOp, Pull(E,W), NoOp, Move(E), NoOp, NoOp, NoOp, NoOp];1
[NoOp, Pull(E,W), NoOp, Move(E), NoOp, NoOp, NoOp, NoOp];1
[NoOp, Pull(N,W), NoOp, Pull(W,E), NoOp, NoOp, NoOp, NoOp];5
[NoOp, Pull(N,S), NoOp, Pull(W,E), NoOp, NoOp, NoOp, NoOp];1
[NoOp, Pull(W,S), NoOp, Pull(W,E), NoOp, NoOp, NoOp, NoOp];1
[NoOp, Pull(N,E), NoOp, Pull(W,E), NoOp, NoOp, NoOp, NoOp];1
[NoOp, Push(S,W), NoOp, Pull(N,E), NoOp, NoOp, NoOp, NoOp];0
[NoOp, Push(W,W), NoOp, Pull(N,S), NoOp, NoOp, NoOp, NoOp];1
[NoOp, Push(W,W), NoOp, Pull(E,S), NoOp, NoOp, NoOp, NoOp];1
[NoOp, Push(W,W), NoOp, Push(W,N), NoOp, NoOp, NoOp, NoOp];1
[NoOp, Push(W,W), NoOp, Push(N,N), NoOp, NoOp, NoOp, NoOp];1
[NoOp, Push(W,W), NoOp, Push(N,N), NoOp, NoOp, NoOp, NoOp];1
[NoOp, Push(W,W), NoOp, Push(N,N), NoOp, NoOp, NoOp, NoOp];1
[NoOp, Push(W,W), NoOp, Push(N,E), NoOp, NoOp, NoOp, NoOp];0
[NoOp, Move(E), NoOp, NoOp, NoOp, NoOp, NoOp, NoOp];11
[NoOp, Move(E), NoOp, Move(S), NoOp, NoOp, NoOp, NoOp];1
[NoOp, Move(E), NoOp, Move(S), NoOp, NoOp, NoOp, NoOp];1
[NoOp, Move(E), Move(S), Move(E), NoOp, NoOp, NoOp, NoOp];5
[NoOp, Move(E), Move(S), Move(E), NoOp, NoOp, NoOp, NoOp];1
[NoOp, Move(E), Move(E), Move(E), NoOp, NoOp, NoOp, NoOp];1
[NoOp, Move(E), Move(S), Move(E), NoOp, NoOp, NoOp, NoOp];1
[NoOp, Move(E), Move(E), Push(E,E), NoOp, NoOp, NoOp, NoOp];1
[NoOp, Move(S), Move(E), Push(E,E), NoOp, NoOp, NoOp, NoOp];0
[NoOp, Move(S), Move(S), Push(E,E), NoOp, NoOp, NoOp, NoOp];1
[NoOp, Move(E), Move(E), Move(W), NoOp, NoOp, NoOp, NoOp];1
[NoOp, Move(S), Move(E), Move(W), NoOp, NoOp, NoOp, NoOp];0
[NoOp, Move(S), Move(E), Move(W), NoOp, NoOp, NoOp, NoOp];1
[NoOp, Move(W), Move(E), Move(W), NoOp, NoOp, NoOp, NoOp];1
[NoOp, Move(S), Move(E), Move(W), NoOp, NoOp, NoOp, NoOp];0
[NoOp, Move(S), Push(E,E), Move(W), NoOp, NoOp, NoOp, NoOp];1
[NoOp, Move(W), Push(E,E), Move(W), NoOp, NoOp, NoOp, NoOp];1
[NoOp, Move(W), NoOp, Move(S), NoOp, NoOp, NoOp, NoOp];0
[NoOp, NoOp, Move(W), Move(S), NoOp, NoOp, NoOp, NoOp];1
[NoOp, Move(E), Move(W), Move(E), NoOp, NoOp, NoOp, NoOp];1
[NoOp, Move(E), Move(W), Move(E), NoOp, NoOp, NoOp, NoOp];0
[NoOp, Move(E), Move(W), Move(E), NoOp, NoOp, NoOp, NoOp];1
[NoOp, Move(N), Move(W), Pull(W,E), NoOp, NoOp, NoOp, NoOp];1
[NoOp, Move(N), Move(W), Pull(W,E), NoOp, NoOp, NoOp, NoOp];1
[NoOp, Move(N), Move(W), Pull(W,E), NoOp, NoOp, NoOp, NoOp];0
[NoOp, Move(N), Move(W), Pull(S,E), NoOp, NoOp, NoOp, NoOp];2
[NoOp, Move(W), Move(N), NoOp, NoOp, NoOp, NoOp, NoOp];2
[NoOp, Move(N), Move(N), NoOp, NoOp, NoOp, NoOp, NoOp];3
[NoOp, Move(N), Move(N), Move(S), NoOp, NoOp, NoOp, NoOp];1
[NoOp, Move(W), Move(N), Move(W), NoOp, NoOp, NoOp, NoOp];0
[NoOp, Move(W), Move(E), Move(W), NoOp, NoOp, NoOp, NoOp];1
[NoOp, Move(W), Move(E), Move(N), NoOp, NoOp, NoOp, NoOp];0
[NoOp, Move(W), Move(E), Move(N), NoOp, NoOp, NoOp, NoOp];1
[NoOp, Move(W), Move(E), Move(E), NoOp, NoOp, NoOp, NoOp];0
[NoOp, Move(W), Move(E), Move(N), NoOp, NoOp, NoOp, NoOp];1
[NoOp, Move(W), Move(E), Move(E), NoOp, NoOp, NoOp, NoOp];0
[NoOp, Move(W), NoOp, Move(N), NoOp, NoOp, NoOp, NoOp];73
[NoOp, Pull(E,W), NoOp, Move(N), NoOp, NoOp, NoOp, NoOp];1
[NoOp, Pull(E,W), NoOp, Move(N), NoOp, NoOp, NoOp, NoOp];1
[NoOp, Pull(E,W), NoOp, Pull(S,E), NoOp, NoOp, NoOp, NoOp];0
[NoOp, Pull(E,W), NoOp, Pull(S,N), NoOp, NoOp, NoOp, NoOp];1
[NoOp, Pull(E,W), NoOp, Move(W), NoOp, NoOp, NoOp, NoOp];0
[NoOp, Pull(E,W), NoOp, Move(S), NoOp, NoOp, NoOp, NoOp];1
[NoOp, Pull(E,W), NoOp, Move(E), NoOp, NoOp, NoOp, NoOp];0
[NoOp, Pull(E,W), NoOp, Move(N), NoOp, NoOp, NoOp, NoOp];1
[NoOp, Pull(S,W), NoOp, Pull(W,N), NoOp, NoOp, NoOp, NoOp];0
[NoOp, Pull(S,N), NoOp, Pull(W,E), NoOp, NoOp, NoOp, NoOp];0
[NoOp, Move(E), NoOp, Push(E,S), NoOp, NoOp, NoOp, NoOp];1
[NoOp, Move(S), NoOp, Pull(E,S), NoOp, NoOp, NoOp, NoOp];2
[NoOp, Move(S), NoOp, Pull(N,W), NoOp, NoOp, NoOp, NoOp];1
[NoOp, Move(W), NoOp, Pull(N,S), NoOp, NoOp, NoOp, NoOp];0
[NoOp, Move(S), NoOp, Pull(E,S), NoOp, NoOp, NoOp, NoOp];1
[NoOp, Move(S), NoOp, Pull(E,W), NoOp, NoOp, NoOp, NoOp];0
[NoOp, Move(W), NoOp, Pull(E,W), NoOp, NoOp, NoOp, NoOp];26
[NoOp, Move(W), NoOp, Pull(E,W), NoOp, NoOp, NoOp, NoOp];0
[NoOp, Push(W,W), NoOp, Pull(E,W), NoOp, NoOp, NoOp, NoOp];1
[NoOp, Push(W,W), NoOp, Pull(E,W), NoOp, NoOp, NoOp, NoOp];1
[NoOp, Push(W,W), NoOp, Pull(E,W), NoOp, NoOp, NoOp, NoOp];0
[NoOp, Push(W,W), NoOp, Pull(E,W), NoOp, NoOp, NoOp, NoOp];1
[NoOp, Push(W,W), NoOp, Pull(E,W), NoOp, NoOp, NoOp, NoOp];1
[NoOp, Move(E), NoOp, Pull(E,W), NoOp, NoOp, NoOp, NoOp];0
[NoOp, Move(E), NoOp, Pull(N,W), NoOp, NoOp, NoOp, NoOp];1
[NoOp, Move(E), NoOp, Pull(N,S), NoOp, NoOp, NoOp, NoOp];0
[NoOp, Move(E), NoOp, Pull(N,S), NoOp, NoOp, NoOp, NoOp];1
[NoOp, Move(E), NoOp, Pull(N,S), NoOp, NoOp, NoOp, NoOp];0
[NoOp, Move(E), NoOp, Pull(N,S), NoOp, NoOp, NoOp, NoOp];1
[NoOp, Move(E), NoOp, Pull(W,S), NoOp, NoOp, NoOp, NoOp];1
[NoOp, Move(N), NoOp, Push(E,E), NoOp, NoOp, NoOp, NoOp];0
[NoOp, Move(N), NoOp, Push(E,E), NoOp, NoOp, NoOp, NoOp];1
[NoOp, Move(W), NoOp, Push(E,E), NoOp, NoOp, NoOp, NoOp];0
[NoOp, Move(W), NoOp, Push(E,E), NoOp, NoOp, NoOp, NoOp];1
[NoOp, Move(W), NoOp, NoOp, NoOp, NoOp, NoOp, NoOp];1
[NoOp, Pull(E,W), Move(W), NoOp, NoOp, NoOp, NoOp, NoOp];1
[NoOp, Pull(E,W), Move(W), NoOp, NoOp, NoOp, NoOp, NoOp];0
[NoOp, Pull(E,W), Move(W), Move(W), NoOp, NoOp, NoOp, NoOp];1
[NoOp, Pull(E,W), Move(W), Move(W), NoOp, NoOp, NoOp, NoOp];1
[NoOp, Push(W,S), Move(W), Move(W), NoOp, NoOp, NoOp, NoOp];0
[NoOp, Push(S,S), Move(W), Move(S), NoOp, NoOp, NoOp, NoOp];0
[NoOp, Move(E), Move(S), Move(S), NoOp, NoOp, NoOp, NoOp];0
[NoOp, Move(N), Move(E), Move(S), NoOp, NoOp, NoOp, NoOp];2
[NoOp, Move(N), Move(N), Move(S), NoOp, NoOp, NoOp, NoOp];1
[NoOp, Move(N), Move(N), Move(S), NoOp, NoOp, NoOp, NoOp];1
[NoOp, Move(W), Move(N), Move(W), NoOp, NoOp, NoOp, NoOp];2
[NoOp, Pull(E,N), Move(E), Move(W), NoOp, NoOp, NoOp, NoOp];2
[NoOp, Push(W,W), Move(E), Move(W), NoOp, NoOp, NoOp, NoOp];2
[NoOp, Push(W,W), Move(E), Move(W), NoOp, NoOp, NoOp, NoOp];1
[NoOp, NoOp, Move(E), Move(W), NoOp, NoOp, NoOp, NoOp];1
[NoOp, NoOp, Move(W), Move(E), NoOp, NoOp, NoOp, NoOp];1
[NoOp, NoOp, Move(W), Move(E), NoOp, NoOp, NoOp, NoOp];2
[NoOp, NoOp, Move(W), Move(E), NoOp, NoOp, NoOp, NoOp];1
[NoOp, NoOp, Move(N), Move(E), NoOp, NoOp, NoOp, NoOp];0
[NoOp, NoOp, Move(N), Move(E), NoOp, NoOp, NoOp, NoOp];0
[NoOp, NoOp, Move(N), Move(N), NoOp, NoOp, NoOp, NoOp];1
[NoOp, NoOp, NoOp, Move(N), Move(N), NoOp, NoOp, NoOp];1
[NoOp, NoOp, Move(S), Move(S), Move(N), NoOp, NoOp, NoOp];1
[NoOp, NoOp, Move(S), Move(S), Move(N), NoOp, NoOp, NoOp];1
[NoOp, NoOp, Move(S), Move(W), NoOp, NoOp, NoOp, NoOp];1
[NoOp, NoOp, Move(W), Move(W), NoOp, NoOp, NoOp, NoOp];1
[NoOp, NoOp, Move(S), Move(W), Move(W), NoOp, NoOp, NoOp];1
[NoOp, NoOp, Move(S), Move(W), Move(N), NoOp, NoOp, NoOp];1
[NoOp, NoOp, NoOp, Move(W), Move(N), NoOp, NoOp, NoOp];1
[NoOp, NoOp, NoOp, Move(W), NoOp, NoOp, NoOp, NoOp];1
[NoOp, NoOp, NoOp, Move(W), NoOp, NoOp, NoOp, NoOp];0
[NoOp, NoOp, NoOp, Move(W), NoOp, NoOp, NoOp, NoOp];0
[NoOp, NoOp, NoOp, Move(W), NoOp, NoOp, NoOp, NoOp];2
[NoOp, NoOp, NoOp, Move(W), NoOp, NoOp, NoOp, NoOp];1
[NoOp, NoOp, NoOp, Move(S), NoOp, NoOp, NoOp, NoOp];1
[NoOp, NoOp, NoOp, NoOp, Move(S), NoOp, NoOp, NoOp];2
[NoOp, Pull(E,W), Move(W), NoOp, Move(S), NoOp, NoOp, NoOp];3
[NoOp, Pull(E,W), Move(W), Move(S), Move(E), NoOp, NoOp, NoOp];1
[NoOp, Push(W,N), NoOp, Move(S), NoOp, NoOp, NoOp, NoOp];1
[NoOp, NoOp, NoOp, Pull(N,S), NoOp, NoOp, NoOp, NoOp];3
[NoOp, NoOp, NoOp, Pull(E,S), Move(W), NoOp, NoOp, NoOp];1
[NoOp, NoOp, NoOp, Push(W,N), Move(W), NoOp, NoOp, NoOp];0
[NoOp, NoOp, NoOp, Push(N,N), Move(W), NoOp, NoOp, NoOp];1
[NoOp, NoOp, NoOp, Push(N,E), Move(W), NoOp, NoOp, NoOp];0
[NoOp, NoOp, NoOp, NoOp, Move(W), NoOp, NoOp, NoOp];1
[NoOp, NoOp, NoOp, NoOp, Move(W), NoOp, NoOp, NoOp];1
[NoOp, NoOp, NoOp, NoOp, Move(W), NoOp, NoOp, NoOp];0
[NoOp, NoOp, NoOp, NoOp, Move(W), NoOp, NoOp, NoOp];1
[NoOp, NoOp, NoOp, NoOp, Move(W), NoOp, NoOp, NoOp];0
[NoOp, NoOp, NoOp, NoOp, Pull(E,W), NoOp, NoOp, NoOp];2
[NoOp, NoOp, NoOp, Move(E), Pull(E,W), NoOp, NoOp, NoOp];1
[NoOp, NoOp, NoOp, Move(W), Pull(E,W), NoOp, NoOp, NoOp];45
[NoOp, NoOp, NoOp, Move(S), Pull(E,W), NoOp, NoOp, NoOp];1
[NoOp, NoOp, NoOp, Move(S), Pull(E,W), NoOp, NoOp, NoOp];1
[NoOp, NoOp, NoOp, Move(E), Pull(E,W), NoOp, NoOp, NoOp];0
[NoOp, NoOp, NoOp, Move(E), Pull(E,W), NoOp, NoOp, NoOp];1
[NoOp, NoOp, NoOp, Move(E), Pull(E,W), NoOp, NoOp, NoOp];0
[NoOp, NoOp, NoOp, Move(E), Pull(N,W), NoOp, NoOp, NoOp];1
[NoOp, NoOp, NoOp, Move(E), Pull(N,S), NoOp, NoOp, NoOp];0
[NoOp, NoOp, NoOp, Move(E), Pull(N,S), NoOp, NoOp, NoOp];1
[NoOp, NoOp, NoOp, Move(E), Pull(N,S), NoOp, NoOp, NoOp];0
[NoOp, NoOp, NoOp, Pull(W,E), Pull(N,S), NoOp, NoOp, NoOp];1
[NoOp, NoOp, NoOp, Pull(W,E), Pull(W,S), NoOp, NoOp, NoOp];1
[NoOp, NoOp, NoOp, Pull(W,E), Push(E,E), NoOp, NoOp, NoOp];0
[NoOp, NoOp, NoOp, Pull(W,E), Push(E,E), NoOp, NoOp, NoOp];1
[NoOp, NoOp, NoOp, Pull(W,E), Push(E,E), NoOp, NoOp, NoOp];0
[NoOp, NoOp, NoOp, Pull(W,E), NoOp, NoOp, NoOp, NoOp];1
[NoOp, Push(N,N), NoOp, Pull(W,E), NoOp, NoOp, NoOp, NoOp];1
[NoOp, Push(N,W), NoOp, Pull(N,E), NoOp, NoOp, NoOp, NoOp];1
[NoOp, Push(W,W), NoOp, Push(S,S), NoOp, NoOp, NoOp, NoOp];2
[NoOp, Push(W,W), NoOp, Push(S,S), NoOp, NoOp, NoOp, NoOp];0
[NoOp, Push(W,W), NoOp, Push(S,W), NoOp, NoOp, NoOp, NoOp];1
[NoOp, Push(W,W), NoOp, Push(W,W), NoOp, NoOp, NoOp, NoOp];0
[NoOp, Push(W,W), NoOp, Push(W,W), NoOp, NoOp, NoOp, NoOp];1
[NoOp, Push(W,W), NoOp, Move(N), NoOp, NoOp, NoOp, NoOp];0
[NoOp, Push(W,W), NoOp, Move(E), NoOp, NoOp, NoOp, NoOp];1
[NoOp, Push(W,W), NoOp, Move(N), NoOp, NoOp, NoOp, NoOp];0
[NoOp, NoOp, NoOp, Move(E), NoOp, NoOp, NoOp, NoOp];0
[NoOp, NoOp, NoOp, Move(N), NoOp, NoOp, NoOp, NoOp];1
[NoOp, NoOp, NoOp, Move(N), NoOp, NoOp, NoOp, NoOp];1
[NoOp, NoOp, NoOp, Move(E), NoOp, NoOp, NoOp, NoOp];1
[NoOp, NoOp, NoOp, Move(W), NoOp, NoOp, NoOp, NoOp];1
[NoOp, Push(W,W), NoOp, Move(S), NoOp, NoOp, NoOp, NoOp];0
[NoOp, Push(W,N), NoOp, Move(S), NoOp, NoOp, NoOp, NoOp];1
[NoOp, Push(N,N), NoOp, NoOp, Move(W), NoOp, NoOp, NoOp];1
[NoOp, Push(N,N), NoOp, NoOp, Move(W), NoOp, NoOp, NoOp];0
[NoOp, Push(N,N), Move(S), Move(W), Move(S), NoOp, NoOp, NoOp];1
[NoOp, Push(N,N), Move(S), Move(S), Move(S), NoOp, NoOp, NoOp];0
[NoOp, Push(N,W), NoOp, Move(W), Move(S), NoOp, NoOp, NoOp];1
[NoOp, Push(W,W), NoOp, Move(W), Move(S), NoOp, NoOp, NoOp];0
[NoOp, Push(W,W), NoOp, NoOp, Move(S), NoOp, NoOp, NoOp];70
[NoOp, Push(W,W), NoOp, NoOp, Move(E), NoOp, NoOp, NoOp];1
[NoOp, NoOp, NoOp, NoOp, Move(S), NoOp, NoOp, NoOp];1
[NoOp, Move(E), Move(E), NoOp, Move(S), NoOp, NoOp, NoOp];0
[NoOp, Move(E), Move(E), NoOp, Move(W), NoOp, NoOp, NoOp];1
[NoOp, Move(E), Move(N), NoOp, Move(W), NoOp, NoOp, NoOp];0
[NoOp, Move(S), Move(N), NoOp, Move(W), NoOp, NoOp, NoOp];0
[NoOp, Move(S), Move(E), NoOp, Move(W), NoOp, NoOp, NoOp];1
[NoOp, Move(S), Move(E), NoOp, Move(W), NoOp, NoOp, NoOp];0
[NoOp, Move(S), Move(E), NoOp, Move(W), NoOp, NoOp, NoOp];0
[NoOp, Move(S), Move(E), NoOp, NoOp, NoOp, NoOp, NoOp];1
[NoOp, Move(W), NoOp, NoOp, NoOp, NoOp, NoOp, NoOp];0
[NoOp, Move(S), NoOp, NoOp, Move(E), NoOp, NoOp, NoOp];2
[NoOp, Move(S), NoOp, NoOp, Move(E), NoOp, NoOp, NoOp];1
[NoOp, Move(N), NoOp, NoOp, Move(E), NoOp, NoOp, NoOp];1
[NoOp, Move(N), NoOp, NoOp, Move(E), NoOp, NoOp, NoOp];0
[NoOp, Move(E), NoOp, NoOp, Move(E), NoOp, NoOp, NoOp];1
[NoOp, Move(E), NoOp, NoOp, Move(E), NoOp, NoOp, NoOp];0
[NoOp, Move(E), NoOp, NoOp, Move(N), NoOp, NoOp, NoOp];0
[NoOp, Move(E), NoOp, NoOp, Move(N), NoOp, NoOp, NoOp];1
[NoOp, Move(E), NoOp, NoOp, NoOp, NoOp, NoOp, NoOp];0
[NoOp, Move(E), Move(E), NoOp, NoOp, NoOp, NoOp, NoOp];1
[NoOp, Move(E), Move(E), NoOp, NoOp, NoOp, NoOp, NoOp];0
[NoOp, Move(E), Move(E), NoOp, NoOp, NoOp, NoOp, NoOp];0
[NoOp, Move(E), Move(E), NoOp, NoOp, NoOp, NoOp, NoOp];1
[NoOp, Move(E), Move(E), NoOp, NoOp, NoOp, NoOp, NoOp];1
[NoOp, NoOp, Move(E), NoOp, NoOp, NoOp, NoOp, NoOp];0
[NoOp, NoOp, Move(E), NoOp, Move(S), NoOp, NoOp, NoOp];1
[NoOp, Move(W), Move(S), NoOp, NoOp, NoOp, NoOp, NoOp];0
[NoOp, Move(W), Move(S), NoOp, NoOp, NoOp, NoOp, NoOp];1
[NoOp, Move(W), Move(S), NoOp, NoOp, NoOp, NoOp, NoOp];0
[NoOp, Move(W), Pull(N,S), NoOp, NoOp, NoOp, NoOp, NoOp];5
[NoOp, Move(W), Pull(N,S), NoOp, NoOp, NoOp, NoOp, NoOp];0
[NoOp, Move(W), Pull(E,S), NoOp, NoOp, NoOp, NoOp, NoOp];0
[NoOp, Move(W), Push(W,N), NoOp, NoOp, NoOp, NoOp, NoOp];0
[NoOp, Move(W), Push(N,W), NoOp, NoOp, NoOp, NoOp, NoOp];0
[NoOp, Move(W), Push(W,W), NoOp, NoOp, NoOp, NoOp, NoOp];1
[NoOp, Move(N), Push(W,W), NoOp, NoOp, NoOp, NoOp, NoOp];1
[NoOp, Move(N), Push(W,W), NoOp, NoOp, NoOp, NoOp, NoOp];1
[NoOp, Move(S), Push(W,W), Pull(E,S), NoOp, NoOp, NoOp, NoOp];4
[NoOp, Move(S), Push(W,W), Pull(N,W), NoOp, NoOp, NoOp, NoOp];0
[NoOp, Move(W), Push(W,W), Pull(E,S), NoOp, NoOp, NoOp, NoOp];0
[NoOp, Move(S), Push(W,W), NoOp, NoOp, NoOp, NoOp, NoOp];1
[NoOp, Move(S), Push(W,W), NoOp, NoOp, NoOp, NoOp, NoOp];0
[NoOp, Move(E), NoOp, NoOp, NoOp, NoOp, NoOp, NoOp];1
[NoOp, Pull(W,E), NoOp, NoOp, NoOp, NoOp, NoOp, NoOp];3
[NoOp, Pull(S,E), NoOp, NoOp, NoOp, NoOp, NoOp, NoOp];1
[NoOp, Push(N,N), NoOp, NoOp, NoOp, NoOp, NoOp, NoOp];0
[NoOp, Push(N,N), NoOp, NoOp, NoOp, NoOp, NoOp, NoOp];0
[NoOp, Push(N,E), NoOp, NoOp, NoOp, NoOp, NoOp, NoOp];1
[NoOp, Push(E,N), NoOp, NoOp, NoOp, NoOp, NoOp, NoOp];0
[NoOp, Push(N,N), NoOp, NoOp, NoOp, NoOp, NoOp, NoOp];1
[NoOp, Push(N,N), NoOp, NoOp, NoOp, NoOp, NoOp, NoOp];0
[NoOp, Push(N,N), NoOp, NoOp, NoOp, NoOp, NoOp, NoOp];0
[NoOp, Push(N,N), NoOp, NoOp, NoOp, NoOp, NoOp, NoOp];1
[NoOp, Push(N,W), NoOp, NoOp, NoOp, NoOp, NoOp, NoOp];0
[NoOp, Push(W,W), NoOp, NoOp, NoOp, NoOp, NoOp, NoOp];1
[NoOp, Push(W,W), NoOp, NoOp, NoOp, NoOp, NoOp, NoOp];0
[NoOp, NoOp, NoOp, Pull(S,W), NoOp, NoOp, NoOp, NoOp];2
[NoOp, Move(E), Move(W), Push(N,E), NoOp, NoOp, NoOp, NoOp];1
[NoOp, Move(E), Move(W), Push(E,N), NoOp, NoOp, NoOp, NoOp];0
[NoOp, Move(S), NoOp, Push(N,N), NoOp, NoOp, NoOp, NoOp];1
[NoOp, Move(S), NoOp, Push(N,E), Move(S), NoOp, NoOp, NoOp];0
[NoOp, Move(S), Move(W), Push(E,E), Move(W), NoOp, NoOp, NoOp];1
[NoOp, Move(S), Move(S), Push(E,E), Move(W), NoOp, NoOp, NoOp];0
[NoOp, Move(S), Move(S), Push(E,E), NoOp, NoOp, NoOp, NoOp];1
[NoOp, Move(E), Move(S), Push(E,E), NoOp, NoOp, NoOp, NoOp];0
[NoOp, Move(E), Move(S), Push(E,E), NoOp, NoOp, NoOp, NoOp];0
[NoOp, NoOp, Move(E), Push(E,E), NoOp, NoOp, NoOp, NoOp];1
[NoOp, NoOp, Move(E), Push(E,E), NoOp, NoOp, NoOp, NoOp];0
[NoOp, NoOp, Pull(W,E), Push(E,E), NoOp, NoOp, NoOp, NoOp];2
[NoOp, NoOp, Pull(W,E), Push(E,E), NoOp, NoOp, NoOp, NoOp];1
[NoOp, NoOp, Pull(W,E), Push(E,N), NoOp, NoOp, NoOp, NoOp];0
[NoOp, NoOp, Push(E,N), Push(N,N), NoOp, NoOp, NoOp, NoOp];0
[NoOp, NoOp, Push(N,N), Push(N,N), NoOp, NoOp, NoOp, NoOp];1
[NoOp, NoOp, Push(N,N), Push(N,N), NoOp, NoOp, NoOp, NoOp];0
[NoOp, NoOp, Push(N,N), Push(N,N), NoOp, NoOp, NoOp, NoOp];1
[NoOp, NoOp, Push(N,N), Push(N,E), NoOp, NoOp, NoOp, NoOp];0
[NoOp, NoOp, Push(N,N), Push(E,E), NoOp, NoOp, NoOp, NoOp];1
[NoOp, NoOp, Push(N,E), NoOp, NoOp, Move(E), NoOp, NoOp];0
[NoOp, NoOp, Push(E,N), NoOp, NoOp, Move(E), NoOp, NoOp];0
[NoOp, NoOp, Push(N,N), NoOp, NoOp, Move(E), NoOp, NoOp];0
[NoOp, NoOp, Push(N,N), NoOp, NoOp, Move(E), NoOp, NoOp];0
[NoOp, NoOp, Push(N,N), NoOp, NoOp, Move(S), NoOp, NoOp];0
[NoOp, NoOp, Push(N,N), NoOp, NoOp, Move(S), NoOp, NoOp];0
[NoOp, NoOp, Push(N,W), NoOp, NoOp, Move(E), NoOp, NoOp];1
[NoOp, NoOp, Push(W,W), NoOp, NoOp, Move(E), NoOp, NoOp];0
[NoOp, NoOp, NoOp, NoOp, Move(E), Move(E), NoOp, NoOp];0
[NoOp, NoOp, NoOp, NoOp, Move(E), Move(E), NoOp, NoOp];1
[NoOp, NoOp, NoOp, NoOp, Move(N), Move(E), NoOp, NoOp];0
[NoOp, NoOp, NoOp, NoOp, Move(N), Move(E), NoOp, NoOp];0
[NoOp, NoOp, NoOp, NoOp, NoOp, Move(E), Move(W), NoOp];0
[NoOp, NoOp, NoOp, NoOp, NoOp, Move(E), Move(W), NoOp];0
[NoOp, NoOp, NoOp, NoOp, NoOp, Move(E), Move(W), NoOp];0
[NoOp, NoOp, NoOp, NoOp, NoOp, Move(E), Move(W), NoOp];1
[NoOp, NoOp, NoOp, NoOp, NoOp, Move(E), Move(N), NoOp];0
[NoOp, NoOp, NoOp, NoOp, NoOp, Move(N), Move(N), NoOp];0
[NoOp, NoOp, NoOp, NoOp, NoOp, Move(N), Move(W), NoOp];0
[NoOp, NoOp, NoOp, NoOp, NoOp, Move(W), Move(W), NoOp];0
[NoOp, NoOp, NoOp, NoOp, NoOp, Move(W), Move(W), NoOp];0
[NoOp, NoOp, NoOp, NoOp, NoOp, Move(W), Move(W), NoOp];0
[NoOp, NoOp, NoOp, NoOp, NoOp, Move(W), Move(W), NoOp];0
[NoOp, NoOp, NoOp, NoOp, NoOp, NoOp, Move(W), NoOp];88
[NoOp, NoOp, NoOp, NoOp, NoOp, NoOp, Move(W), NoOp];0
[NoOp, NoOp, Move(E), NoOp, NoOp, Move(E), Move(W), NoOp];0
[NoOp, NoOp, Move(S), NoOp, NoOp, Move(E), Move(W), NoOp];0
[NoOp, NoOp, Move(S), NoOp, NoOp, Move(E), Move(W), NoOp];1
[NoOp, NoOp, Move(S), NoOp, NoOp, Move(E), Move(W), NoOp];0
[NoOp, NoOp, Move(S), NoOp, NoOp, Move(S), Move(S), NoOp];0
[NoOp, NoOp, Move(S), NoOp, NoOp, Move(S), Move(S), NoOp];0
[NoOp, NoOp, Move(W), NoOp, NoOp, Move(W), Move(E), NoOp];0
[NoOp, NoOp, Move(S), NoOp, NoOp, Move(W), Move(E), NoOp];0
[NoOp, NoOp, Move(S), NoOp, NoOp, Move(W), Move(E), NoOp];0
[NoOp, NoOp, Move(W), NoOp, NoOp, Move(W), Move(E), NoOp];0
[NoOp, NoOp, Move(W), NoOp, NoOp, Move(W), Pull(W,E), NoOp];2
[NoOp, NoOp, NoOp, NoOp, NoOp, Move(W), Pull(W,E), NoOp];0
[NoOp, NoOp, NoOp, NoOp, NoOp, Move(W), Pull(W,E), NoOp];0
[NoOp, NoOp, NoOp, NoOp, NoOp, Move(W), Pull(W,E), NoOp];0
[NoOp, NoOp, NoOp, NoOp, NoOp, Move(W), Pull(N,E), NoOp];1
[NoOp, NoOp, NoOp, NoOp, NoOp, Move(W), Pull(W,S), NoOp];0
[NoOp, NoOp, NoOp, NoOp, NoOp, Move(W), Push(E,N), NoOp];0
[NoOp, NoOp, NoOp, NoOp, NoOp, Move(N), Push(N,N), NoOp];0
[NoOp, NoOp, NoOp, NoOp, NoOp, Move(N), Push(N,N), NoOp];0
[NoOp, NoOp, NoOp, NoOp, NoOp, Move(E), Push(N,E), NoOp];0
[NoOp, NoOp, NoOp, NoOp, NoOp, Move(E), Push(E,N), NoOp];0
[NoOp, NoOp, NoOp, NoOp, NoOp, Move(E), Push(N,N), NoOp];1
[NoOp, NoOp, NoOp, NoOp, NoOp, Move(E), Push(N,N), NoOp];0
[NoOp, NoOp, NoOp, NoOp, NoOp, NoOp, Push(N,N), NoOp];63
[NoOp, NoOp, NoOp, NoOp, NoOp, NoOp, Push(N,N), NoOp];0
[NoOp, NoOp, NoOp, NoOp, NoOp, NoOp, Push(N,W), NoOp];0
[NoOp, NoOp, NoOp, Move(W), Move(W), NoOp, Move(S), NoOp];0
[NoOp, NoOp, NoOp, Move(S), Move(W), NoOp, Move(S), NoOp];0
[NoOp, NoOp, NoOp, Move(S), Move(W), NoOp, Move(S), NoOp];1
[NoOp, NoOp, NoOp, Move(S), NoOp, NoOp, Move(S), NoOp];0
[NoOp, NoOp, NoOp, Move(S), NoOp, NoOp, Move(S), NoOp];0
[NoOp, NoOp, NoOp, Move(S), NoOp, NoOp, Move(W), NoOp];0
[NoOp, NoOp, NoOp, Move(W), NoOp, NoOp, Move(S), NoOp];0
[NoOp, NoOp, NoOp, NoOp, NoOp, NoOp, Move(S), NoOp];0
[NoOp, NoOp, NoOp, NoOp, NoOp, NoOp, Move(E), NoOp];0
[NoOp, NoOp, NoOp, NoOp, NoOp, NoOp, Move(E), NoOp];0
[NoOp, NoOp, NoOp, NoOp, NoOp, NoOp, Move(E), NoOp];0
[NoOp, NoOp, NoOp, NoOp, NoOp, NoOp, Move(E), NoOp];0
[NoOp, NoOp, NoOp, NoOp, NoOp, NoOp, Move(E), NoOp];1
[NoOp, NoOp, NoOp, NoOp, NoOp, NoOp, Move(E), NoOp];0
[NoOp, NoOp, NoOp, NoOp, NoOp, NoOp, Move(E), NoOp];0
[NoOp, NoOp, NoOp, NoOp, NoOp, NoOp, Move(E), NoOp];0
[NoOp, NoOp, NoOp, NoOp, NoOp, NoOp, Move(E), NoOp];0
[NoOp, NoOp, NoOp, NoOp, NoOp, NoOp, Move(E), NoOp];0
[NoOp, NoOp, NoOp, NoOp, NoOp, NoOp, Move(E), NoOp];0
[NoOp, NoOp, NoOp, NoOp, NoOp, NoOp, Move(S), NoOp];0
[NoOp, NoOp, NoOp, NoOp, NoOp, NoOp, Move(S), NoOp];0
[NoOp, NoOp, NoOp, NoOp, NoOp, NoOp, Move(W), NoOp];1
[NoOp, NoOp, NoOp, NoOp, NoOp, NoOp, Move(W), NoOp];0
[NoOp, NoOp, NoOp, NoOp, NoOp, NoOp, Move(W), NoOp];0
[NoOp, NoOp, NoOp, NoOp, NoOp, NoOp, Move(W), NoOp];0
[NoOp, NoOp, NoOp, NoOp, NoOp, NoOp, Pull(E,W), NoOp];1
[NoOp, NoOp, NoOp, NoOp, NoOp, NoOp, Pull(E,W), NoOp];0
[NoOp, NoOp, NoOp, NoOp, NoOp, Move(E), Pull(E,W), NoOp];1
[NoOp, NoOp, NoOp, NoOp, NoOp, Move(E), Pull(E,W), NoOp];0
[NoOp, NoOp, NoOp, NoOp, NoOp, NoOp, Pull(N,W), NoOp];0
[NoOp, NoOp, NoOp, NoOp, NoOp, NoOp, Pull(E,S), NoOp];0
[NoOp, NoOp, NoOp, NoOp, NoOp, NoOp, Push(W,N), NoOp];0
[NoOp, NoOp, NoOp, NoOp, NoOp, NoOp, Push(N,N), NoOp];0
[NoOp, NoOp, NoOp, NoOp, NoOp, NoOp, Push(N,N), NoOp];0
[NoOp, NoOp, NoOp, NoOp, NoOp, NoOp, Push(N,W), NoOp];0
[NoOp, NoOp, NoOp, NoOp, NoOp, NoOp, Push(W,N), NoOp];0
[NoOp, NoOp, NoOp, NoOp, NoOp, NoOp, Push(N,N), NoOp];0
[NoOp, NoOp, NoOp, NoOp, NoOp, NoOp, Push(N,N), NoOp];0
[NoOp, NoOp, NoOp, NoOp, NoOp, NoOp, Push(N,N), NoOp];0
[NoOp, NoOp, NoOp, NoOp, NoOp, NoOp, Push(N,N), NoOp];0
[NoOp, NoOp, NoOp, NoOp, NoOp, NoOp, Push(N,E), NoOp];1
137393f54979de3b32f36fb66014596453906979
successful
969
410
7f5960fdd69922c4a9e3e2e7edbea536ab08ce1b
1495032362054
