red: A,R,E,F,U,N,B,0,1
yellow: O,2,3
green: T,S,4,5
++++++++++++++++++++++++++++++++++++++++++++++++++++++++
+              ++++              ++++                  +++
+     +R++O+    +++     +O++T+    +++                  +++++++
++    +++++++    +++    +BO+R++          ++      ++    ++ 135++
  +   ++++++O    ++++   +++++++    +++++++++    +++++++++ 240+++
  +   +++++++    ++++   +++++++    +++++++++    +++++++++ +++++++
  +   +B++T+    +++++   ++++++    ++++++++++    +++++++          +
  +           +++++++           ++++++++++++    +++++             +
  +   ++++++    +++++   ++++++    ++++++++++    ++++      ++++     +
  +   +++++++    ++++   +++++++    ++ROBOT++    +++++     +  S++++++
  +   +++++++    ++++   +++++++                 +++++++      S++++++
  +   +++++++    ++++   +++++++    +++++++++    ++++++++++      ++++
++    +++++++    +++    ++++++     ++++++++      O++++++++++S     ++
+     +++++++    ++               +++++++R        O+     +++S      +
+     +++++++                    ++++++++B        T+              +
++   +++++++++++++++++++++  +++++++++++++++++++++++++           ++
+                                                           +++++
+    robots          robots          robots          robots     +
+++++++++++++++++++++++++++++++++++++++++++++++++++++++++++++++++
                        ++   ARE FUN   ++
                         +++++++++++++++

[NoOp, Move(W), Move(W), NoOp, NoOp, NoOp];127
[NoOp, NoOp, Move(S), NoOp, NoOp, NoOp];5
[NoOp, Move(E), Move(S), NoOp, NoOp, NoOp];4
[NoOp, Move(S), Move(W), NoOp, NoOp, NoOp];5
[NoOp, NoOp, Move(W), NoOp, NoOp, NoOp];8
[NoOp, NoOp, NoOp, Move(W), NoOp, NoOp];13
[NoOp, Move(W), NoOp, Move(W), NoOp, NoOp];7
[NoOp, Move(S), NoOp, Move(E), NoOp, NoOp];14
[NoOp, Move(S), NoOp, Move(S), NoOp, NoOp];4
[NoOp, Move(E), NoOp, NoOp, NoOp, NoOp];7
[NoOp, Move(E), NoOp, NoOp, NoOp, Move(W)];6
[NoOp, Move(E), NoOp, NoOp, NoOp, Move(W)];7
[NoOp, NoOp, NoOp, NoOp, NoOp, Move(W)];8
[NoOp, NoOp, NoOp, Move(W), NoOp, NoOp];6
[NoOp, NoOp, NoOp, Move(S), NoOp, NoOp];9
[NoOp, NoOp, NoOp, Move(S), NoOp, NoOp];7
[NoOp, NoOp, NoOp, Move(E), NoOp, NoOp];6
[NoOp, NoOp, NoOp, Move(E), NoOp, NoOp];5
[NoOp, NoOp, NoOp, NoOp, Move(W), Move(S)];8
[NoOp, NoOp, NoOp, NoOp, NoOp, Move(S)];8
[NoOp, NoOp, NoOp, NoOp, NoOp, Move(S)];10
[NoOp, NoOp, NoOp, NoOp, NoOp, Move(S)];8
[NoOp, NoOp, NoOp, NoOp, NoOp, Move(S)];7
[NoOp, NoOp, NoOp, NoOp, NoOp, Move(S)];7
[NoOp, NoOp, NoOp, NoOp, NoOp, Move(S)];8
[NoOp, NoOp, NoOp, NoOp, NoOp, Move(E)];7
[NoOp, NoOp, NoOp, NoOp, NoOp, Move(E)];7
[NoOp, NoOp, NoOp, NoOp, NoOp, Move(E)];8
[NoOp, NoOp, NoOp, NoOp, NoOp, Move(S)];7
[NoOp, NoOp, NoOp, NoOp, NoOp, Move(E)];6
[NoOp, NoOp, NoOp, NoOp, NoOp, Move(S)];5
[NoOp, NoOp, NoOp, NoOp, NoOp, Move(S)];6
[NoOp, NoOp, NoOp, NoOp, NoOp, Move(S)];5
[NoOp, NoOp, NoOp, NoOp, NoOp, Move(W)];5
[NoOp, NoOp, NoOp, NoOp, NoOp, Move(W)];7
[NoOp, NoOp, NoOp, NoOp, NoOp, Move(W)];5
[NoOp, NoOp, NoOp, NoOp, NoOp, Move(W)];6
[NoOp, NoOp, NoOp, NoOp, NoOp, Move(W)];5
[NoOp, NoOp, NoOp, NoOp, NoOp, Move(W)];6
[NoOp, NoOp, NoOp, NoOp, NoOp, Move(W)];6
[NoOp, NoOp, NoOp, NoOp, NoOp, Move(W)];6
[NoOp, NoOp, NoOp, NoOp, NoOp, Move(S)];6
[NoOp, NoOp, NoOp, NoOp, NoOp, Move(S)];5
[NoOp, NoOp, NoOp, NoOp, NoOp, Move(W)];6
[NoOp, NoOp, NoOp, NoOp, NoOp, Move(W)];5
[NoOp, NoOp, NoOp, NoOp, NoOp, Move(W)];6
[NoOp, NoOp, NoOp, NoOp, NoOp, Move(W)];6
[NoOp, NoOp, NoOp, NoOp, NoOp, Move(W)];9
[NoOp, NoOp, NoOp, NoOp, NoOp, Move(W)];6
[NoOp, NoOp, NoOp, NoOp, NoOp, Move(W)];5
[NoOp, NoOp, NoOp, NoOp, NoOp, Move(W)];6
[NoOp, NoOp, NoOp, NoOp, NoOp, Move(W)];6
[NoOp, NoOp, NoOp, NoOp, NoOp, Move(W)];5
[NoOp, NoOp, NoOp, NoOp, NoOp, Move(W)];6
[NoOp, NoOp, NoOp, NoOp, NoOp, Move(W)];5
[NoOp, NoOp, NoOp, NoOp, NoOp, Move(W)];6
[NoOp, NoOp, NoOp, NoOp, NoOp, Move(W)];6
[NoOp, NoOp, NoOp, NoOp, NoOp, Move(W)];6
[NoOp, NoOp, NoOp, NoOp, NoOp, Move(W)];5
[NoOp, NoOp, NoOp, NoOp, NoOp, Move(W)];6
[NoOp, NoOp, NoOp, NoOp, NoOp, Move(W)];5
[NoOp, NoOp, NoOp, NoOp, NoOp, Move(W)];6
[NoOp, NoOp, NoOp, NoOp, NoOp, Move(W)];7
[NoOp, NoOp, NoOp, NoOp, NoOp, Move(W)];9
[NoOp, NoOp, NoOp, NoOp, NoOp, Move(W)];9
[NoOp, NoOp, NoOp, NoOp, NoOp, Move(W)];9
[NoOp, NoOp, NoOp, NoOp, NoOp, Move(W)];9
[NoOp, NoOp, NoOp, NoOp, NoOp, Move(W)];9
[NoOp, NoOp, NoOp, NoOp, NoOp, Move(W)];9
[NoOp, NoOp, NoOp, NoOp, NoOp, Move(W)];9
[NoOp, NoOp, NoOp, NoOp, NoOp, Move(N)];6
[NoOp, NoOp, NoOp, NoOp, NoOp, Move(N)];5
[NoOp, NoOp, NoOp, NoOp, NoOp, Move(W)];6
[NoOp, NoOp, NoOp, NoOp, NoOp, Move(W)];5
[NoOp, NoOp, NoOp, NoOp, NoOp, Move(W)];6
[NoOp, NoOp, NoOp, NoOp, NoOp, Move(W)];6
[NoOp, NoOp, NoOp, NoOp, NoOp, Move(W)];5
[NoOp, NoOp, NoOp, NoOp, NoOp, Move(W)];6
[NoOp, NoOp, NoOp, NoOp, NoOp, Move(W)];6
[NoOp, NoOp, NoOp, NoOp, NoOp, Move(W)];5
[NoOp, NoOp, NoOp, NoOp, NoOp, Move(W)];6
[NoOp, NoOp, NoOp, NoOp, NoOp, Move(W)];5
[NoOp, NoOp, NoOp, NoOp, NoOp, Move(W)];6
[NoOp, NoOp, NoOp, NoOp, NoOp, Move(W)];5
[NoOp, NoOp, NoOp, NoOp, NoOp, Move(W)];7
[NoOp, NoOp, NoOp, NoOp, NoOp, Move(N)];5
[NoOp, NoOp, NoOp, NoOp, NoOp, Move(N)];6
[NoOp, NoOp, NoOp, NoOp, NoOp, Move(N)];5
[NoOp, NoOp, NoOp, NoOp, NoOp, Move(N)];6
[NoOp, NoOp, NoOp, NoOp, NoOp, Move(N)];6
[NoOp, NoOp, NoOp, NoOp, NoOp, Move(N)];5
[NoOp, NoOp, NoOp, NoOp, NoOp, Move(W)];6
[NoOp, NoOp, NoOp, NoOp, NoOp, Move(N)];5
[NoOp, NoOp, NoOp, NoOp, NoOp, Move(W)];6
[NoOp, NoOp, NoOp, NoOp, NoOp, Move(W)];5
[NoOp, NoOp, NoOp, NoOp, NoOp, Pull(W,N)];34
[NoOp, NoOp, NoOp, NoOp, NoOp, Pull(W,E)];6
[NoOp, NoOp, NoOp, NoOp, NoOp, Pull(W,E)];7
[NoOp, NoOp, NoOp, NoOp, NoOp, Pull(W,E)];5
[NoOp, NoOp, NoOp, NoOp, NoOp, Pull(W,E)];6
[NoOp, NoOp, NoOp, NoOp, NoOp, Pull(N,E)];6
[NoOp, NoOp, NoOp, NoOp, NoOp, Push(S,S)];5
[NoOp, NoOp, NoOp, NoOp, NoOp, Push(S,S)];6
[NoOp, NoOp, NoOp, NoOp, NoOp, Push(S,S)];5
[NoOp, NoOp, NoOp, NoOp, NoOp, Push(S,W)];6
[NoOp, NoOp, NoOp, NoOp, NoOp, Push(W,S)];5
[NoOp, NoOp, NoOp, NoOp, NoOp, Push(S,S)];6
[NoOp, NoOp, NoOp, NoOp, NoOp, Push(S,S)];6
[NoOp, NoOp, NoOp, NoOp, NoOp, Push(S,S)];5
[NoOp, NoOp, NoOp, NoOp, NoOp, Push(S,S)];6
[NoOp, NoOp, NoOp, NoOp, NoOp, Push(S,S)];6
[NoOp, NoOp, NoOp, NoOp, NoOp, Push(S,S)];6
[NoOp, NoOp, NoOp, NoOp, NoOp, Push(S,E)];5
[NoOp, NoOp, NoOp, NoOp, NoOp, Push(E,E)];6
[NoOp, NoOp, NoOp, NoOp, NoOp, Push(E,E)];6
[NoOp, NoOp, NoOp, NoOp, NoOp, Push(E,E)];5
[NoOp, NoOp, NoOp, NoOp, Move(W), Push(E,E)];8
[NoOp, NoOp, Move(E), NoOp, Move(S), Move(N)];9
[NoOp, NoOp, Move(E), NoOp, NoOp, Move(E)];5
[NoOp, NoOp, Move(S), NoOp, NoOp, Move(E)];7
[NoOp, NoOp, Move(S), NoOp, NoOp, Move(E)];5
[NoOp, NoOp, Move(S), NoOp, NoOp, Move(E)];6
[NoOp, NoOp, Move(S), NoOp, NoOp, Move(E)];5
[NoOp, NoOp, Move(E), NoOp, NoOp, Move(E)];6
[NoOp, NoOp, Move(E), NoOp, NoOp, Move(E)];5
[NoOp, NoOp, Move(E), NoOp, NoOp, Move(E)];5
[NoOp, NoOp, Move(S), NoOp, NoOp, Move(E)];5
[NoOp, NoOp, Move(E), NoOp, NoOp, Move(E)];5
[NoOp, NoOp, Move(S), NoOp, NoOp, Move(E)];5
[NoOp, NoOp, Move(S), NoOp, NoOp, Move(E)];5
[NoOp, NoOp, Move(S), NoOp, NoOp, Move(E)];6
[NoOp, NoOp, Move(W), NoOp, NoOp, Move(E)];5
[NoOp, NoOp, Move(W), NoOp, NoOp, Move(E)];6
[NoOp, NoOp, Move(W), NoOp, NoOp, Move(E)];5
[NoOp, NoOp, Move(W), NoOp, NoOp, Move(E)];6
[NoOp, NoOp, Move(W), NoOp, NoOp, Move(E)];6
[NoOp, NoOp, Move(W), NoOp, NoOp, Move(E)];6
[NoOp, NoOp, Move(W), NoOp, NoOp, Move(E)];6
[NoOp, NoOp, Move(W), NoOp, NoOp, Move(E)];7
[NoOp, NoOp, Move(S), NoOp, NoOp, Move(E)];8
[NoOp, NoOp, Move(S), NoOp, NoOp, Move(E)];6
[NoOp, NoOp, Move(W), NoOp, NoOp, Move(E)];6
[NoOp, NoOp, Move(W), NoOp, NoOp, Move(E)];5
[NoOp, NoOp, Move(W), NoOp, NoOp, Move(E)];6
[NoOp, NoOp, Move(W), NoOp, NoOp, Move(E)];5
[NoOp, NoOp, Move(W), NoOp, NoOp, Move(E)];6
[NoOp, NoOp, Move(W), NoOp, NoOp, Move(E)];5
[NoOp, NoOp, Move(W), NoOp, NoOp, Move(E)];6
[NoOp, NoOp, Move(W), NoOp, NoOp, Move(E)];6
[NoOp, NoOp, Move(W), NoOp, NoOp, Move(E)];6
[NoOp, NoOp, Move(W), NoOp, NoOp, Move(E)];5
[NoOp, NoOp, Move(W), NoOp, NoOp, NoOp];5
[NoOp, NoOp, NoOp, NoOp, NoOp, Move(S)];8
[NoOp, NoOp, Move(W), NoOp, NoOp, Move(E)];7
[NoOp, NoOp, Move(W), NoOp, NoOp, Move(E)];6
[NoOp, NoOp, Move(W), NoOp, NoOp, Move(E)];5
[NoOp, NoOp, Move(W), NoOp, NoOp, Move(E)];5
[NoOp, NoOp, Move(W), NoOp, NoOp, Move(E)];6
[NoOp, NoOp, Move(W), NoOp, NoOp, Move(E)];5
[NoOp, NoOp, Move(W), NoOp, NoOp, Move(E)];6
[NoOp, NoOp, Move(W), NoOp, NoOp, Move(E)];6
[NoOp, NoOp, Move(W), NoOp, NoOp, Move(E)];5
[NoOp, NoOp, Move(W), NoOp, NoOp, Move(E)];6
[NoOp, NoOp, Move(W), NoOp, NoOp, Move(E)];5
[NoOp, NoOp, Move(W), NoOp, NoOp, Move(E)];6
[NoOp, NoOp, Move(W), NoOp, NoOp, Move(E)];5
[NoOp, NoOp, Move(W), NoOp, NoOp, Move(E)];5
[NoOp, NoOp, Move(W), NoOp, NoOp, Move(E)];6
[NoOp, NoOp, Move(W), NoOp, NoOp, Move(E)];5
[NoOp, NoOp, Move(N), NoOp, NoOp, Move(E)];6
[NoOp, NoOp, Move(N), NoOp, NoOp, Move(E)];5
[NoOp, NoOp, Move(W), NoOp, NoOp, Move(N)];5
[NoOp, NoOp, Move(W), NoOp, NoOp, Move(N)];6
[NoOp, NoOp, Move(W), NoOp, NoOp, Move(E)];5
[NoOp, NoOp, Move(W), NoOp, NoOp, Move(N)];5
[NoOp, NoOp, Move(W), NoOp, NoOp, Pull(S,N)];31
[NoOp, NoOp, Move(W), NoOp, NoOp, Pull(W,N)];7
[NoOp, NoOp, Move(W), NoOp, Move(S), Pull(W,E)];4
[NoOp, NoOp, Move(W), NoOp, Move(S), Pull(W,E)];4
[NoOp, NoOp, Move(W), NoOp, Move(S), Pull(W,E)];5
[NoOp, NoOp, Move(W), NoOp, Move(S), Pull(S,E)];4
[NoOp, NoOp, Move(W), NoOp, Move(S), Pull(W,N)];4
[NoOp, NoOp, Move(W), NoOp, Move(E), Pull(W,E)];5
[NoOp, NoOp, Move(W), NoOp, Move(E), Pull(N,E)];5
[NoOp, NoOp, Move(N), NoOp, Move(E), Push(S,W)];4
[NoOp, NoOp, Move(N), NoOp, Move(S), Push(W,W)];4
[NoOp, NoOp, Move(N), NoOp, Move(E), Push(W,S)];4
[NoOp, NoOp, Move(N), NoOp, Move(S), Push(S,W)];5
[NoOp, NoOp, Move(N), NoOp, Move(S), Push(W,W)];4
[NoOp, NoOp, Move(N), NoOp, Move(W), Push(W,W)];4
[NoOp, NoOp, Move(N), NoOp, NoOp, Push(W,W)];5
[NoOp, NoOp, Move(N), NoOp, NoOp, Push(W,W)];4
[NoOp, NoOp, Move(N), NoOp, NoOp, Push(W,W)];4
[NoOp, NoOp, Move(N), NoOp, NoOp, Push(W,W)];4
[NoOp, NoOp, Pull(S,W), NoOp, Move(S), Push(W,W)];11
[NoOp, NoOp, Pull(S,N), Move(S), Move(W), Push(W,W)];13
[NoOp, NoOp, Pull(S,N), Move(W), Move(S), Push(W,W)];3
[NoOp, NoOp, Pull(S,N), Move(W), Move(E), Push(W,W)];3
[NoOp, NoOp, Push(N,W), Move(S), Move(E), Push(W,W)];3
[NoOp, NoOp, Push(W,W), Move(S), Move(N), Push(W,W)];4
[NoOp, NoOp, Push(W,W), Move(S), Move(N), Push(W,W)];3
[NoOp, NoOp, Push(W,W), Move(E), Move(N), Push(W,W)];3
[NoOp, NoOp, Push(W,W), Move(S), Move(N), Push(W,W)];3
[NoOp, NoOp, Push(W,W), Move(E), Pull(E,N), Push(W,W)];4
[NoOp, NoOp, Push(W,W), Move(E), Move(S), Push(W,W)];5
[NoOp, NoOp, Push(W,W), NoOp, Move(W), Push(W,W)];3
[NoOp, NoOp, Push(W,S), NoOp, Move(S), Push(W,W)];3
[NoOp, NoOp, Push(S,S), NoOp, Move(W), Push(W,W)];3
[NoOp, NoOp, Push(S,W), NoOp, Move(S), Push(W,W)];3
[NoOp, NoOp, Push(W,S), NoOp, Move(W), Push(W,W)];4
[NoOp, NoOp, Push(S,S), NoOp, Move(W), Push(W,W)];3
[NoOp, NoOp, Push(S,S), NoOp, Move(W), Push(W,W)];3
[NoOp, NoOp, Push(S,S), NoOp, Move(W), Push(W,W)];3
[NoOp, NoOp, Push(S,S), NoOp, Move(W), Push(W,W)];3
[NoOp, NoOp, Push(S,S), NoOp, Move(W), Push(W,W)];4
[NoOp, NoOp, Push(S,S), NoOp, Move(W), Push(W,W)];4
[NoOp, NoOp, Push(S,S), NoOp, Move(S), Push(W,W)];3
[NoOp, NoOp, Push(S,E), NoOp, Move(S), Push(W,W)];3
[NoOp, NoOp, Push(E,E), NoOp, Move(W), Push(W,W)];4
[NoOp, NoOp, Push(E,E), NoOp, Move(W), Push(W,W)];2
[NoOp, NoOp, Push(E,E), NoOp, Move(W), Push(W,W)];2
[NoOp, NoOp, Move(W), NoOp, Move(W), Push(W,W)];4
[NoOp, NoOp, Move(N), NoOp, Move(W), Push(W,W)];2
[NoOp, NoOp, NoOp, NoOp, Move(W), Push(W,W)];3
[NoOp, NoOp, NoOp, NoOp, Move(W), Push(W,W)];3
[NoOp, NoOp, NoOp, NoOp, Move(W), Push(W,W)];3
[NoOp, NoOp, NoOp, NoOp, Move(W), Push(W,W)];3
[NoOp, NoOp, NoOp, NoOp, Move(W), Push(W,W)];2
[NoOp, NoOp, NoOp, NoOp, Move(W), Push(W,W)];2
[NoOp, NoOp, NoOp, NoOp, Move(W), NoOp];4
[NoOp, NoOp, NoOp, NoOp, Move(W), NoOp];5
[NoOp, NoOp, NoOp, NoOp, Move(W), NoOp];4
[NoOp, NoOp, NoOp, NoOp, Move(W), NoOp];3
[NoOp, NoOp, NoOp, NoOp, Move(W), NoOp];4
[NoOp, NoOp, NoOp, NoOp, Move(W), NoOp];4
[NoOp, NoOp, NoOp, NoOp, Move(W), NoOp];4
[NoOp, NoOp, NoOp, NoOp, Move(E), NoOp];9
[NoOp, NoOp, NoOp, NoOp, Move(E), NoOp];4
[NoOp, NoOp, NoOp, NoOp, Move(E), NoOp];4
[NoOp, NoOp, NoOp, NoOp, Move(E), NoOp];4
[NoOp, NoOp, NoOp, NoOp, Move(E), NoOp];4
[NoOp, NoOp, NoOp, NoOp, Move(E), NoOp];5
[NoOp, NoOp, NoOp, NoOp, Move(E), NoOp];5
[NoOp, NoOp, NoOp, NoOp, Move(E), NoOp];4
[NoOp, NoOp, NoOp, NoOp, Move(E), NoOp];4
[NoOp, NoOp, NoOp, NoOp, Move(E), NoOp];5
[NoOp, NoOp, NoOp, NoOp, Move(E), NoOp];4
[NoOp, NoOp, NoOp, NoOp, Move(E), NoOp];4
[NoOp, NoOp, NoOp, NoOp, Move(E), NoOp];3
[NoOp, NoOp, NoOp, NoOp, Move(E), NoOp];3
[NoOp, NoOp, NoOp, NoOp, Move(E), NoOp];4
[NoOp, NoOp, NoOp, NoOp, Move(E), NoOp];4
[NoOp, NoOp, NoOp, NoOp, Move(E), NoOp];4
[NoOp, NoOp, NoOp, NoOp, Move(E), NoOp];4
[NoOp, NoOp, NoOp, NoOp, Move(E), NoOp];4
[NoOp, NoOp, NoOp, NoOp, Move(E), NoOp];4
[NoOp, NoOp, NoOp, NoOp, Move(E), NoOp];4
[NoOp, NoOp, NoOp, NoOp, Move(E), NoOp];4
[NoOp, NoOp, NoOp, NoOp, Move(E), NoOp];4
[NoOp, NoOp, NoOp, NoOp, Move(E), NoOp];4
[NoOp, NoOp, NoOp, NoOp, Move(N), NoOp];4
[NoOp, NoOp, NoOp, NoOp, Move(E), NoOp];4
[NoOp, NoOp, NoOp, NoOp, Move(N), NoOp];4
[NoOp, NoOp, NoOp, NoOp, Move(N), NoOp];4
[NoOp, NoOp, NoOp, NoOp, Push(N,E), NoOp];4
[NoOp, NoOp, NoOp, NoOp, Push(E,E), NoOp];4
[NoOp, NoOp, NoOp, NoOp, Push(N,E), NoOp];4
[NoOp, NoOp, NoOp, Move(W), Push(E,E), NoOp];4
[Move(W), NoOp, NoOp, Move(W), NoOp, NoOp];4
[Move(W), Move(W), NoOp, NoOp, NoOp, NoOp];5
[Move(W), Move(W), NoOp, NoOp, NoOp, NoOp];5
[Move(S), Move(W), NoOp, NoOp, NoOp, NoOp];6
[NoOp, Move(S), NoOp, NoOp, NoOp, NoOp];5
[Move(S), Move(S), NoOp, NoOp, NoOp, NoOp];7
[Move(W), Move(S), NoOp, NoOp, NoOp, NoOp];5
[Move(S), Move(S), NoOp, NoOp, NoOp, NoOp];5
[Move(S), Move(E), NoOp, NoOp, NoOp, NoOp];5
[Move(E), Move(E), NoOp, NoOp, NoOp, NoOp];5
[Move(S), Move(E), NoOp, NoOp, NoOp, NoOp];5
[Move(S), Move(S), NoOp, NoOp, NoOp, NoOp];5
[Move(E), Move(S), NoOp, NoOp, NoOp, NoOp];5
[Move(E), Move(S), NoOp, NoOp, NoOp, NoOp];6
[Move(E), Move(S), NoOp, NoOp, NoOp, NoOp];5
[Move(S), Move(W), NoOp, NoOp, NoOp, NoOp];5
[Move(S), Move(W), NoOp, NoOp, NoOp, NoOp];5
[Move(S), Move(W), NoOp, NoOp, NoOp, NoOp];5
[Move(S), Move(W), NoOp, NoOp, NoOp, NoOp];5
[Move(W), Move(W), NoOp, NoOp, NoOp, NoOp];5
[Move(W), Move(W), NoOp, NoOp, NoOp, NoOp];5
[Move(W), Move(W), NoOp, NoOp, NoOp, NoOp];5
[Move(W), Move(S), NoOp, NoOp, NoOp, NoOp];5
[Move(W), Move(S), NoOp, NoOp, NoOp, NoOp];6
[Move(W), Move(W), NoOp, NoOp, NoOp, NoOp];5
[Move(W), Move(W), NoOp, NoOp, NoOp, NoOp];5
[Move(S), Move(W), NoOp, NoOp, NoOp, NoOp];5
[Move(S), Move(W), NoOp, NoOp, NoOp, NoOp];4
[Move(W), Move(W), NoOp, NoOp, NoOp, NoOp];4
[Move(W), Move(W), NoOp, NoOp, NoOp, NoOp];5
[Move(W), Move(W), NoOp, NoOp, NoOp, NoOp];5
[Move(W), Move(W), NoOp, NoOp, NoOp, NoOp];5
[Move(W), Move(W), NoOp, NoOp, NoOp, NoOp];5
[Move(W), Move(W), NoOp, NoOp, NoOp, NoOp];5
[Move(W), Move(W), NoOp, NoOp, NoOp, NoOp];5
[Move(W), Move(W), NoOp, NoOp, NoOp, NoOp];6
[Move(W), Move(W), NoOp, NoOp, NoOp, NoOp];5
[Move(W), Move(W), NoOp, NoOp, NoOp, NoOp];5
[Move(W), Move(W), NoOp, NoOp, NoOp, NoOp];5
[Move(W), Move(W), NoOp, NoOp, NoOp, NoOp];5
[Move(W), Move(W), NoOp, NoOp, NoOp, NoOp];5
[Move(W), Move(W), NoOp, NoOp, NoOp, NoOp];5
[Move(W), Move(W), NoOp, NoOp, NoOp, NoOp];5
[Move(W), Move(W), NoOp, NoOp, NoOp, NoOp];5
[Move(W), Move(W), NoOp, NoOp, NoOp, NoOp];5
[Move(W), Move(W), NoOp, NoOp, NoOp, NoOp];5
[Move(W), Move(W), NoOp, NoOp, NoOp, NoOp];5
[Move(W), Move(W), NoOp, NoOp, NoOp, NoOp];5
[Move(W), Move(W), NoOp, NoOp, NoOp, NoOp];5
[Move(W), Move(W), NoOp, NoOp, NoOp, NoOp];5
[Move(W), Move(W), NoOp, NoOp, NoOp, NoOp];5
[Move(W), Move(N), NoOp, NoOp, NoOp, NoOp];6
[Move(W), Move(N), NoOp, NoOp, NoOp, NoOp];5
[Move(W), Move(W), NoOp, NoOp, NoOp, NoOp];5
[Move(W), Move(W), NoOp, NoOp, NoOp, NoOp];5
[Move(N), Move(W), NoOp, NoOp, NoOp, NoOp];5
[Move(N), Move(W), NoOp, NoOp, NoOp, NoOp];5
[Move(W), Move(W), NoOp, NoOp, NoOp, NoOp];5
[Move(W), Move(W), NoOp, NoOp, NoOp, NoOp];5
[Move(W), Move(W), NoOp, NoOp, NoOp, NoOp];5
[Move(W), Move(W), NoOp, NoOp, NoOp, NoOp];5
[Move(W), Move(W), NoOp, NoOp, NoOp, NoOp];5
[Move(W), Move(W), NoOp, NoOp, NoOp, NoOp];5
[Move(W), Move(W), NoOp, NoOp, NoOp, NoOp];5
[Move(W), Move(W), NoOp, NoOp, NoOp, NoOp];5
[Move(W), Move(W), NoOp, NoOp, NoOp, NoOp];5
[Move(W), Move(N), NoOp, NoOp, NoOp, NoOp];5
[Move(W), Move(N), NoOp, NoOp, NoOp, NoOp];5
[Move(W), Move(N), NoOp, NoOp, NoOp, NoOp];7
[Move(W), Move(N), NoOp, NoOp, NoOp, NoOp];5
[Move(N), Move(N), NoOp, NoOp, NoOp, NoOp];5
[Move(N), Move(N), NoOp, NoOp, NoOp, NoOp];5
[Move(N), Move(W), NoOp, NoOp, NoOp, NoOp];5
[Move(N), Move(N), NoOp, NoOp, NoOp, NoOp];5
[Move(N), Move(W), NoOp, NoOp, NoOp, NoOp];5
[Move(N), Move(W), NoOp, NoOp, NoOp, NoOp];5
[Move(W), Move(W), NoOp, NoOp, NoOp, NoOp];5
[Move(N), Move(W), NoOp, NoOp, NoOp, NoOp];5
[Move(W), Move(W), NoOp, NoOp, NoOp, NoOp];5
[Move(W), Pull(W,N), NoOp, NoOp, NoOp, NoOp];9
[Move(W), Pull(W,E), NoOp, NoOp, NoOp, NoOp];5
[Move(W), Pull(W,E), NoOp, NoOp, NoOp, NoOp];5
[Move(W), Pull(S,E), NoOp, NoOp, NoOp, NoOp];6
[NoOp, Pull(S,N), NoOp, NoOp, NoOp, NoOp];130
[NoOp, Pull(S,N), NoOp, NoOp, NoOp, NoOp];7
[Move(W), Pull(S,N), NoOp, NoOp, NoOp, NoOp];5
[Move(W), Pull(S,N), NoOp, NoOp, NoOp, NoOp];5
[Move(W), Pull(S,N), NoOp, NoOp, NoOp, NoOp];5
[NoOp, Pull(S,N), NoOp, NoOp, NoOp, NoOp];5
[NoOp, Pull(S,N), NoOp, NoOp, NoOp, NoOp];5
[NoOp, Pull(S,N), NoOp, NoOp, NoOp, NoOp];5
[NoOp, Pull(S,N), NoOp, NoOp, NoOp, NoOp];5
[NoOp, Push(N,E), NoOp, NoOp, NoOp, NoOp];5
[NoOp, Push(E,S), NoOp, NoOp, NoOp, NoOp];8
[NoOp, Push(S,E), NoOp, NoOp, NoOp, NoOp];8
[NoOp, Push(E,E), NoOp, NoOp, NoOp, NoOp];9
[Move(E), NoOp, Move(W), NoOp, NoOp, NoOp];11
[Move(E), NoOp, Move(W), NoOp, NoOp, NoOp];7
[Move(E), NoOp, Move(N), NoOp, NoOp, NoOp];5
[Move(E), NoOp, Move(N), NoOp, NoOp, NoOp];3
[Move(E), NoOp, Move(E), NoOp, NoOp, NoOp];5
[Move(E), NoOp, Move(N), NoOp, NoOp, NoOp];5
[Move(E), NoOp, Move(N), NoOp, NoOp, NoOp];5
[Move(E), NoOp, Move(N), NoOp, NoOp, NoOp];5
[Move(E), NoOp, Move(N), NoOp, NoOp, NoOp];5
[Move(S), NoOp, Move(N), NoOp, NoOp, NoOp];4
[Move(E), NoOp, Move(N), NoOp, NoOp, NoOp];5
[Move(E), NoOp, Move(N), NoOp, NoOp, NoOp];5
[Move(S), NoOp, Move(N), NoOp, NoOp, NoOp];5
[Move(E), NoOp, Move(N), NoOp, NoOp, NoOp];5
[Move(S), NoOp, Move(N), NoOp, NoOp, NoOp];5
[Move(S), NoOp, Move(N), NoOp, NoOp, NoOp];5
[Move(S), NoOp, Move(N), NoOp, NoOp, NoOp];5
[Move(S), NoOp, Move(N), NoOp, NoOp, NoOp];4
[Move(S), NoOp, Move(E), NoOp, NoOp, NoOp];5
[Move(E), NoOp, Move(E), NoOp, NoOp, NoOp];5
[Move(E), NoOp, Move(E), NoOp, NoOp, NoOp];5
[Move(E), NoOp, Move(E), NoOp, NoOp, NoOp];5
[Move(E), NoOp, Move(E), NoOp, NoOp, NoOp];6
[Move(E), NoOp, NoOp, NoOp, NoOp, NoOp];112
[Move(E), Move(N), Move(E), NoOp, NoOp, NoOp];3
[Move(E), Move(E), Move(E), Move(E), NoOp, NoOp];3
[Move(E), Move(E), Move(W), Move(E), NoOp, NoOp];5
[Move(E), NoOp, Move(W), Move(S), NoOp, NoOp];4
[Move(E), NoOp, Pull(E,S), Move(S), NoOp, NoOp];10
[Move(E), NoOp, Push(W,W), Move(S), NoOp, NoOp];4
[Move(E), NoOp, Push(W,W), Move(W), NoOp, NoOp];4
[Move(E), NoOp, Push(W,W), Move(W), NoOp, NoOp];4
[Move(E), NoOp, Push(W,W), Move(W), NoOp, NoOp];4
[Move(E), NoOp, Push(W,W), Move(W), NoOp, NoOp];4
[Move(E), NoOp, Push(W,S), Move(W), NoOp, NoOp];3
[Move(N), NoOp, Push(S,W), Move(W), NoOp, NoOp];3
[Move(E), NoOp, Push(W,S), Move(W), NoOp, NoOp];4
[Move(N), NoOp, Push(S,S), Move(S), NoOp, NoOp];4
[Move(E), NoOp, Push(S,S), Move(S), NoOp, NoOp];4
[Move(N), NoOp, Push(S,S), Move(W), NoOp, NoOp];4
[Move(N), NoOp, Push(S,S), Move(W), NoOp, NoOp];4
[Move(E), NoOp, Push(S,S), Move(W), NoOp, NoOp];4
[Move(E), NoOp, Push(S,S), Move(W), NoOp, NoOp];4
[Move(E), NoOp, Push(S,S), Move(W), NoOp, NoOp];4
[Pull(W,N), NoOp, Push(S,S), Move(W), NoOp, NoOp];14
[Pull(W,E), NoOp, Push(S,S), Move(W), NoOp, NoOp];2
[Pull(W,E), NoOp, Push(S,S), Move(W), NoOp, NoOp];3
[Pull(S,E), NoOp, Push(S,S), Move(W), NoOp, NoOp];3
[Pull(W,N), NoOp, Push(S,S), Move(W), NoOp, NoOp];3
[Pull(W,E), NoOp, Push(S,S), Move(W), NoOp, NoOp];2
[Pull(W,E), NoOp, Push(S,S), Move(W), NoOp, NoOp];3
[Pull(S,E), NoOp, Push(S,E), Move(W), NoOp, NoOp];3
[Pull(W,N), NoOp, Push(E,E), Move(W), NoOp, NoOp];2
[Pull(S,E), NoOp, NoOp, Move(W), NoOp, NoOp];4
[Pull(S,N), NoOp, NoOp, Move(W), NoOp, NoOp];4
[Pull(W,N), NoOp, NoOp, Move(W), NoOp, NoOp];4
[Pull(N,E), NoOp, NoOp, Move(W), NoOp, NoOp];3
[Push(S,W), NoOp, NoOp, Move(W), NoOp, NoOp];4
[Push(W,W), NoOp, NoOp, Move(W), NoOp, NoOp];4
[Push(W,W), NoOp, NoOp, Move(W), NoOp, NoOp];4
[Push(W,S), NoOp, NoOp, Move(W), NoOp, NoOp];3
[Push(S,S), NoOp, NoOp, Move(W), NoOp, NoOp];4
[Push(S,W), NoOp, NoOp, Move(W), NoOp, NoOp];4
[Push(W,W), NoOp, NoOp, Move(W), NoOp, NoOp];4
[Push(W,W), NoOp, NoOp, Move(W), NoOp, NoOp];4
[Push(W,S), NoOp, NoOp, Move(W), NoOp, NoOp];3
[Push(S,W), NoOp, NoOp, Move(N), NoOp, NoOp];3
[Push(W,W), NoOp, NoOp, Move(N), NoOp, NoOp];4
[NoOp, NoOp, Move(N), Move(W), NoOp, NoOp];6
[Move(E), NoOp, Move(E), Move(W), NoOp, NoOp];4
[Move(E), NoOp, NoOp, Move(W), NoOp, NoOp];6
[Move(E), NoOp, Move(W), Move(N), NoOp, NoOp];3
[Move(E), NoOp, Move(W), Move(W), NoOp, NoOp];3
[Move(E), NoOp, Move(N), Move(W), NoOp, NoOp];4
[Move(N), NoOp, Move(N), Move(W), NoOp, NoOp];3
[Move(N), NoOp, Move(E), Move(W), NoOp, NoOp];4
[Move(N), NoOp, Move(N), Move(S), NoOp, NoOp];4
[Move(N), NoOp, Move(N), Move(W), NoOp, NoOp];3
[Move(W), NoOp, Move(N), Move(W), NoOp, NoOp];4
[Move(W), NoOp, Move(N), Move(W), NoOp, NoOp];3
[Move(W), NoOp, Move(N), Move(W), NoOp, NoOp];4
[Move(W), NoOp, Move(N), Move(W), NoOp, NoOp];4
[Move(W), NoOp, Move(N), Move(W), NoOp, NoOp];3
[Move(W), NoOp, Move(E), Move(N), NoOp, NoOp];4
[Move(W), NoOp, Move(E), Move(N), NoOp, NoOp];4
[Move(W), NoOp, Move(E), Move(N), NoOp, NoOp];3
[Move(S), NoOp, Move(E), Move(N), NoOp, NoOp];4
[Move(W), NoOp, Move(E), Move(N), NoOp, NoOp];4
[Move(W), NoOp, Move(E), Move(N), NoOp, NoOp];3
[Move(W), NoOp, Move(E), Move(W), NoOp, NoOp];4
[Move(W), NoOp, Move(E), NoOp, NoOp, NoOp];3
[Move(W), NoOp, Move(S), NoOp, NoOp, NoOp];5
[Move(W), NoOp, Move(E), NoOp, NoOp, NoOp];5
[Move(N), NoOp, Move(E), NoOp, NoOp, NoOp];5
[Move(N), NoOp, Move(S), NoOp, NoOp, NoOp];5
[Move(N), NoOp, Move(E), NoOp, NoOp, NoOp];5
[Move(N), NoOp, Move(S), NoOp, NoOp, NoOp];5
[Move(N), NoOp, Move(S), NoOp, NoOp, NoOp];5
[Move(N), NoOp, Move(S), NoOp, NoOp, NoOp];4
[Move(N), NoOp, Move(S), NoOp, NoOp, NoOp];5
[Move(N), NoOp, Move(S), NoOp, NoOp, NoOp];5
[Move(N), NoOp, Move(E), NoOp, NoOp, NoOp];4
[Move(N), NoOp, Move(E), NoOp, NoOp, NoOp];5
[Move(N), NoOp, Move(E), NoOp, NoOp, NoOp];5
[Move(N), NoOp, Move(E), NoOp, NoOp, NoOp];5
[Move(W), NoOp, Move(E), NoOp, NoOp, NoOp];4
[Move(N), NoOp, Move(E), NoOp, NoOp, NoOp];5
[Move(W), NoOp, Move(E), NoOp, NoOp, NoOp];5
[Move(W), NoOp, Move(N), NoOp, NoOp, NoOp];5
[Move(W), NoOp, Move(E), NoOp, NoOp, NoOp];4
[Move(W), NoOp, Move(E), NoOp, NoOp, NoOp];5
[Move(W), NoOp, Move(E), NoOp, NoOp, NoOp];5
[Pull(W,S), NoOp, Move(E), NoOp, NoOp, NoOp];11
[Pull(W,E), NoOp, Move(E), NoOp, NoOp, NoOp];3
[Pull(S,E), NoOp, Move(E), NoOp, NoOp, NoOp];5
[Pull(S,N), NoOp, Move(E), NoOp, NoOp, NoOp];4
[Pull(W,N), NoOp, Move(E), NoOp, NoOp, NoOp];3
[Push(E,S), NoOp, Move(E), NoOp, NoOp, NoOp];4
[Push(S,S), NoOp, Move(E), NoOp, NoOp, NoOp];4
[Push(S,S), NoOp, Move(N), NoOp, NoOp, NoOp];4
[Push(S,S), NoOp, Move(E), NoOp, NoOp, NoOp];3
[Push(S,S), NoOp, Move(N), NoOp, NoOp, NoOp];4
[Push(S,S), NoOp, Move(N), NoOp, NoOp, NoOp];4
[Push(S,S), NoOp, Move(E), NoOp, NoOp, NoOp];4
[Push(S,S), NoOp, Move(E), NoOp, NoOp, NoOp];3
[Push(S,S), NoOp, Move(E), NoOp, NoOp, NoOp];4
[Push(S,S), NoOp, Move(E), NoOp, NoOp, NoOp];4
[Push(S,W), NoOp, NoOp, NoOp, NoOp, NoOp];5
[Push(W,S), NoOp, NoOp, NoOp, NoOp, NoOp];4
[Push(S,S), NoOp, NoOp, NoOp, NoOp, NoOp];4
[Push(S,S), NoOp, NoOp, NoOp, NoOp, NoOp];3
[Push(S,S), NoOp, NoOp, NoOp, NoOp, NoOp];4
[Push(S,E), NoOp, NoOp, NoOp, NoOp, NoOp];4
[NoOp, NoOp, Pull(W,N), NoOp, NoOp, NoOp];17
[NoOp, NoOp, Pull(W,E), Move(E), NoOp, NoOp];4
[NoOp, NoOp, Pull(W,E), Move(E), NoOp, NoOp];5
[NoOp, NoOp, Pull(W,E), Move(E), NoOp, NoOp];6
[NoOp, NoOp, Pull(W,E), Move(S), NoOp, NoOp];4
[NoOp, NoOp, Pull(W,E), Move(E), NoOp, NoOp];5
[NoOp, NoOp, Pull(S,E), Move(S), NoOp, NoOp];4
[NoOp, NoOp, Pull(W,N), Move(S), NoOp, NoOp];5
[NoOp, NoOp, Pull(S,E), Move(S), NoOp, NoOp];4
[NoOp, NoOp, Pull(S,N), Move(S), NoOp, NoOp];5
[NoOp, NoOp, Pull(W,N), Move(S), NoOp, NoOp];4
[NoOp, NoOp, Pull(S,E), Move(E), NoOp, NoOp];5
[NoOp, NoOp, Pull(W,N), Move(E), NoOp, NoOp];4
[NoOp, NoOp, Pull(W,E), Move(E), NoOp, NoOp];5
[NoOp, NoOp, Pull(N,E), Move(E), NoOp, NoOp];4
[NoOp, NoOp, Push(S,W), Move(E), NoOp, NoOp];5
[NoOp, NoOp, Push(W,W), Move(E), NoOp, NoOp];4
[NoOp, NoOp, Push(W,S), Move(E), NoOp, NoOp];4
[NoOp, NoOp, Push(S,S), Move(E), NoOp, NoOp];5
[NoOp, NoOp, Push(S,W), Move(E), NoOp, NoOp];4
[NoOp, NoOp, Push(W,W), Move(E), NoOp, NoOp];5
[NoOp, NoOp, Push(W,W), Move(E), NoOp, NoOp];4
[NoOp, NoOp, Push(W,S), Move(E), NoOp, NoOp];6
[NoOp, NoOp, Push(S,W), Move(E), NoOp, NoOp];5
[Move(N), NoOp, NoOp, Move(E), NoOp, NoOp];4
[Move(N), NoOp, NoOp, Move(E), NoOp, NoOp];5
[Move(N), NoOp, NoOp, Move(E), NoOp, NoOp];4
[Move(E), NoOp, NoOp, Move(N), NoOp, NoOp];4
[Move(N), NoOp, NoOp, Move(E), NoOp, NoOp];5
[Move(N), NoOp, NoOp, Move(N), NoOp, NoOp];4
[Move(N), NoOp, NoOp, Move(E), NoOp, NoOp];4
[Move(N), NoOp, NoOp, Move(N), NoOp, NoOp];5
[Move(N), NoOp, NoOp, Move(N), NoOp, NoOp];4
[Move(N), NoOp, NoOp, Move(E), NoOp, NoOp];4
[Move(N), NoOp, NoOp, Move(E), NoOp, NoOp];5
[Move(E), NoOp, NoOp, Move(E), NoOp, NoOp];4
[Move(E), NoOp, NoOp, Move(N), NoOp, NoOp];4
[Move(E), NoOp, NoOp, NoOp, NoOp, NoOp];6
[Move(E), NoOp, NoOp, NoOp, NoOp, NoOp];5
[Move(E), NoOp, NoOp, NoOp, NoOp, NoOp];6
[Move(E), NoOp, NoOp, NoOp, NoOp, NoOp];5
[Move(E), NoOp, NoOp, NoOp, NoOp, NoOp];6
[Move(E), NoOp, NoOp, NoOp, NoOp, NoOp];5
[Move(S), NoOp, NoOp, NoOp, NoOp, NoOp];6
[Move(E), NoOp, NoOp, NoOp, NoOp, NoOp];5
[Move(E), NoOp, NoOp, NoOp, NoOp, NoOp];5
[Move(S), NoOp, NoOp, NoOp, NoOp, NoOp];6
[Move(E), NoOp, NoOp, NoOp, NoOp, NoOp];5
[Move(S), NoOp, NoOp, NoOp, NoOp, NoOp];5
[Move(S), NoOp, NoOp, NoOp, NoOp, NoOp];6
[Move(S), NoOp, NoOp, NoOp, NoOp, NoOp];5
[Move(S), NoOp, NoOp, NoOp, NoOp, NoOp];5
[Move(S), NoOp, NoOp, NoOp, NoOp, NoOp];6
[Move(E), NoOp, NoOp, NoOp, NoOp, NoOp];5
[Move(E), NoOp, NoOp, NoOp, NoOp, NoOp];6
[Move(E), NoOp, NoOp, NoOp, NoOp, NoOp];5
[Move(E), NoOp, NoOp, NoOp, NoOp, NoOp];6
[Move(E), NoOp, NoOp, NoOp, NoOp, NoOp];5
[Move(E), NoOp, NoOp, NoOp, NoOp, NoOp];5
[Move(E), NoOp, NoOp, NoOp, NoOp, NoOp];5
[Move(E), NoOp, NoOp, NoOp, NoOp, NoOp];6
[Move(E), NoOp, NoOp, NoOp, NoOp, NoOp];5
[Move(E), NoOp, NoOp, NoOp, NoOp, NoOp];6
[Move(E), NoOp, NoOp, NoOp, NoOp, NoOp];5
[Move(N), NoOp, NoOp, NoOp, NoOp, NoOp];5
[Move(E), NoOp, NoOp, NoOp, NoOp, NoOp];7
[Move(E), NoOp, NoOp, NoOp, NoOp, NoOp];8
[Move(E), NoOp, NoOp, NoOp, NoOp, NoOp];8
[Move(E), NoOp, NoOp, NoOp, NoOp, NoOp];8
[Move(E), NoOp, NoOp, NoOp, NoOp, NoOp];5
[Move(E), NoOp, NoOp, NoOp, NoOp, NoOp];6
[Move(N), NoOp, NoOp, NoOp, NoOp, NoOp];5
[Move(E), NoOp, NoOp, NoOp, NoOp, NoOp];6
[Move(N), NoOp, NoOp, NoOp, NoOp, NoOp];5
[Move(N), NoOp, NoOp, NoOp, NoOp, NoOp];5
[Move(E), NoOp, NoOp, NoOp, NoOp, NoOp];6
[Move(E), NoOp, NoOp, NoOp, NoOp, NoOp];5
[Move(E), NoOp, NoOp, NoOp, NoOp, NoOp];6
[Move(E), NoOp, NoOp, NoOp, NoOp, NoOp];5
[Move(E), NoOp, NoOp, NoOp, NoOp, NoOp];6
[NoOp, NoOp, Move(N), NoOp, NoOp, NoOp];124
[Move(E), Move(E), Move(W), NoOp, NoOp, NoOp];3
[Move(E), Move(E), Move(W), NoOp, NoOp, NoOp];4
[NoOp, Move(E), NoOp, NoOp, NoOp, NoOp];5
[NoOp, Move(E), NoOp, NoOp, NoOp, NoOp];6
[NoOp, Move(E), NoOp, NoOp, NoOp, NoOp];5
[NoOp, Move(E), NoOp, NoOp, NoOp, NoOp];6
[NoOp, Move(E), NoOp, NoOp, NoOp, NoOp];5
[NoOp, Move(E), NoOp, NoOp, NoOp, NoOp];6
[NoOp, Move(E), NoOp, NoOp, NoOp, NoOp];5
[NoOp, Move(E), NoOp, NoOp, NoOp, NoOp];6
[NoOp, Move(E), NoOp, NoOp, NoOp, NoOp];5
[NoOp, Move(E), NoOp, NoOp, NoOp, NoOp];6
[NoOp, Move(W), NoOp, NoOp, NoOp, NoOp];14
[NoOp, Move(W), NoOp, NoOp, NoOp, NoOp];5
[NoOp, Move(W), NoOp, NoOp, NoOp, NoOp];6
[NoOp, Move(W), NoOp, NoOp, NoOp, NoOp];5
[NoOp, Move(W), NoOp, NoOp, NoOp, NoOp];6
[NoOp, Move(W), NoOp, NoOp, NoOp, NoOp];5
[NoOp, Move(W), NoOp, NoOp, NoOp, NoOp];5
[NoOp, Move(W), NoOp, NoOp, NoOp, NoOp];6
[NoOp, Move(W), NoOp, NoOp, NoOp, NoOp];5
[NoOp, Move(W), NoOp, NoOp, NoOp, NoOp];5
[NoOp, Move(W), NoOp, NoOp, NoOp, NoOp];6
[NoOp, Move(W), NoOp, NoOp, NoOp, NoOp];5
[NoOp, Move(W), NoOp, NoOp, NoOp, NoOp];6
[NoOp, Move(W), NoOp, NoOp, NoOp, NoOp];5
[NoOp, Move(W), NoOp, NoOp, NoOp, NoOp];5
[NoOp, Move(W), NoOp, NoOp, NoOp, NoOp];7
[NoOp, Move(N), NoOp, NoOp, NoOp, NoOp];5
[NoOp, Move(N), NoOp, NoOp, NoOp, NoOp];6
[NoOp, Move(E), NoOp, NoOp, NoOp, NoOp];5
[NoOp, Move(N), NoOp, NoOp, NoOp, NoOp];6
[NoOp, Move(N), NoOp, NoOp, NoOp, NoOp];5
[NoOp, Move(N), NoOp, NoOp, NoOp, NoOp];6
[NoOp, Move(N), NoOp, NoOp, NoOp, NoOp];5
[NoOp, Move(N), NoOp, NoOp, NoOp, NoOp];6
[NoOp, Move(N), NoOp, NoOp, NoOp, NoOp];5
[NoOp, Move(N), NoOp, NoOp, NoOp, NoOp];5
[NoOp, Move(E), NoOp, NoOp, NoOp, NoOp];6
[NoOp, Move(E), NoOp, NoOp, NoOp, NoOp];5
[NoOp, Move(E), NoOp, NoOp, NoOp, NoOp];6
[NoOp, Move(E), NoOp, NoOp, NoOp, NoOp];5
[NoOp, Move(E), NoOp, NoOp, NoOp, NoOp];5
[NoOp, Move(E), NoOp, NoOp, NoOp, NoOp];6
[NoOp, Move(E), NoOp, NoOp, NoOp, NoOp];7
[NoOp, Move(E), NoOp, NoOp, NoOp, NoOp];5
[NoOp, Move(S), NoOp, NoOp, NoOp, NoOp];6
[NoOp, Move(E), NoOp, NoOp, NoOp, NoOp];5
[NoOp, Move(E), NoOp, NoOp, NoOp, NoOp];6
[NoOp, Move(S), NoOp, NoOp, NoOp, NoOp];5
[NoOp, Move(E), NoOp, NoOp, NoOp, NoOp];6
[NoOp, Move(S), NoOp, NoOp, NoOp, NoOp];5
[NoOp, Move(S), NoOp, NoOp, NoOp, NoOp];6
[NoOp, Move(S), NoOp, NoOp, NoOp, NoOp];5
[NoOp, Move(S), NoOp, NoOp, NoOp, NoOp];6
[NoOp, Move(S), NoOp, NoOp, NoOp, NoOp];5
[NoOp, Move(E), NoOp, NoOp, NoOp, NoOp];5
[NoOp, Move(E), NoOp, NoOp, NoOp, NoOp];6
[NoOp, Move(E), NoOp, NoOp, NoOp, NoOp];5
[NoOp, Move(E), NoOp, NoOp, NoOp, NoOp];6
[NoOp, Move(E), NoOp, NoOp, NoOp, NoOp];5
[NoOp, Move(E), NoOp, NoOp, NoOp, NoOp];7
[NoOp, Move(E), NoOp, NoOp, NoOp, NoOp];5
[NoOp, Move(E), NoOp, NoOp, NoOp, NoOp];6
[NoOp, Move(E), NoOp, NoOp, NoOp, NoOp];5
[NoOp, Move(E), NoOp, NoOp, NoOp, NoOp];6
[NoOp, Move(E), NoOp, NoOp, NoOp, NoOp];5
[NoOp, Move(E), NoOp, NoOp, NoOp, NoOp];6
[NoOp, Move(E), NoOp, NoOp, NoOp, NoOp];5
[NoOp, Move(E), NoOp, NoOp, NoOp, NoOp];5
[NoOp, Move(E), NoOp, NoOp, NoOp, NoOp];6
[NoOp, Move(E), NoOp, NoOp, NoOp, NoOp];5
[NoOp, Move(N), NoOp, NoOp, NoOp, NoOp];6
[NoOp, Move(E), NoOp, NoOp, NoOp, NoOp];5
[NoOp, Move(N), NoOp, NoOp, NoOp, NoOp];6
[NoOp, Move(E), NoOp, NoOp, NoOp, NoOp];5
[NoOp, Move(N), NoOp, NoOp, NoOp, NoOp];6
[NoOp, Move(N), NoOp, NoOp, NoOp, NoOp];6
[NoOp, Move(E), NoOp, NoOp, NoOp, NoOp];5
[NoOp, Move(E), NoOp, NoOp, NoOp, NoOp];5
[NoOp, Move(E), NoOp, NoOp, NoOp, NoOp];5
[NoOp, Move(E), NoOp, NoOp, NoOp, NoOp];6
[NoOp, Move(E), NoOp, NoOp, NoOp, NoOp];5
[NoOp, Pull(W,N), NoOp, NoOp, NoOp, NoOp];12
[NoOp, Pull(W,E), NoOp, NoOp, NoOp, NoOp];6
[Move(W), Pull(W,E), NoOp, NoOp, NoOp, NoOp];5
[NoOp, Pull(W,E), NoOp, NoOp, NoOp, NoOp];4
[NoOp, Pull(W,E), NoOp, NoOp, NoOp, NoOp];4
[NoOp, Pull(S,E), NoOp, NoOp, NoOp, NoOp];5
[NoOp, Pull(S,N), NoOp, NoOp, NoOp, NoOp];4
[NoOp, Pull(W,N), NoOp, NoOp, NoOp, NoOp];4
[NoOp, Pull(W,E), NoOp, NoOp, NoOp, NoOp];5
[NoOp, Pull(S,E), NoOp, NoOp, NoOp, NoOp];4
[NoOp, Pull(W,N), NoOp, NoOp, NoOp, NoOp];4
[NoOp, Pull(W,E), NoOp, NoOp, NoOp, NoOp];5
[NoOp, Pull(W,E), NoOp, NoOp, NoOp, NoOp];5
[NoOp, Pull(S,E), NoOp, NoOp, NoOp, NoOp];5
[NoOp, Push(N,W), NoOp, NoOp, NoOp, NoOp];4
[NoOp, Push(W,S), NoOp, NoOp, NoOp, NoOp];4
[NoOp, Push(S,W), NoOp, NoOp, NoOp, NoOp];4
[NoOp, Push(W,S), NoOp, NoOp, NoOp, NoOp];4
[NoOp, Push(S,W), NoOp, NoOp, NoOp, NoOp];4
[NoOp, Push(W,S), NoOp, NoOp, NoOp, NoOp];4
[NoOp, Push(S,W), NoOp, NoOp, NoOp, NoOp];5
[NoOp, Push(W,S), NoOp, NoOp, NoOp, NoOp];4
[NoOp, Push(S,W), NoOp, NoOp, NoOp, NoOp];4
[NoOp, Push(W,W), NoOp, NoOp, NoOp, NoOp];5
[Move(E), NoOp, Move(E), NoOp, NoOp, NoOp];5
[Move(E), NoOp, Move(E), NoOp, NoOp, NoOp];4
[NoOp, NoOp, Move(E), NoOp, NoOp, NoOp];5
[NoOp, NoOp, Move(E), NoOp, NoOp, NoOp];5
[NoOp, NoOp, Move(E), NoOp, NoOp, NoOp];6
[NoOp, NoOp, Move(E), NoOp, NoOp, NoOp];5
[NoOp, NoOp, Move(N), NoOp, NoOp, NoOp];6
[NoOp, NoOp, Move(N), NoOp, NoOp, NoOp];6
[NoOp, NoOp, Move(E), NoOp, NoOp, NoOp];5
[NoOp, NoOp, Move(E), NoOp, NoOp, NoOp];5
[NoOp, NoOp, Move(E), NoOp, NoOp, NoOp];5
[NoOp, NoOp, Move(E), NoOp, NoOp, NoOp];6
[NoOp, NoOp, Move(E), NoOp, NoOp, NoOp];5
[NoOp, NoOp, Move(N), NoOp, NoOp, NoOp];5
[NoOp, NoOp, Move(E), NoOp, NoOp, NoOp];5
[NoOp, NoOp, Move(N), NoOp, NoOp, NoOp];6
[NoOp, NoOp, Move(E), NoOp, NoOp, NoOp];5
[NoOp, NoOp, Move(N), NoOp, NoOp, NoOp];5
[NoOp, NoOp, Move(N), NoOp, NoOp, NoOp];6
[NoOp, NoOp, Move(E), NoOp, NoOp, NoOp];5
[NoOp, NoOp, Move(E), NoOp, NoOp, NoOp];5
[NoOp, NoOp, Move(E), NoOp, NoOp, NoOp];6
[NoOp, NoOp, Move(E), NoOp, NoOp, NoOp];5
[NoOp, NoOp, Move(E), NoOp, NoOp, NoOp];5
[NoOp, NoOp, Move(N), NoOp, NoOp, NoOp];5
[NoOp, Move(N), NoOp, Move(E), NoOp, NoOp];116
[NoOp, Move(W), NoOp, Move(S), NoOp, NoOp];4
[NoOp, NoOp, NoOp, Move(E), NoOp, NoOp];5
[NoOp, NoOp, NoOp, Move(E), NoOp, NoOp];5
[NoOp, NoOp, NoOp, Pull(W,N), NoOp, NoOp];12
[NoOp, NoOp, NoOp, Pull(W,E), NoOp, NoOp];6
[NoOp, NoOp, Move(E), Pull(W,E), NoOp, NoOp];4
[NoOp, NoOp, NoOp, Pull(W,E), NoOp, NoOp];4
[NoOp, NoOp, NoOp, Pull(W,E), NoOp, NoOp];4
[NoOp, NoOp, NoOp, Pull(W,E), NoOp, NoOp];5
[NoOp, NoOp, NoOp, Pull(W,E), NoOp, NoOp];4
[NoOp, NoOp, NoOp, Push(E,S), NoOp, NoOp];4
[NoOp, NoOp, NoOp, Push(S,W), NoOp, NoOp];4
[NoOp, NoOp, NoOp, Push(W,S), NoOp, NoOp];4
[NoOp, NoOp, NoOp, Push(S,S), NoOp, NoOp];4
[NoOp, NoOp, NoOp, Push(S,W), NoOp, NoOp];4
[NoOp, NoOp, NoOp, Push(W,W), NoOp, NoOp];5
[NoOp, NoOp, NoOp, Push(W,W), NoOp, NoOp];4
[NoOp, NoOp, NoOp, Push(W,W), NoOp, NoOp];4
[NoOp, NoOp, NoOp, Push(W,S), NoOp, NoOp];4
[NoOp, NoOp, NoOp, Push(S,W), NoOp, NoOp];4
[NoOp, NoOp, NoOp, Push(W,W), NoOp, NoOp];4
[NoOp, NoOp, NoOp, Push(W,W), NoOp, NoOp];6
[NoOp, NoOp, NoOp, Push(W,S), NoOp, NoOp];4
[NoOp, NoOp, NoOp, Push(S,S), NoOp, NoOp];4
[NoOp, NoOp, NoOp, Push(S,W), NoOp, NoOp];4
[NoOp, NoOp, NoOp, Push(W,S), NoOp, NoOp];4
[NoOp, NoOp, NoOp, Push(S,W), NoOp, NoOp];5
[NoOp, NoOp, NoOp, NoOp, Move(W), NoOp];5
[NoOp, NoOp, NoOp, NoOp, Move(W), NoOp];6
[NoOp, NoOp, NoOp, NoOp, Move(S), NoOp];5
[NoOp, NoOp, NoOp, NoOp, Move(S), NoOp];5
[NoOp, NoOp, NoOp, NoOp, Move(S), NoOp];5
[NoOp, NoOp, NoOp, NoOp, Move(W), NoOp];5
[NoOp, NoOp, NoOp, NoOp, Move(W), NoOp];5
[NoOp, NoOp, NoOp, NoOp, Move(W), NoOp];5
[NoOp, NoOp, NoOp, NoOp, Move(W), NoOp];5
[NoOp, NoOp, NoOp, NoOp, Move(W), NoOp];6
[NoOp, NoOp, NoOp, NoOp, Move(W), NoOp];5
[NoOp, NoOp, NoOp, NoOp, Move(W), NoOp];5
[NoOp, NoOp, NoOp, NoOp, Move(S), NoOp];6
[NoOp, NoOp, NoOp, NoOp, Move(S), NoOp];5
[NoOp, NoOp, NoOp, NoOp, Move(W), NoOp];5
[NoOp, NoOp, NoOp, NoOp, Move(W), NoOp];5
[NoOp, NoOp, NoOp, NoOp, Move(W), NoOp];5
[NoOp, NoOp, NoOp, NoOp, Move(W), NoOp];6
[NoOp, NoOp, NoOp, NoOp, Move(W), NoOp];5
[NoOp, NoOp, NoOp, NoOp, Move(W), NoOp];5
[NoOp, NoOp, NoOp, NoOp, Move(W), NoOp];5
[NoOp, NoOp, NoOp, NoOp, Move(W), NoOp];5
[NoOp, NoOp, NoOp, NoOp, Move(W), NoOp];7
[NoOp, NoOp, NoOp, NoOp, Move(W), NoOp];5
[NoOp, NoOp, NoOp, NoOp, Move(W), NoOp];5
[NoOp, NoOp, NoOp, NoOp, Move(W), NoOp];5
[NoOp, NoOp, NoOp, NoOp, Move(W), NoOp];5
[NoOp, NoOp, NoOp, NoOp, Move(W), NoOp];5
[NoOp, NoOp, NoOp, NoOp, Move(W), NoOp];6
[NoOp, NoOp, NoOp, NoOp, Move(W), NoOp];5
[NoOp, NoOp, NoOp, NoOp, Move(W), NoOp];5
[NoOp, NoOp, NoOp, NoOp, Move(W), NoOp];5
[NoOp, NoOp, NoOp, NoOp, Move(W), NoOp];5
[NoOp, NoOp, NoOp, NoOp, Move(W), NoOp];6
[NoOp, NoOp, NoOp, NoOp, Move(W), NoOp];5
[NoOp, NoOp, NoOp, NoOp, Move(W), NoOp];6
[NoOp, NoOp, NoOp, NoOp, Move(W), NoOp];5
[NoOp, NoOp, NoOp, NoOp, Move(W), NoOp];5
[NoOp, NoOp, NoOp, NoOp, Move(W), NoOp];5
[NoOp, NoOp, NoOp, NoOp, Move(W), NoOp];5
[NoOp, NoOp, NoOp, NoOp, Move(N), NoOp];6
[NoOp, NoOp, NoOp, NoOp, Move(N), NoOp];5
[NoOp, NoOp, NoOp, NoOp, Move(E), NoOp];5
[NoOp, NoOp, NoOp, NoOp, Move(E), NoOp];5
[NoOp, NoOp, NoOp, NoOp, Move(E), NoOp];5
[NoOp, NoOp, NoOp, NoOp, Move(E), NoOp];6
[NoOp, NoOp, NoOp, NoOp, Move(E), NoOp];5
[NoOp, NoOp, NoOp, NoOp, Move(N), NoOp];6
[NoOp, NoOp, NoOp, NoOp, Move(E), NoOp];5
[NoOp, NoOp, NoOp, NoOp, Move(N), NoOp];5
[NoOp, NoOp, NoOp, NoOp, Move(E), NoOp];5
[NoOp, NoOp, NoOp, NoOp, Move(N), NoOp];5
[NoOp, NoOp, NoOp, NoOp, Move(N), NoOp];6
[NoOp, NoOp, NoOp, NoOp, Move(E), NoOp];5
[NoOp, NoOp, NoOp, NoOp, Move(E), NoOp];5
[NoOp, NoOp, NoOp, NoOp, Move(E), NoOp];5
[NoOp, NoOp, NoOp, NoOp, Move(E), NoOp];6
[NoOp, NoOp, NoOp, NoOp, Move(E), NoOp];5
[NoOp, NoOp, NoOp, NoOp, Move(E), NoOp];5
[NoOp, NoOp, NoOp, NoOp, Move(E), NoOp];5
[NoOp, Move(W), NoOp, Move(E), Move(W), NoOp];114
[NoOp, Move(W), NoOp, Move(N), Move(W), NoOp];3
[NoOp, Move(W), NoOp, Move(N), Move(W), NoOp];3
[NoOp, Move(W), NoOp, NoOp, Move(N), Move(N)];3
[NoOp, Move(W), NoOp, NoOp, Move(E), Move(W)];5
[NoOp, NoOp, NoOp, NoOp, Move(S), Move(W)];5
[NoOp, NoOp, NoOp, NoOp, Move(E), Move(W)];4
[NoOp, NoOp, NoOp, NoOp, Move(E), Move(W)];5
[NoOp, NoOp, NoOp, NoOp, Pull(W,N), Move(W)];9
[NoOp, NoOp, NoOp, NoOp, Pull(W,E), Move(W)];4
[NoOp, NoOp, NoOp, NoOp, Pull(W,E), Move(W)];4
[NoOp, NoOp, NoOp, NoOp, Pull(W,E), Move(N)];5
[NoOp, NoOp, NoOp, NoOp, Pull(N,E), Move(N)];4
[NoOp, NoOp, NoOp, NoOp, Push(S,W), Move(E)];4
[NoOp, NoOp, NoOp, NoOp, Push(W,W), Move(N)];5
[NoOp, NoOp, NoOp, NoOp, Push(W,W), Move(N)];4
[NoOp, NoOp, NoOp, NoOp, Push(W,W), Move(N)];4
[NoOp, NoOp, NoOp, NoOp, Push(W,S), Move(N)];5
[NoOp, NoOp, NoOp, NoOp, Push(S,W), Move(N)];4
[NoOp, NoOp, NoOp, NoOp, Push(W,W), Move(N)];4
[NoOp, NoOp, NoOp, NoOp, Push(W,S), Move(N)];5
[NoOp, NoOp, NoOp, NoOp, Push(S,S), Move(E)];4
[NoOp, NoOp, NoOp, NoOp, Push(S,S), Move(E)];5
[NoOp, NoOp, NoOp, NoOp, Push(S,W), Move(E)];4
[NoOp, NoOp, NoOp, NoOp, Push(W,W), Move(E)];4
[NoOp, NoOp, NoOp, NoOp, Push(W,W), Move(E)];5
[NoOp, NoOp, NoOp, NoOp, Push(W,W), Move(E)];4
[NoOp, NoOp, NoOp, NoOp, Push(W,S), Move(E)];4
[NoOp, NoOp, NoOp, NoOp, Push(S,S), Move(E)];4
[NoOp, NoOp, NoOp, NoOp, Push(S,W), Move(S)];5
[NoOp, NoOp, NoOp, NoOp, Push(W,W), Move(E)];4
[NoOp, NoOp, NoOp, NoOp, Push(W,S), Move(E)];4
[NoOp, NoOp, NoOp, NoOp, Move(E), Move(S)];6
[NoOp, NoOp, NoOp, NoOp, Move(E), Move(E)];4
[NoOp, NoOp, NoOp, NoOp, Move(N), Move(S)];5
[NoOp, NoOp, NoOp, NoOp, Move(N), Move(S)];5
[NoOp, NoOp, NoOp, NoOp, Move(E), Move(S)];4
[NoOp, NoOp, NoOp, NoOp, Move(E), Move(S)];4
[NoOp, NoOp, NoOp, NoOp, Move(E), Move(S)];4
[NoOp, NoOp, NoOp, NoOp, Move(E), Move(E)];4
[NoOp, NoOp, NoOp, NoOp, Move(N), Move(E)];5
[NoOp, NoOp, NoOp, NoOp, Move(N), Move(E)];4
[NoOp, NoOp, NoOp, NoOp, Move(N), Move(E)];4
[NoOp, NoOp, NoOp, NoOp, Move(N), Move(E)];4
[NoOp, NoOp, NoOp, NoOp, Move(N), Move(E)];4
[NoOp, NoOp, NoOp, NoOp, Move(N), Move(E)];4
[NoOp, NoOp, NoOp, NoOp, Move(N), Move(E)];4
[NoOp, NoOp, NoOp, NoOp, Move(N), Move(E)];4
[NoOp, NoOp, NoOp, NoOp, Move(N), Move(E)];5
[NoOp, NoOp, NoOp, NoOp, Move(N), Move(E)];4
[NoOp, NoOp, NoOp, NoOp, Move(N), Move(E)];4
[NoOp, NoOp, NoOp, NoOp, Move(N), Move(E)];4
[NoOp, NoOp, NoOp, NoOp, Move(W), Move(E)];4
[NoOp, NoOp, NoOp, NoOp, Move(N), Move(E)];4
[NoOp, NoOp, NoOp, NoOp, Move(W), Move(E)];4
[NoOp, NoOp, NoOp, NoOp, Move(W), Move(N)];4
[NoOp, NoOp, NoOp, NoOp, Pull(E,S), Move(E)];16
[NoOp, NoOp, NoOp, NoOp, Pull(E,W), Move(N)];5
[NoOp, NoOp, NoOp, NoOp, Pull(E,W), Move(E)];4
[NoOp, NoOp, NoOp, NoOp, Pull(S,W), Move(N)];5
[NoOp, NoOp, NoOp, NoOp, Pull(S,N), Move(N)];4
[NoOp, NoOp, NoOp, NoOp, Pull(E,N), Move(E)];4
[NoOp, NoOp, NoOp, NoOp, Push(W,S), Move(E)];4
[NoOp, NoOp, NoOp, NoOp, Push(S,S), Move(E)];4
[NoOp, NoOp, NoOp, NoOp, Push(S,S), Move(N)];4
[NoOp, NoOp, NoOp, NoOp, Push(S,S), Move(E)];4
[NoOp, NoOp, NoOp, NoOp, Push(S,S), Move(E)];4
[NoOp, NoOp, NoOp, NoOp, Push(S,S), Move(S)];4
[NoOp, NoOp, NoOp, NoOp, Push(S,S), Move(E)];4
[NoOp, NoOp, NoOp, NoOp, Push(S,S), Move(E)];4
[NoOp, NoOp, NoOp, NoOp, Push(S,S), Move(W)];5
[NoOp, NoOp, NoOp, NoOp, Push(S,W), Move(W)];5
[NoOp, NoOp, NoOp, NoOp, Push(W,S), Move(W)];4
[NoOp, NoOp, NoOp, NoOp, Push(S,W), Move(W)];4
[NoOp, NoOp, NoOp, NoOp, Push(W,S), Move(W)];4
[NoOp, NoOp, NoOp, NoOp, Push(S,W), Move(W)];4
[NoOp, NoOp, NoOp, NoOp, Push(W,W), Move(W)];4
[NoOp, NoOp, NoOp, NoOp, Push(W,S), Move(W)];4
[NoOp, NoOp, NoOp, NoOp, Push(S,S), Move(W)];4
[NoOp, NoOp, NoOp, NoOp, Push(S,E), Move(S)];4
[NoOp, NoOp, NoOp, NoOp, Push(E,S), NoOp];145
[NoOp, NoOp, NoOp, NoOp, Push(S,E), Move(W)];9
[NoOp, NoOp, NoOp, NoOp, Push(E,E), Move(S)];4
[NoOp, NoOp, NoOp, NoOp, Push(E,E), Move(W)];4
[NoOp, NoOp, NoOp, NoOp, Push(E,E), Move(S)];4
[NoOp, NoOp, NoOp, NoOp, Push(E,E), Move(W)];4
[NoOp, NoOp, NoOp, NoOp, Push(E,E), Move(W)];4
[NoOp, NoOp, NoOp, NoOp, Push(E,E), Move(W)];4
[NoOp, NoOp, NoOp, NoOp, Push(E,E), Move(S)];4
[NoOp, NoOp, NoOp, NoOp, Push(E,E), Move(S)];4
[NoOp, NoOp, NoOp, NoOp, Push(E,E), Move(S)];4
[NoOp, NoOp, NoOp, NoOp, Push(E,E), Move(S)];4
[NoOp, NoOp, NoOp, NoOp, Push(E,E), Move(W)];12
[NoOp, NoOp, NoOp, NoOp, Push(E,E), Pull(E,W)];4
[NoOp, NoOp, NoOp, NoOp, Push(E,E), Pull(N,W)];4
[NoOp, NoOp, NoOp, NoOp, Push(E,E), Push(S,E)];6
[NoOp, NoOp, NoOp, NoOp, Push(E,E), Push(E,E)];4
[NoOp, NoOp, NoOp, NoOp, Push(E,E), Push(E,N)];4
[NoOp, NoOp, NoOp, NoOp, Push(E,E), Push(N,E)];4
[NoOp, NoOp, NoOp, NoOp, Push(E,E), Push(E,E)];4
[NoOp, NoOp, NoOp, NoOp, Push(E,E), Push(E,E)];4
[NoOp, NoOp, NoOp, NoOp, Push(E,E), Push(E,E)];4
[NoOp, NoOp, NoOp, NoOp, Push(E,E), Push(E,E)];4
[NoOp, NoOp, NoOp, NoOp, Push(E,E), Push(E,E)];5
[NoOp, NoOp, NoOp, NoOp, Push(E,E), Push(E,E)];4
[NoOp, NoOp, NoOp, NoOp, Push(E,E), Push(E,E)];4
[NoOp, NoOp, NoOp, NoOp, Push(E,E), Push(E,E)];4
[NoOp, NoOp, NoOp, NoOp, Push(E,E), Push(E,E)];4
[NoOp, NoOp, NoOp, NoOp, Push(E,E), Push(E,E)];4
[NoOp, NoOp, NoOp, NoOp, Push(E,E), Push(E,S)];4
[NoOp, NoOp, NoOp, NoOp, Move(W), NoOp];5
[NoOp, NoOp, NoOp, NoOp, Move(W), NoOp];5
[NoOp, NoOp, NoOp, NoOp, Move(W), NoOp];5
[NoOp, NoOp, NoOp, NoOp, Move(W), NoOp];5
[NoOp, NoOp, NoOp, NoOp, Move(W), NoOp];4
[NoOp, NoOp, NoOp, NoOp, Move(W), NoOp];5
[NoOp, NoOp, NoOp, NoOp, Move(W), NoOp];5
[NoOp, NoOp, NoOp, NoOp, Move(W), NoOp];5
[NoOp, NoOp, NoOp, NoOp, Move(W), NoOp];6
[NoOp, NoOp, NoOp, NoOp, Move(W), NoOp];7
[NoOp, NoOp, NoOp, NoOp, Move(W), NoOp];4
[NoOp, NoOp, NoOp, NoOp, Move(W), NoOp];5
[NoOp, NoOp, NoOp, NoOp, Move(W), NoOp];4
[NoOp, NoOp, NoOp, NoOp, Move(W), NoOp];5
[NoOp, NoOp, NoOp, NoOp, Move(W), NoOp];4
[NoOp, NoOp, NoOp, NoOp, Push(W,W), NoOp];8
[NoOp, NoOp, NoOp, NoOp, Push(W,W), Move(W)];5
[NoOp, NoOp, NoOp, NoOp, Push(W,W), NoOp];104
[NoOp, NoOp, NoOp, NoOp, Push(W,W), Move(W)];5
[NoOp, NoOp, NoOp, NoOp, Push(W,W), Move(W)];4
[NoOp, NoOp, NoOp, NoOp, Push(W,W), NoOp];104
[NoOp, NoOp, NoOp, NoOp, Push(W,W), Move(W)];5
[NoOp, NoOp, NoOp, NoOp, Push(W,W), Move(W)];4
[NoOp, NoOp, NoOp, NoOp, Push(W,W), Move(W)];5
[NoOp, NoOp, NoOp, NoOp, Push(W,W), NoOp];103
[NoOp, NoOp, NoOp, NoOp, Push(W,W), Move(W)];5
[NoOp, NoOp, NoOp, NoOp, Push(W,W), Move(W)];4
[NoOp, NoOp, NoOp, NoOp, Push(W,W), Move(W)];4
[NoOp, NoOp, NoOp, NoOp, Push(W,W), Move(W)];4
[NoOp, NoOp, NoOp, NoOp, Push(W,W), NoOp];98
[NoOp, NoOp, NoOp, Move(N), Move(N), Move(E)];6
[NoOp, NoOp, Move(W), Move(W), Move(W), Move(E)];2
[NoOp, NoOp, Move(W), Move(N), Move(W), Move(E)];3
[NoOp, NoOp, Move(W), NoOp, Move(W), Move(E)];3
[NoOp, NoOp, Move(S), NoOp, NoOp, Move(E)];4
[NoOp, NoOp, Move(W), NoOp, NoOp, Move(E)];4
[NoOp, NoOp, Move(W), NoOp, NoOp, Move(E)];3
[NoOp, NoOp, Move(W), NoOp, NoOp, Move(E)];4
[NoOp, NoOp, Move(W), NoOp, NoOp, Move(E)];4
[NoOp, NoOp, Move(W), NoOp, NoOp, Move(E)];4
[NoOp, NoOp, Move(W), NoOp, NoOp, Move(E)];4
[NoOp, NoOp, Move(N), NoOp, NoOp, Move(E)];3
[NoOp, NoOp, Move(N), NoOp, NoOp, Move(E)];4
[NoOp, NoOp, Move(N), NoOp, NoOp, Move(E)];4
[NoOp, NoOp, Move(N), NoOp, NoOp, Move(E)];4
[NoOp, NoOp, Move(N), NoOp, NoOp, Move(E)];4
[NoOp, NoOp, Move(N), NoOp, NoOp, Move(E)];3
[NoOp, NoOp, Move(N), NoOp, NoOp, Move(E)];4
[NoOp, NoOp, Move(N), NoOp, NoOp, Move(E)];3
[NoOp, NoOp, Move(W), NoOp, NoOp, Move(E)];4
[NoOp, NoOp, Move(N), NoOp, NoOp, Move(E)];4
[NoOp, NoOp, Move(W), NoOp, NoOp, Move(E)];4
[NoOp, NoOp, Move(W), NoOp, NoOp, Move(E)];4
[NoOp, NoOp, Move(W), NoOp, NoOp, Move(E)];3
[NoOp, NoOp, Move(W), NoOp, NoOp, Move(E)];5
[NoOp, NoOp, Move(W), NoOp, NoOp, Move(E)];4
[NoOp, NoOp, Pull(W,S), NoOp, NoOp, Move(E)];19
[NoOp, NoOp, Pull(W,E), NoOp, NoOp, Move(E)];3
[NoOp, NoOp, Pull(S,E), NoOp, NoOp, Move(E)];3
[NoOp, NoOp, Pull(S,N), NoOp, NoOp, Move(N)];3
[NoOp, NoOp, Pull(S,N), NoOp, NoOp, Move(E)];3
[NoOp, NoOp, Pull(S,N), NoOp, NoOp, Move(E)];3
[NoOp, NoOp, Pull(S,N), NoOp, NoOp, Move(E)];3
[NoOp, NoOp, Pull(S,N), NoOp, NoOp, Move(N)];3
[NoOp, NoOp, Pull(S,N), NoOp, NoOp, Move(N)];3
[NoOp, NoOp, Pull(W,N), NoOp, NoOp, Push(N,W)];5
[NoOp, NoOp, Push(E,S), NoOp, Move(E), Push(W,S)];3
[NoOp, NoOp, Push(S,S), NoOp, Move(E), Push(S,S)];2
[NoOp, NoOp, Push(S,S), NoOp, Move(E), Push(S,W)];3
[NoOp, NoOp, Push(S,S), NoOp, Move(E), Push(W,S)];2
[NoOp, NoOp, Push(S,S), NoOp, Move(E), Push(S,W)];2
[NoOp, NoOp, Push(S,S), NoOp, Move(E), Push(W,S)];2
[NoOp, NoOp, Push(S,E), NoOp, Move(E), Push(S,S)];2
[NoOp, NoOp, Push(E,E), NoOp, Move(E), Push(S,W)];2
[NoOp, NoOp, Push(E,E), NoOp, Move(E), NoOp];3
[NoOp, NoOp, Push(E,E), NoOp, Move(E), NoOp];2
[NoOp, NoOp, Push(E,S), NoOp, Move(E), Move(N)];3
[NoOp, NoOp, Push(S,S), NoOp, Move(E), Move(N)];2
[NoOp, NoOp, Push(S,S), NoOp, Move(E), Move(E)];2
[NoOp, NoOp, Push(S,E), NoOp, Move(E), Move(E)];2
[NoOp, NoOp, Push(E,E), NoOp, Move(E), Move(E)];2
[NoOp, NoOp, Push(E,E), NoOp, Move(E), Move(E)];4
[NoOp, NoOp, Push(E,E), NoOp, Move(E), Move(N)];2
[NoOp, NoOp, Push(E,E), NoOp, Move(E), Move(N)];2
[NoOp, NoOp, Push(E,E), NoOp, Move(E), Move(N)];2
[NoOp, NoOp, Push(E,E), NoOp, Move(E), Pull(W,N)];52
[NoOp, NoOp, Push(E,E), NoOp, Move(E), Pull(W,E)];2
[NoOp, NoOp, Push(E,E), NoOp, Move(E), Pull(N,E)];2
[NoOp, NoOp, Push(E,E), NoOp, Move(E), Push(S,S)];2
[NoOp, NoOp, Push(E,E), NoOp, Move(E), Push(S,W)];2
[NoOp, NoOp, Push(E,E), NoOp, Move(E), Push(W,S)];2
[NoOp, NoOp, Push(E,E), NoOp, Move(E), Push(S,S)];2
[NoOp, NoOp, Push(E,E), NoOp, Move(E), Push(S,W)];2
[NoOp, NoOp, Push(E,E), NoOp, Move(E), Push(W,S)];2
[NoOp, NoOp, Push(E,E), NoOp, Move(E), Push(S,W)];2
[NoOp, NoOp, Push(E,E), NoOp, Move(E), Push(W,W)];2
[NoOp, NoOp, Push(E,E), NoOp, Move(E), Push(W,W)];2
[NoOp, NoOp, Push(E,E), NoOp, Move(E), NoOp];2
[NoOp, NoOp, Push(E,E), NoOp, NoOp, NoOp];2
[NoOp, NoOp, Push(E,E), NoOp, Move(N), NoOp];2
[NoOp, NoOp, Push(E,E), NoOp, Move(N), NoOp];2
[NoOp, NoOp, Push(E,E), NoOp, NoOp, NoOp];4
[NoOp, NoOp, Push(E,E), NoOp, NoOp, NoOp];2
[NoOp, NoOp, Push(E,E), NoOp, NoOp, NoOp];4
[NoOp, NoOp, Push(E,E), NoOp, NoOp, NoOp];3
[NoOp, NoOp, Push(E,E), NoOp, NoOp, NoOp];2
[NoOp, NoOp, Push(E,E), NoOp, NoOp, NoOp];3
[NoOp, NoOp, Push(E,E), NoOp, NoOp, NoOp];2
[NoOp, NoOp, Move(N), NoOp, NoOp, NoOp];5
[Move(W), NoOp, Move(N), NoOp, NoOp, NoOp];2
[Move(W), NoOp, NoOp, NoOp, NoOp, Push(W,W)];11
[Move(W), NoOp, NoOp, NoOp, NoOp, Push(W,W)];3
[Move(W), NoOp, NoOp, NoOp, NoOp, Push(W,W)];3
[Move(W), NoOp, NoOp, NoOp, NoOp, Push(W,W)];2
[Move(W), NoOp, NoOp, NoOp, NoOp, Push(W,S)];2
[Move(W), NoOp, NoOp, NoOp, NoOp, Push(S,W)];3
[Move(W), NoOp, NoOp, NoOp, NoOp, Push(W,W)];0
[Move(W), NoOp, NoOp, NoOp, NoOp, Push(W,W)];3
[Move(W), NoOp, NoOp, NoOp, NoOp, Push(W,W)];3
[Move(W), NoOp, NoOp, NoOp, NoOp, Push(W,W)];3
[Move(N), NoOp, NoOp, NoOp, NoOp, Push(W,W)];2
[Move(N), NoOp, NoOp, NoOp, NoOp, Push(W,W)];3
[Move(N), NoOp, NoOp, NoOp, NoOp, Push(W,W)];3
[Move(N), NoOp, NoOp, NoOp, NoOp, Push(W,W)];3
[Move(N), NoOp, NoOp, NoOp, NoOp, Push(W,W)];2
[Move(N), NoOp, NoOp, NoOp, NoOp, Push(W,W)];3
[Move(N), NoOp, NoOp, NoOp, NoOp, Push(W,W)];3
[Move(N), NoOp, NoOp, NoOp, NoOp, Push(W,W)];2
[Move(W), NoOp, NoOp, NoOp, NoOp, Push(W,W)];5
[Move(N), NoOp, NoOp, NoOp, NoOp, Push(W,W)];2
[Move(W), NoOp, NoOp, NoOp, NoOp, Push(W,W)];3
[Move(W), NoOp, NoOp, NoOp, NoOp, Push(W,W)];3
[Move(W), NoOp, NoOp, NoOp, NoOp, Push(W,W)];3
[Move(W), NoOp, NoOp, NoOp, NoOp, Push(W,W)];2
[Move(W), NoOp, NoOp, NoOp, NoOp, Push(W,W)];3
[Move(S), NoOp, NoOp, NoOp, NoOp, Push(W,W)];3
[Pull(N,S), NoOp, NoOp, NoOp, NoOp, Push(W,W)];20
[Pull(W,S), NoOp, NoOp, NoOp, NoOp, Push(W,W)];2
[Pull(W,E), NoOp, NoOp, NoOp, NoOp, Push(W,W)];2
[Pull(S,E), NoOp, NoOp, NoOp, NoOp, Push(W,W)];2
[Pull(S,N), NoOp, NoOp, NoOp, NoOp, Push(W,W)];2
[Pull(S,N), NoOp, NoOp, NoOp, NoOp, NoOp];3
[Pull(S,N), Move(E), NoOp, NoOp, NoOp, NoOp];3
[Pull(S,N), Move(E), NoOp, NoOp, NoOp, NoOp];2
[Pull(S,N), Move(E), NoOp, NoOp, NoOp, NoOp];3
[Pull(S,N), Move(E), NoOp, NoOp, NoOp, NoOp];2
[Pull(S,N), Move(E), NoOp, NoOp, NoOp, NoOp];3
[Pull(S,N), Move(E), NoOp, NoOp, NoOp, NoOp];2
[Pull(S,N), Move(E), NoOp, NoOp, NoOp, NoOp];3
[Pull(S,N), Move(E), NoOp, NoOp, NoOp, NoOp];2
[Pull(S,N), Move(N), NoOp, NoOp, NoOp, NoOp];2
[Pull(S,N), Move(N), NoOp, NoOp, NoOp, NoOp];2
[Pull(E,N), Move(W), NoOp, NoOp, NoOp, NoOp];2
[NoOp, Move(E), NoOp, NoOp, NoOp, Move(N)];6
[NoOp, Move(E), NoOp, NoOp, NoOp, Move(N)];4
[NoOp, Move(N), NoOp, NoOp, NoOp, NoOp];2
[Pull(E,W), NoOp, NoOp, NoOp, NoOp, NoOp];14
[Pull(E,W), NoOp, NoOp, NoOp, NoOp, NoOp];3
[Pull(S,W), NoOp, NoOp, NoOp, NoOp, NoOp];3
[Pull(S,N), NoOp, NoOp, NoOp, NoOp, NoOp];3
[Pull(W,N), NoOp, NoOp, NoOp, NoOp, NoOp];3
[Push(E,E), NoOp, NoOp, NoOp, NoOp, NoOp];3
[Push(E,S), NoOp, NoOp, NoOp, NoOp, NoOp];3
[Push(S,E), NoOp, NoOp, NoOp, NoOp, NoOp];4
[Push(E,E), NoOp, NoOp, NoOp, NoOp, NoOp];3
[Push(E,E), NoOp, NoOp, NoOp, NoOp, NoOp];3
[Push(E,E), NoOp, NoOp, NoOp, NoOp, NoOp];3
[Push(E,E), NoOp, NoOp, NoOp, NoOp, NoOp];3
[Push(E,E), NoOp, NoOp, NoOp, NoOp, NoOp];3
[Push(E,E), NoOp, NoOp, NoOp, NoOp, NoOp];3
[Push(E,E), NoOp, NoOp, NoOp, NoOp, NoOp];3
[Push(E,E), NoOp, NoOp, NoOp, NoOp, NoOp];3
[Push(E,E), NoOp, NoOp, NoOp, NoOp, NoOp];3
[Push(E,E), NoOp, NoOp, NoOp, NoOp, NoOp];3
[Push(E,E), NoOp, NoOp, NoOp, NoOp, NoOp];3
[Push(E,E), NoOp, NoOp, NoOp, NoOp, NoOp];4
[Push(E,E), NoOp, NoOp, NoOp, NoOp, NoOp];3
[Push(E,E), NoOp, NoOp, NoOp, NoOp, NoOp];3
[Push(E,E), NoOp, NoOp, NoOp, NoOp, NoOp];3
[Push(E,E), NoOp, NoOp, NoOp, NoOp, NoOp];3
[Push(E,E), NoOp, NoOp, NoOp, NoOp, NoOp];3
[Push(E,E), NoOp, NoOp, NoOp, NoOp, NoOp];3
[Push(E,E), NoOp, NoOp, NoOp, NoOp, NoOp];3
[Push(E,E), NoOp, NoOp, NoOp, NoOp, NoOp];3
[Push(E,E), NoOp, NoOp, NoOp, NoOp, NoOp];3
[Push(E,E), NoOp, NoOp, NoOp, NoOp, NoOp];3
[Push(E,E), NoOp, NoOp, NoOp, NoOp, NoOp];3
[Push(E,E), NoOp, NoOp, NoOp, NoOp, NoOp];3
[Push(E,E), NoOp, NoOp, NoOp, NoOp, NoOp];3
[Push(E,E), NoOp, NoOp, NoOp, NoOp, NoOp];3
[Push(E,E), NoOp, NoOp, NoOp, NoOp, NoOp];3
[Move(N), NoOp, Move(W), NoOp, NoOp, NoOp];6
[NoOp, NoOp, Move(W), NoOp, NoOp, NoOp];2
[NoOp, NoOp, Move(S), NoOp, NoOp, NoOp];2
[NoOp, NoOp, Move(W), NoOp, NoOp, NoOp];3
[NoOp, NoOp, Move(W), NoOp, NoOp, NoOp];3
[NoOp, NoOp, Move(W), NoOp, NoOp, NoOp];3
[NoOp, NoOp, Move(W), NoOp, NoOp, NoOp];3
[NoOp, NoOp, Move(W), NoOp, NoOp, NoOp];3
[NoOp, NoOp, Move(W), NoOp, NoOp, NoOp];3
[NoOp, NoOp, Move(W), NoOp, NoOp, NoOp];3
[NoOp, NoOp, Move(W), NoOp, NoOp, NoOp];3
[NoOp, NoOp, Move(W), NoOp, NoOp, NoOp];3
[NoOp, NoOp, Move(W), NoOp, NoOp, NoOp];2
[NoOp, NoOp, Move(W), NoOp, NoOp, NoOp];3
[NoOp, NoOp, Move(W), NoOp, NoOp, NoOp];3
[NoOp, NoOp, Move(W), NoOp, NoOp, NoOp];3
[NoOp, NoOp, Move(W), NoOp, NoOp, NoOp];3
[NoOp, NoOp, Move(W), NoOp, NoOp, NoOp];3
[NoOp, NoOp, Move(W), NoOp, NoOp, NoOp];2
[NoOp, NoOp, Move(W), NoOp, NoOp, NoOp];3
[NoOp, NoOp, Move(W), NoOp, NoOp, NoOp];3
[NoOp, NoOp, Move(W), NoOp, NoOp, NoOp];3
[NoOp, NoOp, Move(W), NoOp, NoOp, NoOp];3
[NoOp, NoOp, Move(W), NoOp, NoOp, NoOp];2
[NoOp, NoOp, Move(W), NoOp, NoOp, NoOp];3
[NoOp, NoOp, Move(W), NoOp, NoOp, NoOp];3
[NoOp, NoOp, Move(W), NoOp, NoOp, NoOp];3
[NoOp, NoOp, Move(W), NoOp, NoOp, NoOp];3
[NoOp, NoOp, Move(W), NoOp, NoOp, NoOp];2
[NoOp, NoOp, Move(W), NoOp, NoOp, NoOp];3
[NoOp, NoOp, Move(N), NoOp, NoOp, NoOp];4
[NoOp, NoOp, Move(N), NoOp, NoOp, NoOp];3
[NoOp, NoOp, Move(W), NoOp, NoOp, NoOp];3
[NoOp, NoOp, Move(W), NoOp, NoOp, NoOp];3
[NoOp, NoOp, Move(W), NoOp, NoOp, NoOp];3
[NoOp, NoOp, Move(N), NoOp, NoOp, NoOp];2
[NoOp, NoOp, Move(N), NoOp, NoOp, NoOp];3
[NoOp, NoOp, Move(N), NoOp, NoOp, NoOp];3
[NoOp, NoOp, Move(N), NoOp, NoOp, NoOp];3
[NoOp, NoOp, Move(N), NoOp, NoOp, NoOp];3
[NoOp, NoOp, Move(N), NoOp, NoOp, NoOp];3
[NoOp, NoOp, Move(N), NoOp, NoOp, NoOp];2
[NoOp, NoOp, Move(N), NoOp, NoOp, NoOp];3
[NoOp, NoOp, Move(N), NoOp, NoOp, NoOp];3
[NoOp, NoOp, Move(N), NoOp, NoOp, NoOp];3
[NoOp, NoOp, Move(N), NoOp, NoOp, NoOp];3
[NoOp, NoOp, Move(N), NoOp, NoOp, NoOp];2
[NoOp, NoOp, Move(N), NoOp, NoOp, NoOp];3
[NoOp, NoOp, Move(E), NoOp, NoOp, NoOp];3
[NoOp, NoOp, Move(E), NoOp, NoOp, NoOp];3
[NoOp, NoOp, Move(S), NoOp, NoOp, NoOp];3
[NoOp, NoOp, Move(S), NoOp, NoOp, NoOp];3
[NoOp, NoOp, Pull(N,E), NoOp, NoOp, NoOp];18
[NoOp, NoOp, Pull(N,S), NoOp, NoOp, NoOp];2
[NoOp, NoOp, Pull(W,S), NoOp, NoOp, NoOp];2
[NoOp, NoOp, Pull(W,E), NoOp, NoOp, NoOp];3
[NoOp, NoOp, Pull(S,E), NoOp, NoOp, NoOp];2
[NoOp, NoOp, Pull(S,N), NoOp, NoOp, NoOp];2
[NoOp, NoOp, Pull(S,N), NoOp, NoOp, NoOp];2
[NoOp, NoOp, Pull(S,N), NoOp, NoOp, NoOp];3
[NoOp, NoOp, Pull(S,N), NoOp, NoOp, NoOp];2
[NoOp, NoOp, Pull(S,N), NoOp, NoOp, NoOp];2
[NoOp, NoOp, Pull(E,N), NoOp, NoOp, NoOp];2
[NoOp, NoOp, Push(W,S), NoOp, NoOp, NoOp];2
[NoOp, NoOp, Push(S,S), NoOp, NoOp, NoOp];3
[NoOp, NoOp, Push(S,S), NoOp, NoOp, NoOp];2
[NoOp, NoOp, Push(S,S), NoOp, NoOp, NoOp];2
[NoOp, NoOp, Push(S,S), NoOp, NoOp, NoOp];2
[NoOp, NoOp, Push(S,S), NoOp, NoOp, NoOp];2
[NoOp, NoOp, Push(S,E), NoOp, NoOp, NoOp];2
[NoOp, NoOp, Push(E,S), NoOp, NoOp, NoOp];3
[NoOp, NoOp, Push(S,E), NoOp, NoOp, NoOp];2
[NoOp, NoOp, Push(E,E), NoOp, NoOp, NoOp];2
[NoOp, NoOp, Push(E,S), NoOp, NoOp, NoOp];2
[NoOp, NoOp, Push(S,S), NoOp, NoOp, NoOp];2
[NoOp, NoOp, Push(S,E), NoOp, NoOp, NoOp];2
[NoOp, NoOp, Push(E,E), NoOp, NoOp, NoOp];2
[NoOp, NoOp, Push(E,E), NoOp, NoOp, NoOp];2
[NoOp, NoOp, Push(E,E), NoOp, NoOp, NoOp];3
[NoOp, NoOp, Push(E,E), NoOp, NoOp, NoOp];2
[NoOp, NoOp, Push(E,E), NoOp, NoOp, NoOp];2
[NoOp, NoOp, Push(E,E), NoOp, NoOp, NoOp];2
[NoOp, NoOp, Push(E,E), NoOp, NoOp, NoOp];2
[NoOp, NoOp, Push(E,E), NoOp, NoOp, NoOp];2
[NoOp, NoOp, Push(E,E), NoOp, NoOp, NoOp];2
[NoOp, NoOp, Push(E,E), NoOp, NoOp, NoOp];3
[NoOp, NoOp, Push(E,S), NoOp, NoOp, NoOp];2
[NoOp, NoOp, Push(S,E), NoOp, NoOp, NoOp];2
[NoOp, NoOp, Push(E,E), NoOp, NoOp, NoOp];2
[NoOp, NoOp, Push(E,E), NoOp, NoOp, NoOp];2
[NoOp, NoOp, Push(E,E), NoOp, NoOp, NoOp];2
[NoOp, NoOp, Push(E,E), NoOp, NoOp, NoOp];2
[NoOp, NoOp, Push(E,E), NoOp, NoOp, NoOp];2
[NoOp, NoOp, Push(E,E), NoOp, NoOp, NoOp];2
[NoOp, NoOp, Push(E,E), NoOp, NoOp, NoOp];2
[NoOp, NoOp, Push(E,E), NoOp, NoOp, NoOp];2
[NoOp, NoOp, Push(E,E), NoOp, NoOp, NoOp];2
[NoOp, NoOp, Push(E,E), NoOp, NoOp, NoOp];2
[NoOp, NoOp, Push(E,E), NoOp, NoOp, NoOp];2
[NoOp, NoOp, Push(E,E), NoOp, NoOp, NoOp];2
[NoOp, NoOp, Push(E,E), NoOp, NoOp, NoOp];2
[NoOp, NoOp, Push(E,E), NoOp, NoOp, NoOp];2
[NoOp, NoOp, Push(E,E), NoOp, NoOp, NoOp];2
[NoOp, NoOp, Push(E,E), NoOp, NoOp, NoOp];2
[NoOp, NoOp, Move(N), NoOp, NoOp, Move(W)];4
[NoOp, NoOp, Move(N), NoOp, Move(W), Move(N)];1
[Move(W), NoOp, Move(N), NoOp, NoOp, Move(N)];3
[Move(W), NoOp, NoOp, NoOp, NoOp, NoOp];3
[Move(W), Move(E), NoOp, NoOp, Move(S), Move(S)];2
[Move(W), Move(E), NoOp, NoOp, Move(W), Move(E)];2
[Move(W), NoOp, NoOp, NoOp, Move(S), Move(S)];1
[Move(W), NoOp, NoOp, NoOp, Move(S), Move(S)];2
[Move(W), NoOp, NoOp, NoOp, Move(W), Move(E)];2
[Move(W), NoOp, NoOp, NoOp, Move(W), Move(E)];1
[Move(W), NoOp, NoOp, NoOp, Move(W), Move(E)];2
[Move(W), NoOp, NoOp, NoOp, Move(W), Move(E)];2
[Move(W), NoOp, NoOp, NoOp, Move(W), Move(E)];1
[Move(W), NoOp, NoOp, NoOp, Move(W), Move(E)];2
[Move(W), NoOp, NoOp, NoOp, Move(W), Move(E)];2
[Move(W), NoOp, NoOp, NoOp, Move(W), Move(E)];2
[Move(W), NoOp, NoOp, NoOp, Move(W), Move(E)];1
[Move(W), NoOp, NoOp, NoOp, Move(W), Move(E)];2
[NoOp, NoOp, NoOp, NoOp, Move(W), NoOp];2
[NoOp, NoOp, NoOp, NoOp, Move(W), NoOp];3
[Move(S), NoOp, NoOp, NoOp, Move(W), Move(S)];2
[NoOp, NoOp, NoOp, NoOp, Move(W), NoOp];1
[NoOp, NoOp, NoOp, NoOp, NoOp, Move(W)];5
[Move(W), NoOp, NoOp, NoOp, Move(N), Move(N)];2
[Move(N), Move(E), NoOp, NoOp, Move(W), NoOp];2
[NoOp, Move(E), NoOp, NoOp, NoOp, Move(S)];2
[NoOp, Move(N), NoOp, NoOp, NoOp, Move(E)];2
[NoOp, Move(N), NoOp, NoOp, NoOp, Move(E)];2
[Move(W), Move(N), NoOp, NoOp, Move(E), Move(E)];1
[Move(W), Move(N), NoOp, NoOp, Move(E), Move(E)];1
[Move(S), Move(N), NoOp, NoOp, NoOp, Move(E)];2
[NoOp, Move(N), NoOp, NoOp, Move(W), Move(E)];2
[NoOp, Move(N), NoOp, NoOp, Move(W), Move(E)];2
[NoOp, Move(N), NoOp, NoOp, Move(W), Move(E)];1
[NoOp, Move(N), NoOp, NoOp, Move(W), Move(E)];3
[NoOp, Move(N), NoOp, NoOp, Move(S), Move(E)];1
[NoOp, Move(N), NoOp, NoOp, NoOp, Move(E)];2
[NoOp, Move(W), NoOp, NoOp, NoOp, Move(E)];1
[NoOp, Move(N), NoOp, NoOp, NoOp, Move(E)];2
[NoOp, Move(W), NoOp, NoOp, NoOp, Move(E)];1
[NoOp, Move(W), NoOp, NoOp, NoOp, Move(E)];2
[NoOp, Move(S), NoOp, NoOp, NoOp, Move(E)];2
[NoOp, NoOp, NoOp, NoOp, NoOp, Move(E)];139
[NoOp, Move(N), NoOp, NoOp, Move(N), Move(N)];2
[NoOp, Move(W), NoOp, NoOp, Move(W), Move(E)];2
[Move(W), Move(W), NoOp, NoOp, Move(W), Move(E)];1
[Move(W), NoOp, NoOp, NoOp, NoOp, Move(E)];3
[Move(W), Move(E), NoOp, NoOp, Move(W), Move(E)];1
[Move(W), Move(E), NoOp, NoOp, Move(W), Move(E)];2
[Move(W), Move(S), NoOp, NoOp, Move(W), Move(E)];1
[Move(W), NoOp, NoOp, NoOp, Move(W), Move(N)];1
[Move(W), NoOp, NoOp, NoOp, Move(W), Move(E)];1
[Move(W), NoOp, NoOp, NoOp, Move(W), Move(E)];1
[Move(N), NoOp, NoOp, NoOp, NoOp, Move(N)];2
[Move(N), NoOp, NoOp, NoOp, NoOp, Move(N)];1
[Move(N), NoOp, NoOp, NoOp, NoOp, Move(N)];1
[Move(E), NoOp, NoOp, NoOp, NoOp, Move(N)];1
[Move(E), NoOp, NoOp, NoOp, NoOp, Move(N)];1
[Move(E), NoOp, NoOp, NoOp, NoOp, Pull(S,N)];11
[Move(E), NoOp, NoOp, NoOp, NoOp, Pull(S,N)];1
[Move(N), NoOp, NoOp, NoOp, NoOp, Pull(S,N)];1
[Move(N), NoOp, NoOp, NoOp, NoOp, Pull(S,N)];2
[Move(N), NoOp, NoOp, NoOp, NoOp, Pull(S,N)];1
[Move(N), NoOp, NoOp, NoOp, NoOp, Push(N,W)];1
[Move(N), NoOp, NoOp, NoOp, NoOp, Push(W,W)];1
[Move(N), NoOp, NoOp, NoOp, NoOp, Push(W,W)];1
[Move(N), NoOp, NoOp, NoOp, NoOp, Push(W,W)];2
[Move(N), NoOp, NoOp, NoOp, NoOp, Push(W,W)];1
[Move(N), NoOp, NoOp, NoOp, NoOp, Push(W,W)];1
[Move(N), NoOp, NoOp, NoOp, NoOp, Push(W,S)];1
[Move(N), NoOp, NoOp, NoOp, NoOp, Push(S,S)];1
[Move(N), NoOp, NoOp, NoOp, NoOp, Push(S,W)];1
[Move(W), NoOp, NoOp, NoOp, NoOp, Push(W,W)];2
[Move(N), NoOp, NoOp, NoOp, NoOp, Push(W,W)];1
[Move(W), NoOp, NoOp, NoOp, NoOp, Push(W,W)];1
[Move(W), NoOp, NoOp, NoOp, NoOp, Push(W,W)];1
[NoOp, NoOp, NoOp, NoOp, NoOp, Push(W,W)];1
[NoOp, NoOp, NoOp, NoOp, NoOp, Push(W,W)];2
[NoOp, NoOp, NoOp, NoOp, NoOp, Push(W,S)];3
[NoOp, NoOp, NoOp, NoOp, NoOp, Push(S,W)];2
[Move(E), NoOp, NoOp, NoOp, NoOp, Push(W,W)];2
[Move(E), NoOp, NoOp, NoOp, Move(E), Push(W,W)];2
[NoOp, NoOp, NoOp, NoOp, Move(E), Push(W,W)];4
[Move(E), NoOp, NoOp, NoOp, Move(S), Push(W,W)];2
[Move(E), NoOp, NoOp, NoOp, NoOp, Push(W,W)];2
[NoOp, NoOp, NoOp, NoOp, NoOp, Move(E)];2
[NoOp, NoOp, NoOp, NoOp, NoOp, Move(E)];3
[NoOp, NoOp, NoOp, NoOp, NoOp, Move(N)];2
[NoOp, Pull(N,S), NoOp, NoOp, NoOp, NoOp];14
[NoOp, Pull(E,S), NoOp, NoOp, NoOp, NoOp];2
[NoOp, Pull(E,W), NoOp, NoOp, NoOp, NoOp];2
[NoOp, Pull(E,W), NoOp, NoOp, NoOp, NoOp];2
[NoOp, Push(W,S), NoOp, NoOp, NoOp, NoOp];3
[NoOp, Push(S,E), NoOp, NoOp, NoOp, NoOp];2
[NoOp, Push(E,S), NoOp, NoOp, NoOp, NoOp];2
[NoOp, Push(S,S), NoOp, NoOp, NoOp, NoOp];2
[NoOp, Push(S,S), NoOp, NoOp, NoOp, NoOp];3
[NoOp, Push(S,S), NoOp, NoOp, NoOp, NoOp];2
[NoOp, Push(S,S), NoOp, NoOp, NoOp, NoOp];2
[NoOp, Push(S,S), NoOp, NoOp, NoOp, NoOp];2
[NoOp, Push(S,S), NoOp, NoOp, NoOp, NoOp];2
[NoOp, Push(S,S), NoOp, NoOp, NoOp, NoOp];2
[NoOp, Push(S,S), NoOp, NoOp, NoOp, NoOp];2
[NoOp, Push(S,S), NoOp, NoOp, NoOp, NoOp];2
[NoOp, Push(S,S), NoOp, NoOp, NoOp, NoOp];2
[NoOp, Push(S,S), NoOp, NoOp, NoOp, NoOp];2
[NoOp, Push(S,W), NoOp, NoOp, NoOp, NoOp];2
[NoOp, Push(W,W), NoOp, NoOp, NoOp, NoOp];3
[NoOp, Push(W,W), NoOp, NoOp, NoOp, NoOp];2
[NoOp, Push(W,W), NoOp, NoOp, NoOp, NoOp];2
[NoOp, Push(W,S), NoOp, NoOp, NoOp, NoOp];2
[NoOp, Push(S,S), NoOp, NoOp, NoOp, NoOp];2
[NoOp, Push(S,E), NoOp, NoOp, NoOp, NoOp];2
[NoOp, Push(E,E), NoOp, NoOp, NoOp, NoOp];4
[NoOp, Push(E,E), NoOp, NoOp, NoOp, NoOp];2
[NoOp, Push(E,E), NoOp, NoOp, NoOp, NoOp];2
[NoOp, Push(E,E), NoOp, NoOp, NoOp, NoOp];2
[NoOp, Push(E,E), NoOp, NoOp, NoOp, NoOp];2
[NoOp, Push(E,E), NoOp, NoOp, NoOp, NoOp];2
[NoOp, Push(E,E), NoOp, NoOp, NoOp, NoOp];3
[NoOp, Push(E,E), NoOp, NoOp, NoOp, NoOp];2
[NoOp, Push(E,E), NoOp, NoOp, NoOp, NoOp];2
[NoOp, Push(E,E), NoOp, NoOp, NoOp, NoOp];2
[NoOp, Push(E,E), NoOp, NoOp, NoOp, NoOp];2
[NoOp, Push(E,E), NoOp, NoOp, NoOp, NoOp];2
[NoOp, Push(E,E), NoOp, NoOp, NoOp, NoOp];2
[NoOp, Push(E,E), NoOp, NoOp, NoOp, NoOp];2
[NoOp, Push(E,E), NoOp, NoOp, NoOp, NoOp];2
[NoOp, Push(E,E), NoOp, NoOp, NoOp, NoOp];2
[NoOp, Push(E,S), NoOp, NoOp, NoOp, NoOp];2
[NoOp, Push(S,E), NoOp, NoOp, NoOp, NoOp];2
[NoOp, Push(E,E), NoOp, NoOp, NoOp, NoOp];2
[NoOp, Push(E,E), NoOp, NoOp, NoOp, NoOp];2
[NoOp, Push(E,E), NoOp, NoOp, NoOp, NoOp];2
[NoOp, Push(E,E), NoOp, NoOp, NoOp, NoOp];3
[NoOp, Push(E,E), NoOp, NoOp, NoOp, NoOp];2
[NoOp, Push(E,E), NoOp, NoOp, NoOp, NoOp];2
[NoOp, Push(E,E), NoOp, NoOp, NoOp, NoOp];2
[NoOp, Push(E,E), NoOp, NoOp, NoOp, NoOp];2
[NoOp, NoOp, NoOp, NoOp, Move(W), NoOp];3
[NoOp, NoOp, NoOp, NoOp, Move(W), NoOp];2
[NoOp, NoOp, NoOp, NoOp, Move(W), NoOp];2
[NoOp, NoOp, NoOp, NoOp, Move(N), NoOp];2
[NoOp, NoOp, NoOp, NoOp, Move(N), NoOp];2
[NoOp, NoOp, NoOp, NoOp, Move(N), NoOp];2
[NoOp, NoOp, NoOp, NoOp, Move(E), NoOp];1
[NoOp, NoOp, NoOp, NoOp, Move(E), NoOp];2
[NoOp, NoOp, NoOp, NoOp, Move(E), NoOp];2
[NoOp, NoOp, NoOp, NoOp, Move(E), NoOp];2
[NoOp, NoOp, NoOp, NoOp, Move(E), NoOp];3
[NoOp, NoOp, NoOp, NoOp, Move(N), NoOp];2
[NoOp, NoOp, NoOp, NoOp, Move(E), NoOp];2
[NoOp, NoOp, NoOp, NoOp, Move(N), NoOp];2
[NoOp, NoOp, NoOp, NoOp, Move(E), NoOp];2
[NoOp, NoOp, NoOp, NoOp, Move(N), NoOp];2
[NoOp, NoOp, NoOp, NoOp, Move(N), NoOp];2
[NoOp, NoOp, NoOp, NoOp, Move(E), NoOp];2
[NoOp, NoOp, NoOp, NoOp, Move(E), NoOp];2
[NoOp, NoOp, NoOp, NoOp, Move(E), NoOp];2
[NoOp, NoOp, NoOp, NoOp, Move(E), NoOp];1
[NoOp, NoOp, NoOp, NoOp, Move(E), NoOp];2
[NoOp, NoOp, NoOp, NoOp, Move(E), NoOp];2
[NoOp, NoOp, NoOp, NoOp, Move(E), NoOp];2
[NoOp, NoOp, NoOp, NoOp, Move(E), NoOp];2
[NoOp, NoOp, NoOp, NoOp, Move(E), NoOp];2
[NoOp, NoOp, NoOp, NoOp, Move(E), NoOp];2
[NoOp, NoOp, NoOp, NoOp, Move(E), NoOp];2
[NoOp, NoOp, NoOp, NoOp, Move(E), NoOp];2
[NoOp, NoOp, NoOp, NoOp, Move(E), NoOp];2
[NoOp, NoOp, NoOp, NoOp, Move(S), NoOp];2
[NoOp, NoOp, NoOp, NoOp, Move(S), NoOp];2
[NoOp, NoOp, NoOp, NoOp, Move(E), NoOp];1
[NoOp, NoOp, NoOp, NoOp, Move(S), NoOp];2
[NoOp, NoOp, NoOp, NoOp, Move(E), NoOp];2
[NoOp, NoOp, NoOp, NoOp, Move(S), NoOp];2
[NoOp, NoOp, NoOp, NoOp, Pull(W,E), NoOp];26
[NoOp, NoOp, NoOp, NoOp, Pull(W,E), NoOp];2
[NoOp, NoOp, NoOp, NoOp, Pull(W,E), NoOp];2
[NoOp, NoOp, NoOp, NoOp, Pull(W,E), NoOp];1
[NoOp, NoOp, NoOp, NoOp, Pull(N,E), NoOp];2
[NoOp, NoOp, NoOp, NoOp, Pull(N,S), NoOp];2
[NoOp, NoOp, NoOp, NoOp, Pull(N,S), NoOp];1
[NoOp, NoOp, NoOp, NoOp, Pull(N,S), NoOp];2
[NoOp, NoOp, NoOp, NoOp, Pull(W,S), NoOp];2
[NoOp, NoOp, NoOp, NoOp, Pull(W,E), NoOp];1
[NoOp, NoOp, NoOp, NoOp, Pull(W,E), NoOp];2
[NoOp, NoOp, NoOp, NoOp, Pull(W,E), NoOp];2
[NoOp, NoOp, NoOp, NoOp, Pull(W,E), NoOp];3
[NoOp, NoOp, NoOp, NoOp, Pull(W,E), NoOp];2
[NoOp, NoOp, NoOp, NoOp, Pull(W,E), NoOp];3
[NoOp, NoOp, NoOp, NoOp, Pull(W,E), NoOp];2
[NoOp, NoOp, NoOp, NoOp, Pull(W,E), NoOp];3
[NoOp, NoOp, NoOp, NoOp, Pull(W,E), NoOp];2
[NoOp, NoOp, NoOp, NoOp, Pull(W,E), NoOp];2
[NoOp, NoOp, NoOp, NoOp, Pull(S,E), NoOp];1
[NoOp, NoOp, NoOp, NoOp, Pull(W,N), NoOp];2
[NoOp, NoOp, NoOp, NoOp, Pull(W,E), NoOp];1
[NoOp, NoOp, NoOp, NoOp, Pull(W,E), NoOp];2
[NoOp, NoOp, NoOp, NoOp, Pull(N,E), NoOp];1
[NoOp, NoOp, NoOp, NoOp, Push(S,S), NoOp];2
[NoOp, NoOp, NoOp, NoOp, Push(S,W), NoOp];1
[NoOp, NoOp, NoOp, NoOp, Push(W,S), NoOp];2
[NoOp, NoOp, NoOp, NoOp, Push(S,W), NoOp];1
[NoOp, NoOp, NoOp, NoOp, Push(W,S), NoOp];2
[NoOp, NoOp, NoOp, NoOp, Push(S,W), NoOp];1
[NoOp, NoOp, NoOp, NoOp, Push(W,W), NoOp];1
[NoOp, NoOp, NoOp, NoOp, Push(W,S), NoOp];2
[NoOp, NoOp, NoOp, NoOp, Push(S,S), NoOp];1
[NoOp, NoOp, NoOp, NoOp, Push(S,S), NoOp];2
[NoOp, NoOp, NoOp, NoOp, Push(S,E), NoOp];1
[NoOp, NoOp, NoOp, NoOp, Push(E,E), NoOp];1
[NoOp, NoOp, NoOp, NoOp, Push(E,E), NoOp];1
[NoOp, NoOp, NoOp, NoOp, Push(E,E), NoOp];1
[NoOp, NoOp, NoOp, NoOp, Push(E,E), NoOp];2
[NoOp, NoOp, NoOp, NoOp, Push(E,E), NoOp];1
[NoOp, NoOp, NoOp, NoOp, Push(E,E), NoOp];1
[NoOp, NoOp, NoOp, NoOp, Push(E,E), NoOp];2
[NoOp, NoOp, NoOp, NoOp, Push(E,E), NoOp];1
[NoOp, NoOp, NoOp, NoOp, Push(E,E), NoOp];2
[NoOp, NoOp, NoOp, NoOp, Push(E,E), NoOp];1
[NoOp, NoOp, NoOp, NoOp, Push(E,E), NoOp];1
[NoOp, NoOp, NoOp, NoOp, Push(E,E), NoOp];2
[NoOp, NoOp, NoOp, NoOp, Push(E,E), NoOp];3
[NoOp, NoOp, Move(S), NoOp, NoOp, NoOp];4
[NoOp, NoOp, Move(S), NoOp, NoOp, NoOp];2
[NoOp, NoOp, Move(W), NoOp, NoOp, NoOp];2
[NoOp, NoOp, Move(W), NoOp, NoOp, NoOp];2
[NoOp, NoOp, Move(W), NoOp, NoOp, NoOp];2
[NoOp, NoOp, Move(W), NoOp, NoOp, NoOp];2
[NoOp, NoOp, Move(W), NoOp, NoOp, NoOp];2
[NoOp, NoOp, Move(W), NoOp, NoOp, NoOp];3
[NoOp, NoOp, Move(W), NoOp, NoOp, NoOp];2
[NoOp, NoOp, Move(S), NoOp, NoOp, NoOp];2
[NoOp, NoOp, Move(W), NoOp, NoOp, NoOp];2
[NoOp, NoOp, Move(W), NoOp, NoOp, NoOp];2
[NoOp, NoOp, Move(W), NoOp, NoOp, NoOp];2
[NoOp, NoOp, Move(N), NoOp, NoOp, NoOp];2
[NoOp, NoOp, Move(W), NoOp, NoOp, NoOp];2
[NoOp, NoOp, Move(W), NoOp, NoOp, NoOp];2
[NoOp, NoOp, Move(W), NoOp, NoOp, NoOp];2
[NoOp, NoOp, Move(W), NoOp, NoOp, NoOp];3
[NoOp, NoOp, Move(W), NoOp, NoOp, NoOp];2
[NoOp, NoOp, Move(W), NoOp, NoOp, NoOp];2
[NoOp, NoOp, Move(W), NoOp, NoOp, NoOp];3
[NoOp, NoOp, Move(W), NoOp, NoOp, NoOp];2
[NoOp, NoOp, Move(W), NoOp, NoOp, NoOp];2
[NoOp, NoOp, Move(W), NoOp, NoOp, NoOp];2
[NoOp, NoOp, Move(W), NoOp, NoOp, NoOp];2
[NoOp, NoOp, Move(W), NoOp, NoOp, NoOp];2
[NoOp, NoOp, Move(W), NoOp, NoOp, NoOp];2
[NoOp, NoOp, Move(W), NoOp, NoOp, NoOp];2
[NoOp, NoOp, Move(W), NoOp, NoOp, NoOp];2
[NoOp, NoOp, Move(W), NoOp, NoOp, NoOp];3
[NoOp, NoOp, Move(N), NoOp, NoOp, NoOp];2
[NoOp, NoOp, Move(N), NoOp, NoOp, NoOp];2
[NoOp, NoOp, Move(E), NoOp, NoOp, NoOp];2
[NoOp, NoOp, Move(E), NoOp, NoOp, NoOp];2
[NoOp, NoOp, Move(E), NoOp, NoOp, NoOp];2
[NoOp, NoOp, Move(E), NoOp, NoOp, NoOp];2
[NoOp, NoOp, Move(E), NoOp, NoOp, NoOp];2
[NoOp, NoOp, Move(N), NoOp, NoOp, NoOp];2
[NoOp, NoOp, Move(E), NoOp, NoOp, NoOp];2
[NoOp, NoOp, Move(N), NoOp, NoOp, NoOp];2
[NoOp, NoOp, Move(E), NoOp, NoOp, NoOp];2
[NoOp, NoOp, Move(N), NoOp, NoOp, NoOp];2
[NoOp, NoOp, Move(N), NoOp, NoOp, NoOp];2
[NoOp, NoOp, Move(E), NoOp, NoOp, NoOp];2
[NoOp, NoOp, Move(E), NoOp, NoOp, NoOp];2
[NoOp, NoOp, Move(E), NoOp, NoOp, NoOp];2
[NoOp, NoOp, Move(E), NoOp, NoOp, NoOp];2
[NoOp, NoOp, Move(E), NoOp, NoOp, NoOp];2
[NoOp, NoOp, Move(E), NoOp, NoOp, NoOp];2
[NoOp, NoOp, Move(E), NoOp, NoOp, NoOp];2
[NoOp, NoOp, Move(E), NoOp, NoOp, NoOp];2
[NoOp, NoOp, Move(E), NoOp, NoOp, NoOp];2
[NoOp, NoOp, Move(E), NoOp, NoOp, NoOp];2
[NoOp, NoOp, Move(E), NoOp, NoOp, NoOp];3
[NoOp, NoOp, Move(E), NoOp, NoOp, NoOp];2
[NoOp, NoOp, Move(E), NoOp, NoOp, NoOp];2
[NoOp, NoOp, Move(S), NoOp, NoOp, NoOp];2
[NoOp, NoOp, Move(S), NoOp, NoOp, NoOp];2
[NoOp, NoOp, Move(E), NoOp, NoOp, NoOp];2
[NoOp, NoOp, NoOp, NoOp, Move(W), NoOp];190
[NoOp, NoOp, Move(S), Move(E), Move(W), NoOp];1
[NoOp, NoOp, Move(S), Move(E), Move(N), NoOp];1
[NoOp, NoOp, NoOp, Move(E), NoOp, NoOp];1
[NoOp, NoOp, NoOp, Move(E), NoOp, NoOp];2
[NoOp, NoOp, NoOp, Move(E), NoOp, NoOp];1
[NoOp, NoOp, NoOp, Move(E), NoOp, NoOp];1
[NoOp, NoOp, NoOp, Move(E), NoOp, NoOp];2
[NoOp, NoOp, NoOp, Move(E), NoOp, NoOp];1
[NoOp, NoOp, NoOp, Move(N), NoOp, NoOp];2
[NoOp, NoOp, NoOp, Move(E), NoOp, NoOp];1
[NoOp, NoOp, NoOp, Move(N), NoOp, NoOp];2
[NoOp, NoOp, NoOp, Move(N), NoOp, NoOp];1
[NoOp, NoOp, NoOp, Move(E), NoOp, NoOp];2
[NoOp, NoOp, NoOp, Move(E), NoOp, NoOp];2
[NoOp, NoOp, NoOp, Move(E), NoOp, NoOp];1
[NoOp, NoOp, NoOp, Move(E), NoOp, NoOp];2
[NoOp, NoOp, NoOp, Move(E), NoOp, NoOp];1
[NoOp, NoOp, NoOp, Move(E), NoOp, NoOp];2
[NoOp, NoOp, NoOp, Move(E), NoOp, NoOp];1
[NoOp, NoOp, NoOp, Move(E), NoOp, NoOp];2
[NoOp, NoOp, NoOp, Move(E), NoOp, NoOp];1
[NoOp, NoOp, NoOp, Move(E), NoOp, NoOp];2
[NoOp, NoOp, NoOp, Move(E), NoOp, NoOp];2
[NoOp, NoOp, NoOp, Move(E), NoOp, NoOp];1
[NoOp, NoOp, NoOp, Move(E), NoOp, NoOp];2
[NoOp, NoOp, NoOp, Move(S), NoOp, NoOp];1
[NoOp, NoOp, NoOp, Move(S), NoOp, NoOp];2
[NoOp, NoOp, NoOp, Move(S), NoOp, NoOp];1
[NoOp, NoOp, NoOp, Move(E), NoOp, NoOp];2
[NoOp, NoOp, NoOp, Move(E), NoOp, NoOp];1
[NoOp, NoOp, NoOp, Push(N,W), NoOp, NoOp];14
[NoOp, NoOp, Move(N), Push(W,W), NoOp, NoOp];3
[NoOp, NoOp, NoOp, Push(W,W), NoOp, NoOp];220
[NoOp, NoOp, Move(W), Push(W,N), NoOp, NoOp];2
[NoOp, NoOp, Move(W), Push(N,N), NoOp, NoOp];1
[NoOp, NoOp, Move(E), Push(N,W), NoOp, NoOp];27
[NoOp, NoOp, Move(E), Push(W,W), NoOp, NoOp];1
[NoOp, NoOp, Move(E), Push(W,W), NoOp, NoOp];1
[NoOp, NoOp, Pull(W,E), Push(W,W), NoOp, NoOp];1
[NoOp, NoOp, Pull(W,E), Push(W,W), NoOp, NoOp];2
[NoOp, NoOp, Pull(W,E), Push(W,W), NoOp, NoOp];1
[NoOp, NoOp, Push(E,N), Push(W,W), NoOp, NoOp];1
[NoOp, NoOp, Push(N,W), Push(W,W), NoOp, NoOp];1
[NoOp, NoOp, Push(W,W), Push(W,W), NoOp, NoOp];1
[NoOp, NoOp, Push(W,N), Push(W,W), NoOp, NoOp];1
[NoOp, NoOp, Push(N,W), Push(W,W), NoOp, NoOp];1
[NoOp, NoOp, Push(W,N), Push(W,W), NoOp, NoOp];1
[NoOp, NoOp, Move(E), Push(W,S), NoOp, NoOp];2
[NoOp, NoOp, Move(N), Push(S,W), NoOp, NoOp];1
[NoOp, NoOp, Move(N), Push(W,W), NoOp, NoOp];1
[NoOp, NoOp, Move(W), Push(W,W), NoOp, NoOp];0
[NoOp, NoOp, Move(N), Push(W,S), NoOp, NoOp];1
[NoOp, NoOp, Move(N), Push(S,S), NoOp, NoOp];1
[NoOp, NoOp, Move(N), Push(S,S), NoOp, NoOp];1
[NoOp, NoOp, Move(N), Push(S,W), NoOp, NoOp];1
[NoOp, NoOp, Move(N), Push(W,W), NoOp, NoOp];1
[NoOp, NoOp, Move(N), Push(W,W), NoOp, NoOp];1
[NoOp, NoOp, Move(W), Push(W,W), NoOp, NoOp];1
[NoOp, NoOp, Move(N), Push(W,S), NoOp, NoOp];1
[NoOp, NoOp, Move(W), Push(S,S), NoOp, NoOp];1
[NoOp, NoOp, Move(W), Push(S,S), NoOp, NoOp];1
[NoOp, NoOp, Move(W), Push(S,E), NoOp, NoOp];1
[NoOp, NoOp, Move(W), Push(E,E), NoOp, NoOp];1
[NoOp, NoOp, Move(W), Push(E,E), NoOp, NoOp];1
[NoOp, NoOp, Move(W), Push(E,E), NoOp, NoOp];0
[NoOp, NoOp, Move(S), Push(E,E), NoOp, NoOp];1
[NoOp, NoOp, Move(W), Push(E,E), NoOp, NoOp];1
[NoOp, NoOp, Move(W), Push(E,E), NoOp, NoOp];1
[NoOp, NoOp, Move(W), Push(E,E), NoOp, NoOp];1
[NoOp, NoOp, Move(W), Push(E,E), NoOp, NoOp];1
[NoOp, NoOp, Move(W), Push(E,E), NoOp, NoOp];1
[NoOp, NoOp, Move(W), Push(E,E), NoOp, NoOp];1
[NoOp, NoOp, Move(S), Push(E,E), NoOp, NoOp];1
[NoOp, NoOp, Move(S), Push(E,E), NoOp, NoOp];0
[NoOp, NoOp, Move(S), Move(N), NoOp, NoOp];2
[Move(S), NoOp, Move(S), Move(E), NoOp, NoOp];0
[Move(E), NoOp, Move(S), NoOp, NoOp, NoOp];1
[Move(S), NoOp, Move(E), NoOp, NoOp, NoOp];1
[Move(E), NoOp, Move(E), NoOp, NoOp, NoOp];0
[Move(E), NoOp, Move(S), NoOp, NoOp, NoOp];1
[Move(E), NoOp, Move(E), NoOp, NoOp, NoOp];1
[Move(E), NoOp, NoOp, NoOp, NoOp, NoOp];1
[Move(E), NoOp, NoOp, NoOp, NoOp, NoOp];1
[Move(E), NoOp, NoOp, NoOp, NoOp, NoOp];1
[Move(E), NoOp, NoOp, NoOp, NoOp, NoOp];1
[Move(N), NoOp, NoOp, NoOp, NoOp, NoOp];1
[Move(E), NoOp, NoOp, NoOp, NoOp, NoOp];1
[Move(E), NoOp, NoOp, NoOp, NoOp, NoOp];1
[Move(E), NoOp, NoOp, NoOp, NoOp, NoOp];1
[Move(E), NoOp, NoOp, NoOp, NoOp, NoOp];0
[Move(E), NoOp, NoOp, NoOp, NoOp, NoOp];0
[Move(S), NoOp, NoOp, NoOp, NoOp, NoOp];1
[Move(S), NoOp, NoOp, NoOp, NoOp, NoOp];1
[Move(S), NoOp, NoOp, NoOp, NoOp, NoOp];1
[Move(S), NoOp, NoOp, NoOp, NoOp, NoOp];1
[Move(S), NoOp, NoOp, NoOp, NoOp, NoOp];1
[Move(S), NoOp, NoOp, NoOp, NoOp, NoOp];1
[Move(S), NoOp, NoOp, NoOp, NoOp, NoOp];1
[Move(S), NoOp, NoOp, NoOp, NoOp, NoOp];1
[Move(S), NoOp, NoOp, NoOp, NoOp, NoOp];1
[Move(W), NoOp, NoOp, NoOp, NoOp, NoOp];1
[Move(S), NoOp, NoOp, NoOp, NoOp, NoOp];1
[Move(W), NoOp, NoOp, NoOp, NoOp, NoOp];1
[Move(S), NoOp, NoOp, NoOp, NoOp, NoOp];1
[Move(W), NoOp, NoOp, NoOp, NoOp, NoOp];1
[Move(S), NoOp, NoOp, NoOp, NoOp, NoOp];1
[Pull(E,W), NoOp, NoOp, Move(W), Move(W), NoOp];22
[Pull(N,W), NoOp, Move(W), Move(S), Move(W), NoOp];182
[Pull(N,S), NoOp, Move(W), Move(W), Move(S), NoOp];2
[Pull(E,S), Move(W), Move(W), NoOp, Move(E), NoOp];0
[Pull(S,W), Move(W), Move(S), NoOp, Move(N), NoOp];1
[Push(N,E), Move(W), Move(S), NoOp, Move(E), NoOp];1
[Push(E,N), Move(W), Move(S), NoOp, Move(E), NoOp];1
[Push(N,N), Move(W), Move(W), NoOp, Move(E), NoOp];0
[Push(N,N), Move(W), Move(S), NoOp, Move(E), NoOp];1
[Push(N,W), Move(W), Move(W), NoOp, Move(E), NoOp];1
[Push(W,N), Move(W), Move(W), NoOp, Pull(E,S), NoOp];1
[Push(N,N), Move(W), Move(W), NoOp, Push(W,W), NoOp];1
[Push(N,N), Move(N), Move(S), NoOp, Move(S), NoOp];1
[Push(N,N), Move(W), Move(S), NoOp, NoOp, NoOp];88
[Push(N,N), NoOp, Move(S), NoOp, NoOp, Move(W)];0
[Push(N,N), NoOp, Move(E), Move(W), NoOp, Move(W)];1
[Push(N,W), NoOp, Move(E), Move(W), Pull(E,W), NoOp];93
[Push(W,N), NoOp, Move(E), Move(N), Pull(E,W), Move(E)];0
[Push(N,W), NoOp, Move(E), NoOp, Pull(E,W), NoOp];1
[Push(W,W), NoOp, Move(E), NoOp, Pull(N,W), NoOp];1
[Push(W,W), NoOp, Move(E), NoOp, Pull(E,S), NoOp];1
[Push(W,S), NoOp, Move(E), NoOp, Pull(S,W), NoOp];0
[Push(S,W), NoOp, Move(E), NoOp, NoOp, NoOp];1
[Push(W,W), NoOp, NoOp, NoOp, Move(W), NoOp];0
[Push(W,W), NoOp, Move(W), NoOp, Move(W), NoOp];1
[Push(W,W), NoOp, Move(W), NoOp, Move(W), NoOp];1
[Push(W,W), NoOp, Move(W), NoOp, Move(W), NoOp];0
[Push(W,W), NoOp, Move(W), NoOp, Move(W), NoOp];1
[Push(W,W), NoOp, Move(W), NoOp, Push(N,W), NoOp];1
[Push(W,S), NoOp, Move(W), NoOp, Push(W,W), NoOp];0
[Push(S,W), NoOp, Move(W), Move(W), Push(W,W), Move(E)];1
[Push(W,S), NoOp, Move(W), Move(W), Push(W,S), Pull(W,E)];1
[Push(S,S), NoOp, Move(N), Move(W), NoOp, Pull(S,E)];118
[Push(S,W), NoOp, Move(N), Move(W), Move(W), Pull(W,N)];1
[Push(W,S), NoOp, Move(E), Move(W), Move(W), Pull(W,E)];0
[Push(S,S), Move(W), Move(E), Move(W), Move(S), Pull(W,E)];0
[Push(S,S), Move(W), Move(E), Move(S), NoOp, NoOp];1
[Push(S,S), Move(W), Move(E), Move(W), NoOp, Move(N)];0
[Push(S,S), Move(W), Move(E), Move(W), NoOp, Move(E)];0
[Push(S,S), Move(W), Move(N), Move(W), NoOp, Move(E)];0
[Push(S,S), Move(S), Move(E), Move(N), NoOp, Move(W)];1
[Push(S,W), NoOp, Move(N), Move(N), Move(N), Pull(W,S)];0
[Push(W,W), NoOp, Move(E), Move(N), Move(E), Push(E,E)];2
[Push(W,S), NoOp, Move(N), Move(E), Move(E), Move(W)];1
[NoOp, NoOp, Move(N), NoOp, Move(E), Move(W)];0
[NoOp, NoOp, Move(E), Move(W), NoOp, NoOp];2
[NoOp, NoOp, Move(E), Move(N), Move(W), NoOp];4
[NoOp, NoOp, Move(E), NoOp, Move(W), NoOp];2
[Move(E), Move(W), Move(E), Move(W), Move(W), NoOp];0
[Move(E), Move(W), Move(E), Move(W), Move(W), NoOp];0
[Move(N), Move(W), Move(E), Move(W), Move(W), NoOp];1
[Move(N), NoOp, Move(E), Move(W), NoOp, NoOp];0
[NoOp, NoOp, Move(E), Move(N), Move(E), NoOp];2
[NoOp, NoOp, Move(E), Move(N), Move(E), NoOp];0
[NoOp, NoOp, Push(E,N), Move(N), Move(E), NoOp];1
[NoOp, NoOp, Push(N,N), Move(N), Move(E), NoOp];0
[NoOp, NoOp, Push(N,N), Move(N), Pull(E,S), NoOp];0
[NoOp, NoOp, Push(N,N), Move(N), Push(W,W), NoOp];1
[NoOp, NoOp, Push(N,N), Move(E), Move(S), Move(W)];0
[NoOp, NoOp, NoOp, Move(E), Move(W), Move(S)];0
[Move(E), NoOp, NoOp, Move(E), Move(W), NoOp];145
[Move(E), Move(W), NoOp, Move(E), Move(W), Move(N)];0
[NoOp, Move(W), NoOp, Move(E), NoOp, Move(E)];1
[NoOp, Move(W), NoOp, Move(E), NoOp, Move(E)];1
[NoOp, Move(W), NoOp, Move(E), NoOp, Move(W)];0
[NoOp, Move(W), NoOp, Move(E), NoOp, Move(W)];0
[NoOp, Move(W), NoOp, Move(N), NoOp, Move(W)];1
[NoOp, Move(W), NoOp, Move(E), NoOp, Pull(E,W)];1
[NoOp, Move(N), NoOp, Move(E), NoOp, Pull(S,W)];1
[NoOp, Move(N), NoOp, Move(N), NoOp, Push(N,E)];0
[NoOp, Move(N), NoOp, Move(E), NoOp, Push(E,E)];0
[NoOp, Move(E), NoOp, Move(N), NoOp, Push(E,S)];1
[NoOp, Pull(N,E), NoOp, Move(N), NoOp, Push(S,E)];4
[NoOp, Push(S,W), NoOp, Move(E), Move(W), Move(N)];1
[Move(W), Push(W,S), NoOp, Move(E), Move(N), Move(E)];0
[Move(W), Push(S,S), NoOp, Move(E), NoOp, Pull(W,E)];1
[Move(S), Push(S,E), NoOp, Move(E), NoOp, Pull(W,E)];0
[Move(W), Push(E,E), NoOp, Move(E), NoOp, Push(E,S)];0
[Move(S), Push(E,E), NoOp, Move(E), NoOp, Move(W)];0
[Move(W), Push(E,E), NoOp, Move(N), NoOp, Move(W)];1
[Move(S), Push(E,E), NoOp, Move(E), NoOp, NoOp];0
[NoOp, Push(E,E), NoOp, Move(E), NoOp, NoOp];111
[Move(W), NoOp, NoOp, Move(E), NoOp, NoOp];1
[Move(W), NoOp, NoOp, Move(E), NoOp, NoOp];0
[Move(S), NoOp, NoOp, Move(S), NoOp, NoOp];1
[Move(S), NoOp, NoOp, Move(S), NoOp, NoOp];1
[Move(E), NoOp, NoOp, NoOp, NoOp, NoOp];0
[Move(E), NoOp, NoOp, NoOp, NoOp, NoOp];1
[Move(E), NoOp, NoOp, NoOp, NoOp, NoOp];1
[Move(E), NoOp, NoOp, NoOp, NoOp, NoOp];1
[Move(S), NoOp, NoOp, NoOp, NoOp, NoOp];0
[Move(E), NoOp, NoOp, NoOp, NoOp, NoOp];0
[Move(E), NoOp, NoOp, NoOp, NoOp, NoOp];1
[Pull(E,N), NoOp, NoOp, NoOp, NoOp, NoOp];2
[Pull(E,W), NoOp, NoOp, NoOp, NoOp, NoOp];1
[Pull(E,W), NoOp, NoOp, NoOp, NoOp, NoOp];0
[Pull(E,W), NoOp, NoOp, NoOp, NoOp, NoOp];1
[Pull(N,W), NoOp, NoOp, NoOp, NoOp, NoOp];1
[Push(S,E), NoOp, NoOp, NoOp, NoOp, NoOp];0
[Push(E,E), NoOp, NoOp, NoOp, NoOp, NoOp];1
[Move(W), NoOp, NoOp, NoOp, NoOp, NoOp];3
[Move(N), NoOp, NoOp, NoOp, NoOp, NoOp];0
[NoOp, NoOp, Pull(S,N), NoOp, NoOp, NoOp];14
[NoOp, NoOp, Pull(S,N), NoOp, NoOp, NoOp];1
[NoOp, NoOp, Pull(S,N), NoOp, NoOp, NoOp];1
[NoOp, NoOp, Pull(S,N), NoOp, NoOp, NoOp];0
[NoOp, NoOp, Pull(W,N), NoOp, NoOp, NoOp];1
[NoOp, NoOp, Pull(W,E), NoOp, NoOp, NoOp];1
[NoOp, NoOp, Pull(W,E), NoOp, NoOp, NoOp];0
[NoOp, NoOp, Pull(W,E), NoOp, NoOp, NoOp];1
[NoOp, NoOp, Pull(W,E), NoOp, NoOp, NoOp];0
[NoOp, NoOp, Pull(W,E), NoOp, NoOp, NoOp];1
[NoOp, NoOp, Pull(W,E), NoOp, NoOp, NoOp];0
[NoOp, NoOp, Pull(W,E), NoOp, NoOp, NoOp];1
[NoOp, NoOp, Pull(W,E), NoOp, NoOp, NoOp];1
[NoOp, NoOp, Pull(W,E), NoOp, NoOp, NoOp];0
[NoOp, NoOp, Pull(W,E), NoOp, NoOp, NoOp];1
[NoOp, NoOp, Pull(W,E), NoOp, NoOp, NoOp];0
[NoOp, NoOp, Pull(N,E), NoOp, NoOp, NoOp];1
[NoOp, NoOp, Push(S,W), NoOp, NoOp, NoOp];0
[NoOp, NoOp, Push(W,S), NoOp, NoOp, NoOp];1
[NoOp, NoOp, Push(S,S), NoOp, NoOp, NoOp];0
[NoOp, NoOp, Push(S,S), NoOp, NoOp, NoOp];1
[NoOp, NoOp, Push(S,W), NoOp, NoOp, NoOp];0
[NoOp, NoOp, Push(W,W), NoOp, NoOp, NoOp];1
[NoOp, NoOp, Push(W,W), NoOp, NoOp, NoOp];0
[NoOp, NoOp, Push(W,S), NoOp, NoOp, NoOp];1
[NoOp, NoOp, Push(S,W), NoOp, NoOp, NoOp];0
[NoOp, NoOp, Push(W,S), NoOp, NoOp, NoOp];1
[NoOp, NoOp, Push(S,S), NoOp, NoOp, NoOp];0
[NoOp, NoOp, Push(S,E), NoOp, NoOp, NoOp];1
[NoOp, NoOp, Push(E,E), NoOp, NoOp, NoOp];0
[NoOp, NoOp, Push(E,S), NoOp, NoOp, NoOp];1
[NoOp, NoOp, Push(S,E), NoOp, NoOp, NoOp];0
[NoOp, NoOp, Push(E,E), NoOp, NoOp, NoOp];1
[NoOp, NoOp, Push(E,E), NoOp, NoOp, NoOp];0
[NoOp, NoOp, Push(E,E), NoOp, NoOp, NoOp];0
[NoOp, NoOp, Push(E,E), NoOp, NoOp, NoOp];1
[NoOp, NoOp, Push(E,E), NoOp, NoOp, NoOp];0
[NoOp, NoOp, Push(E,E), NoOp, NoOp, NoOp];1
[NoOp, NoOp, Push(E,E), NoOp, NoOp, NoOp];0
[NoOp, NoOp, Push(E,E), NoOp, NoOp, NoOp];1
[Move(W), NoOp, NoOp, NoOp, NoOp, NoOp];0
[Move(W), NoOp, NoOp, NoOp, NoOp, NoOp];1
[Move(S), NoOp, NoOp, NoOp, NoOp, NoOp];0
[Move(W), NoOp, NoOp, NoOp, NoOp, NoOp];1
[Move(W), NoOp, NoOp, NoOp, NoOp, NoOp];0
[Move(W), NoOp, NoOp, NoOp, NoOp, NoOp];1
[Move(W), NoOp, NoOp, NoOp, NoOp, NoOp];0
[Move(W), NoOp, NoOp, NoOp, NoOp, NoOp];0
[Move(W), NoOp, NoOp, NoOp, NoOp, NoOp];1
[Move(W), NoOp, NoOp, NoOp, NoOp, NoOp];0
[Move(W), NoOp, NoOp, NoOp, NoOp, NoOp];1
[Move(N), NoOp, NoOp, NoOp, NoOp, NoOp];0
[Move(N), NoOp, NoOp, NoOp, NoOp, NoOp];1
[Move(N), NoOp, NoOp, NoOp, NoOp, NoOp];0
[Move(E), NoOp, NoOp, NoOp, NoOp, NoOp];1
[Move(E), NoOp, NoOp, NoOp, NoOp, NoOp];0
[Move(E), NoOp, NoOp, NoOp, NoOp, NoOp];0
[Move(E), NoOp, NoOp, NoOp, NoOp, NoOp];1
[Move(E), NoOp, NoOp, NoOp, NoOp, NoOp];0
[Move(N), NoOp, NoOp, NoOp, NoOp, NoOp];1
[Move(E), NoOp, NoOp, NoOp, NoOp, NoOp];0
[Move(N), NoOp, NoOp, NoOp, NoOp, NoOp];1
[Move(E), NoOp, NoOp, NoOp, NoOp, NoOp];0
[Move(N), NoOp, NoOp, NoOp, NoOp, NoOp];1
[Move(N), NoOp, NoOp, NoOp, NoOp, NoOp];0
[Move(E), NoOp, NoOp, NoOp, NoOp, NoOp];0
[Move(E), NoOp, NoOp, NoOp, NoOp, NoOp];1
[Move(E), NoOp, NoOp, NoOp, NoOp, NoOp];0
[Move(E), NoOp, NoOp, NoOp, NoOp, NoOp];1
[Move(E), NoOp, NoOp, NoOp, NoOp, NoOp];0
[Move(E), NoOp, NoOp, NoOp, NoOp, NoOp];1
[Move(E), NoOp, NoOp, NoOp, NoOp, NoOp];0
[Move(E), NoOp, NoOp, NoOp, NoOp, NoOp];0
[Move(E), NoOp, NoOp, NoOp, NoOp, NoOp];0
[Move(E), NoOp, NoOp, NoOp, NoOp, NoOp];0
[Move(S), NoOp, NoOp, NoOp, NoOp, NoOp];1
[Move(S), NoOp, NoOp, NoOp, NoOp, NoOp];0
[Move(W), NoOp, NoOp, NoOp, NoOp, NoOp];1
[Move(S), NoOp, NoOp, NoOp, NoOp, NoOp];0
[Move(W), NoOp, NoOp, NoOp, NoOp, NoOp];1
[NoOp, NoOp, Move(W), NoOp, NoOp, NoOp];147
[Move(S), Move(W), Move(W), NoOp, NoOp, NoOp];0
[Move(W), Move(W), Move(N), NoOp, NoOp, NoOp];1
[NoOp, Move(W), NoOp, NoOp, NoOp, NoOp];0
[NoOp, Move(W), NoOp, NoOp, NoOp, NoOp];0
[NoOp, Move(W), NoOp, NoOp, NoOp, NoOp];1
[NoOp, Move(N), NoOp, NoOp, NoOp, NoOp];0
[NoOp, Move(N), NoOp, NoOp, NoOp, NoOp];1
[NoOp, Move(E), NoOp, NoOp, NoOp, NoOp];0
[NoOp, Move(E), NoOp, NoOp, NoOp, NoOp];0
[NoOp, Move(E), NoOp, NoOp, NoOp, NoOp];1
[NoOp, Move(E), NoOp, NoOp, NoOp, NoOp];0
[NoOp, Move(E), NoOp, NoOp, NoOp, NoOp];1
[NoOp, Move(N), NoOp, NoOp, NoOp, NoOp];0
[NoOp, Move(E), NoOp, NoOp, NoOp, NoOp];0
[NoOp, Move(N), NoOp, NoOp, NoOp, NoOp];0
[NoOp, Move(E), NoOp, NoOp, NoOp, NoOp];0
[NoOp, Move(N), NoOp, NoOp, NoOp, NoOp];1
[NoOp, Move(N), NoOp, NoOp, NoOp, NoOp];0
[NoOp, Move(E), NoOp, NoOp, NoOp, NoOp];1
[NoOp, Move(E), NoOp, NoOp, NoOp, NoOp];0
[NoOp, Move(E), NoOp, NoOp, NoOp, NoOp];0
[NoOp, Move(E), NoOp, NoOp, NoOp, NoOp];1
[NoOp, Move(E), NoOp, NoOp, NoOp, NoOp];0
[NoOp, Move(E), NoOp, NoOp, NoOp, NoOp];1
[NoOp, Move(E), NoOp, NoOp, NoOp, NoOp];0
[NoOp, Move(E), NoOp, NoOp, NoOp, NoOp];0
[NoOp, Move(E), NoOp, NoOp, NoOp, NoOp];1
[NoOp, Move(E), NoOp, NoOp, NoOp, NoOp];0
[NoOp, Move(S), NoOp, NoOp, NoOp, NoOp];1
[NoOp, Move(S), NoOp, NoOp, NoOp, NoOp];0
[NoOp, Move(W), NoOp, NoOp, NoOp, NoOp];0
[NoOp, Move(S), NoOp, NoOp, NoOp, NoOp];1
[NoOp, Move(S), NoOp, NoOp, NoOp, NoOp];0
[NoOp, Move(W), NoOp, NoOp, NoOp, NoOp];1
[NoOp, Move(N), NoOp, NoOp, NoOp, NoOp];1
[NoOp, Pull(E,W), NoOp, NoOp, NoOp, NoOp];14
[NoOp, Pull(N,W), NoOp, NoOp, NoOp, NoOp];1
[Move(E), Pull(E,S), NoOp, NoOp, NoOp, NoOp];0
[NoOp, Pull(N,W), NoOp, NoOp, NoOp, NoOp];0
[NoOp, Pull(N,S), NoOp, NoOp, NoOp, NoOp];1
[NoOp, Pull(W,S), NoOp, NoOp, NoOp, NoOp];0
[NoOp, Pull(W,E), NoOp, NoOp, NoOp, NoOp];0
[NoOp, Pull(W,E), NoOp, NoOp, NoOp, NoOp];0
[NoOp, Pull(W,E), NoOp, NoOp, NoOp, NoOp];1
[NoOp, Pull(W,E), NoOp, NoOp, NoOp, NoOp];0
[NoOp, Pull(W,E), NoOp, NoOp, NoOp, NoOp];0
[NoOp, Pull(W,E), NoOp, NoOp, NoOp, NoOp];0
[NoOp, Pull(W,E), NoOp, NoOp, NoOp, NoOp];0
[NoOp, Pull(W,E), NoOp, NoOp, NoOp, NoOp];1
[NoOp, Pull(W,E), NoOp, NoOp, NoOp, NoOp];0
[NoOp, Pull(W,E), NoOp, NoOp, NoOp, NoOp];0
[NoOp, Pull(S,E), NoOp, NoOp, NoOp, NoOp];0
[NoOp, Pull(S,N), NoOp, NoOp, NoOp, NoOp];0
[NoOp, Pull(W,N), NoOp, NoOp, NoOp, NoOp];0
[NoOp, Pull(W,E), NoOp, NoOp, NoOp, NoOp];0
[NoOp, Pull(W,E), NoOp, NoOp, NoOp, NoOp];1
[NoOp, Pull(S,E), NoOp, NoOp, NoOp, NoOp];0
[NoOp, Pull(W,N), NoOp, NoOp, NoOp, NoOp];0
[NoOp, Pull(S,E), NoOp, NoOp, NoOp, NoOp];0
[NoOp, Pull(W,N), NoOp, NoOp, NoOp, NoOp];0
[NoOp, Pull(W,E), NoOp, NoOp, NoOp, NoOp];0
[NoOp, Pull(S,E), NoOp, NoOp, NoOp, NoOp];0
[NoOp, Pull(S,N), NoOp, NoOp, NoOp, NoOp];0
[NoOp, Pull(E,N), NoOp, NoOp, NoOp, NoOp];1
[NoOp, Pull(E,W), NoOp, NoOp, NoOp, NoOp];0
[NoOp, Pull(E,W), NoOp, NoOp, NoOp, NoOp];0
[NoOp, Push(W,S), NoOp, NoOp, NoOp, NoOp];0
[NoOp, Push(S,E), NoOp, NoOp, NoOp, NoOp];0
[NoOp, Push(E,E), NoOp, NoOp, NoOp, NoOp];0
[NoOp, Push(E,E), NoOp, NoOp, NoOp, NoOp];0
[NoOp, Push(E,E), NoOp, NoOp, NoOp, NoOp];0
[NoOp, Push(E,E), NoOp, NoOp, NoOp, NoOp];1
[NoOp, Push(E,E), NoOp, NoOp, NoOp, NoOp];0
[NoOp, Push(E,E), NoOp, NoOp, NoOp, NoOp];0
[NoOp, Push(E,E), NoOp, NoOp, NoOp, NoOp];0
f0141f62cd13e2d770f9fa841108dd17f08a08d9
successful
9201
1850
d2ad698067a873dfe1ae50b6eaca7e14d2d6f5f0
1495032364101
