+++++++++++
+AIO     0+
+LIM      +
+ASH      +
+         +
+BBBB BBBB+
+BBBB BBBB+
+++++ +++++
++aaaaaaa++
+++abbbb+++
++++bbb++++
+++++b+++++
+++++ +++++
+         +
+AAAA AAAA+
+AAAA AAAA+
+++++ +++++
++aaaaaaa++
+++abbbb+++
++++bbb++++
+++++b+++++
+++++ +++++
+         +
+AAAA AAAA+
+AAAA AAAA+
+++++ +++++
++aaaaaaa++
+++abbbb+++
++++bbb++++
+++++b+++++
+++++ +++++
+         +
+BBBB BBBB+
+BBBB BBBB+
+++++ +++++
++aaaaaaa++
+++abbbb+++
++++bbb++++
+++++b+++++
+++++ +++++
+aiolimash+
+++++++++++

[Move(W)];96
[Move(W)];2
[Move(W)];2
[Move(W)];2
[Move(S)];2
[Move(S)];2
[Move(S)];1
[Move(S)];1
[Move(S)];2
[Move(S)];1
[Move(S)];2
[Move(S)];1
[Move(S)];1
[Move(S)];2
[Move(S)];1
[Move(S)];2
[Move(W)];1
[Pull(E,S)];25
[Pull(N,W)];2
[Pull(N,S)];1
[Pull(N,S)];2
[Pull(N,S)];1
[Pull(N,S)];2
[Pull(N,S)];2
[Push(S,W)];2
[Push(W,W)];3
[Push(W,W)];2
[Move(E)];10
[Move(E)];3
[Move(S)];3
[Move(S)];3
[Move(S)];3
[Move(S)];2
[Move(S)];2
[Move(E)];2
[Pull(W,S)];8
[Pull(N,E)];1
[Pull(N,S)];2
[Pull(N,S)];3
[Pull(N,S)];2
[Pull(W,S)];2
[Pull(N,E)];2
[Pull(W,S)];1
[Pull(S,E)];2
[Move(E)];5
[Move(E)];3
[Move(S)];3
[Move(S)];2
[Move(S)];1
[Move(S)];2
[Move(W)];1
[Move(W)];1
[Push(S,E)];4
[Push(E,N)];1
[Push(N,E)];1
[Push(E,N)];1
[Push(N,N)];1
[Push(N,N)];1
[Push(N,N)];1
[Push(N,N)];1
[Push(N,W)];1
[Move(S)];4
[Move(S)];1
[Move(S)];1
[Move(S)];1
[Move(S)];1
[Move(W)];1
[Move(S)];1
[Pull(E,S)];6
[Pull(N,W)];2
[Pull(W,S)];1
[Push(E,N)];2
[Push(N,N)];1
[Push(N,N)];1
[Push(N,N)];1
[Push(N,N)];1
[Push(N,E)];1
[Push(E,E)];1
[Push(E,E)];1
[Move(W)];6
[Move(W)];2
[Move(S)];1
[Move(S)];1
[Move(S)];2
[Move(S)];1
[Move(S)];2
[Move(E)];2
[Move(E)];1
[Pull(E,S)];3
[Push(W,W)];1
[Push(W,W)];1
[Push(W,N)];1
[Push(N,N)];1
[Push(N,N)];1
[Push(N,E)];1
[Push(E,N)];1
[Push(N,N)];1
[Push(N,E)];1
[Move(W)];5
[Move(S)];0
[Move(S)];0
[Move(S)];1
[Move(S)];1
[Move(S)];1
[Move(E)];1
[Move(S)];1
[Pull(W,S)];3
[Push(E,N)];1
[Push(N,W)];1
[Push(W,N)];1
[Push(N,N)];1
[Push(N,N)];1
[Push(N,E)];1
[Push(E,N)];1
[Push(N,N)];1
[Move(W)];3
[Move(S)];1
[Move(S)];1
[Move(S)];1
[Move(S)];1
[Move(W)];1
[Move(W)];1
[Move(W)];1
[Pull(W,S)];2
[Push(E,E)];1
[Push(E,E)];1
[Push(E,E)];1
[Push(E,N)];1
[Push(N,N)];2
[Push(N,N)];1
[Push(N,W)];1
[Push(W,N)];1
[Push(N,W)];1
[Move(E)];4
[Move(N)];0
[Move(N)];0
[Move(N)];1
[Pull(S,W)];2
[Pull(S,N)];1
[Pull(S,N)];1
[Pull(E,N)];1
[Push(W,W)];1
[Move(N)];4
[Move(N)];1
[Move(N)];1
[Pull(W,E)];2
[Push(E,S)];1
[Push(S,S)];1
[Push(S,S)];1
[Push(S,E)];0
[Push(E,E)];2
[Move(W)];3
[Move(N)];1
[Move(N)];1
[Move(N)];1
[Move(W)];1
[Pull(E,W)];2
[Pull(S,W)];1
[Pull(S,N)];1
[Pull(S,N)];1
[Pull(S,N)];1
[Push(N,E)];1
[Move(N)];3
[Move(N)];1
[Move(N)];1
[Move(W)];1
[Pull(E,N)];2
[Pull(S,W)];1
[Pull(S,N)];1
[Pull(S,N)];1
[Pull(S,N)];1
[Pull(S,N)];1
[Push(N,W)];1
[Move(N)];3
[Move(N)];1
[Move(N)];1
[Move(N)];1
[Move(E)];0
[Pull(W,E)];2
[Pull(S,E)];1
[Pull(S,N)];1
[Pull(S,N)];1
[Pull(S,N)];1
[Pull(S,N)];1
[Push(N,E)];1
[Move(S)];3
[Move(S)];1
[Move(S)];0
[Move(W)];0
[Move(W)];1
[Move(S)];1
[Push(S,E)];3
[Push(E,E)];1
[Push(E,S)];0
[Push(S,S)];1
[Push(S,W)];1
[Push(W,W)];1
[Push(W,W)];1
[Move(E)];4
[Move(E)];1
[Move(N)];1
[Move(N)];0
[Move(E)];1
[Pull(W,E)];2
[Pull(S,E)];1
[Pull(S,N)];1
[Pull(S,N)];1
[Push(N,W)];1
[Push(W,W)];1
[Move(E)];3
[Move(N)];1
[Move(N)];0
[Move(W)];1
[Move(W)];1
[Pull(E,W)];2
[Pull(N,W)];1
[Push(S,E)];1
[Push(E,S)];1
[Push(S,S)];1
[Push(S,W)];1
[Move(N)];3
[Move(N)];1
[Move(E)];1
[Move(E)];0
[Pull(W,E)];2
[Pull(W,E)];1
[Pull(S,E)];1
[Pull(S,N)];1
[Pull(E,N)];1
[Pull(E,W)];1
[Pull(S,W)];0
[Push(N,E)];1
[Move(W)];4
[Move(W)];0
[Move(N)];1
[Move(N)];1
[Move(W)];1
[Move(W)];1
[Move(W)];1
[Pull(E,W)];2
[Pull(E,W)];1
[Pull(E,W)];1
[Pull(S,W)];1
[Pull(S,N)];1
[Pull(E,N)];1
[Pull(S,W)];1
[Push(N,E)];1
[Move(W)];3
[Move(N)];1
[Move(N)];1
[Move(E)];1
[Move(E)];2
[Move(E)];1
[Pull(W,E)];1
[Pull(W,E)];1
[Pull(W,E)];1
[Pull(W,E)];1
[Push(E,S)];1
[Push(S,S)];1
[Push(S,E)];1
[Move(S)];3
[Move(S)];1
[Move(S)];1
[Move(S)];1
[Move(S)];1
[Move(W)];0
[Pull(E,S)];3
[Pull(E,W)];1
[Push(W,N)];0
[Push(N,N)];1
[Push(N,N)];1
[Push(N,W)];1
[Push(W,N)];1
[Push(N,W)];1
[Move(E)];3
[Move(N)];1
[Move(N)];1
[Move(N)];1
[Move(N)];0
[Move(N)];0
[Move(N)];1
[Move(N)];1
[Move(N)];1
[Move(N)];1
[Move(N)];1
[Move(N)];0
[Move(N)];1
[Move(E)];1
[Pull(W,N)];4
[Pull(W,E)];1
[Push(E,S)];1
[Push(S,S)];1
[Push(S,S)];1
[Push(S,S)];1
[Push(S,S)];1
[Push(S,S)];1
[Push(S,S)];1
[Push(S,S)];1
[Push(S,S)];1
[Push(S,S)];0
[Push(S,S)];0
[Push(S,S)];1
[Push(S,W)];1
[Move(N)];3
[Move(N)];1
[Move(N)];1
[Move(N)];2
[Move(N)];1
[Move(N)];1
[Move(N)];1
[Move(N)];1
[Move(N)];1
[Move(N)];1
[Move(N)];1
[Move(N)];1
[Move(W)];1
[Move(W)];1
[Pull(E,W)];4
[Pull(E,W)];0
[Pull(E,W)];1
[Push(W,S)];1
[Push(S,S)];1
[Push(S,S)];0
[Push(S,S)];1
[Push(S,S)];1
[Push(S,S)];0
[Push(S,S)];1
[Push(S,S)];1
[Push(S,S)];0
[Push(S,S)];1
[Push(S,S)];1
[Push(S,S)];1
[Push(S,E)];0
[Push(E,E)];1
[Move(W)];2
[Move(N)];1
[Move(N)];0
[Move(N)];1
[Move(N)];1
[Move(N)];0
[Move(N)];1
[Move(N)];0
[Move(N)];1
[Move(N)];1
[Move(N)];0
[Move(N)];1
[Move(N)];0
[Move(W)];1
[Move(W)];1
[Pull(E,N)];3
[Pull(E,W)];1
[Pull(S,W)];0
[Pull(S,N)];1
[Pull(S,N)];1
[Pull(S,N)];0
[Pull(S,N)];1
[Pull(S,N)];1
[Pull(S,N)];0
[Pull(E,N)];1
[Push(W,S)];0
[Push(S,S)];1
[Push(S,S)];1
[Push(S,S)];0
[Push(S,S)];1
[Push(S,E)];1
[Move(S)];2
[Move(S)];1
[Move(S)];0
[Move(S)];1
[Move(S)];1
[Move(S)];1
[Move(S)];0
[Move(S)];1
[Move(S)];1
[Move(S)];1
[Move(S)];1
[Move(S)];1
[Move(S)];1
[Move(W)];0
[Pull(W,S)];5
[Push(E,E)];1
[Push(E,N)];0
[Push(N,N)];1
[Push(N,N)];1
[Push(N,N)];0
[Push(N,N)];1
[Push(N,N)];1
[Push(N,N)];0
[Push(N,N)];1
[Push(N,N)];0
[Push(N,N)];1
[Push(N,N)];1
[Push(N,N)];0
[Push(N,W)];1
[Move(S)];2
[Move(S)];1
[Move(S)];0
[Move(S)];1
[Move(S)];0
[Move(S)];1
[Move(S)];0
[Move(S)];1
[Move(S)];0
[Move(S)];1
[Move(S)];1
[Move(S)];0
[Move(E)];1
[Pull(W,S)];3
[Pull(W,E)];1
[Push(E,N)];0
[Push(N,N)];1
[Push(N,N)];0
[Push(N,N)];0
[Push(N,N)];0
[Push(N,N)];1
[Push(N,N)];1
[Push(N,N)];0
[Push(N,N)];1
[Push(N,N)];0
[Push(N,N)];1
[Push(N,N)];0
[Push(N,E)];1
[Move(S)];2
[Move(S)];0
[Move(S)];0
[Move(W)];1
[Move(S)];0
[Push(S,E)];1
[Push(E,S)];1
[Push(S,S)];0
[Push(S,W)];1
[Push(W,W)];0
[Push(W,W)];1
[Move(E)];2
[Move(E)];0
[Move(N)];1
[Move(N)];0
[Pull(S,E)];2
[Pull(S,N)];0
[Pull(W,N)];0
[Pull(S,E)];1
[Push(N,W)];0
[Move(E)];2
[Move(N)];1
[Move(N)];0
[Move(W)];1
[Pull(N,W)];1
[Push(S,E)];0
[Push(E,S)];1
[Push(S,S)];1
[Push(S,W)];0
[Move(N)];3
[Move(N)];0
[Move(E)];1
[Pull(W,E)];1
[Pull(S,E)];1
[Pull(S,N)];0
[Pull(S,N)];1
[Push(N,E)];0
[Push(E,E)];1
[Push(E,E)];0
[Move(W)];2
[Move(W)];1
[Move(N)];0
[Move(N)];1
[Move(E)];0
[Pull(W,N)];2
[Pull(N,E)];0
[Push(S,S)];1
[Push(S,S)];0
[Push(S,E)];1
[Push(E,E)];1
[Move(W)];1
[Move(N)];1
[Move(N)];0
[Move(W)];1
[Move(W)];0
[Pull(E,W)];2
[Pull(E,W)];0
[Pull(E,W)];1
[Push(W,S)];0
[Push(S,S)];1
[Push(S,E)];1
[Move(N)];1
[Move(N)];1
[Move(W)];0
[Move(W)];1
[Pull(E,N)];2
[Pull(E,W)];0
[Pull(S,W)];1
[Pull(S,N)];0
[Pull(S,N)];1
[Pull(W,N)];0
[Pull(S,E)];0
[Push(N,W)];1
[Move(E)];1
[Move(S)];1
[Move(S)];0
[Move(S)];1
[Move(S)];0
[Move(W)];1
[Move(W)];0
[Pull(E,S)];2
[Pull(S,W)];1
[Push(N,E)];0
[Push(E,N)];1
[Push(N,N)];0
[Push(N,N)];1
[Push(N,N)];0
[Push(N,W)];1
[Move(S)];2
[Move(S)];0
[Move(S)];1
[Move(S)];0
[Move(W)];1
[Move(S)];0
[Pull(E,S)];2
[Pull(N,W)];0
[Pull(E,S)];1
[Push(W,N)];0
[Push(N,N)];1
[Push(N,N)];0
[Push(N,N)];1
[Push(N,E)];0
[Push(E,E)];1
[Move(W)];1
[Move(S)];1
[Move(S)];1
[Move(S)];0
[Move(S)];1
[Move(E)];1
[Move(E)];0
[Pull(W,S)];3
[Pull(W,E)];1
[Pull(N,E)];1
[Pull(N,S)];1
[Pull(N,S)];1
[Pull(N,S)];0
[Pull(N,S)];1
[Push(S,E)];1
[Move(S)];3
[Move(S)];1
[Move(S)];0
[Move(S)];1
[Move(E)];1
[Move(S)];1
[Push(S,W)];2
[Push(W,N)];1
[Push(N,N)];1
[Push(N,N)];1
[Push(N,N)];1
[Push(N,N)];1
[Push(N,W)];0
[Move(S)];3
[Move(S)];1
[Move(S)];1
[Move(W)];1
[Move(W)];0
[Move(W)];1
[Pull(E,S)];3
[Pull(E,W)];1
[Pull(E,W)];0
[Pull(S,W)];0
[Push(N,N)];1
[Push(N,N)];1
[Push(N,N)];1
[Push(N,E)];1
[Move(N)];2
[Move(N)];1
[Move(N)];1
[Move(N)];1
[Move(E)];1
[Move(E)];0
[Pull(W,E)];5
[Pull(W,E)];1
[Pull(S,E)];0
[Pull(S,N)];1
[Pull(S,N)];1
[Pull(S,N)];1
[Pull(S,N)];1
[Pull(S,N)];1
[Pull(S,N)];0
[Pull(E,N)];1
[Push(W,S)];1
[Push(S,S)];1
[Push(S,S)];0
[Push(S,S)];1
[Push(S,W)];1
[Push(W,W)];1
[Push(W,W)];0
[Move(E)];2
[Move(E)];1
[Move(N)];1
[Move(N)];0
[Move(N)];1
[Move(N)];1
[Move(N)];1
[Move(N)];1
[Move(N)];0
[Move(N)];1
[Move(N)];1
[Move(N)];1
[Move(N)];0
[Move(E)];1
[Move(E)];1
[Pull(W,N)];5
[Pull(W,E)];0
[Pull(S,E)];1
[Pull(S,N)];1
[Pull(S,N)];1
[Pull(S,N)];1
[Pull(S,N)];0
[Pull(S,N)];2
[Pull(S,N)];0
[Pull(S,N)];1
[Pull(S,N)];0
[Pull(W,N)];1
[Push(E,S)];0
[Push(S,S)];1
[Push(S,W)];0
[Push(W,W)];1
[Move(E)];1
[Move(N)];1
[Move(N)];0
[Move(N)];1
[Move(N)];0
[Move(N)];1
[Move(N)];0
[Move(N)];1
[Move(N)];0
[Move(N)];1
[Move(N)];0
[Move(N)];1
[Move(W)];0
[Move(W)];1
[Move(W)];0
[Pull(E,W)];3
[Pull(E,W)];0
[Pull(N,W)];1
[Push(S,E)];0
[Push(E,S)];1
[Push(S,S)];0
[Push(S,S)];1
[Push(S,S)];0
[Push(S,S)];1
[Push(S,S)];0
[Push(S,S)];1
[Push(S,S)];0
[Push(S,S)];1
[Push(S,S)];0
[Push(S,S)];1
[Push(S,W)];0
[Move(N)];2
[Move(N)];0
[Move(N)];1
[Move(N)];0
[Move(N)];0
[Move(N)];1
[Move(N)];0
[Move(N)];1
[Move(N)];0
[Move(N)];1
[Move(N)];0
[Move(W)];1
[Move(W)];0
[Move(W)];0
[Pull(E,N)];3
[Pull(E,W)];1
[Pull(E,W)];0
[Pull(S,W)];1
[Pull(S,N)];0
[Pull(S,N)];1
[Pull(S,N)];0
[Pull(S,N)];1
[Pull(S,N)];0
[Pull(S,N)];0
[Pull(W,N)];0
[Push(E,S)];0
[Push(S,S)];1
[Push(S,S)];0
[Push(S,S)];1
[Push(S,E)];0
[Push(E,E)];1
[Push(E,E)];0
[Move(W)];2
[Move(W)];0
[Move(N)];1
[Move(N)];0
[Move(N)];1
[Move(N)];0
[Move(N)];0
[Move(N)];1
[Move(N)];0
[Move(N)];1
[Move(N)];0
[Move(N)];1
[Move(N)];0
[Move(E)];1
[Move(E)];0
[Move(E)];0
[Pull(W,E)];4
[Pull(W,E)];0
[Pull(W,E)];1
[Pull(S,E)];0
[Pull(S,N)];1
[Pull(S,N)];0
[Pull(S,N)];1
[Pull(S,N)];0
[Pull(S,N)];1
[Pull(S,N)];0
[Pull(S,N)];0
[Pull(E,N)];0
[Push(W,S)];0
[Push(S,S)];1
[Push(S,S)];0
[Push(S,E)];1
[Push(E,E)];0
[Move(W)];2
[Move(N)];0
[Move(N)];1
[Move(N)];0
[Move(N)];0
[Move(N)];1
[Move(N)];0
[Move(N)];1
[Move(N)];0
[Move(N)];1
[Move(N)];0
[Move(N)];0
[Move(E)];1
[Move(E)];0
[Move(E)];1
[Pull(W,N)];3
[Pull(W,E)];1
[Pull(W,E)];0
[Pull(S,E)];0
[Pull(S,N)];1
[Pull(S,N)];0
[Pull(S,N)];1
[Pull(S,N)];0
[Pull(S,N)];1
[Pull(S,N)];0
[Pull(S,N)];1
[Pull(E,N)];0
[Push(W,S)];0
[Push(S,S)];1
[Push(S,S)];0
[Push(S,E)];1
[Move(N)];1
[Move(N)];1
[Move(N)];0
[Move(N)];1
[Move(N)];0
[Move(N)];0
[Move(N)];1
[Move(N)];0
[Move(N)];1
[Move(N)];0
[Move(N)];0
[Move(W)];1
[Move(W)];0
[Move(W)];1
[Move(W)];0
[Push(N,E)];4
[Push(E,E)];0
[Push(E,S)];1
[Push(S,E)];0
[Push(E,E)];1
[Push(E,S)];0
[Push(S,S)];0
[Push(S,S)];1
[Push(S,S)];0
[Push(S,S)];1
[Push(S,S)];0
[Push(S,S)];1
[Push(S,S)];0
[Push(S,S)];0
[Push(S,S)];1
[Push(S,S)];0
[Push(S,S)];1
[Push(S,W)];0
[Push(W,W)];1
[Move(E)];1
[Move(N)];0
[Move(N)];1
[Move(N)];0
[Move(W)];1
[Pull(N,W)];1
[Push(S,E)];1
[Push(E,S)];0
[Push(S,S)];0
[Push(S,S)];1
[Push(S,W)];0
[Move(N)];2
[Move(N)];0
[Move(N)];1
[Move(E)];0
[Pull(W,E)];2
[Pull(S,E)];0
[Pull(S,N)];2
[Pull(S,N)];0
[Pull(S,N)];1
[Push(N,E)];0
[Push(E,E)];0
[Move(W)];2
[Move(N)];0
[Move(N)];1
[Move(N)];0
[Move(W)];0
[Move(W)];1
[Pull(E,W)];1
[Pull(E,W)];1
[Pull(S,W)];0
[Pull(S,N)];1
[Pull(S,N)];0
[Pull(S,N)];0
[Push(N,E)];1
[Move(N)];1
[Move(N)];1
[Move(N)];0
[Move(E)];0
[Move(E)];1
[Pull(W,E)];1
[Pull(W,E)];1
[Pull(S,E)];0
[Pull(S,N)];1
[Pull(S,N)];0
[Pull(S,N)];0
[Pull(S,N)];1
[Push(N,W)];0
[Move(N)];1
[Move(N)];0
[Move(N)];0
[Move(N)];1
[Move(W)];0
[Move(W)];0
[Move(W)];1
[Pull(E,W)];2
[Pull(N,W)];0
[Push(S,E)];0
[Push(E,E)];1
[Push(E,S)];0
[Push(S,S)];1
[Push(S,S)];0
[Push(S,S)];0
[Push(S,E)];0
[Move(N)];1
[Move(N)];1
[Move(N)];0
[Move(N)];0
[Move(N)];1
[Move(N)];0
[Move(N)];1
[Move(N)];0
[Move(N)];0
[Move(N)];1
[Move(N)];0
[Move(N)];0
[Move(N)];1
[Move(E)];0
[Move(E)];1
[Move(E)];0
[Move(E)];1
[Push(N,W)];4
[Push(W,W)];1
[Push(W,W)];0
[Push(W,S)];0
[Push(S,W)];1
[Push(W,S)];0
[Push(S,S)];1
[Push(S,S)];0
[Push(S,S)];0
[Push(S,S)];1
[Push(S,S)];0
[Push(S,S)];1
[Push(S,S)];0
[Push(S,S)];0
[Push(S,S)];1
[Push(S,S)];0
[Push(S,S)];1
[Push(S,S)];0
[Push(S,S)];0
[Push(S,S)];1
[Push(S,S)];0
[Push(S,W)];1
[Push(W,W)];0
[Push(W,W)];0
[Push(W,W)];1
[Move(E)];1
[Move(E)];1
[Move(E)];0
[Move(N)];0
[Move(N)];1
[Move(N)];0
[Move(N)];1
[Move(N)];0
[Move(N)];0
[Move(N)];1
[Move(N)];0
[Move(N)];0
[Move(N)];1
[Move(N)];0
[Move(N)];1
[Move(N)];0
[Move(N)];0
[Move(N)];1
[Move(N)];0
[Move(N)];0
[Move(N)];1
[Move(N)];0
[Move(N)];1
[Move(N)];0
[Move(N)];0
[Move(N)];1
[Move(N)];0
[Move(N)];1
[Move(N)];0
[Move(N)];0
[Move(N)];1
[Move(N)];0
[Move(N)];0
[Move(N)];1
[Move(N)];0
[Move(N)];1
[Move(N)];1
[Move(W)];0
[Move(W)];0
[Move(W)];1
[Push(N,E)];1
[Push(E,E)];0
[Push(E,E)];0
[Move(W)];2
[Move(W)];1
[Move(N)];0
[Pull(W,N)];1
[Push(E,E)];0
[Push(E,E)];1
[Move(W)];1
[Move(N)];1
[Pull(S,N)];11
[Pull(S,N)];1
[Pull(E,N)];0
[Pull(N,W)];1
[Push(S,E)];1
[Push(E,S)];0
[Push(S,E)];0
[Push(E,S)];1
[Push(S,S)];0
[Push(S,S)];1
[Push(S,S)];0
[Push(S,S)];1
[Push(S,S)];0
[Push(S,S)];1
[Push(S,S)];0
[Push(S,S)];1
[Push(S,S)];1
[Push(S,S)];0
[Push(S,S)];1
[Push(S,S)];1
[Push(S,S)];0
[Push(S,S)];0
[Push(S,S)];1
[Push(S,S)];0
[Push(S,S)];1
[Push(S,S)];0
[Push(S,S)];0
[Push(S,S)];0
[Push(S,S)];0
[Push(S,S)];1
[Push(S,S)];0
[Push(S,S)];1
[Push(S,S)];0
[Push(S,S)];0
[Push(S,S)];1
[Push(S,S)];0
[Push(S,S)];1
[Push(S,S)];0
[Push(S,S)];0
[Push(S,S)];1
[Push(S,S)];0
[Push(S,W)];0
[Push(W,W)];1
[Push(W,W)];0
[Move(E)];2
[Move(E)];0
[Move(N)];0
[Move(N)];1
[Move(N)];0
[Move(N)];0
[Move(N)];1
[Move(N)];0
[Move(N)];0
[Move(N)];0
[Move(N)];1
[Move(N)];0
[Move(N)];0
[Move(N)];1
[Move(N)];0
[Move(N)];1
[Move(N)];1
[Move(N)];0
[Move(N)];1
[Move(N)];0
[Move(N)];0
[Move(N)];1
[Move(N)];0
[Move(N)];0
[Move(N)];1
[Move(N)];0
[Move(N)];0
[Move(N)];1
[Move(N)];0
[Move(N)];0
[Move(N)];1
[Move(N)];0
[Move(N)];1
[Move(N)];0
[Move(N)];0
[Move(N)];1
[Move(E)];0
[Move(N)];1
[Move(N)];0
[Move(W)];0
[Move(N)];1
[Move(W)];0
[Move(N)];1
[Move(N)];0
[Pull(S,W)];20
[Push(N,E)];0
[Push(E,S)];0
[Push(S,S)];1
[Push(S,S)];0
[Push(S,E)];0
[Push(E,S)];0
[Push(S,S)];0
[Push(S,W)];1
[Push(W,S)];0
[Push(S,S)];0
[Push(S,S)];1
[Push(S,S)];0
[Push(S,S)];1
[Push(S,S)];0
[Push(S,S)];0
[Push(S,S)];1
[Push(S,S)];0
[Push(S,S)];1
[Push(S,S)];0
[Push(S,S)];0
[Push(S,S)];1
[Push(S,S)];0
[Push(S,S)];1
[Push(S,S)];0
[Push(S,S)];0
[Push(S,S)];1
[Push(S,S)];0
[Push(S,S)];1
[Push(S,S)];0
[Push(S,S)];0
[Push(S,S)];1
[Push(S,S)];0
[Push(S,S)];0
[Push(S,S)];1
[Push(S,S)];0
[Push(S,S)];1
[Push(S,S)];0
[Push(S,S)];0
[Push(S,S)];1
[Push(S,S)];0
[Push(S,S)];1
[Push(S,S)];0
[Push(S,W)];0
[Push(W,W)];1
[Move(E)];1
[Move(N)];0
[Move(N)];1
[Move(N)];0
[Move(N)];1
[Move(N)];0
[Move(N)];0
[Move(N)];1
[Move(N)];0
[Move(N)];0
[Move(N)];1
[Move(N)];0
[Move(N)];0
[Move(N)];1
[Move(N)];0
[Move(N)];0
[Move(N)];1
[Move(N)];0
[Move(N)];0
[Move(N)];1
[Move(N)];0
[Move(N)];1
[Move(N)];0
[Move(N)];0
[Move(N)];1
[Move(N)];0
[Move(N)];0
[Move(N)];1
[Move(N)];0
[Move(N)];0
[Move(N)];1
[Move(N)];0
[Move(N)];1
[Move(N)];0
[Move(N)];0
[Move(W)];1
[Move(W)];0
[Move(W)];1
[Move(N)];0
[Move(N)];0
[Move(N)];1
[Move(N)];0
[Pull(S,W)];9
[Pull(S,N)];1
[Pull(E,N)];0
[Pull(S,W)];0
[Pull(E,N)];1
[Pull(S,W)];0
[Pull(E,N)];1
[Pull(E,W)];0
[Push(W,S)];0
[Push(S,S)];1
[Push(S,S)];0
[Push(S,S)];0
[Push(S,S)];1
[Push(S,S)];0
[Push(S,S)];1
[Push(S,S)];0
[Push(S,S)];0
[Push(S,S)];1
[Push(S,S)];0
[Push(S,S)];0
[Push(S,S)];1
[Push(S,S)];0
[Push(S,S)];0
[Push(S,S)];1
[Push(S,S)];0
[Push(S,S)];1
[Push(S,S)];0
[Push(S,S)];0
[Push(S,S)];1
[Push(S,S)];0
[Push(S,S)];0
[Push(S,S)];1
[Push(S,S)];0
[Push(S,S)];0
[Push(S,S)];1
[Push(S,S)];0
[Push(S,S)];0
[Push(S,S)];1
[Push(S,S)];0
[Push(S,S)];0
[Push(S,S)];1
[Push(S,S)];0
[Push(S,W)];0
[Move(N)];2
[Move(N)];0
[Move(N)];0
[Move(N)];1
[Move(N)];0
[Move(N)];0
[Move(N)];1
[Move(N)];0
[Move(N)];0
[Move(N)];1
[Move(N)];0
[Move(N)];0
[Move(N)];1
[Move(N)];0
[Move(N)];0
[Move(N)];1
[Move(N)];0
[Move(N)];0
[Move(N)];1
[Move(N)];0
[Move(N)];0
[Move(N)];1
[Move(N)];0
[Move(N)];0
[Move(N)];1
[Move(N)];0
[Move(N)];0
[Move(N)];1
[Move(N)];0
[Move(N)];0
[Move(N)];1
[Move(N)];0
[Move(N)];0
[Move(N)];1
[Move(W)];0
[Move(W)];0
[Move(N)];1
[Move(N)];0
[Pull(S,N)];6
[Pull(E,N)];0
[Push(W,S)];0
[Push(S,E)];0
[Push(E,E)];1
[Push(E,S)];0
[Push(S,S)];0
[Push(S,S)];1
[Push(S,S)];0
[Push(S,S)];0
[Push(S,S)];1
[Push(S,S)];0
[Push(S,S)];0
[Push(S,S)];1
[Push(S,S)];0
[Push(S,S)];0
[Push(S,S)];1
[Push(S,S)];0
[Push(S,S)];0
[Push(S,S)];1
[Push(S,S)];0
[Push(S,S)];0
[Push(S,S)];1
[Push(S,S)];0
[Push(S,S)];0
[Push(S,S)];1
[Push(S,S)];0
[Push(S,S)];1
[Push(S,S)];1
[Push(S,S)];0
[Push(S,S)];0
[Push(S,S)];1
[Push(S,S)];0
[Push(S,S)];0
[Push(S,S)];1
[Push(S,S)];0
[Push(S,S)];0
[Push(S,S)];1
[Push(S,S)];0
[Push(S,E)];0
[Push(E,E)];1
[Push(E,E)];0
[Push(E,E)];0
[Move(W)];2
[Move(W)];1
[Move(W)];0
[Move(N)];0
[Move(N)];1
[Move(N)];0
[Move(N)];0
[Move(N)];1
[Move(N)];0
[Move(N)];0
[Move(N)];1
[Move(N)];0
[Move(N)];1
[Move(N)];0
[Move(N)];0
[Move(N)];1
[Move(N)];0
[Move(N)];0
[Move(N)];1
[Move(N)];0
[Move(N)];0
[Move(N)];1
[Move(N)];0
[Move(N)];0
[Move(N)];1
[Move(N)];0
[Move(N)];0
[Move(N)];1
[Move(N)];0
[Move(N)];0
[Move(N)];0
[Move(N)];1
[Move(N)];0
[Move(N)];0
[Move(N)];1
[Move(N)];0
[Move(N)];0
[Move(W)];1
[Move(N)];0
[Pull(S,N)];8
[Pull(W,N)];0
[Push(E,E)];0
[Push(E,S)];1
[Push(S,S)];0
[Push(S,S)];0
[Push(S,S)];1
[Push(S,S)];0
[Push(S,S)];0
[Push(S,S)];1
[Push(S,S)];0
[Push(S,S)];0
[Push(S,S)];0
[Push(S,S)];1
[Push(S,S)];0
[Push(S,S)];0
[Push(S,S)];1
[Push(S,S)];0
[Push(S,S)];0
[Push(S,S)];1
[Push(S,S)];0
[Push(S,S)];0
[Push(S,S)];1
[Push(S,S)];0
[Push(S,S)];0
[Push(S,S)];1
[Push(S,S)];0
[Push(S,S)];0
[Push(S,S)];1
[Push(S,S)];0
[Push(S,S)];0
[Push(S,S)];0
[Push(S,S)];0
[Push(S,S)];0
[Push(S,S)];0
[Push(S,S)];1
[Push(S,S)];0
[Push(S,E)];1
[Push(E,E)];0
[Push(E,E)];0
[Move(W)];1
[Move(W)];1
[Move(N)];0
[Move(N)];0
[Move(N)];1
[Move(N)];0
[Move(N)];0
[Move(N)];1
[Move(N)];0
[Move(N)];0
[Move(N)];1
[Move(N)];0
[Move(N)];0
[Move(N)];1
[Move(N)];0
[Move(N)];0
[Move(N)];1
[Move(N)];0
[Move(N)];0
[Move(N)];0
[Move(N)];1
[Move(N)];0
[Move(N)];0
[Move(N)];1
[Move(N)];0
[Move(N)];0
[Move(N)];1
[Move(E)];0
[Move(E)];0
[Move(E)];1
[Pull(W,N)];5
[Pull(W,E)];1
[Pull(W,E)];0
[Pull(W,E)];0
[Push(E,S)];1
[Push(S,S)];0
[Push(S,S)];0
[Push(S,S)];1
[Push(S,S)];0
[Push(S,S)];0
[Push(S,S)];1
[Push(S,S)];0
[Push(S,S)];0
[Push(S,S)];1
[Push(S,S)];0
[Push(S,S)];0
[Push(S,S)];1
[Push(S,S)];0
[Push(S,S)];0
[Push(S,S)];0
[Push(S,S)];1
[Push(S,S)];0
[Push(S,S)];0
[Push(S,S)];1
[Push(S,S)];0
[Push(S,S)];0
[Push(S,S)];1
[Push(S,S)];0
[Push(S,S)];0
[Push(S,E)];1
[Push(E,E)];0
[Move(W)];1
[Move(N)];0
[Move(N)];1
[Move(N)];0
[Move(N)];0
[Move(N)];0
[Move(N)];1
[Move(N)];0
[Move(N)];0
[Move(N)];0
[Move(N)];1
[Move(N)];0
[Move(N)];0
[Move(N)];1
[Move(N)];0
[Move(N)];0
[Move(N)];0
[Move(N)];1
[Move(N)];0
[Move(N)];0
[Move(N)];1
[Move(N)];0
[Move(N)];0
[Move(N)];0
[Move(N)];1
[Move(N)];0
[Move(N)];0
[Move(N)];0
[Move(N)];1
[Move(N)];0
[Move(N)];0
[Move(N)];1
[Move(N)];0
[Move(N)];0
[Move(N)];0
[Move(W)];1
[Move(W)];0
[Move(N)];0
[Move(N)];1
[Move(N)];0
[Pull(S,N)];8
[Pull(E,N)];1
[Pull(S,W)];0
[Pull(S,N)];0
[Pull(E,N)];1
[Pull(S,W)];0
[Pull(S,N)];0
[Pull(S,N)];0
[Pull(S,N)];1
[Pull(S,N)];0
[Pull(S,N)];0
[Pull(S,N)];1
[Pull(E,N)];0
[Push(W,S)];0
[Push(S,S)];0
[Push(S,S)];1
[Push(S,S)];0
[Push(S,S)];0
[Push(S,S)];0
[Push(S,S)];0
[Push(S,S)];0
[Push(S,S)];0
[Push(S,S)];1
[Push(S,S)];0
[Push(S,S)];0
[Push(S,S)];0
[Push(S,S)];1
[Push(S,S)];0
[Push(S,S)];0
[Push(S,S)];1
[Push(S,S)];0
[Push(S,S)];0
[Push(S,S)];0
[Push(S,S)];1
[Push(S,S)];0
[Push(S,S)];0
[Push(S,S)];0
[Push(S,S)];1
[Push(S,S)];0
[Push(S,S)];0
[Push(S,E)];0
[Move(N)];1
[Move(N)];1
[Move(N)];0
[Move(N)];0
[Move(N)];0
[Move(N)];1
[Move(N)];0
[Move(N)];0
[Move(N)];0
[Move(N)];1
[Move(N)];0
[Move(N)];0
[Move(N)];0
[Move(N)];0
[Move(N)];0
[Move(N)];0
[Move(N)];1
[Move(N)];0
[Move(N)];0
[Move(N)];0
[Move(N)];1
[Move(N)];0
[Move(N)];0
[Move(N)];0
[Move(N)];1
[Move(N)];0
[Move(N)];0
[Move(N)];1
[Move(N)];0
[Move(N)];0
[Move(N)];0
[Move(N)];1
[Move(N)];0
[Move(N)];0
[Move(W)];0
[Move(W)];1
[Move(W)];0
[Move(N)];0
[Move(N)];0
[Move(N)];1
[Move(N)];0
[Pull(W,N)];7
[Push(E,E)];1
[Push(E,S)];0
[Push(S,E)];0
[Push(E,S)];0
[Push(S,S)];1
[Push(S,S)];0
[Push(S,E)];0
[Push(E,S)];0
[Push(S,S)];1
[Push(S,S)];0
[Push(S,S)];0
[Push(S,S)];0
[Push(S,S)];1
[Push(S,S)];0
[Push(S,S)];0
[Push(S,S)];0
[Push(S,S)];1
[Push(S,S)];0
[Push(S,S)];0
[Push(S,S)];0
[Push(S,S)];1
[Push(S,S)];0
[Push(S,S)];0
[Push(S,S)];0
[Push(S,S)];1
[Push(S,S)];0
[Push(S,S)];0
[Push(S,S)];0
[Push(S,S)];1
[Push(S,S)];0
[Push(S,S)];0
[Push(S,S)];0
[Push(S,S)];1
[Push(S,S)];0
[Push(S,S)];0
[Push(S,S)];0
[Push(S,S)];1
[Push(S,S)];0
[Push(S,S)];0
[Push(S,S)];0
[Push(S,S)];0
[Move(N)];1
[Move(N)];0
[Move(N)];1
[Move(N)];0
[Move(N)];0
[Move(N)];0
[Move(E)];1
[Move(E)];0
[Move(E)];0
[Pull(W,E)];2
[Pull(W,E)];0
[Pull(W,E)];0
[Pull(N,E)];0
[Push(S,S)];1
[Push(S,S)];0
[Push(S,S)];0
[Push(S,S)];0
[Push(S,S)];0
[Move(N)];1
[Move(N)];0
[Move(N)];1
[Move(N)];0
[Move(E)];0
[Move(E)];0
[Move(E)];1
[Pull(W,N)];1
[Pull(N,E)];0
[Push(S,W)];1
[Push(W,W)];0
[Push(W,S)];0
[Push(S,S)];0
[Push(S,S)];0
[Push(S,S)];0
[Move(N)];0
[Move(N)];1
[Move(N)];0
[Move(W)];0
[Move(W)];0
[Move(W)];0
[Move(W)];1
[Push(N,E)];1
[Push(E,E)];1
[Push(E,E)];0
[Push(E,E)];0
[Push(E,S)];0
[Push(S,S)];0
[Push(S,S)];1
[Push(S,S)];0
[Move(N)];1
[Move(N)];0
[Move(N)];0
[Move(N)];0
[Move(N)];0
[Move(N)];1
[Move(N)];0
[Move(N)];0
[Move(N)];0
[Move(N)];0
[Move(N)];1
[Move(N)];0
[Move(N)];0
[Move(N)];0
[Move(N)];0
[Move(N)];0
[Move(N)];1
[Move(N)];0
[Move(N)];0
[Move(N)];0
[Move(W)];0
[Move(W)];1
[Move(W)];0
[Move(W)];0
[Pull(E,N)];5
[Pull(E,W)];0
[Pull(N,W)];0
[Push(S,E)];1
[Push(E,E)];0
[Push(E,S)];0
[Push(S,S)];0
[Push(S,S)];0
[Push(S,S)];1
[Push(S,S)];0
[Push(S,S)];0
[Push(S,S)];0
[Push(S,S)];0
[Push(S,S)];1
[Push(S,S)];0
[Push(S,S)];0
[Push(S,S)];0
[Push(S,S)];0
[Push(S,S)];1
[Push(S,S)];0
[Push(S,S)];0
[Push(S,S)];0
[Push(S,S)];0
[Push(S,S)];0
[Push(S,S)];1
[Move(N)];0
[Move(E)];0
[Move(E)];0
[Move(E)];0
[Move(E)];0
[Push(N,W)];2
[Push(W,W)];0
[Push(W,W)];0
[Push(W,W)];1
[Push(W,N)];0
[Push(N,N)];0
[Push(N,N)];0
[Push(N,N)];0
[Push(N,N)];0
[Push(N,N)];1
[Push(N,N)];0
[Move(S)];0
[Move(S)];0
[Move(S)];0
[Move(S)];1
[Move(S)];0
[Move(E)];0
[Move(E)];0
[Move(E)];0
[Move(E)];0
[Move(W)];32
[Move(S)];0
[Move(W)];1
[Move(W)];0
[Move(W)];0
[Move(S)];0
[Move(S)];1
[Pull(N,S)];0
[Pull(N,S)];0
[Push(S,E)];0
[Move(S)];1
[Move(S)];0
[Pull(N,S)];0
[Pull(N,S)];0
[Push(E,E)];1
[Push(E,E)];0
[Push(E,E)];0
[Push(E,N)];1
[Push(N,N)];0
[Push(N,W)];0
[Push(W,W)];0
[Push(W,W)];1
[Push(W,W)];0
[Push(W,N)];0
[Push(N,N)];0
[Push(N,N)];1
[Push(N,N)];0
[Push(N,N)];0
[Move(S)];1
[Move(S)];0
[Move(S)];1
[Move(S)];0
[Move(S)];0
[Move(S)];0
[Push(S,S)];1
[Push(S,S)];0
[Move(N)];1
[Move(N)];0
[Move(N)];0
[Move(N)];0
[Move(N)];0
[Move(N)];0
[Move(N)];0
[Move(N)];0
[Pull(S,N)];1
[Pull(S,N)];0
[Pull(S,N)];0
[Pull(S,N)];1
[Pull(W,N)];0
[Pull(W,E)];0
[Pull(S,E)];0
[Push(N,W)];0
[Pull(S,W)];3
[Pull(E,N)];0
[Pull(E,W)];0
[Pull(S,W)];0
[Pull(E,N)];1
[Push(W,S)];0
[Push(S,S)];0
[Move(N)];0
[Move(N)];0
[Move(N)];0
[Move(N)];0
[Move(N)];0
[Move(N)];0
[Move(N)];1
[Move(N)];0
[Push(N,N)];1
[Push(N,N)];1
[Pull(W,N)];0
[Push(E,S)];0
[Push(S,S)];0
[Push(S,S)];0
[Push(S,S)];1
[Push(S,S)];0
[Move(N)];0
[Move(N)];1
[Move(N)];0
[Move(N)];0
[Move(N)];0
[Move(N)];0
[Move(N)];0
[Move(N)];1
[Move(N)];0
[Move(N)];0
[Move(N)];0
[Move(N)];0
[Move(N)];0
[Move(N)];1
[Move(N)];0
[Move(N)];0
[Move(N)];0
[Move(N)];0
[Move(N)];0
[Move(N)];1
[Move(N)];0
[Move(N)];0
[Pull(S,N)];4
[Pull(S,N)];0
[Pull(S,N)];0
[Pull(S,N)];0
[Pull(S,N)];0
[Pull(S,N)];1
[Pull(S,N)];0
[Pull(E,N)];0
[Push(W,S)];0
[Push(S,S)];0
[Push(S,S)];0
[Push(S,S)];1
[Push(S,S)];0
[Push(S,S)];0
[Push(S,S)];0
[Push(S,S)];0
[Push(S,S)];0
[Push(S,S)];1
[Push(S,S)];0
[Push(S,S)];0
[Push(S,S)];0
[Push(S,S)];0
[Push(S,S)];0
[Move(N)];1
[Move(N)];0
[Move(N)];0
[Move(N)];0
[Move(N)];1
[Move(N)];0
[Move(N)];0
[Move(N)];0
[Move(N)];0
[Move(N)];0
[Move(N)];0
[Move(N)];1
[Move(N)];0
[Move(N)];0
[Move(N)];0
[Move(N)];0
[Move(N)];0
[Move(N)];0
[Move(N)];1
[Move(N)];0
[Move(N)];0
[Move(E)];0
[Move(E)];0
[Pull(W,E)];4
[Pull(W,E)];0
[Pull(N,E)];0
[Push(S,S)];0
[Push(S,S)];0
[Push(S,S)];0
[Push(S,S)];0
[Push(S,S)];0
[Push(S,S)];1
[Push(S,S)];0
[Push(S,S)];0
[Push(S,S)];0
[Push(S,S)];0
[Push(S,S)];0
[Push(S,S)];0
[Push(S,S)];1
[Push(S,S)];0
[Push(S,S)];0
[Push(S,S)];0
[Push(S,S)];0
[Push(S,S)];0
[Push(S,S)];0
[Push(S,S)];1
[Push(S,S)];0
[Move(N)];0
[Move(N)];0
[Move(N)];1
[Move(N)];0
[Move(N)];0
[Move(N)];0
[Move(N)];0
[Move(N)];0
[Move(N)];0
[Move(N)];0
[Move(N)];1
[Move(E)];0
[Move(E)];0
[Move(E)];0
[Move(E)];0
[Push(N,W)];3
[Push(W,W)];0
[Push(W,S)];0
[Push(S,W)];1
[Push(W,W)];0
[Push(W,S)];0
[Push(S,S)];0
[Push(S,S)];0
[Push(S,S)];0
[Push(S,S)];0
[Push(S,S)];0
[Push(S,S)];1
[Push(S,S)];0
[Push(S,S)];0
[Push(S,S)];0
[Push(S,S)];0
[Move(N)];1
[Move(N)];0
[Move(N)];0
[Move(N)];0
[Move(N)];0
[Move(N)];0
[Move(N)];0
[Move(N)];0
[Move(N)];0
[Move(N)];0
[Move(N)];0
[Move(N)];0
[Move(N)];0
[Move(N)];0
[Move(N)];0
[Move(N)];0
[Move(N)];1
[Move(N)];0
[Move(N)];0
[Move(E)];0
[Move(E)];0
[Pull(W,N)];3
[Pull(W,E)];0
[Pull(S,E)];2
[Pull(S,N)];0
[Pull(S,N)];0
[Pull(S,N)];0
[Pull(S,N)];0
[Pull(S,N)];0
[Pull(S,N)];0
[Pull(S,N)];0
[Pull(S,N)];0
[Pull(E,N)];0
[Push(W,S)];0
[Push(S,S)];0
[Push(S,S)];0
[Push(S,S)];0
[Push(S,S)];0
[Move(N)];1
[Move(N)];0
[Move(N)];0
[Move(N)];0
[Move(N)];0
[Move(N)];0
[Move(N)];0
[Move(N)];1
[Move(N)];0
[Move(N)];0
[Move(N)];0
[Move(N)];0
[Move(N)];0
[Move(W)];0
[Move(W)];0
[Move(W)];0
[Pull(E,W)];4
[Pull(E,W)];0
[Pull(E,W)];0
[Pull(E,W)];0
[Push(W,S)];0
[Push(S,S)];0
[Push(S,S)];0
[Push(S,S)];0
[Push(S,S)];0
[Push(S,S)];1
[Push(S,S)];0
[Push(S,S)];0
[Push(S,S)];0
[Push(S,S)];0
[Push(S,S)];0
[Push(S,S)];0
[Push(S,S)];0
[Move(N)];1
[Move(N)];0
[Move(N)];0
[Move(N)];0
[Move(N)];0
[Move(N)];0
[Move(N)];0
[Move(N)];0
[Move(N)];0
[Move(N)];0
[Move(N)];1
[Move(N)];0
[Move(E)];0
[Move(E)];0
[Move(E)];0
[Pull(W,E)];3
[Pull(N,E)];0
[Push(S,W)];0
[Push(W,W)];0
[Push(W,S)];0
[Push(S,S)];0
[Push(S,S)];0
[Push(S,S)];0
[Push(S,S)];0
[Push(S,S)];0
[Push(S,S)];0
[Push(S,S)];1
[Push(S,S)];0
[Push(S,S)];0
[Push(S,S)];0
[Push(S,S)];0
[Move(N)];0
[Move(N)];0
[Move(N)];0
[Move(N)];0
[Move(N)];0
[Move(N)];1
[Move(N)];0
[Move(N)];0
[Move(N)];0
[Move(N)];0
[Move(N)];0
[Move(W)];0
[Move(W)];0
[Move(W)];0
[Move(N)];0
[Move(N)];0
[Move(W)];0
[Push(N,E)];5
[Push(E,E)];0
[Push(E,E)];0
[Push(E,S)];0
[Push(S,E)];0
[Push(E,S)];0
[Push(S,S)];0
[Push(S,S)];0
[Push(S,S)];0
[Push(S,S)];0
[Push(S,S)];0
[Push(S,S)];0
[Push(S,S)];0
[Push(S,S)];0
[Push(S,S)];1
[Push(S,S)];0
[Push(S,S)];0
[Push(S,S)];0
[Move(N)];0
[Move(N)];0
[Move(N)];0
[Move(N)];0
[Move(N)];0
[Move(N)];0
[Move(N)];0
[Move(N)];0
[Move(N)];0
[Move(N)];0
[Move(E)];1
[Move(E)];0
[Move(E)];0
[Pull(W,N)];1
[Pull(N,E)];0
[Push(S,W)];0
[Push(W,W)];0
[Push(W,S)];0
[Push(S,S)];0
[Push(S,S)];0
[Push(S,S)];0
[Push(S,S)];0
[Move(N)];1
[Move(N)];0
[Move(N)];0
[Move(N)];0
[Move(W)];0
[Move(W)];0
[Move(W)];0
[Move(W)];0
[Push(N,E)];1
[Push(E,E)];1
[Push(E,E)];0
[Push(E,E)];0
[Push(E,S)];0
[Push(S,S)];0
[Push(S,S)];0
[Push(S,S)];0
[Push(S,S)];0
[Move(N)];0
[Move(N)];0
[Move(N)];0
[Move(E)];0
[Move(E)];0
[Move(E)];0
[Move(E)];0
[Pull(W,N)];1
[Pull(W,E)];0
[Pull(N,E)];0
[Push(S,W)];0
[Push(W,W)];0
[Push(W,S)];0
[Push(S,S)];0
[Push(S,S)];0
[Move(N)];1
[Move(N)];0
[Move(W)];0
[Move(W)];0
[Move(W)];0
[Move(W)];0
[Move(N)];0
[Move(N)];0
[Move(N)];0
[Move(N)];0
[Pull(E,N)];3
[Pull(S,W)];0
[Pull(E,N)];0
[Pull(E,W)];0
[Pull(S,W)];0
[Pull(E,N)];0
[Pull(S,W)];0
[Pull(S,N)];0
[Pull(E,N)];0
[Push(W,S)];0
[Push(S,S)];0
cbb0d7f66f94775b6185a6692b47fdca24a5cb1e
successful
1416
2074
cfeebf2f355ffc2a29be64226ab6de9001c76ead
1495032373369
