+++++++++++++++++++++++++++++++++++
++++++ ++++++++++++++++         +++
+c    c +++++BOX+++++++ +++++++ +++
+ ++++ ++++++++++++++++ +++++++ +++
+ ++++++++++BUNNY++++++ +++++     +
+ +++++++++++++++++++++ +++++Z+ +z+
+  CC  + ++++++++++++++ +++++Y+ +y+
+ ++++++ ++++++++++++++ +++++X+ +x+
+      B    AAA0   ++++ +++++V+ +v+
+ ++ +++++++++++++ ++++ +++++A+ +a+
+  +b+TOP+FUNNY+++ ++++ +++++B+ +b+
+  +++++++++++++++ ++++ +++++C+ +c+
+  +++++ +++++++++ ++++ +++++E+ +e+
+  +B+             ++++ +++++F+ +f+
+  ++++++++++++++++++++ +++++G+ +g+
+                ++++++ +++++H+ +h+
+++++++++++++            ++++I+ +i+
++++++++++++              +++J+ +j+
+++++++++++                ++K+ +k+
++++++++++DDD++++++++++++++++L+ +l+
+++++++++DDD+++++++++++++++++M+ +m+
++++++++DDD++  +  +++++++++++N+ +n+
+++++++DDD+++  +  +++++ + +++O+ +o+
++++++DDDD++CUT+POW++ +++++ +P+ +p+
+++++DDDD++         ++ +++ ++Q+ +q+
++++DDDD++++       ++++ + +++R+ +r+
+++DDDD++++++ HAD ++++++ ++++S+ +s+
++DDDD++++++++   ++++++++++++T+ +t+
+ DDDDDDDDDDDD   whatupdoc ++U+ +u+
+++++++++++++++++++++++++++++++++++

[Pull(E,W)];116
[Pull(E,W)];1
[Pull(E,W)];2
[Pull(S,W)];1
[Pull(S,N)];1
[Pull(S,N)];2
[Pull(S,N)];1
[Pull(S,N)];1
[Pull(W,N)];1
[Pull(W,E)];1
[Pull(W,E)];1
[Pull(W,E)];1
[Pull(W,E)];0
[Pull(W,E)];1
[Pull(W,E)];1
[Pull(W,E)];0
[Pull(W,E)];1
[Pull(W,E)];1
[Pull(N,E)];2
[Push(S,W)];0
[Pull(E,W)];0
[Pull(E,W)];1
[Pull(E,W)];1
[Pull(E,W)];1
[Pull(E,W)];1
[Pull(E,W)];1
[Pull(E,W)];1
[Pull(E,W)];1
[Pull(E,W)];1
[Pull(E,W)];0
[Pull(N,W)];0
[Pull(N,S)];1
[Pull(N,S)];1
[Pull(N,S)];0
3fcb3fcfef36132413110e38c26c0fdf290de7ca
unsuccessful
145
34
f0f42bff2b857851214017278c1032293dbb1d85
1495032375271
