++++++++++++++++++++++++++++++++
+k0            W              c+
+                              +
+              E               +
+  ++++++++++++++++++++++++++  +
+  +           R            +  +
+o +                        + r+
+  +           O            +  +
+                              +
+  +           C            +  +
+  +                        +  +
+e ++++++++++++K+++++++++++++ w+
+                              +
++++++++++++++++++++++++++++++++

[Move(S)];67
[Move(S)];1
[Move(S)];1
[Move(S)];1
[Move(S)];1
[Move(S)];0
[Move(S)];1
[Move(E)];1
[Move(E)];0
[Move(E)];1
[Move(E)];1
[Move(E)];0
[Move(E)];1
[Move(E)];1
[Move(E)];0
[Move(E)];1
[Move(E)];0
[Move(E)];0
[Move(E)];1
[Move(S)];0
[Move(S)];1
[Move(E)];0
[Pull(E,S)];40
[Push(W,W)];0
[Push(W,W)];0
[Push(W,N)];0
[Push(N,W)];0
[Push(W,W)];0
[Push(W,N)];1
[Push(N,W)];0
[Push(W,W)];0
[Push(W,W)];1
[Push(W,W)];0
[Push(W,W)];0
[Push(W,W)];0
[Push(W,W)];1
[Push(W,W)];0
[Push(W,W)];0
[Push(W,W)];1
[Push(W,N)];0
[Push(N,N)];0
[Push(N,N)];1
[Push(N,N)];0
[Push(N,N)];0
[Push(N,N)];0
[Push(N,N)];1
[Move(E)];1
[Move(S)];0
[Move(S)];0
[Move(S)];0
[Move(S)];1
[Move(S)];0
[Move(S)];0
[Move(E)];0
[Move(E)];1
[Move(E)];0
[Move(E)];0
[Move(E)];0
[Move(E)];0
[Move(E)];1
[Move(E)];0
[Move(E)];0
[Move(E)];0
[Move(E)];1
[Move(E)];0
[Move(E)];0
[Push(S,E)];10
[Push(E,E)];0
[Push(E,E)];0
[Push(E,E)];1
[Push(E,E)];0
[Push(E,E)];0
[Push(E,E)];0
[Push(E,N)];0
[Push(N,E)];1
[Push(E,E)];0
[Push(E,E)];0
[Push(E,E)];1
[Push(E,E)];0
[Push(E,E)];0
[Push(E,E)];1
[Push(E,N)];0
[Push(N,N)];0
[Push(N,N)];1
[Push(N,N)];0
[Push(N,E)];0
[Push(E,N)];1
[Push(N,N)];0
[Push(N,N)];0
[Move(W)];1
[Move(S)];1
[Move(S)];0
[Move(S)];0
[Move(S)];0
[Move(S)];0
[Move(S)];0
[Move(W)];1
[Move(W)];0
[Move(W)];0
[Move(W)];0
[Move(W)];0
[Move(W)];0
[Move(W)];1
[Move(W)];0
[Move(W)];0
[Move(W)];0
[Move(W)];0
[Move(W)];0
[Move(W)];0
[Move(W)];1
[Pull(W,N)];6
[Pull(W,E)];0
[Pull(W,E)];0
[Pull(W,E)];0
[Pull(N,E)];0
[Push(S,W)];1
[Push(W,W)];0
[Push(W,W)];0
[Push(W,W)];0
[Push(W,W)];0
[Push(W,W)];1
[Push(W,W)];0
[Push(W,W)];0
[Push(W,W)];0
[Push(W,N)];0
[Push(N,N)];0
[Push(N,W)];1
[Move(S)];1
[Move(S)];0
[Move(E)];0
[Move(E)];0
[Move(E)];0
[Move(E)];0
[Move(E)];1
[Move(E)];0
[Move(E)];0
[Move(E)];0
[Move(E)];0
[Move(E)];0
[Move(E)];0
[Move(E)];0
[Move(E)];1
[Move(N)];0
[Move(N)];0
[Pull(E,N)];10
[Pull(E,W)];0
[Pull(E,W)];0
[Pull(E,W)];0
[Pull(S,W)];0
[Pull(S,N)];0
[Pull(E,N)];0
[Pull(E,W)];0
[Pull(N,W)];0
[Push(S,E)];0
[Push(E,E)];0
[Push(E,E)];0
[Push(E,E)];0
[Push(E,E)];0
[Push(E,E)];0
[Push(E,E)];0
[Push(E,E)];0
[Push(E,E)];0
[Push(E,N)];0
[Push(N,N)];0
[Move(W)];1
[Move(N)];0
[Move(N)];0
[Move(N)];0
[Move(N)];1
[Move(W)];0
[Move(W)];0
[Move(W)];0
[Move(W)];0
[Move(W)];0
[Move(W)];0
[Move(W)];0
[Move(W)];0
[Move(W)];1
[Move(W)];0
[Move(W)];0
[Move(W)];0
[Move(W)];0
[Push(W,W)];2
[Push(W,W)];1
[Push(W,W)];0
[Push(W,W)];0
[Push(W,W)];0
[Push(W,W)];0
[Push(W,W)];0
[Push(W,W)];0
[Push(W,W)];0
[Push(W,W)];0
[Push(W,W)];0
[Push(W,W)];0
[Push(W,W)];0
[Push(W,S)];0
[Push(S,S)];0
[Push(S,S)];0
[Push(S,S)];0
[Push(S,S)];0
[Push(S,S)];0
[Push(S,S)];0
[Push(S,S)];1
[Push(S,W)];0
[Move(N)];0
[Move(N)];0
[Move(N)];0
[Move(N)];0
[Move(N)];0
[Move(N)];1
[Move(N)];0
[Move(N)];0
[Move(E)];0
[Move(E)];0
[Move(E)];0
[Move(E)];0
[Move(E)];0
[Move(E)];0
[Move(E)];0
[Move(E)];0
[Move(E)];0
[Move(E)];0
[Move(E)];0
[Move(E)];0
[Move(E)];0
[Move(N)];1
[Pull(E,N)];7
[Push(W,S)];0
[Push(S,E)];0
[Push(E,E)];0
[Push(E,E)];1
[Push(E,E)];0
[Push(E,E)];0
[Push(E,E)];0
[Push(E,E)];0
[Push(E,E)];0
[Push(E,E)];0
[Push(E,E)];0
[Push(E,E)];0
[Push(E,E)];0
[Push(E,E)];0
[Push(E,E)];0
[Push(E,S)];0
[Push(S,S)];0
[Push(S,S)];1
[Push(S,S)];0
[Push(S,S)];0
[Push(S,S)];0
[Push(S,E)];0
[Push(E,S)];0
[Push(S,S)];0
1ecfc96706de7da18ed094747f211732ca5704d1
successful
192
251
bf981219fbfc6067dcc01b6af147edab324a924e
1495032677835
