++++++++++++++++++++++++++++++++++++++++++++++++++++++++++++++++++++++
+    B+    B+    B+    B+    B+    B+    B+    B+    B+    B+    B++ +
++B +B +B +B +B +B +B +B +B +B +B +B +B +B +B +B +B +B +B +B +B +B + +
+ B+ B+ B+ B+ B+ B+ B+ B+ B+ B+ B+ B+ B+ B+ B+ B+ B+ B+ B+ B+ B+ B+ A+
++B +B +B +B +B +B +B +B +B +B +B +B +B +B +B +B +B +B +B +B +B +B + +
+ B+ B+ B+ B+ B+ B+ B+ B+ B+ B+ B+ B+ B+ B+ B+ B+ B+ B+ B+ B+ B+ B+ B+
++B +B +B +B +B +B +B +B +B +B +B +B +B +B +B +B +B +B +B +B +B +B + +
+ B+ B+ B+ B+ B+ B+ B+ B+ B+ B+ B+ B+ B+ B+ B+ B+ B+ B+ B+ B+ B+ B+ B+
++B +B +B +B +B +B +B +B +B +B +B +B +B +B +B +B +B +B +B +B +B +B + +
+ B+ B+ B+ B+ B+ B+ B+ B+ B+ B+ B+ B+ B+ B+ B+ B+ B+ B+ B+ B+ B+ B+ B+
++B +B +B +B +B +B +B +B +B +B +B +B +B +B +B +B +B +B +B +B +B +B + +
+ B+ B+ B+ B+ B+ B+ B+ B+ B+ B+ B+ B+ B+ B+ B+ B+ B+ B+ B+ B+ B+ B+ B+
++B +B +B +B +B +B +B +B +B +B +B +B +B +B +B +B +B +B +B +B +B +B + +
+ B+ B+ B+ B+ B+ B+ B+ B+ B+ B+ B+ B+ B+ B+ B+ B+ B+ B+ B+ B+ B+ B+ B+
++B +B +B +B +B +B +B +B +B +B +B +B +B +B +B +B +B +B +B +B +B +B + +
+ B+ B+ B+ B+ B+ B+ B+ B+ B+ B+ B+ B+ B+ B+ B+ B+ B+ B+ B+ B+ B+ B+ B+
++B +B +B +B +B +B +B +B +B +B +B +B +B +B +B +B +B +B +B +B +B +B + +
+ B+ B+ B+ B+ B+ B+ B+ B+ B+ B+ B+ B+ B+ B+ B+ B+ B+ B+ B+ B+ B+ B+ B+
++B +B +B +B +B +B +B +B +B +B +B +B +B +B +B +B +B +B +B +B +B +B + +
+ B+ B+ B+ B+ B+ B+ B+ B+ B+ B+ B+ B+ B+ B+ B+ B+ B+ B+ B+ B+ B+ B+ B+
++B +B +B +B +B +B +B +B +B +B +B +B +B +B +B +B +B +B +B +B +B +B + +
+ B+ B+ B+ B+ B+ B+ B+ B+ B+ B+ B+ B+ B+ B+ B+ B+ B+ B+ B+ B+ B+ B+ B+
++B +B +B +B +B +B +B +B +B +B +B +B +B +B +B +B +B +B +B +B +B +B + +
+ B+ B+ B+ B+ B+ B+ B+ B+ B+ B+ B+ B+ B+ B+ B+ B+ B+ B+ B+ B+ B+ B+ B+
++B +B +B +B +B +B +B +B +B +B +B +B +B +B +B +B +B +B +B +B +B +B + +
+ B+ B+ B+ B+ B+ B+ B+ B+ B+ B+ B+ B+ B+ B+ B+ B+ B+ B+ B+ B+ B+ B+ B+
++B +B +B +B +B +B +B +B +B +B +B +B +B +B +B +B +B +B +B +B +B +B + +
+ B+ B+ B+ B+ B+ B+ B+ B+ B+ B+ B+ B+ B+ B+ B+ B+ B+ B+ B+ B+ B+ B+ B+
++B +B +B +B +B +B +B +B +B +B +B +B +B +B +B +B +B +B +B +B +B +B + +
+ B+ B+ B+ B+ B+ B+ B+ B+ B+ B+ B+ B+ B+ B+ B+ B+ B+ B+ B+ B+ B+ B+ B+
++B +B +B +B +B +B +B +B +B +B +B +B +B +B +B +B +B +B +B +B +B +B + +
+ B+ B+ B+ B+ B+ B+ B+ B+ B+ B+ B+ B+ B+ B+ B+ B+ B+ B+ B+ B+ B+ B+ B+
++B +B +B +B +B +B +B +B +B +B +B +B +B +B +B +B +B +B +B +B +B +B + +
+ B+ B+ B+ B+ B+ B+ B+ B+ B+ B+ B+ B+ B+ B+ B+ B+ B+ B+ B+ B+ B+ B+ B+
++B +B +B +B +B +B +B +B +B +B +B +B +B +B +B +B +B +B +B +B +B +B + +
+ B+ B+ B+ B+ B+ B+ B+ B+ B+ B+ B+ B+ B+ B+ B+ B+ B+ B+ B+ B+ B+ B+ B+
++B +B +B +B +B +B +B +B +B +B +B +B +B +B +B +B +B +B +B +B +B +B + +
+ B+ B+ B+ B+ B+ B+ B+ B+ B+ B+ B+ B+ B+ B+ B+ B+ B+ B+ B+ B+ B+ B+ B+
++B +B +B +B +B +B +B +B +B +B +B +B +B +B +B +B +B +B +B +B +B +B + +
+ B+ B+ B+ B+ B+ B+ B+ B+ B+ B+ B+ B+ B+ B+ B+ B+ B+ B+ B+ B+ B+ B+ B+
++B +B +B +B +B +B +B +B +B +B +B +B +B +B +B +B +B +B +B +B +B +B + +
+ B+ B+ B+ B+ B+ B+ B+ B+ B+ B+ B+ B+ B+ B+ B+ B+ B+ B+ B+ B+ B+ B+ B+
++B +B +B +B +B +B +B +B +B +B +B +B +B +B +B +B +B +B +B +B +B +B + +
+ B+ B+ B+ B+ B+ B+ B+ B+ B+ B+ B+ B+ B+ B+ B+ B+ B+ B+ B+ B+ B+ B+ B+
++B +B +B +B +B +B +B +B +B +B +B +B +B +B +B +B +B +B +B +B +B +B + +
+ B+ B+ B+ B+ B+ B+ B+ B+ B+ B+ B+ B+ B+ B+ B+ B+ B+ B+ B+ B+ B+ B+ B+
++B +B +B +B +B +B +B +B +B +B +B +B +B +B +B +B +B +B +B +B +B +B + +
+ B+ B+ B+ B+ B+ B+ B+ B+ B+ B+ B+ B+ B+ B+ B+ B+ B+ B+ B+ B+ B+ B+ B+
++B +B +B +B +B +B +B +B +B +B +B +B +B +B +B +B +B +B +B +B +B +B + +
+ B+ B+ B+ B+ B+ B+ B+ B+ B+ B+ B+ B+ B+ B+ B+ B+ B+ B+ B+ B+ B+ B+ B+
++B +B +B +B +B +B +B +B +B +B +B +B +B +B +B +B +B +B +B +B +B +B + +
+ B+ B+ B+ B+ B+ B+ B+ B+ B+ B+ B+ B+ B+ B+ B+ B+ B+ B+ B+ B+ B+ B+ B+
++B +B +B +B +B +B +B +B +B +B +B +B +B +B +B +B +B +B +B +B +B +B + +
+ B+ B+ B+ B+ B+ B+ B+ B+ B+ B+ B+ B+ B+ B+ B+ B+ B+ B+ B+ B+ B+ B+ B+
++B +B +B +B +B +B +B +B +B +B +B +B +B +B +B +B +B +B +B +B +B +B + +
+ B+ B+ B+ B+ B+ B+ B+ B+ B+ B+ B+ B+ B+ B+ B+ B+ B+ B+ B+ B+ B+ B+ B+
++B +B +B +B +B +B +B +B +B +B +B +B +B +B +B +B +B +B +B +B +B +B + +
+ B+ B+ B+ B+ B+ B+ B+ B+ B+ B+ B+ B+ B+ B+ B+ B+ B+ B+ B+ B+ B+ B+ B+
++B +B +B +B +B +B +B +B +B +B +B +B +B +B +B +B +B +B +B +B +B +B + +
+ B+ B+ B+ B+ B+ B+ B+ B+ B+ B+ B+ B+ B+ B+ B+ B+ B+ B+ B+ B+ B+ B+ B+
++B +B +B +B +B +B +B +B +B +B +B +B +B +B +B +B +B +B +B +B +B +B + +
+ B+ B+ B+ B+ B+ B+ B+ B+ B+ B+ B+ B+ B+ B+ B+ B+ B+ B+ B+ B+ B+ B+ B+
++B +B +B +B +B +B +B +B +B +B +B +B +B +B +B +B +B +B +B +B +B +B + +
+ B+ B+ B+ B+ B+ B+ B+ B+ B+ B+ B+ B+ B+ B+ B+ B+ B+ B+ B+ B+ B+ B+ B+
++B +B +B +B +B +B +B +B +B +B +B +B +B +B +B +B +B +B +B +B +B +B + +
+ B+ B+ B+ B+ B+ B+ B+ B+ B+ B+ B+ B+ B+ B+ B+ B+ B+ B+ B+ B+ B+ B+ B+
++B +B +B +B +B +B +B +B +B +B +B +B +B +B +B +B +B +B +B +B +B +B + +
++0+ B+ B+ B+ B+ B+ B+ B+ B+ B+ B+ B+ B+ B+ B+ B+ B+ B+ B+ B+ B+ B+ B+
++a++   B +   B +   B +   B +   B +   B +   B +   B +   B +   B +    +
++++++++++++++++++++++++++++++++++++++++++++++++++++++++++++++++++++++

[Push(N,E)];37
[Push(N,W)];3
[Push(N,E)];4
[Push(N,W)];4
[Push(N,E)];4
[Push(N,W)];4
[Push(N,E)];5
[Push(N,W)];3
[Push(N,E)];3
[Push(N,W)];2
[Push(N,E)];3
[Push(N,W)];2
[Push(N,E)];2
[Push(N,W)];2
[Push(N,E)];1
[Push(N,W)];1
[Push(N,E)];2
[Push(N,W)];1
[Push(N,E)];2
[Push(N,W)];1
[Push(N,E)];1
[Push(N,W)];1
[Push(N,E)];1
[Push(N,W)];1
[Push(N,E)];2
[Push(N,W)];1
[Push(N,E)];1
[Push(N,W)];1
[Push(N,E)];2
[Push(N,W)];1
[Push(N,E)];2
[Push(N,W)];1
[Push(N,E)];2
[Push(N,W)];1
[Push(N,E)];2
[Push(N,W)];1
[Push(N,E)];2
[Push(N,W)];2
[Push(N,E)];2
[Push(N,W)];1
[Push(N,E)];1
[Push(N,W)];2
[Push(N,E)];1
[Push(N,W)];2
[Push(N,E)];1
[Push(N,W)];1
[Push(N,E)];1
[Push(N,W)];2
[Push(N,E)];1
[Push(N,W)];2
[Push(N,E)];2
[Push(N,W)];1
[Push(N,E)];2
[Push(N,W)];1
[Push(N,E)];1
[Push(N,W)];2
[Push(N,E)];1
[Push(N,W)];1
[Push(N,E)];2
[Push(N,W)];1
[Push(N,E)];2
[Push(N,W)];1
[Push(N,E)];1
[Push(N,W)];2
[Push(N,N)];1
[Push(N,W)];1
[Move(E)];1
[Move(E)];1
[Pull(W,E)];1
[Pull(W,E)];1
[Pull(S,E)];0
[Move(E)];2
[Move(N)];0
[Move(E)];1
[Move(E)];0
[Push(S,E)];1
[Push(S,W)];1
[Push(S,E)];2
[Push(S,W)];1
[Push(S,E)];2
[Push(S,W)];1
[Push(S,E)];1
[Push(S,W)];2
[Push(S,E)];1
[Push(S,W)];2
[Push(S,E)];2
[Push(S,W)];1
[Push(S,E)];2
[Push(S,W)];2
[Push(S,E)];1
[Push(S,W)];2
[Push(S,E)];1
[Push(S,W)];2
[Push(S,E)];2
[Push(S,W)];1
[Push(S,E)];1
[Push(S,W)];3
[Push(S,E)];1
[Push(S,W)];1
[Push(S,E)];2
[Push(S,W)];1
[Push(S,E)];1
[Push(S,W)];1
[Push(S,E)];1
[Push(S,W)];2
[Push(S,E)];1
[Push(S,W)];1
[Push(S,E)];1
[Push(S,W)];2
[Push(S,E)];1
[Push(S,W)];1
[Push(S,E)];1
[Push(S,W)];1
[Push(S,E)];1
[Push(S,W)];2
[Push(S,E)];1
[Push(S,W)];1
[Push(S,E)];1
[Push(S,W)];1
[Push(S,E)];1
[Push(S,W)];1
[Push(S,E)];1
[Push(S,W)];1
[Push(S,E)];1
[Push(S,W)];2
[Push(S,E)];1
[Push(S,W)];1
[Push(S,E)];2
[Push(S,W)];2
[Push(S,E)];1
[Push(S,W)];1
[Push(S,E)];1
[Push(S,W)];2
[Push(S,E)];1
[Push(S,W)];1
[Push(S,E)];2
[Push(S,W)];1
[Push(S,E)];1
[Push(S,W)];2
[Push(S,E)];1
[Push(S,W)];1
[Move(S)];2
[Move(E)];1
[Move(E)];0
[Push(E,E)];1
[Push(N,W)];1
[Push(N,E)];1
[Push(N,W)];1
[Push(N,E)];2
[Push(N,W)];1
[Push(N,E)];1
[Push(N,W)];2
[Push(N,E)];1
[Push(N,W)];1
[Push(N,E)];2
[Push(N,W)];2
[Push(N,E)];2
[Push(N,W)];2
[Push(N,E)];3
[Push(N,W)];2
[Push(N,E)];2
[Push(N,W)];3
[Push(N,E)];2
[Push(N,W)];2
[Push(N,E)];3
[Push(N,W)];1
[Push(N,E)];2
[Push(N,W)];1
[Push(N,E)];2
[Push(N,W)];1
[Push(N,E)];1
[Push(N,W)];2
[Push(N,E)];1
[Push(N,W)];2
[Push(N,E)];1
[Push(N,W)];1
[Push(N,E)];2
[Push(N,W)];1
[Push(N,E)];2
[Push(N,W)];1
[Push(N,E)];2
[Push(N,W)];1
[Push(N,E)];2
[Push(N,W)];1
[Push(N,E)];2
[Push(N,W)];1
[Push(N,E)];2
[Push(N,W)];1
[Push(N,E)];1
[Push(N,W)];1
[Push(N,E)];1
[Push(N,W)];2
[Push(N,E)];1
[Push(N,W)];1
[Push(N,E)];2
[Push(N,W)];3
[Push(N,E)];1
[Push(N,W)];2
[Push(N,E)];1
[Push(N,W)];2
[Push(N,E)];1
[Push(N,W)];2
[Push(N,E)];1
[Push(N,W)];2
[Push(N,E)];1
[Push(N,W)];2
[Push(N,E)];1
[Push(N,W)];2
[Push(N,E)];1
[Push(N,W)];1
[Push(N,N)];2
[Push(N,W)];0
[Move(E)];2
[Move(E)];0
[Pull(W,E)];1
[Pull(W,E)];0
[Pull(S,E)];0
[Move(E)];2
[Move(N)];0
[Move(E)];1
[Move(E)];0
[Push(S,E)];1
[Push(S,W)];1
[Push(S,E)];2
[Push(S,W)];1
[Push(S,E)];2
[Push(S,W)];2
[Push(S,E)];1
[Push(S,W)];2
[Push(S,E)];2
[Push(S,W)];1
[Push(S,E)];2
[Push(S,W)];2
[Push(S,E)];1
[Push(S,W)];2
[Push(S,E)];2
[Push(S,W)];1
[Push(S,E)];1
[Push(S,W)];2
[Push(S,E)];2
[Push(S,W)];1
[Push(S,E)];2
[Push(S,W)];2
[Push(S,E)];1
[Push(S,W)];2
[Push(S,E)];2
[Push(S,W)];1
[Push(S,E)];1
[Push(S,W)];2
[Push(S,E)];2
[Push(S,W)];1
[Push(S,E)];2
[Push(S,W)];2
[Push(S,E)];2
[Push(S,W)];1
[Push(S,E)];2
[Push(S,W)];2
[Push(S,E)];2
[Push(S,W)];2
[Push(S,E)];1
[Push(S,W)];1
[Push(S,E)];2
[Push(S,W)];2
[Push(S,E)];2
[Push(S,W)];2
[Push(S,E)];1
[Push(S,W)];1
[Push(S,E)];2
[Push(S,W)];2
[Push(S,E)];2
[Push(S,W)];2
[Push(S,E)];2
[Push(S,W)];1
[Push(S,E)];1
[Push(S,W)];1
[Push(S,E)];2
[Push(S,W)];2
[Push(S,E)];2
[Push(S,W)];2
[Push(S,E)];2
[Push(S,W)];2
[Push(S,E)];2
[Push(S,W)];2
[Push(S,E)];1
[Push(S,W)];1
[Push(S,E)];2
[Push(S,W)];2
[Move(S)];2
[Move(E)];0
[Move(E)];1
[Push(E,E)];2
[Push(N,W)];2
[Push(N,E)];2
[Push(N,W)];2
[Push(N,E)];2
[Push(N,W)];2
[Push(N,E)];2
[Push(N,W)];2
[Push(N,E)];2
[Push(N,W)];2
[Push(N,E)];2
[Push(N,W)];2
[Push(N,E)];2
[Push(N,W)];2
[Push(N,E)];1
[Push(N,W)];1
[Push(N,E)];1
[Push(N,W)];1
[Push(N,E)];1
[Push(N,W)];1
[Push(N,E)];2
[Push(N,W)];2
[Push(N,E)];2
[Push(N,W)];2
[Push(N,E)];2
[Push(N,W)];2
[Push(N,E)];2
[Push(N,W)];2
[Push(N,E)];2
[Push(N,W)];2
[Push(N,E)];2
[Push(N,W)];2
[Push(N,E)];2
[Push(N,W)];2
[Push(N,E)];2
[Push(N,W)];2
[Push(N,E)];2
[Push(N,W)];2
[Push(N,E)];2
[Push(N,W)];2
[Push(N,E)];2
[Push(N,W)];2
[Push(N,E)];2
[Push(N,W)];3
[Push(N,E)];2
[Push(N,W)];2
[Push(N,E)];2
[Push(N,W)];2
[Push(N,E)];2
[Push(N,W)];3
[Push(N,E)];2
[Push(N,W)];2
[Push(N,E)];2
[Push(N,W)];2
[Push(N,E)];3
[Push(N,W)];2
[Push(N,E)];2
[Push(N,W)];2
[Push(N,E)];3
[Push(N,W)];2
[Push(N,E)];2
[Push(N,W)];2
[Push(N,E)];3
[Push(N,W)];2
[Push(N,E)];2
[Push(N,W)];2
[Push(N,N)];2
[Push(N,W)];0
[Move(E)];2
[Move(E)];0
[Pull(W,E)];1
[Pull(W,E)];0
[Pull(S,E)];0
[Move(E)];1
[Move(N)];1
[Move(E)];0
[Move(E)];0
[Push(S,E)];1
[Push(S,W)];2
[Push(S,E)];2
[Push(S,W)];2
[Push(S,E)];2
[Push(S,W)];2
[Push(S,E)];2
[Push(S,W)];2
[Push(S,E)];2
[Push(S,W)];1
[Push(S,E)];1
[Push(S,W)];2
[Push(S,E)];2
[Push(S,W)];4
[Push(S,E)];2
[Push(S,W)];2
[Push(S,E)];2
[Push(S,W)];2
[Push(S,E)];2
[Push(S,W)];2
[Push(S,E)];2
[Push(S,W)];2
[Push(S,E)];2
[Push(S,W)];2
[Push(S,E)];2
[Push(S,W)];2
[Push(S,E)];2
[Push(S,W)];2
[Push(S,E)];2
[Push(S,W)];2
[Push(S,E)];2
[Push(S,W)];2
[Push(S,E)];2
[Push(S,W)];2
[Push(S,E)];2
[Push(S,W)];2
[Push(S,E)];2
[Push(S,W)];3
[Push(S,E)];2
[Push(S,W)];2
[Push(S,E)];2
[Push(S,W)];2
[Push(S,E)];2
[Push(S,W)];2
[Push(S,E)];2
[Push(S,W)];2
[Push(S,E)];2
[Push(S,W)];3
[Push(S,E)];2
[Push(S,W)];2
[Push(S,E)];2
[Push(S,W)];2
[Push(S,E)];2
[Push(S,W)];2
[Push(S,E)];2
[Push(S,W)];2
[Push(S,E)];2
[Push(S,W)];2
[Push(S,E)];2
[Push(S,W)];2
[Push(S,E)];2
[Push(S,W)];2
[Push(S,E)];2
[Push(S,W)];2
[Push(S,E)];2
[Push(S,W)];2
[Move(S)];2
[Move(E)];0
[Move(E)];0
[Push(E,E)];0
[Push(N,W)];3
[Push(N,E)];2
[Push(N,W)];2
[Push(N,E)];2
[Push(N,W)];2
[Push(N,E)];3
[Push(N,W)];2
[Push(N,E)];2
[Push(N,W)];2
[Push(N,E)];2
[Push(N,W)];3
[Push(N,E)];2
[Push(N,W)];2
[Push(N,E)];2
[Push(N,W)];3
[Push(N,E)];2
[Push(N,W)];2
[Push(N,E)];2
[Push(N,W)];2
[Push(N,E)];3
[Push(N,W)];2
[Push(N,E)];2
[Push(N,W)];2
[Push(N,E)];2
[Push(N,W)];2
[Push(N,E)];2
[Push(N,W)];5
[Push(N,E)];3
[Push(N,W)];2
[Push(N,E)];3
[Push(N,W)];2
[Push(N,E)];3
[Push(N,W)];2
[Push(N,E)];3
[Push(N,W)];2
[Push(N,E)];2
[Push(N,W)];3
[Push(N,E)];2
[Push(N,W)];3
[Push(N,E)];2
[Push(N,W)];3
[Push(N,E)];2
[Push(N,W)];3
[Push(N,E)];2
[Push(N,W)];3
[Push(N,E)];2
[Push(N,W)];3
[Push(N,E)];2
[Push(N,W)];3
[Push(N,E)];2
[Push(N,W)];3
[Push(N,E)];2
[Push(N,W)];3
[Push(N,E)];2
[Push(N,W)];3
[Push(N,E)];2
[Push(N,W)];3
[Push(N,E)];2
[Push(N,W)];3
[Push(N,E)];2
[Push(N,W)];2
[Push(N,E)];3
[Push(N,W)];2
[Push(N,E)];3
[Push(N,W)];2
[Push(N,N)];3
[Push(N,W)];0
[Move(E)];2
[Move(E)];0
[Pull(W,E)];1
[Pull(S,E)];0
[Push(N,W)];1
[Move(E)];2
[Move(E)];0
[Push(S,E)];0
[Push(S,W)];3
[Push(S,E)];2
[Push(S,W)];3
[Push(S,E)];2
[Push(S,W)];3
[Push(S,E)];3
[Push(S,W)];2
[Push(S,E)];3
[Push(S,W)];3
[Push(S,E)];2
[Push(S,W)];3
[Push(S,E)];2
[Push(S,W)];3
[Push(S,E)];3
[Push(S,W)];2
[Push(S,E)];3
[Push(S,W)];3
[Push(S,E)];2
[Push(S,W)];3
[Push(S,E)];3
[Push(S,W)];2
[Push(S,E)];3
[Push(S,W)];3
[Push(S,E)];2
[Push(S,W)];3
[Push(S,E)];3
[Push(S,W)];2
[Push(S,E)];3
[Push(S,W)];3
[Push(S,E)];2
[Push(S,W)];6
[Push(S,E)];3
[Push(S,W)];3
[Push(S,E)];3
[Push(S,W)];3
[Push(S,E)];2
[Push(S,W)];3
[Push(S,E)];3
[Push(S,W)];3
[Push(S,E)];3
[Push(S,W)];2
[Push(S,E)];3
[Push(S,W)];3
[Push(S,E)];3
[Push(S,W)];3
[Push(S,E)];3
[Push(S,W)];3
[Push(S,E)];3
[Push(S,W)];3
[Push(S,E)];3
[Push(S,W)];2
[Push(S,E)];2
[Push(S,W)];3
[Push(S,E)];3
[Push(S,W)];3
[Push(S,E)];3
[Push(S,W)];3
[Push(S,E)];3
[Push(S,W)];3
[Push(S,E)];2
[Push(S,W)];2
[Push(S,E)];3
[Push(S,W)];3
[Push(S,E)];3
[Push(S,W)];3
[Move(S)];3
[Move(E)];0
[Move(E)];1
[Push(E,E)];0
[Push(N,W)];3
[Push(N,E)];3
[Push(N,W)];3
[Push(N,E)];3
[Push(N,W)];3
[Push(N,E)];3
[Push(N,W)];3
[Push(N,E)];3
[Push(N,W)];3
[Push(N,E)];3
[Push(N,W)];3
[Push(N,E)];5
[Push(N,W)];4
[Push(N,E)];5
[Push(N,W)];4
[Push(N,E)];3
[Push(N,W)];3
[Push(N,E)];3
[Push(N,W)];3
[Push(N,E)];3
[Push(N,W)];3
[Push(N,E)];2
[Push(N,W)];2
[Push(N,E)];3
[Push(N,W)];3
[Push(N,E)];3
[Push(N,W)];3
[Push(N,E)];3
[Push(N,W)];3
[Push(N,E)];3
[Push(N,W)];3
[Push(N,E)];3
[Push(N,W)];3
[Push(N,E)];3
[Push(N,W)];6
[Push(N,E)];3
[Push(N,W)];3
[Push(N,E)];3
[Push(N,W)];3
[Push(N,E)];3
[Push(N,W)];2
[Push(N,E)];3
[Push(N,W)];3
[Push(N,E)];3
[Push(N,W)];3
[Push(N,E)];3
[Push(N,W)];2
[Push(N,E)];3
[Push(N,W)];3
[Push(N,E)];3
[Push(N,W)];3
[Push(N,E)];3
[Push(N,W)];2
[Push(N,E)];3
[Push(N,W)];3
[Push(N,E)];3
[Push(N,W)];3
[Push(N,E)];3
[Push(N,W)];2
[Push(N,E)];2
[Push(N,W)];3
[Push(N,E)];3
[Push(N,W)];3
[Push(N,E)];3
[Push(N,W)];3
[Push(N,N)];3
[Push(N,W)];0
[Move(E)];3
[Move(E)];0
[Pull(W,E)];1
[Pull(S,E)];0
[Push(N,W)];1
[Move(E)];2
[Move(E)];1
[Push(S,E)];0
[Push(S,W)];3
[Push(S,E)];3
[Push(S,W)];3
[Push(S,E)];3
[Push(S,W)];3
[Push(S,E)];3
[Push(S,W)];2
[Push(S,E)];2
[Push(S,W)];3
[Push(S,E)];3
[Push(S,W)];3
[Push(S,E)];3
[Push(S,W)];3
[Push(S,E)];3
[Push(S,W)];3
[Push(S,E)];3
[Push(S,W)];3
[Push(S,E)];3
[Push(S,W)];3
[Push(S,E)];3
[Push(S,W)];3
[Push(S,E)];3
[Push(S,W)];3
[Push(S,E)];3
[Push(S,W)];3
[Push(S,E)];3
[Push(S,W)];3
[Push(S,E)];3
[Push(S,W)];3
[Push(S,E)];3
[Push(S,W)];3
[Push(S,E)];3
[Push(S,W)];5
[Push(S,E)];3
[Push(S,W)];3
[Push(S,E)];3
[Push(S,W)];3
[Push(S,E)];3
[Push(S,W)];3
[Push(S,E)];3
[Push(S,W)];3
[Push(S,E)];3
[Push(S,W)];3
[Push(S,E)];3
[Push(S,W)];3
[Push(S,E)];3
[Push(S,W)];3
[Push(S,E)];3
[Push(S,W)];3
[Push(S,E)];3
[Push(S,W)];3
[Push(S,E)];3
[Push(S,W)];3
[Push(S,E)];3
[Push(S,W)];3
[Push(S,E)];3
[Push(S,W)];3
[Push(S,E)];3
[Push(S,W)];3
[Push(S,E)];3
[Push(S,W)];3
[Push(S,E)];4
[Push(S,W)];3
[Push(S,E)];3
[Push(S,W)];3
[Move(S)];3
[Move(E)];0
[Move(E)];1
[Push(E,E)];0
[Push(N,W)];3
[Push(N,E)];3
[Push(N,W)];3
[Push(N,E)];3
[Push(N,W)];3
[Push(N,E)];3
[Push(N,W)];3
[Push(N,E)];3
[Push(N,W)];3
[Push(N,E)];3
[Push(N,W)];3
[Push(N,E)];4
[Push(N,W)];3
[Push(N,E)];3
[Push(N,W)];3
[Push(N,E)];3
[Push(N,W)];3
[Push(N,E)];3
[Push(N,W)];3
[Push(N,E)];4
[Push(N,W)];3
[Push(N,E)];3
[Push(N,W)];3
[Push(N,E)];3
[Push(N,W)];3
[Push(N,E)];3
[Push(N,W)];3
[Push(N,E)];3
[Push(N,W)];3
[Push(N,E)];3
[Push(N,W)];3
[Push(N,E)];4
[Push(N,W)];3
[Push(N,E)];3
[Push(N,W)];4
[Push(N,E)];3
[Push(N,W)];3
[Push(N,E)];3
[Push(N,W)];4
[Push(N,E)];3
[Push(N,W)];3
[Push(N,E)];4
[Push(N,W)];3
[Push(N,E)];3
[Push(N,W)];3
[Push(N,E)];3
[Push(N,W)];3
[Push(N,E)];4
[Push(N,W)];3
[Push(N,E)];4
[Push(N,W)];4
[Push(N,E)];3
[Push(N,W)];4
[Push(N,E)];4
[Push(N,W)];3
[Push(N,E)];3
[Push(N,W)];4
[Push(N,E)];3
[Push(N,W)];3
[Push(N,E)];4
[Push(N,W)];3
[Push(N,E)];3
[Push(N,W)];4
[Push(N,E)];4
[Push(N,W)];3
[Push(N,N)];4
[Push(N,W)];1
[Move(E)];3
[Move(E)];1
[Pull(W,E)];1
[Pull(S,E)];0
[Push(N,W)];1
[Move(E)];3
[Move(E)];0
[Push(S,E)];1
[Push(S,W)];4
[Push(S,E)];4
[Push(S,W)];4
[Push(S,E)];3
[Push(S,W)];4
[Push(S,E)];4
[Push(S,W)];3
[Push(S,E)];3
[Push(S,W)];0
[Push(S,E)];4
[Push(S,W)];4
[Push(S,E)];4
[Push(S,W)];3
[Push(S,E)];4
[Push(S,W)];4
[Push(S,E)];4
[Push(S,W)];3
[Push(S,E)];4
[Push(S,W)];4
[Push(S,E)];4
[Push(S,W)];4
[Push(S,E)];3
[Push(S,W)];4
[Push(S,E)];4
[Push(S,W)];4
[Push(S,E)];6
[Push(S,W)];3
[Push(S,E)];4
[Push(S,W)];3
[Push(S,E)];4
[Push(S,W)];3
[Push(S,E)];4
[Push(S,W)];3
[Push(S,E)];4
[Push(S,W)];3
[Push(S,E)];3
[Push(S,W)];4
[Push(S,E)];3
[Push(S,W)];4
[Push(S,E)];3
[Push(S,W)];4
[Push(S,E)];3
[Push(S,W)];4
[Push(S,E)];4
[Push(S,W)];3
[Push(S,E)];4
[Push(S,W)];3
[Push(S,E)];4
[Push(S,W)];4
[Push(S,E)];3
[Push(S,W)];4
[Push(S,E)];3
[Push(S,W)];4
[Push(S,E)];4
[Push(S,W)];3
[Push(S,E)];4
[Push(S,W)];4
[Push(S,E)];3
[Push(S,W)];3
[Push(S,E)];4
[Push(S,W)];3
[Push(S,E)];4
[Push(S,W)];4
[Push(S,E)];3
[Push(S,W)];4
[Move(S)];3
[Move(E)];0
[Move(E)];0
[Push(E,E)];0
[Push(N,W)];3
[Push(N,E)];4
[Push(N,W)];3
[Push(N,E)];3
[Push(N,W)];4
[Push(N,E)];4
[Push(N,W)];3
[Push(N,E)];4
[Push(N,W)];4
[Push(N,E)];4
[Push(N,W)];3
[Push(N,E)];3
[Push(N,W)];4
[Push(N,E)];3
[Push(N,W)];3
[Push(N,E)];4
[Push(N,W)];3
[Push(N,E)];3
[Push(N,W)];4
[Push(N,E)];4
[Push(N,W)];3
[Push(N,E)];4
[Push(N,W)];4
[Push(N,E)];3
[Push(N,W)];4
[Push(N,E)];4
[Push(N,W)];3
[Push(N,E)];3
[Push(N,W)];4
[Push(N,E)];4
[Push(N,W)];3
[Push(N,E)];4
[Push(N,W)];4
[Push(N,E)];4
[Push(N,W)];3
[Push(N,E)];4
[Push(N,W)];4
[Push(N,E)];4
[Push(N,W)];3
[Push(N,E)];4
[Push(N,W)];4
[Push(N,E)];4
[Push(N,W)];3
[Push(N,E)];4
[Push(N,W)];4
[Push(N,E)];4
[Push(N,W)];3
[Push(N,E)];4
[Push(N,W)];4
[Push(N,E)];4
[Push(N,W)];4
[Push(N,E)];3
[Push(N,W)];4
[Push(N,E)];4
[Push(N,W)];4
[Push(N,E)];3
[Push(N,W)];3
[Push(N,E)];4
[Push(N,W)];4
[Push(N,E)];4
[Push(N,W)];4
[Push(N,E)];4
[Push(N,W)];3
[Push(N,E)];4
[Push(N,W)];4
[Push(N,N)];4
[Push(N,W)];0
[Move(E)];3
[Move(E)];0
[Pull(W,E)];1
[Pull(S,E)];1
[Push(N,W)];0
[Move(E)];3
[Move(E)];1
[Push(S,E)];0
[Push(S,W)];4
[Push(S,E)];4
[Push(S,W)];4
[Push(S,E)];4
[Push(S,W)];6
[Push(S,E)];4
[Push(S,W)];4
[Push(S,E)];4
[Push(S,W)];3
[Push(S,E)];3
[Push(S,W)];4
[Push(S,E)];4
[Push(S,W)];4
[Push(S,E)];4
[Push(S,W)];4
[Push(S,E)];4
[Push(S,W)];4
[Push(S,E)];4
[Push(S,W)];4
[Push(S,E)];4
[Push(S,W)];4
[Push(S,E)];4
[Push(S,W)];4
[Push(S,E)];4
[Push(S,W)];4
[Push(S,E)];4
[Push(S,W)];4
[Push(S,E)];4
[Push(S,W)];4
[Push(S,E)];4
[Push(S,W)];4
[Push(S,E)];4
[Push(S,W)];4
[Push(S,E)];4
[Push(S,W)];4
[Push(S,E)];4
[Push(S,W)];5
[Push(S,E)];4
[Push(S,W)];4
[Push(S,E)];4
[Push(S,W)];4
[Push(S,E)];4
[Push(S,W)];4
[Push(S,E)];7
[Push(S,W)];4
[Push(S,E)];3
[Push(S,W)];4
[Push(S,E)];4
[Push(S,W)];4
[Push(S,E)];4
[Push(S,W)];4
[Push(S,E)];4
[Push(S,W)];3
[Push(S,E)];3
[Push(S,W)];4
[Push(S,E)];3
[Push(S,W)];3
[Push(S,E)];4
[Push(S,W)];3
[Push(S,E)];4
[Push(S,W)];4
[Push(S,E)];4
[Push(S,W)];4
[Push(S,E)];4
[Push(S,W)];4
[Move(S)];4
[Move(E)];0
[Move(E)];0
[Push(E,E)];1
[Push(N,W)];4
[Push(N,E)];4
[Push(N,W)];4
[Push(N,E)];4
[Push(N,W)];4
[Push(N,E)];4
[Push(N,W)];4
[Push(N,E)];4
[Push(N,W)];4
[Push(N,E)];4
[Push(N,W)];4
[Push(N,E)];4
[Push(N,W)];4
[Push(N,E)];4
[Push(N,W)];4
[Push(N,E)];4
[Push(N,W)];4
[Push(N,E)];4
[Push(N,W)];4
[Push(N,E)];4
[Push(N,W)];4
[Push(N,E)];4
[Push(N,W)];4
[Push(N,E)];4
[Push(N,W)];4
[Push(N,E)];4
[Push(N,W)];4
[Push(N,E)];4
[Push(N,W)];4
[Push(N,E)];4
[Push(N,W)];5
[Push(N,E)];4
[Push(N,W)];4
[Push(N,E)];4
[Push(N,W)];4
[Push(N,E)];4
[Push(N,W)];4
[Push(N,E)];4
[Push(N,W)];4
[Push(N,E)];4
[Push(N,W)];4
[Push(N,E)];4
[Push(N,W)];5
[Push(N,E)];4
[Push(N,W)];4
[Push(N,E)];6
[Push(N,W)];4
[Push(N,E)];4
[Push(N,W)];4
[Push(N,E)];4
[Push(N,W)];4
[Push(N,E)];4
[Push(N,W)];4
[Push(N,E)];4
[Push(N,W)];5
[Push(N,E)];4
[Push(N,W)];4
[Push(N,E)];4
[Push(N,W)];4
[Push(N,E)];4
[Push(N,W)];4
[Push(N,E)];4
[Push(N,W)];4
[Push(N,E)];5
[Push(N,W)];4
[Push(N,N)];4
[Push(N,W)];1
[Move(E)];4
[Move(E)];0
[Pull(W,E)];1
[Pull(S,E)];0
[Push(N,W)];0
[Move(E)];4
[Move(E)];0
[Push(S,E)];0
[Push(S,W)];4
[Push(S,E)];4
[Push(S,W)];4
[Push(S,E)];5
[Push(S,W)];4
[Push(S,E)];4
[Push(S,W)];4
[Push(S,E)];5
[Push(S,W)];4
[Push(S,E)];4
[Push(S,W)];4
[Push(S,E)];4
[Push(S,W)];4
[Push(S,E)];4
[Push(S,W)];5
[Push(S,E)];4
[Push(S,W)];4
[Push(S,E)];4
[Push(S,W)];4
[Push(S,E)];4
[Push(S,W)];4
[Push(S,E)];4
[Push(S,W)];4
[Push(S,E)];4
[Push(S,W)];5
[Push(S,E)];4
[Push(S,W)];4
[Push(S,E)];5
[Push(S,W)];4
[Push(S,E)];4
[Push(S,W)];5
[Push(S,E)];4
[Push(S,W)];4
[Push(S,E)];5
[Push(S,W)];4
[Push(S,E)];4
[Push(S,W)];5
[Push(S,E)];4
[Push(S,W)];5
[Push(S,E)];4
[Push(S,W)];4
[Push(S,E)];5
[Push(S,W)];4
[Push(S,E)];4
[Push(S,W)];4
[Push(S,E)];4
[Push(S,W)];5
[Push(S,E)];4
[Push(S,W)];4
[Push(S,E)];4
[Push(S,W)];4
[Push(S,E)];4
[Push(S,W)];4
[Push(S,E)];4
[Push(S,W)];4
[Push(S,E)];5
[Push(S,W)];4
[Push(S,E)];5
[Push(S,W)];4
[Push(S,E)];4
[Push(S,W)];5
[Push(S,E)];4
[Push(S,W)];5
[Push(S,E)];4
[Push(S,W)];5
[Move(S)];4
[Move(E)];0
[Move(E)];1
[Push(E,E)];0
[Push(N,W)];5
[Push(N,E)];4
[Push(N,W)];5
[Push(N,E)];4
[Push(N,W)];5
[Push(N,E)];4
[Push(N,W)];7
[Push(N,E)];4
[Push(N,W)];5
[Push(N,E)];0
[Push(N,W)];5
[Push(N,E)];4
[Push(N,W)];5
[Push(N,E)];4
[Push(N,W)];5
[Push(N,E)];4
[Push(N,W)];5
[Push(N,E)];4
[Push(N,W)];5
[Push(N,E)];4
[Push(N,W)];5
[Push(N,E)];4
[Push(N,W)];5
[Push(N,E)];4
[Push(N,W)];5
[Push(N,E)];4
[Push(N,W)];5
[Push(N,E)];4
[Push(N,W)];5
[Push(N,E)];4
[Push(N,W)];5
[Push(N,E)];4
[Push(N,W)];5
[Push(N,E)];4
[Push(N,W)];5
[Push(N,E)];4
[Push(N,W)];4
[Push(N,E)];5
[Push(N,W)];4
[Push(N,E)];5
[Push(N,W)];4
[Push(N,E)];5
[Push(N,W)];4
[Push(N,E)];4
[Push(N,W)];5
[Push(N,E)];4
[Push(N,W)];5
[Push(N,E)];4
[Push(N,W)];4
[Push(N,E)];5
[Push(N,W)];4
[Push(N,E)];5
[Push(N,W)];4
[Push(N,E)];4
[Push(N,W)];5
[Push(N,E)];4
[Push(N,W)];5
[Push(N,E)];5
[Push(N,W)];4
[Push(N,E)];5
[Push(N,W)];5
[Push(N,E)];4
[Push(N,W)];5
[Push(N,E)];4
[Push(N,W)];4
[Push(N,N)];5
[Push(N,W)];0
[Move(E)];4
[Move(E)];0
[Pull(W,E)];1
[Pull(S,E)];0
[Push(N,W)];1
[Move(E)];4
[Move(E)];0
[Push(S,E)];1
[Push(S,W)];5
[Push(S,E)];4
[Push(S,W)];5
[Push(S,E)];4
[Push(S,W)];4
[Push(S,E)];5
[Push(S,W)];4
[Push(S,E)];4
[Push(S,W)];5
[Push(S,E)];4
[Push(S,W)];4
[Push(S,E)];5
[Push(S,W)];4
[Push(S,E)];4
[Push(S,W)];5
[Push(S,E)];4
[Push(S,W)];4
[Push(S,E)];5
[Push(S,W)];4
[Push(S,E)];4
[Push(S,W)];5
[Push(S,E)];5
[Push(S,W)];4
[Push(S,E)];4
[Push(S,W)];5
[Push(S,E)];5
[Push(S,W)];4
[Push(S,E)];5
[Push(S,W)];5
[Push(S,E)];6
[Push(S,W)];5
[Push(S,E)];5
[Push(S,W)];4
[Push(S,E)];5
[Push(S,W)];5
[Push(S,E)];5
[Push(S,W)];4
[Push(S,E)];4
[Push(S,W)];5
[Push(S,E)];5
[Push(S,W)];5
[Push(S,E)];5
[Push(S,W)];5
[Push(S,E)];5
[Push(S,W)];5
[Push(S,E)];4
[Push(S,W)];4
[Push(S,E)];5
[Push(S,W)];5
[Push(S,E)];5
[Push(S,W)];4
[Push(S,E)];5
[Push(S,W)];5
[Push(S,E)];5
[Push(S,W)];5
[Push(S,E)];4
[Push(S,W)];4
[Push(S,E)];5
[Push(S,W)];5
[Push(S,E)];5
[Push(S,W)];5
[Push(S,E)];4
[Push(S,W)];4
[Push(S,E)];4
[Push(S,W)];5
[Move(S)];5
[Move(E)];0
[Move(E)];1
[Push(E,E)];0
[Push(N,W)];5
[Push(N,E)];5
[Push(N,W)];5
[Push(N,E)];5
[Push(N,W)];5
[Push(N,E)];5
[Push(N,W)];5
[Push(N,E)];4
[Push(N,W)];4
[Push(N,E)];5
[Push(N,W)];5
[Push(N,E)];5
[Push(N,W)];5
[Push(N,E)];5
[Push(N,W)];5
[Push(N,E)];5
[Push(N,W)];5
[Push(N,E)];4
[Push(N,W)];4
[Push(N,E)];5
[Push(N,W)];5
[Push(N,E)];4
[Push(N,W)];4
[Push(N,E)];4
[Push(N,W)];5
[Push(N,E)];5
[Push(N,W)];5
[Push(N,E)];5
[Push(N,W)];5
[Push(N,E)];5
[Push(N,W)];5
[Push(N,E)];5
[Push(N,W)];5
[Push(N,E)];5
[Push(N,W)];5
[Push(N,E)];5
[Push(N,W)];5
[Push(N,E)];5
[Push(N,W)];5
[Push(N,E)];5
[Push(N,W)];5
[Push(N,E)];5
[Push(N,W)];5
[Push(N,E)];5
[Push(N,W)];5
[Push(N,E)];5
[Push(N,W)];5
[Push(N,E)];5
[Push(N,W)];5
[Push(N,E)];6
[Push(N,W)];4
[Push(N,E)];4
[Push(N,W)];5
[Push(N,E)];5
[Push(N,W)];6
[Push(N,E)];5
[Push(N,W)];5
[Push(N,E)];5
[Push(N,W)];5
[Push(N,E)];5
[Push(N,W)];5
[Push(N,E)];5
[Push(N,W)];5
[Push(N,E)];5
[Push(N,W)];5
[Push(N,N)];5
[Push(N,W)];0
[Move(E)];5
[Move(E)];0
[Pull(W,E)];1
[Pull(W,E)];0
[Pull(S,E)];1
[Move(E)];4
[Move(N)];1
[Move(E)];0
[Move(E)];0
[Push(S,E)];0
[Push(S,W)];5
[Push(S,E)];5
[Push(S,W)];5
[Push(S,E)];5
[Push(S,W)];5
[Push(S,E)];5
[Push(S,W)];5
[Push(S,E)];5
[Push(S,W)];5
[Push(S,E)];5
[Push(S,W)];5
[Push(S,E)];5
[Push(S,W)];5
[Push(S,E)];4
[Push(S,W)];4
[Push(S,E)];5
[Push(S,W)];5
[Push(S,E)];5
[Push(S,W)];5
[Push(S,E)];5
[Push(S,W)];5
[Push(S,E)];5
[Push(S,W)];5
[Push(S,E)];5
[Push(S,W)];5
[Push(S,E)];5
[Push(S,W)];5
[Push(S,E)];5
[Push(S,W)];5
[Push(S,E)];4
[Push(S,W)];5
[Push(S,E)];5
[Push(S,W)];5
[Push(S,E)];5
[Push(S,W)];5
[Push(S,E)];5
[Push(S,W)];5
[Push(S,E)];4
[Push(S,W)];5
[Push(S,E)];5
[Push(S,W)];5
[Push(S,E)];5
[Push(S,W)];5
[Push(S,E)];5
[Push(S,W)];5
[Push(S,E)];5
[Push(S,W)];5
[Push(S,E)];5
[Push(S,W)];5
[Push(S,E)];5
[Push(S,W)];5
[Push(S,E)];5
[Push(S,W)];5
[Push(S,E)];5
[Push(S,W)];5
[Push(S,E)];5
[Push(S,W)];5
[Push(S,E)];5
[Push(S,W)];5
[Push(S,E)];6
[Push(S,W)];5
[Push(S,E)];5
[Push(S,W)];5
[Push(S,E)];5
[Push(S,W)];5
[Move(S)];5
[Move(E)];1
[Move(E)];0
[Push(E,E)];1
[Push(N,W)];5
[Push(N,E)];5
[Push(N,W)];5
[Push(N,E)];5
[Push(N,W)];5
[Push(N,E)];5
[Push(N,W)];5
[Push(N,E)];5
[Push(N,W)];5
[Push(N,E)];5
[Push(N,W)];6
[Push(N,E)];5
[Push(N,W)];5
[Push(N,E)];5
[Push(N,W)];5
[Push(N,E)];5
[Push(N,W)];5
[Push(N,E)];2
[Push(N,W)];5
[Push(N,E)];6
[Push(N,W)];5
[Push(N,E)];5
[Push(N,W)];5
[Push(N,E)];5
[Push(N,W)];5
[Push(N,E)];5
[Push(N,W)];5
[Push(N,E)];5
[Push(N,W)];5
[Push(N,E)];5
[Push(N,W)];5
[Push(N,E)];5
[Push(N,W)];5
[Push(N,E)];6
[Push(N,W)];5
[Push(N,E)];5
[Push(N,W)];5
[Push(N,E)];5
[Push(N,W)];5
[Push(N,E)];5
[Push(N,W)];6
[Push(N,E)];5
[Push(N,W)];5
[Push(N,E)];5
[Push(N,W)];5
[Push(N,E)];5
[Push(N,W)];5
[Push(N,E)];6
[Push(N,W)];5
[Push(N,E)];5
[Push(N,W)];6
[Push(N,E)];5
[Push(N,W)];5
[Push(N,E)];6
[Push(N,W)];5
[Push(N,E)];5
[Push(N,W)];6
[Push(N,E)];5
[Push(N,W)];5
[Push(N,E)];6
[Push(N,W)];5
[Push(N,E)];5
[Push(N,W)];6
[Push(N,E)];5
[Push(N,W)];5
[Push(N,N)];6
[Push(N,W)];0
[Move(E)];5
[Move(E)];0
[Pull(W,E)];1
[Pull(S,E)];1
[Push(N,W)];2
[Move(E)];5
[Move(E)];0
[Push(S,E)];1
[Push(S,W)];5
[Push(S,E)];6
[Push(S,W)];5
[Push(S,E)];5
[Push(S,W)];6
[Push(S,E)];5
[Push(S,W)];6
[Push(S,E)];5
[Push(S,W)];5
[Push(S,E)];5
[Push(S,W)];5
[Push(S,E)];6
[Push(S,W)];5
[Push(S,E)];5
[Push(S,W)];5
[Push(S,E)];5
[Push(S,W)];6
[Push(S,E)];5
[Push(S,W)];6
[Push(S,E)];5
[Push(S,W)];6
[Push(S,E)];5
[Push(S,W)];6
[Push(S,E)];5
[Push(S,W)];6
[Push(S,E)];5
[Push(S,W)];5
[Push(S,E)];6
[Push(S,W)];5
[Push(S,E)];6
[Push(S,W)];5
[Push(S,E)];6
[Push(S,W)];5
[Push(S,E)];6
[Push(S,W)];5
[Push(S,E)];5
[Push(S,W)];5
[Push(S,E)];5
[Push(S,W)];6
[Push(S,E)];5
[Push(S,W)];5
[Push(S,E)];5
[Push(S,W)];5
[Push(S,E)];5
[Push(S,W)];5
[Push(S,E)];5
[Push(S,W)];5
[Push(S,E)];5
[Push(S,W)];5
[Push(S,E)];5
[Push(S,W)];5
[Push(S,E)];5
[Push(S,W)];5
[Push(S,E)];5
[Push(S,W)];5
[Push(S,E)];5
[Push(S,W)];5
[Push(S,E)];5
[Push(S,W)];5
[Push(S,E)];5
[Push(S,W)];6
[Push(S,E)];5
[Push(S,W)];6
[Push(S,E)];5
[Push(S,W)];6
[Move(S)];6
[Move(E)];1
[Move(E)];0
[Move(E)];0
[Push(N,W)];2
[Move(N)];7
[Push(N,W)];0
[Move(N)];6
[Push(N,W)];1
[Move(N)];7
[Push(N,W)];2
[Move(N)];6
[Push(N,W)];1
[Move(N)];6
[Push(N,W)];1
[Move(N)];7
[Push(N,W)];0
[Move(N)];6
[Push(N,W)];1
[Move(N)];6
[Push(N,W)];0
[Move(N)];5
[Push(N,W)];1
[Move(N)];7
[Push(N,W)];1
[Move(N)];6
[Push(N,W)];1
[Move(N)];6
[Push(N,W)];1
[Move(N)];7
[Push(N,W)];1
[Move(N)];6
[Push(N,W)];1
[Move(N)];6
[Push(N,W)];1
[Move(N)];7
[Push(N,W)];1
[Move(N)];6
[Push(N,W)];1
[Move(N)];6
[Push(N,W)];2
[Move(N)];6
[Push(N,W)];1
[Move(N)];6
[Push(N,W)];1
[Move(N)];7
[Push(N,W)];1
[Move(N)];6
[Push(N,W)];1
[Move(N)];6
[Push(N,W)];1
[Move(N)];7
[Push(N,W)];1
[Move(N)];6
[Push(N,W)];1
[Move(N)];6
[Push(N,W)];1
[Move(N)];6
[Push(N,W)];1
[Move(N)];7
[Push(N,W)];0
[Move(N)];7
[Push(N,W)];1
[Move(N)];7
[Push(N,W)];0
[Move(N)];17
[Push(N,W)];1
[Move(N)];2
[Pull(S,N)];411
[Pull(S,N)];0
[Pull(S,N)];1
[Pull(S,N)];0
[Pull(S,N)];0
[Pull(S,N)];1
[Pull(S,N)];0
[Pull(S,N)];1
[Pull(S,N)];0
[Pull(S,N)];1
[Pull(S,N)];0
[Pull(S,N)];1
[Pull(S,N)];0
[Pull(S,N)];1
[Pull(S,N)];0
[Pull(S,N)];1
[Pull(S,N)];0
[Pull(S,N)];0
[Pull(S,N)];0
[Pull(S,N)];0
[Pull(S,N)];1
[Pull(S,N)];0
[Pull(S,N)];1
[Pull(S,N)];0
[Pull(S,N)];1
[Pull(S,N)];0
[Pull(S,N)];0
[Pull(S,N)];0
[Pull(S,N)];0
[Pull(S,N)];1
[Pull(S,N)];0
[Pull(S,N)];1
[Pull(S,N)];0
[Pull(S,N)];1
[Pull(S,N)];0
[Pull(S,N)];0
[Pull(S,N)];1
[Pull(S,N)];0
[Pull(S,N)];1
[Pull(S,N)];0
[Pull(S,N)];1
[Pull(S,N)];0
[Pull(S,N)];0
[Pull(S,N)];1
[Pull(S,N)];0
[Pull(S,N)];1
[Pull(S,N)];0
[Pull(S,N)];1
[Pull(S,N)];0
[Pull(S,N)];0
[Pull(S,N)];1
[Pull(S,N)];0
[Pull(S,N)];1
[Pull(S,N)];0
[Pull(S,N)];1
[Pull(S,N)];0
[Pull(S,N)];1
[Pull(S,N)];0
[Pull(S,N)];0
[Pull(S,N)];1
[Pull(S,N)];0
[Pull(S,N)];1
[Pull(S,N)];0
[Pull(S,N)];1
[Pull(W,N)];0
[Pull(W,E)];0
[Pull(W,E)];1
[Pull(N,E)];0
[Pull(N,S)];1
[Pull(N,S)];0
[Pull(N,S)];1
[Pull(N,S)];0
[Pull(N,S)];0
[Pull(N,S)];1
[Pull(N,S)];0
[Pull(N,S)];1
[Pull(N,S)];0
[Pull(N,S)];0
[Pull(N,S)];0
[Pull(N,S)];0
[Pull(N,S)];1
[Pull(N,S)];0
[Pull(N,S)];1
[Pull(N,S)];0
[Pull(N,S)];0
[Pull(N,S)];1
[Pull(N,S)];0
[Pull(N,S)];1
[Pull(N,S)];0
[Pull(N,S)];0
[Pull(N,S)];1
[Pull(N,S)];0
[Pull(N,S)];1
[Pull(N,S)];0
[Pull(N,S)];1
[Pull(N,S)];0
[Pull(N,S)];0
[Pull(N,S)];1
[Pull(N,S)];0
[Pull(N,S)];1
[Pull(N,S)];0
[Pull(N,S)];0
[Pull(N,S)];1
[Pull(N,S)];0
[Pull(N,S)];1
[Pull(N,S)];0
[Pull(N,S)];0
[Pull(N,S)];1
[Pull(N,S)];0
[Pull(N,S)];1
[Pull(N,S)];0
[Pull(N,S)];0
[Pull(N,S)];1
[Pull(N,S)];0
[Pull(N,S)];1
[Pull(N,S)];0
[Pull(N,S)];1
[Pull(N,S)];0
[Pull(N,S)];0
[Pull(N,S)];1
[Pull(N,S)];1
[Pull(N,S)];0
[Pull(N,S)];1
[Pull(N,S)];0
[Pull(N,S)];1
[Pull(N,S)];1
[Pull(N,S)];0
[Pull(N,S)];0
[Pull(N,S)];1
[Pull(N,S)];0
[Pull(N,S)];1
[Pull(N,S)];0
[Pull(N,S)];0
[Pull(N,S)];1
[Pull(W,S)];0
[Pull(W,E)];1
[Pull(S,E)];0
[Pull(W,N)];0
[Pull(S,E)];1
[Pull(S,N)];0
[Pull(S,N)];1
[Pull(S,N)];0
[Pull(S,N)];1
[Pull(S,N)];0
[Pull(S,N)];0
[Pull(S,N)];1
[Pull(S,N)];0
[Pull(S,N)];1
[Pull(S,N)];0
[Pull(S,N)];0
[Pull(S,N)];1
[Pull(S,N)];0
[Pull(S,N)];1
[Pull(S,N)];0
[Pull(S,N)];0
[Pull(S,N)];1
[Pull(S,N)];0
[Pull(S,N)];1
[Pull(S,N)];0
[Pull(S,N)];0
[Pull(S,N)];0
[Pull(S,N)];0
[Pull(S,N)];1
[Pull(S,N)];0
[Pull(S,N)];1
[Pull(S,N)];0
[Pull(S,N)];1
[Pull(S,N)];0
[Pull(S,N)];0
[Pull(S,N)];0
[Pull(S,N)];0
[Pull(S,N)];1
[Pull(S,N)];0
[Pull(S,N)];1
[Pull(S,N)];0
[Pull(S,N)];1
[Pull(S,N)];0
[Pull(S,N)];0
[Pull(S,N)];1
[Pull(S,N)];0
[Pull(S,N)];1
[Pull(S,N)];0
[Pull(S,N)];1
[Pull(S,N)];0
[Pull(S,N)];0
[Pull(S,N)];0
[Pull(S,N)];0
[Pull(S,N)];1
[Pull(S,N)];0
[Pull(S,N)];1
[Pull(S,N)];0
[Pull(S,N)];0
[Pull(S,N)];0
[Pull(S,N)];0
[Pull(S,N)];1
[Pull(S,N)];0
[Pull(S,N)];1
[Pull(S,N)];0
[Pull(S,N)];0
[Pull(S,N)];1
[Pull(S,N)];0
[Pull(S,N)];1
[Pull(S,N)];0
[Pull(S,N)];1
[Pull(W,N)];0
[Pull(W,E)];1
[Pull(W,E)];0
[Pull(N,E)];1
[Pull(N,S)];1
[Pull(N,S)];0
[Pull(N,S)];1
[Pull(N,S)];1
[Pull(N,S)];0
[Pull(N,S)];1
[Pull(N,S)];0
[Pull(N,S)];1
[Pull(N,S)];0
[Pull(N,S)];1
[Pull(N,S)];0
[Pull(N,S)];1
[Pull(N,S)];0
[Pull(N,S)];0
[Pull(N,S)];1
[Pull(N,S)];0
[Pull(N,S)];1
[Pull(N,S)];0
[Pull(N,S)];0
[Pull(N,S)];1
[Pull(N,S)];0
[Pull(N,S)];1
[Pull(N,S)];0
[Pull(N,S)];1
[Pull(N,S)];0
[Pull(N,S)];1
[Pull(N,S)];0
[Pull(N,S)];1
[Pull(N,S)];1
[Pull(N,S)];0
[Pull(N,S)];13
[Pull(N,S)];0
[Pull(N,S)];1
[Pull(N,S)];0
[Pull(N,S)];1
[Pull(N,S)];0
[Pull(N,S)];0
[Pull(N,S)];1
[Pull(N,S)];0
[Pull(N,S)];0
[Pull(N,S)];1
[Pull(N,S)];0
[Pull(N,S)];1
[Pull(N,S)];0
[Pull(N,S)];0
[Pull(N,S)];1
[Pull(N,S)];0
[Pull(N,S)];1
[Pull(N,S)];0
[Pull(N,S)];0
[Pull(N,S)];1
[Pull(N,S)];0
[Pull(N,S)];0
[Pull(N,S)];0
[Pull(N,S)];1
[Pull(N,S)];0
[Pull(N,S)];0
[Pull(N,S)];1
[Pull(N,S)];0
[Pull(N,S)];0
[Pull(N,S)];0
[Pull(N,S)];1
[Pull(N,S)];0
[Pull(N,S)];0
[Pull(N,S)];1
[Pull(N,S)];0
[Pull(W,S)];0
[Pull(W,E)];0
[Pull(S,E)];1
[Pull(W,N)];0
[Pull(S,E)];0
[Pull(S,N)];1
[Pull(S,N)];0
[Pull(S,N)];0
[Pull(S,N)];0
[Pull(S,N)];1
[Pull(S,N)];0
[Pull(S,N)];0
[Pull(S,N)];1
[Pull(S,N)];0
[Pull(S,N)];0
[Pull(S,N)];1
[Pull(S,N)];0
[Pull(S,N)];0
[Pull(S,N)];0
[Pull(S,N)];1
[Pull(S,N)];0
[Pull(S,N)];0
[Pull(S,N)];1
[Pull(S,N)];0
[Pull(S,N)];0
[Pull(S,N)];0
[Pull(S,N)];0
[Pull(S,N)];0
[Pull(S,N)];0
[Pull(S,N)];1
[Pull(S,N)];0
[Pull(S,N)];0
[Pull(S,N)];0
[Pull(S,N)];0
[Pull(S,N)];0
[Pull(S,N)];0
[Pull(S,N)];1
[Pull(S,N)];0
[Pull(S,N)];0
[Pull(S,N)];1
[Pull(S,N)];0
[Pull(S,N)];0
[Pull(S,N)];0
[Pull(S,N)];1
[Pull(S,N)];0
[Pull(S,N)];0
[Pull(S,N)];0
[Pull(S,N)];0
[Pull(S,N)];0
[Pull(S,N)];0
[Pull(S,N)];1
[Pull(S,N)];0
[Pull(S,N)];0
[Pull(S,N)];0
[Pull(S,N)];1
[Pull(S,N)];0
[Pull(S,N)];0
[Pull(S,N)];1
[Pull(S,N)];0
[Pull(S,N)];0
[Pull(S,N)];0
[Pull(S,N)];1
[Pull(S,N)];0
[Pull(S,N)];0
[Pull(S,N)];0
[Pull(S,N)];1
[Pull(S,N)];0
[Pull(S,N)];0
[Pull(S,N)];0
[Pull(S,N)];0
[Pull(W,N)];0
[Pull(W,E)];1
[Pull(W,E)];0
[Pull(N,E)];0
[Pull(N,S)];0
[Pull(N,S)];1
[Pull(N,S)];0
[Pull(N,S)];0
[Pull(N,S)];1
[Pull(N,S)];0
[Pull(N,S)];0
[Pull(N,S)];0
[Pull(N,S)];1
[Pull(N,S)];0
[Pull(N,S)];0
[Pull(N,S)];0
[Pull(N,S)];0
[Pull(N,S)];0
[Pull(N,S)];0
[Pull(N,S)];1
[Pull(N,S)];0
[Pull(N,S)];0
[Pull(N,S)];0
[Pull(N,S)];1
[Pull(N,S)];0
[Pull(N,S)];0
[Pull(N,S)];0
[Pull(N,S)];1
[Pull(N,S)];0
[Pull(N,S)];0
[Pull(N,S)];1
[Pull(N,S)];0
[Pull(N,S)];0
[Pull(N,S)];1
[Pull(N,S)];0
[Pull(N,S)];0
[Pull(N,S)];0
[Pull(N,S)];1
[Pull(N,S)];0
[Pull(N,S)];0
[Pull(N,S)];0
[Pull(N,S)];1
[Pull(N,S)];0
[Pull(N,S)];0
[Pull(N,S)];0
[Pull(N,S)];1
[Pull(N,S)];0
[Pull(N,S)];0
[Pull(N,S)];0
[Pull(N,S)];0
[Pull(N,S)];0
[Pull(N,S)];0
[Pull(N,S)];1
[Pull(N,S)];0
[Pull(N,S)];0
[Pull(N,S)];0
[Pull(N,S)];1
[Pull(N,S)];0
[Pull(N,S)];0
[Pull(N,S)];0
[Pull(N,S)];1
[Pull(N,S)];0
[Pull(N,S)];0
[Pull(N,S)];0
[Pull(N,S)];0
[Pull(N,S)];0
[Pull(N,S)];0
[Pull(N,S)];1
[Pull(N,S)];0
[Pull(N,S)];0
[Pull(W,S)];0
[Pull(W,E)];1
[Pull(S,E)];0
[Pull(W,N)];0
[Pull(S,E)];0
[Pull(S,N)];1
[Pull(S,N)];0
[Pull(S,N)];0
[Pull(S,N)];0
[Pull(S,N)];1
[Pull(S,N)];0
[Pull(S,N)];0
[Pull(S,N)];0
[Pull(S,N)];1
[Pull(S,N)];0
[Pull(S,N)];0
[Pull(S,N)];0
[Pull(S,N)];1
[Pull(S,N)];0
[Pull(S,N)];0
[Pull(S,N)];0
[Pull(S,N)];1
[Pull(S,N)];0
[Pull(S,N)];0
[Pull(S,N)];0
[Pull(S,N)];1
[Pull(S,N)];0
[Pull(S,N)];0
[Pull(S,N)];0
[Pull(S,N)];0
[Pull(S,N)];0
[Pull(S,N)];0
[Pull(S,N)];0
[Pull(S,N)];0
[Pull(S,N)];0
[Pull(S,N)];0
[Pull(S,N)];1
[Pull(S,N)];0
[Pull(S,N)];0
[Pull(S,N)];0
[Pull(S,N)];1
[Pull(S,N)];0
[Pull(S,N)];0
[Pull(S,N)];0
[Pull(S,N)];1
[Pull(S,N)];0
[Pull(S,N)];0
[Pull(S,N)];0
[Pull(S,N)];1
[Pull(S,N)];0
[Pull(S,N)];0
[Pull(S,N)];0
[Pull(S,N)];1
[Pull(S,N)];0
[Pull(S,N)];0
[Pull(S,N)];0
[Pull(S,N)];1
[Pull(S,N)];0
[Pull(S,N)];0
[Pull(S,N)];0
[Pull(S,N)];1
[Pull(S,N)];0
[Pull(S,N)];0
[Pull(S,N)];0
[Pull(S,N)];1
[Pull(S,N)];0
[Pull(S,N)];0
[Pull(S,N)];0
[Pull(S,N)];0
[Pull(S,N)];0
[Pull(W,N)];0
[Pull(W,E)];0
[Pull(W,E)];0
[Pull(N,E)];0
[Pull(N,S)];0
[Pull(N,S)];0
[Pull(N,S)];0
[Pull(N,S)];0
[Pull(N,S)];0
[Pull(N,S)];0
[Pull(N,S)];1
[Pull(N,S)];0
[Pull(N,S)];0
[Pull(N,S)];0
[Pull(N,S)];1
[Pull(N,S)];0
[Pull(N,S)];0
[Pull(N,S)];0
[Pull(N,S)];1
[Pull(N,S)];0
[Pull(N,S)];0
[Pull(N,S)];0
[Pull(N,S)];1
[Pull(N,S)];0
[Pull(N,S)];0
[Pull(N,S)];0
[Pull(N,S)];1
[Pull(N,S)];0
[Pull(N,S)];0
[Pull(N,S)];0
[Pull(N,S)];1
[Pull(N,S)];0
[Pull(N,S)];0
[Pull(N,S)];0
[Pull(N,S)];1
[Pull(N,S)];0
[Pull(N,S)];0
[Pull(N,S)];0
[Pull(N,S)];1
[Pull(N,S)];0
[Pull(N,S)];0
[Pull(N,S)];0
[Pull(N,S)];0
[Pull(N,S)];0
[Pull(N,S)];0
[Pull(N,S)];0
[Pull(N,S)];0
[Pull(N,S)];0
[Pull(N,S)];0
[Pull(N,S)];0
[Pull(N,S)];0
[Pull(N,S)];1
[Pull(N,S)];0
[Pull(N,S)];0
[Pull(N,S)];0
[Pull(N,S)];1
[Pull(N,S)];0
[Pull(N,S)];0
[Pull(N,S)];0
[Pull(N,S)];1
[Pull(N,S)];0
[Pull(N,S)];0
[Pull(N,S)];0
[Pull(N,S)];1
[Pull(N,S)];0
[Pull(N,S)];0
[Pull(N,S)];0
[Pull(N,S)];0
[Pull(N,S)];1
[Pull(N,S)];0
[Pull(W,S)];0
[Pull(W,E)];0
[Pull(S,E)];1
[Pull(W,N)];0
[Pull(S,E)];0
[Pull(S,N)];0
[Pull(S,N)];1
[Pull(S,N)];0
[Pull(S,N)];0
[Pull(S,N)];0
[Pull(S,N)];1
[Pull(S,N)];0
[Pull(S,N)];0
[Pull(S,N)];0
[Pull(S,N)];1
[Pull(S,N)];0
[Pull(S,N)];0
[Pull(S,N)];0
[Pull(S,N)];1
[Pull(S,N)];0
[Pull(S,N)];0
[Pull(S,N)];0
[Pull(S,N)];1
[Pull(S,N)];0
[Pull(S,N)];0
[Pull(S,N)];0
[Pull(S,N)];0
[Pull(S,N)];0
[Pull(S,N)];0
[Pull(S,N)];0
[Pull(S,N)];0
[Pull(S,N)];1
[Pull(S,N)];0
[Pull(S,N)];0
[Pull(S,N)];0
[Pull(S,N)];1
[Pull(S,N)];0
[Pull(S,N)];0
[Pull(S,N)];0
[Pull(S,N)];0
[Pull(S,N)];0
[Pull(S,N)];0
[Pull(S,N)];0
[Pull(S,N)];1
[Pull(S,N)];0
[Pull(S,N)];0
[Pull(S,N)];0
[Pull(S,N)];1
[Pull(S,N)];0
[Pull(S,N)];0
[Pull(S,N)];0
[Pull(S,N)];1
[Pull(S,N)];0
[Pull(S,N)];0
[Pull(S,N)];0
[Pull(S,N)];1
[Pull(S,N)];0
[Pull(S,N)];0
[Pull(S,N)];0
[Pull(S,N)];1
[Pull(S,N)];0
[Pull(S,N)];0
[Pull(S,N)];0
[Pull(S,N)];1
[Pull(S,N)];7
[Pull(S,N)];1
[Pull(S,N)];0
[Pull(S,N)];0
[Pull(S,N)];0
[Pull(S,N)];0
[Pull(W,N)];0
[Pull(W,E)];0
[Pull(W,E)];0
[Pull(N,E)];0
[Pull(N,S)];1
[Pull(N,S)];0
[Pull(N,S)];0
[Pull(N,S)];0
[Pull(N,S)];1
[Pull(N,S)];0
[Pull(N,S)];0
[Pull(N,S)];0
[Pull(N,S)];1
[Pull(N,S)];0
[Pull(N,S)];0
[Pull(N,S)];0
[Pull(N,S)];0
[Pull(N,S)];1
[Pull(N,S)];0
[Pull(N,S)];0
[Pull(N,S)];1
[Pull(N,S)];0
[Pull(N,S)];0
[Pull(N,S)];1
[Pull(N,S)];0
[Pull(N,S)];0
[Pull(N,S)];0
[Pull(N,S)];0
[Pull(N,S)];1
[Pull(N,S)];0
[Pull(N,S)];0
[Pull(N,S)];0
[Pull(N,S)];1
[Pull(N,S)];0
[Pull(N,S)];0
[Pull(N,S)];0
[Pull(N,S)];0
[Pull(N,S)];1
[Pull(N,S)];0
[Pull(N,S)];0
[Pull(N,S)];0
[Pull(N,S)];0
[Pull(N,S)];0
[Pull(N,S)];0
[Pull(N,S)];0
[Pull(N,S)];0
[Pull(N,S)];1
[Pull(N,S)];0
[Pull(N,S)];0
[Pull(N,S)];0
[Pull(N,S)];0
[Pull(N,S)];1
[Pull(N,S)];0
[Pull(N,S)];0
[Pull(N,S)];0
[Pull(N,S)];1
[Pull(N,S)];0
[Pull(N,S)];0
[Pull(N,S)];0
[Pull(N,S)];0
[Pull(N,S)];0
[Pull(N,S)];0
[Pull(N,S)];0
[Pull(N,S)];1
[Pull(N,S)];0
[Pull(N,S)];0
[Pull(N,S)];1
[Pull(N,S)];0
[Pull(N,S)];0
[Pull(N,S)];0
[Pull(W,S)];0
[Pull(W,E)];1
[Pull(S,E)];0
[Pull(W,N)];0
[Pull(S,E)];0
[Pull(S,N)];0
[Pull(S,N)];0
[Pull(S,N)];0
[Pull(S,N)];0
[Pull(S,N)];1
[Pull(S,N)];0
[Pull(S,N)];0
[Pull(S,N)];0
[Pull(S,N)];0
[Pull(S,N)];1
[Pull(S,N)];0
[Pull(S,N)];0
[Pull(S,N)];0
[Pull(S,N)];0
[Pull(S,N)];1
[Pull(S,N)];0
[Pull(S,N)];0
[Pull(S,N)];0
[Pull(S,N)];0
[Pull(S,N)];1
[Pull(S,N)];0
[Pull(S,N)];0
[Pull(S,N)];0
[Pull(S,N)];0
[Pull(S,N)];1
[Pull(S,N)];0
[Pull(S,N)];0
[Pull(S,N)];0
[Pull(S,N)];0
[Pull(S,N)];1
[Pull(S,N)];0
[Pull(S,N)];0
[Pull(S,N)];0
[Pull(S,N)];0
[Pull(S,N)];1
[Pull(S,N)];0
[Pull(S,N)];0
[Pull(S,N)];0
[Pull(S,N)];0
[Pull(S,N)];0
[Pull(S,N)];0
[Pull(S,N)];0
[Pull(S,N)];0
[Pull(S,N)];0
[Pull(S,N)];0
[Pull(S,N)];0
[Pull(S,N)];0
[Pull(S,N)];0
[Pull(S,N)];0
[Pull(S,N)];0
[Pull(S,N)];0
[Pull(S,N)];0
[Pull(S,N)];0
[Pull(S,N)];0
[Pull(S,N)];0
[Pull(S,N)];0
[Pull(S,N)];0
[Pull(S,N)];0
[Pull(S,N)];0
[Pull(S,N)];1
[Pull(S,N)];0
[Pull(S,N)];0
[Pull(S,N)];0
[Pull(S,N)];0
[Pull(S,N)];1
[Pull(W,N)];0
[Pull(W,E)];0
[Pull(W,E)];0
[Pull(N,E)];0
[Pull(N,S)];1
[Pull(N,S)];0
[Pull(N,S)];0
[Pull(N,S)];0
[Pull(N,S)];0
[Pull(N,S)];1
[Pull(N,S)];0
[Pull(N,S)];0
[Pull(N,S)];0
[Pull(N,S)];0
[Pull(N,S)];1
[Pull(N,S)];0
[Pull(N,S)];0
[Pull(N,S)];0
[Pull(N,S)];0
[Pull(N,S)];1
[Pull(N,S)];0
[Pull(N,S)];0
[Pull(N,S)];0
[Pull(N,S)];0
[Pull(N,S)];0
[Pull(N,S)];0
[Pull(N,S)];0
[Pull(N,S)];0
[Pull(N,S)];0
[Pull(N,S)];0
[Pull(N,S)];1
[Pull(N,S)];0
[Pull(N,S)];0
[Pull(N,S)];0
[Pull(N,S)];0
[Pull(N,S)];1
[Pull(N,S)];0
[Pull(N,S)];0
[Pull(N,S)];0
[Pull(N,S)];0
[Pull(N,S)];1
[Pull(N,S)];0
[Pull(N,S)];0
[Pull(N,S)];0
[Pull(N,S)];0
[Pull(N,S)];0
[Pull(N,S)];1
[Pull(N,S)];0
[Pull(N,S)];0
[Pull(N,S)];0
[Pull(N,S)];0
[Pull(N,S)];1
[Pull(N,S)];0
[Pull(N,S)];0
[Pull(N,S)];0
[Pull(N,S)];0
[Pull(N,S)];0
[Pull(N,S)];0
[Pull(N,S)];0
[Pull(N,S)];0
[Pull(N,S)];0
[Pull(N,S)];0
[Pull(N,S)];1
[Pull(N,S)];0
[Pull(N,S)];0
[Pull(N,S)];0
[Pull(N,S)];0
[Pull(N,S)];0
[Pull(N,S)];1
[Pull(N,S)];0
[Pull(W,S)];0
[Pull(W,E)];0
[Pull(S,E)];0
[Pull(W,N)];0
[Pull(S,E)];1
[Pull(S,N)];0
[Pull(S,N)];0
[Pull(S,N)];0
[Pull(S,N)];0
[Pull(S,N)];0
[Pull(S,N)];0
[Pull(S,N)];0
[Pull(S,N)];0
[Pull(S,N)];0
[Pull(S,N)];0
[Pull(S,N)];0
[Pull(S,N)];0
[Pull(S,N)];0
[Pull(S,N)];0
[Pull(S,N)];0
[Pull(S,N)];0
[Pull(S,N)];1
[Pull(S,N)];0
[Pull(S,N)];0
[Pull(S,N)];0
[Pull(S,N)];0
[Pull(S,N)];0
[Pull(S,N)];1
[Pull(S,N)];0
[Pull(S,N)];0
[Pull(S,N)];0
[Pull(S,N)];0
[Pull(S,N)];0
[Pull(S,N)];1
[Pull(S,N)];0
[Pull(S,N)];0
[Pull(S,N)];0
[Pull(S,N)];0
[Pull(S,N)];0
[Pull(S,N)];1
[Pull(S,N)];0
[Pull(S,N)];0
[Pull(S,N)];0
[Pull(S,N)];0
[Pull(S,N)];0
[Pull(S,N)];0
[Pull(S,N)];0
[Pull(S,N)];0
[Pull(S,N)];0
[Pull(S,N)];0
[Pull(S,N)];0
[Pull(S,N)];0
[Pull(S,N)];0
[Pull(S,N)];0
[Pull(S,N)];0
[Pull(S,N)];0
[Pull(S,N)];0
[Pull(S,N)];0
[Pull(S,N)];0
[Pull(S,N)];0
[Pull(S,N)];0
[Pull(S,N)];0
[Pull(S,N)];0
[Pull(S,N)];0
[Pull(S,N)];0
[Pull(S,N)];0
[Pull(S,N)];0
[Pull(S,N)];0
[Pull(S,N)];0
[Pull(S,N)];0
[Pull(W,N)];1
[Pull(W,E)];0
[Pull(W,E)];0
[Pull(N,E)];0
[Pull(N,S)];0
[Pull(N,S)];0
[Pull(N,S)];0
[Pull(N,S)];0
[Pull(N,S)];0
[Pull(N,S)];0
[Pull(N,S)];0
[Pull(N,S)];0
[Pull(N,S)];0
[Pull(N,S)];0
[Pull(N,S)];0
[Pull(N,S)];0
[Pull(N,S)];0
[Pull(N,S)];0
[Pull(N,S)];0
[Pull(N,S)];0
[Pull(N,S)];0
[Pull(N,S)];0
[Pull(N,S)];0
[Pull(N,S)];0
[Pull(N,S)];0
[Pull(N,S)];0
[Pull(N,S)];0
[Pull(N,S)];0
[Pull(N,S)];0
[Pull(N,S)];0
[Pull(N,S)];1
[Pull(N,S)];0
[Pull(N,S)];0
[Pull(N,S)];0
[Pull(N,S)];0
[Pull(N,S)];0
[Pull(N,S)];1
[Pull(N,S)];0
[Pull(N,S)];0
[Pull(N,S)];0
[Pull(N,S)];0
[Pull(N,S)];0
[Pull(N,S)];1
[Pull(N,S)];0
[Pull(N,S)];0
[Pull(N,S)];0
[Pull(N,S)];0
[Pull(N,S)];0
[Pull(N,S)];1
[Pull(N,S)];0
[Pull(N,S)];0
[Pull(N,S)];0
[Pull(N,S)];0
[Pull(N,S)];0
[Pull(N,S)];0
[Pull(N,S)];1
[Pull(N,S)];0
[Pull(N,S)];0
[Pull(N,S)];0
[Pull(N,S)];0
[Pull(N,S)];0
[Pull(N,S)];0
[Pull(N,S)];0
[Pull(N,S)];0
[Pull(N,S)];0
[Pull(N,S)];0
[Pull(N,S)];0
[Pull(N,S)];0
[Pull(N,S)];1
[Pull(N,S)];0
[Pull(W,S)];0
[Pull(W,E)];0
[Pull(S,E)];0
[Pull(W,N)];0
[Pull(S,E)];0
[Pull(S,N)];0
[Pull(S,N)];0
[Pull(S,N)];0
[Pull(S,N)];0
[Pull(S,N)];0
[Pull(S,N)];0
[Pull(S,N)];1
[Pull(S,N)];0
[Pull(S,N)];0
[Pull(S,N)];0
[Pull(S,N)];0
[Pull(S,N)];0
[Pull(S,N)];0
[Pull(S,N)];1
[Pull(S,N)];0
[Pull(S,N)];0
[Pull(S,N)];0
[Pull(S,N)];0
[Pull(S,N)];0
[Pull(S,N)];0
[Pull(S,N)];0
[Pull(S,N)];0
[Pull(S,N)];0
[Pull(S,N)];0
[Pull(S,N)];0
[Pull(S,N)];0
[Pull(S,N)];1
[Pull(S,N)];0
[Pull(S,N)];0
[Pull(S,N)];0
[Pull(S,N)];0
[Pull(S,N)];0
[Pull(S,N)];0
[Pull(S,N)];1
[Pull(S,N)];0
[Pull(S,N)];0
[Pull(S,N)];0
[Pull(S,N)];0
[Pull(S,N)];0
[Pull(S,N)];0
[Pull(S,N)];1
[Pull(S,N)];0
[Pull(S,N)];0
[Pull(S,N)];0
[Pull(S,N)];0
[Pull(S,N)];0
[Pull(S,N)];1
[Pull(S,N)];0
[Pull(S,N)];0
[Pull(S,N)];0
[Pull(S,N)];0
[Pull(S,N)];0
[Pull(S,N)];0
[Pull(S,N)];1
[Pull(S,N)];0
[Pull(S,N)];0
[Pull(S,N)];0
[Pull(S,N)];1
[Pull(S,N)];0
[Pull(S,N)];0
[Pull(S,N)];1
[Pull(S,N)];0
[Pull(S,N)];0
[Pull(S,N)];0
[Pull(S,N)];1
[Pull(W,N)];0
[Pull(W,E)];0
[Pull(W,E)];1
[Pull(N,E)];0
[Pull(N,S)];0
[Pull(N,S)];0
[Pull(N,S)];0
[Pull(N,S)];1
[Pull(N,S)];0
[Pull(N,S)];0
[Pull(N,S)];0
[Pull(N,S)];0
[Pull(N,S)];0
[Pull(N,S)];0
[Pull(N,S)];1
[Pull(N,S)];0
[Pull(N,S)];0
[Pull(N,S)];0
[Pull(N,S)];0
[Pull(N,S)];0
[Pull(N,S)];0
[Pull(N,S)];0
[Pull(N,S)];1
[Pull(N,S)];0
[Pull(N,S)];0
[Pull(N,S)];0
[Pull(N,S)];0
[Pull(N,S)];0
[Pull(N,S)];0
[Pull(N,S)];1
[Pull(N,S)];0
[Pull(N,S)];0
[Pull(N,S)];0
[Pull(N,S)];0
[Pull(N,S)];0
[Pull(N,S)];0
[Pull(N,S)];1
[Pull(N,S)];0
[Pull(N,S)];0
[Pull(N,S)];0
[Pull(N,S)];0
[Pull(N,S)];0
[Pull(N,S)];0
[Pull(N,S)];0
[Pull(N,S)];0
[Pull(N,S)];0
[Pull(N,S)];0
[Pull(N,S)];0
[Pull(N,S)];0
[Pull(N,S)];0
[Pull(N,S)];0
[Pull(N,S)];1
[Pull(N,S)];0
[Pull(N,S)];0
[Pull(N,S)];0
[Pull(N,S)];0
[Pull(N,S)];0
[Pull(N,S)];0
[Pull(N,S)];1
[Pull(N,S)];0
[Pull(N,S)];0
[Pull(N,S)];0
[Pull(N,S)];0
[Pull(N,S)];0
[Pull(N,S)];0
[Pull(N,S)];0
[Pull(N,S)];1
[Pull(N,S)];0
[Pull(N,S)];0
[Pull(N,S)];0
[Pull(W,S)];0
[Pull(W,E)];0
[Pull(S,E)];0
[Pull(W,N)];0
[Pull(S,E)];0
[Pull(S,N)];0
[Pull(S,N)];0
[Pull(S,N)];0
[Pull(S,N)];0
[Pull(S,N)];0
[Pull(S,N)];1
[Pull(S,N)];0
[Pull(S,N)];0
[Pull(S,N)];0
[Pull(S,N)];0
[Pull(S,N)];0
[Pull(S,N)];0
[Pull(S,N)];0
[Pull(S,N)];1
[Pull(S,N)];0
[Pull(S,N)];0
[Pull(S,N)];0
[Pull(S,N)];0
[Pull(S,N)];0
[Pull(S,N)];0
[Pull(S,N)];0
[Pull(S,N)];0
[Pull(S,N)];0
[Pull(S,N)];0
[Pull(S,N)];0
[Pull(S,N)];0
[Pull(S,N)];0
[Pull(S,N)];0
[Pull(S,N)];0
[Pull(S,N)];0
[Pull(S,N)];0
[Pull(S,N)];0
[Pull(S,N)];0
[Pull(S,N)];0
[Pull(S,N)];0
[Pull(S,N)];0
[Pull(S,N)];1
[Pull(S,N)];0
[Pull(S,N)];0
[Pull(S,N)];0
[Pull(S,N)];0
[Pull(S,N)];0
[Pull(S,N)];0
[Pull(S,N)];0
[Pull(S,N)];1
[Pull(S,N)];0
[Pull(S,N)];0
[Pull(S,N)];0
[Pull(S,N)];0
[Pull(S,N)];0
[Pull(S,N)];0
[Pull(S,N)];0
[Pull(S,N)];1
[Pull(S,N)];0
[Pull(S,N)];0
[Pull(S,N)];0
[Pull(S,N)];0
[Pull(S,N)];0
[Pull(S,N)];0
[Pull(S,N)];0
[Pull(S,N)];1
[Pull(S,N)];0
[Pull(S,N)];0
[Pull(S,N)];0
[Pull(S,N)];0
[Pull(W,N)];0
[Pull(W,E)];0
[Pull(W,E)];0
[Pull(N,E)];1
[Pull(N,S)];0
[Pull(N,S)];0
[Pull(N,S)];0
[Pull(N,S)];0
[Pull(N,S)];0
[Pull(N,S)];0
[Pull(N,S)];1
[Pull(N,S)];0
[Pull(N,S)];0
[Pull(N,S)];0
[Pull(N,S)];0
[Pull(N,S)];0
[Pull(N,S)];0
[Pull(N,S)];0
[Pull(N,S)];1
[Pull(N,S)];0
[Pull(N,S)];0
[Pull(N,S)];0
[Pull(N,S)];0
[Pull(N,S)];0
[Pull(N,S)];0
[Pull(N,S)];0
[Pull(N,S)];0
[Pull(N,S)];1
[Pull(N,S)];0
[Pull(N,S)];0
[Pull(N,S)];0
[Pull(N,S)];0
[Pull(N,S)];0
[Pull(N,S)];0
[Pull(N,S)];0
[Pull(N,S)];0
[Pull(N,S)];0
[Pull(N,S)];0
[Pull(N,S)];0
[Pull(N,S)];0
[Pull(N,S)];0
[Pull(N,S)];0
[Pull(N,S)];0
[Pull(N,S)];0
[Pull(N,S)];0
[Pull(N,S)];0
[Pull(N,S)];0
[Pull(N,S)];0
[Pull(N,S)];0
[Pull(N,S)];0
[Pull(N,S)];0
[Pull(N,S)];0
[Pull(N,S)];0
[Pull(N,S)];0
[Pull(N,S)];1
[Pull(N,S)];0
[Pull(N,S)];0
[Pull(N,S)];0
[Pull(N,S)];0
[Pull(N,S)];0
[Pull(N,S)];0
[Pull(N,S)];0
[Pull(N,S)];0
[Pull(N,S)];1
[Pull(N,S)];0
[Pull(N,S)];0
[Pull(N,S)];0
[Pull(N,S)];0
[Pull(N,S)];0
[Pull(N,S)];0
[Pull(W,S)];0
[Pull(W,E)];0
[Pull(S,E)];1
[Pull(W,N)];0
[Pull(S,E)];0
[Pull(S,N)];0
[Pull(S,N)];0
[Pull(S,N)];0
[Pull(S,N)];0
[Pull(S,N)];0
[Pull(S,N)];0
[Pull(S,N)];1
[Pull(S,N)];0
[Pull(S,N)];0
[Pull(S,N)];0
[Pull(S,N)];0
[Pull(S,N)];0
[Pull(S,N)];0
[Pull(S,N)];0
[Pull(S,N)];0
[Pull(S,N)];1
[Pull(S,N)];0
[Pull(S,N)];0
[Pull(S,N)];0
[Pull(S,N)];0
[Pull(S,N)];0
[Pull(S,N)];0
[Pull(S,N)];0
[Pull(S,N)];0
[Pull(S,N)];0
[Pull(S,N)];1
[Pull(S,N)];0
[Pull(S,N)];0
[Pull(S,N)];0
[Pull(S,N)];0
[Pull(S,N)];0
[Pull(S,N)];0
[Pull(S,N)];0
[Pull(S,N)];0
[Pull(S,N)];1
[Pull(S,N)];0
[Pull(S,N)];0
[Pull(S,N)];0
[Pull(S,N)];0
[Pull(S,N)];0
[Pull(S,N)];0
[Pull(S,N)];0
[Pull(S,N)];0
[Pull(S,N)];0
[Pull(S,N)];1
[Pull(S,N)];0
[Pull(S,N)];0
[Pull(S,N)];0
[Pull(S,N)];0
[Pull(S,N)];0
[Pull(S,N)];0
[Pull(S,N)];0
[Pull(S,N)];0
[Pull(S,N)];0
[Pull(S,N)];0
[Pull(S,N)];0
[Pull(S,N)];0
[Pull(S,N)];0
[Pull(S,N)];0
[Pull(S,N)];0
[Pull(S,N)];0
[Pull(S,N)];1
[Pull(S,N)];0
[Pull(S,N)];0
[Pull(S,N)];0
[Pull(W,N)];0
[Pull(W,E)];0
[Pull(W,E)];0
[Pull(N,E)];1
[Pull(N,S)];0
[Pull(N,S)];0
[Pull(N,S)];0
[Pull(N,S)];0
[Pull(N,S)];0
[Pull(N,S)];0
[Pull(N,S)];1
[Pull(N,S)];0
[Pull(N,S)];0
[Pull(N,S)];0
[Pull(N,S)];0
[Pull(N,S)];0
[Pull(N,S)];0
[Pull(N,S)];0
[Pull(N,S)];0
[Pull(N,S)];0
[Pull(N,S)];0
[Pull(N,S)];0
[Pull(N,S)];0
[Pull(N,S)];0
[Pull(N,S)];0
[Pull(N,S)];1
[Pull(N,S)];0
[Pull(N,S)];0
[Pull(N,S)];0
[Pull(N,S)];0
[Pull(N,S)];0
[Pull(N,S)];0
[Pull(N,S)];0
[Pull(N,S)];1
[Pull(N,S)];0
[Pull(N,S)];0
[Pull(N,S)];0
[Pull(N,S)];0
[Pull(N,S)];0
[Pull(N,S)];0
[Pull(N,S)];1
[Pull(N,S)];0
[Pull(N,S)];0
[Pull(N,S)];0
[Pull(N,S)];0
[Pull(N,S)];0
[Pull(N,S)];0
[Pull(N,S)];0
[Pull(N,S)];1
[Pull(N,S)];0
[Pull(N,S)];0
[Pull(N,S)];0
[Pull(N,S)];0
[Pull(N,S)];0
[Pull(N,S)];0
[Pull(N,S)];0
[Pull(N,S)];1
[Pull(N,S)];0
[Pull(N,S)];0
[Pull(N,S)];0
[Pull(N,S)];0
[Pull(N,S)];0
[Pull(N,S)];0
[Pull(N,S)];0
[Pull(N,S)];1
[Pull(N,S)];0
[Pull(N,S)];0
[Pull(N,S)];0
[Pull(N,S)];0
[Pull(N,S)];0
[Pull(W,S)];0
[Pull(W,E)];0
[Pull(S,E)];1
[Pull(W,N)];0
[Pull(S,E)];0
[Pull(S,N)];0
[Pull(S,N)];0
[Pull(S,N)];0
[Pull(S,N)];0
[Pull(S,N)];0
[Pull(S,N)];1
[Pull(S,N)];0
[Pull(S,N)];0
[Pull(S,N)];0
[Pull(S,N)];0
[Pull(S,N)];0
[Pull(S,N)];0
[Pull(S,N)];0
[Pull(S,N)];0
[Pull(S,N)];1
[Pull(S,N)];0
[Pull(S,N)];0
[Pull(S,N)];0
[Pull(S,N)];0
[Pull(S,N)];0
[Pull(S,N)];0
[Pull(S,N)];0
[Pull(S,N)];0
[Pull(S,N)];0
[Pull(S,N)];1
[Pull(S,N)];0
[Pull(S,N)];0
[Pull(S,N)];0
[Pull(S,N)];0
[Pull(S,N)];0
[Pull(S,N)];0
[Pull(S,N)];0
[Pull(S,N)];0
[Pull(S,N)];0
[Pull(S,N)];0
[Pull(S,N)];0
[Pull(S,N)];0
[Pull(S,N)];1
[Pull(S,N)];0
[Pull(S,N)];0
[Pull(S,N)];0
[Pull(S,N)];0
[Pull(S,N)];0
[Pull(S,N)];0
[Pull(S,N)];0
[Pull(S,N)];0
[Pull(S,N)];0
[Pull(S,N)];0
[Pull(S,N)];0
[Pull(S,N)];0
[Pull(S,N)];0
[Pull(S,N)];0
[Pull(S,N)];0
[Pull(S,N)];0
[Pull(S,N)];0
[Pull(S,N)];0
[Pull(S,N)];0
[Pull(S,N)];0
[Pull(S,N)];0
[Pull(S,N)];0
[Pull(S,N)];0
[Pull(S,N)];1
[Pull(S,N)];0
[Pull(S,N)];0
[Pull(S,N)];0
[Pull(W,N)];0
[Push(N,E)];0
[Push(E,N)];0
[Push(S,W)];0
[Push(W,W)];0
[Push(W,W)];0
[Push(W,N)];0
[Push(N,N)];0
[Push(N,N)];0
[Push(N,N)];0
[Push(N,N)];0
[Push(N,N)];0
[Push(N,N)];0
[Push(N,N)];0
[Push(N,N)];0
[Push(N,N)];0
[Push(N,N)];0
[Push(N,N)];0
[Push(N,N)];0
[Push(N,N)];0
[Push(N,N)];0
[Push(N,N)];0
[Push(N,N)];0
[Push(N,N)];0
[Push(N,N)];0
[Push(N,N)];0
[Push(N,N)];0
[Push(N,N)];0
[Push(N,N)];0
[Push(N,N)];0
[Push(N,N)];1
[Push(N,N)];0
[Push(N,N)];0
[Push(N,N)];0
[Push(N,N)];0
[Push(N,N)];0
[Push(N,N)];0
[Push(N,N)];0
[Push(N,N)];0
[Push(N,N)];0
[Push(N,N)];0
[Push(N,N)];0
[Push(N,N)];0
[Push(N,N)];0
[Push(N,N)];1
[Push(N,N)];0
[Push(N,N)];0
[Push(N,N)];0
[Push(N,N)];0
[Push(N,N)];0
[Push(N,N)];0
[Push(N,N)];0
[Push(N,N)];0
[Push(N,N)];0
[Push(N,N)];0
[Push(N,N)];0
[Push(N,N)];0
[Push(N,N)];0
[Push(N,N)];0
[Push(N,N)];0
[Push(N,N)];0
[Push(N,N)];0
[Push(N,N)];0
[Push(N,N)];0
[Push(N,N)];0
[Push(N,N)];0
[Push(N,N)];0
[Push(N,N)];0
[Push(N,N)];0
[Push(N,N)];0
[Push(N,N)];0
[Push(N,N)];0
[Push(N,N)];0
[Push(N,W)];0
[Push(W,W)];0
[Push(W,S)];0
[Push(S,W)];0
[Push(W,S)];0
[Push(S,S)];0
[Push(S,S)];0
[Push(S,S)];0
[Push(S,S)];0
[Push(S,S)];0
[Push(S,S)];0
[Push(S,S)];0
[Push(S,S)];0
[Push(S,S)];0
[Push(S,S)];0
[Push(S,S)];0
[Push(S,S)];0
[Push(S,S)];0
[Push(S,S)];0
[Push(S,S)];0
[Push(S,S)];0
[Push(S,S)];0
[Push(S,S)];0
[Push(S,S)];0
[Push(S,S)];0
[Push(S,S)];0
[Push(S,S)];0
[Push(S,S)];0
[Push(S,S)];1
[Push(S,S)];0
[Push(S,S)];0
[Push(S,S)];0
[Push(S,S)];0
[Push(S,S)];0
[Push(S,S)];0
[Push(S,S)];0
[Push(S,S)];0
[Push(S,S)];0
[Push(S,S)];0
[Push(S,S)];0
[Push(S,S)];0
[Push(S,S)];0
[Push(S,S)];0
[Push(S,S)];0
[Push(S,S)];0
[Push(S,S)];0
[Push(S,S)];0
[Push(S,S)];0
[Push(S,S)];0
[Push(S,S)];0
[Push(S,S)];0
[Push(S,S)];0
[Push(S,S)];0
[Push(S,S)];0
[Push(S,S)];0
[Push(S,S)];0
[Push(S,S)];0
[Push(S,S)];0
[Push(S,S)];0
[Push(S,S)];0
[Push(S,S)];0
[Push(S,S)];0
[Push(S,S)];0
[Push(S,S)];0
[Push(S,S)];0
[Push(S,S)];0
[Push(S,S)];0
[Push(S,S)];0
[Push(S,S)];0
[Push(S,S)];0
6e95714da896a37da21b5d80b4f36b460d82aa68
successful
5970
3262
6c56d8085f43a3cd02b1333657da91609706e893
1495032678041
