+++
+ +++++++++++++++
+0GFEDCBAabcdefg+
+ +++++++++++++++
+        +
++ +++++++
 +++

[Pull(N,E)];86
[Push(S,S)];0
[Push(S,S)];0
[Push(S,E)];0
[Push(E,E)];0
[Push(E,E)];0
[Push(E,E)];1
[Push(E,E)];0
[Pull(W,E)];2
[Pull(W,E)];0
[Move(W)];1
[Move(W)];0
[Move(N)];0
[Move(N)];0
[Move(E)];0
[Pull(W,E)];0
[Pull(S,E)];0
[Push(N,N)];0
[Move(E)];0
[Move(E)];0
[Pull(W,E)];1
[Pull(W,E)];0
[Pull(S,E)];0
[Pull(S,N)];0
[Pull(E,N)];0
[Pull(E,W)];0
[Push(W,S)];0
[Move(W)];2
[Move(N)];0
[Move(N)];0
[Move(E)];0
[Move(E)];0
[Move(E)];1
[Pull(W,E)];0
[Pull(W,E)];0
[Pull(W,E)];0
[Pull(S,E)];0
[Pull(S,N)];0
[Pull(E,N)];1
[Pull(E,W)];0
[Push(E,E)];0
[Move(W)];0
[Pull(E,W)];0
81f208fcaa172b55055a009ddfc933d3ddbacb7b
unsuccessful
95
43
df9710ca1aa70bf86aefb6de7e703ea9a4a0f066
1495032994994
