+++++++++++++++++++
+JKM   PLNROQSY   +
++++   +++++++    +
+HFI   ABCXY      +
++++   +++++      +
+DEC              +
++++              +
+GAB              +
+++++++++++ ++++++++++
+++++++++++y      0+++
          + ++++++++c++++++++++++++
          + ++++++++ ++++++++++++++
          + + a  d  f  e b ++++++ +
          + ++++++++ ++++++++++++b+                       ++++++++++
          + ++++++++ ++++++++++++ ++++++++                +    x   +
          + +j k    i  h         g   a   +                + ++++++++
          + +++ +++++++++++++++++ ++++++++                + +
          + +            r     l+ +                    ++++ +
          + +++++++++++++ +++++++c+                    +s++ +
          + +      +     q      + ++++++++++++++++++++++ ++ +
          + +      + ++++ +++++Z++ Z    Z Z         Z Z+ ++ +
          + +      + ++++o+     Z  Z          Z Z   Z Z+ ++ +
          + +      + ++++ +     Z  Z    Z Z   Z Z      Z ++ +
          + +      + +np  ++++++++++++++++++++++++++++++ ++ +
          + +      + +m+++++++++++++++++++++++++++++++++ ++ +
          + ++++++++ +++++++++++++++++++++++++++++++++++y++ +++++++++
          +                                            + ++         +
          ++++++++++++++++++++++++++++++++++++++++++++ ++++++++++++ +
                                            ++++++++++ ++++++++++++ +
                                            ++++++++++ ++++++++++++ +
                                            ++++++++++  +++++++++++ +
                                            +X                      +
                                            +++++++++++++++++++++++++

[Move(W)];87
[Move(W)];6
[Move(W)];3
[Move(W)];4
[Move(W)];2
[Move(W)];2
[Move(W)];3
[Move(N)];3
[Move(N)];2
[Move(W)];3
[Move(W)];2
[Move(W)];2
[Move(W)];2
[Move(W)];2
[Move(W)];2
[Move(W)];2
[Move(N)];2
[Move(N)];1
[Pull(S,W)];59
[Pull(S,N)];2
[Push(N,E)];2
[Push(E,E)];2
[Push(E,E)];2
[Push(E,E)];2
[Push(E,E)];1
[Push(E,S)];2
[Push(S,E)];2
[Push(E,E)];2
[Push(E,S)];2
[Push(S,S)];1
[Push(S,S)];2
[Push(S,S)];2
[Push(S,S)];2
[Push(S,S)];1
[Push(S,S)];2
[Push(S,S)];2
[Push(S,S)];2
[Push(S,S)];1
[Push(S,S)];1
[Push(S,S)];2
[Push(S,S)];1
[Push(S,S)];1
[Push(S,S)];1
[Push(S,S)];2
[Push(S,S)];1
[Push(S,S)];1
[Push(S,S)];1
[Push(S,E)];2
[Push(E,E)];1
[Push(E,E)];1
[Push(E,E)];1
[Push(E,E)];1
[Push(E,E)];1
[Push(E,E)];2
[Push(E,E)];1
[Push(E,E)];1
[Push(E,N)];1
[Push(N,N)];1
[Push(N,N)];1
[Push(N,N)];1
[Push(N,N)];1
[Push(N,N)];1
[Push(N,N)];1
[Push(N,E)];2
[Push(E,E)];1
[Push(E,E)];1
[Push(E,E)];1
[Push(E,E)];1
[Push(E,N)];1
[Push(N,N)];1
[Push(N,W)];1
[Push(W,W)];1
[Push(W,W)];1
[Push(W,W)];1
[Push(W,W)];1
[Push(W,W)];1
[Push(W,W)];1
[Push(W,W)];1
[Push(W,W)];1
[Push(W,W)];1
[Push(W,N)];1
[Push(N,N)];1
[Push(N,E)];2
[Push(E,E)];1
[Push(E,E)];2
[Push(E,E)];1
[Push(E,E)];1
[Push(E,N)];1
[Push(N,N)];1
[Push(N,N)];1
[Push(N,N)];1
[Push(N,N)];2
[Move(S)];7
[Move(S)];2
[Move(S)];2
[Move(S)];1
[Move(W)];1
[Move(W)];2
[Move(W)];2
[Move(W)];2
[Move(W)];2
[Move(S)];1
[Move(S)];2
[Move(E)];1
[Move(E)];1
[Move(E)];1
[Move(E)];1
[Move(E)];1
[Move(E)];2
[Move(E)];1
[Move(E)];1
[Move(E)];1
[Move(E)];1
[Move(S)];1
[Move(S)];1
[Move(W)];1
[Move(W)];1
[Move(W)];1
[Move(W)];2
[Move(W)];1
[Move(S)];1
[Move(S)];1
[Move(S)];1
[Move(S)];1
[Move(S)];1
[Move(S)];0
[Move(S)];1
[Move(W)];1
[Move(W)];2
[Move(W)];0
[Move(W)];1
[Move(W)];1
[Move(W)];1
[Move(W)];0
[Move(W)];1
[Move(W)];1
[Move(N)];0
[Move(N)];1
[Move(N)];1
[Move(N)];1
[Move(N)];0
[Move(N)];1
[Move(N)];1
[Move(N)];1
[Move(N)];0
[Move(N)];1
[Move(N)];1
[Move(N)];0
[Move(N)];1
[Move(N)];1
[Move(N)];1
[Move(N)];0
[Move(N)];1
[Move(N)];1
[Move(N)];1
[Move(W)];0
[Move(W)];1
[Move(W)];1
[Move(W)];1
[Move(W)];0
[Move(N)];1
[Move(N)];1
[Move(N)];0
[Move(N)];1
[Pull(W,E)];11
[Push(E,S)];0
[Push(S,S)];1
[Push(S,E)];1
[Push(E,S)];1
[Push(S,E)];0
[Push(E,S)];1
[Push(S,E)];1
[Push(E,E)];1
[Push(E,E)];1
[Push(E,S)];0
[Push(S,S)];2
[Push(S,S)];1
[Push(S,S)];1
[Push(S,S)];1
[Push(S,S)];0
[Push(S,S)];0
[Push(S,S)];1
[Push(S,S)];1
[Push(S,S)];0
[Push(S,S)];0
[Push(S,S)];1
[Push(S,S)];1
[Push(S,S)];1
[Push(S,S)];0
[Push(S,S)];1
[Push(S,S)];1
[Push(S,S)];1
[Push(S,S)];0
[Push(S,E)];1
[Push(E,E)];1
[Push(E,E)];1
[Push(E,E)];0
[Push(E,E)];1
[Push(E,E)];1
[Push(E,E)];1
[Push(E,E)];0
[Push(E,E)];3
[Push(E,N)];2
[Push(N,N)];1
[Push(N,N)];1
[Push(N,N)];1
[Push(N,N)];1
[Push(N,N)];1
[Push(N,N)];1
[Push(N,E)];2
[Push(E,E)];1
[Push(E,E)];1
[Push(E,E)];1
[Push(E,E)];1
[Push(E,N)];2
[Push(N,N)];2
[Push(N,W)];2
[Push(W,W)];1
[Push(W,W)];2
[Push(W,W)];1
[Push(W,W)];1
[Push(W,W)];1
[Push(W,W)];1
[Push(W,W)];1
[Push(W,W)];1
[Push(W,W)];1
[Push(W,N)];2
[Push(N,N)];1
[Push(N,E)];1
[Push(E,E)];1
[Push(E,E)];1
[Push(E,E)];2
[Push(E,E)];1
[Push(E,N)];1
[Push(N,N)];1
[Push(N,N)];1
[Push(N,W)];1
[Push(W,W)];1
[Push(W,W)];1
[Push(W,W)];1
[Push(W,W)];1
[Push(W,W)];1
[Move(E)];5
[Move(E)];1
[Move(E)];1
[Move(E)];1
[Move(E)];1
[Move(S)];1
[Move(S)];2
[Move(S)];1
[Move(W)];1
[Move(W)];1
[Move(W)];1
[Move(W)];1
[Move(W)];1
[Move(S)];1
[Move(S)];1
[Move(E)];1
[Move(E)];1
[Move(E)];1
[Move(E)];1
[Move(E)];1
[Move(E)];1
[Move(E)];2
[Move(E)];1
[Move(E)];1
[Move(E)];1
[Move(S)];1
[Move(S)];1
[Move(W)];1
[Move(W)];1
[Move(W)];1
[Move(W)];1
[Move(W)];1
[Move(S)];2
[Move(S)];1
[Move(S)];1
[Move(S)];1
[Move(S)];1
[Move(S)];1
[Move(S)];2
[Move(W)];1
[Move(W)];1
[Move(W)];1
[Move(W)];1
[Move(W)];1
[Move(W)];1
[Move(W)];1
[Move(W)];1
[Move(W)];1
[Move(N)];1
[Move(N)];1
[Move(N)];1
[Move(N)];1
[Move(N)];1
[Move(N)];1
[Move(N)];1
[Move(N)];1
[Move(N)];1
[Move(N)];1
[Move(N)];1
[Move(N)];1
[Move(N)];1
[Move(N)];1
[Move(N)];1
[Move(N)];1
[Move(N)];1
[Move(N)];1
[Move(N)];1
[Move(W)];1
[Move(W)];1
[Move(W)];0
[Move(W)];1
[Move(W)];1
[Move(W)];1
[Move(W)];0
[Move(N)];1
[Move(N)];1
[Move(W)];0
[Pull(E,W)];2
[Pull(N,W)];1
[Pull(E,S)];0
[Push(W,N)];1
[Move(S)];4
[Move(W)];1
[Move(W)];1
[Pull(E,W)];19
[Pull(E,W)];1
[Pull(E,W)];2
[Pull(S,W)];1
[Pull(E,N)];1
[Pull(E,W)];1
[Pull(E,W)];1
[Pull(S,W)];1
[Pull(E,N)];1
[Pull(E,W)];1
[Pull(E,W)];1
[Pull(E,W)];1
[Push(W,S)];1
[Push(S,S)];1
[Push(S,S)];2
[Push(S,S)];1
[Push(S,S)];1
[Push(S,S)];1
[Push(S,S)];1
[Push(S,S)];2
[Push(S,S)];1
[Push(S,S)];1
[Push(S,S)];1
[Push(S,S)];1
[Push(S,S)];1
[Push(S,S)];1
[Push(S,S)];1
[Push(S,S)];1
[Push(S,S)];1
[Push(S,S)];1
[Push(S,S)];1
[Push(S,E)];1
[Push(E,E)];1
[Push(E,E)];2
[Push(E,E)];1
[Push(E,E)];1
[Push(E,E)];1
[Push(E,E)];1
[Push(E,E)];1
[Push(E,E)];3
[Push(E,N)];1
[Push(N,N)];0
[Push(N,N)];1
[Push(N,N)];1
[Push(N,N)];1
[Push(N,N)];0
[Push(N,N)];1
[Push(N,E)];1
[Push(E,E)];0
[Push(E,E)];1
[Push(E,E)];1
[Push(E,E)];0
[Push(E,N)];1
[Push(N,N)];1
[Push(N,W)];1
[Push(W,W)];0
[Push(W,W)];1
[Push(W,W)];1
[Push(W,W)];1
[Push(W,W)];0
[Push(W,W)];1
[Push(W,W)];1
[Push(W,W)];0
[Push(W,W)];1
[Push(W,N)];1
[Push(N,N)];0
[Push(N,E)];1
[Push(E,E)];1
[Push(E,E)];1
[Push(E,E)];0
[Push(E,E)];1
[Push(E,N)];1
[Push(N,N)];0
[Push(N,N)];1
[Push(N,W)];1
[Push(W,W)];0
[Push(W,W)];1
[Move(E)];3
[Move(E)];1
[Move(S)];0
[Move(S)];1
[Move(S)];1
[Move(W)];0
[Move(W)];1
[Move(W)];1
[Move(W)];0
[Move(W)];1
[Move(S)];1
[Move(S)];0
[Move(E)];1
[Move(E)];1
[Move(E)];0
[Move(E)];1
[Move(E)];1
[Move(E)];0
[Move(E)];1
[Move(E)];1
[Move(E)];0
[Move(E)];1
[Move(S)];1
[Move(S)];1
[Move(W)];0
[Move(W)];1
[Move(W)];1
[Move(W)];0
[Move(W)];1
[Move(S)];1
[Move(S)];0
[Move(S)];1
[Move(S)];1
[Move(S)];0
[Move(S)];1
[Move(S)];1
[Move(W)];0
[Move(W)];1
[Move(W)];1
[Move(W)];0
[Move(W)];1
[Move(W)];1
[Move(W)];0
[Move(W)];1
[Move(W)];1
[Move(N)];0
[Move(N)];1
[Move(N)];1
[Move(N)];0
[Move(N)];1
[Move(N)];1
[Move(N)];0
[Move(N)];1
[Move(N)];1
[Move(N)];0
[Move(N)];1
[Move(N)];1
[Move(N)];0
[Move(N)];1
[Move(N)];1
[Move(N)];0
[Move(N)];1
[Move(N)];1
[Move(N)];0
[Move(W)];1
[Move(W)];2
[Move(W)];1
[Move(W)];1
[Move(W)];0
[Move(W)];1
[Move(W)];1
[Pull(N,W)];10
[Push(S,E)];0
[Push(E,E)];1
[Push(E,E)];1
[Push(E,E)];0
[Push(E,E)];1
[Push(E,E)];1
[Push(E,E)];0
[Push(E,S)];0
[Push(S,S)];1
[Push(S,S)];1
[Push(S,S)];0
[Push(S,S)];1
[Push(S,S)];1
[Push(S,S)];0
[Push(S,S)];1
[Push(S,S)];1
[Push(S,S)];0
[Push(S,S)];1
[Push(S,S)];1
[Push(S,S)];0
[Push(S,S)];1
[Push(S,S)];1
[Push(S,S)];1
[Push(S,S)];0
[Push(S,S)];1
[Push(S,S)];1
[Push(S,E)];0
[Push(E,E)];1
[Push(E,E)];1
[Push(E,E)];0
[Push(E,E)];1
[Push(E,E)];1
[Push(E,E)];0
[Push(E,E)];1
[Push(E,E)];1
[Push(E,N)];0
[Push(N,N)];1
[Push(N,N)];1
[Push(N,N)];0
[Push(N,N)];1
[Push(N,N)];1
[Push(N,N)];1
[Push(N,E)];0
[Push(E,E)];1
[Push(E,E)];1
[Push(E,E)];0
[Push(E,E)];1
[Push(E,N)];1
[Push(N,N)];0
[Push(N,W)];1
[Push(W,W)];1
[Push(W,W)];0
[Push(W,W)];1
[Push(W,W)];1
[Push(W,W)];0
[Push(W,W)];1
[Push(W,W)];1
[Push(W,W)];0
[Push(W,W)];1
[Push(W,N)];1
[Push(N,N)];0
[Push(N,E)];1
[Push(E,E)];1
[Push(E,E)];0
[Push(E,E)];1
[Push(E,E)];1
[Push(E,N)];0
[Push(N,N)];1
[Push(N,N)];1
[Push(N,E)];0
[Push(E,E)];1
[Push(E,E)];1
[Push(E,E)];0
[Push(E,E)];1
[Move(W)];3
[Move(W)];0
[Move(W)];1
[Move(W)];1
[Move(S)];0
[Move(S)];1
[Move(S)];1
[Move(W)];0
[Move(W)];1
[Move(W)];1
[Move(W)];0
[Move(W)];1
[Move(S)];0
[Move(S)];0
[Move(E)];1
[Move(E)];0
[Move(E)];0
[Move(E)];1
[Move(E)];0
[Move(E)];1
[Move(E)];1
[Move(E)];0
[Move(E)];1
[Move(E)];1
[Move(S)];1
[Move(S)];1
[Move(W)];1
[Move(W)];1
[Move(W)];1
[Move(W)];1
[Move(W)];1
[Move(S)];1
[Move(S)];1
[Move(S)];1
[Move(S)];1
[Move(S)];1
[Move(S)];1
[Move(S)];1
[Move(W)];1
[Move(W)];1
[Move(W)];1
[Move(W)];1
[Move(W)];1
[Move(W)];1
[Move(W)];1
[Move(W)];1
[Move(W)];1
[Move(N)];1
[Move(N)];1
[Move(N)];1
[Move(N)];2
[Move(N)];1
[Move(N)];1
[Move(N)];1
[Move(N)];1
[Move(N)];1
[Move(N)];1
[Move(N)];1
[Move(N)];1
[Move(N)];1
[Move(N)];1
[Move(N)];1
[Move(N)];1
[Move(N)];1
[Move(N)];1
[Move(N)];1
[Move(W)];1
[Move(W)];1
[Move(W)];1
[Move(W)];1
[Move(W)];1
[Move(W)];1
[Move(W)];1
[Move(N)];1
[Move(N)];1
[Move(N)];1
[Pull(S,N)];23
[Pull(E,N)];1
[Pull(E,W)];1
[Pull(E,W)];1
[Pull(E,W)];1
[Pull(E,W)];1
[Pull(E,W)];1
[Pull(S,W)];1
[Pull(S,N)];1
[Pull(E,N)];1
[Pull(S,W)];1
[Pull(S,N)];1
[Pull(S,N)];2
[Pull(S,N)];1
[Pull(S,N)];1
[Pull(S,N)];1
[Pull(S,N)];1
[Pull(S,N)];1
[Pull(S,N)];1
[Pull(S,N)];1
[Pull(S,N)];1
[Pull(S,N)];1
[Pull(S,N)];1
[Pull(S,N)];1
[Pull(S,N)];1
[Pull(S,N)];1
[Pull(S,N)];1
[Pull(S,N)];1
[Pull(S,N)];1
[Pull(E,N)];1
[Pull(E,W)];1
[Pull(E,W)];1
[Pull(E,W)];1
[Pull(E,W)];1
[Pull(E,W)];1
[Pull(E,W)];1
[Pull(E,W)];1
[Pull(E,W)];1
[Pull(N,W)];1
[Pull(N,S)];2
[Pull(N,S)];1
[Pull(N,S)];1
[Pull(N,S)];1
[Pull(N,S)];1
[Pull(N,S)];3
[Pull(E,S)];0
[Pull(E,W)];1
[Pull(E,W)];1
[Pull(E,W)];0
[Pull(E,W)];1
[Pull(S,W)];1
[Push(N,N)];0
[Push(N,N)];1
[Push(N,W)];0
[Push(W,W)];0
[Push(W,W)];1
[Push(W,W)];0
[Push(W,W)];1
[Push(W,W)];1
[Push(W,W)];0
[Push(W,W)];1
[Push(W,W)];1
[Push(W,W)];0
[Push(W,N)];1
[Push(N,N)];0
[Push(N,E)];0
[Push(E,E)];1
[Push(E,E)];0
[Push(E,E)];1
[Push(E,E)];1
[Push(E,N)];0
[Push(N,N)];1
[Push(N,N)];1
[Push(N,E)];0
[Push(E,E)];1
[Push(E,E)];0
[Move(W)];2
[Move(W)];1
[Move(S)];0
[Move(S)];1
[Move(S)];1
[Move(W)];0
[Move(W)];1
[Move(W)];0
[Move(W)];0
[Move(W)];1
[Move(S)];0
[Move(S)];1
[Move(E)];1
[Move(E)];0
[Move(E)];1
[Move(E)];0
[Move(E)];1
[Move(E)];1
[Move(E)];0
[Move(E)];1
[Move(E)];1
[Move(E)];0
[Move(S)];1
[Move(S)];0
[Move(W)];1
[Move(W)];1
[Move(W)];0
[Move(W)];1
[Move(W)];0
[Move(S)];1
[Move(S)];1
[Move(S)];0
[Move(S)];1
[Move(S)];1
[Move(S)];0
[Move(S)];1
[Move(W)];0
[Move(W)];1
[Move(W)];1
[Move(W)];0
[Move(W)];1
[Move(W)];0
[Move(W)];1
[Move(W)];1
[Move(W)];0
[Move(N)];1
[Move(N)];1
[Move(N)];0
[Move(N)];1
[Move(N)];0
[Move(N)];1
[Move(N)];1
[Move(N)];0
[Move(N)];1
[Move(N)];0
[Move(N)];0
[Move(N)];1
[Move(N)];0
[Move(N)];1
[Move(N)];1
[Move(N)];0
[Move(N)];1
[Move(N)];0
[Move(N)];1
[Move(W)];1
[Move(W)];0
[Move(W)];1
[Move(W)];1
[Move(W)];0
[Move(W)];1
[Move(W)];0
[Move(N)];1
[Move(N)];1
[Move(N)];0
[Move(N)];1
[Pull(E,W)];1
[Push(W,N)];1
[Push(N,N)];0
[Move(S)];2
[Move(W)];1
[Pull(E,W)];13
[Pull(S,W)];1
[Push(N,E)];0
[Push(E,E)];1
[Push(E,S)];1
[Push(S,S)];0
[Push(S,E)];1
[Push(E,S)];1
[Push(S,E)];1
[Push(E,E)];1
[Push(E,S)];0
[Push(S,E)];1
[Push(E,E)];1
[Push(E,S)];0
[Push(S,S)];1
[Push(S,S)];1
[Push(S,S)];0
[Push(S,S)];1
[Push(S,S)];1
[Push(S,S)];0
[Push(S,S)];1
[Push(S,S)];0
[Push(S,S)];1
[Push(S,S)];1
[Push(S,S)];0
[Push(S,S)];1
[Push(S,S)];1
[Push(S,S)];0
[Push(S,S)];1
[Push(S,S)];1
[Push(S,S)];0
[Push(S,S)];1
[Push(S,E)];0
[Push(E,E)];1
[Push(E,E)];1
[Push(E,E)];0
[Push(E,E)];1
[Push(E,E)];1
[Push(E,E)];0
[Push(E,E)];1
[Push(E,E)];0
[Push(E,N)];0
[Push(N,N)];1
[Push(N,N)];0
[Push(N,N)];1
[Push(N,N)];1
[Push(N,N)];0
[Push(N,N)];1
[Push(N,E)];0
[Push(E,E)];1
[Push(E,E)];1
[Push(E,E)];0
[Push(E,E)];1
[Push(E,N)];0
[Push(N,N)];1
[Push(N,W)];1
[Push(W,W)];0
[Push(W,W)];1
[Push(W,W)];0
[Push(W,W)];1
[Push(W,W)];1
[Push(W,W)];0
[Push(W,W)];1
[Push(W,W)];0
[Push(W,W)];1
[Push(W,N)];1
[Push(N,N)];0
[Push(N,E)];1
[Push(E,E)];0
[Push(E,E)];1
[Push(E,E)];1
[Push(E,E)];0
[Push(E,N)];1
[Push(N,N)];0
[Push(N,N)];1
[Move(S)];3
[Move(S)];0
[Move(W)];1
[Move(W)];0
[Move(W)];1
[Move(W)];0
[Move(W)];0
[Move(S)];1
[Move(S)];0
[Move(E)];1
[Move(E)];0
[Move(E)];1
[Move(E)];1
[Move(E)];0
[Move(E)];1
[Move(E)];0
[Move(E)];1
[Move(E)];1
[Move(E)];0
[Move(S)];1
[Move(S)];0
[Move(W)];1
[Move(W)];0
[Move(W)];1
[Move(W)];1
[Move(W)];0
[Move(S)];1
[Move(S)];0
[Move(S)];1
[Move(S)];1
[Move(S)];0
[Move(S)];1
[Move(S)];0
[Move(W)];1
[Move(W)];1
[Move(W)];2
[Move(W)];0
[Move(W)];1
[Move(W)];1
[Move(W)];0
[Move(W)];1
[Move(W)];0
[Move(N)];1
[Move(N)];1
[Move(N)];0
[Move(N)];1
[Move(N)];0
[Move(N)];1
[Move(N)];1
[Move(N)];0
[Move(N)];1
[Move(N)];0
[Move(N)];1
[Move(N)];0
[Move(N)];0
[Move(N)];1
[Move(N)];0
[Move(N)];1
[Move(N)];0
[Move(N)];1
[Move(N)];1
[Move(W)];0
[Move(W)];1
[Move(W)];0
[Move(W)];1
[Move(W)];0
[Move(N)];1
[Move(N)];1
[Move(N)];0
[Move(N)];1
[Move(E)];0
[Pull(W,E)];10
[Pull(W,E)];0
[Push(E,S)];1
[Push(S,S)];0
[Push(S,S)];0
[Push(S,S)];1
[Push(S,E)];0
[Push(E,E)];1
[Push(E,E)];0
[Push(E,E)];1
[Push(E,E)];1
[Push(E,S)];0
[Push(S,S)];1
[Push(S,S)];0
[Push(S,S)];1
[Push(S,S)];1
[Push(S,S)];0
[Push(S,S)];1
[Push(S,S)];0
[Push(S,S)];1
[Push(S,S)];1
[Push(S,S)];0
[Push(S,S)];1
[Push(S,S)];0
[Push(S,S)];1
[Push(S,S)];1
[Push(S,S)];0
[Push(S,S)];1
[Push(S,S)];0
[Push(S,S)];1
[Push(S,E)];0
[Push(E,E)];1
[Push(E,E)];1
[Push(E,E)];0
[Push(E,E)];1
[Push(E,E)];0
[Push(E,E)];1
[Push(E,E)];1
[Push(E,E)];0
[Push(E,N)];1
[Push(N,N)];0
[Push(N,N)];1
[Push(N,N)];0
[Push(N,N)];1
[Push(N,N)];1
[Push(N,N)];0
[Push(N,E)];1
[Push(E,E)];0
[Push(E,E)];1
[Push(E,E)];1
[Push(E,E)];0
[Push(E,N)];1
[Push(N,N)];0
[Push(N,W)];1
[Push(W,W)];0
[Push(W,W)];1
[Push(W,W)];1
[Push(W,W)];0
[Push(W,W)];1
[Push(W,W)];0
[Push(W,W)];1
[Push(W,W)];0
[Push(W,W)];1
[Push(W,N)];1
[Push(N,N)];0
[Push(N,E)];1
[Push(E,E)];0
[Push(E,E)];1
[Push(E,E)];0
[Push(E,E)];1
[Push(E,E)];0
[Push(E,E)];0
[Push(E,E)];1
[Push(E,E)];0
[Push(E,E)];1
[Push(E,E)];0
[Push(E,E)];1
[Push(E,E)];0
[Push(E,E)];1
[Push(E,E)];1
[Push(E,E)];0
[Push(E,E)];1
[Push(E,E)];0
[Push(E,N)];1
[Push(N,N)];0
[Move(S)];3
[Move(W)];1
[Move(W)];0
[Move(W)];1
[Move(W)];0
[Move(W)];1
[Move(W)];1
[Move(W)];0
[Move(W)];1
[Move(W)];0
[Move(W)];1
[Move(W)];0
[Move(W)];1
[Move(W)];0
[Move(W)];1
[Move(W)];1
[Move(W)];0
[Move(W)];1
[Move(W)];0
[Move(S)];1
[Move(S)];0
[Move(E)];1
[Move(E)];0
[Move(E)];1
[Move(E)];1
[Move(E)];0
[Move(E)];1
[Move(E)];0
[Move(E)];1
[Move(E)];0
[Move(E)];1
[Move(S)];0
[Move(S)];1
[Move(W)];1
[Move(W)];0
[Move(W)];1
[Move(W)];0
[Move(W)];1
[Move(S)];0
[Move(S)];1
[Move(S)];0
[Move(S)];1
[Move(S)];1
[Move(S)];0
[Move(S)];1
[Move(E)];0
[Move(E)];1
[Move(E)];0
[Move(E)];1
[Move(E)];0
[Move(E)];1
[Move(E)];1
[Move(E)];0
[Move(E)];1
[Move(E)];0
[Move(E)];1
[Move(E)];0
[Move(E)];1
[Move(E)];0
[Move(E)];1
[Move(E)];1
[Move(E)];0
[Move(E)];1
[Move(E)];0
[Move(E)];1
[Move(E)];0
[Move(E)];1
[Move(E)];0
[Move(E)];1
[Move(E)];1
[Move(E)];0
[Move(E)];1
[Move(E)];0
[Move(E)];1
[Move(E)];0
[Move(E)];1
[Move(E)];0
[Move(E)];1
[Move(E)];1
[Move(S)];0
[Move(S)];1
[Move(S)];0
[Move(S)];1
[Move(S)];0
[Move(W)];1
[Move(W)];0
[Move(W)];1
[Move(W)];1
[Move(W)];0
[Move(W)];1
[Move(W)];0
[Move(W)];1
[Pull(E,W)];5
[Pull(E,W)];0
[Pull(E,W)];1
[Pull(E,W)];0
[Pull(E,W)];1
[Pull(E,W)];1
[Pull(E,W)];0
[Pull(E,W)];1
[Pull(N,W)];0
[Push(S,E)];1
[Push(E,E)];0
[Push(E,E)];1
[Push(E,E)];0
[Push(E,E)];1
[Push(E,E)];1
[Push(E,E)];0
[Push(E,E)];1
[Push(E,E)];0
[Push(E,E)];1
[Push(E,E)];0
[Push(E,E)];1
[Push(E,E)];0
[Push(E,N)];1
[Push(N,N)];1
[Push(N,N)];0
[Push(N,N)];1
[Push(N,N)];0
[Push(N,W)];1
[Push(W,W)];0
[Push(W,W)];1
[Push(W,W)];0
[Push(W,W)];1
[Push(W,W)];1
[Push(W,W)];0
[Push(W,W)];1
[Push(W,N)];0
[Push(N,N)];1
[Push(N,N)];1
[Push(N,N)];1
[Push(N,N)];1
[Push(N,N)];1
[Push(N,N)];1
[Push(N,N)];1
[Push(N,N)];0
[Push(N,N)];1
[Push(N,N)];1
[Push(N,N)];1
[Push(N,E)];1
[Push(E,E)];1
[Push(E,E)];1
[Push(E,E)];1
[Move(W)];4
[Move(W)];1
[Move(W)];1
[Move(S)];1
[Move(S)];1
[Move(S)];1
[Move(S)];1
[Move(S)];1
[Move(S)];1
[Move(S)];0
[Move(S)];1
[Move(S)];1
[Move(S)];1
[Move(S)];1
[Move(S)];1
[Move(E)];1
[Move(E)];1
[Move(E)];1
[Move(E)];1
[Move(E)];0
[Move(E)];1
[Move(E)];1
[Move(E)];1
[Move(S)];1
[Move(S)];1
[Move(S)];1
[Move(S)];1
[Move(S)];1
[Move(W)];0
[Move(W)];1
[Move(W)];1
[Move(W)];1
[Move(W)];1
[Move(W)];1
[Move(W)];1
[Move(W)];1
[Move(W)];1
[Move(W)];1
[Move(W)];0
[Move(W)];1
[Move(W)];1
[Move(N)];1
[Move(N)];1
[Move(N)];1
[Move(N)];1
[Move(N)];1
[Move(W)];1
[Move(W)];1
[Move(W)];1
[Move(W)];1
[Move(W)];1
[Move(W)];1
[Move(W)];0
[Move(W)];1
[Move(W)];1
[Move(W)];2
[Move(W)];0
[Move(W)];1
[Move(W)];1
[Move(W)];1
[Move(W)];1
[Move(W)];0
[Move(W)];1
[Move(W)];1
[Move(W)];1
[Move(W)];1
[Move(W)];1
[Move(W)];1
[Move(W)];1
[Move(W)];2
[Move(W)];1
[Move(W)];2
[Move(W)];1
[Move(W)];1
[Move(W)];2
[Move(W)];1
[Move(W)];1
[Move(W)];2
[Move(W)];1
[Move(W)];1
[Move(W)];1
[Move(W)];1
[Move(W)];0
[Move(W)];1
[Move(W)];1
[Move(W)];1
[Move(W)];1
[Move(W)];1
[Move(W)];1
[Move(N)];1
[Move(N)];0
[Move(N)];1
[Move(N)];1
[Move(N)];1
[Move(N)];1
[Move(N)];1
[Move(N)];1
[Move(N)];1
[Move(N)];1
[Move(N)];0
[Move(N)];1
[Move(N)];1
[Move(N)];1
[Move(N)];1
[Move(N)];1
[Move(N)];1
[Move(N)];1
[Move(N)];0
[Move(W)];1
[Move(W)];1
[Move(W)];1
[Move(W)];1
[Move(W)];1
[Move(W)];0
[Move(W)];1
[Move(N)];1
[Move(N)];1
[Move(N)];1
[Move(N)];1
[Move(N)];1
[Pull(S,N)];2
[Pull(E,N)];1
[Pull(E,W)];1
[Pull(S,W)];1
[Push(N,E)];0
[Push(E,E)];1
[Move(W)];1
[Move(W)];1
[Move(W)];1
[Move(N)];1
[Move(N)];1
[Pull(S,W)];2
[Pull(E,N)];1
[Pull(S,W)];1
[Pull(E,N)];3
[Pull(N,W)];1
[Push(S,E)];0
[Move(W)];3
[Move(W)];0
[Move(N)];1
[Move(N)];0
[Move(W)];1
[Pull(E,W)];1
[Pull(E,W)];0
[Pull(S,W)];1
[Push(N,E)];1
[Move(W)];1
[Move(W)];1
[Move(W)];0
[Pull(E,W)];13
[Pull(E,W)];0
[Pull(E,W)];1
[Push(W,S)];0
[Push(S,S)];0
[Push(S,E)];1
[Push(E,E)];0
[Push(E,S)];1
[Push(S,S)];0
[Push(S,S)];1
[Push(S,E)];0
[Push(E,E)];1
[Push(E,E)];0
[Push(E,E)];1
[Push(E,E)];0
[Push(E,S)];1
[Push(S,S)];1
[Push(S,S)];0
[Push(S,S)];1
[Push(S,S)];0
[Push(S,S)];1
[Push(S,S)];0
[Push(S,S)];1
[Push(S,S)];0
[Push(S,S)];1
[Push(S,S)];0
[Push(S,S)];1
[Push(S,S)];1
[Push(S,S)];0
[Push(S,S)];1
[Push(S,S)];0
[Push(S,S)];1
[Push(S,S)];0
[Push(S,S)];1
[Push(S,S)];0
[Push(S,E)];1
[Push(E,E)];0
[Push(E,E)];1
[Push(E,E)];0
[Push(E,E)];0
[Push(E,E)];1
[Push(E,E)];0
[Push(E,E)];1
[Push(E,E)];0
[Push(E,N)];1
[Push(N,N)];0
[Push(N,N)];1
[Push(N,N)];0
[Push(N,N)];1
[Push(N,N)];0
[Push(N,N)];1
[Push(N,E)];0
[Push(E,E)];1
[Push(E,E)];0
[Push(E,E)];1
[Push(E,E)];0
[Push(E,N)];1
[Push(N,N)];0
[Push(N,W)];1
[Push(W,W)];1
[Push(W,W)];0
[Push(W,W)];1
[Push(W,W)];0
[Push(W,W)];1
[Push(W,W)];0
[Push(W,W)];1
[Push(W,W)];0
[Push(W,W)];1
[Push(W,N)];0
[Push(N,N)];1
[Push(N,W)];0
[Push(W,W)];1
[Move(E)];2
[Move(S)];0
[Move(S)];1
[Move(E)];0
[Move(E)];1
[Move(E)];0
[Move(E)];1
[Move(E)];0
[Move(E)];1
[Move(E)];0
[Move(E)];1
[Move(E)];0
[Move(E)];1
[Move(S)];0
[Move(S)];1
[Move(W)];0
[Move(W)];1
[Move(W)];0
[Move(W)];0
[Move(W)];1
[Move(S)];0
[Move(S)];1
[Move(S)];0
[Move(S)];1
[Move(S)];0
[Move(S)];1
[Move(S)];0
[Move(W)];1
[Move(W)];0
[Move(W)];1
[Move(W)];0
[Move(W)];1
[Move(W)];0
[Move(W)];1
[Move(W)];0
[Move(W)];1
[Move(N)];0
[Move(N)];1
[Move(N)];0
[Move(N)];1
[Move(N)];0
[Move(N)];1
[Move(N)];0
[Move(N)];1
[Move(N)];0
[Move(N)];1
[Move(N)];0
[Move(N)];1
[Move(N)];0
[Move(N)];1
[Move(N)];0
[Move(N)];1
[Move(N)];0
[Move(N)];1
[Move(N)];0
[Move(W)];1
[Move(W)];0
[Move(W)];1
[Move(W)];0
[Move(W)];1
[Move(W)];0
[Move(W)];1
[Move(W)];0
[Pull(E,W)];11
[Pull(E,W)];1
[Pull(E,W)];1
[Pull(E,W)];1
[Pull(E,W)];1
[Pull(E,W)];1
[Pull(E,W)];0
[Pull(E,W)];1
[Pull(S,W)];1
[Pull(S,N)];1
[Pull(S,N)];1
[Pull(S,N)];1
[Pull(S,N)];1
[Pull(S,N)];1
[Pull(S,N)];1
[Pull(S,N)];1
[Pull(S,N)];1
[Pull(S,N)];0
[Pull(S,N)];1
[Pull(S,N)];1
[Pull(S,N)];1
[Pull(S,N)];1
[Pull(S,N)];1
[Pull(S,N)];1
[Pull(S,N)];0
[Pull(S,N)];1
[Pull(S,N)];0
[Pull(E,N)];1
[Pull(E,W)];0
[Pull(E,W)];1
[Pull(E,W)];0
[Pull(E,W)];1
[Pull(E,W)];0
[Pull(E,W)];0
[Pull(E,W)];0
[Pull(E,W)];0
[Pull(N,W)];0
[Pull(N,S)];0
[Pull(N,S)];0
[Pull(N,S)];0
[Pull(N,S)];0
[Pull(N,S)];0
[Pull(N,S)];0
[Pull(E,S)];0
[Pull(E,W)];0
[Pull(E,W)];0
[Pull(E,W)];0
[Pull(E,W)];0
[Pull(N,W)];0
[Pull(N,S)];1
[Pull(E,S)];0
[Push(W,W)];0
[Push(W,W)];0
[Push(W,W)];0
[Push(W,W)];1
[Push(W,W)];0
[Push(W,W)];1
[Push(W,W)];0
[Push(W,W)];1
[Push(W,W)];0
[Push(W,W)];1
[Push(W,N)];0
[Push(N,N)];0
[Push(N,E)];0
[Push(E,E)];0
[Push(E,E)];1
[Push(E,E)];0
[Push(E,E)];1
[Push(E,E)];0
[Push(E,E)];1
[Push(E,E)];0
[Push(E,E)];1
[Push(E,E)];0
[Push(E,E)];1
[Push(E,E)];0
[Push(E,E)];1
[Push(E,E)];0
[Push(E,E)];1
[Push(E,E)];0
[Push(E,E)];1
[Push(E,E)];0
[Push(E,E)];1
[Push(E,E)];0
[Push(E,E)];1
[Push(E,E)];0
[Move(W)];2
[Move(W)];1
[Move(W)];0
[Move(W)];1
[Move(W)];0
[Move(W)];1
[Move(W)];0
[Move(W)];1
[Move(W)];0
[Move(W)];1
[Move(W)];0
[Move(W)];1
[Move(W)];0
[Move(W)];1
[Move(W)];0
[Move(W)];1
[Move(W)];0
[Move(W)];1
[Move(W)];0
[Move(W)];0
[Move(W)];1
[Move(S)];0
[Move(S)];1
[Move(E)];0
[Move(E)];1
[Move(E)];0
[Move(E)];1
[Move(E)];0
[Move(E)];1
[Move(E)];0
[Move(E)];1
[Move(E)];0
[Move(E)];1
[Move(S)];0
[Move(S)];1
[Move(W)];0
[Move(W)];1
[Move(W)];0
[Move(W)];1
[Move(W)];0
[Move(S)];0
[Move(S)];1
[Move(S)];0
[Move(S)];1
[Move(S)];0
[Move(S)];1
[Move(S)];0
[Move(W)];1
[Move(W)];0
[Move(W)];1
[Move(W)];0
[Move(W)];1
[Move(W)];0
[Move(W)];1
[Move(W)];0
[Move(W)];1
[Move(N)];0
[Move(N)];1
[Move(N)];0
[Move(N)];1
[Move(N)];0
[Move(N)];0
[Move(N)];1
[Move(N)];0
[Move(N)];1
[Move(N)];0
[Move(N)];1
[Move(N)];0
[Move(N)];1
[Move(N)];0
[Move(N)];1
[Move(N)];0
[Move(N)];1
[Move(N)];0
[Move(N)];1
[Move(W)];0
[Move(W)];1
[Move(W)];0
[Move(W)];1
[Move(W)];0
[Move(N)];1
[Move(N)];0
[Move(N)];1
[Move(N)];0
[Move(N)];1
[Push(N,W)];0
[Push(W,W)];1
[Push(W,W)];0
[Move(E)];2
[Move(E)];1
[Pull(W,E)];1
[Pull(S,E)];0
[Push(N,W)];1
[Move(E)];1
[Move(E)];1
[Pull(W,E)];16
[Pull(S,E)];1
[Pull(S,N)];0
[Pull(S,N)];1
[Pull(S,N)];0
[Pull(E,N)];1
[Pull(E,W)];0
[Pull(S,W)];1
[Pull(W,N)];0
[Push(E,E)];1
[Push(E,E)];0
[Push(E,S)];1
[Push(S,E)];0
[Push(E,S)];1
[Push(S,S)];0
[Push(S,S)];1
[Push(S,S)];0
[Push(S,S)];1
[Push(S,S)];0
[Push(S,S)];1
[Push(S,S)];0
[Push(S,S)];1
[Push(S,S)];0
[Push(S,S)];0
[Push(S,S)];1
[Push(S,S)];0
[Push(S,S)];1
[Push(S,S)];0
[Push(S,S)];1
[Push(S,S)];0
[Push(S,S)];1
[Push(S,S)];0
[Push(S,E)];1
[Push(E,E)];0
[Push(E,E)];1
[Push(E,E)];0
[Push(E,E)];1
[Push(E,E)];0
[Push(E,E)];1
[Push(E,E)];0
[Push(E,E)];1
[Push(E,N)];0
[Push(N,N)];0
[Push(N,N)];1
[Push(N,N)];0
[Push(N,N)];1
[Push(N,N)];0
[Push(N,N)];1
[Push(N,E)];0
[Push(E,E)];1
[Push(E,E)];0
[Push(E,E)];1
[Push(E,E)];0
[Push(E,N)];1
[Push(N,N)];0
[Push(N,E)];1
[Push(E,E)];0
[Push(E,E)];0
[Push(E,E)];1
[Push(E,E)];0
[Push(E,E)];1
[Move(W)];2
[Move(W)];0
[Move(W)];1
[Move(W)];0
[Move(W)];1
[Move(S)];0
[Move(S)];1
[Move(W)];0
[Move(W)];0
[Move(W)];1
[Move(W)];0
[Move(W)];1
[Move(S)];0
[Move(S)];1
[Move(S)];0
[Move(S)];1
[Move(S)];0
[Move(S)];1
[Move(S)];0
[Move(W)];0
[Move(W)];1
[Move(W)];0
[Move(W)];1
[Move(W)];0
[Move(W)];1
[Move(W)];0
[Move(W)];1
[Move(W)];0
[Move(N)];0
[Move(N)];0
[Move(N)];0
[Move(N)];1
[Move(N)];0
[Move(N)];1
[Move(N)];0
[Move(N)];1
[Move(N)];0
[Move(N)];1
[Move(N)];0
[Move(N)];2
[Move(N)];1
[Move(N)];0
[Move(N)];1
[Move(N)];0
[Move(N)];1
[Move(N)];0
[Move(N)];1
[Move(E)];0
[Move(N)];1
[Move(N)];0
[Move(N)];0
[Move(N)];0
[Pull(E,W)];2
[Pull(S,W)];1
[Push(N,E)];0
[Push(E,N)];1
[Move(W)];3
[Move(W)];1
[Move(W)];1
[Pull(E,W)];1
[Pull(S,W)];1
[Push(N,E)];0
[Push(E,E)];1
[Move(W)];2
[Move(W)];1
[Move(W)];1
[Pull(E,W)];10
[Pull(E,W)];0
[Pull(S,W)];1
[Pull(S,N)];0
[Pull(W,N)];1
[Pull(W,E)];0
[Push(E,S)];1
[Push(S,S)];0
[Push(S,S)];1
[Push(S,S)];0
[Push(S,S)];1
[Push(S,S)];0
[Push(S,S)];1
[Push(S,S)];0
[Push(S,S)];1
[Push(S,S)];0
[Push(S,S)];1
[Push(S,S)];0
[Push(S,S)];0
[Push(S,S)];1
[Push(S,S)];0
[Push(S,S)];1
[Push(S,S)];0
[Push(S,S)];1
[Push(S,S)];0
[Push(S,S)];1
[Push(S,S)];0
[Push(S,E)];1
[Push(E,E)];0
[Push(E,E)];0
[Push(E,E)];1
[Push(E,E)];0
[Push(E,E)];1
[Push(E,E)];0
[Push(E,E)];1
[Push(E,E)];0
[Push(E,N)];1
[Push(N,N)];0
[Push(N,N)];0
[Push(N,N)];1
[Push(N,N)];0
[Push(N,N)];1
[Push(N,N)];0
[Push(N,E)];1
[Push(E,E)];0
[Push(E,E)];0
[Push(E,E)];1
[Push(E,E)];0
[Push(E,N)];1
[Push(N,N)];0
[Push(N,W)];1
[Push(W,W)];0
[Push(W,W)];1
[Push(W,W)];0
[Push(W,W)];0
[Push(W,W)];1
[Push(W,W)];0
[Push(W,W)];1
[Push(W,W)];0
[Push(W,W)];1
[Push(W,N)];0
[Push(N,N)];0
[Push(N,E)];0
[Push(E,E)];0
[Push(E,E)];1
[Push(E,E)];0
[Push(E,E)];1
[Push(E,E)];0
[Push(E,E)];1
[Push(E,E)];0
[Push(E,E)];1
[Push(E,E)];0
[Push(E,E)];0
[Push(E,E)];1
[Push(E,E)];0
[Push(E,E)];1
[Push(E,E)];0
[Push(E,E)];1
[Push(E,E)];0
[Push(E,E)];0
[Push(E,S)];1
[Push(S,S)];0
[Push(S,S)];1
[Move(N)];2
[Move(N)];0
[Move(W)];1
[Move(W)];0
[Move(W)];0
[Move(W)];1
[Move(W)];0
[Move(W)];1
[Move(W)];0
[Move(W)];0
[Move(W)];1
[Move(W)];0
[Move(W)];1
[Move(W)];0
[Move(W)];1
[Move(W)];0
[Move(W)];0
[Move(W)];1
[Move(W)];0
[Move(W)];1
[Move(S)];0
[Move(S)];1
[Move(E)];0
[Move(E)];0
[Move(E)];1
[Move(E)];0
[Move(E)];1
[Move(E)];0
[Move(E)];1
[Move(E)];0
[Move(E)];0
[Move(E)];1
[Move(S)];0
[Move(S)];1
[Move(W)];0
[Move(W)];0
[Move(W)];1
[Move(W)];0
[Move(W)];1
[Move(S)];0
[Move(S)];1
[Move(S)];0
[Move(S)];0
[Move(S)];1
[Move(S)];0
[Move(S)];1
[Move(W)];0
[Move(W)];1
[Move(W)];0
[Move(W)];0
[Move(W)];1
[Move(W)];0
[Move(W)];1
[Move(W)];0
[Move(W)];1
[Move(N)];0
[Move(N)];0
[Move(N)];1
[Move(N)];0
[Move(N)];1
[Move(N)];0
[Move(N)];0
[Move(N)];0
[Move(N)];0
[Move(N)];1
[Move(N)];0
[Move(N)];1
[Move(N)];0
[Move(N)];0
[Move(N)];1
[Move(N)];0
[Move(N)];1
[Move(N)];0
[Move(N)];1
[Move(W)];1
[Move(W)];0
[Move(W)];1
[Move(W)];0
[Move(W)];1
[Move(W)];0
[Move(W)];1
[Move(W)];0
[Move(W)];1
[Pull(E,W)];10
[Pull(E,W)];0
[Pull(E,W)];0
[Pull(N,W)];1
[Push(S,E)];0
[Push(E,E)];1
[Push(E,E)];0
[Push(E,E)];1
[Push(E,E)];0
[Push(E,E)];0
[Push(E,S)];1
[Push(S,S)];0
[Push(S,S)];1
[Push(S,S)];0
[Push(S,S)];1
[Push(S,S)];0
[Push(S,S)];1
[Push(S,S)];0
[Push(S,S)];0
[Push(S,S)];1
[Push(S,S)];0
[Push(S,S)];1
[Push(S,S)];0
[Push(S,S)];1
[Push(S,S)];0
[Push(S,S)];0
[Push(S,S)];1
[Push(S,S)];0
[Push(S,S)];1
[Push(S,E)];0
[Push(E,E)];1
[Push(E,E)];0
[Push(E,E)];0
[Push(E,E)];1
[Push(E,E)];0
[Push(E,E)];1
[Push(E,E)];0
[Push(E,E)];0
[Push(E,N)];0
[Push(N,N)];0
[Push(N,N)];1
[Push(N,N)];0
[Push(N,N)];1
[Push(N,N)];0
[Push(N,N)];0
[Push(N,E)];1
[Push(E,E)];0
[Push(E,E)];1
[Push(E,E)];0
[Push(E,E)];0
[Push(E,N)];0
[Push(N,N)];0
[Push(N,W)];1
[Push(W,W)];0
[Push(W,W)];1
[Push(W,W)];0
[Push(W,W)];0
[Push(W,W)];1
[Push(W,W)];1
[Push(W,W)];0
[Push(W,W)];0
[Push(W,W)];1
[Push(W,N)];0
[Push(N,N)];1
[Push(N,E)];0
[Push(E,E)];0
[Push(E,E)];1
[Push(E,E)];0
[Push(E,E)];1
[Push(E,E)];0
[Push(E,E)];0
[Push(E,E)];1
[Push(E,E)];0
[Push(E,E)];1
[Push(E,E)];0
[Push(E,E)];0
[Push(E,E)];1
[Push(E,E)];0
[Push(E,E)];1
[Push(E,E)];0
[Push(E,E)];0
[Push(E,E)];1
[Move(W)];2
[Move(W)];0
[Move(W)];0
[Move(W)];1
[Move(W)];0
[Move(W)];1
[Move(W)];0
[Move(W)];0
[Move(W)];1
[Move(W)];0
[Move(W)];0
[Move(W)];0
[Move(W)];0
[Move(W)];1
[Move(W)];0
[Move(W)];1
[Move(W)];0
[Move(S)];0
[Move(S)];1
[Move(E)];0
[Move(E)];1
[Move(E)];0
[Move(E)];0
[Move(E)];1
[Move(E)];0
[Move(E)];1
[Move(E)];0
[Move(E)];0
[Move(E)];1
[Move(S)];0
[Move(S)];1
[Move(W)];0
[Move(W)];0
[Move(W)];1
[Move(W)];0
[Move(W)];1
[Move(S)];0
[Move(S)];0
[Move(S)];1
[Move(S)];0
[Move(S)];1
[Move(S)];0
[Move(S)];0
[Move(W)];1
[Move(W)];0
[Move(W)];1
[Move(W)];0
[Move(W)];0
[Move(W)];1
[Move(W)];0
[Move(W)];1
[Move(W)];0
[Move(N)];0
[Move(N)];1
[Move(N)];0
[Move(N)];1
[Move(N)];0
[Move(N)];1
[Move(N)];0
[Move(N)];0
[Move(N)];1
[Move(N)];0
[Move(N)];1
[Move(N)];0
[Move(N)];1
[Move(N)];0
[Move(N)];0
[Move(N)];1
[Move(N)];0
[Move(N)];1
[Move(N)];0
[Move(W)];0
[Move(W)];1
[Move(W)];0
[Move(W)];1
[Move(W)];0
[Move(W)];0
[Move(W)];1
[Move(N)];0
[Move(N)];1
[Move(N)];0
[Move(N)];0
[Move(W)];1
[Move(W)];0
[Pull(E,W)];12
[Pull(E,W)];0
[Pull(S,W)];0
[Pull(E,N)];1
[Pull(S,W)];0
[Pull(S,N)];1
[Pull(W,N)];0
[Push(E,E)];0
[Push(E,E)];1
[Push(E,S)];0
[Push(S,E)];1
[Push(E,E)];0
[Push(E,E)];0
[Push(E,E)];1
[Push(E,S)];0
[Push(S,S)];1
[Push(S,S)];0
[Push(S,S)];0
[Push(S,S)];1
[Push(S,S)];0
[Push(S,S)];1
[Push(S,S)];0
[Push(S,S)];0
[Push(S,S)];1
[Push(S,S)];0
[Push(S,S)];0
[Push(S,S)];1
[Push(S,S)];0
[Push(S,S)];1
[Push(S,S)];0
[Push(S,S)];0
[Push(S,S)];1
[Push(S,S)];0
[Push(S,E)];1
[Push(E,E)];0
[Push(E,E)];0
[Push(E,E)];1
[Push(E,E)];0
[Push(E,E)];1
[Push(E,E)];0
[Push(E,E)];0
[Push(E,E)];1
[Push(E,N)];0
[Push(N,N)];1
[Push(N,N)];0
[Push(N,N)];0
[Push(N,N)];1
[Push(N,N)];0
[Push(N,N)];1
[Push(N,E)];0
[Push(E,E)];0
[Push(E,E)];1
[Push(E,E)];0
[Push(E,E)];1
[Push(E,N)];0
[Push(N,N)];0
[Push(N,W)];1
[Push(W,W)];0
[Push(W,W)];0
[Push(W,W)];0
[Push(W,W)];0
[Push(W,W)];1
[Push(W,W)];0
[Push(W,W)];0
[Push(W,W)];1
[Push(W,W)];0
[Push(W,N)];1
[Push(N,N)];0
[Push(N,E)];0
[Push(E,E)];1
[Push(E,E)];0
[Push(E,E)];1
[Push(E,E)];0
[Push(E,E)];0
[Push(E,E)];1
[Push(E,E)];0
[Move(W)];2
[Move(W)];0
[Move(W)];0
[Move(W)];1
[Move(W)];0
[Move(W)];1
[Move(W)];0
[Move(S)];0
[Move(S)];1
[Move(E)];0
[Move(E)];0
[Move(E)];1
[Move(E)];0
[Move(E)];0
[Move(E)];1
[Move(E)];0
[Move(E)];1
[Move(E)];0
[Move(E)];0
[Move(S)];1
[Move(S)];0
[Move(W)];0
[Move(W)];1
[Move(W)];0
[Move(W)];0
[Move(W)];1
[Move(S)];0
[Move(S)];1
[Move(S)];0
[Move(S)];0
[Move(S)];1
[Move(S)];0
[Move(S)];0
[Move(W)];1
[Move(W)];0
[Move(W)];0
[Move(W)];1
[Move(W)];0
[Move(W)];0
[Move(W)];1
[Move(W)];0
[Move(W)];1
[Move(N)];0
[Move(N)];0
[Move(N)];1
[Move(N)];0
[Move(N)];0
[Move(N)];1
[Move(N)];0
[Move(N)];0
[Move(N)];1
[Move(N)];0
[Move(N)];0
[Move(N)];1
[Move(N)];0
[Move(N)];1
[Move(N)];0
[Move(N)];0
[Move(N)];1
[Move(N)];0
[Move(N)];0
[Move(E)];1
[Move(N)];0
[Move(N)];0
[Move(N)];1
[Move(N)];0
[Move(W)];1
[Move(W)];0
[Move(W)];0
[Pull(E,W)];9
[Pull(E,W)];1
[Pull(E,W)];0
[Pull(S,W)];3
[Pull(S,N)];1
[Pull(W,N)];0
[Pull(S,E)];0
[Pull(S,N)];1
[Pull(S,N)];0
[Pull(S,N)];1
[Pull(E,N)];0
[Push(W,S)];0
[Push(S,S)];1
[Push(S,S)];0
[Push(S,S)];0
[Push(S,S)];1
[Push(S,S)];0
[Push(S,S)];0
[Push(S,S)];1
[Push(S,S)];0
[Push(S,S)];1
[Push(S,S)];0
[Push(S,S)];0
[Push(S,S)];1
[Push(S,S)];0
[Push(S,S)];0
[Push(S,S)];1
[Push(S,S)];0
[Push(S,E)];0
[Push(E,E)];1
[Push(E,E)];0
[Push(E,E)];0
[Push(E,E)];1
[Push(E,E)];0
[Push(E,E)];0
[Push(E,E)];1
[Push(E,E)];0
[Push(E,N)];0
[Push(N,N)];0
[Push(N,N)];0
[Push(N,N)];1
[Push(N,N)];0
[Push(N,N)];0
[Push(N,N)];1
[Push(N,E)];0
[Push(E,E)];0
[Push(E,E)];1
[Push(E,E)];0
[Push(E,E)];0
[Push(E,N)];1
[Push(N,N)];0
[Push(N,W)];0
[Push(W,W)];1
[Push(W,W)];0
[Push(W,W)];0
[Push(W,W)];1
[Push(W,W)];0
[Push(W,W)];0
[Push(W,W)];1
[Push(W,W)];0
[Push(W,W)];0
[Push(W,N)];1
[Push(N,N)];0
[Push(N,E)];0
[Push(E,E)];1
[Push(E,E)];0
[Push(E,E)];0
[Push(E,E)];1
[Move(W)];1
[Move(W)];0
[Move(W)];1
[Move(W)];0
[Move(S)];0
[Move(S)];1
[Move(E)];0
[Move(E)];0
[Move(E)];1
[Move(E)];0
[Move(E)];0
[Move(E)];1
[Move(E)];0
[Move(E)];0
[Move(E)];1
[Move(E)];0
[Move(S)];0
[Move(S)];1
[Move(W)];0
[Move(W)];0
[Move(W)];1
[Move(W)];0
[Move(W)];0
[Move(S)];1
[Move(S)];0
[Move(S)];0
[Move(S)];1
[Move(S)];0
[Move(S)];0
[Move(S)];1
[Move(W)];0
[Move(W)];0
[Move(W)];1
[Move(W)];0
[Move(W)];0
[Move(W)];1
[Move(W)];0
[Move(W)];0
[Move(W)];1
[Move(N)];0
[Move(N)];0
[Move(N)];1
[Move(N)];0
[Move(N)];0
[Move(N)];0
[Move(N)];1
[Move(N)];0
[Move(N)];0
[Move(N)];1
[Move(N)];0
[Move(N)];0
[Move(N)];1
[Move(N)];0
[Move(N)];0
[Move(N)];1
[Move(N)];0
[Move(N)];0
[Move(N)];1
[Move(W)];0
[Move(W)];0
[Move(W)];1
[Move(W)];0
[Move(W)];0
[Move(W)];1
[Move(W)];0
[Move(N)];0
[Move(N)];1
[Move(N)];0
[Move(N)];0
[Move(N)];1
[Push(N,E)];0
[Push(E,E)];1
[Move(W)];0
[Pull(E,W)];12
[Push(W,S)];0
[Push(S,E)];0
[Push(E,E)];1
[Push(E,S)];0
[Push(S,S)];0
[Push(S,S)];1
[Push(S,S)];0
[Push(S,E)];0
[Push(E,S)];1
[Push(S,E)];0
[Push(E,E)];0
[Push(E,E)];0
[Push(E,E)];1
[Push(E,S)];0
[Push(S,S)];0
[Push(S,S)];1
[Push(S,S)];0
[Push(S,S)];0
[Push(S,S)];1
[Push(S,S)];0
[Push(S,S)];0
[Push(S,S)];1
[Push(S,S)];0
[Push(S,S)];0
[Push(S,S)];1
[Push(S,S)];0
[Push(S,S)];0
[Push(S,S)];1
[Push(S,S)];0
[Push(S,S)];0
[Push(S,S)];0
[Push(S,S)];1
[Push(S,E)];0
[Push(E,E)];0
[Push(E,E)];1
[Push(E,E)];0
[Push(E,E)];0
[Push(E,E)];1
[Push(E,E)];0
[Push(E,E)];0
[Push(E,E)];1
[Push(E,N)];0
[Push(N,N)];0
[Push(N,N)];1
[Push(N,N)];0
[Push(N,N)];0
[Push(N,N)];0
[Push(N,N)];1
[Push(N,E)];0
[Push(E,E)];0
[Push(E,E)];1
[Push(E,E)];0
[Push(E,E)];0
[Push(E,N)];0
[Push(N,N)];1
[Push(N,W)];0
[Push(W,W)];0
[Push(W,W)];1
[Push(W,W)];0
[Push(W,W)];0
[Push(W,W)];1
[Push(W,W)];0
[Push(W,W)];0
[Push(W,W)];0
[Push(W,W)];1
[Push(W,N)];0
[Push(N,N)];0
[Move(S)];2
[Move(E)];0
[Move(E)];0
[Move(E)];1
[Move(E)];0
[Move(E)];0
[Move(E)];0
[Move(E)];1
[Move(E)];0
[Move(E)];0
[Move(E)];0
[Move(S)];0
[Move(S)];0
[Move(W)];0
[Move(W)];1
[Move(W)];0
[Move(W)];0
[Move(W)];0
[Move(S)];1
[Move(S)];0
[Move(S)];0
[Move(S)];1
[Move(S)];0
[Move(S)];0
[Move(S)];0
[Move(W)];1
[Move(W)];0
[Move(W)];0
[Move(W)];1
[Move(W)];0
[Move(W)];0
[Move(W)];0
[Move(W)];1
[Move(W)];0
[Move(N)];0
[Move(N)];1
[Move(N)];0
[Move(N)];0
[Move(N)];0
[Move(N)];1
[Move(N)];0
[Move(N)];0
[Move(N)];0
[Move(N)];1
[Move(N)];0
[Move(N)];0
[Move(N)];1
[Move(N)];0
[Move(N)];0
[Move(N)];0
[Move(N)];1
[Move(N)];0
[Move(N)];0
[Move(E)];1
[Move(E)];0
[Move(E)];0
[Move(N)];0
[Move(N)];1
[Move(N)];0
[Pull(W,N)];3
[Pull(S,E)];0
[Pull(W,N)];0
[Pull(W,E)];0
[Pull(S,E)];1
[Push(N,W)];0
[Push(W,W)];0
[Push(W,W)];1
[Push(W,W)];0
[Move(E)];0
[Move(E)];0
[Move(E)];1
[Move(E)];0
[Move(E)];0
[Move(E)];1
[Move(N)];0
[Move(N)];0
[Pull(E,N)];1
[Push(W,W)];0
[Push(W,W)];0
[Push(W,W)];0
[Push(W,W)];1
[Push(W,W)];0
[Push(W,W)];0
[Move(E)];1
[Move(E)];0
[Move(E)];0
[Move(E)];0
[Move(E)];1
[Move(N)];0
[Pull(S,N)];2
[Pull(S,N)];0
[Push(N,W)];0
[Push(W,W)];0
[Push(W,W)];1
[Push(W,W)];0
[Push(W,W)];0
[Move(E)];1
[Move(E)];0
[Move(E)];0
[Move(E)];0
[Move(N)];1
[Move(N)];0
[Pull(E,W)];2
[Push(W,S)];0
[Push(S,S)];0
[Push(S,W)];1
[Push(W,W)];0
[Push(W,W)];0
[Push(W,W)];0
[Move(E)];1
[Move(E)];0
[Move(E)];0
[Move(N)];1
[Move(N)];0
[Move(W)];0
[Pull(E,W)];1
[Pull(E,W)];0
[Pull(E,W)];1
[Pull(S,W)];0
[Push(N,E)];0
[Move(W)];1
[Move(W)];1
[Move(W)];0
[Move(W)];0
[Pull(E,W)];1
[Pull(E,W)];0
[Pull(S,W)];0
[Push(N,E)];1
[Push(E,E)];0
[Move(W)];1
[Move(W)];0
[Move(W)];0
[Move(W)];1
[Pull(E,W)];9
[Pull(E,W)];1
[Pull(E,W)];0
[Pull(S,W)];0
[Pull(S,N)];0
[Pull(W,N)];1
[Pull(S,E)];0
[Pull(E,N)];0
[Push(W,S)];1
[Push(S,S)];0
[Push(S,W)];0
[Push(W,W)];0
[Push(W,S)];1
[Push(S,S)];0
[Push(S,S)];0
[Push(S,S)];0
[Push(S,S)];0
[Push(S,S)];0
[Push(S,S)];0
[Push(S,S)];1
[Push(S,S)];0
[Push(S,S)];0
[Push(S,S)];0
[Push(S,S)];1
[Push(S,S)];0
[Push(S,S)];0
[Push(S,S)];0
[Push(S,S)];1
[Push(S,S)];0
[Push(S,S)];0
[Push(S,S)];1
[Push(S,S)];0
[Push(S,E)];0
[Push(E,E)];0
[Push(E,E)];1
[Push(E,E)];0
[Push(E,E)];0
[Push(E,E)];0
[Push(E,E)];1
[Push(E,E)];0
[Push(E,E)];0
[Push(E,N)];0
[Push(N,N)];1
[Push(N,N)];0
[Push(N,N)];0
[Push(N,N)];0
[Push(N,N)];1
[Push(N,N)];0
[Push(N,E)];0
[Push(E,E)];0
[Push(E,E)];1
[Push(E,E)];0
[Push(E,E)];0
[Push(E,N)];0
[Push(N,N)];1
[Move(S)];2
[Move(E)];1
[Move(E)];0
[Move(E)];0
[Move(E)];0
[Move(E)];1
[Move(E)];0
[Pull(W,S)];0
[Pull(W,E)];0
[Pull(W,E)];1
[Pull(W,E)];0
[Pull(W,E)];0
[Pull(W,E)];0
[Pull(N,E)];1
[Push(S,S)];0
[Push(S,S)];0
[Push(S,S)];0
[Push(S,S)];1
[Push(S,W)];0
[Push(W,W)];0
[Push(W,W)];0
[Push(W,S)];1
[Pull(E,S)];5
[Pull(E,W)];0
[Move(E)];0
[Move(N)];0
[Move(N)];1
[Move(N)];0
[Move(N)];0
[Move(E)];0
[Move(E)];1
[Move(E)];0
[Move(E)];0
[Move(E)];0
[Move(E)];1
[Move(S)];0
[Move(S)];0
[Pull(N,E)];0
[Pull(N,S)];1
[Pull(W,S)];0
[Pull(W,E)];0
[Pull(W,E)];0
[Pull(W,E)];1
[Pull(W,E)];0
[Pull(W,E)];0
[Pull(S,E)];0
[Push(N,W)];1
[Push(W,W)];0
[Push(W,W)];0
[Push(W,W)];0
[Push(W,W)];1
[Push(W,S)];0
[Push(S,S)];0
[Pull(N,S)];11
[Pull(E,S)];0
[Pull(E,W)];0
[Pull(E,W)];0
[Pull(E,W)];0
[Pull(E,W)];1
[Pull(E,W)];0
[Pull(E,W)];0
[Pull(E,W)];1
[Pull(E,W)];0
[Pull(E,W)];0
[Pull(E,W)];1
[Pull(S,W)];0
[Move(S)];1
[Move(E)];0
[Pull(E,S)];0
[Move(E)];1
[Push(E,E)];0
[Push(E,E)];0
[Push(E,E)];1
[Push(E,E)];0
[Push(E,E)];0
[Push(E,E)];1
[Push(E,E)];0
[Push(E,E)];0
[Push(E,E)];0
[Push(E,E)];1
[Push(E,N)];0
[Push(N,E)];0
[Push(E,E)];0
[Push(E,E)];1
[Pull(W,E)];1
[Pull(W,E)];1
[Pull(W,E)];0
[Pull(S,E)];0
[Pull(S,N)];0
[Pull(E,N)];1
[Move(N)];0
[Move(N)];0
[Move(E)];0
[Move(E)];1
[Move(E)];0
[Move(E)];0
[Move(E)];0
[Move(E)];1
[Move(S)];0
[Move(S)];0
[Move(E)];0
[Move(E)];1
[Move(E)];0
[Pull(W,E)];3
[Pull(W,E)];0
[Pull(W,E)];0
[Pull(N,E)];0
[Push(S,W)];1
[Push(W,N)];0
[Push(N,W)];0
[Push(W,N)];0
[Push(N,W)];1
[Push(W,W)];0
[Push(W,W)];0
[Push(W,W)];0
[Push(W,S)];1
[Move(E)];0
[Move(E)];0
[Move(S)];0
[Move(S)];1
[Pull(N,E)];1
[Pull(N,S)];1
[Pull(E,S)];0
[Push(W,W)];0
[Push(W,W)];0
[Push(W,W)];0
[Push(W,W)];0
[Push(W,S)];0
[Push(S,W)];0
[Move(E)];0
[Move(N)];0
[Move(E)];0
[Move(E)];1
[Move(E)];0
[Move(S)];1
[Move(S)];0
[Pull(N,W)];3
[Pull(N,S)];0
[Pull(W,S)];0
[Pull(W,E)];0
[Pull(W,E)];1
[Pull(W,E)];0
[Pull(S,E)];1
[Pull(E,N)];0
[Push(W,N)];2
[Push(N,E)];0
[Push(E,E)];0
[Move(W)];1
[Move(S)];0
[Move(S)];1
[Push(W,W)];2
[Push(W,N)];0
[Push(N,W)];1
[Push(W,W)];0
[Push(W,W)];1
[Push(W,N)];0
[Push(N,W)];1
[Move(E)];0
[Move(S)];1
[Move(E)];0
[Pull(W,S)];2
[Pull(W,E)];1
[Pull(N,E)];0
[Push(S,W)];0
[Push(W,W)];0
[Move(S)];1
[Move(W)];0
[Pull(E,W)];1
[Pull(E,W)];0
[Pull(N,W)];1
[Pull(E,S)];0
[Push(W,N)];0
[Push(N,E)];0
[Move(S)];1
[Move(W)];0
[Move(S)];0
[Move(W)];0
[Move(W)];1
[Move(W)];0
[Move(W)];0
[Move(N)];1
[Push(W,S)];0
[Push(S,W)];1
[Push(W,W)];0
[Push(W,W)];0
[Push(W,W)];0
[Move(E)];1
[Move(E)];1
[Move(E)];0
[Move(E)];0
[Move(E)];0
[Move(E)];1
[Move(E)];0
[Move(E)];0
[Move(E)];0
[Move(E)];0
[Move(E)];0
[Move(E)];0
[Move(E)];1
[Move(E)];0
[Push(E,N)];1
[Push(N,N)];0
[Push(N,W)];0
[Move(S)];1
[Move(W)];0
[Move(S)];1
[Move(W)];0
[Move(W)];0
[Move(W)];0
[Move(W)];1
[Move(W)];0
[Move(W)];0
[Move(W)];0
[Move(W)];1
[Move(W)];0
[Move(W)];0
[Move(W)];0
[Move(W)];1
[Move(N)];0
[Move(N)];0
[Pull(S,N)];1
[Pull(E,N)];0
[Push(W,W)];0
[Push(W,W)];1
[Move(E)];0
[Move(N)];1
[Move(N)];0
[Move(W)];0
[Move(W)];0
[Move(W)];1
[Move(W)];0
[Move(W)];0
[Move(W)];0
[Move(W)];0
[Move(W)];1
[Move(W)];0
[Move(W)];0
[Move(W)];0
[Move(S)];1
[Move(S)];0
[Move(S)];0
[Move(S)];0
[Move(S)];1
[Move(S)];0
[Move(S)];0
[Move(W)];0
[Move(W)];1
[Move(W)];0
[Move(W)];0
[Move(W)];0
[Move(W)];1
[Move(W)];0
[Move(W)];0
[Move(W)];0
[Move(N)];1
[Move(N)];0
[Move(N)];0
[Move(N)];0
[Move(N)];1
[Move(N)];0
[Move(N)];0
[Move(N)];0
[Move(N)];1
[Move(N)];0
[Move(N)];0
[Move(N)];0
[Move(N)];1
[Move(N)];0
[Move(N)];0
[Move(N)];0
[Move(N)];1
[Move(N)];0
[Move(N)];0
[Move(E)];0
[Move(N)];1
[Move(N)];0
[Move(N)];0
[Move(N)];0
[Move(W)];0
[Pull(E,W)];19
[Pull(S,W)];0
[Pull(S,N)];1
[Pull(S,N)];0
[Pull(S,N)];0
[Pull(W,N)];0
[Pull(S,E)];1
[Pull(S,N)];0
[Pull(S,N)];0
[Pull(S,N)];0
[Pull(S,N)];1
[Pull(S,N)];0
[Pull(S,N)];0
[Pull(S,N)];0
[Pull(S,N)];1
[Pull(S,N)];0
[Pull(S,N)];0
[Pull(S,N)];0
[Pull(S,N)];1
[Pull(S,N)];0
[Pull(S,N)];0
[Pull(S,N)];0
[Pull(S,N)];1
[Pull(S,N)];0
[Pull(S,N)];0
[Pull(E,N)];0
[Pull(E,W)];1
[Pull(E,W)];0
[Pull(E,W)];0
[Pull(E,W)];0
[Pull(E,W)];0
[Pull(E,W)];0
[Pull(E,W)];0
[Pull(E,W)];0
[Pull(N,W)];0
[Pull(N,S)];1
[Pull(N,S)];0
[Pull(N,S)];0
[Pull(N,S)];0
[Pull(N,S)];1
[Pull(N,S)];0
[Pull(E,S)];0
[Pull(E,W)];0
[Pull(E,W)];1
[Pull(E,W)];0
[Pull(E,W)];0
[Pull(E,W)];0
[Pull(E,W)];0
[Pull(E,W)];1
[Pull(E,W)];0
[Pull(E,W)];0
[Pull(E,W)];0
[Pull(S,W)];1
[Pull(S,N)];0
[Pull(E,N)];0
[Pull(S,W)];0
[Pull(E,N)];0
[Pull(E,W)];1
[Pull(E,W)];0
[Pull(E,W)];0
[Pull(E,W)];0
[Pull(N,W)];1
[Push(S,E)];0
[Push(E,E)];0
[Push(E,E)];0
[Push(E,E)];1
[Push(E,E)];0
[Push(E,E)];0
[Push(E,E)];0
[Push(E,E)];0
[Push(E,E)];1
[Push(E,E)];0
[Push(E,E)];0
[Push(E,E)];0
[Push(E,E)];0
[Push(E,E)];1
[Push(E,E)];0
[Push(E,E)];0
[Push(E,E)];0
[Push(E,E)];1
[Push(E,E)];0
[Push(E,N)];0
[Push(N,N)];0
[Push(N,N)];0
[Push(N,N)];1
[Move(S)];1
[Move(S)];0
[Move(S)];0
[Move(W)];0
[Move(W)];1
[Move(W)];0
[Move(W)];0
[Move(W)];0
[Move(W)];0
[Move(W)];1
[Move(W)];0
[Move(W)];0
[Move(W)];0
[Move(W)];0
[Move(W)];1
[Move(W)];0
[Move(W)];0
[Move(W)];0
[Move(W)];0
[Move(W)];0
[Move(W)];0
[Move(W)];0
[Move(W)];0
[Move(W)];1
[Move(W)];0
[Move(W)];0
[Move(W)];0
[Move(W)];0
[Move(N)];1
[Move(N)];0
[Move(N)];0
[Move(W)];0
[Move(W)];0
[Move(W)];1
[Move(W)];0
[Move(W)];0
[Move(W)];0
[Move(S)];0
[Move(S)];1
[Move(S)];0
[Move(S)];0
[Move(W)];0
[Pull(E,W)];1
[Pull(N,W)];0
[Pull(N,S)];1
[Pull(N,S)];0
[Pull(N,S)];0
[Pull(W,S)];0
[Push(E,E)];0
[Push(E,E)];1
[Move(W)];0
[Move(W)];0
[Move(W)];0
[Move(W)];0
[Move(W)];0
[Move(W)];0
[Move(S)];1
[Move(S)];0
[Move(S)];0
[Move(S)];0
[Move(S)];0
[Move(S)];1
[Move(S)];0
[Move(W)];0
[Move(W)];0
[Move(W)];0
[Move(W)];1
[Move(W)];0
[Move(W)];0
[Move(W)];0
[Move(W)];0
[Move(W)];1
[Move(N)];0
[Move(N)];0
[Move(N)];0
[Move(N)];1
[Move(N)];0
[Move(N)];0
[Move(N)];0
[Move(N)];0
[Move(N)];1
[Move(N)];0
[Move(N)];0
[Move(N)];0
[Move(N)];0
[Move(N)];1
[Move(N)];0
[Move(N)];0
[Move(N)];0
[Move(N)];0
[Move(N)];1
[Move(W)];0
[Move(W)];0
[Move(W)];0
[Move(W)];0
[Move(W)];1
[Move(N)];0
[Move(N)];0
[Move(N)];0
[Move(N)];1
[Pull(S,E)];8
[Pull(S,N)];0
[Pull(S,N)];0
[Pull(S,N)];1
[Pull(E,N)];0
[Pull(E,W)];0
[Pull(E,W)];0
[Pull(E,W)];0
[Pull(E,W)];1
[Pull(S,W)];0
[Pull(S,N)];0
[Pull(S,N)];0
[Pull(S,N)];1
[Pull(S,N)];0
[Pull(S,N)];0
[Pull(S,N)];0
[Pull(S,N)];0
[Pull(S,N)];1
[Pull(S,N)];0
[Pull(S,N)];0
[Pull(S,N)];0
[Pull(S,N)];0
[Pull(S,N)];1
[Pull(S,N)];0
[Pull(S,N)];0
[Pull(S,N)];0
[Pull(S,N)];0
[Pull(S,N)];1
[Pull(E,N)];0
[Pull(E,W)];0
[Pull(E,W)];0
[Pull(E,W)];0
[Pull(E,W)];1
[Pull(E,W)];0
[Pull(E,W)];0
[Pull(E,W)];0
[Pull(E,W)];0
[Pull(N,W)];1
[Pull(N,S)];0
[Pull(N,S)];0
[Pull(N,S)];0
[Pull(N,S)];0
[Pull(N,S)];0
[Pull(N,S)];1
[Pull(E,S)];0
[Pull(E,W)];0
[Pull(E,W)];0
[Pull(E,W)];0
[Pull(E,W)];1
[Pull(E,W)];0
[Push(W,S)];0
[Push(S,S)];0
[Push(S,S)];0
[Push(S,S)];1
[Push(S,W)];0
[Push(W,W)];0
[Push(W,W)];0
[Push(W,S)];0
[Move(E)];1
[Move(E)];1
[Move(E)];0
[Move(N)];0
[Move(N)];0
[Move(N)];0
[Move(N)];0
[Move(W)];0
[Move(W)];0
[Move(W)];0
[Move(W)];0
[Move(W)];0
[Move(S)];1
[Move(S)];0
[Move(S)];0
[Move(S)];0
[Move(S)];0
[Move(S)];1
[Move(S)];0
[Move(W)];0
[Move(W)];0
[Move(W)];0
[Move(W)];0
[Move(W)];1
[Move(W)];0
[Move(W)];0
[Move(W)];0
[Move(W)];0
[Move(N)];1
[Move(N)];0
[Move(N)];0
[Move(N)];0
[Move(N)];0
[Move(N)];0
[Move(N)];1
[Move(N)];0
[Move(N)];0
[Move(N)];0
[Move(N)];0
[Move(N)];1
[Move(N)];0
[Move(N)];0
[Move(N)];0
[Move(N)];0
[Move(N)];0
[Move(N)];0
[Move(N)];0
[Move(E)];0
[Move(E)];0
[Move(E)];0
[Move(N)];1
[Move(N)];0
[Move(N)];0
[Move(N)];0
[Move(N)];0
[Move(N)];1
[Move(W)];0
[Move(W)];0
[Move(W)];0
[Move(W)];0
[Pull(E,W)];8
[Pull(E,W)];0
[Pull(E,W)];0
[Pull(E,W)];0
[Pull(S,W)];0
[Pull(S,N)];0
[Pull(S,N)];0
[Pull(E,N)];0
[Push(W,S)];0
[Push(S,W)];0
[Push(W,S)];0
[Push(S,W)];1
[Push(W,W)];0
[Push(W,S)];0
[Push(S,S)];0
[Push(S,S)];0
[Push(S,S)];0
[Push(S,S)];1
[Push(S,S)];0
[Push(S,S)];0
[Push(S,S)];0
[Push(S,S)];0
[Push(S,S)];1
[Push(S,S)];0
[Push(S,S)];0
[Push(S,S)];0
[Push(S,S)];0
[Push(S,S)];0
[Push(S,S)];0
[Push(S,S)];0
[Push(S,S)];0
[Push(S,S)];0
[Push(S,S)];0
[Push(S,E)];1
[Push(E,E)];0
[Push(E,E)];0
[Push(E,E)];0
[Push(E,E)];0
[Push(E,E)];0
[Push(E,E)];1
[Push(E,E)];0
[Push(E,E)];0
[Push(E,N)];0
[Push(N,N)];0
[Push(N,N)];0
[Push(N,N)];1
[Push(N,N)];0
[Push(N,N)];0
[Push(N,N)];0
[Push(N,E)];0
[Push(E,E)];0
[Push(E,E)];0
[Push(E,E)];0
[Push(E,E)];0
[Push(E,S)];0
[Push(S,S)];0
[Push(S,S)];0
[Push(S,S)];0
[Push(S,W)];1
[Push(W,W)];0
[Push(W,W)];0
[Move(E)];1
[Move(E)];0
[Move(N)];0
[Move(N)];0
[Move(N)];1
[Move(N)];0
[Move(W)];0
[Move(W)];0
[Move(W)];0
[Move(W)];0
[Move(W)];1
[Move(S)];0
[Move(S)];0
[Move(S)];0
[Move(S)];0
[Move(S)];0
[Move(S)];0
[Move(S)];1
[Move(W)];0
[Move(W)];0
[Move(W)];0
[Move(W)];0
[Move(W)];0
[Move(W)];1
[Move(W)];0
[Move(W)];0
[Move(W)];0
[Move(N)];0
[Move(N)];0
[Move(N)];0
[Move(N)];1
[Move(N)];0
[Move(N)];0
[Move(N)];0
[Move(N)];0
[Move(N)];0
[Move(N)];1
[Move(N)];0
[Move(N)];0
[Move(N)];0
[Move(N)];0
[Move(N)];0
[Move(N)];0
[Move(N)];1
[Move(N)];0
[Move(N)];0
[Move(W)];0
[Move(W)];0
[Move(W)];0
[Move(W)];1
[Move(W)];0
[Move(N)];0
[Move(N)];0
[Move(N)];0
[Move(N)];0
[Move(N)];0
[Pull(W,N)];6
[Push(E,S)];0
[Push(S,S)];0
[Push(S,S)];0
[Push(S,S)];1
[Push(S,E)];0
[Push(E,S)];0
[Push(S,E)];0
[Push(E,E)];0
[Push(E,E)];0
[Push(E,E)];1
[Push(E,S)];0
[Push(S,S)];0
[Push(S,S)];0
[Push(S,S)];0
[Push(S,S)];0
[Push(S,S)];0
[Push(S,S)];1
[Push(S,S)];0
[Push(S,S)];0
[Push(S,S)];0
[Push(S,S)];0
[Push(S,S)];0
[Push(S,S)];0
[Push(S,S)];1
[Push(S,S)];0
[Push(S,S)];0
[Push(S,S)];0
[Push(S,S)];0
[Push(S,S)];0
[Push(S,E)];0
[Push(E,E)];1
[Push(E,E)];0
[Push(E,E)];0
[Push(E,E)];0
[Push(E,E)];0
[Push(E,E)];0
[Push(E,E)];0
[Push(E,E)];1
[Push(E,N)];0
[Push(N,N)];0
[Push(N,N)];0
[Push(N,N)];0
[Push(N,N)];0
[Push(N,N)];0
[Push(N,N)];1
[Push(N,E)];0
[Push(E,E)];0
[Push(E,E)];0
[Push(E,E)];0
[Push(E,E)];0
[Push(E,S)];0
[Push(S,S)];0
[Push(S,S)];1
[Push(S,S)];0
[Push(S,W)];0
[Push(W,W)];0
[Move(E)];1
[Move(N)];0
[Move(N)];0
[Move(N)];0
[Move(N)];0
[Move(W)];0
[Move(W)];1
[Move(W)];0
[Move(W)];0
[Move(W)];0
[Move(S)];0
[Move(S)];0
[Move(S)];0
[Move(S)];0
[Move(S)];1
[Move(S)];0
[Move(S)];0
[Move(W)];0
[Move(W)];0
[Move(W)];0
[Move(W)];0
[Move(W)];0
[Move(W)];1
[Move(W)];0
[Move(W)];0
[Move(W)];0
[Move(N)];0
[Move(N)];0
[Move(N)];0
[Move(N)];0
[Move(N)];1
[Move(N)];0
[Move(N)];0
[Move(N)];0
[Move(N)];0
[Move(N)];0
[Move(N)];0
[Move(N)];0
[Move(N)];1
[Move(N)];0
[Move(N)];0
[Move(N)];0
[Move(N)];0
[Move(N)];0
[Move(N)];0
[Move(E)];0
[Move(E)];1
[Move(E)];0
[Move(E)];0
[Move(E)];0
[Move(N)];0
[Move(N)];0
[Move(N)];0
[Move(N)];0
[Move(N)];1
[Pull(E,N)];8
[Push(W,S)];0
[Push(S,S)];0
[Push(S,S)];0
[Push(S,W)];0
[Push(W,S)];0
[Push(S,S)];0
[Push(S,W)];1
[Push(W,W)];0
[Push(W,W)];0
[Push(W,W)];0
[Push(W,S)];0
[Push(S,S)];0
[Push(S,S)];0
[Push(S,S)];0
[Push(S,S)];0
[Push(S,S)];0
[Push(S,S)];0
[Push(S,S)];0
[Push(S,S)];0
[Push(S,S)];0
[Push(S,S)];0
[Push(S,S)];0
[Push(S,S)];0
[Push(S,S)];1
[Push(S,S)];0
[Push(S,S)];0
[Push(S,S)];0
[Push(S,S)];0
[Push(S,S)];0
[Push(S,E)];0
[Push(E,E)];0
[Push(E,E)];1
[Push(E,E)];0
[Push(E,E)];0
[Push(E,E)];0
[Push(E,E)];0
[Push(E,E)];0
[Push(E,E)];0
[Push(E,N)];0
[Push(N,N)];0
[Push(N,N)];1
[Push(N,N)];0
[Push(N,N)];0
[Push(N,N)];0
[Push(N,N)];0
[Push(N,E)];0
[Push(E,E)];0
[Push(E,E)];0
[Push(E,E)];1
[Push(E,E)];0
[Push(E,S)];0
[Push(S,S)];0
[Move(N)];0
[Move(E)];1
[Push(E,E)];0
[Push(E,E)];0
[Push(E,E)];0
[Push(E,E)];1
[Push(E,S)];0
[Push(S,S)];0
[Push(S,E)];0
[Push(E,E)];0
[Move(W)];1
[Move(N)];0
[Move(N)];0
[Move(W)];0
[Move(W)];0
[Move(W)];0
[Move(W)];0
[Move(W)];0
[Move(W)];0
[Move(W)];0
[Move(W)];0
[Move(W)];0
[Move(W)];0
[Move(W)];0
[Move(S)];0
[Move(S)];1
[Move(S)];0
[Move(S)];0
[Move(S)];0
[Move(S)];0
[Move(S)];0
[Move(W)];0
[Move(W)];0
[Move(W)];1
[Move(W)];0
[Move(W)];0
[Move(W)];0
[Move(W)];0
[Move(W)];0
[Move(W)];0
[Move(N)];0
[Move(N)];0
[Move(N)];1
[Move(N)];0
[Move(N)];0
[Move(N)];0
[Move(N)];0
[Move(N)];0
[Move(N)];0
[Move(N)];0
[Move(N)];0
[Move(N)];1
[Move(N)];0
[Move(N)];0
[Move(N)];0
[Move(N)];0
[Move(N)];0
[Move(N)];0
[Move(N)];0
[Move(E)];0
[Move(N)];0
[Move(N)];0
[Move(N)];0
[Move(N)];0
[Move(W)];0
[Move(W)];0
[Pull(E,W)];15
[Pull(E,W)];0
[Pull(S,W)];0
[Pull(S,N)];0
[Pull(W,N)];0
[Pull(S,E)];0
[Pull(S,N)];0
[Pull(E,N)];1
[Push(W,S)];0
[Push(S,S)];0
[Push(S,S)];0
[Push(S,S)];0
[Push(S,S)];0
[Push(S,S)];0
[Push(S,S)];0
[Push(S,S)];0
[Push(S,S)];1
[Push(S,S)];0
[Push(S,S)];0
[Push(S,S)];0
[Push(S,S)];0
[Push(S,S)];0
[Push(S,S)];0
[Push(S,S)];0
[Push(S,S)];0
[Push(S,S)];0
[Push(S,S)];0
[Push(S,E)];1
[Push(E,E)];0
[Push(E,E)];0
[Push(E,E)];0
[Push(E,E)];0
[Push(E,E)];0
[Push(E,E)];0
[Push(E,E)];0
[Push(E,E)];0
[Push(E,N)];0
[Push(N,N)];0
[Push(N,N)];1
[Push(N,N)];0
[Push(N,N)];0
[Push(N,N)];0
[Push(N,N)];0
[Push(N,E)];0
[Push(E,E)];0
[Push(E,E)];0
[Push(E,E)];0
[Push(E,E)];0
[Push(E,E)];0
[Push(E,E)];0
[Push(E,E)];0
[Push(E,E)];0
[Push(E,E)];0
[Push(E,E)];0
[Push(E,S)];0
[Push(S,S)];0
[Push(S,S)];0
[Push(S,E)];0
[Push(E,E)];0
[Push(E,E)];0
[Push(E,E)];0
[Push(E,E)];0
[Push(E,E)];0
[Push(E,E)];0
[Push(E,E)];0
[Push(E,E)];0
[Push(E,E)];0
[Push(E,E)];0
[Push(E,E)];0
[Push(E,E)];0
[Push(E,E)];0
[Push(E,E)];0
[Push(E,E)];0
[Push(E,E)];0
[Push(E,E)];0
[Push(E,E)];0
[Push(E,E)];0
[Push(E,E)];0
[Push(E,E)];0
[Push(E,E)];0
[Push(E,E)];0
[Push(E,E)];0
[Push(E,S)];0
[Push(S,S)];0
[Push(S,S)];0
[Move(N)];1
[Move(N)];0
[Move(W)];0
[Move(W)];0
[Move(W)];0
[Move(W)];0
[Move(W)];1
[Move(W)];0
[Move(W)];0
[Move(W)];0
[Move(W)];0
[Move(W)];0
[Move(W)];0
[Move(W)];0
[Move(W)];0
[Move(W)];0
[Move(W)];0
[Move(W)];0
[Move(W)];0
[Move(W)];0
[Move(W)];0
[Move(W)];0
[Move(W)];1
[Move(W)];0
[Move(W)];0
[Move(W)];0
[Move(W)];0
[Move(N)];0
[Move(N)];0
[Move(N)];0
[Move(W)];0
[Move(W)];0
[Move(W)];0
[Move(W)];0
[Move(W)];0
[Move(W)];0
[Move(W)];0
[Move(W)];0
[Move(W)];1
[Move(W)];0
[Move(W)];0
[Move(S)];0
[Move(S)];0
[Move(S)];1
[Move(S)];0
[Move(S)];0
[Move(S)];0
[Move(S)];0
[Move(W)];0
[Move(W)];0
[Move(W)];0
[Move(W)];0
[Move(W)];0
[Move(W)];0
[Move(W)];0
[Move(W)];0
[Move(W)];0
[Move(N)];1
[Move(N)];0
[Move(N)];0
[Move(N)];0
[Move(N)];0
[Move(N)];0
[Move(N)];0
[Move(N)];0
[Move(N)];0
[Move(N)];0
[Move(N)];0
[Move(N)];0
[Move(N)];0
[Move(N)];0
[Move(N)];1
[Move(N)];0
[Move(N)];0
[Move(N)];0
[Move(N)];0
[Move(E)];0
[Move(E)];0
[Move(E)];0
[Move(E)];0
[Move(E)];0
[Move(E)];0
[Move(N)];0
[Move(N)];0
[Move(N)];0
[Move(N)];0
[Move(N)];0
[Push(N,W)];13
[Push(W,S)];0
[Push(S,S)];0
[Push(S,W)];0
[Push(W,W)];0
[Push(W,S)];0
[Push(S,W)];0
[Push(W,S)];0
[Push(S,W)];0
[Push(W,W)];0
[Push(W,S)];0
[Push(S,S)];0
[Push(S,S)];1
[Push(S,S)];0
[Push(S,S)];0
[Push(S,S)];0
[Push(S,S)];0
[Push(S,S)];0
[Push(S,S)];0
[Push(S,S)];0
[Push(S,S)];0
[Push(S,S)];0
[Push(S,S)];0
[Push(S,S)];0
[Push(S,S)];0
[Push(S,S)];0
[Push(S,S)];0
[Push(S,S)];1
[Push(S,S)];0
[Push(S,S)];0
[Push(S,S)];0
[Push(S,E)];0
[Push(E,E)];0
[Push(E,E)];0
[Push(E,E)];0
[Push(E,E)];0
[Push(E,E)];0
[Push(E,E)];0
[Push(E,E)];0
[Push(E,E)];0
[Push(E,N)];0
[Push(N,N)];0
[Push(N,N)];0
[Push(N,N)];0
[Push(N,N)];0
[Push(N,N)];1
[Push(N,N)];0
[Push(N,E)];0
[Push(E,E)];0
[Push(E,E)];0
[Push(E,E)];0
[Push(E,E)];0
[Move(W)];0
[Move(W)];0
[Move(W)];0
[Move(W)];0
[Move(S)];0
[Move(S)];0
[Move(S)];0
[Move(S)];0
[Move(S)];0
[Move(S)];0
[Move(S)];0
[Move(W)];0
[Move(W)];0
[Move(W)];0
[Move(W)];0
[Move(W)];1
[Move(W)];0
[Move(W)];0
[Move(W)];0
[Move(W)];0
[Move(N)];0
[Move(N)];0
[Move(N)];0
[Move(N)];0
[Move(N)];0
[Move(N)];0
[Move(N)];0
[Move(N)];0
[Move(N)];0
[Move(N)];0
[Move(N)];0
[Move(N)];0
[Move(N)];0
[Move(N)];0
[Move(N)];0
[Move(N)];0
[Move(N)];0
[Move(N)];0
[Move(N)];0
[Move(E)];0
[Move(N)];0
[Move(N)];0
[Move(N)];0
[Move(N)];0
[Move(W)];0
[Move(W)];0
[Move(W)];0
[Pull(E,W)];2
[Pull(E,W)];0
[Pull(E,W)];0
[Pull(S,W)];0
[Pull(S,N)];0
[Pull(E,N)];0
[Push(W,S)];0
[Push(S,S)];0
[Push(S,W)];0
[Push(W,S)];0
[Push(S,S)];0
2fc328695f034087412b362188e4202ef5731de5
successful
2307
3832
fe17aa1852756435fabda3496175e0e1b9bfc90d
1495033598211
