++++++            ++++++
++    ++          ++    ++
+      ++++++++++++      +
+  BD  ad        bc  AC  +
+      ++++     +++      +
++    ++  ++   ++ ++    ++
 ++++++    +   +   ++++++
           ++0++
 ++++++    +   +   ++++++
++    ++  ++   ++ ++    ++
+      ++++     +++      +
+  BD  cd        ba  AC  +
+      ++++++++++++      +
++    ++          ++    ++
 ++++++            ++++++

[Move(N)];72
[Move(E)];1
[Move(N)];0
[Move(N)];0
[Move(E)];1
[Move(N)];0
[Move(E)];0
[Move(E)];0
[Move(E)];1
[Move(E)];1
[Move(E)];0
[Pull(W,E)];27
[Pull(W,E)];0
[Pull(W,E)];0
[Pull(W,E)];0
[Pull(W,E)];1
[Pull(W,E)];0
[Pull(S,E)];0
[Pull(W,N)];0
[Push(E,S)];0
[Move(W)];1
[Move(W)];0
[Move(W)];0
[Move(N)];1
[Move(W)];0
[Move(W)];0
[Move(W)];0
[Move(W)];0
[Move(W)];0
[Move(W)];0
[Move(N)];1
[Move(W)];0
[Move(W)];0
[Pull(E,S)];6
[Pull(E,W)];0
[Pull(N,W)];0
[Push(S,S)];0
[Push(S,E)];0
[Push(E,E)];0
[Push(E,E)];0
[Push(E,E)];0
[Push(E,E)];0
[Push(E,E)];0
[Push(E,E)];0
[Push(E,E)];0
[Push(E,E)];0
[Push(E,E)];1
[Push(E,E)];0
[Push(E,E)];0
[Pull(W,E)];1
[Pull(W,E)];0
[Push(E,S)];0
[Move(E)];0
[Move(E)];1
[Move(E)];0
[Move(E)];0
[Move(E)];0
[Move(E)];0
[Pull(N,E)];1
[Push(S,W)];0
[Push(W,W)];0
[Push(W,W)];0
[Pull(E,W)];2
[Push(W,N)];0
[Push(N,E)];0
[Move(S)];0
[Move(W)];0
[Move(W)];0
[Move(W)];0
[Move(W)];0
[Pull(W,S)];0
[Push(E,E)];0
[Push(E,E)];0
[Pull(W,E)];1
[Pull(W,E)];1
[Push(E,S)];0
[Move(E)];0
[Move(E)];0
[Move(E)];0
[Move(E)];0
[Move(E)];0
[Pull(E,N)];1
[Push(W,W)];1
[Push(W,W)];0
[Pull(S,W)];1
[Push(N,N)];1
[Push(N,E)];0
[Move(S)];0
[Move(W)];0
[Move(W)];0
[Move(W)];0
[Move(W)];0
[Pull(W,S)];1
[Push(E,E)];0
[Push(E,E)];0
[Pull(W,E)];1
[Pull(W,E)];0
[Push(E,S)];0
[Move(E)];0
[Move(E)];0
[Move(E)];0
[Move(E)];1
[Move(E)];0
[Pull(S,N)];0
[Push(N,W)];0
[Push(W,W)];1
[Pull(E,W)];1
[Pull(N,W)];0
[Pull(W,S)];0
[Move(S)];0
[Move(W)];0
[Move(W)];0
[Move(W)];0
[Move(W)];1
[Pull(W,S)];0
[Push(E,E)];0
[Push(E,E)];0
[Pull(W,E)];1
[Pull(W,E)];0
[Push(E,S)];1
[Move(E)];0
[Move(E)];0
[Move(E)];0
[Move(E)];0
[Move(E)];0
[Pull(W,N)];1
[Pull(N,E)];0
[Push(S,W)];0
[Pull(E,W)];1
[Pull(N,W)];0
[Pull(W,S)];0
[Move(S)];0
[Move(W)];0
[Move(W)];0
[Move(W)];0
[Move(W)];0
[Pull(W,S)];0
[Push(E,E)];0
[Push(E,E)];0
[Pull(W,E)];1
[Pull(W,E)];0
[Push(E,S)];0
[Move(E)];0
[Move(E)];1
[Move(E)];0
[Move(E)];0
[Move(E)];0
[Pull(W,N)];0
[Pull(W,E)];1
[Pull(W,E)];0
[Move(W)];0
[Move(W)];0
[Pull(W,S)];0
[Push(E,E)];1
[Push(E,E)];0
[Move(W)];0
[Move(W)];0
[Move(W)];0
[Move(W)];1
[Move(W)];0
[Move(W)];0
[Move(W)];0
[Move(W)];0
[Move(W)];0
[Move(W)];0
[Move(W)];0
[Pull(N,W)];2
[Push(S,E)];0
[Push(E,E)];0
[Push(E,E)];0
[Push(E,E)];0
[Push(E,E)];0
[Push(E,E)];1
[Push(E,S)];0
[Push(S,E)];0
[Push(E,S)];0
[Move(E)];0
[Move(E)];0
[Pull(N,S)];2
[Pull(W,S)];0
[Pull(S,E)];1
[Push(N,W)];0
[Push(W,W)];0
[Push(W,W)];0
[Push(W,W)];0
[Push(W,W)];0
[Push(W,W)];0
[Move(E)];1
[Move(E)];0
[Move(E)];0
[Move(E)];0
[Move(S)];0
[Pull(N,S)];1
[Pull(W,S)];0
[Pull(S,E)];0
[Push(N,W)];0
[Push(W,W)];0
[Push(W,W)];0
[Move(E)];0
[Move(E)];0
[Move(E)];0
[Move(E)];0
[Move(S)];0
[Move(S)];0
[Move(S)];0
[Move(S)];0
[Move(S)];0
[Move(E)];0
[Move(S)];0
[Move(S)];0
[Move(E)];0
[Move(S)];0
[Move(E)];1
[Move(E)];0
[Move(E)];0
[Move(E)];0
[Move(E)];0
[Move(N)];0
[Move(E)];0
[Move(E)];0
[Pull(W,S)];3
[Pull(N,E)];0
[Push(S,W)];1
[Push(W,S)];0
[Push(S,W)];0
[Push(W,W)];0
[Push(W,W)];0
[Push(W,W)];0
[Push(W,W)];0
[Push(W,N)];0
[Push(N,W)];1
[Push(W,N)];0
[Move(W)];0
[Move(W)];0
[Move(W)];0
[Move(S)];0
[Move(W)];0
[Move(W)];1
[Move(W)];0
[Move(W)];0
[Move(W)];0
[Move(W)];0
[Move(N)];0
[Move(W)];0
[Move(W)];0
[Pull(E,S)];5
[Pull(N,W)];0
[Push(S,E)];0
[Push(E,E)];0
[Push(E,S)];0
[Push(S,E)];0
[Push(E,E)];0
[Push(E,E)];0
[Push(E,E)];0
[Push(E,E)];0
[Push(E,E)];0
[Push(E,E)];0
[Push(E,E)];0
[Push(E,E)];0
[Push(E,E)];0
[Push(E,E)];0
[Pull(W,E)];1
[Pull(W,E)];0
[Push(E,N)];0
[Move(E)];0
[Move(E)];0
[Move(E)];0
[Move(E)];0
[Move(E)];0
[Pull(W,E)];1
[Pull(N,E)];0
[Push(S,W)];0
[Pull(E,W)];1
[Push(W,N)];0
[Push(N,E)];0
[Move(S)];0
[Move(W)];0
[Move(W)];0
[Move(W)];0
[Move(W)];0
[Pull(W,N)];0
[Push(E,E)];0
[Push(E,E)];1
[Pull(W,E)];0
[Pull(W,E)];0
[Push(E,N)];0
[Move(E)];0
[Move(E)];0
[Move(E)];0
[Move(E)];0
[Move(E)];0
[Pull(E,N)];1
[Push(W,W)];0
[Push(W,W)];0
[Pull(E,W)];1
[Pull(N,W)];0
[Pull(W,S)];0
[Move(S)];0
[Move(W)];0
[Move(W)];0
[Move(W)];0
[Move(W)];0
[Pull(W,N)];1
[Push(E,E)];0
[Push(E,E)];0
[Pull(W,E)];0
[Pull(W,E)];0
[Push(E,N)];0
[Move(E)];1
[Move(E)];0
[Move(E)];0
[Move(E)];0
[Move(E)];0
[Pull(E,N)];0
[Push(W,W)];0
[Push(W,W)];0
[Pull(E,W)];1
[Push(W,N)];0
[Push(N,E)];0
[Move(S)];0
[Move(W)];0
[Move(W)];0
[Move(W)];0
[Move(W)];0
[Pull(W,N)];1
[Push(E,E)];0
[Push(E,E)];0
[Pull(W,E)];1
[Pull(W,E)];0
[Push(E,N)];0
[Move(E)];0
[Move(E)];0
[Move(E)];0
[Move(E)];0
[Move(E)];0
[Pull(S,N)];1
[Push(N,W)];0
[Push(W,W)];0
[Pull(E,W)];1
[Push(W,N)];0
[Push(N,E)];0
[Move(S)];0
[Move(W)];0
[Move(W)];0
[Move(W)];0
[Move(W)];0
[Pull(W,N)];1
[Push(E,E)];0
[Push(E,E)];0
[Pull(W,E)];0
[Pull(W,E)];0
[Push(E,N)];0
[Move(E)];0
[Move(E)];0
[Move(E)];0
[Move(E)];1
[Move(E)];0
[Pull(W,N)];0
[Pull(N,E)];0
[Push(S,W)];0
[Pull(S,W)];1
[Push(N,N)];0
[Push(N,E)];0
[Move(S)];0
[Move(W)];0
[Move(W)];0
[Move(W)];0
[Move(W)];0
[Pull(W,N)];1
[Push(E,E)];0
[Push(E,E)];0
[Pull(W,E)];0
[Pull(W,E)];0
[Push(E,N)];1
[Move(E)];0
[Move(E)];0
[Move(E)];0
[Move(E)];0
[Move(E)];0
[Push(N,W)];0
[Push(W,S)];0
[Push(S,W)];1
[Pull(E,W)];0
[Pull(N,W)];1
[Pull(W,S)];0
[Move(S)];0
[Move(W)];0
[Move(W)];0
[Move(W)];0
[Move(W)];0
[Pull(W,N)];1
[Push(E,E)];0
[Push(E,E)];0
[Pull(W,E)];0
[Pull(W,E)];0
[Push(E,N)];0
[Move(E)];0
[Move(E)];0
[Move(E)];0
[Move(E)];0
[Move(E)];0
[Push(N,W)];0
[Push(W,S)];0
[Push(S,W)];0
[Pull(E,W)];1
[Pull(N,W)];0
[Pull(W,S)];0
[Move(S)];0
[Move(W)];0
[Move(W)];0
[Move(W)];0
[Move(W)];1
[Pull(W,N)];0
[Push(E,E)];0
[Push(E,E)];0
[Pull(W,E)];0
[Pull(W,E)];0
[Push(E,N)];0
[Move(E)];0
[Move(E)];0
[Move(E)];0
[Move(E)];0
[Move(E)];0
[Pull(E,N)];0
[Push(W,W)];1
[Push(W,W)];0
[Pull(S,W)];0
[Push(N,N)];0
[Push(N,E)];1
[Move(S)];0
[Move(W)];0
[Move(W)];0
[Move(W)];0
[Move(W)];0
[Pull(W,N)];0
[Push(E,E)];0
[Push(E,E)];0
[Pull(W,E)];1
[Pull(W,E)];0
[Push(E,N)];0
[Move(E)];0
[Move(E)];0
[Move(E)];0
[Move(E)];0
[Move(E)];0
[Push(N,W)];1
[Push(W,S)];0
[Push(S,W)];0
[Pull(E,W)];1
[Pull(N,W)];0
[Pull(W,S)];0
[Move(S)];0
[Move(W)];0
[Move(W)];0
[Move(W)];0
[Move(W)];0
[Pull(W,N)];1
[Push(E,E)];0
[Push(E,E)];0
[Pull(W,E)];1
[Pull(W,E)];0
[Push(E,N)];0
[Move(E)];0
[Move(E)];0
[Move(E)];0
[Move(E)];0
[Move(E)];0
[Push(N,W)];0
[Push(W,S)];0
[Push(S,W)];0
[Pull(S,W)];0
[Push(N,N)];0
[Push(N,E)];0
[Move(S)];0
[Move(W)];0
[Move(W)];0
[Move(W)];0
[Move(W)];1
[Pull(W,N)];0
[Push(E,E)];0
[Push(E,E)];0
[Pull(W,E)];1
[Pull(W,E)];0
[Push(E,N)];0
[Move(E)];0
[Move(E)];0
[Move(E)];0
[Move(E)];0
[Move(E)];0
[Pull(E,N)];1
[Push(W,W)];0
[Push(W,W)];0
[Pull(E,W)];1
[Pull(N,W)];0
[Pull(W,S)];0
[Move(S)];0
[Move(W)];0
[Move(W)];0
[Move(W)];0
[Move(W)];0
[Pull(W,N)];0
[Push(E,E)];0
[Push(E,E)];1
[Pull(W,E)];0
[Pull(W,E)];0
[Push(E,N)];0
[Move(E)];0
[Move(E)];0
[Move(E)];0
[Move(E)];0
[Move(E)];0
[Pull(W,N)];1
[Pull(W,E)];0
[Pull(W,E)];0
[Move(W)];0
[Move(W)];0
[Pull(W,N)];1
[Push(E,E)];0
[Push(E,E)];0
[Move(W)];0
[Move(W)];0
[Move(W)];0
[Move(W)];0
[Move(W)];0
[Move(W)];0
[Move(W)];0
[Move(W)];1
[Move(W)];0
[Move(W)];0
[Move(W)];0
[Pull(E,W)];1
[Pull(N,W)];0
[Push(S,E)];0
[Push(E,E)];0
[Push(E,E)];0
[Push(E,E)];0
[Push(E,E)];0
[Push(E,E)];0
[Push(E,N)];0
[Push(N,N)];0
[Move(E)];0
[Move(E)];0
[Pull(S,N)];2
[Pull(W,N)];0
[Pull(W,E)];0
[Pull(W,E)];0
[Pull(W,E)];0
[Pull(W,E)];0
[Pull(W,E)];0
[Pull(W,E)];0
[Pull(W,E)];0
[Pull(S,E)];0
[Push(N,N)];0
[Push(N,W)];0
[Move(S)];0
[Move(E)];0
[Move(E)];0
[Move(E)];0
[Move(E)];0
[Move(E)];0
[Move(E)];0
[Move(N)];0
[Pull(E,N)];1
[Push(W,W)];0
[Push(W,S)];0
[Push(S,W)];1
[Push(W,W)];0
[Push(W,W)];0
[Pull(E,W)];0
[Pull(E,W)];0
[Pull(E,W)];0
[Pull(E,W)];0
[Push(W,N)];0
[Move(W)];0
[Move(W)];0
[Move(W)];0
[Move(W)];0
[Move(W)];0
[Move(W)];0
[Move(W)];0
[Push(N,E)];1
[Push(E,S)];0
[Push(S,E)];0
[Pull(N,E)];0
[Push(S,W)];0
[Push(W,N)];0
[Move(E)];0
[Move(E)];0
[Move(E)];0
[Move(E)];0
[Move(E)];0
[Move(E)];0
[Move(E)];0
[Pull(W,N)];0
[Pull(W,E)];0
[Pull(W,E)];0
[Pull(W,E)];0
[Pull(W,E)];1
[Move(W)];0
[Move(W)];0
[Pull(E,N)];0
[Pull(N,W)];0
[Push(S,E)];0
3269f3ae118a7e9b0f363a030505aa2da9b17657
successful
205
603
d2249332ec2dced20149ffc751f1c0b8d8915b04
1495033600763
