++++++++++++++++++++++++++
+CREATING+ITALIC+LIFELINE+
+ + + + ++++  ++++ + + + +
+                        +
+           0            +
+++++++ artificial +++++++
+++++++            +++++++
+++++++intelligence+++++++
++++++++++++++++++++++++++

[Move(N)];37806
[Move(W)];0
[Move(W)];0
[Move(W)];1
[Move(W)];0
[Move(W)];0
[Move(W)];1
[Move(W)];1
[Move(W)];0
[Move(W)];0
[Move(N)];1
[Pull(S,N)];1
[Move(E)];0
[Move(E)];0
[Move(N)];1
[Pull(S,N)];0
[Pull(W,N)];0
[Move(W)];1
[Push(N,N)];0
[Move(S)];0
[Move(E)];1
[Push(E,S)];0
[Move(N)];0
[Move(N)];1
[Pull(S,W)];0
[Pull(S,N)];1
[Pull(E,N)];1
[Pull(E,W)];0
[Pull(N,W)];0
[Push(S,E)];0
[Push(E,S)];1
[Push(S,S)];0
[Move(W)];0
[Move(N)];0
[Move(W)];0
[Move(W)];0
[Move(W)];1
[Move(W)];0
[Move(N)];1
[Push(N,E)];0
[Pull(S,W)];1
[Pull(S,N)];0
[Pull(W,N)];0
[Push(E,E)];1
[Push(E,E)];0
[Push(E,E)];0
[Push(E,S)];1
[Push(S,E)];0
[Push(E,E)];0
[Push(E,E)];0
[Push(E,S)];0
[Move(N)];0
[Move(E)];0
[Move(E)];1
[Move(E)];0
[Move(N)];0
[Move(E)];1
[Pull(W,N)];0
[Push(N,E)];1
[Pull(S,W)];0
[Pull(S,N)];1
[Pull(E,N)];0
[Push(W,W)];0
[Push(W,W)];0
[Push(W,S)];0
[Push(S,S)];0
[Move(N)];0
[Move(E)];0
[Move(E)];0
[Move(N)];0
[Move(N)];0
[Move(W)];0
[Pull(E,W)];1
[Pull(S,W)];0
[Pull(S,N)];1
[Pull(E,N)];0
[Push(W,W)];1
[Push(W,S)];0
[Push(S,S)];0
[Move(E)];0
[Move(N)];0
[Move(E)];0
[Move(E)];1
[Move(E)];0
[Move(E)];0
[Move(E)];0
[Move(E)];1
[Move(N)];0
[Pull(S,N)];0
[Pull(E,N)];1
[Pull(S,W)];0
[Move(W)];0
[Move(N)];0
[Move(N)];0
[Move(N)];0
[Pull(S,E)];0
[Pull(S,N)];0
[Pull(S,N)];0
[Pull(S,N)];0
[Pull(S,N)];0
[Push(N,W)];0
[Push(W,W)];0
[Push(W,W)];0
[Push(W,W)];0
[Push(W,W)];0
[Push(W,W)];0
[Move(N)];0
[Move(N)];0
[Pull(S,N)];0
[Push(N,E)];0
[Move(N)];1
[Push(N,W)];0
[Pull(S,E)];0
[Pull(W,N)];0
[Push(E,S)];0
[Push(S,S)];0
[Push(S,S)];0
[Move(N)];0
[Move(N)];1
[Move(N)];0
[Move(E)];0
[Pull(W,E)];0
[Pull(S,E)];0
[Pull(S,N)];0
[Pull(W,N)];1
[Push(E,S)];0
[Push(S,E)];0
[Push(E,S)];0
[Move(E)];0
[Move(N)];0
[Move(E)];0
[Move(E)];0
[Move(E)];0
[Pull(S,E)];0
[Pull(W,N)];0
[Push(E,S)];0
[Push(S,W)];0
[Push(W,W)];0
[Push(W,W)];0
[Push(W,S)];1
[Push(W,S)];0
[Push(W,S)];0
[Move(N)];0
[Move(W)];0
[Move(N)];0
[Move(N)];1
[Push(N,E)];0
[Push(E,S)];0
[Push(S,S)];1
[Push(S,S)];0
[Push(S,S)];0
[Push(S,E)];0
[Push(E,E)];0
[Push(E,E)];0
[Move(N)];0
[Move(N)];1
[Move(E)];0
[Move(E)];0
[Move(E)];0
[Move(N)];0
[Move(N)];1
[Pull(E,W)];0
[Push(W,S)];0
[Push(S,S)];0
[Push(S,W)];0
[Push(W,S)];0
[Push(S,S)];1
[Move(N)];0
[Move(W)];0
[Move(W)];0
[Move(S)];0
[Move(W)];0
[Move(W)];0
[Move(N)];0
[Move(W)];0
[Move(W)];0
[Move(W)];0
[Move(W)];0
[Move(W)];0
[Move(W)];0
[Move(W)];0
[Move(W)];0
[Move(N)];0
[Move(N)];0
[Pull(S,E)];0
[Pull(S,N)];0
[Pull(W,N)];0
[Push(E,E)];1
[Push(E,S)];0
[Push(S,E)];0
[Push(E,S)];0
[Push(S,S)];0
[Push(S,S)];0
[Move(N)];0
[Move(N)];1
[Move(N)];0
[Move(N)];0
[Pull(S,N)];0
[Pull(W,N)];1
[Push(E,E)];0
[Push(E,S)];0
[Move(W)];0
[Move(S)];0
[Pull(W,E)];0
[Push(E,S)];0
[Push(S,S)];0
[Push(S,E)];0
[Push(E,S)];0
[Move(W)];0
[Move(N)];0
[Move(N)];0
[Move(W)];0
[Pull(N,W)];0
[Push(S,E)];0
[Push(E,S)];0
[Push(S,S)];1
[Push(S,E)];0
[Push(E,E)];0
[Push(E,S)];0
[Move(W)];0
[Move(W)];0
[Move(N)];0
[Move(N)];1
[Move(N)];0
[Move(W)];0
[Move(W)];0
[Move(N)];0
[Move(N)];0
[Pull(E,W)];0
[Pull(E,W)];0
[Pull(S,W)];0
[Pull(S,N)];1
[Pull(E,N)];0
[Pull(S,W)];0
[Pull(W,N)];0
[Pull(S,E)];0
[Pull(S,N)];0
[Pull(E,N)];0
[Pull(E,W)];1
[Pull(E,W)];0
[Pull(S,W)];0
[Pull(E,N)];0
[Move(N)];0
[Move(E)];0
[Push(E,N)];0
[Push(E,N)];0
[Push(E,N)];1
[Move(W)];0
[Pull(S,N)];0
[Pull(W,N)];0
[Move(W)];1
[Move(W)];0
[Move(N)];0
[Push(N,N)];0
[Push(N,W)];0
[Move(E)];0
[Move(E)];0
[Move(N)];0
[Push(E,S)];0
[Push(S,W)];0
[Push(W,W)];0
[Push(W,W)];0
[Push(W,S)];0
[Push(S,S)];0
[Push(S,S)];0
[Move(N)];0
[Move(N)];0
[Pull(E,W)];1
[Pull(E,W)];0
[Pull(E,W)];0
[Pull(S,W)];0
[Pull(S,N)];1
[Pull(E,N)];0
[Push(W,W)];0
[Pull(N,S)];0
[Pull(N,S)];1
[Move(N)];0
[Move(E)];0
[Move(E)];0
[Move(E)];0
[Move(S)];0
[Move(E)];0
[Move(S)];0
[Move(S)];0
[Move(W)];0
[Move(W)];0
[Move(W)];1
[Move(W)];0
[Pull(E,W)];0
[Pull(E,W)];0
[Pull(E,W)];0
[Pull(E,W)];0
[Pull(N,W)];0
[Pull(N,S)];0
[Pull(N,S)];0
[Pull(E,S)];1
[Push(W,W)];0
[Push(W,W)];0
[Push(W,S)];0
[Push(S,W)];1
[Push(W,W)];0
[Push(W,W)];0
[Push(W,W)];0
[Push(W,W)];0
[Push(W,S)];0
[Move(N)];0
[Move(E)];0
[Move(E)];0
[Move(E)];1
[Move(E)];0
[Move(E)];0
[Move(E)];0
[Move(E)];0
[Move(N)];0
[Move(N)];0
[Move(E)];0
[Push(E,S)];0
[Pull(W,E)];0
[Pull(W,E)];0
[Pull(W,E)];0
[Push(E,S)];0
[Push(S,S)];0
[Push(S,S)];0
[Push(S,S)];1
[Push(S,S)];0
[Push(S,W)];0
[Push(W,W)];0
[Push(W,S)];0
[Push(S,W)];0
[Push(W,W)];0
[Push(W,W)];0
[Push(W,W)];0
[Move(N)];0
[Move(E)];0
[Push(N,N)];0
[Push(E,S)];1
[Move(N)];0
[Move(E)];0
[Move(E)];0
[Push(S,E)];0
[Move(N)];0
[Move(N)];0
[Move(E)];0
[Move(E)];0
[Move(E)];0
[Move(E)];0
[Move(E)];0
[Move(N)];0
[Push(N,W)];1
[Push(W,W)];0
[Push(W,W)];0
[Push(W,W)];0
[Push(W,S)];0
[Push(S,S)];0
[Push(S,S)];0
[Push(S,W)];0
[Push(W,S)];0
[Push(S,S)];0
[Push(S,S)];0
[Push(S,W)];0
[Push(W,W)];0
[Push(W,W)];0
[Push(W,W)];0
[Move(N)];0
[Move(N)];0
[Pull(E,N)];1
[Pull(N,S)];0
[Move(E)];0
[Move(E)];0
[Move(S)];0
[Pull(S,E)];0
[Move(W)];0
[Move(W)];0
[Move(W)];0
[Move(W)];0
[Move(W)];0
[Push(N,N)];0
[Push(N,E)];0
[Move(W)];0
[Move(W)];1
[Move(W)];0
[Move(W)];0
[Push(S,W)];0
[Push(E,S)];0
[Push(E,S)];0
[Push(E,N)];0
[Move(S)];0
[Pull(E,S)];0
[Push(S,W)];0
[Push(E,E)];0
[Push(E,E)];0
[Move(N)];0
[Move(W)];0
[Move(W)];1
[Move(N)];0
[Move(N)];0
[Move(N)];0
[Move(W)];0
[Move(W)];0
[Move(W)];1
[Move(W)];0
[Move(W)];0
[Move(N)];0
[Move(N)];0
[Pull(S,E)];0
[Pull(S,N)];0
[Pull(E,N)];0
[Pull(E,W)];0
[Push(W,S)];0
[Push(S,E)];0
[Push(E,E)];0
[Push(E,S)];0
[Push(S,E)];0
[Push(E,E)];0
[Push(E,S)];0
[Push(S,E)];0
[Push(E,S)];0
[Push(S,E)];0
[Move(N)];0
[Move(W)];0
[Push(W,N)];0
[Push(N,E)];0
[Pull(S,N)];0
[Move(E)];0
[Pull(W,N)];0
[Push(E,S)];0
[Move(W)];0
[Pull(E,S)];0
[Pull(E,W)];0
[Push(W,N)];0
[Pull(W,N)];0
[Push(E,E)];0
[Push(E,S)];0
[Move(W)];0
[Pull(E,S)];1
[Push(W,W)];0
[Push(W,S)];0
[Pull(E,W)];0
[Move(E)];0
[Pull(W,S)];0
[Pull(N,E)];0
[Push(S,S)];0
[Push(W,W)];0
[Push(W,N)];0
[Pull(E,W)];0
[Move(E)];0
[Move(N)];0
[Push(E,S)];1
[Pull(W,N)];0
[Pull(S,E)];0
[Push(E,N)];0
[Move(W)];0
[Move(W)];0
[Push(W,W)];0
[Push(W,N)];1
[Move(E)];0
[Move(E)];0
[Move(E)];0
[Move(E)];0
[Move(E)];0
[Move(E)];0
[Pull(W,S)];1
[Pull(W,E)];0
[Pull(W,E)];0
[Push(E,S)];0
[Move(W)];0
[Move(W)];0
[Move(W)];0
[Move(W)];1
[Push(N,W)];0
[Pull(N,W)];0
[Push(S,S)];0
[Pull(W,S)];0
[Pull(N,W)];1
[Move(E)];0
[Move(E)];0
[Move(E)];0
[Move(E)];0
[Move(E)];0
[Move(W)];0
[Push(S,S)];0
[Pull(N,E)];0
[Move(W)];0
[Move(E)];0
[Move(E)];0
[Move(E)];0
[Push(S,S)];0
[Push(E,S)];0
[Push(S,E)];0
[Push(W,N)];1
[Move(W)];0
[Pull(N,S)];0
[Push(S,E)];0
[Push(E,E)];0
[Push(E,S)];0
[Push(S,E)];0
[Move(N)];0
[Move(W)];0
[Pull(E,N)];0
[Move(S)];0
[Move(N)];0
[Move(N)];0
[Move(N)];0
[Move(E)];1
[Move(E)];0
[Move(N)];0
[Move(E)];0
[Move(E)];0
[Move(E)];0
[Pull(S,N)];0
[Push(N,W)];0
[Push(W,W)];0
[Push(W,W)];0
[Push(W,W)];0
[Push(W,W)];0
[Push(W,S)];0
[Push(S,S)];0
[Push(S,S)];0
[Push(S,S)];0
[Push(W,N)];0
[Move(E)];0
[Pull(W,E)];0
[Push(E,N)];0
[Move(W)];0
[Move(W)];0
[Pull(E,W)];0
[Pull(E,W)];0
[Move(E)];0
[Pull(W,S)];0
[Push(W,W)];0
[Push(W,W)];0
[Move(E)];0
[Move(E)];0
[Pull(W,E)];0
[Pull(W,E)];0
[Pull(N,E)];0
[Push(S,S)];0
[Pull(N,W)];0
[Pull(N,W)];0
[Move(E)];0
[Move(E)];0
[Push(S,S)];1
[Push(S,W)];0
[Pull(E,W)];0
[Push(W,N)];0
[Move(W)];0
[Push(W,W)];0
[Push(W,N)];0
[Move(E)];0
[Move(E)];0
[Move(E)];0
[Move(E)];0
[Move(E)];0
[Push(N,E)];0
[Push(W,N)];0
[Move(S)];0
[Move(W)];1
[Move(W)];0
[Move(W)];0
[Pull(W,S)];0
[Push(E,E)];0
[Push(E,E)];0
[Push(E,E)];0
[Push(E,E)];0
[Push(E,S)];0
[Move(N)];0
[Move(N)];0
[Move(N)];0
[Move(E)];0
[Move(N)];0
[Move(N)];0
[Move(E)];0
[Move(E)];0
[Move(E)];0
[Move(E)];0
[Pull(S,E)];0
[Push(N,W)];0
[Push(W,W)];0
[Push(W,W)];1
[Push(W,W)];0
[Push(W,S)];0
[Push(S,S)];0
[Push(S,S)];0
[Push(S,W)];0
[Push(W,S)];0
[Push(S,W)];0
[Push(W,S)];0
[Push(S,S)];0
[Move(N)];0
[Pull(E,N)];0
[Pull(S,E)];0
[Pull(W,S)];0
[Pull(W,E)];0
[Pull(W,E)];0
[Pull(W,E)];0
[Pull(S,E)];0
[Push(N,W)];0
[Pull(E,W)];0
[Push(W,S)];0
[Move(E)];0
[Move(E)];0
[Move(E)];0
[Push(N,N)];0
[Pull(S,W)];0
[Move(E)];0
[Move(W)];0
[Move(W)];1
[Move(N)];0
[Push(W,N)];0
[Push(W,N)];0
[Push(N,N)];0
[Move(W)];0
[Pull(W,S)];1
[Push(E,E)];0
[Move(W)];0
[Move(W)];0
[Move(W)];0
[Move(W)];0
[Push(S,S)];0
[Push(E,N)];1
[Push(E,N)];0
[Move(S)];0
[Pull(N,S)];0
[Push(S,W)];0
[Move(E)];0
[Pull(W,S)];0
[Move(S)];0
[Move(E)];0
[Push(E,N)];0
[Push(N,N)];0
[Pull(E,N)];0
[Move(E)];0
[Pull(E,S)];0
[Push(W,W)];0
[Move(S)];0
[Pull(N,E)];0
[Pull(N,S)];0
[Move(W)];0
[Move(E)];0
[Move(E)];0
[Move(S)];0
[Move(S)];0
[Push(E,E)];0
[Push(E,E)];0
[Move(W)];0
[Move(W)];0
[Move(W)];0
[Pull(E,W)];0
[Pull(E,W)];0
[Pull(E,W)];0
[Push(W,N)];0
[Push(N,E)];0
[Move(W)];0
[Move(N)];0
[Move(W)];1
[Move(W)];0
[Move(W)];0
[Move(N)];0
[Move(W)];0
[Move(N)];0
[Move(W)];0
[Move(W)];0
[Move(W)];0
[Move(W)];0
[Move(N)];0
[Move(N)];1
[Move(W)];0
[Move(W)];0
[Move(W)];0
[Move(W)];0
[Move(W)];0
[Push(W,S)];0
[Push(S,S)];0
[Push(S,S)];0
[Push(S,E)];0
[Push(E,E)];1
[Push(E,E)];0
[Push(E,E)];0
[Push(E,E)];0
[Push(E,E)];0
[Push(E,E)];0
[Push(E,S)];0
[Push(S,E)];0
[Push(E,E)];0
[Push(E,S)];0
[Push(S,S)];0
[Push(S,E)];0
[Push(E,E)];0
[Push(E,E)];0
[Push(E,E)];0
[Push(E,E)];0
[Push(E,E)];0
[Push(E,E)];0
[Move(N)];0
[Pull(W,E)];0
[Push(W,S)];0
[Push(W,S)];0
[Pull(E,W)];0
[Push(W,N)];0
[Push(N,W)];1
[Pull(S,N)];0
[Pull(E,N)];0
[Push(W,W)];0
[Pull(E,S)];0
[Pull(N,W)];0
[Pull(W,N)];0
[Pull(S,W)];0
[Push(W,N)];0
[Move(E)];0
[Pull(W,N)];0
[Push(E,S)];0
[Push(E,E)];0
[Move(W)];0
[Pull(E,S)];0
[Push(W,W)];1
[Move(E)];0
[Pull(W,E)];0
[Push(W,S)];0
[Move(E)];0
[Push(E,E)];0
[Push(E,S)];0
[Pull(W,E)];0
[Pull(W,E)];0
[Pull(N,E)];0
[Push(S,S)];0
[Move(E)];0
[Pull(W,S)];0
[Push(E,E)];0
[Move(W)];0
[Move(W)];0
[Pull(E,W)];0
[Move(E)];0
[Pull(W,E)];0
[Push(E,S)];0
[Move(W)];0
[Pull(E,W)];0
[Move(E)];0
[Pull(W,S)];0
[Push(W,W)];1
[Move(E)];0
[Pull(W,E)];0
[Push(W,W)];0
[Push(W,S)];0
[Move(E)];0
[Move(E)];0
[Push(E,E)];0
[Push(E,S)];0
[Move(W)];0
[Pull(E,S)];0
[Pull(N,W)];0
[Pull(N,E)];0
[Move(W)];0
[Move(W)];0
[Pull(S,N)];0
[Pull(S,N)];0
[Move(E)];1
[Push(E,E)];0
[Push(E,S)];0
[Move(W)];0
[Push(S,W)];0
[Pull(N,E)];0
[Move(W)];0
[Move(W)];0
[Move(W)];0
[Move(W)];1
[Move(W)];0
[Pull(E,W)];0
[Push(W,S)];0
[Move(E)];0
[Move(E)];0
[Move(E)];0
[Move(E)];0
[Move(E)];0
[Move(E)];0
[Move(N)];1
[Pull(S,N)];0
[Move(W)];0
[Move(W)];0
[Move(W)];0
[Move(W)];0
[Move(W)];0
[Move(W)];0
[Move(W)];0
[Pull(E,W)];1
[Push(W,N)];0
[Push(N,W)];0
[Pull(E,N)];0
[Pull(S,N)];0
[Move(E)];0
[Move(E)];0
[Move(E)];0
[Move(E)];0
[Move(E)];0
[Move(E)];0
[Move(E)];0
[Move(E)];0
[Pull(W,S)];0
[Pull(W,E)];0
[Pull(S,E)];0
[Push(E,N)];0
[Pull(E,N)];0
[Push(W,W)];0
[Pull(N,W)];0
[Push(W,S)];0
[Move(E)];0
[Pull(E,S)];0
[Push(W,W)];0
[Push(W,W)];0
[Push(S,E)];0
[Pull(N,W)];0
[Push(W,S)];0
[Move(W)];0
[Move(W)];0
[Pull(E,S)];0
[Pull(E,W)];0
[Pull(E,W)];0
[Move(E)];0
[Push(N,N)];0
[Move(S)];0
[Pull(N,S)];0
[Push(S,W)];0
[Move(N)];1
[Move(E)];0
[Move(N)];0
[Move(N)];0
[Move(N)];0
[Move(N)];0
[Move(E)];0
[Move(E)];0
[Move(E)];0
[Move(E)];0
[Move(E)];1
[Pull(W,E)];0
[Pull(W,E)];0
[Push(E,S)];0
[Push(S,S)];0
[Push(S,W)];0
[Push(W,S)];0
[Push(S,W)];0
[Push(W,W)];0
[Push(W,W)];1
[Push(W,S)];0
[Push(S,S)];0
[Push(S,S)];0
54c4043929d8b6ab9cb7ff8be75959b4f21e69c9
unsuccessful
37892
844
cbd15cbddc8412aa0263062a1984a0b462549808
1527696497621
