+++++++++++++++++++++++++++++++++++++++++
+FLKK                                   +
+++++     + ++++++++++++++++++++++++++  +
+         + +                       0+  +
+         + + ++++++++++++++++++++++++  +
+         +NO                        +  +
+         ++++++++++++++++++++++++++ +  +
+           +                        +  +
+           + ++++++++++++++++++++++++  +
+           +                        +  +
+           ++++++++++++++++++++++++ +  +
+                                    +  +
+           ++++++++++++++++++++++++++  +
+ KKK                                   +
+ +K+                                   +
+++a+++++++++++K+++++++H++++K++++++++++++
  +b+         +B+     +A+  +D+
  +c+         +G+     +E+  +C+
  +d+         +J+     +I+  +++
  +e+         +m+     +++
  +f+         +++
  +g+
  +h++++
  +ik  +
  +jl+M+
  ++++++

382e51b9784eacd7a90b15bffe557291dabdab7f
unsuccessful
0
0
7b0208e8fb126e409b8feeece9ed70f7626dc43d
1527696608652
