blue: 4,0,5,6,A,E,J,K,L,F
red: 1,B
yellow: 2,C
magenta: 3,7,D,G,N
cyan: 8,9,H,I,M
+++++++++++++++++++++++++
+  G 1            7 A g +
+ b H 2       h    8  B +
+  I 3   a++++    9 C i +
+         ++++          +
+ d J 4   ++++    0 D j +
+  K 5   c++++k      E  +
+ f L 6  e++++      F l +
+                       +
+  M                 N  +
+  +++++++++++++++++++  +
+          mn           +
+++++++++++++++++++++++++

[Move(E), Move(E), Move(E), Move(N), Move(W), Move(W), NoOp, Move(S), Move(N), Move(W)];303
[Move(S), Move(E), Move(E), Move(N), Pull(N,W), Pull(E,W), NoOp, Move(S), Move(W), Move(W)];8
[Move(E), Move(E), Move(E), Move(W), Push(S,E), Pull(E,W), NoOp, Move(E), Move(W), Move(W)];0
[Pull(W,E), Move(E), Move(E), Pull(E,W), Push(E,E), Pull(E,W), NoOp, Move(S), Move(W), Move(W)];1
[Pull(N,E), Move(E), Move(E), Pull(E,W), Push(E,E), Pull(E,W), NoOp, Move(E), Move(W), Move(S)];34
[Push(S,W), Move(E), Move(E), Pull(E,W), Push(E,E), Pull(E,W), NoOp, Move(W), Move(W), Move(S)];37
[Push(W,W), Move(E), Move(E), Pull(E,W), Push(E,N), Pull(S,W), NoOp, Move(S), Move(W), Move(S)];1
[Push(W,W), Move(S), Move(E), Pull(E,W), Push(N,N), Pull(S,N), NoOp, Move(S), Move(E), Move(S)];9
[Push(W,W), Move(E), Move(E), Pull(E,W), Push(N,N), Pull(W,N), NoOp, Move(E), NoOp, Move(S)];4
[Push(W,W), Move(E), NoOp, Pull(E,W), Push(N,E), Push(E,E), NoOp, Move(E), Move(W), Move(W)];35
[Push(W,S), Move(N), NoOp, Pull(E,W), Push(E,E), Push(E,E), NoOp, Move(S), Move(S), Move(W)];1
[Push(S,S), Move(E), NoOp, Pull(E,W), Push(E,E), Push(E,S), NoOp, Move(S), Move(E), Move(S)];25
[Push(S,W), Move(E), NoOp, Pull(E,W), Push(E,E), Pull(W,S), NoOp, Push(S,E), Move(S), Move(N)];23
[Push(W,S), Move(E), NoOp, Pull(E,W), Push(E,E), Push(E,S), NoOp, Push(E,S), Move(S), Move(S)];22
[Pull(W,S), Move(E), NoOp, Pull(E,W), Push(E,S), Pull(W,S), NoOp, Push(S,S), Move(S), NoOp];28
[Push(E,E), Move(E), NoOp, Pull(E,W), Push(S,E), NoOp, NoOp, Push(S,W), Move(S), Move(W)];6
[Push(E,N), Move(S), NoOp, Pull(E,W), Push(E,E), NoOp, NoOp, Push(W,W), Move(N), Move(W)];2
[Push(N,N), Move(E), NoOp, Pull(E,W), Push(E,E), NoOp, NoOp, Push(W,W), Move(N), Move(W)];0
[Push(N,N), Move(E), NoOp, Pull(S,W), Push(E,E), NoOp, NoOp, Push(W,W), Move(N), Move(W)];1
[Push(N,N), Pull(N,E), NoOp, Pull(W,N), Push(E,E), NoOp, NoOp, Push(W,W), Move(N), Move(W)];0
[Push(N,N), Push(S,W), NoOp, Push(E,N), Push(E,S), NoOp, NoOp, Push(W,W), Move(W), Move(W)];1
[Push(N,N), Pull(N,W), Move(E), Pull(W,N), Push(S,E), NoOp, NoOp, Push(W,W), Move(W), Move(W)];7
[Push(N,W), Push(S,S), Move(E), Pull(S,E), Push(E,E), NoOp, NoOp, Push(W,W), Move(W), Move(W)];1
[Push(W,W), Pull(N,S), Move(S), Pull(S,N), Push(E,E), NoOp, NoOp, Push(W,W), Move(W), Push(W,W)];4
[Push(W,W), Push(S,W), Move(N), Pull(W,N), Push(E,S), NoOp, NoOp, Push(W,W), Move(W), Push(W,S)];1
[Push(W,W), Push(W,W), Move(E), Push(E,E), NoOp, NoOp, NoOp, Move(E), Move(W), Push(S,S)];3
[Push(W,W), Push(W,N), Move(S), Push(E,E), NoOp, NoOp, NoOp, Move(E), Move(W), Push(S,E)];3
[Push(W,S), Push(N,W), Move(E), Push(E,E), NoOp, Push(E,E), NoOp, Move(E), Move(W), Push(E,E)];2
[Push(S,S), Push(W,W), Pull(W,E), Push(E,N), NoOp, Push(E,E), NoOp, Move(E), Move(W), Push(E,E)];1
[Push(S,S), Push(W,W), Pull(N,E), Push(N,N), NoOp, Push(E,E), NoOp, Move(E), Pull(N,W), Push(E,E)];0
[Push(S,S), Push(W,W), Push(S,W), Push(N,N), NoOp, Push(E,N), NoOp, Move(E), Push(S,E), Push(E,E)];1
[Push(S,S), Push(W,W), Push(W,W), Push(N,E), NoOp, Push(N,N), NoOp, Move(E), Push(E,E), Push(E,E)];1
[Move(W), Push(W,W), Push(W,W), NoOp, NoOp, Move(S), NoOp, Move(E), Push(E,E), Push(E,E)];8
[Move(S), Push(W,W), Push(W,W), NoOp, NoOp, Move(W), NoOp, Move(E), Push(E,E), Push(E,E)];0
[Move(S), Push(W,W), Push(W,S), NoOp, NoOp, Move(W), NoOp, Move(N), Push(E,E), Push(E,E)];0
[Move(E), Push(W,W), Push(S,S), NoOp, NoOp, Move(W), NoOp, Move(N), Push(E,E), NoOp];1
[Move(E), Push(W,W), Push(S,E), NoOp, NoOp, Move(S), NoOp, Move(N), Push(E,E), NoOp];4
[Move(E), Push(W,W), Push(E,S), NoOp, NoOp, Move(W), NoOp, Move(N), Push(E,E), NoOp];0
[Move(E), Push(W,W), Push(S,S), NoOp, NoOp, Move(W), NoOp, Move(N), Push(E,E), NoOp];0
[Move(E), Push(W,W), Push(S,W), NoOp, NoOp, Move(W), NoOp, Move(W), Move(W), NoOp];1
[Move(E), Push(W,W), Pull(S,W), NoOp, NoOp, Move(W), NoOp, Move(N), Move(W), NoOp];1
[Move(N), Push(W,W), Pull(S,N), NoOp, NoOp, Move(W), NoOp, Push(W,W), Move(W), NoOp];1
[Move(E), Push(W,W), Pull(E,N), NoOp, NoOp, Move(N), NoOp, Push(W,W), Move(W), NoOp];1
[Move(E), Push(W,W), Push(W,W), NoOp, NoOp, Move(W), NoOp, Push(W,W), Move(W), NoOp];0
[Move(E), Push(W,S), Push(W,W), NoOp, NoOp, Move(N), NoOp, Push(W,W), Move(W), NoOp];0
[Move(E), NoOp, Push(W,N), NoOp, NoOp, Pull(N,W), NoOp, Push(W,W), Move(W), NoOp];0
[Move(E), NoOp, Push(N,W), NoOp, NoOp, NoOp, Move(N), Push(W,W), Move(W), NoOp];1
[Pull(N,E), NoOp, Push(W,W), NoOp, NoOp, Push(S,E), NoOp, Push(W,N), Move(W), NoOp];0
[Push(S,W), NoOp, Push(W,W), NoOp, NoOp, Push(E,E), NoOp, Push(N,N), Move(W), NoOp];0
[Push(W,W), NoOp, Push(W,W), NoOp, NoOp, Push(E,E), NoOp, Push(N,E), Push(S,E), NoOp];4
[Push(W,W), NoOp, Push(W,W), NoOp, NoOp, Push(E,N), NoOp, Push(E,N), Push(E,E), NoOp];4
[Push(W,W), NoOp, Push(W,W), NoOp, NoOp, Push(N,E), NoOp, Push(N,N), Push(E,E), NoOp];2
[Push(W,W), NoOp, Push(W,N), NoOp, NoOp, Push(E,N), NoOp, Push(N,W), Push(E,E), NoOp];0
[Push(W,S), NoOp, Push(N,N), NoOp, NoOp, Push(N,N), NoOp, Push(W,W), Push(E,E), NoOp];0
[Push(S,W), NoOp, Push(N,E), NoOp, NoOp, Push(N,N), NoOp, Push(W,W), Push(E,N), NoOp];1
[Push(W,W), NoOp, Push(E,E), NoOp, NoOp, Push(N,N), NoOp, Push(W,W), Push(N,N), NoOp];1
[Push(W,W), NoOp, NoOp, NoOp, NoOp, Push(N,E), NoOp, Push(W,W), Push(N,E), NoOp];0
[Push(W,W), NoOp, NoOp, NoOp, NoOp, Push(E,E), NoOp, Pull(E,W), Pull(W,E), NoOp];11
[Push(W,W), NoOp, NoOp, NoOp, NoOp, Push(E,E), NoOp, Pull(E,W), Push(E,S), NoOp];0
[Push(W,W), NoOp, NoOp, NoOp, NoOp, Push(E,E), NoOp, Pull(E,W), Push(S,S), NoOp];0
[Push(W,W), NoOp, NoOp, NoOp, NoOp, Pull(W,E), NoOp, Pull(E,W), Push(S,E), NoOp];8
[Push(W,W), NoOp, NoOp, NoOp, NoOp, Pull(W,E), NoOp, Pull(S,W), Push(E,S), NoOp];1
[Push(W,W), NoOp, NoOp, NoOp, NoOp, Pull(W,E), NoOp, Pull(E,N), Push(S,S), NoOp];0
[Push(W,W), NoOp, NoOp, NoOp, NoOp, Pull(S,E), NoOp, Push(W,S), Push(S,W), NoOp];0
[Push(W,W), NoOp, Move(W), NoOp, NoOp, Pull(S,N), NoOp, Push(S,W), NoOp, NoOp];0
[Push(W,N), NoOp, NoOp, NoOp, NoOp, Push(N,N), NoOp, Push(W,S), Push(W,S), NoOp];2
[Push(N,W), NoOp, NoOp, NoOp, NoOp, Push(N,E), NoOp, Push(S,S), Push(S,S), NoOp];1
[Move(N), NoOp, NoOp, NoOp, NoOp, Push(E,E), NoOp, Push(S,E), Push(S,S), NoOp];3
[Move(E), NoOp, NoOp, NoOp, NoOp, Push(E,E), NoOp, Push(E,S), Push(S,E), NoOp];0
[Move(E), NoOp, NoOp, NoOp, NoOp, Push(E,E), NoOp, Push(S,S), Push(E,E), NoOp];1
[Move(N), NoOp, NoOp, NoOp, NoOp, Push(E,N), NoOp, Push(S,W), Push(E,E), NoOp];0
[Move(E), NoOp, NoOp, NoOp, NoOp, Push(N,E), NoOp, Push(W,S), Push(E,E), NoOp];2
[Move(E), NoOp, NoOp, NoOp, NoOp, Push(E,E), NoOp, Push(S,W), Push(E,S), NoOp];0
[Move(E), NoOp, NoOp, NoOp, NoOp, Push(E,E), NoOp, Push(W,S), Pull(W,S), NoOp];6
[Move(E), NoOp, NoOp, NoOp, NoOp, Push(E,E), NoOp, Push(S,W), Pull(W,E), NoOp];0
[Move(N), NoOp, NoOp, NoOp, NoOp, Push(E,E), NoOp, Push(W,W), Pull(S,E), NoOp];0
[Move(N), NoOp, NoOp, NoOp, NoOp, Push(E,E), NoOp, Push(W,N), Push(N,W), NoOp];1
[Move(N), NoOp, NoOp, NoOp, NoOp, Push(E,S), NoOp, Pull(W,N), Push(W,W), NoOp];3
[Move(E), NoOp, NoOp, NoOp, NoOp, Push(S,E), NoOp, Pull(W,E), Push(W,N), NoOp];0
[Move(E), NoOp, NoOp, NoOp, NoOp, Push(E,S), NoOp, Pull(N,E), Push(N,N), NoOp];1
[Move(E), NoOp, NoOp, NoOp, NoOp, Push(S,S), NoOp, Push(S,W), Push(N,N), NoOp];0
[Move(E), NoOp, NoOp, NoOp, NoOp, Push(S,S), NoOp, Push(W,N), Push(N,E), NoOp];0
[Move(N), NoOp, NoOp, NoOp, NoOp, Push(S,E), NoOp, Push(N,W), Push(E,N), NoOp];1
[Move(E), NoOp, NoOp, NoOp, NoOp, Push(E,S), NoOp, Push(W,N), Push(N,N), NoOp];0
[Move(E), NoOp, NoOp, NoOp, NoOp, Push(S,E), NoOp, Push(N,W), Push(N,N), NoOp];0
[Move(E), NoOp, NoOp, NoOp, NoOp, Push(E,S), NoOp, Push(W,W), Push(N,E), NoOp];0
[Move(E), NoOp, NoOp, NoOp, NoOp, NoOp, NoOp, Push(W,W), Push(E,E), NoOp];0
[Move(E), NoOp, NoOp, NoOp, NoOp, NoOp, NoOp, Push(W,N), Push(E,E), NoOp];0
[Move(E), NoOp, NoOp, NoOp, NoOp, NoOp, NoOp, Push(N,W), Push(E,E), NoOp];0
[Pull(W,E), NoOp, NoOp, NoOp, NoOp, NoOp, NoOp, Push(W,N), Push(E,N), NoOp];1
[Pull(W,E), NoOp, NoOp, NoOp, NoOp, NoOp, NoOp, Push(N,W), Push(N,E), NoOp];0
[Pull(W,E), NoOp, NoOp, NoOp, NoOp, NoOp, NoOp, NoOp, Push(E,E), NoOp];0
[Pull(S,E), NoOp, NoOp, NoOp, NoOp, NoOp, NoOp, NoOp, Push(E,S), NoOp];8
[Pull(E,N), NoOp, NoOp, NoOp, NoOp, NoOp, NoOp, NoOp, Push(S,S), NoOp];7
[Push(W,S), NoOp, NoOp, NoOp, NoOp, NoOp, NoOp, NoOp, Push(S,S), NoOp];0
[Pull(E,S), NoOp, NoOp, NoOp, NoOp, NoOp, NoOp, NoOp, Push(S,E), NoOp];2
[Push(W,W), NoOp, NoOp, NoOp, NoOp, NoOp, NoOp, NoOp, Push(E,E), NoOp];0
[Push(W,N), NoOp, NoOp, NoOp, NoOp, NoOp, NoOp, NoOp, Push(E,E), NoOp];1
[Push(N,W), NoOp, NoOp, NoOp, NoOp, NoOp, NoOp, NoOp, Push(E,E), NoOp];0
[Push(W,W), NoOp, NoOp, NoOp, NoOp, NoOp, NoOp, NoOp, Push(E,E), NoOp];0
[Push(W,W), NoOp, NoOp, NoOp, NoOp, NoOp, NoOp, NoOp, Push(E,E), NoOp];0
[Push(W,W), NoOp, NoOp, NoOp, NoOp, NoOp, NoOp, NoOp, Push(E,N), NoOp];0
[Push(W,W), NoOp, NoOp, NoOp, NoOp, NoOp, NoOp, NoOp, Push(N,E), NoOp];0
[Push(W,S), NoOp, NoOp, NoOp, NoOp, NoOp, NoOp, NoOp, NoOp, NoOp];1
[Push(S,W), NoOp, NoOp, NoOp, NoOp, NoOp, NoOp, NoOp, NoOp, NoOp];0
[Push(W,S), NoOp, NoOp, NoOp, NoOp, NoOp, NoOp, NoOp, NoOp, NoOp];0
bba1f8f55ba186a9bbf677b67f39779598fac054
successful
656
106
71a889aeba8694ef807f299b647cc441a1aa9f85
1495031411687
