red: 0,I
green: 1,W
yellow: 2,N
blue: 3,B
++++++++++++++++++++++++++
+0     1     2     3     +
+  I     W     N     B   +
+                        +
+BRiNG+POwER+RAnGERS+bACK+
++++++++++++++++++++++++++

[Move(E), Move(E), Move(E), Move(E)];119
[Move(E), Move(E), Move(E), Move(E)];0
[Push(S,S), Push(S,S), Push(S,S), Push(S,S)];1
[Push(S,S), Push(S,S), Push(S,S), Push(S,S)];0
fde005d0d4904aa16b0e68a269ccd6d34457ce9e
successful
120
4
be9d45fe721fcfdc5c56c5ff63e23a509e75e848
1495031447136
