red: 0,A
green: 1,B
blue: 2,C
yellow: 3,D
orange: 4,E,F,G,H,N
pink: 5,I,J,K,L,M
cyan: 6,Z
magenta: 7,W
++++++++++++
+0 B    C 1+
++++    ++++
+aA       b+
++++    ++++
+2 D      3+
++++++++++++
+i+ N    +e+
+j+      +f+
+k+  M   +g+
+l+ 4  5 +h+
+m       +n+
+          +
+          +
+          +
+ EFGHIJKL +
++++++++++++
+6ZW W W Wz+
++++++ +++++
+    7     +
+          +
+          +
++++++++++++

[NoOp, Move(W), NoOp, NoOp, Move(S), Move(S), NoOp, Move(E)];7981
e20c42e74abb015fa067067643fa3e63ce46de6a
unsuccessful
7981
1
c67dd27c3ed92b1f29074206d05663fa3c1b2fc8
1495031447586
