red: 0,A,1,B
green:2
yellow: 3, C
++++++++++++++++++++++++++++
+     b    1    0A B2C  a  +
+                  ++3     +
++++++++++++++++++++++++++++

[Move(S), NoOp, NoOp, NoOp];108
[Move(E), NoOp, NoOp, NoOp];0
[Move(E), NoOp, NoOp, NoOp];1
[Move(N), NoOp, NoOp, NoOp];0
[Pull(S,E), NoOp, NoOp, NoOp];1
[Pull(W,N), NoOp, NoOp, NoOp];0
[Pull(W,E), NoOp, NoOp, NoOp];0
[Pull(N,E), NoOp, NoOp, NoOp];0
[Push(S,W), NoOp, NoOp, NoOp];0
[Push(W,W), NoOp, NoOp, NoOp];0
[Push(W,W), NoOp, NoOp, NoOp];1
[Push(W,W), NoOp, NoOp, NoOp];0
[Push(W,W), NoOp, NoOp, NoOp];0
[Push(W,W), NoOp, NoOp, NoOp];0
[Push(W,W), NoOp, NoOp, NoOp];0
[Push(W,W), NoOp, NoOp, NoOp];0
[Push(W,W), NoOp, NoOp, NoOp];0
[Push(W,N), NoOp, NoOp, NoOp];0
[Push(N,W), NoOp, NoOp, NoOp];0
[Move(E), NoOp, NoOp, NoOp];4
[Move(E), NoOp, NoOp, NoOp];0
[Move(E), NoOp, NoOp, NoOp];0
[NoOp, Move(S), NoOp, NoOp];2
[Move(E), NoOp, NoOp, NoOp];0
[Move(E), NoOp, NoOp, NoOp];0
[Move(E), NoOp, NoOp, NoOp];0
[Move(E), NoOp, NoOp, NoOp];1
[Move(E), NoOp, NoOp, NoOp];0
[Move(E), NoOp, NoOp, NoOp];0
[Push(E,E), NoOp, NoOp, NoOp];1
[Push(E,E), NoOp, NoOp, NoOp];0
31b4cdbecbcf073f278551c265e935deff5a6827
unsuccessful
119
31
8e2888e6a52df2dd3568e24692a8f2e31fe81bcd
1495031455598
