red: 0,A
blue: 1,B
+++++++++++++++++++
+        0        +
+       +++       +
+   ++++ a   ++   +
+       +++       +
+  +++++++++++++  +
+        +        +
+    +  A B  +    +
+                 +
+  ++++++++++++++++
+     ++++++++    +
+   ++   b   ++   +
+       +++       +
+        1        +
+++++++++++++++++++

[Move(W), Move(W)];180
[Move(W), Move(W)];0
[Move(S), Move(N)];0
[Move(W), Move(W)];0
[Move(W), Move(W)];0
[Move(W), Move(W)];0
[Move(W), Move(W)];1
[Move(S), Move(N)];0
[Move(S), Move(N)];0
[Move(W), Move(W)];1
[Move(S), Move(N)];0
[Move(S), Move(N)];0
[Move(E), Move(E)];0
[Move(E), Move(E)];0
[Move(E), Move(E)];0
[Move(E), Move(E)];0
[Move(E), Move(E)];0
[Move(E), Move(E)];1
[Pull(W,S), Move(E)];0
[Pull(W,E), Move(N)];0
[Pull(W,E), Push(E,S)];0
[Pull(W,E), Push(S,W)];1
[Pull(W,E), Push(W,W)];0
[Pull(W,E), Push(W,W)];0
[Pull(N,E), Push(W,W)];0
[Pull(N,S), Push(W,W)];0
[Pull(N,S), Push(W,W)];0
[Push(S,E), Push(W,W)];0
[Push(E,N), Push(W,W)];1
[Push(N,N), Push(W,S)];0
[Push(N,E), Push(S,S)];0
[Push(E,E), Push(S,E)];1
[Push(E,E), Push(E,S)];0
[Push(E,E), Push(S,S)];0
[Push(E,N), Push(S,E)];0
[Push(N,E), Push(E,E)];1
[Push(E,E), Push(E,E)];0
[Push(E,E), Push(E,E)];0
[Push(E,E), Push(E,N)];0
[Push(E,S), Push(N,E)];1
[Push(S,S), Push(E,E)];0
[Push(S,W), NoOp];0
[Push(W,W), NoOp];0
468f0de550820ea921f1192b0fccf693ad67b8ac
successful
188
43
2df8800303171482d1932b1626f2315af102e372
1495032057904
