+++++++++++++++++++++++++++++
+B b                       A+
+                           +
+   a   0                   +
+++++++++++++++++++++++++++++
+   A                   a  B+
+                           +
+                           +
+       1                  b+
+++++++++++++++++++++++++++++

[Move(E), Move(E)];131
[Move(E), Move(E)];0
[Move(E), Move(E)];0
[Move(E), Move(E)];0
[Move(E), Move(E)];0
[Move(E), Move(E)];0
[Move(E), Move(E)];0
[Move(E), Move(E)];1
[Move(E), Move(E)];0
[Move(E), Move(E)];0
[Move(E), Move(E)];0
[Move(E), Move(E)];0
[Move(E), Move(E)];1
[Move(E), Move(E)];0
[Move(E), Move(N)];0
[Move(E), Move(E)];1
[Move(E), Move(E)];0
[Move(N), Move(E)];0
[Move(E), Move(N)];0
[Move(N), Move(E)];0
[Pull(W,E), Move(N)];1
[Pull(W,E), Push(E,S)];0
[Pull(W,E), Push(S,S)];0
[Pull(W,E), Push(S,S)];0
[Pull(W,E), Move(W)];7
[Pull(W,E), Move(W)];0
[Pull(W,E), Move(W)];0
[Pull(W,E), Move(W)];0
[Pull(W,E), Move(W)];0
[Pull(W,E), Move(W)];0
[Pull(W,E), Move(W)];0
[Pull(W,E), Move(W)];0
[Pull(W,E), Move(W)];1
[Pull(W,E), Move(W)];0
[Pull(W,E), Move(W)];0
[Pull(W,E), Move(W)];0
[Pull(W,E), Move(W)];0
[Pull(W,E), Move(W)];0
[Pull(W,E), Move(W)];0
[Pull(W,E), Move(W)];0
[Pull(W,E), Move(W)];0
[Push(E,S), Move(W)];0
[Push(S,W), Move(W)];0
[Push(W,W), Move(W)];1
[Push(W,S), Move(W)];0
[Move(W), Move(N)];1
[Move(W), Move(W)];0
[Move(N), Move(N)];1
[Pull(E,W), Pull(E,W)];0
[Pull(E,W), Pull(E,W)];0
[NoOp, Pull(E,W)];0
[NoOp, Pull(E,W)];1
[NoOp, Pull(E,W)];0
[NoOp, Pull(E,W)];0
[NoOp, Pull(E,W)];0
[NoOp, Pull(E,W)];0
[NoOp, Pull(E,W)];0
[NoOp, Pull(E,W)];0
[NoOp, Pull(E,W)];0
[NoOp, Pull(E,W)];0
[NoOp, Pull(E,W)];0
[NoOp, Pull(E,W)];0
[NoOp, Pull(E,W)];0
[NoOp, Pull(E,W)];1
[NoOp, Pull(E,W)];0
[NoOp, Pull(E,W)];0
[NoOp, Pull(E,W)];0
[NoOp, Pull(E,W)];0
3f6351c51866644b64183bf7e631a86c7e531e2f
successful
148
68
dfe8ccbda91ecdf17a006d04290af171c2a5edbb
1495032058326
