+++++++++++
+AIO     0+
+LIM      +
+ASH      +
+         +
+BBBB BBBB+
+BBBB BBBB+
+++++ +++++
++aaaaaaa++
+++abbbb+++
++++bbb++++
+++++b+++++
+++++ +++++
+         +
+AAAA AAAA+
+AAAA AAAA+
+++++ +++++
++aaaaaaa++
+++abbbb+++
++++bbb++++
+++++b+++++
+++++ +++++
+         +
+AAAA AAAA+
+AAAA AAAA+
+++++ +++++
++aaaaaaa++
+++abbbb+++
++++bbb++++
+++++b+++++
+++++ +++++
+         +
+BBBB BBBB+
+BBBB BBBB+
+++++ +++++
++aaaaaaa++
+++abbbb+++
++++bbb++++
+++++b+++++
+++++ +++++
+aiolimash+
+++++++++++

[Move(S)];270
[Move(S)];0
[Move(S)];1
[Pull(N,S)];0
[Pull(W,S)];0
[Pull(S,E)];0
[Push(N,W)];0
[Push(W,W)];0
[Push(W,W)];0
[Push(W,N)];0
[Push(N,N)];1
[Push(N,W)];0
[Move(S)];30
[Move(S)];0
[Move(S)];0
[Move(S)];0
[Move(S)];0
[Move(S)];0
[Move(S)];1
[Move(S)];0
[Move(S)];0
[Move(S)];0
[Move(S)];0
[Move(S)];0
[Move(S)];0
[Move(S)];0
[Move(S)];0
[Move(S)];0
[Move(S)];0
[Move(S)];0
[Move(S)];0
[Move(S)];0
[Move(S)];0
[Move(S)];0
[Move(S)];1
[Pull(N,E)];0
[Pull(N,S)];0
[Pull(N,S)];0
[Pull(N,S)];0
[Pull(N,S)];0
[Pull(N,S)];0
[Pull(N,S)];0
[Pull(N,S)];0
[Pull(N,S)];0
[Pull(N,S)];0
[Pull(N,S)];0
[Pull(N,S)];0
[Pull(N,S)];0
[Pull(N,S)];0
[Pull(N,S)];1
[Pull(N,S)];0
[Pull(N,S)];0
[Pull(N,S)];0
[Pull(N,S)];0
[Pull(N,S)];0
[Pull(N,S)];0
[Pull(N,S)];0
[Push(S,E)];0
[Push(E,N)];0
[Push(N,E)];0
[Push(E,N)];0
[Move(S)];9
[Move(S)];0
[Pull(W,S)];0
[Push(E,N)];0
[Push(N,W)];0
[Push(W,N)];0
[Push(N,W)];1
[Move(S)];9
[Move(S)];0
[Move(W)];0
[Move(S)];0
[Move(S)];1
[Pull(N,E)];0
[Pull(N,S)];0
[Pull(N,S)];0
[Pull(E,S)];0
[Pull(N,W)];0
[Pull(E,S)];1
[Push(W,N)];0
[Push(N,W)];0
[Move(S)];33
[Move(S)];0
[Move(S)];0
[Move(W)];0
[Move(S)];0
[Move(S)];0
[Move(S)];0
[Move(S)];0
[Move(S)];0
[Move(S)];0
[Move(S)];0
[Move(S)];0
[Move(S)];0
[Move(S)];0
[Move(S)];0
[Move(S)];0
[Move(S)];1
[Move(S)];0
[Move(S)];0
[Move(S)];0
[Move(S)];0
[Move(S)];0
[Move(S)];0
[Move(S)];0
[Move(E)];0
[Pull(W,E)];0
[Pull(N,E)];2
[Pull(N,S)];0
[Pull(N,S)];1
[Pull(N,S)];0
[Pull(N,S)];0
[Pull(N,S)];1
[Pull(N,S)];0
[Pull(N,S)];0
[Pull(N,S)];0
[Pull(N,S)];0
[Pull(N,S)];0
[Pull(N,S)];1
[Pull(N,S)];0
[Pull(N,S)];0
[Pull(N,S)];0
[Pull(N,S)];0
[Pull(N,S)];0
[Pull(N,S)];0
[Pull(N,S)];0
[Pull(N,S)];0
[Pull(N,S)];0
[Push(S,E)];0
[Push(E,N)];0
[Push(N,E)];0
[Push(E,N)];0
[Push(N,E)];0
[Move(S)];10
[Move(S)];0
[Move(S)];0
[Pull(N,S)];0
[Pull(N,S)];0
[Pull(N,S)];0
[Pull(W,S)];0
[Pull(N,E)];0
cbb0d7f66f94775b6185a6692b47fdca24a5cb1e
unsuccessful
375
141
720996c230e77ec813846db48286d26c770e7ab6
1495032164241
