+++++++
+  0  +
+Y+ +a+
+W+ +b+
+U+ +c+
+S+ +d+
+Q+ +e+
+O+ +f+
+M+ +g+
+K+ +h+
+I+ +i+
+G+ +j+
+E+ +k+
+C+ +l+
+B+ +m+
+D+ +n+
+F+ +o+
+H+ +p+
+J+ +q+
+L+ +r+
+N+ +s+
+P+ +t+
+R+ +u+
+T+ +v+
+V+ +w+
+X+ +x+
+Z+ +y+
+++ +z+
+++++A+
+++++++

[Move(W)];151
[Move(W)];0
[Pull(E,S)];0
[Pull(E,W)];0
[Pull(S,W)];0
[Pull(S,N)];0
[Pull(S,N)];0
[Pull(S,N)];0
[Pull(S,N)];0
[Pull(S,N)];1
[Pull(S,N)];0
[Pull(S,N)];0
[Pull(S,N)];0
[Pull(S,N)];0
[Pull(S,N)];0
[Pull(S,N)];1
[Pull(S,N)];0
[Pull(S,N)];0
[Pull(S,N)];0
[Pull(S,N)];0
[Pull(S,N)];1
[Pull(S,N)];0
[Pull(S,N)];0
[Pull(S,N)];0
[Pull(S,N)];0
[Pull(S,N)];0
[Pull(S,N)];0
[Pull(S,N)];0
[Pull(S,N)];1
[Pull(S,N)];0
b3fe5a33763cf8b9f35669a7b75737b1dac8dbdb
unsuccessful
155
30
c6d66d365bb552eb03d54973924b6b42cd5350d7
1495032251571
