++++++++++++++++++++++++++++++++++++++++++++++++++++++++++++++++++++++
+    B+    B+    B+    B+    B+    B+    B+    B+    B+    B+    B++ +
++B +B +B +B +B +B +B +B +B +B +B +B +B +B +B +B +B +B +B +B +B +B + +
+ B+ B+ B+ B+ B+ B+ B+ B+ B+ B+ B+ B+ B+ B+ B+ B+ B+ B+ B+ B+ B+ B+ A+
++B +B +B +B +B +B +B +B +B +B +B +B +B +B +B +B +B +B +B +B +B +B + +
+ B+ B+ B+ B+ B+ B+ B+ B+ B+ B+ B+ B+ B+ B+ B+ B+ B+ B+ B+ B+ B+ B+ B+
++B +B +B +B +B +B +B +B +B +B +B +B +B +B +B +B +B +B +B +B +B +B + +
+ B+ B+ B+ B+ B+ B+ B+ B+ B+ B+ B+ B+ B+ B+ B+ B+ B+ B+ B+ B+ B+ B+ B+
++B +B +B +B +B +B +B +B +B +B +B +B +B +B +B +B +B +B +B +B +B +B + +
+ B+ B+ B+ B+ B+ B+ B+ B+ B+ B+ B+ B+ B+ B+ B+ B+ B+ B+ B+ B+ B+ B+ B+
++B +B +B +B +B +B +B +B +B +B +B +B +B +B +B +B +B +B +B +B +B +B + +
+ B+ B+ B+ B+ B+ B+ B+ B+ B+ B+ B+ B+ B+ B+ B+ B+ B+ B+ B+ B+ B+ B+ B+
++B +B +B +B +B +B +B +B +B +B +B +B +B +B +B +B +B +B +B +B +B +B + +
+ B+ B+ B+ B+ B+ B+ B+ B+ B+ B+ B+ B+ B+ B+ B+ B+ B+ B+ B+ B+ B+ B+ B+
++B +B +B +B +B +B +B +B +B +B +B +B +B +B +B +B +B +B +B +B +B +B + +
+ B+ B+ B+ B+ B+ B+ B+ B+ B+ B+ B+ B+ B+ B+ B+ B+ B+ B+ B+ B+ B+ B+ B+
++B +B +B +B +B +B +B +B +B +B +B +B +B +B +B +B +B +B +B +B +B +B + +
+ B+ B+ B+ B+ B+ B+ B+ B+ B+ B+ B+ B+ B+ B+ B+ B+ B+ B+ B+ B+ B+ B+ B+
++B +B +B +B +B +B +B +B +B +B +B +B +B +B +B +B +B +B +B +B +B +B + +
+ B+ B+ B+ B+ B+ B+ B+ B+ B+ B+ B+ B+ B+ B+ B+ B+ B+ B+ B+ B+ B+ B+ B+
++B +B +B +B +B +B +B +B +B +B +B +B +B +B +B +B +B +B +B +B +B +B + +
+ B+ B+ B+ B+ B+ B+ B+ B+ B+ B+ B+ B+ B+ B+ B+ B+ B+ B+ B+ B+ B+ B+ B+
++B +B +B +B +B +B +B +B +B +B +B +B +B +B +B +B +B +B +B +B +B +B + +
+ B+ B+ B+ B+ B+ B+ B+ B+ B+ B+ B+ B+ B+ B+ B+ B+ B+ B+ B+ B+ B+ B+ B+
++B +B +B +B +B +B +B +B +B +B +B +B +B +B +B +B +B +B +B +B +B +B + +
+ B+ B+ B+ B+ B+ B+ B+ B+ B+ B+ B+ B+ B+ B+ B+ B+ B+ B+ B+ B+ B+ B+ B+
++B +B +B +B +B +B +B +B +B +B +B +B +B +B +B +B +B +B +B +B +B +B + +
+ B+ B+ B+ B+ B+ B+ B+ B+ B+ B+ B+ B+ B+ B+ B+ B+ B+ B+ B+ B+ B+ B+ B+
++B +B +B +B +B +B +B +B +B +B +B +B +B +B +B +B +B +B +B +B +B +B + +
+ B+ B+ B+ B+ B+ B+ B+ B+ B+ B+ B+ B+ B+ B+ B+ B+ B+ B+ B+ B+ B+ B+ B+
++B +B +B +B +B +B +B +B +B +B +B +B +B +B +B +B +B +B +B +B +B +B + +
+ B+ B+ B+ B+ B+ B+ B+ B+ B+ B+ B+ B+ B+ B+ B+ B+ B+ B+ B+ B+ B+ B+ B+
++B +B +B +B +B +B +B +B +B +B +B +B +B +B +B +B +B +B +B +B +B +B + +
+ B+ B+ B+ B+ B+ B+ B+ B+ B+ B+ B+ B+ B+ B+ B+ B+ B+ B+ B+ B+ B+ B+ B+
++B +B +B +B +B +B +B +B +B +B +B +B +B +B +B +B +B +B +B +B +B +B + +
+ B+ B+ B+ B+ B+ B+ B+ B+ B+ B+ B+ B+ B+ B+ B+ B+ B+ B+ B+ B+ B+ B+ B+
++B +B +B +B +B +B +B +B +B +B +B +B +B +B +B +B +B +B +B +B +B +B + +
+ B+ B+ B+ B+ B+ B+ B+ B+ B+ B+ B+ B+ B+ B+ B+ B+ B+ B+ B+ B+ B+ B+ B+
++B +B +B +B +B +B +B +B +B +B +B +B +B +B +B +B +B +B +B +B +B +B + +
+ B+ B+ B+ B+ B+ B+ B+ B+ B+ B+ B+ B+ B+ B+ B+ B+ B+ B+ B+ B+ B+ B+ B+
++B +B +B +B +B +B +B +B +B +B +B +B +B +B +B +B +B +B +B +B +B +B + +
+ B+ B+ B+ B+ B+ B+ B+ B+ B+ B+ B+ B+ B+ B+ B+ B+ B+ B+ B+ B+ B+ B+ B+
++B +B +B +B +B +B +B +B +B +B +B +B +B +B +B +B +B +B +B +B +B +B + +
+ B+ B+ B+ B+ B+ B+ B+ B+ B+ B+ B+ B+ B+ B+ B+ B+ B+ B+ B+ B+ B+ B+ B+
++B +B +B +B +B +B +B +B +B +B +B +B +B +B +B +B +B +B +B +B +B +B + +
+ B+ B+ B+ B+ B+ B+ B+ B+ B+ B+ B+ B+ B+ B+ B+ B+ B+ B+ B+ B+ B+ B+ B+
++B +B +B +B +B +B +B +B +B +B +B +B +B +B +B +B +B +B +B +B +B +B + +
+ B+ B+ B+ B+ B+ B+ B+ B+ B+ B+ B+ B+ B+ B+ B+ B+ B+ B+ B+ B+ B+ B+ B+
++B +B +B +B +B +B +B +B +B +B +B +B +B +B +B +B +B +B +B +B +B +B + +
+ B+ B+ B+ B+ B+ B+ B+ B+ B+ B+ B+ B+ B+ B+ B+ B+ B+ B+ B+ B+ B+ B+ B+
++B +B +B +B +B +B +B +B +B +B +B +B +B +B +B +B +B +B +B +B +B +B + +
+ B+ B+ B+ B+ B+ B+ B+ B+ B+ B+ B+ B+ B+ B+ B+ B+ B+ B+ B+ B+ B+ B+ B+
++B +B +B +B +B +B +B +B +B +B +B +B +B +B +B +B +B +B +B +B +B +B + +
+ B+ B+ B+ B+ B+ B+ B+ B+ B+ B+ B+ B+ B+ B+ B+ B+ B+ B+ B+ B+ B+ B+ B+
++B +B +B +B +B +B +B +B +B +B +B +B +B +B +B +B +B +B +B +B +B +B + +
+ B+ B+ B+ B+ B+ B+ B+ B+ B+ B+ B+ B+ B+ B+ B+ B+ B+ B+ B+ B+ B+ B+ B+
++B +B +B +B +B +B +B +B +B +B +B +B +B +B +B +B +B +B +B +B +B +B + +
+ B+ B+ B+ B+ B+ B+ B+ B+ B+ B+ B+ B+ B+ B+ B+ B+ B+ B+ B+ B+ B+ B+ B+
++B +B +B +B +B +B +B +B +B +B +B +B +B +B +B +B +B +B +B +B +B +B + +
+ B+ B+ B+ B+ B+ B+ B+ B+ B+ B+ B+ B+ B+ B+ B+ B+ B+ B+ B+ B+ B+ B+ B+
++B +B +B +B +B +B +B +B +B +B +B +B +B +B +B +B +B +B +B +B +B +B + +
+ B+ B+ B+ B+ B+ B+ B+ B+ B+ B+ B+ B+ B+ B+ B+ B+ B+ B+ B+ B+ B+ B+ B+
++B +B +B +B +B +B +B +B +B +B +B +B +B +B +B +B +B +B +B +B +B +B + +
+ B+ B+ B+ B+ B+ B+ B+ B+ B+ B+ B+ B+ B+ B+ B+ B+ B+ B+ B+ B+ B+ B+ B+
++B +B +B +B +B +B +B +B +B +B +B +B +B +B +B +B +B +B +B +B +B +B + +
+ B+ B+ B+ B+ B+ B+ B+ B+ B+ B+ B+ B+ B+ B+ B+ B+ B+ B+ B+ B+ B+ B+ B+
++B +B +B +B +B +B +B +B +B +B +B +B +B +B +B +B +B +B +B +B +B +B + +
++0+ B+ B+ B+ B+ B+ B+ B+ B+ B+ B+ B+ B+ B+ B+ B+ B+ B+ B+ B+ B+ B+ B+
++a++   B +   B +   B +   B +   B +   B +   B +   B +   B +   B +    +
++++++++++++++++++++++++++++++++++++++++++++++++++++++++++++++++++++++

[Push(N,E)];852
[Push(N,W)];695
[Push(N,E)];676
[Push(N,W)];627
[Push(N,E)];734
[Push(N,W)];603
[Push(N,E)];676
[Push(N,W)];609
[Push(N,E)];601
[Push(N,W)];629
[Push(N,E)];607
[Push(N,W)];635
[Push(N,E)];601
[Push(N,W)];630
[Push(N,E)];597
[Push(N,W)];630
[Push(N,E)];600
[Push(N,W)];634
[Push(N,E)];598
[Push(N,W)];607
[Push(N,E)];612
[Push(N,W)];594
[Push(N,E)];617
[Push(N,W)];599
[Push(N,E)];617
[Push(N,W)];591
[Push(N,E)];613
[Push(N,W)];600
[Push(N,E)];619
[Push(N,W)];594
[Push(N,E)];620
[Push(N,W)];586
[Push(N,E)];622
[Push(N,W)];593
[Push(N,E)];624
[Push(N,W)];591
[Push(N,E)];621
[Push(N,W)];588
[Push(N,E)];626
[Push(N,W)];586
[Push(N,E)];621
[Push(N,W)];592
[Push(N,E)];620
[Push(N,W)];595
[Push(N,E)];622
[Push(N,W)];592
[Push(N,E)];626
[Push(N,W)];589
[Push(N,E)];625
[Push(N,W)];591
[Push(N,E)];627
[Push(N,W)];587
[Push(N,E)];615
[Push(N,W)];587
[Push(N,E)];622
[Push(N,W)];587
[Push(N,E)];623
[Push(N,W)];586
[Push(N,E)];618
[Push(N,W)];586
[Push(N,E)];621
[Push(N,W)];587
[Push(N,E)];613
[Push(N,W)];584
6e95714da896a37da21b5d80b4f36b460d82aa68
unsuccessful
39470
64
c797790319ab780c2170cb817eab6c297b574de1
1495032444150
