++++++++++++++++++++++++++
+wbcdef PHOJKL          0+
++++++++++++++        GAI+
+phojkl WBCDEF           +
++++++++++++++++++++++++++

[Move(W)];132
[Move(W)];0
[Move(W)];0
[Move(W)];0
[Move(W)];1
[Move(W)];0
[Move(W)];0
[Move(W)];0
[Move(W)];0
[Move(W)];0
[Pull(E,W)];0
[Pull(E,W)];1
[Pull(E,W)];0
[Pull(E,W)];0
[Push(W,S)];0
[Push(S,E)];0
[Move(W)];6
[Move(W)];0
[Move(W)];0
[Move(N)];0
[Move(W)];0
[Pull(E,W)];0
[Pull(E,W)];0
[Pull(E,W)];0
[Pull(S,W)];0
[Push(N,E)];0
[Push(E,E)];1
[Move(W)];7
[Move(W)];0
[Move(W)];0
[Move(W)];0
[Move(W)];0
[Pull(E,W)];0
[Pull(E,W)];0
[Pull(E,W)];0
[Pull(E,W)];0
[Pull(E,W)];0
[Pull(S,W)];0
[Pull(S,N)];0
[Pull(E,N)];0
[Pull(E,W)];0
[Pull(N,W)];1
[Pull(E,S)];0
[Pull(S,W)];0
[Push(N,N)];0
[Move(W)];4
[Move(N)];0
[Push(W,W)];1
[Move(E)];6
[Move(S)];0
[Move(S)];0
[Move(W)];0
[Move(W)];0
[Move(W)];0
[Move(W)];1
[Move(W)];0
[Move(N)];0
[Move(N)];0
[Move(W)];0
[Move(W)];0
[Move(W)];0
[Pull(E,W)];1
[Pull(E,W)];0
[Pull(E,W)];0
[Pull(E,W)];0
[Pull(E,W)];0
[Pull(S,W)];0
[Pull(E,N)];0
[Pull(S,W)];0
[Pull(E,N)];0
[Pull(E,W)];1
[Pull(N,W)];0
[Pull(N,S)];0
[Pull(W,S)];0
509341d8108fa57ed2d34008d65179de9320003e
unsuccessful
163
74
fbaf9906d759526bd343dd17a477beec986f5c0d
1495032499945
