++++++++++++++
+       KALLE+
+pp        ++++++++
+p p       +q  E  +
+p I       ++++++ +
+0 SISP   Qkalle+ +
+     P    ++++++ +
+   P P           +
+     P           +
+                 +
+++++++++++++++++++

[Move(E)];121
[Push(E,S)];0
[Push(S,E)];0
[Push(E,E)];0
[Move(W)];15
[Move(N)];0
[Move(W)];0
[Move(N)];0
[Move(N)];1
[Move(E)];0
[Move(E)];0
[Move(S)];0
[Move(E)];0
[Pull(W,S)];0
[Pull(N,E)];0
[Pull(W,S)];0
[Pull(W,E)];0
[Pull(S,E)];0
[Pull(W,N)];0
[Pull(S,E)];0
[Pull(S,N)];0
[Move(E)];22
[Move(E)];0
[Move(S)];0
[Move(S)];0
[Move(E)];0
[Move(E)];0
[Move(S)];0
[Move(E)];0
[Move(E)];0
[Move(E)];0
[Move(E)];0
[Move(E)];0
[Move(E)];0
[Move(E)];1
[Move(N)];0
[Move(E)];0
[Move(N)];0
[Move(E)];0
[Move(E)];0
[Move(E)];0
[Move(E)];0
[Move(N)];0
[Move(N)];0
[Move(N)];1
[Move(N)];0
[Move(W)];0
[Pull(E,W)];0
[Pull(S,W)];0
[Pull(S,N)];0
[Pull(S,N)];0
[Pull(S,N)];0
[Pull(W,N)];1
[Pull(W,E)];0
[Pull(W,E)];0
[Pull(W,E)];0
[Pull(W,E)];0
[Pull(W,E)];0
[Pull(W,E)];0
[Pull(N,E)];0
[Push(S,W)];1
[Push(W,W)];0
[Push(W,W)];0
[Push(W,N)];0
[Push(N,N)];0
[Push(N,N)];0
[Push(N,W)];0
[Push(W,W)];0
[Push(W,W)];1
[Push(W,N)];0
[Push(N,W)];0
[Push(W,W)];0
[Move(E)];2
[Move(S)];0
[Move(E)];0
[Move(E)];0
[Move(E)];1
[Move(S)];0
[Move(S)];0
[Move(S)];0
[Move(S)];0
[Move(S)];0
[Move(W)];0
[Move(W)];0
[Move(N)];0
[Move(N)];0
[Push(W,N)];0
[Push(N,W)];0
[Push(W,N)];0
[Push(N,W)];0
[Push(W,N)];0
[Push(N,W)];0
[Move(S)];27
[Move(E)];0
[Move(S)];0
[Move(E)];0
[Move(S)];0
[Move(E)];0
[Move(S)];0
[Move(S)];0
[Move(E)];0
[Move(E)];0
[Move(N)];0
[Move(N)];1
[Move(N)];0
[Move(N)];0
[Move(E)];0
[Move(E)];0
[Push(E,S)];0
[Push(S,S)];1
[Push(S,E)];0
[Push(E,E)];0
[Push(E,E)];0
[Push(E,E)];0
[Push(E,E)];0
[Push(E,E)];0
[Push(E,E)];0
[Push(E,N)];0
[Push(N,N)];0
[Push(N,N)];0
[Push(N,N)];0
[Push(N,W)];0
[Push(W,W)];0
[Push(W,W)];1
[Push(W,W)];0
[Push(W,W)];0
[Move(E)];4
[Move(E)];0
[Move(E)];0
[Move(E)];0
[Move(S)];0
[Move(S)];0
[Move(S)];0
[Move(S)];1
[Move(W)];0
[Move(W)];0
[Move(W)];0
[Move(W)];0
[Move(W)];0
[Move(W)];0
[Move(W)];0
[Move(W)];1
[Move(N)];0
[Move(W)];0
[Move(W)];0
[Move(N)];0
[Push(W,W)];0
[Push(W,N)];0
[Push(N,W)];1
[Push(W,N)];0
[Push(N,W)];0
[Push(W,N)];0
[Push(N,W)];0
[Push(W,W)];0
[Push(W,S)];0
[Move(E)];3
[Move(E)];0
[Move(E)];0
[Move(S)];0
[Move(E)];0
[Move(S)];0
[Move(S)];0
[Move(E)];0
[Pull(N,S)];0
[Push(S,W)];0
[Push(W,N)];1
[Push(N,W)];0
[Push(W,N)];0
[Push(N,W)];0
[Move(N)];3
[Move(E)];0
[Move(E)];1
[Move(E)];0
[Move(N)];0
[Pull(S,E)];0
[Pull(W,N)];0
[Move(N)];3
[Move(E)];0
[Move(E)];0
[Pull(W,E)];0
[Pull(W,E)];0
[Pull(W,E)];0
[Pull(W,E)];0
[Pull(W,E)];0
[Pull(W,E)];0
[Pull(W,E)];0
[Move(S)];3
[Move(E)];0
[Move(E)];0
[Move(E)];0
[Move(E)];0
[Move(E)];0
[Move(N)];0
[Move(E)];0
[Move(E)];1
[Move(E)];0
[Pull(W,E)];0
[Pull(W,E)];0
[Pull(W,E)];0
[Pull(W,E)];0
[Move(S)];8
[Move(E)];0
[Move(S)];0
[Move(E)];0
[Move(E)];1
[Move(E)];0
[Move(N)];0
[Move(E)];0
[Move(N)];0
[Pull(W,E)];0
[Pull(W,E)];0
[Pull(S,E)];1
[Pull(S,N)];0
[Pull(W,N)];0
[Pull(W,E)];0
[Pull(N,E)];0
[Push(S,W)];0
[Push(W,N)];0
[Push(N,W)];0
[Push(W,N)];1
[Push(N,W)];0
[Move(E)];2
[Move(S)];1
[Move(E)];0
[Move(S)];0
[Move(E)];0
[Move(E)];0
[Move(E)];0
[Move(E)];0
[Move(N)];0
[Move(N)];0
[Move(E)];1
[Pull(W,E)];0
[Pull(W,E)];0
[Push(E,S)];0
[Push(S,S)];0
[Push(S,S)];0
[Push(S,S)];0
[Push(S,E)];0
[Push(E,E)];0
[Push(E,E)];0
[Push(E,E)];0
[Push(E,E)];0
[Move(W)];5
[Move(W)];0
[Move(W)];0
[Move(W)];0
[Move(W)];0
[Move(W)];0
[Move(W)];0
[Move(S)];0
[Move(W)];0
[Pull(N,S)];1
[Pull(N,S)];0
[Push(S,W)];0
[Push(W,N)];0
[Push(N,W)];0
[Push(W,N)];0
[Push(N,N)];0
[Push(N,W)];0
[Push(W,W)];0
[Push(W,W)];0
[Pull(E,N)];2
[Pull(E,W)];0
[Pull(N,W)];0
[Push(S,E)];0
[Move(N)];2
[Move(E)];0
[Push(E,E)];0
[Push(E,E)];0
[Push(E,E)];0
[Push(E,S)];0
[Push(S,E)];0
[Push(E,S)];0
[Push(S,S)];0
[Push(S,S)];0
[Push(S,E)];0
[Push(E,E)];0
[Push(E,E)];0
[Push(E,E)];0
[Move(W)];4
[Move(W)];0
[Move(W)];0
[Move(W)];0
[Move(W)];0
[Move(S)];0
[Move(W)];0
[Move(S)];0
[Move(W)];0
[Pull(E,S)];0
[Push(W,N)];0
[Push(N,N)];0
[Push(N,N)];0
[Push(N,W)];0
[Push(W,W)];0
[Push(W,N)];0
[Push(N,N)];0
[Push(N,W)];0
[Push(W,W)];0
[Push(N,E)];2
[Push(E,E)];0
[Push(E,E)];0
[Push(E,E)];0
[Push(E,E)];1
[Push(E,E)];0
[Push(E,E)];0
[Push(E,S)];0
[Push(S,S)];0
[Push(S,S)];0
[Push(S,S)];0
[Push(S,E)];0
[Push(E,E)];0
[Push(E,E)];1
[Move(W)];2
[Move(W)];0
[Move(W)];0
[Move(W)];0
[Move(N)];0
[Move(N)];0
[Move(W)];0
[Move(W)];0
[Move(N)];0
[Pull(N,W)];0
[Push(S,S)];0
[Push(S,E)];0
[Push(E,E)];0
[Push(E,E)];0
[Push(E,E)];1
[Push(E,S)];0
[Push(S,S)];0
[Push(S,E)];0
[Push(E,E)];0
[Move(W)];1
[Move(N)];0
[Move(W)];1
[Move(N)];0
[Move(W)];0
[Move(N)];0
[Push(W,S)];0
[Push(S,E)];0
[Push(E,E)];0
[Push(E,E)];0
[Push(E,S)];0
[Push(S,S)];0
[Push(S,E)];1
7956be741067b79764e6bace36e6af94dbd0102e
successful
258
345
857d5fb74724638dc93c06a238f3ec559e21217c
1495032744031
