++++++++++++++
+A    ++++AAA+
+ ++        a+
++++  A   + A+
++A+0+++  + ++
++++++aaa  a++
++a+Aa  + + ++
+   +aaaa  A +
+B  +aa   A  +
+cA +  +++   +
+C+ +++      +
+b+  AAA     +
++++++++++++++

[Move(N)];137
[Move(E)];0
[Move(N)];0
[Move(E)];0
[Move(E)];0
[Move(E)];0
[Move(E)];1
[Move(E)];0
[Pull(W,N)];0
[Pull(W,E)];0
[Pull(W,E)];0
[Pull(W,E)];0
[Pull(W,E)];0
[Pull(N,E)];0
[Push(S,W)];0
[Push(W,N)];0
[Push(N,W)];0
[Move(E)];4
[Move(S)];0
[Move(E)];0
[Move(E)];0
[Move(E)];0
[Move(E)];1
[Move(E)];0
[Move(E)];0
[Push(N,W)];0
[Push(W,S)];0
[Push(S,W)];0
[Push(W,W)];0
[Push(W,W)];1
[Push(W,W)];0
[Push(W,W)];0
[Push(W,W)];1
[Move(E)];2
[Move(E)];0
[Move(E)];1
[Move(E)];0
[Move(E)];0
[Move(E)];0
[Move(N)];0
[Push(E,S)];0
479c1b98c43f4b5841d835fa5154dc3cbde96e1a
unsuccessful
148
41
9cedd222ace2845d08057b78075111bce6400e13
1495032808036
