red: 0,I
green: 1,W
yellow: 2,N
blue: 3,B
++++++++++++++++++++++++++
+0     1     2     3     +
+  I     W     N     B   +
+                        +
+BRiNG+POwER+RAnGERS+bACK+
++++++++++++++++++++++++++

[Move(E), NoOp, NoOp, NoOp];81
[Move(E), NoOp, NoOp, NoOp];1
[Push(S,S), NoOp, NoOp, NoOp];0
[Push(S,S), NoOp, NoOp, NoOp];0
[NoOp, Move(E), NoOp, NoOp];4
[NoOp, Move(E), NoOp, NoOp];1
[NoOp, Push(S,S), NoOp, NoOp];0
[NoOp, Push(S,S), NoOp, NoOp];1
[NoOp, NoOp, Move(E), NoOp];3
[NoOp, NoOp, Move(E), NoOp];0
[NoOp, NoOp, Push(S,S), NoOp];0
[NoOp, NoOp, Push(S,S), NoOp];1
[NoOp, NoOp, NoOp, Move(E)];3
[NoOp, NoOp, NoOp, Move(E)];2
[NoOp, NoOp, NoOp, Push(S,S)];1
[NoOp, NoOp, NoOp, Push(S,S)];0
fde005d0d4904aa16b0e68a269ccd6d34457ce9e
successful
98
16
734d87421aef83eaa5bc3419d4d177ba7b2cf622
1495027788162
