red:0,V
yellow:1,D
magenta:2,W
orange:3,F
green:H
+++++++++++++++++++++++++++++++
+        TEAM LIQUORICE       +
+++++++++++++++++++++++++++++++
+0          M    w           2+
+ + + + + + + + + + + + + + + +
+               H             +
+ + + + + + + + + + + + + + + +
+   H                 W       +
+ + + + + + + + + + + + + + + +
+     D                       +
+ + + + + + + + + + +H+ + + + +
+  v       d     H           V+
+ + + + + + + + + + + + + + + +
+3f              F          V1+
+++++++++++++++++++++++++++++++
+      BOMBERMAN CLASSIC      +
+++++++++++++++++++++++++++++++

[Move(E), NoOp, NoOp, NoOp];133
[Move(E), NoOp, NoOp, NoOp];1
[Move(E), NoOp, NoOp, NoOp];0
[Move(E), NoOp, NoOp, NoOp];3
[Move(E), NoOp, NoOp, NoOp];1
[Move(E), NoOp, NoOp, NoOp];1
[Move(E), NoOp, NoOp, NoOp];1
[Move(E), NoOp, NoOp, NoOp];0
[Move(E), NoOp, NoOp, NoOp];2
[Move(E), NoOp, NoOp, NoOp];1
[Move(E), NoOp, NoOp, NoOp];0
[Move(E), NoOp, NoOp, Move(E)];11
[Move(E), NoOp, Move(W), Move(E)];5
[Move(E), NoOp, Move(W), Move(E)];9
[Move(E), NoOp, Move(W), Move(E)];7
[Move(E), NoOp, Move(W), Move(E)];6
[Move(E), NoOp, Move(W), Move(E)];6
[Move(E), NoOp, Move(W), Move(E)];11
[Move(E), NoOp, Move(S), Move(E)];6
[Move(E), NoOp, Move(S), Move(E)];6
[Move(E), NoOp, Move(S), Move(E)];6
[Move(E), NoOp, Move(S), Move(E)];6
[Move(E), NoOp, Push(W,W), Move(E)];8
[Move(E), NoOp, Push(W,N), Move(E)];8
[Move(E), NoOp, Push(N,N), Move(E)];7
[Move(E), NoOp, Push(N,N), Move(E)];6
[Move(S), NoOp, Push(N,N), Pull(W,E)];14
[Move(S), NoOp, Push(N,W), Move(N)];3
[Move(E), NoOp, Push(W,W), Move(N)];1
[Move(E), NoOp, Push(W,W), Move(E)];1
[Move(S), NoOp, Push(W,W), Move(E)];1
[Move(S), NoOp, NoOp, Move(S)];7
[Move(S), NoOp, NoOp, Move(S)];15
[Move(S), NoOp, NoOp, Push(W,W)];13
[Move(S), NoOp, NoOp, Push(W,W)];5
[Push(S,W), NoOp, NoOp, Push(W,W)];4
[Push(W,W), NoOp, NoOp, Push(W,W)];12
[Push(W,W), NoOp, NoOp, Push(W,W)];5
[Push(W,W), NoOp, NoOp, Push(W,W)];4
[Push(W,W), NoOp, NoOp, Push(W,W)];7
[Push(W,W), NoOp, NoOp, Push(W,W)];4
[Push(W,W), NoOp, NoOp, Push(W,W)];9
[Push(W,W), NoOp, NoOp, Push(W,W)];8
[Push(W,W), NoOp, NoOp, Push(W,W)];4
[Push(W,W), NoOp, NoOp, Push(W,W)];5
[Push(W,W), NoOp, NoOp, Push(W,W)];3
[Push(W,W), NoOp, NoOp, Push(W,W)];4
[Push(W,W), NoOp, NoOp, NoOp];8
[Push(W,W), NoOp, NoOp, NoOp];6
[Push(W,W), NoOp, NoOp, NoOp];4
[Push(W,W), NoOp, NoOp, NoOp];4
[Push(W,W), NoOp, NoOp, NoOp];3
[Push(W,W), NoOp, NoOp, NoOp];17
[Push(W,W), NoOp, NoOp, NoOp];5
[Push(W,W), NoOp, NoOp, NoOp];4
[Push(W,W), NoOp, NoOp, NoOp];7
[Push(W,W), NoOp, NoOp, NoOp];13
[Push(W,W), NoOp, NoOp, NoOp];4
[Push(W,W), NoOp, NoOp, NoOp];4
[Push(W,W), NoOp, NoOp, NoOp];3
[Push(W,W), NoOp, NoOp, NoOp];3
ea47c46412e7bf175bce23836de8e2b44b85274e
unsuccessful
465
61
bab7676705432313fd955dbf9c5f4040df59ce0c
1495026244711
