red: 0,1,2,3,A,B,D,E,H,I,L,M,N,O,R,S,T,X,V
+++++++++++++++++++++++++++++++++++++++++++++++++++++++++++
+      t   h  o   m   as  x +      b  ol  an    der       +
+ +++++++++++++++++++++++++ + +++++++++++++++++++++++++++x+
+ +        H  O   M   AS  +++ +        L  A     D       +++
+ +                        0+ +                          1+
+ +                         + +                           +
+ +                         + +         T                 +
+ +                         + +                           +
+ +                         + +              T            +
+ +              A          + +                           +
+ +              R          + +                           +
+ +              N          + +            HOV            +
+ +              E          + +            AAAV           +
+ +                         + +                           +
+ +                         + +                           +
+ +T                        + +B                          +
+ +H                        + +O                          +
+ +O                        + +L                          +
+ +M                        + +A                          +
+ +A                        + +N                          +
+ +S                        + +D                          +
+ +X                        + +ERX                        +
+                           +                             +
+++++++++++++++++++++++++++++++++++++++++++++++++++++++++++
+                                      +AIARNE            +
+                                      +             +    +
+  +++++++++++++++++++++++++++++++++   +             +    +
+  +                               +   +             +    +
+  +        +           ++++++++++++   +             +    +
+  +        +           +     +        +             +    +
+  +        +           +   +a+  +++++++             +    +
+  +        +           +   +i+  +a+                 +    +
+  +        +           +   +a+  +i+                 +    +
+  +        +           +   +r+  +a+                 +    +
+  +        +           +   +n+  +r+                 +    +
+  +        +           +   +e+  +n+                 +    +
+  +        +           +   +++  +e+                 +    +
+  +        +           +     +    +                 +    +
+  +        +           +     ++++++++++++++++++++++++    +
+  +        +           +                                 +
+  +        +           +++++++++++++++++++++++++++++     +
+  +        +                                      3+     +
+  +        +                                 +++++++     +
+           +                      AIARNE     +2          +
+++++++++++++++++++++++++++++++++++++++++++++++++++++++++++

[Move(W), NoOp, NoOp, NoOp];214
[Move(W), NoOp, NoOp, NoOp];1
[Move(W), NoOp, NoOp, NoOp];1
[Move(W), NoOp, NoOp, NoOp];1
[Move(W), NoOp, NoOp, NoOp];1
[Move(W), NoOp, NoOp, NoOp];1
[Move(W), NoOp, NoOp, NoOp];1
[Move(W), NoOp, NoOp, NoOp];1
[Move(W), NoOp, NoOp, NoOp];1
[Move(W), NoOp, NoOp, NoOp];0
[Move(W), NoOp, NoOp, NoOp];0
[Move(W), NoOp, NoOp, NoOp];0
[Move(W), NoOp, NoOp, NoOp];1
[Move(W), NoOp, NoOp, NoOp];1
[Move(W), NoOp, NoOp, NoOp];1
[Move(W), NoOp, NoOp, NoOp];1
[Move(W), NoOp, NoOp, NoOp];3
[Move(W), NoOp, NoOp, NoOp];1
[Move(W), NoOp, NoOp, NoOp];1
[Move(W), NoOp, NoOp, NoOp];1
[Move(W), NoOp, NoOp, NoOp];1
[Move(W), NoOp, NoOp, NoOp];1
[Move(W), NoOp, NoOp, NoOp];1
[Move(W), NoOp, NoOp, NoOp];1
[Move(S), NoOp, NoOp, NoOp];1
[Move(S), NoOp, NoOp, NoOp];0
[Move(S), NoOp, NoOp, NoOp];0
[Move(S), NoOp, NoOp, NoOp];1
[Move(S), NoOp, NoOp, NoOp];1
[Move(S), NoOp, NoOp, NoOp];0
[Move(S), NoOp, NoOp, NoOp];2
[Move(S), NoOp, NoOp, NoOp];1
[Move(S), NoOp, NoOp, NoOp];1
[Move(S), NoOp, NoOp, NoOp];1
[Move(E), NoOp, NoOp, NoOp];1
[Move(S), NoOp, NoOp, NoOp];1
[Move(S), NoOp, NoOp, NoOp];1
[Move(S), NoOp, NoOp, NoOp];1
[Move(S), NoOp, NoOp, NoOp];1
[Move(S), NoOp, NoOp, NoOp];0
[Move(S), NoOp, NoOp, NoOp];0
[Pull(S,W), NoOp, NoOp, NoOp];0
[Push(W,S), NoOp, NoOp, NoOp];3
[Push(S,W), NoOp, NoOp, NoOp];1
[Push(W,W), NoOp, NoOp, NoOp];1
[Push(W,N), NoOp, NoOp, NoOp];8
[Push(N,N), NoOp, NoOp, NoOp];1
[Push(N,N), NoOp, NoOp, NoOp];0
[Push(N,N), NoOp, NoOp, NoOp];0
[Push(N,N), NoOp, NoOp, NoOp];0
[Push(N,N), NoOp, NoOp, NoOp];0
[Push(N,N), NoOp, NoOp, NoOp];0
[Push(N,N), NoOp, NoOp, NoOp];2
[Push(N,N), NoOp, NoOp, NoOp];1
[Push(N,N), NoOp, NoOp, NoOp];0
[Push(N,N), NoOp, NoOp, NoOp];0
[Push(N,N), NoOp, NoOp, NoOp];1
[Push(N,N), NoOp, NoOp, NoOp];2
[Push(N,N), NoOp, NoOp, NoOp];1
[Push(N,N), NoOp, NoOp, NoOp];1
[Push(N,N), NoOp, NoOp, NoOp];0
[Push(N,N), NoOp, NoOp, NoOp];1
[Push(N,N), NoOp, NoOp, NoOp];0
[Push(N,N), NoOp, NoOp, NoOp];0
[Push(N,N), NoOp, NoOp, NoOp];2
[Push(N,N), NoOp, NoOp, NoOp];2
[Push(N,E), NoOp, NoOp, NoOp];10
[Push(E,E), NoOp, NoOp, NoOp];1
[Push(E,E), NoOp, NoOp, NoOp];1
[Push(E,E), NoOp, NoOp, NoOp];0
[Push(E,E), NoOp, NoOp, NoOp];0
[Push(E,E), NoOp, NoOp, NoOp];1
[Push(E,E), NoOp, NoOp, NoOp];3
[Push(E,E), NoOp, NoOp, NoOp];0
[Push(E,E), NoOp, NoOp, NoOp];1
[Push(E,E), NoOp, NoOp, NoOp];1
[Push(E,E), NoOp, NoOp, NoOp];0
[Push(E,E), NoOp, NoOp, NoOp];1
[Push(E,E), NoOp, NoOp, NoOp];0
[Push(E,E), NoOp, NoOp, NoOp];1
[Push(E,E), NoOp, NoOp, NoOp];0
[Push(E,E), NoOp, NoOp, NoOp];1
[Push(E,E), NoOp, NoOp, NoOp];1
[Push(E,E), NoOp, NoOp, NoOp];0
[Push(E,E), NoOp, NoOp, NoOp];1
[Push(E,E), NoOp, NoOp, NoOp];0
[Push(E,E), NoOp, NoOp, NoOp];0
[Push(E,E), NoOp, NoOp, NoOp];0
[Push(E,E), NoOp, NoOp, NoOp];1
[Push(E,E), NoOp, NoOp, NoOp];0
[Push(E,E), NoOp, NoOp, NoOp];1
[Move(W), NoOp, NoOp, NoOp];50
[Move(W), NoOp, NoOp, NoOp];1
[Move(W), NoOp, NoOp, NoOp];0
[Move(W), NoOp, NoOp, NoOp];2
[Move(W), NoOp, NoOp, NoOp];0
[Move(W), NoOp, NoOp, NoOp];1
[Move(W), NoOp, NoOp, NoOp];0
[Move(W), NoOp, NoOp, NoOp];0
[Move(W), NoOp, NoOp, NoOp];2
[Move(W), NoOp, NoOp, NoOp];1
[Move(W), NoOp, NoOp, NoOp];0
[Move(W), NoOp, NoOp, NoOp];4
[Move(W), NoOp, NoOp, NoOp];2
[Move(W), NoOp, NoOp, NoOp];1
[Move(W), NoOp, NoOp, NoOp];1
[Move(W), NoOp, NoOp, NoOp];8
[Move(W), NoOp, NoOp, NoOp];0
[Move(W), NoOp, NoOp, NoOp];0
[Move(W), NoOp, NoOp, NoOp];0
[Move(W), NoOp, NoOp, NoOp];0
[Move(W), NoOp, NoOp, NoOp];0
[Move(W), NoOp, NoOp, NoOp];0
[Move(W), NoOp, NoOp, NoOp];1
[Move(W), NoOp, NoOp, NoOp];0
[Move(S), NoOp, NoOp, NoOp];0
[Move(S), NoOp, NoOp, NoOp];1
[Move(S), NoOp, NoOp, NoOp];0
[Move(S), NoOp, NoOp, NoOp];1
[Move(S), NoOp, NoOp, NoOp];1
[Move(S), NoOp, NoOp, NoOp];0
[Move(S), NoOp, NoOp, NoOp];0
[Move(S), NoOp, NoOp, NoOp];1
[Move(S), NoOp, NoOp, NoOp];0
[Move(S), NoOp, NoOp, NoOp];0
[Move(S), NoOp, NoOp, NoOp];1
[Move(S), NoOp, NoOp, NoOp];0
[Move(S), NoOp, NoOp, NoOp];11
[Move(S), NoOp, NoOp, NoOp];4
[Move(S), NoOp, NoOp, NoOp];3
[Move(S), NoOp, NoOp, NoOp];2
[Move(S), NoOp, NoOp, NoOp];1
[Move(S), NoOp, NoOp, NoOp];1
[Move(S), NoOp, NoOp, NoOp];0
[Move(S), NoOp, NoOp, NoOp];3
[Move(S), NoOp, NoOp, NoOp];0
[Move(E), NoOp, NoOp, NoOp];4
[Move(E), NoOp, NoOp, NoOp];1
[Move(N), NoOp, NoOp, NoOp];0
[Move(N), NoOp, NoOp, NoOp];2
[Push(E,S), NoOp, NoOp, NoOp];0
[Push(S,W), NoOp, NoOp, NoOp];1
[Push(W,S), NoOp, NoOp, NoOp];0
[Push(S,W), NoOp, NoOp, NoOp];0
[Push(W,W), NoOp, NoOp, NoOp];3
[Push(W,N), NoOp, NoOp, NoOp];0
[Push(N,N), NoOp, NoOp, NoOp];0
[Push(N,N), NoOp, NoOp, NoOp];0
[Push(N,N), NoOp, NoOp, NoOp];1
[Push(N,N), NoOp, NoOp, NoOp];0
[Push(N,N), NoOp, NoOp, NoOp];1
[Push(N,N), NoOp, NoOp, NoOp];0
[Push(N,N), NoOp, NoOp, NoOp];1
[Push(N,N), NoOp, NoOp, NoOp];0
[Push(N,N), NoOp, NoOp, NoOp];0
[Push(N,N), NoOp, NoOp, NoOp];0
[Push(N,N), NoOp, NoOp, NoOp];0
[Push(N,N), NoOp, NoOp, NoOp];3
[Push(N,N), NoOp, NoOp, NoOp];0
[Push(N,N), NoOp, NoOp, NoOp];0
[Push(N,N), NoOp, NoOp, NoOp];0
[Push(N,N), NoOp, NoOp, NoOp];1
[Push(N,N), NoOp, NoOp, NoOp];0
[Push(N,N), NoOp, NoOp, NoOp];1
[Push(N,N), NoOp, NoOp, NoOp];0
[Push(N,N), NoOp, NoOp, NoOp];0
[Push(N,E), NoOp, NoOp, NoOp];2
[Push(E,E), NoOp, NoOp, NoOp];0
[Push(E,E), NoOp, NoOp, NoOp];1
[Push(E,E), NoOp, NoOp, NoOp];0
[Push(E,E), NoOp, NoOp, NoOp];0
[Push(E,E), NoOp, NoOp, NoOp];1
[Push(E,E), NoOp, NoOp, NoOp];1
[Push(E,E), NoOp, NoOp, NoOp];0
[Push(E,E), NoOp, NoOp, NoOp];1
[Push(E,E), NoOp, NoOp, NoOp];0
[Push(E,E), NoOp, NoOp, NoOp];0
[Push(E,E), NoOp, NoOp, NoOp];2
[Push(E,E), NoOp, NoOp, NoOp];6
[Push(E,E), NoOp, NoOp, NoOp];1
[Push(E,E), NoOp, NoOp, NoOp];0
[Push(E,E), NoOp, NoOp, NoOp];1
[Push(E,E), NoOp, NoOp, NoOp];0
[Push(E,E), NoOp, NoOp, NoOp];0
[Push(E,E), NoOp, NoOp, NoOp];1
[Push(E,E), NoOp, NoOp, NoOp];0
[Push(E,E), NoOp, NoOp, NoOp];0
[Push(E,E), NoOp, NoOp, NoOp];1
[Move(W), NoOp, NoOp, NoOp];93
[Move(W), NoOp, NoOp, NoOp];1
[Move(W), NoOp, NoOp, NoOp];0
[Move(W), NoOp, NoOp, NoOp];0
[Move(W), NoOp, NoOp, NoOp];0
[Move(W), NoOp, NoOp, NoOp];0
[Move(W), NoOp, NoOp, NoOp];0
[Move(W), NoOp, NoOp, NoOp];8
[Move(W), NoOp, NoOp, NoOp];0
[Move(W), NoOp, NoOp, NoOp];2
[Move(W), NoOp, NoOp, NoOp];0
[Move(W), NoOp, NoOp, NoOp];0
[Move(W), NoOp, NoOp, NoOp];0
[Move(W), NoOp, NoOp, NoOp];3
[Move(W), NoOp, NoOp, NoOp];2
[Move(W), NoOp, NoOp, NoOp];0
[Move(W), NoOp, NoOp, NoOp];1
[Move(W), NoOp, NoOp, NoOp];0
[Move(W), NoOp, NoOp, NoOp];1
[Move(W), NoOp, NoOp, NoOp];0
[Move(W), NoOp, NoOp, NoOp];1
[Move(S), NoOp, NoOp, NoOp];0
[Move(S), NoOp, NoOp, NoOp];0
[Move(S), NoOp, NoOp, NoOp];1
[Move(S), NoOp, NoOp, NoOp];0
[Move(S), NoOp, NoOp, NoOp];1
[Move(S), NoOp, NoOp, NoOp];0
[Move(S), NoOp, NoOp, NoOp];1
[Move(S), NoOp, NoOp, NoOp];0
[Move(S), NoOp, NoOp, NoOp];1
[Move(S), NoOp, NoOp, NoOp];0
[Move(S), NoOp, NoOp, NoOp];4
[Move(S), NoOp, NoOp, NoOp];1
[Move(S), NoOp, NoOp, NoOp];0
[Move(S), NoOp, NoOp, NoOp];0
[Move(S), NoOp, NoOp, NoOp];1
[Move(S), NoOp, NoOp, NoOp];0
[Move(S), NoOp, NoOp, NoOp];3
[Move(S), NoOp, NoOp, NoOp];0
[Move(S), NoOp, NoOp, NoOp];1
[Move(S), NoOp, NoOp, NoOp];0
[Move(S), NoOp, NoOp, NoOp];0
[Move(E), NoOp, NoOp, NoOp];1
[Move(E), NoOp, NoOp, NoOp];0
[Move(N), NoOp, NoOp, NoOp];1
[Move(N), NoOp, NoOp, NoOp];0
[Move(E), NoOp, NoOp, NoOp];1
[Move(N), NoOp, NoOp, NoOp];0
[Move(N), NoOp, NoOp, NoOp];1
[Pull(S,W), NoOp, NoOp, NoOp];0
[Push(W,S), NoOp, NoOp, NoOp];0
[Push(S,S), NoOp, NoOp, NoOp];0
[Push(S,S), NoOp, NoOp, NoOp];0
[Push(S,W), NoOp, NoOp, NoOp];1
[Push(W,W), NoOp, NoOp, NoOp];0
[Push(W,N), NoOp, NoOp, NoOp];1
[Push(N,N), NoOp, NoOp, NoOp];0
[Push(N,N), NoOp, NoOp, NoOp];0
[Push(N,N), NoOp, NoOp, NoOp];0
[Push(N,N), NoOp, NoOp, NoOp];0
[Push(N,N), NoOp, NoOp, NoOp];1
[Push(N,N), NoOp, NoOp, NoOp];0
[Push(N,N), NoOp, NoOp, NoOp];0
[Push(N,N), NoOp, NoOp, NoOp];0
[Push(N,N), NoOp, NoOp, NoOp];0
[Push(N,N), NoOp, NoOp, NoOp];1
[Push(N,N), NoOp, NoOp, NoOp];0
[Push(N,N), NoOp, NoOp, NoOp];1
[Push(N,N), NoOp, NoOp, NoOp];0
[Push(N,N), NoOp, NoOp, NoOp];1
[Push(N,N), NoOp, NoOp, NoOp];0
[Push(N,N), NoOp, NoOp, NoOp];1
[Push(N,N), NoOp, NoOp, NoOp];0
[Push(N,N), NoOp, NoOp, NoOp];1
[Push(N,N), NoOp, NoOp, NoOp];0
[Push(N,N), NoOp, NoOp, NoOp];1
[Push(N,E), NoOp, NoOp, NoOp];0
[Push(E,E), NoOp, NoOp, NoOp];0
[Push(E,E), NoOp, NoOp, NoOp];0
[Push(E,E), NoOp, NoOp, NoOp];0
[Push(E,E), NoOp, NoOp, NoOp];1
[Push(E,E), NoOp, NoOp, NoOp];0
[Push(E,E), NoOp, NoOp, NoOp];1
[Push(E,E), NoOp, NoOp, NoOp];0
[Push(E,E), NoOp, NoOp, NoOp];0
[Push(E,E), NoOp, NoOp, NoOp];1
[Push(E,E), NoOp, NoOp, NoOp];0
[Push(E,E), NoOp, NoOp, NoOp];5
[Push(E,E), NoOp, NoOp, NoOp];0
[Push(E,E), NoOp, NoOp, NoOp];0
[Push(E,E), NoOp, NoOp, NoOp];2
[Push(E,E), NoOp, NoOp, NoOp];1
[Push(E,E), NoOp, NoOp, NoOp];0
[Push(E,E), NoOp, NoOp, NoOp];0
[Push(E,E), NoOp, NoOp, NoOp];0
[Push(E,E), NoOp, NoOp, NoOp];0
[Push(E,E), NoOp, NoOp, NoOp];0
[Move(W), NoOp, NoOp, NoOp];21
[Move(W), NoOp, NoOp, NoOp];0
[Move(W), NoOp, NoOp, NoOp];1
[Move(W), NoOp, NoOp, NoOp];0
[Move(W), NoOp, NoOp, NoOp];0
[Move(W), NoOp, NoOp, NoOp];0
[Move(W), NoOp, NoOp, NoOp];0
[Move(W), NoOp, NoOp, NoOp];0
[Move(W), NoOp, NoOp, NoOp];0
[Move(W), NoOp, NoOp, NoOp];0
[Move(W), NoOp, NoOp, NoOp];0
[Move(W), NoOp, NoOp, NoOp];0
[Move(W), NoOp, NoOp, NoOp];0
[Move(W), NoOp, NoOp, NoOp];0
[Move(W), NoOp, NoOp, NoOp];1
[Move(W), NoOp, NoOp, NoOp];0
[Move(W), NoOp, NoOp, NoOp];1
[Move(W), NoOp, NoOp, NoOp];1
[Move(W), NoOp, NoOp, NoOp];3
[Move(W), NoOp, NoOp, NoOp];0
[Move(S), NoOp, NoOp, NoOp];1
[Move(S), NoOp, NoOp, NoOp];0
[Move(S), NoOp, NoOp, NoOp];0
[Move(S), NoOp, NoOp, NoOp];0
[Move(S), NoOp, NoOp, NoOp];0
[Move(S), NoOp, NoOp, NoOp];1
[Move(S), NoOp, NoOp, NoOp];0
[Move(S), NoOp, NoOp, NoOp];0
[Move(S), NoOp, NoOp, NoOp];1
[Move(S), NoOp, NoOp, NoOp];0
[Move(S), NoOp, NoOp, NoOp];0
[Move(S), NoOp, NoOp, NoOp];1
[Move(S), NoOp, NoOp, NoOp];0
[Move(S), NoOp, NoOp, NoOp];0
[Move(S), NoOp, NoOp, NoOp];1
[Move(S), NoOp, NoOp, NoOp];0
[Move(S), NoOp, NoOp, NoOp];0
[Move(S), NoOp, NoOp, NoOp];1
[Move(S), NoOp, NoOp, NoOp];0
[Move(S), NoOp, NoOp, NoOp];0
[Move(S), NoOp, NoOp, NoOp];0
[Move(E), NoOp, NoOp, NoOp];1
[Move(E), NoOp, NoOp, NoOp];0
[Move(N), NoOp, NoOp, NoOp];0
[Move(N), NoOp, NoOp, NoOp];0
[Move(N), NoOp, NoOp, NoOp];1
[Move(N), NoOp, NoOp, NoOp];0
[Push(E,S), NoOp, NoOp, NoOp];0
[Push(S,W), NoOp, NoOp, NoOp];1
[Push(W,S), NoOp, NoOp, NoOp];0
[Push(S,S), NoOp, NoOp, NoOp];0
[Push(S,S), NoOp, NoOp, NoOp];0
[Push(S,W), NoOp, NoOp, NoOp];0
[Push(W,W), NoOp, NoOp, NoOp];0
[Push(W,N), NoOp, NoOp, NoOp];0
[Push(N,N), NoOp, NoOp, NoOp];0
[Push(N,N), NoOp, NoOp, NoOp];0
[Push(N,N), NoOp, NoOp, NoOp];0
[Push(N,N), NoOp, NoOp, NoOp];0
[Push(N,N), NoOp, NoOp, NoOp];1
[Push(N,N), NoOp, NoOp, NoOp];0
[Push(N,N), NoOp, NoOp, NoOp];0
[Push(N,N), NoOp, NoOp, NoOp];0
[Push(N,N), NoOp, NoOp, NoOp];6
[Push(N,N), NoOp, NoOp, NoOp];1
[Push(N,N), NoOp, NoOp, NoOp];0
[Push(N,N), NoOp, NoOp, NoOp];0
[Push(N,N), NoOp, NoOp, NoOp];1
[Push(N,N), NoOp, NoOp, NoOp];0
[Push(N,N), NoOp, NoOp, NoOp];0
[Push(N,N), NoOp, NoOp, NoOp];0
[Push(N,N), NoOp, NoOp, NoOp];0
[Push(N,N), NoOp, NoOp, NoOp];0
[Push(N,N), NoOp, NoOp, NoOp];0
[Push(N,N), NoOp, NoOp, NoOp];1
[Push(N,E), NoOp, NoOp, NoOp];0
[Push(E,E), NoOp, NoOp, NoOp];0
[Push(E,E), NoOp, NoOp, NoOp];1
[Push(E,E), NoOp, NoOp, NoOp];0
[Push(E,E), NoOp, NoOp, NoOp];1
[Push(E,E), NoOp, NoOp, NoOp];0
[Push(E,E), NoOp, NoOp, NoOp];0
[Push(E,E), NoOp, NoOp, NoOp];0
[Push(E,E), NoOp, NoOp, NoOp];0
[Push(E,E), NoOp, NoOp, NoOp];0
[Push(E,E), NoOp, NoOp, NoOp];1
[Push(E,E), NoOp, NoOp, NoOp];1
[Push(E,E), NoOp, NoOp, NoOp];0
[Push(E,E), NoOp, NoOp, NoOp];0
[Push(E,E), NoOp, NoOp, NoOp];1
[Push(E,E), NoOp, NoOp, NoOp];0
[Push(E,E), NoOp, NoOp, NoOp];0
[Move(W), NoOp, NoOp, NoOp];34
[Move(W), NoOp, NoOp, NoOp];0
[Move(W), NoOp, NoOp, NoOp];1
[Move(W), NoOp, NoOp, NoOp];0
[Move(W), NoOp, NoOp, NoOp];0
[Move(W), NoOp, NoOp, NoOp];0
[Move(W), NoOp, NoOp, NoOp];0
[Move(W), NoOp, NoOp, NoOp];0
[Move(W), NoOp, NoOp, NoOp];1
[Move(W), NoOp, NoOp, NoOp];0
[Move(W), NoOp, NoOp, NoOp];0
[Move(W), NoOp, NoOp, NoOp];0
[Move(W), NoOp, NoOp, NoOp];0
[Move(W), NoOp, NoOp, NoOp];0
[Move(W), NoOp, NoOp, NoOp];1
[Move(W), NoOp, NoOp, NoOp];0
[Move(S), NoOp, NoOp, NoOp];0
[Move(S), NoOp, NoOp, NoOp];1
[Move(S), NoOp, NoOp, NoOp];0
[Move(S), NoOp, NoOp, NoOp];0
[Move(S), NoOp, NoOp, NoOp];1
[Move(S), NoOp, NoOp, NoOp];0
[Move(S), NoOp, NoOp, NoOp];0
[Move(S), NoOp, NoOp, NoOp];1
[Move(S), NoOp, NoOp, NoOp];0
[Move(S), NoOp, NoOp, NoOp];0
[Move(S), NoOp, NoOp, NoOp];1
[Move(S), NoOp, NoOp, NoOp];0
[Move(S), NoOp, NoOp, NoOp];0
[Move(S), NoOp, NoOp, NoOp];1
[Move(S), NoOp, NoOp, NoOp];0
[Move(S), NoOp, NoOp, NoOp];0
[Move(S), NoOp, NoOp, NoOp];0
[Move(S), NoOp, NoOp, NoOp];1
[Move(S), NoOp, NoOp, NoOp];3
[Move(S), NoOp, NoOp, NoOp];0
[Move(S), NoOp, NoOp, NoOp];0
[Move(E), NoOp, NoOp, NoOp];0
[Move(E), NoOp, NoOp, NoOp];1
[Move(N), NoOp, NoOp, NoOp];3
[Move(N), NoOp, NoOp, NoOp];1
[Move(N), NoOp, NoOp, NoOp];0
[Move(N), NoOp, NoOp, NoOp];0
[Pull(S,N), NoOp, NoOp, NoOp];0
[Pull(S,N), NoOp, NoOp, NoOp];0
[Pull(S,N), NoOp, NoOp, NoOp];0
[Pull(S,N), NoOp, NoOp, NoOp];0
[Pull(E,N), NoOp, NoOp, NoOp];0
[Push(W,W), NoOp, NoOp, NoOp];0
[Push(W,W), NoOp, NoOp, NoOp];0
[Push(W,N), NoOp, NoOp, NoOp];0
[Push(N,N), NoOp, NoOp, NoOp];0
[Push(N,N), NoOp, NoOp, NoOp];0
[Push(N,N), NoOp, NoOp, NoOp];12
[Push(N,N), NoOp, NoOp, NoOp];0
[Push(N,N), NoOp, NoOp, NoOp];1
[Push(N,N), NoOp, NoOp, NoOp];0
[Push(N,N), NoOp, NoOp, NoOp];0
[Push(N,N), NoOp, NoOp, NoOp];0
[Push(N,N), NoOp, NoOp, NoOp];0
[Push(N,N), NoOp, NoOp, NoOp];0
[Push(N,N), NoOp, NoOp, NoOp];0
[Push(N,N), NoOp, NoOp, NoOp];0
[Push(N,N), NoOp, NoOp, NoOp];0
[Push(N,N), NoOp, NoOp, NoOp];0
[Push(N,N), NoOp, NoOp, NoOp];1
[Push(N,N), NoOp, NoOp, NoOp];0
[Push(N,N), NoOp, NoOp, NoOp];0
[Push(N,N), NoOp, NoOp, NoOp];0
[Push(N,N), NoOp, NoOp, NoOp];0
[Push(N,N), NoOp, NoOp, NoOp];0
[Push(N,E), NoOp, NoOp, NoOp];0
[Push(E,E), NoOp, NoOp, NoOp];1
[Push(E,E), NoOp, NoOp, NoOp];0
[Push(E,E), NoOp, NoOp, NoOp];0
[Push(E,E), NoOp, NoOp, NoOp];0
[Push(E,E), NoOp, NoOp, NoOp];1
[Push(E,E), NoOp, NoOp, NoOp];0
[Push(E,E), NoOp, NoOp, NoOp];0
[Push(E,E), NoOp, NoOp, NoOp];0
[Push(E,E), NoOp, NoOp, NoOp];1
[Push(E,E), NoOp, NoOp, NoOp];0
[Push(E,E), NoOp, NoOp, NoOp];0
[Push(E,E), NoOp, NoOp, NoOp];1
[Move(W), NoOp, NoOp, NoOp];31
[Move(W), NoOp, NoOp, NoOp];0
[Move(W), NoOp, NoOp, NoOp];0
[Move(W), NoOp, NoOp, NoOp];0
[Move(W), NoOp, NoOp, NoOp];0
[Move(W), NoOp, NoOp, NoOp];1
[Move(W), NoOp, NoOp, NoOp];0
[Move(W), NoOp, NoOp, NoOp];0
[Move(W), NoOp, NoOp, NoOp];0
[Move(W), NoOp, NoOp, NoOp];1
[Move(W), NoOp, NoOp, NoOp];0
[Move(W), NoOp, NoOp, NoOp];0
[Move(S), NoOp, NoOp, NoOp];0
[Move(S), NoOp, NoOp, NoOp];0
[Move(S), NoOp, NoOp, NoOp];0
[Move(S), NoOp, NoOp, NoOp];0
[Move(S), NoOp, NoOp, NoOp];0
[Move(S), NoOp, NoOp, NoOp];0
[Move(S), NoOp, NoOp, NoOp];1
[Move(S), NoOp, NoOp, NoOp];0
[Move(S), NoOp, NoOp, NoOp];0
[Move(S), NoOp, NoOp, NoOp];0
[Move(S), NoOp, NoOp, NoOp];0
[Move(S), NoOp, NoOp, NoOp];1
[Move(S), NoOp, NoOp, NoOp];0
[Move(S), NoOp, NoOp, NoOp];0
[Move(S), NoOp, NoOp, NoOp];0
[Move(S), NoOp, NoOp, NoOp];0
[Move(S), NoOp, NoOp, NoOp];0
[Move(S), NoOp, NoOp, NoOp];0
[Move(S), NoOp, NoOp, NoOp];0
[Move(S), NoOp, NoOp, NoOp];0
[Move(S), NoOp, NoOp, NoOp];1
[Move(E), NoOp, NoOp, NoOp];0
[Move(E), NoOp, NoOp, NoOp];0
[Move(N), NoOp, NoOp, NoOp];0
[Move(N), NoOp, NoOp, NoOp];0
[Move(N), NoOp, NoOp, NoOp];1
[Move(N), NoOp, NoOp, NoOp];0
[Move(N), NoOp, NoOp, NoOp];0
[Pull(S,N), NoOp, NoOp, NoOp];0
[Pull(S,N), NoOp, NoOp, NoOp];0
[Pull(S,N), NoOp, NoOp, NoOp];0
[Pull(S,N), NoOp, NoOp, NoOp];0
[Pull(S,N), NoOp, NoOp, NoOp];0
[Pull(E,N), NoOp, NoOp, NoOp];1
[Push(W,W), NoOp, NoOp, NoOp];0
[Push(W,W), NoOp, NoOp, NoOp];0
[Push(W,N), NoOp, NoOp, NoOp];0
[Push(N,N), NoOp, NoOp, NoOp];0
[Push(N,N), NoOp, NoOp, NoOp];0
[Push(N,N), NoOp, NoOp, NoOp];0
[Push(N,N), NoOp, NoOp, NoOp];0
[Push(N,N), NoOp, NoOp, NoOp];1
[Push(N,N), NoOp, NoOp, NoOp];0
[Push(N,N), NoOp, NoOp, NoOp];0
[Push(N,N), NoOp, NoOp, NoOp];0
[Push(N,N), NoOp, NoOp, NoOp];1
[Push(N,N), NoOp, NoOp, NoOp];0
[Push(N,N), NoOp, NoOp, NoOp];0
[Push(N,N), NoOp, NoOp, NoOp];0
[Push(N,N), NoOp, NoOp, NoOp];1
[Push(N,N), NoOp, NoOp, NoOp];0
[Push(N,N), NoOp, NoOp, NoOp];0
[Push(N,N), NoOp, NoOp, NoOp];0
[Push(N,N), NoOp, NoOp, NoOp];0
[Push(N,N), NoOp, NoOp, NoOp];0
[Push(N,N), NoOp, NoOp, NoOp];0
[Push(N,N), NoOp, NoOp, NoOp];0
[Push(N,E), NoOp, NoOp, NoOp];1
[Push(E,E), NoOp, NoOp, NoOp];0
[Push(E,E), NoOp, NoOp, NoOp];0
[Push(E,E), NoOp, NoOp, NoOp];0
[Push(E,E), NoOp, NoOp, NoOp];1
[Push(E,E), NoOp, NoOp, NoOp];0
[Push(E,E), NoOp, NoOp, NoOp];0
[Push(E,E), NoOp, NoOp, NoOp];0
[Push(E,E), NoOp, NoOp, NoOp];1
[Push(E,E), NoOp, NoOp, NoOp];0
[Move(W), NoOp, NoOp, NoOp];29
[Move(W), NoOp, NoOp, NoOp];0
[Move(W), NoOp, NoOp, NoOp];1
[Move(W), NoOp, NoOp, NoOp];0
[Move(W), NoOp, NoOp, NoOp];0
[Move(W), NoOp, NoOp, NoOp];0
[Move(W), NoOp, NoOp, NoOp];0
[Move(W), NoOp, NoOp, NoOp];0
[Move(W), NoOp, NoOp, NoOp];0
[Move(S), NoOp, NoOp, NoOp];0
[Move(S), NoOp, NoOp, NoOp];0
[Move(S), NoOp, NoOp, NoOp];1
[Move(S), NoOp, NoOp, NoOp];0
[Move(S), NoOp, NoOp, NoOp];0
[Move(S), NoOp, NoOp, NoOp];2
[Move(S), NoOp, NoOp, NoOp];2
[Move(S), NoOp, NoOp, NoOp];0
[Move(S), NoOp, NoOp, NoOp];0
[Move(S), NoOp, NoOp, NoOp];0
[Move(S), NoOp, NoOp, NoOp];1
[Move(S), NoOp, NoOp, NoOp];0
[Move(S), NoOp, NoOp, NoOp];0
[Move(S), NoOp, NoOp, NoOp];0
[Move(S), NoOp, NoOp, NoOp];0
[Move(S), NoOp, NoOp, NoOp];0
[Move(S), NoOp, NoOp, NoOp];1
[Move(S), NoOp, NoOp, NoOp];0
[Move(S), NoOp, NoOp, NoOp];0
[Move(S), NoOp, NoOp, NoOp];0
[Move(S), NoOp, NoOp, NoOp];0
[Move(E), NoOp, NoOp, NoOp];0
[Move(E), NoOp, NoOp, NoOp];0
[Move(N), NoOp, NoOp, NoOp];1
[Move(N), NoOp, NoOp, NoOp];0
[Move(N), NoOp, NoOp, NoOp];0
[Move(N), NoOp, NoOp, NoOp];0
[Move(N), NoOp, NoOp, NoOp];0
[Move(N), NoOp, NoOp, NoOp];0
[Pull(S,N), NoOp, NoOp, NoOp];0
[Pull(S,N), NoOp, NoOp, NoOp];0
[Pull(S,N), NoOp, NoOp, NoOp];0
[Pull(S,N), NoOp, NoOp, NoOp];1
[Pull(S,N), NoOp, NoOp, NoOp];0
[Pull(S,N), NoOp, NoOp, NoOp];1
[Pull(E,N), NoOp, NoOp, NoOp];0
[Push(W,W), NoOp, NoOp, NoOp];0
[Push(W,W), NoOp, NoOp, NoOp];1
[Push(W,N), NoOp, NoOp, NoOp];0
[Push(N,N), NoOp, NoOp, NoOp];0
[Push(N,N), NoOp, NoOp, NoOp];1
[Push(N,N), NoOp, NoOp, NoOp];0
[Push(N,N), NoOp, NoOp, NoOp];0
[Push(N,N), NoOp, NoOp, NoOp];1
[Push(N,N), NoOp, NoOp, NoOp];0
[Push(N,N), NoOp, NoOp, NoOp];0
[Push(N,N), NoOp, NoOp, NoOp];1
[Push(N,N), NoOp, NoOp, NoOp];0
[Push(N,N), NoOp, NoOp, NoOp];0
[Push(N,N), NoOp, NoOp, NoOp];1
[Push(N,N), NoOp, NoOp, NoOp];0
[Push(N,N), NoOp, NoOp, NoOp];0
[Push(N,N), NoOp, NoOp, NoOp];1
[Push(N,N), NoOp, NoOp, NoOp];0
[Push(N,N), NoOp, NoOp, NoOp];0
[Push(N,N), NoOp, NoOp, NoOp];0
[Push(N,N), NoOp, NoOp, NoOp];0
[Push(N,N), NoOp, NoOp, NoOp];0
[Push(N,N), NoOp, NoOp, NoOp];1
[Push(N,E), NoOp, NoOp, NoOp];0
[Push(E,E), NoOp, NoOp, NoOp];0
[Push(E,E), NoOp, NoOp, NoOp];1
[Push(E,E), NoOp, NoOp, NoOp];0
[Push(E,E), NoOp, NoOp, NoOp];0
[Push(E,E), NoOp, NoOp, NoOp];1
[NoOp, NoOp, Move(E), NoOp];40
[NoOp, NoOp, Move(E), NoOp];0
[NoOp, NoOp, Move(E), NoOp];0
[NoOp, NoOp, Move(E), NoOp];0
[NoOp, NoOp, Move(E), NoOp];0
[NoOp, NoOp, Move(E), NoOp];0
[NoOp, NoOp, Move(N), NoOp];0
[NoOp, NoOp, Move(N), NoOp];1
[NoOp, NoOp, Move(N), NoOp];0
[NoOp, NoOp, Move(N), NoOp];0
[NoOp, NoOp, Move(E), NoOp];0
[NoOp, NoOp, Move(N), NoOp];0
[NoOp, NoOp, Move(N), NoOp];0
[NoOp, NoOp, Move(N), NoOp];0
[NoOp, NoOp, Move(N), NoOp];0
[NoOp, NoOp, Move(N), NoOp];0
[NoOp, NoOp, Move(N), NoOp];0
[NoOp, NoOp, Move(N), NoOp];0
[NoOp, NoOp, Move(N), NoOp];0
[NoOp, NoOp, Move(N), NoOp];1
[NoOp, NoOp, Move(N), NoOp];0
[NoOp, NoOp, Move(N), NoOp];0
[NoOp, NoOp, Move(N), NoOp];0
[NoOp, NoOp, Move(N), NoOp];0
[NoOp, NoOp, Move(N), NoOp];0
[NoOp, NoOp, Move(N), NoOp];0
[NoOp, NoOp, Move(W), NoOp];0
[NoOp, NoOp, Move(W), NoOp];0
[NoOp, NoOp, Move(W), NoOp];1
[NoOp, NoOp, Move(W), NoOp];0
[NoOp, NoOp, Move(W), NoOp];0
[NoOp, NoOp, Move(W), NoOp];0
[NoOp, NoOp, Move(W), NoOp];1
[NoOp, NoOp, Move(W), NoOp];1
[NoOp, NoOp, Move(S), NoOp];0
[NoOp, NoOp, Move(W), NoOp];0
[NoOp, NoOp, Move(W), NoOp];0
[NoOp, NoOp, Move(W), NoOp];0
[NoOp, NoOp, Move(W), NoOp];0
[NoOp, NoOp, Pull(W,N), NoOp];1
[NoOp, NoOp, Push(N,E), NoOp];0
[NoOp, NoOp, Move(S), NoOp];0
[NoOp, NoOp, Pull(N,E), NoOp];1
[NoOp, NoOp, Push(E,S), NoOp];0
[NoOp, NoOp, Push(S,E), NoOp];0
[NoOp, NoOp, Push(E,E), NoOp];0
[NoOp, NoOp, Push(E,E), NoOp];0
[NoOp, NoOp, Push(E,E), NoOp];1
[NoOp, NoOp, Push(E,N), NoOp];0
[NoOp, NoOp, Push(N,E), NoOp];0
[NoOp, NoOp, Push(E,E), NoOp];1
[NoOp, NoOp, Push(E,E), NoOp];0
[NoOp, NoOp, Push(E,E), NoOp];0
[NoOp, NoOp, Push(E,E), NoOp];1
[NoOp, NoOp, Push(E,E), NoOp];0
[NoOp, NoOp, Push(E,E), NoOp];0
[NoOp, NoOp, Push(E,E), NoOp];1
[NoOp, NoOp, Push(E,S), NoOp];0
[NoOp, NoOp, Push(S,S), NoOp];0
[NoOp, NoOp, Push(S,S), NoOp];1
[NoOp, NoOp, Push(S,S), NoOp];0
[NoOp, NoOp, Push(S,S), NoOp];0
[NoOp, NoOp, Push(S,S), NoOp];0
[NoOp, NoOp, Push(S,S), NoOp];1
[NoOp, NoOp, Push(S,S), NoOp];0
[NoOp, NoOp, Push(S,S), NoOp];0
[NoOp, NoOp, Push(S,S), NoOp];0
[NoOp, NoOp, Push(S,S), NoOp];1
[NoOp, NoOp, Push(S,S), NoOp];0
[NoOp, NoOp, Push(S,S), NoOp];0
[NoOp, NoOp, Push(S,S), NoOp];0
[NoOp, NoOp, Push(S,S), NoOp];1
[NoOp, NoOp, Push(S,W), NoOp];0
[NoOp, NoOp, Push(W,W), NoOp];0
[NoOp, NoOp, Push(W,W), NoOp];0
[NoOp, NoOp, Push(W,W), NoOp];0
[NoOp, NoOp, Push(W,W), NoOp];1
[NoOp, NoOp, Push(W,W), NoOp];0
[NoOp, NoOp, Push(W,W), NoOp];0
[NoOp, NoOp, Push(W,W), NoOp];0
[NoOp, NoOp, Push(W,W), NoOp];0
[NoOp, NoOp, Push(W,W), NoOp];0
[NoOp, NoOp, Push(W,W), NoOp];0
[NoOp, NoOp, Push(W,W), NoOp];0
[NoOp, NoOp, Push(W,W), NoOp];1
[NoOp, NoOp, Push(W,W), NoOp];1
[NoOp, NoOp, Push(W,W), NoOp];0
[NoOp, NoOp, Push(W,W), NoOp];0
[NoOp, NoOp, Push(W,W), NoOp];0
[NoOp, NoOp, Push(W,W), NoOp];0
[NoOp, NoOp, Push(W,W), NoOp];1
[NoOp, NoOp, Push(W,W), NoOp];0
[NoOp, NoOp, Push(W,W), NoOp];0
[NoOp, NoOp, Push(W,W), NoOp];0
[NoOp, NoOp, Push(W,W), NoOp];1
[NoOp, NoOp, Push(W,W), NoOp];0
[NoOp, NoOp, Push(W,W), NoOp];0
[NoOp, NoOp, Push(W,N), NoOp];0
[NoOp, NoOp, Push(N,N), NoOp];0
[NoOp, NoOp, Push(N,W), NoOp];0
[NoOp, NoOp, Push(W,W), NoOp];0
[NoOp, NoOp, Push(W,N), NoOp];0
[NoOp, NoOp, Push(N,N), NoOp];0
[NoOp, NoOp, Push(N,N), NoOp];1
[NoOp, NoOp, Push(N,N), NoOp];0
[NoOp, NoOp, Push(N,N), NoOp];0
[NoOp, NoOp, Push(N,N), NoOp];0
[NoOp, NoOp, Push(N,N), NoOp];1
[NoOp, NoOp, Push(N,N), NoOp];0
[NoOp, NoOp, Push(N,E), NoOp];0
[NoOp, NoOp, Push(E,E), NoOp];0
[NoOp, NoOp, Push(E,S), NoOp];0
[NoOp, NoOp, Push(S,S), NoOp];0
[NoOp, NoOp, NoOp, Move(W)];112
[NoOp, NoOp, NoOp, Move(W)];1
[NoOp, NoOp, NoOp, Move(W)];0
[NoOp, NoOp, NoOp, Move(W)];0
[NoOp, NoOp, NoOp, Move(W)];0
[NoOp, NoOp, NoOp, Move(W)];0
[NoOp, NoOp, NoOp, Move(W)];1
[NoOp, NoOp, NoOp, Move(W)];0
[NoOp, NoOp, NoOp, Move(W)];0
[NoOp, NoOp, NoOp, Move(W)];0
[NoOp, NoOp, NoOp, Move(W)];0
[NoOp, NoOp, NoOp, Move(S)];0
[NoOp, NoOp, NoOp, Pull(N,S)];1
[NoOp, NoOp, NoOp, Push(S,W)];0
[NoOp, NoOp, NoOp, Push(W,N)];0
[NoOp, NoOp, NoOp, Push(N,W)];0
[NoOp, NoOp, NoOp, Push(W,W)];1
[NoOp, NoOp, NoOp, Push(W,W)];0
[NoOp, NoOp, NoOp, Push(W,W)];0
[NoOp, NoOp, NoOp, Push(W,W)];0
[NoOp, NoOp, NoOp, Push(W,W)];0
[NoOp, NoOp, NoOp, Push(W,W)];1
[NoOp, NoOp, NoOp, Push(W,W)];0
[NoOp, NoOp, NoOp, Push(W,W)];0
[NoOp, NoOp, NoOp, Push(W,W)];0
[NoOp, NoOp, NoOp, Push(W,W)];0
[NoOp, NoOp, NoOp, Push(W,W)];1
[NoOp, NoOp, NoOp, Push(W,W)];0
[NoOp, NoOp, NoOp, Push(W,W)];0
[NoOp, NoOp, NoOp, Push(W,W)];0
[NoOp, NoOp, NoOp, Push(W,W)];0
[NoOp, NoOp, NoOp, Push(W,N)];0
[NoOp, NoOp, NoOp, Push(N,N)];0
[NoOp, NoOp, NoOp, Push(N,N)];0
[NoOp, NoOp, NoOp, Push(N,N)];0
[NoOp, NoOp, NoOp, Push(N,N)];0
[NoOp, NoOp, NoOp, Push(N,N)];0
[NoOp, NoOp, NoOp, Push(N,N)];0
[NoOp, NoOp, NoOp, Push(N,N)];0
[NoOp, NoOp, NoOp, Push(N,N)];0
[NoOp, NoOp, NoOp, Push(N,N)];0
[NoOp, NoOp, NoOp, Push(N,N)];0
[NoOp, NoOp, NoOp, Push(N,N)];1
[NoOp, NoOp, NoOp, Push(N,N)];0
[NoOp, NoOp, NoOp, Push(N,N)];0
[NoOp, NoOp, NoOp, Push(N,W)];0
[NoOp, NoOp, NoOp, Push(W,W)];0
[NoOp, NoOp, NoOp, Push(W,W)];1
[NoOp, NoOp, NoOp, Push(W,W)];0
[NoOp, NoOp, NoOp, Push(W,W)];0
[NoOp, NoOp, NoOp, Push(W,W)];0
[NoOp, NoOp, NoOp, Push(W,W)];0
[NoOp, NoOp, NoOp, Push(W,W)];1
[NoOp, NoOp, NoOp, Push(W,W)];0
[NoOp, NoOp, NoOp, Push(W,W)];0
[NoOp, NoOp, NoOp, Push(W,W)];0
[NoOp, NoOp, NoOp, Push(W,W)];0
[NoOp, NoOp, NoOp, Push(W,W)];0
[NoOp, NoOp, NoOp, Push(W,W)];0
[NoOp, NoOp, NoOp, Push(W,W)];0
[NoOp, NoOp, NoOp, Push(W,W)];0
[NoOp, NoOp, NoOp, Push(W,W)];0
[NoOp, NoOp, NoOp, Push(W,W)];1
[NoOp, NoOp, NoOp, Push(W,W)];0
[NoOp, NoOp, NoOp, Push(W,S)];0
[NoOp, NoOp, NoOp, Push(S,S)];0
[NoOp, NoOp, NoOp, Push(S,S)];0
[NoOp, NoOp, NoOp, Push(S,S)];0
[NoOp, NoOp, NoOp, Push(S,S)];1
[NoOp, NoOp, NoOp, Push(S,S)];0
[NoOp, NoOp, NoOp, Push(S,S)];0
[NoOp, NoOp, NoOp, Push(S,S)];0
[NoOp, NoOp, NoOp, Push(S,S)];1
[NoOp, NoOp, NoOp, Push(S,S)];0
[NoOp, NoOp, NoOp, Push(S,S)];0
[NoOp, NoOp, NoOp, Push(S,S)];0
[NoOp, NoOp, NoOp, Push(S,S)];0
[NoOp, NoOp, NoOp, Push(S,S)];0
[NoOp, NoOp, NoOp, Push(S,S)];1
[NoOp, NoOp, NoOp, Push(S,S)];0
[NoOp, NoOp, NoOp, Push(S,W)];0
[NoOp, NoOp, NoOp, Push(W,W)];0
[NoOp, NoOp, NoOp, Push(W,N)];0
[NoOp, NoOp, NoOp, Push(N,N)];0
[NoOp, NoOp, NoOp, Push(N,N)];0
[NoOp, NoOp, NoOp, Push(N,N)];0
[NoOp, NoOp, NoOp, Push(N,N)];0
[NoOp, NoOp, NoOp, Push(N,N)];1
[NoOp, NoOp, NoOp, Push(N,N)];0
[NoOp, NoOp, NoOp, Push(N,N)];0
[NoOp, NoOp, NoOp, Push(N,N)];0
[NoOp, NoOp, NoOp, Push(N,N)];0
[NoOp, NoOp, NoOp, Push(N,N)];1
[NoOp, NoOp, NoOp, Push(N,N)];0
[NoOp, NoOp, NoOp, Push(N,N)];0
[NoOp, NoOp, NoOp, Push(N,N)];0
[NoOp, NoOp, NoOp, Push(N,N)];0
[NoOp, NoOp, NoOp, Push(N,N)];0
[NoOp, NoOp, NoOp, Push(N,N)];0
[NoOp, NoOp, NoOp, Push(N,N)];0
[NoOp, NoOp, NoOp, Push(N,E)];0
[NoOp, NoOp, NoOp, Push(E,E)];1
[NoOp, NoOp, NoOp, Push(E,E)];0
[NoOp, NoOp, NoOp, Push(E,E)];0
[NoOp, NoOp, NoOp, Push(E,E)];0
[NoOp, NoOp, NoOp, Push(E,E)];1
[NoOp, NoOp, NoOp, Push(E,E)];0
[NoOp, NoOp, NoOp, Push(E,E)];0
[NoOp, NoOp, NoOp, Push(E,E)];0
[NoOp, NoOp, NoOp, Push(E,E)];0
[NoOp, NoOp, NoOp, Push(E,E)];0
[NoOp, NoOp, NoOp, Push(E,E)];0
[NoOp, NoOp, NoOp, Push(E,E)];0
[NoOp, NoOp, NoOp, Push(E,E)];0
[NoOp, NoOp, NoOp, Push(E,E)];0
[NoOp, NoOp, NoOp, Push(E,E)];0
[NoOp, NoOp, NoOp, Push(E,E)];0
[NoOp, NoOp, NoOp, Push(E,E)];0
[NoOp, NoOp, NoOp, Push(E,E)];0
[NoOp, NoOp, NoOp, Push(E,E)];0
[NoOp, NoOp, NoOp, Push(E,E)];0
[NoOp, NoOp, NoOp, Push(E,E)];0
[NoOp, NoOp, NoOp, Push(E,E)];0
[NoOp, NoOp, NoOp, Push(E,E)];0
[NoOp, NoOp, NoOp, Push(E,E)];0
[NoOp, NoOp, NoOp, Push(E,E)];0
[NoOp, NoOp, NoOp, Push(E,E)];0
[NoOp, NoOp, NoOp, Push(E,E)];0
[NoOp, NoOp, NoOp, Push(E,E)];0
[NoOp, NoOp, NoOp, Push(E,E)];0
[NoOp, NoOp, NoOp, Push(E,E)];0
[NoOp, NoOp, NoOp, Push(E,E)];0
[NoOp, NoOp, NoOp, Push(E,E)];0
[NoOp, NoOp, NoOp, Push(E,E)];1
[NoOp, NoOp, NoOp, Push(E,S)];0
[NoOp, NoOp, NoOp, Push(S,S)];0
[NoOp, NoOp, NoOp, Push(S,S)];1
[NoOp, NoOp, NoOp, Push(S,S)];1
[NoOp, NoOp, NoOp, Push(S,W)];1
[NoOp, NoOp, NoOp, Push(W,W)];0
[NoOp, NoOp, NoOp, Push(W,W)];0
[NoOp, NoOp, NoOp, Push(W,W)];0
[NoOp, NoOp, NoOp, Push(W,S)];0
[NoOp, NoOp, NoOp, Push(S,S)];0
[NoOp, NoOp, NoOp, Push(S,S)];0
[NoOp, NoOp, NoOp, Push(S,S)];0
[NoOp, NoOp, NoOp, Push(S,S)];0
[NoOp, NoOp, NoOp, Push(S,S)];1
[NoOp, NoOp, NoOp, Push(S,S)];0
[NoOp, NoOp, NoOp, Push(S,S)];0
[NoOp, NoOp, NoOp, Push(S,E)];0
[NoOp, NoOp, NoOp, Push(E,E)];0
[NoOp, NoOp, NoOp, Push(E,N)];0
b8f8c643bd45d2b30fa2d104aa923fbfdb3fa04a
unsuccessful
1002
880
ada78ff7d897ad580c45095a7c52a4e8266e92bf
1495021316660
