red: 0,A
cyan: 1,C
yellow: 2,B
blue: 3,D
magenta: 4,M
orange: 5,I
pink: 6,N
green: 7,J
+++++++++++++++++
+ +1+ +3+ +5+n+7+
+ + + + + + + + +
+ + + + + + + + +++
+0AC B D M I N J a+
+ + + + + + + + +++
+ + + + + + + + +
+ + +2+ +4+ +6+c+
+++++++++++++++++

[NoOp, NoOp, NoOp, NoOp, NoOp, NoOp, Move(N), NoOp];79
[NoOp, NoOp, NoOp, NoOp, NoOp, NoOp, Move(N), NoOp];1
[NoOp, NoOp, NoOp, NoOp, NoOp, NoOp, Push(N,N), NoOp];0
[NoOp, NoOp, NoOp, NoOp, NoOp, NoOp, Push(N,N), NoOp];0
[NoOp, NoOp, NoOp, NoOp, NoOp, NoOp, Push(N,N), NoOp];1
7c1f45a0600593fa6854169a8f8842953b0f2b53
unsuccessful
81
5
f26bae0bdb08d043bd000ec423e4a51fda49adc1
1495022870633
