++++++++++++++++++++++++++++++++
+k0            W              c+
+                              +
+              E               +
+  ++++++++++++++++++++++++++  +
+  +           R            +  +
+o +                        + r+
+  +           O            +  +
+                              +
+  +           C            +  +
+  +                        +  +
+e ++++++++++++K+++++++++++++ w+
+                              +
++++++++++++++++++++++++++++++++

[Move(E)];7568
[Move(E)];1
[Move(S)];0
[Move(S)];0
[Move(W)];1
[Move(W)];0
[Move(S)];1
[Move(S)];0
[Move(S)];0
[Move(S)];1
[Move(S)];0
[Move(E)];1
[Move(E)];0
[Move(E)];0
[Move(E)];1
[Move(E)];0
[Move(E)];1
[Move(E)];0
[Move(E)];0
[Move(E)];1
[Move(E)];0
[Move(E)];0
[Move(E)];1
[Move(S)];0
[Move(S)];0
[Move(E)];11
[Push(S,S)];0
[Push(S,W)];1
[Push(W,W)];0
[Push(W,W)];1
[Push(W,W)];0
[Push(W,W)];0
[Push(W,W)];1
[Push(W,W)];0
[Push(W,W)];1
[Push(W,W)];0
[Push(W,W)];0
[Push(W,W)];2
[Push(W,W)];0
[Push(W,W)];1
[Push(W,N)];0
[Push(N,N)];1
[Push(N,N)];1
[Push(N,N)];0
[Push(N,N)];2
[Push(N,N)];2
[Push(N,N)];1
[Push(N,N)];0
[Push(N,N)];6
[Push(N,N)];0
[Push(N,N)];1
[Push(N,W)];0
[Move(E)];6794
[Move(E)];0
[Move(S)];0
[Move(S)];1
[Move(W)];0
[Move(W)];0
[Move(S)];0
[Move(S)];1
[Move(S)];0
[Move(S)];0
[Move(S)];0
[Move(E)];1
[Move(E)];0
[Move(N)];0
[Move(E)];0
[Move(E)];1
[Move(E)];0
[Move(E)];0
[Move(E)];0
[Move(E)];1
[Move(E)];0
[Move(E)];0
[Move(E)];0
[Move(E)];1
[Push(E,S)];0
[Push(S,W)];0
[Push(W,W)];0
[Push(W,W)];1
[Push(W,W)];0
[Push(W,W)];0
[Push(W,W)];0
[Push(W,W)];1
[Push(W,W)];0
[Push(W,W)];0
[Push(W,W)];1
[Push(W,W)];0
[Push(W,W)];0
[Push(W,W)];0
[Push(W,N)];0
[Push(N,N)];0
[Push(N,W)];0
[Move(N)];10
[Move(N)];1
[Move(N)];2
[Move(E)];4
[Move(E)];3
[Move(E)];4
[Move(E)];3
[Move(E)];1
[Move(E)];0
[Move(E)];0
[Move(E)];3
[Move(E)];0
[Move(E)];0
[Move(E)];4
[Move(E)];3
[Pull(W,E)];0
[Pull(W,E)];0
[Pull(W,E)];9
[Pull(W,E)];3
[Pull(W,E)];2
[Pull(W,E)];2
[Pull(W,E)];2
[Pull(W,E)];0
[Pull(W,E)];0
[Pull(W,E)];9
[Pull(W,E)];1
[Pull(W,E)];1
[Pull(W,E)];0
[Push(E,S)];13
[Push(S,S)];3
[Push(S,S)];1
[Push(S,S)];5
[Push(S,W)];3
[Push(W,S)];4
[Push(S,S)];3
[Push(S,S)];7
[Push(S,S)];4
[Move(N)];7
[Move(E)];7
[Move(N)];4
[Move(E)];4
[Move(E)];6
[Move(E)];4
[Move(E)];5
[Move(E)];0
[Move(E)];0
[Move(E)];3
[Move(E)];3
[Move(E)];8
[Move(E)];5
[Move(E)];7
[Move(E)];7
[Move(E)];5
[Push(S,E)];3
[Push(E,N)];4
[Push(N,E)];7
[Push(E,E)];4
[Push(E,E)];0
[Push(E,E)];0
[Push(E,E)];1
[Push(E,E)];0
[Push(E,E)];3
[Push(E,E)];0
[Push(E,E)];0
[Push(E,E)];0
[Push(E,E)];4
[Push(E,E)];0
[Push(E,E)];0
[Push(E,N)];0
[Push(N,N)];7
[Push(N,N)];1
[Push(N,N)];1
[Push(N,N)];1
[Push(N,N)];2
[Push(N,N)];3
[Push(N,E)];1
[Move(W)];294
[Move(W)];0
[Move(W)];0
[Move(S)];1
[Move(S)];0
[Move(E)];0
[Move(E)];0
[Move(E)];1
[Move(S)];1
[Move(S)];0
[Move(S)];0
[Move(S)];1
[Move(S)];0
[Move(W)];0
[Move(W)];0
[Move(N)];1
[Move(N)];0
[Move(N)];0
[Move(W)];0
[Move(W)];1
[Move(W)];0
[Move(W)];1
[Move(W)];0
[Move(W)];1
[Move(W)];0
[Move(W)];0
[Move(W)];0
[Move(W)];1
[Move(W)];0
[Push(W,S)];0
[Push(S,E)];0
[Push(E,E)];1
[Push(E,E)];0
[Push(E,E)];0
[Push(E,E)];0
[Push(E,E)];1
[Push(E,E)];0
[Push(E,E)];0
[Push(E,E)];4
[Push(E,E)];0
[Push(E,E)];0
[Push(E,E)];2
[Push(E,S)];0
[Push(S,S)];0
[Push(S,E)];1
[Push(E,E)];13
[Push(E,N)];0
[Push(N,N)];0
[Push(N,E)];0
[Move(N)];4
[Move(N)];0
[Move(N)];0
[Move(N)];1
[Move(N)];0
[Move(W)];0
[Move(W)];0
[Move(W)];0
[Move(W)];0
[Move(W)];0
[Move(W)];1
[Move(W)];0
[Move(W)];0
[Move(W)];0
[Move(W)];0
[Move(W)];0
[Move(W)];0
[Move(W)];0
[Push(W,S)];0
[Push(S,E)];0
[Push(E,E)];0
[Push(E,E)];0
[Push(E,E)];0
[Push(E,E)];0
[Push(E,E)];0
[Push(E,E)];1
[Push(E,E)];0
[Push(E,E)];0
[Push(E,E)];0
[Push(E,E)];0
[Push(E,E)];0
[Push(E,E)];0
[Push(E,E)];4
[Push(E,E)];0
[Push(E,S)];1
[Push(S,S)];0
[Push(S,S)];0
[Push(S,W)];0
[Push(W,S)];0
[Push(S,S)];1
[Push(S,E)];0
[Push(E,S)];0
[Push(S,S)];0
[Push(S,S)];0
[Push(S,S)];0
1ecfc96706de7da18ed094747f211732ca5704d1
successful
14977
263
063df1e913eab94337d39af1cae9d426ecf962b5
1495024712632
