++++++++++++++
++a+c+e+g+i+k+
+0KJIHGFEDCBA+
++b+d+f+h+j+++
++++++++++++++

[Push(E,S)];23379
[Pull(W,E)];0
[Push(E,N)];0
[Pull(E,S)];1
[Push(E,N)];0
[Pull(W,E)];0
[Push(E,S)];0
[Move(E)];1
[Push(E,N)];0
[Pull(W,E)];1
[Push(E,S)];0
[Pull(E,S)];0
[Push(E,S)];0
[Pull(W,E)];0
[Push(E,N)];0
[Move(E)];0
[Push(E,S)];1
[Pull(W,E)];0
[Pull(W,E)];0
[Pull(W,E)];0
[Push(W,S)];1
[Move(E)];1
[Pull(W,E)];1
[Pull(W,E)];0
[Pull(W,E)];1
[Pull(W,E)];0
[Push(W,W)];0
[Move(E)];0
[Push(E,E)];1
[Push(E,E)];0
[Push(E,E)];0
[Pull(W,N)];0
[Move(W)];0
[Pull(E,S)];1
[Push(W,W)];0
[Move(E)];0
[Push(E,N)];0
[Pull(W,E)];0
[Pull(W,E)];1
[Push(W,W)];0
[Move(E)];0
[Pull(S,E)];0
[Push(N,W)];1
[Move(E)];0
[Move(E)];0
[Pull(W,N)];0
[Push(E,E)];0
[Push(E,E)];1
[Move(W)];0
[Move(W)];0
[Move(W)];0
[Pull(E,N)];0
[Pull(E,W)];1
[Pull(E,W)];0
[Push(W,N)];0
[Pull(W,S)];0
[Move(W)];0
[Pull(E,W)];0
[Push(W,N)];0
[Move(W)];1
[Pull(E,W)];0
[Pull(S,W)];0
[Push(N,E)];0
[Pull(S,N)];0
[Push(N,W)];1
[Push(W,W)];0
[Push(W,S)];0
dc0682bc11a36f77421d1442b50cfa14d2413e03
unsuccessful
23395
67
0ed51671b63551b0dde7bb69b85d8c25b2fd66e4
1495029329272
