++++++++++++++++++++++
+g A +i+h+ E  +P    p+
++     +      a      +
++0    c  F  +++    I+
++G    +B     b  Y  ++
+f   X +S     + H   e+
+++ ++++++z+++++++ +++
+x  p+s      F+w     +
++  +++++         W  +
+P A +ZC    f + WWS A+
++++++++++ +++++++++++
       ++   ++
       ++   ++
      ++++ ++++
       ++   ++
        ++ ++
        ++ ++
    +++++ L +++++
    ++H + l + M++
    ++ V+   +D ++
    +++++++++++++

[Move(E)];125
[Move(E)];0
[Move(E)];0
[Move(E)];0
[Move(E)];1
[Move(E)];0
[Move(E)];1
[Move(S)];0
[Move(E)];1
[Move(S)];0
[Move(S)];1
[Move(S)];0
[Move(S)];1
[Move(S)];0
[Move(S)];1
[Move(S)];0
[Move(S)];0
[Move(S)];1
[Move(S)];0
[Move(S)];1
[Move(S)];0
[Push(S,S)];1
[Move(N)];16
[Move(N)];2
[Move(N)];5
[Move(N)];0
[Move(N)];1
[Move(N)];0
[Move(N)];0
[Move(N)];1
[Move(N)];0
[Move(N)];0
[Move(N)];1
[Move(N)];0
[Move(N)];0
[Move(E)];0
[Move(N)];0
[Move(N)];1
[Push(N,E)];0
[Push(E,E)];0
[Push(E,S)];1
[Push(S,E)];0
[Push(E,E)];1
[Push(E,E)];0
[Push(E,E)];0
[Push(E,E)];1
[Push(E,E)];0
[Push(E,S)];0
[Push(S,S)];1
[Push(S,S)];0
[Push(S,E)];0
[Move(N)];8
[Move(N)];0
[Move(N)];1
[Move(N)];0
[Move(W)];0
[Move(W)];0
[Move(W)];1
[Pull(E,W)];0
[Pull(E,W)];0
[Pull(E,W)];1
[Pull(E,W)];0
[Push(W,S)];0
[Push(S,E)];1
[Move(S)];0
[Pull(N,E)];0
[Push(E,N)];1
[Move(W)];19
[Move(W)];0
[Move(S)];0
[Move(S)];0
[Move(S)];1
[Move(S)];0
[Move(S)];0
[Move(W)];0
[Move(W)];0
[Move(S)];1
[Push(S,W)];3
[Push(W,N)];0
[Push(N,N)];0
[Move(W)];7
[Move(W)];5
[Move(W)];0
[Move(N)];1
[Move(W)];0
[Move(W)];0
[Move(N)];0
[Move(N)];1
[Move(W)];0
[Pull(E,W)];0
[Pull(E,W)];1
[Push(W,S)];1
[Push(S,S)];1
[Push(S,W)];0
[Push(W,W)];0
[Push(W,W)];1
[Push(W,W)];0
[Move(E)];2
[Move(E)];0
[Move(E)];1
[Move(E)];0
[Move(E)];0
[Push(E,S)];0
[Push(S,W)];1
[Push(W,S)];0
[Move(E)];13
[Move(E)];1
[Move(E)];0
[Move(E)];0
[Move(E)];0
[Move(N)];0
[Move(E)];1
[Move(E)];0
[Move(E)];0
[Move(S)];0
[Push(S,W)];0
[Push(W,N)];1
[Push(N,N)];0
[Push(N,W)];0
[Push(W,N)];0
[Push(N,N)];1
[Push(N,N)];0
[Push(N,N)];0
[Push(N,N)];0
[Push(N,W)];1
[Push(W,W)];0
[Push(W,W)];1
[Push(W,W)];0
[Move(E)];63
[Move(S)];1
[Move(S)];7
[Move(W)];0
[Move(W)];0
[Move(W)];0
[Move(W)];0
[Move(W)];1
[Move(W)];1
[Move(W)];0
[Pull(E,W)];0
[Pull(E,W)];0
[Pull(E,W)];0
[Push(W,N)];1
[Move(W)];0
[Pull(E,N)];0
[Push(N,E)];1
[Push(E,S)];0
[Push(S,E)];1
[Push(E,E)];0
[Move(W)];50
[Move(W)];7
[Move(S)];0
[Move(W)];0
[Move(S)];0
[Move(S)];0
[Move(W)];0
[Move(S)];2
[Move(S)];0
[Move(W)];1
[Pull(E,W)];0
[Pull(N,W)];0
[Push(S,E)];2
[Move(W)];6
[Move(W)];0
[Pull(E,W)];0
[Pull(E,W)];0
[Pull(N,W)];1
[Pull(N,S)];0
[Push(S,E)];0
[Push(E,N)];4
[Push(N,N)];0
[Move(E)];3513
[Move(E)];1
[Move(E)];0
[Move(S)];0
[Move(E)];0
[Move(E)];0
[Move(E)];0
[Move(N)];3
[Move(E)];0
[Move(E)];0
[Move(N)];0
[Move(N)];1
[Move(W)];0
[Push(W,N)];1
[Push(N,N)];0
[Push(N,N)];0
[Push(N,N)];0
[Move(W)];0
[Pull(N,W)];1
[Push(E,S)];0
[Move(E)];0
[Move(S)];0
[Pull(E,W)];0
[Pull(E,W)];1
[Push(W,S)];0
[Move(E)];0
[Pull(W,S)];0
[Push(S,W)];0
[Pull(E,W)];0
[Push(W,N)];1
[Move(E)];0
[Pull(W,N)];0
[Push(N,W)];0
[Push(W,W)];0
[Push(W,N)];1
[Pull(S,N)];0
[Pull(S,N)];0
[Pull(S,N)];3
[Move(E)];3
[Pull(W,N)];1
[Push(N,N)];0
[Push(N,N)];0
[Push(N,N)];0
[Push(N,W)];1
[Move(S)];0
[Pull(N,W)];0
[Push(W,S)];0
[Push(S,W)];0
[Push(W,W)];0
[Push(W,W)];0
[Push(W,W)];1
[Push(W,W)];0
[Push(W,W)];0
[Push(W,W)];0
[Push(W,N)];0
[Move(E)];2
[Move(E)];0
[Move(E)];0
[Move(E)];0
[Move(E)];0
[Move(E)];0
[Move(E)];0
[Push(E,N)];0
[Pull(S,N)];0
[Push(N,W)];0
[Push(W,W)];0
[Move(E)];2
[Move(S)];0
[Move(S)];1
[Move(W)];0
[Pull(S,W)];0
[Pull(E,N)];1
[Move(N)];0
[Move(W)];0
[Move(W)];0
[Move(W)];0
[Move(W)];1
[Move(W)];0
[Move(S)];0
[Move(W)];0
[Move(W)];0
[Move(W)];0
[Move(N)];1
[Move(N)];0
[Move(W)];0
[Move(W)];0
[Move(W)];1
[Move(S)];1
[Push(S,W)];0
[Push(W,W)];0
[Push(W,S)];0
[Push(S,S)];0
[Push(S,W)];4
[Push(W,W)];0
[Move(E)];2
[Move(N)];1
[Move(N)];0
[Move(E)];0
[Move(E)];0
[Move(E)];0
[Move(N)];0
[Move(N)];0
[Move(E)];1
[Move(E)];2
[Move(E)];0
[Move(E)];0
[Move(E)];0
[Move(E)];0
[Move(S)];0
[Move(E)];0
[Move(E)];1
[Move(E)];0
[Move(E)];0
[Move(S)];0
[Push(W,N)];0
[Push(N,W)];0
[Move(E)];35
[Move(E)];0
[Move(E)];0
[Move(S)];0
[Move(S)];0
[Move(S)];1
[Move(W)];0
[Move(W)];0
[Move(S)];0
[Move(W)];0
[Move(W)];0
[Move(W)];0
[Move(W)];0
[Move(W)];0
[Move(W)];0
[Move(N)];0
[Pull(W,N)];0
[Pull(S,E)];0
[Move(E)];0
[Move(N)];0
[Move(N)];0
[Move(N)];0
[Move(W)];0
[Move(W)];0
[Move(N)];0
[Move(N)];1
[Move(W)];0
[Move(W)];0
[Move(W)];0
[Move(W)];0
[Move(W)];0
[Move(S)];0
[Move(S)];0
[Move(S)];0
[Move(S)];1
[Move(W)];0
[Move(S)];0
[Move(S)];0
[Pull(N,W)];1
[Pull(N,S)];0
[Push(S,E)];0
[Push(E,N)];0
[Push(N,E)];1
[Move(N)];1
[Move(N)];0
[Move(E)];0
[Move(E)];1
[Move(E)];0
[Move(N)];0
[Move(N)];0
[Move(E)];0
[Move(E)];0
[Move(E)];0
[Move(S)];1
[Move(S)];0
[Move(E)];0
[Move(S)];0
[Move(S)];0
[Pull(E,W)];0
[Push(W,N)];1
[Move(E)];1728
[Move(E)];0
[Move(E)];0
[Move(S)];0
[Move(E)];1
[Move(E)];0
[Move(E)];0
[Move(N)];0
[Move(E)];0
[Move(E)];0
[Move(N)];0
[Move(N)];0
[Move(N)];0
[Move(N)];0
[Push(E,N)];0
[Push(N,W)];1
[Push(W,W)];0
[Push(W,W)];0
[Push(W,N)];0
[Move(W)];0
[Pull(N,W)];0
[Push(E,S)];0
[Move(E)];0
[Move(S)];0
[Push(W,N)];0
[Pull(S,N)];1
[Pull(S,N)];0
[Pull(S,N)];0
[Push(N,W)];0
[Move(S)];0
[Pull(N,E)];0
[Pull(E,S)];0
[Push(W,N)];0
[Pull(E,W)];0
[Pull(E,W)];0
[Push(W,N)];0
[Push(N,N)];0
[Push(N,W)];0
[Pull(E,W)];0
[Push(W,S)];0
[Move(W)];1
[Pull(E,S)];0
[Pull(N,S)];0
[Move(W)];0
[Pull(E,S)];0
[Push(S,W)];0
[Move(N)];0
[Pull(S,W)];0
[Push(W,N)];1
[Push(N,W)];0
[Move(S)];0
[Pull(N,W)];0
[Push(W,S)];0
[Push(S,W)];0
[Push(W,W)];0
[Push(W,W)];0
[Push(W,W)];1
[Push(W,W)];0
[Push(W,W)];0
[Push(W,W)];0
[Push(W,S)];0
[Push(S,W)];0
[Push(W,W)];0
[Push(W,N)];0
[Push(N,N)];0
[Move(S)];2
[Move(E)];0
[Move(E)];0
[Move(N)];0
[Move(E)];1
[Move(E)];0
[Move(E)];0
[Move(E)];0
[Move(E)];0
[Move(E)];0
[Move(E)];0
[Push(E,N)];0
[Pull(S,N)];0
[Push(N,W)];1
[Push(W,W)];0
[Move(E)];8
[Move(S)];0
[Move(S)];0
[Move(W)];0
[Pull(S,W)];0
[Pull(E,N)];0
[Move(N)];0
[Move(W)];0
[Move(W)];0
[Move(W)];0
[Move(W)];0
[Move(W)];0
[Move(N)];0
[Move(W)];0
[Move(W)];0
[Move(W)];0
[Move(W)];1
[Move(W)];0
[Move(W)];0
[Move(W)];0
[Move(W)];0
[Move(W)];0
[Pull(N,S)];0
[Pull(N,S)];0
[Push(S,E)];0
[Move(N)];0
[Pull(S,E)];0
[Push(E,N)];1
[Move(W)];0
[Pull(E,N)];0
[Push(N,W)];0
[Push(W,W)];0
[Move(E)];1
[Move(E)];3
[Move(S)];0
[Move(E)];0
[Move(E)];0
[Move(S)];0
[Move(E)];0
[Move(E)];0
[Move(E)];0
[Move(E)];0
[Move(E)];0
[Move(E)];0
[Move(S)];0
[Move(E)];0
[Move(E)];0
[Move(E)];0
[Move(E)];0
[Move(S)];0
[Push(W,N)];0
[Push(N,W)];0
[Pull(S,W)];4
[Pull(E,N)];0
[Move(N)];0
[Move(W)];0
[Move(W)];1
[Move(W)];0
[Move(W)];0
[Move(W)];0
[Push(W,N)];0
[Push(N,W)];0
[Push(W,W)];0
[Push(W,W)];0
[Push(W,W)];1
[Push(W,W)];0
[Push(W,W)];1
[Push(W,W)];1
[Push(W,W)];0
[Push(W,S)];0
[Push(S,S)];0
[Push(S,W)];1
[Move(E)];1
[Move(E)];0
[Move(E)];0
[Move(E)];0
[Move(N)];1
[Move(N)];0
[Move(E)];0
[Move(E)];1
[Move(E)];0
[Move(E)];0
[Move(E)];0
[Move(E)];0
[Move(S)];1
[Move(E)];0
[Move(E)];0
[Move(E)];0
[Move(E)];0
[Move(S)];0
[Push(W,N)];0
[Push(N,W)];0
[Move(S)];52
[Move(E)];0
[Move(E)];0
[Move(E)];0
[Move(S)];0
[Move(S)];0
[Move(W)];0
[Move(W)];0
[Move(S)];0
[Move(W)];0
[Move(W)];0
[Move(W)];0
[Move(W)];1
[Move(W)];0
[Move(W)];0
[Pull(N,S)];0
[Pull(E,N)];0
[Pull(S,W)];0
[Push(W,N)];0
[Push(N,N)];0
[Push(N,N)];0
[Push(N,N)];0
[Push(N,N)];0
[Push(N,W)];0
[Push(W,W)];0
[Push(W,W)];0
[Move(E)];0
[Move(E)];1
[Move(E)];0
[Move(S)];0
[Move(S)];0
[Move(W)];0
[Move(S)];0
[Move(S)];0
[Pull(W,E)];0
[Push(E,N)];1
bf4df3382c5bfcda7d8ebec87fb6648aa171c897
successful
5809
554
891c671fa4ba4f00d0489043b05d4dce78fcee5c
1495026238861
