+++++++++++++++++++
+                 +
+       +++       +
+   ++   0   ++   +
+       +++       +
+  +++++++++++++  +
+       +++       +
+      +b a+      +
+                 +
+  +++++++++++++  +
+      B+++A      +
+   ++       ++   +
+       +++       +
+                 +
+++++++++++++++++++

[Move(E)];277
[Move(E)];0
[Move(S)];0
[Move(E)];1
[Move(E)];0
[Move(E)];1
[Move(E)];0
[Move(E)];1
[Move(S)];1
[Move(S)];1
[Move(W)];0
[Move(W)];1
[Move(W)];0
[Move(W)];1
[Move(S)];1
[Move(S)];1
[Move(E)];3
[Move(E)];1
[Move(E)];1
[Move(E)];1
[Move(S)];0
[Move(S)];0
[Move(W)];10
[Move(W)];0
[Move(W)];1
[Move(W)];4
[Move(S)];0
[Move(W)];1
[Push(N,E)];0
[Push(E,E)];0
[Push(E,E)];1
[Push(E,E)];0
[Push(E,E)];0
[Push(E,N)];1
[Push(N,N)];0
[Push(N,W)];7
[Push(W,W)];0
[Push(W,W)];1
[Push(W,W)];0
[Push(W,W)];0
[Push(W,W)];1
[Push(W,N)];0
[Move(W)];8
[Move(W)];0
[Move(W)];1
[Move(W)];0
[Move(W)];0
[Move(W)];1
[Move(W)];0
[Move(W)];0
[Move(S)];0
[Move(S)];1
[Move(E)];0
[Move(E)];0
[Move(E)];0
[Move(E)];1
[Move(S)];7
[Move(E)];0
[Push(N,W)];1
[Push(W,W)];0
[Push(W,W)];6
[Push(W,W)];0
[Push(W,W)];1
[Push(W,N)];0
[Push(N,N)];0
[Push(N,E)];1
[Push(E,E)];0
[Push(E,E)];0
[Push(E,E)];1
[Push(E,E)];0
[Push(E,E)];0
[Push(E,N)];0
f8251f59708140610ad215118cba59f807fe4dfd
successful
348
72
a314c759e2dc1d369fa1b03d85beb07de6f339fe
1495024727660
