++++++++++++++++++++++++++++++++
+  B   ++++++++++++++++++   0  +
+      ++++++++++++++++++      +
+      a         b          A  +
+      ++++++++++++++++++      +
+  C   ++++++++++++++++++  c   +
++++++++++++++++++++++++++++++++

[Move(S)];119
[Push(S,W)];0
[Push(W,W)];1
[Push(W,W)];0
[Push(W,W)];0
[Push(W,W)];0
[Push(W,W)];0
[Push(W,W)];0
[Push(W,W)];1
[Push(W,W)];0
[Push(W,W)];1
[Push(W,W)];0
[Push(W,W)];1
[Push(W,W)];0
[Push(W,W)];1
[Push(W,W)];0
[Push(W,W)];1
[Push(W,W)];0
[Push(W,W)];2
[Push(W,W)];0
[Push(W,W)];1
[Push(W,W)];0
[Push(W,W)];29
[Push(W,S)];0
[Move(W)];1
[Move(W)];0
[Move(W)];0
[Move(S)];1
[Push(S,E)];0
[Push(E,N)];0
[Push(N,N)];0
[Push(N,E)];0
[Push(E,E)];1
[Push(E,E)];0
[Push(E,E)];0
[Push(E,E)];1
[Push(E,E)];0
[Push(E,E)];1
[Push(E,E)];0
[Push(E,E)];1
[Push(E,E)];0
[Push(E,E)];0
[Push(E,E)];1
[Push(E,E)];0
[Push(E,E)];1
[Push(E,E)];0
[Push(E,E)];2
[Push(E,E)];0
[Push(E,E)];0
[Push(E,E)];0
[Push(E,E)];0
[Push(E,E)];3
[Push(E,E)];0
[Push(E,E)];1
[Push(E,S)];0
[Push(S,S)];1
[Move(W)];7
[Move(W)];2
[Move(N)];1
[Move(W)];1
[Move(W)];0
[Move(W)];0
[Move(W)];3
[Move(W)];2
[Move(W)];0
[Move(W)];1
[Move(W)];0
[Move(W)];2
[Move(W)];1
[Move(W)];0
[Move(W)];0
[Move(W)];1
[Move(W)];0
[Move(W)];0
[Move(W)];1
[Move(W)];0
[Move(W)];0
[Move(W)];1
[Pull(N,S)];0
[Push(S,E)];0
[Move(N)];111
[Move(N)];4
[Move(W)];2
[Move(W)];2
[Push(W,S)];2
[Push(S,E)];5
[Push(E,E)];4
[Push(E,E)];4
[Push(E,S)];3
[Push(S,W)];6
[Pull(S,E)];8
[Pull(W,N)];5
[Push(N,E)];1
[Push(E,E)];4
[Push(E,E)];4
[Push(E,E)];3
[Push(E,E)];1
[Push(E,E)];0
[Push(E,E)];1
[Push(E,E)];0
[Push(E,E)];6
[Push(E,E)];1
[Push(E,E)];1
[Push(E,E)];1
[Move(W)];3
[Move(W)];5
[Move(W)];1
[Move(W)];2
[Move(W)];0
[Move(W)];1
[Move(W)];0
[Move(W)];0
[Move(W)];0
[Move(W)];4
[Pull(N,S)];5
[Push(S,E)];1
28f65f20a7a05594249fd8891d3825e2b2244491
successful
396
116
9dc3316977f303567bd1c3224b589930bc36922b
1495024093763
