++++++++++++++
+A    ++++AAA+
+ ++        a+
++++  A   + A+
++A+0+++  + ++
++++++aaa  a++
++a+Aa  + + ++
+   +aaaa  A +
+B  +aa   A  +
+cA +  +++   +
+C+ +++      +
+b+  AAA     +
++++++++++++++

[Move(N)];9227
[Move(N)];0
[Move(E)];0
[Move(E)];0
[Move(E)];0
[Move(S)];1
[Move(E)];0
[Move(S)];0
[Move(S)];0
[Move(W)];1
[Move(W)];0
[Move(S)];0
[Move(W)];1
[Pull(S,W)];0
[Move(S)];0
[Move(E)];1
[Move(E)];0
[Move(E)];0
[Move(E)];1
[Pull(W,E)];0
[Push(E,N)];0
[Move(E)];1
[Move(S)];0
[Move(S)];0
[Move(W)];1
[Move(W)];0
[Move(W)];0
[Push(S,E)];0
[Pull(N,W)];0
[Move(E)];0
[Pull(W,S)];0
[Push(S,E)];1
[Move(W)];0
[Push(W,W)];0
[Push(W,W)];1
[Push(W,N)];0
[Push(N,N)];1
[Push(N,N)];0
[Push(N,N)];1
[Push(N,W)];0
[Push(W,N)];0
[Move(W)];208
[Push(S,E)];0
[Move(S)];1
[Pull(N,S)];0
[Move(N)];2
[Move(E)];0
[Push(S,W)];1
[Move(N)];0
[Pull(W,N)];0
[Push(S,E)];1
[Move(N)];0
[Pull(S,E)];0
[Push(E,E)];0
[Push(E,S)];1
[Move(W)];0
[Pull(E,S)];0
[Push(S,W)];1
[Move(N)];0
[Pull(S,W)];0
[Push(W,N)];0
[Push(N,N)];1
[Move(W)];0
[Pull(E,N)];0
[Push(N,W)];1
[Pull(E,W)];0
[Push(W,S)];0
[Move(E)];0
[Pull(W,S)];1
[Move(W)];0
[Pull(E,S)];0
[Push(S,W)];0
[Move(S)];0
[Pull(N,W)];0
[Push(W,S)];0
[Push(S,S)];1
[Push(S,S)];1
[Move(N)];5
[Move(N)];0
[Push(N,E)];1
[Push(E,N)];0
[Move(S)];28
[Move(E)];3
[Move(S)];1
[Move(S)];0
[Move(S)];1
[Move(E)];0
[Move(E)];1
[Move(E)];0
[Move(E)];0
[Move(N)];0
[Push(E,E)];0
[Push(E,E)];1
[Move(S)];0
[Move(E)];1
[Move(E)];0
[Move(N)];0
[Move(N)];1
[Move(N)];3
[Move(W)];1
[Move(N)];0
[Push(W,N)];0
[Push(N,N)];2
[Push(N,W)];1
[Move(S)];15
[Move(S)];0
[Move(W)];0
[Move(W)];0
[Move(N)];1
[Move(W)];0
[Pull(E,W)];1
[Push(W,N)];0
[Push(N,E)];1
[Pull(S,E)];14
[Move(S)];44
[Move(E)];0
[Move(E)];1
[Move(E)];0
[Move(N)];0
[Move(N)];6
[Move(N)];1
[Move(N)];1
[Move(W)];0
[Move(W)];0
[Pull(E,W)];1
[Pull(E,W)];13
[Push(W,S)];0
[Push(S,E)];0
[Push(E,S)];1
[Push(S,S)];0
[Push(S,S)];0
[Push(S,W)];0
[Push(W,W)];1
[Push(W,N)];0
[Push(N,N)];0
[Move(S)];4
[Move(E)];0
[Move(E)];0
[Move(E)];1
[Pull(W,E)];0
[Pull(W,E)];12
[Pull(W,E)];0
[Pull(W,E)];0
[Move(S)];15
[Move(E)];5
[Move(E)];0
[Move(N)];0
[Move(E)];0
[Move(N)];0
[Move(N)];0
[Move(N)];0
[Move(N)];0
[Move(N)];0
[Move(E)];0
[Move(E)];1
[Move(S)];0
[Push(E,N)];0
[Move(W)];15
[Move(N)];8
[Pull(S,N)];0
[Move(E)];1
[Pull(W,N)];0
[Push(N,E)];0
[Move(N)];0
[Push(W,S)];0
[Push(S,E)];1
[Push(E,S)];15
[Push(S,S)];0
[Push(S,S)];1
[Move(N)];11
[Move(N)];1
[Move(W)];0
[Move(W)];0
[Move(S)];0
[Move(S)];1
[Move(S)];0
[Move(S)];0
[Move(S)];0
[Move(E)];1
[Move(S)];1
[Move(S)];0
[Pull(N,S)];0
[Pull(N,S)];0
[Push(S,W)];0
[Push(W,W)];1
[Push(W,W)];0
[Push(W,W)];0
[Push(W,N)];0
[Push(N,N)];0
[Push(N,W)];1
[Move(S)];18
[Move(S)];1
[Move(E)];0
[Move(E)];0
[Move(N)];0
[Move(E)];0
[Move(N)];0
[Move(N)];1
[Move(N)];0
[Move(N)];0
[Move(N)];0
[Move(E)];0
[Move(E)];0
[Pull(N,E)];0
[Push(E,S)];0
[Move(W)];0
[Pull(E,S)];0
[Push(S,W)];1
[Push(W,W)];1
[Push(W,W)];0
[Push(W,S)];0
[Push(S,S)];0
[Push(S,S)];1
[Push(S,S)];0
[Push(S,S)];0
[Push(S,W)];0
[Move(N)];4
[Move(N)];0
[Move(N)];2
[Move(N)];0
[Move(N)];0
[Move(E)];0
[Move(E)];1
[Push(N,E)];0
[Push(E,S)];0
[Pull(W,S)];13
[Move(S)];0
[Move(S)];0
[Pull(N,E)];1
[Pull(N,S)];0
[Push(S,W)];0
[Push(W,W)];0
[Push(W,W)];0
[Push(W,S)];0
[Push(S,S)];1
[Push(S,E)];0
[Push(E,S)];0
[Push(S,S)];0
[Push(S,S)];0
[Push(S,S)];1
[Push(S,W)];0
[Push(W,W)];10
[Push(W,W)];0
[Push(W,N)];7
[Move(E)];3
[Move(E)];1
[Move(E)];0
[Move(N)];12
[Move(N)];0
[Move(N)];0
[Move(N)];0
[Move(N)];1
[Move(N)];0
[Move(E)];0
[Move(N)];0
[Move(E)];0
[Push(E,S)];0
[Move(W)];23
[Move(W)];0
[Move(S)];0
[Move(W)];0
[Move(W)];0
[Move(S)];1
[Move(S)];0
[Move(E)];0
[Move(S)];0
[Move(S)];0
[Move(S)];0
[Move(S)];1
[Move(E)];1
[Move(S)];0
[Move(S)];1
[Move(W)];0
[Move(W)];0
[Push(S,E)];0
[Push(E,N)];0
[Push(N,E)];0
[Push(E,N)];1
[Push(N,N)];0
[Push(N,W)];0
[Push(W,W)];1
[Push(W,W)];0
[Push(W,W)];1
[Push(W,W)];0
[Push(W,N)];0
[Move(E)];8
[Move(E)];13
[Move(E)];0
[Move(E)];0
[Move(N)];0
[Move(N)];0
[Move(N)];1
[Move(N)];0
[Move(N)];0
[Move(N)];0
[Move(W)];0
[Move(W)];0
[Move(W)];0
[Move(W)];0
[Move(N)];0
[Move(W)];1
[Move(W)];0
[Move(W)];0
[Pull(E,W)];0
[Pull(E,W)];0
[Pull(E,W)];0
[Push(W,S)];0
[Push(S,E)];0
[Push(E,E)];0
[Push(E,E)];0
[Push(E,E)];0
[Push(E,S)];0
[Push(S,S)];0
[Push(S,E)];1
[Push(E,S)];0
[Push(S,S)];0
[Push(S,S)];0
[Push(S,S)];0
[Push(S,W)];0
[Push(W,W)];0
[Push(W,W)];0
[Move(E)];12
[Move(E)];0
[Move(E)];0
[Move(S)];0
[Move(S)];0
[Move(W)];0
[Move(W)];1
[Move(W)];0
[Move(S)];0
[Move(W)];0
[Move(W)];0
[Move(W)];0
[Move(W)];1
[Move(N)];0
[Move(N)];0
[Move(N)];0
[Pull(S,N)];0
[Push(N,W)];0
[Move(S)];1
[Pull(N,W)];0
[Push(W,S)];0
[Move(E)];0
[Pull(W,S)];0
[Push(S,E)];0
[Push(E,S)];1
[Push(S,S)];0
[Push(S,E)];0
[Push(E,E)];0
[Push(E,E)];0
[Push(E,E)];0
[Push(E,N)];0
[Push(N,E)];0
[Push(E,E)];0
[Push(E,E)];0
[Push(E,N)];0
[Push(N,N)];0
[Push(N,W)];0
[Push(W,W)];0
[Move(N)];0
[Pull(S,W)];0
[Push(W,N)];0
[Move(W)];0
[Pull(E,N)];1
[Push(N,W)];0
[Move(S)];0
[Pull(N,W)];0
[Push(W,S)];0
[Move(E)];0
[Pull(W,S)];0
[Pull(N,S)];0
[Move(W)];1
[Pull(E,S)];0
[Push(S,W)];0
[Move(S)];1
[Pull(N,W)];0
[Move(N)];1
[Pull(S,W)];0
[Push(W,S)];0
[Push(S,W)];0
[Push(E,N)];0
[Move(W)];0
[Move(N)];1
[Pull(N,E)];0
[Push(E,S)];0
[Push(S,S)];36
[Move(N)];4
[Move(W)];1
[Pull(E,S)];0
[Move(S)];0
[Pull(W,S)];1
[Move(S)];0
[Move(E)];0
[Move(E)];0
[Move(E)];0
[Push(N,N)];1
[Push(N,N)];0
[Push(N,N)];1
[Push(N,W)];0
[Move(S)];0
[Pull(N,W)];0
[Push(W,S)];2
[Move(E)];0
[Pull(W,S)];1
[Push(S,E)];0
[Push(E,S)];0
[Push(S,S)];0
[Push(S,S)];0
[Push(S,W)];1
[Push(W,W)];1
[Push(W,W)];1
[Move(E)];2
[Move(E)];14
[Move(N)];1
[Move(N)];1
[Move(N)];0
[Push(N,W)];0
[Push(W,S)];0
[Pull(E,S)];53
[Pull(S,W)];0
[Move(S)];0
[Move(S)];1
[Pull(S,W)];0
[Pull(W,N)];0
[Move(W)];0
[Pull(E,N)];0
[Pull(N,W)];0
[Move(W)];8
[Move(N)];0
[Push(W,S)];0
[Move(E)];2
[Move(S)];0
[Move(E)];0
[Move(E)];0
[Move(N)];0
[Move(N)];0
[Push(N,W)];1
[Push(W,S)];0
[Move(E)];1
[Move(S)];0
[Move(S)];1
[Move(S)];0
[Pull(W,S)];0
[Push(S,W)];0
[Push(W,N)];0
[Move(E)];1
[Move(E)];0
[Push(N,W)];0
[Move(S)];2
[Move(E)];0
[Move(S)];0
[Move(S)];1
[Move(W)];0
[Move(W)];0
[Move(W)];0
[Move(S)];0
[Move(W)];0
[Move(W)];0
[Move(W)];0
[Move(W)];1
[Move(N)];0
[Move(N)];0
[Push(N,W)];0
[Push(W,W)];0
[Push(W,S)];0
479c1b98c43f4b5841d835fa5154dc3cbde96e1a
successful
10000
465
4de28ce77cf33d558d8973f9b81d5d22eb600b91
1495022860588
