red: 0,A
blue: 1,B
cyan: 2,C
yellow: 3,D
pink: 4,E
++++++++++++++++
+++++DB+B+++2+++
++++++A+C+++B+++
++c++          +
+cdebA CCC    0+
++cE+          +
+++4++C+++++A+++
++++++3+++++1+++
++++++++++++++++

[Move(W), NoOp, NoOp, NoOp, NoOp];171
[Move(W), NoOp, NoOp, NoOp, NoOp];0
[Move(S), NoOp, NoOp, NoOp, NoOp];1
[Pull(N,S), NoOp, NoOp, NoOp, NoOp];0
[Push(S,W), NoOp, NoOp, NoOp, NoOp];0
[Push(W,W), NoOp, NoOp, NoOp, NoOp];0
[Move(N), Move(N), NoOp, NoOp, NoOp];10
[Move(W), Move(N), NoOp, NoOp, NoOp];0
[Move(N), Move(N), NoOp, NoOp, NoOp];0
[Move(W), Move(N), NoOp, NoOp, NoOp];1
[Move(W), Pull(W,N), NoOp, NoOp, NoOp];1
[Move(W), Push(E,E), NoOp, NoOp, NoOp];0
[Move(W), Push(E,E), NoOp, NoOp, NoOp];0
[Move(S), NoOp, NoOp, NoOp, NoOp];0
[Push(W,S), NoOp, NoOp, NoOp, NoOp];0
[Move(E), NoOp, NoOp, NoOp, NoOp];0
[Move(S), NoOp, NoOp, NoOp, NoOp];1
[NoOp, NoOp, Move(S), NoOp, NoOp];2
[NoOp, NoOp, Move(S), NoOp, NoOp];0
[NoOp, NoOp, Move(S), NoOp, NoOp];0
[NoOp, NoOp, Move(W), NoOp, NoOp];0
[NoOp, NoOp, Move(W), NoOp, NoOp];1
[NoOp, NoOp, Move(N), NoOp, NoOp];0
[NoOp, NoOp, Move(W), NoOp, NoOp];0
[NoOp, NoOp, Move(W), NoOp, NoOp];0
[NoOp, NoOp, Move(W), NoOp, NoOp];0
[NoOp, NoOp, Move(W), NoOp, NoOp];0
[NoOp, NoOp, Move(S), NoOp, NoOp];0
[NoOp, NoOp, Push(E,N), NoOp, NoOp];0
[NoOp, NoOp, Push(N,W), NoOp, NoOp];0
[NoOp, NoOp, Push(W,W), NoOp, NoOp];1
[NoOp, NoOp, Push(W,S), NoOp, NoOp];0
[NoOp, NoOp, Push(S,W), NoOp, NoOp];0
[NoOp, NoOp, Push(W,W), NoOp, NoOp];0
[NoOp, NoOp, Push(W,W), NoOp, NoOp];0
[NoOp, NoOp, Push(W,N), NoOp, NoOp];0
[NoOp, NoOp, Move(E), NoOp, NoOp];1
[NoOp, NoOp, Move(E), NoOp, NoOp];0
[NoOp, NoOp, Move(E), NoOp, NoOp];0
[NoOp, NoOp, Move(E), NoOp, NoOp];0
[NoOp, NoOp, Move(E), NoOp, NoOp];1
[NoOp, NoOp, Move(N), NoOp, NoOp];0
[NoOp, NoOp, Move(E), NoOp, NoOp];0
[NoOp, NoOp, Push(S,W), NoOp, NoOp];0
[NoOp, NoOp, Push(W,W), NoOp, NoOp];0
[NoOp, NoOp, Push(W,W), NoOp, NoOp];0
[NoOp, NoOp, Push(W,W), NoOp, NoOp];1
[NoOp, NoOp, Push(W,W), NoOp, NoOp];0
[NoOp, NoOp, Push(W,W), NoOp, NoOp];0
[NoOp, NoOp, Push(W,W), NoOp, NoOp];1
[Move(E), NoOp, NoOp, NoOp, NoOp];4
[Move(E), NoOp, NoOp, NoOp, NoOp];0
[NoOp, NoOp, Move(E), NoOp, NoOp];2
[NoOp, NoOp, Move(E), NoOp, NoOp];0
[NoOp, NoOp, Move(E), NoOp, NoOp];1
[NoOp, NoOp, Move(E), NoOp, NoOp];0
[NoOp, NoOp, Move(S), NoOp, NoOp];0
[NoOp, NoOp, Pull(N,S), NoOp, NoOp];0
[NoOp, NoOp, Push(S,E), NoOp, NoOp];0
[NoOp, NoOp, Push(E,N), NoOp, NoOp];0
[NoOp, NoOp, Push(N,N), NoOp, NoOp];0
[NoOp, NoOp, Push(N,W), NoOp, NoOp];0
[NoOp, NoOp, Push(W,W), NoOp, NoOp];1
[NoOp, NoOp, Push(W,S), NoOp, NoOp];0
[NoOp, NoOp, Push(S,W), NoOp, NoOp];0
[NoOp, NoOp, Push(W,W), NoOp, NoOp];0
[NoOp, NoOp, Push(W,W), NoOp, NoOp];0
[NoOp, NoOp, Push(W,S), NoOp, NoOp];0
[Move(N), NoOp, NoOp, NoOp, NoOp];80
[Move(N), NoOp, NoOp, NoOp, NoOp];0
[Move(W), NoOp, NoOp, NoOp, NoOp];1
[Move(W), NoOp, NoOp, NoOp, NoOp];0
[Pull(E,N), NoOp, NoOp, NoOp, NoOp];0
[Push(W,S), NoOp, NoOp, NoOp, NoOp];0
[Push(S,S), NoOp, NoOp, NoOp, NoOp];0
[Push(S,S), NoOp, NoOp, NoOp, NoOp];0
[NoOp, Move(W), NoOp, NoOp, NoOp];5
[Pull(N,S), Move(W), NoOp, NoOp, NoOp];1
[Push(S,E), Move(W), NoOp, NoOp, NoOp];0
[Push(E,E), Move(W), NoOp, NoOp, NoOp];0
[NoOp, Move(W), NoOp, NoOp, NoOp];0
[NoOp, Move(W), NoOp, NoOp, NoOp];0
[NoOp, Move(W), NoOp, NoOp, NoOp];0
[NoOp, Move(N), NoOp, NoOp, NoOp];0
[NoOp, Pull(S,N), NoOp, NoOp, NoOp];0
[NoOp, Pull(S,N), NoOp, NoOp, NoOp];1
[NoOp, Push(N,E), NoOp, NoOp, NoOp];0
[NoOp, Push(E,E), NoOp, NoOp, NoOp];0
[NoOp, NoOp, Move(E), NoOp, NoOp];2
[NoOp, NoOp, Move(E), NoOp, NoOp];0
[NoOp, NoOp, Move(E), NoOp, NoOp];0
[NoOp, NoOp, Move(E), NoOp, NoOp];0
[NoOp, NoOp, Move(E), NoOp, NoOp];2
[NoOp, NoOp, NoOp, Move(N), NoOp];0
[NoOp, NoOp, NoOp, Move(N), NoOp];0
[NoOp, NoOp, NoOp, Move(N), NoOp];1
[NoOp, NoOp, NoOp, Move(N), NoOp];0
[NoOp, NoOp, NoOp, Move(N), NoOp];0
[NoOp, NoOp, NoOp, Move(N), NoOp];0
[NoOp, NoOp, NoOp, Pull(S,W), NoOp];0
[NoOp, NoOp, NoOp, Pull(S,N), NoOp];1
[NoOp, NoOp, NoOp, Pull(W,N), NoOp];0
[NoOp, NoOp, NoOp, Push(E,S), NoOp];0
[NoOp, NoOp, NoOp, Push(S,W), NoOp];0
[NoOp, NoOp, NoOp, Push(W,W), NoOp];0
[NoOp, NoOp, NoOp, Push(W,W), NoOp];1
[NoOp, NoOp, NoOp, Push(W,W), NoOp];0
[NoOp, NoOp, NoOp, Move(E), NoOp];1
[NoOp, NoOp, NoOp, NoOp, Push(N,N)];0
[NoOp, NoOp, Move(W), Move(E), NoOp];2
[NoOp, NoOp, Move(E), NoOp, NoOp];2
[Move(W), NoOp, NoOp, NoOp, NoOp];4
[NoOp, NoOp, Move(S), Move(N), NoOp];2
[NoOp, NoOp, NoOp, Move(E), NoOp];2
[NoOp, NoOp, NoOp, Move(S), NoOp];0
[NoOp, NoOp, NoOp, Move(N), NoOp];2
[NoOp, Push(E,S), NoOp, NoOp, NoOp];1
[NoOp, Push(S,W), NoOp, NoOp, NoOp];0
[NoOp, Push(W,W), NoOp, NoOp, NoOp];0
[NoOp, Push(W,W), NoOp, NoOp, NoOp];0
[NoOp, Push(W,W), NoOp, NoOp, NoOp];0
700e847355fec3684b13a278211d17506a9e6a20
successful
312
121
f5a7aaf71b31e5e4e25a70c5ac8daa630faa9f75
1495030768457
