red: 0,A,E
green: 1,B
cyan: 2,C,D
+++++++++++++++++++++++++++++++++
+0    +               1         +
+ + + +++++++++++++++++++ + + + +
+ a B +         c   +   b     A +
+ + + + +++++++++++++++++ + + + +
+             2C                +
+++ +++++++++++++++++++++++++ +++
+++             Dd            +++
+++ +++++++++++++++++++++++++ +++
+++             eE            +++
+++ +++++++++++++++++++++++++ +++
+++             Bb            +++
+++ +++++++++++++++++++++++++ +++
+++             Bb            +++
+++ +++++++++++++++++++++++++ +++
+++             Bb            +++
+++++++++++++++++++++++++++++++++

[Move(S), Move(E), NoOp];394
[Move(S), Move(E), Pull(W,E)];0
[Move(E), Move(E), Pull(W,E)];0
[Move(E), Move(E), Pull(W,E)];0
[Move(S), Move(E), Pull(W,E)];0
[Move(S), Move(E), Pull(W,E)];1
[Move(S), Move(E), Pull(W,E)];0
[Move(S), Move(S), Pull(W,E)];0
[Move(S), Move(S), Pull(N,E)];0
[Move(S), Move(S), Pull(N,S)];0
[Move(E), Move(S), Pull(E,S)];0
[Move(E), Move(S), Pull(E,W)];0
[Move(E), Move(S), Pull(E,W)];0
[Move(E), Move(S), Pull(E,W)];0
[Move(E), Move(S), Pull(E,W)];0
[Move(E), Move(S), Pull(E,W)];0
[Move(E), Move(S), Pull(E,W)];0
[Move(E), Move(W), Pull(E,W)];0
[Move(E), Move(W), Pull(E,W)];1
[Move(E), Move(W), Pull(E,W)];0
[Move(E), Move(W), NoOp];0
[Move(E), Move(W), NoOp];0
[Move(E), Move(W), NoOp];0
[Pull(W,E), Move(W), NoOp];0
[NoOp, Move(W), NoOp];0
[NoOp, Move(W), NoOp];0
[NoOp, Move(W), NoOp];0
[NoOp, Move(W), NoOp];0
[NoOp, Move(W), NoOp];0
[NoOp, Pull(E,W), NoOp];0
[NoOp, Move(E), Push(W,W)];10
[NoOp, Move(E), Push(W,W)];0
[NoOp, Move(E), Push(W,W)];0
[NoOp, Move(E), Push(W,W)];0
[NoOp, Move(E), Push(W,W)];0
[NoOp, Move(E), Push(W,W)];0
[NoOp, Move(E), Push(W,W)];0
[NoOp, Move(E), Push(W,W)];0
[NoOp, Move(E), Push(W,W)];0
[NoOp, Move(E), Push(W,S)];0
[NoOp, Move(E), Push(S,S)];0
[NoOp, Move(S), Push(S,E)];0
[NoOp, Move(S), Move(W)];0
[NoOp, Move(W), Move(W)];0
[NoOp, Move(W), Move(W)];0
[NoOp, Move(W), Move(W)];0
[NoOp, Move(W), Move(S)];0
[NoOp, Move(W), Move(S)];0
[NoOp, Move(W), Move(E)];0
[NoOp, Move(W), Move(E)];0
[NoOp, Move(W), Move(E)];0
[NoOp, Move(W), Move(E)];0
[NoOp, Move(W), Move(E)];0
[NoOp, Move(W), Move(E)];0
[NoOp, Move(W), Move(E)];0
[NoOp, Pull(E,W), Move(E)];0
[NoOp, NoOp, Move(E)];0
[NoOp, NoOp, Move(E)];0
[NoOp, NoOp, Move(E)];0
[NoOp, NoOp, Move(E)];0
[NoOp, NoOp, Push(E,E)];0
[NoOp, Move(E), Move(W)];6
[NoOp, Move(E), Move(W)];0
[NoOp, Move(E), Move(W)];0
[NoOp, Move(E), Move(W)];0
[NoOp, Move(E), Move(W)];0
[NoOp, Move(E), Move(W)];0
[NoOp, Move(E), Move(W)];0
[NoOp, Move(E), Move(W)];0
[NoOp, Move(E), Move(W)];0
[NoOp, Move(E), Move(W)];0
[NoOp, Move(E), Move(W)];0
[NoOp, Move(S), Move(W)];0
[NoOp, Move(S), Move(W)];0
[NoOp, Move(W), Move(N)];0
[NoOp, Move(W), Move(N)];0
[NoOp, Move(W), Move(E)];0
[NoOp, Move(W), Move(E)];0
[NoOp, Move(W), Move(E)];0
[NoOp, Move(W), Move(E)];1
[NoOp, Move(W), Pull(W,E)];0
[NoOp, Move(W), Push(E,N)];0
[NoOp, Move(W), Push(N,N)];0
[NoOp, Move(W), Push(N,E)];0
[NoOp, Move(W), Push(E,E)];0
[NoOp, Move(W), Push(E,E)];0
[NoOp, Pull(E,W), Push(E,E)];0
[NoOp, NoOp, Push(E,E)];0
[NoOp, NoOp, Push(E,E)];0
[NoOp, NoOp, Push(E,E)];0
[NoOp, NoOp, Push(E,E)];0
[NoOp, NoOp, Push(E,E)];0
[NoOp, Move(E), NoOp];6
[NoOp, Move(E), NoOp];0
[NoOp, Move(E), NoOp];0
[NoOp, Move(E), NoOp];0
[NoOp, Move(E), NoOp];0
[NoOp, Move(E), NoOp];0
[NoOp, Move(E), NoOp];0
[NoOp, Move(E), NoOp];0
[NoOp, Move(E), NoOp];0
[NoOp, Move(E), NoOp];0
[NoOp, Move(E), NoOp];0
[NoOp, Move(N), NoOp];1
[NoOp, Move(N), NoOp];0
[NoOp, Move(N), NoOp];0
[NoOp, Move(N), NoOp];0
[NoOp, Move(N), NoOp];0
[NoOp, Move(N), NoOp];0
[NoOp, Move(N), NoOp];0
[NoOp, Move(N), NoOp];0
[NoOp, Move(N), NoOp];0
[NoOp, Move(N), NoOp];0
[NoOp, Move(W), NoOp];0
[NoOp, Move(W), NoOp];0
[NoOp, Move(W), NoOp];1
[NoOp, Move(W), NoOp];0
[NoOp, Move(W), NoOp];0
[NoOp, Move(W), NoOp];0
[NoOp, Move(W), NoOp];0
[NoOp, Move(W), NoOp];0
[NoOp, Move(W), NoOp];0
[NoOp, Move(W), NoOp];0
[NoOp, Move(W), NoOp];0
[NoOp, Move(W), NoOp];0
[NoOp, Move(W), NoOp];0
[NoOp, Move(W), NoOp];0
[NoOp, Move(W), NoOp];0
[NoOp, Move(W), NoOp];0
[NoOp, Move(W), NoOp];0
[NoOp, Move(W), NoOp];0
[NoOp, Move(W), NoOp];0
[NoOp, Move(W), NoOp];0
[NoOp, Move(W), NoOp];0
[NoOp, Move(W), NoOp];1
[NoOp, Move(W), NoOp];0
[NoOp, Move(W), NoOp];0
[NoOp, Move(N), NoOp];0
[NoOp, Move(N), NoOp];0
[NoOp, Pull(N,W), NoOp];0
[NoOp, Push(S,S), NoOp];0
[NoOp, Push(S,S), NoOp];0
[NoOp, Push(S,E), NoOp];1
[NoOp, Push(E,E), NoOp];0
[NoOp, Push(E,E), NoOp];0
[NoOp, Push(E,E), NoOp];0
[NoOp, Push(E,E), NoOp];0
[NoOp, Push(E,E), NoOp];0
[NoOp, Push(E,E), NoOp];0
[NoOp, Push(E,E), NoOp];0
[NoOp, Push(E,E), NoOp];0
[NoOp, Push(E,E), NoOp];0
[NoOp, Push(E,E), NoOp];0
[NoOp, Push(E,E), NoOp];0
[NoOp, Push(E,E), NoOp];0
[NoOp, Push(E,E), NoOp];0
[NoOp, Push(E,E), NoOp];0
[NoOp, Push(E,E), NoOp];0
[NoOp, Push(E,E), NoOp];1
[NoOp, Push(E,E), NoOp];0
[NoOp, Push(E,E), NoOp];0
[NoOp, Push(E,E), NoOp];0
[NoOp, Push(E,N), NoOp];0
[NoOp, Push(N,N), NoOp];0
[NoOp, Push(N,W), NoOp];0
[NoOp, Move(N), NoOp];13
[Move(W), NoOp, NoOp];5
[Move(W), NoOp, NoOp];0
[Move(W), NoOp, NoOp];0
[Move(W), NoOp, NoOp];0
[Move(W), NoOp, NoOp];0
[Move(W), NoOp, NoOp];0
[Move(W), NoOp, NoOp];0
[Move(W), NoOp, NoOp];0
[Move(W), NoOp, NoOp];0
[Move(W), NoOp, NoOp];0
[Move(W), NoOp, NoOp];0
[Move(W), NoOp, NoOp];0
[Move(N), NoOp, NoOp];0
[Move(N), NoOp, NoOp];0
[Move(N), NoOp, NoOp];0
[Move(N), NoOp, NoOp];0
[Move(E), NoOp, NoOp];0
[Move(E), NoOp, NoOp];0
[Move(E), NoOp, NoOp];0
[Move(E), NoOp, NoOp];0
[Move(E), NoOp, NoOp];0
[Move(E), NoOp, NoOp];0
[Move(E), NoOp, NoOp];0
[Move(E), NoOp, NoOp];0
[Move(E), NoOp, NoOp];0
[Move(E), NoOp, NoOp];0
[Move(E), NoOp, NoOp];0
[Move(E), NoOp, NoOp];0
[Move(E), NoOp, NoOp];0
[Move(E), NoOp, NoOp];0
[Move(E), NoOp, NoOp];0
[Move(E), NoOp, NoOp];0
[Move(E), NoOp, NoOp];0
[Move(E), NoOp, NoOp];0
[Move(E), NoOp, NoOp];0
[Move(E), NoOp, NoOp];0
[Move(E), NoOp, NoOp];0
[Move(E), NoOp, NoOp];0
[Move(N), NoOp, NoOp];0
[Move(N), NoOp, NoOp];0
[Move(E), NoOp, NoOp];0
[Move(E), NoOp, NoOp];0
[Move(E), NoOp, NoOp];0
[Move(E), NoOp, NoOp];0
[Pull(W,E), NoOp, NoOp];0
[Push(E,S), NoOp, NoOp];0
[Push(S,S), NoOp, NoOp];0
[Push(S,W), NoOp, NoOp];0
[Push(W,W), NoOp, NoOp];0
[Push(W,W), NoOp, NoOp];0
[Push(W,W), NoOp, NoOp];0
[Push(W,W), NoOp, NoOp];0
[Push(W,W), NoOp, NoOp];0
[Push(W,W), NoOp, NoOp];0
[Push(W,W), NoOp, NoOp];0
[Push(W,W), NoOp, NoOp];0
[Push(W,W), NoOp, NoOp];0
[Push(W,W), NoOp, NoOp];0
[Push(W,W), NoOp, NoOp];0
[Push(W,W), NoOp, NoOp];0
[Push(W,W), NoOp, NoOp];0
[Push(W,W), NoOp, NoOp];0
[Push(W,W), NoOp, NoOp];0
[Push(W,W), NoOp, NoOp];0
[Push(W,W), NoOp, NoOp];0
[Push(W,W), NoOp, NoOp];0
[Push(W,W), NoOp, NoOp];0
[Push(W,W), NoOp, NoOp];0
[Push(W,W), NoOp, NoOp];0
[Push(W,W), NoOp, NoOp];0
[Push(W,W), NoOp, NoOp];0
[Push(W,W), NoOp, NoOp];0
[Push(W,W), NoOp, NoOp];0
[Push(W,N), NoOp, NoOp];0
[Push(N,N), NoOp, NoOp];0
[Push(N,W), NoOp, NoOp];0
5c61d30fb95eb9b9b4972e625e9263b9dd59f2b9
successful
442
242
0084da061597972a4370d52e99d9b4d5febf3477
1495031171278
