red: 0,A
green: 1,B
blue: 2,C
yellow: 3,D
orange: 4,E,F,G,H,N
pink: 5,I,J,K,L,M
cyan: 6,Z
magenta: 7,W
++++++++++++
+0 B    C 1+
++++    ++++
+aA       b+
++++    ++++
+2 D      3+
++++++++++++
+i+ N    +e+
+j+      +f+
+k+  M   +g+
+l+ 4  5 +h+
+m       +n+
+          +
+          +
+          +
+ EFGHIJKL +
++++++++++++
+6ZW W W Wz+
++++++ +++++
+    7     +
+          +
+          +
++++++++++++

[NoOp, NoOp, NoOp, Move(W), NoOp, NoOp, NoOp, NoOp];458
[NoOp, NoOp, NoOp, Move(W), NoOp, NoOp, NoOp, NoOp];0
[NoOp, NoOp, NoOp, Move(W), NoOp, NoOp, NoOp, NoOp];0
[NoOp, NoOp, NoOp, Move(W), NoOp, NoOp, NoOp, NoOp];0
[NoOp, NoOp, NoOp, Move(W), NoOp, NoOp, NoOp, NoOp];0
[NoOp, NoOp, NoOp, Move(W), NoOp, NoOp, NoOp, NoOp];0
[NoOp, NoOp, NoOp, Pull(N,W), NoOp, NoOp, NoOp, NoOp];0
[NoOp, NoOp, NoOp, Pull(E,S), NoOp, NoOp, NoOp, NoOp];0
[NoOp, NoOp, NoOp, Move(N), NoOp, NoOp, NoOp, NoOp];37
[NoOp, NoOp, Move(E), NoOp, NoOp, NoOp, NoOp, NoOp];15
[NoOp, NoOp, Move(E), NoOp, NoOp, NoOp, NoOp, NoOp];0
[NoOp, NoOp, Move(E), NoOp, NoOp, NoOp, NoOp, NoOp];0
[NoOp, NoOp, Move(E), NoOp, NoOp, NoOp, NoOp, NoOp];0
[NoOp, NoOp, Move(N), NoOp, NoOp, NoOp, NoOp, NoOp];0
[NoOp, NoOp, Move(E), NoOp, NoOp, NoOp, NoOp, NoOp];0
[NoOp, NoOp, Move(E), NoOp, NoOp, NoOp, NoOp, NoOp];0
[NoOp, NoOp, Move(N), NoOp, NoOp, NoOp, NoOp, NoOp];0
[NoOp, NoOp, Move(N), NoOp, NoOp, NoOp, NoOp, NoOp];0
[NoOp, NoOp, Move(N), NoOp, NoOp, NoOp, NoOp, NoOp];0
[NoOp, NoOp, Pull(W,E), NoOp, NoOp, NoOp, NoOp, NoOp];0
[NoOp, NoOp, Push(E,S), NoOp, NoOp, NoOp, NoOp, NoOp];0
[NoOp, NoOp, Push(S,S), NoOp, NoOp, NoOp, NoOp, NoOp];0
[NoOp, Move(W), NoOp, NoOp, NoOp, NoOp, NoOp, NoOp];16
[NoOp, Move(W), NoOp, NoOp, NoOp, NoOp, NoOp, NoOp];0
[NoOp, Move(W), NoOp, NoOp, NoOp, NoOp, NoOp, NoOp];0
[NoOp, Move(W), NoOp, NoOp, NoOp, NoOp, NoOp, NoOp];0
[NoOp, Move(W), NoOp, NoOp, NoOp, NoOp, NoOp, NoOp];0
[NoOp, Move(W), NoOp, NoOp, NoOp, NoOp, NoOp, NoOp];0
[NoOp, Pull(S,W), NoOp, NoOp, NoOp, NoOp, NoOp, NoOp];0
[NoOp, Push(N,E), NoOp, NoOp, NoOp, NoOp, NoOp, NoOp];0
[NoOp, Push(E,E), NoOp, NoOp, NoOp, NoOp, NoOp, NoOp];0
[NoOp, NoOp, NoOp, NoOp, NoOp, NoOp, NoOp, Move(E)];32
[NoOp, NoOp, NoOp, NoOp, NoOp, NoOp, NoOp, Move(N)];0
[NoOp, NoOp, NoOp, NoOp, NoOp, NoOp, NoOp, Move(N)];0
[NoOp, NoOp, NoOp, NoOp, NoOp, NoOp, NoOp, Pull(S,W)];0
[NoOp, NoOp, NoOp, NoOp, NoOp, NoOp, NoOp, Pull(S,N)];0
[NoOp, NoOp, NoOp, NoOp, NoOp, NoOp, NoOp, Push(N,N)];47
[NoOp, NoOp, NoOp, NoOp, NoOp, NoOp, NoOp, Push(N,W)];0
[NoOp, NoOp, NoOp, NoOp, NoOp, NoOp, NoOp, Push(W,W)];0
[NoOp, NoOp, NoOp, NoOp, NoOp, NoOp, NoOp, Move(E)];0
[NoOp, NoOp, NoOp, NoOp, NoOp, NoOp, NoOp, Pull(W,E)];0
[NoOp, NoOp, NoOp, NoOp, NoOp, NoOp, NoOp, Push(E,S)];0
[NoOp, NoOp, NoOp, NoOp, NoOp, NoOp, NoOp, Push(S,S)];0
[NoOp, NoOp, NoOp, NoOp, NoOp, NoOp, NoOp, Move(N)];85
[NoOp, NoOp, NoOp, NoOp, NoOp, NoOp, NoOp, Move(W)];0
[NoOp, NoOp, NoOp, NoOp, NoOp, NoOp, NoOp, Pull(E,W)];1
[NoOp, NoOp, NoOp, NoOp, NoOp, NoOp, NoOp, Pull(S,W)];0
[NoOp, NoOp, NoOp, NoOp, NoOp, NoOp, NoOp, Push(S,E)];0
[NoOp, NoOp, NoOp, NoOp, NoOp, NoOp, NoOp, Move(N)];0
[NoOp, NoOp, NoOp, NoOp, NoOp, NoOp, NoOp, Push(N,E)];0
[NoOp, NoOp, NoOp, NoOp, NoOp, NoOp, NoOp, Pull(W,E)];0
[NoOp, NoOp, NoOp, NoOp, NoOp, NoOp, NoOp, Push(E,S)];0
[NoOp, NoOp, NoOp, NoOp, NoOp, NoOp, NoOp, Push(S,S)];0
[NoOp, NoOp, NoOp, NoOp, NoOp, NoOp, NoOp, Move(N)];60
[NoOp, NoOp, NoOp, NoOp, NoOp, NoOp, NoOp, Move(W)];0
[NoOp, NoOp, NoOp, NoOp, NoOp, NoOp, NoOp, Move(W)];0
[NoOp, NoOp, NoOp, NoOp, NoOp, NoOp, NoOp, Pull(E,W)];0
[NoOp, NoOp, NoOp, NoOp, NoOp, NoOp, NoOp, Pull(E,W)];0
[NoOp, NoOp, NoOp, NoOp, NoOp, NoOp, NoOp, Pull(S,W)];0
[NoOp, NoOp, NoOp, NoOp, NoOp, NoOp, NoOp, Push(S,W)];0
[NoOp, NoOp, NoOp, NoOp, NoOp, NoOp, NoOp, Move(N)];0
[NoOp, NoOp, NoOp, NoOp, NoOp, NoOp, NoOp, Push(N,E)];0
[NoOp, NoOp, NoOp, NoOp, NoOp, NoOp, NoOp, Pull(W,E)];0
[NoOp, NoOp, NoOp, NoOp, NoOp, NoOp, NoOp, Push(E,S)];0
[NoOp, NoOp, NoOp, NoOp, NoOp, NoOp, NoOp, Push(S,S)];0
[NoOp, NoOp, NoOp, NoOp, NoOp, NoOp, NoOp, Move(N)];51
[NoOp, NoOp, NoOp, NoOp, NoOp, NoOp, NoOp, Move(E)];0
[NoOp, NoOp, NoOp, NoOp, NoOp, NoOp, NoOp, Move(E)];1
[NoOp, NoOp, NoOp, NoOp, NoOp, NoOp, NoOp, Push(E,E)];0
[NoOp, NoOp, NoOp, NoOp, NoOp, NoOp, NoOp, Move(W)];0
[NoOp, NoOp, NoOp, NoOp, NoOp, NoOp, NoOp, Move(W)];0
[NoOp, NoOp, NoOp, NoOp, NoOp, NoOp, NoOp, Move(W)];0
[NoOp, NoOp, NoOp, NoOp, NoOp, NoOp, NoOp, Move(S)];0
[Move(E), NoOp, NoOp, Move(W), Move(S), Move(W), NoOp, Move(N)];45
[Move(E), Move(S), Push(S,S), NoOp, Move(S), Move(S), Push(E,E), Move(E)];0
[Move(E), Move(E), Push(S,S), NoOp, Move(S), Move(S), Push(E,E), Move(E)];0
[Move(S), Push(N,W), NoOp, NoOp, Move(S), Move(S), Push(E,E), Move(E)];1
[NoOp, NoOp, NoOp, Move(E), NoOp, NoOp, NoOp, NoOp];14
[NoOp, NoOp, NoOp, NoOp, NoOp, NoOp, NoOp, Move(W)];17
[NoOp, NoOp, NoOp, NoOp, NoOp, NoOp, NoOp, Move(W)];0
[NoOp, NoOp, NoOp, NoOp, NoOp, NoOp, NoOp, Move(W)];0
[NoOp, NoOp, NoOp, NoOp, NoOp, NoOp, NoOp, Move(S)];0
[Move(S), NoOp, NoOp, NoOp, Move(W), NoOp, NoOp, Move(N)];20
[Move(W), Move(S), NoOp, NoOp, Move(W), Move(S), NoOp, Move(E)];0
[Push(W,W), Move(W), NoOp, NoOp, Move(E), Move(E), NoOp, Move(E)];0
[NoOp, Push(N,E), NoOp, NoOp, Pull(W,S), Pull(W,S), NoOp, Move(E)];0
[NoOp, Push(E,E), NoOp, NoOp, Push(S,W), Pull(N,S), NoOp, Pull(W,E)];0
[NoOp, Push(E,S), NoOp, NoOp, Push(W,N), Push(S,W), NoOp, Pull(W,E)];0
[NoOp, Push(S,S), NoOp, NoOp, Push(N,N), Push(W,N), NoOp, Pull(W,E)];0
[NoOp, Push(S,E), NoOp, NoOp, Push(N,N), Push(N,W), NoOp, Pull(S,E)];0
[NoOp, Push(E,E), NoOp, NoOp, Push(N,E), Push(W,N), NoOp, Push(S,S)];0
[NoOp, NoOp, NoOp, NoOp, NoOp, NoOp, NoOp, Move(N)];7
[NoOp, NoOp, NoOp, NoOp, NoOp, NoOp, NoOp, Pull(S,N)];0
[NoOp, NoOp, NoOp, NoOp, NoOp, Move(S), NoOp, NoOp];5
[NoOp, NoOp, NoOp, NoOp, NoOp, Move(N), NoOp, NoOp];3
[NoOp, Push(E,E), NoOp, NoOp, Move(S), Move(W), Push(E,E), NoOp];0
[NoOp, NoOp, NoOp, NoOp, Move(E), Move(N), Push(E,E), NoOp];0
[NoOp, NoOp, NoOp, NoOp, Push(N,W), Push(E,S), Push(E,E), NoOp];0
[NoOp, NoOp, NoOp, NoOp, Push(W,N), Push(S,W), Push(E,E), NoOp];1
[NoOp, NoOp, NoOp, NoOp, Push(N,E), Push(W,W), Push(E,E), NoOp];0
[NoOp, NoOp, NoOp, NoOp, Push(E,E), Push(W,W), NoOp, NoOp];0
[NoOp, NoOp, NoOp, NoOp, Push(E,E), Push(W,N), NoOp, NoOp];0
[NoOp, NoOp, NoOp, NoOp, Push(E,E), Push(N,N), NoOp, NoOp];0
[NoOp, NoOp, NoOp, NoOp, Push(E,S), Push(N,N), NoOp, NoOp];0
[NoOp, NoOp, NoOp, NoOp, Push(S,E), Push(N,N), NoOp, NoOp];0
[NoOp, NoOp, NoOp, NoOp, Push(E,E), Push(N,N), NoOp, NoOp];0
[NoOp, NoOp, NoOp, NoOp, Push(E,E), Push(N,N), NoOp, NoOp];0
[NoOp, NoOp, NoOp, NoOp, Push(E,E), NoOp, NoOp, NoOp];0
[NoOp, NoOp, NoOp, NoOp, Push(E,E), NoOp, NoOp, NoOp];0
[NoOp, NoOp, NoOp, NoOp, Push(E,N), NoOp, NoOp, NoOp];0
[NoOp, NoOp, NoOp, NoOp, Push(N,N), NoOp, NoOp, NoOp];0
[NoOp, NoOp, NoOp, NoOp, Push(N,N), NoOp, NoOp, NoOp];0
[NoOp, NoOp, NoOp, NoOp, Push(N,N), NoOp, NoOp, NoOp];0
[NoOp, NoOp, NoOp, NoOp, Push(N,N), NoOp, NoOp, NoOp];0
[NoOp, NoOp, NoOp, NoOp, Move(S), NoOp, NoOp, NoOp];8
[NoOp, NoOp, NoOp, NoOp, Move(S), NoOp, NoOp, NoOp];0
[NoOp, NoOp, NoOp, NoOp, Move(S), NoOp, NoOp, NoOp];0
[NoOp, NoOp, NoOp, NoOp, Move(S), NoOp, NoOp, NoOp];0
[NoOp, NoOp, NoOp, NoOp, Move(S), NoOp, NoOp, NoOp];0
[NoOp, NoOp, NoOp, NoOp, Move(W), NoOp, NoOp, NoOp];1
[NoOp, NoOp, NoOp, NoOp, Move(W), NoOp, NoOp, NoOp];0
[NoOp, NoOp, NoOp, NoOp, Move(W), NoOp, NoOp, NoOp];0
[NoOp, NoOp, NoOp, NoOp, Move(W), NoOp, NoOp, NoOp];0
[NoOp, NoOp, NoOp, NoOp, Move(W), NoOp, NoOp, NoOp];0
[NoOp, NoOp, NoOp, NoOp, Move(W), NoOp, NoOp, NoOp];0
[NoOp, NoOp, NoOp, NoOp, Move(W), Move(S), NoOp, NoOp];0
[NoOp, NoOp, NoOp, NoOp, Move(E), Move(S), NoOp, NoOp];0
[NoOp, NoOp, NoOp, NoOp, Move(S), Move(S), NoOp, NoOp];0
[NoOp, NoOp, NoOp, NoOp, Push(W,N), Move(S), NoOp, NoOp];0
[NoOp, NoOp, NoOp, NoOp, Push(N,N), Move(E), NoOp, NoOp];0
[NoOp, NoOp, NoOp, NoOp, Push(N,E), Move(S), NoOp, NoOp];0
[NoOp, NoOp, NoOp, NoOp, Push(E,E), Move(E), NoOp, NoOp];0
[NoOp, NoOp, NoOp, NoOp, Push(E,E), Move(E), NoOp, NoOp];0
[NoOp, NoOp, NoOp, NoOp, Push(E,E), Move(E), NoOp, NoOp];1
[NoOp, NoOp, NoOp, NoOp, Push(E,E), Move(S), NoOp, NoOp];0
[NoOp, NoOp, NoOp, NoOp, Push(E,E), Move(E), NoOp, NoOp];0
[NoOp, NoOp, NoOp, NoOp, Push(E,E), Move(N), NoOp, NoOp];0
[NoOp, NoOp, NoOp, NoOp, Push(E,N), Move(E), NoOp, NoOp];0
[NoOp, NoOp, NoOp, NoOp, Push(N,N), Push(S,W), NoOp, NoOp];0
[NoOp, NoOp, NoOp, NoOp, Push(N,N), Push(W,N), NoOp, NoOp];0
[NoOp, NoOp, NoOp, NoOp, Push(N,N), Push(N,W), NoOp, NoOp];0
[NoOp, NoOp, NoOp, NoOp, NoOp, Push(W,N), NoOp, NoOp];0
[NoOp, NoOp, NoOp, NoOp, NoOp, Push(N,W), NoOp, NoOp];0
[NoOp, NoOp, NoOp, NoOp, NoOp, Push(W,N), NoOp, NoOp];0
[NoOp, NoOp, NoOp, NoOp, NoOp, Push(N,W), NoOp, NoOp];0
[NoOp, NoOp, NoOp, NoOp, NoOp, Push(W,W), NoOp, NoOp];1
[NoOp, NoOp, NoOp, NoOp, NoOp, Push(W,W), NoOp, NoOp];0
[NoOp, NoOp, NoOp, NoOp, NoOp, Push(W,N), NoOp, NoOp];0
[NoOp, NoOp, NoOp, NoOp, NoOp, Push(N,N), NoOp, NoOp];0
[NoOp, NoOp, NoOp, NoOp, NoOp, Push(N,N), NoOp, NoOp];0
[NoOp, NoOp, NoOp, NoOp, NoOp, Move(S), NoOp, NoOp];9
[NoOp, NoOp, NoOp, NoOp, NoOp, Move(S), NoOp, NoOp];0
[NoOp, NoOp, NoOp, NoOp, NoOp, Move(S), NoOp, NoOp];0
[NoOp, NoOp, NoOp, NoOp, NoOp, Move(S), NoOp, NoOp];0
[NoOp, NoOp, NoOp, NoOp, NoOp, Move(E), NoOp, NoOp];1
[NoOp, NoOp, NoOp, NoOp, NoOp, Move(E), NoOp, NoOp];0
[NoOp, NoOp, NoOp, NoOp, NoOp, Move(E), NoOp, NoOp];0
[NoOp, NoOp, NoOp, NoOp, NoOp, Move(E), NoOp, NoOp];0
[NoOp, NoOp, NoOp, NoOp, NoOp, Move(S), NoOp, NoOp];0
[NoOp, NoOp, NoOp, NoOp, NoOp, Move(E), NoOp, NoOp];0
[NoOp, NoOp, NoOp, NoOp, NoOp, Move(S), NoOp, NoOp];0
[NoOp, NoOp, NoOp, NoOp, Move(S), Move(E), NoOp, NoOp];0
[NoOp, NoOp, NoOp, NoOp, Move(S), Move(N), NoOp, NoOp];0
[NoOp, NoOp, NoOp, NoOp, Move(S), Move(E), NoOp, NoOp];0
[NoOp, NoOp, NoOp, NoOp, Move(W), Push(S,W), NoOp, NoOp];0
[NoOp, NoOp, NoOp, NoOp, Move(S), Push(W,W), NoOp, NoOp];0
[NoOp, NoOp, NoOp, NoOp, Move(S), Push(W,N), NoOp, NoOp];0
[NoOp, NoOp, NoOp, NoOp, Move(W), Push(N,N), NoOp, NoOp];0
[NoOp, NoOp, NoOp, NoOp, Move(W), Push(N,N), NoOp, NoOp];0
[NoOp, NoOp, NoOp, NoOp, Move(W), Push(N,W), NoOp, NoOp];0
[NoOp, NoOp, NoOp, NoOp, Move(W), Push(W,W), NoOp, NoOp];0
[NoOp, NoOp, NoOp, NoOp, Move(W), Push(W,N), NoOp, NoOp];0
[NoOp, NoOp, NoOp, NoOp, Move(W), Push(N,W), NoOp, NoOp];0
[NoOp, NoOp, NoOp, NoOp, Move(S), Push(W,W), NoOp, NoOp];0
[NoOp, NoOp, NoOp, NoOp, Push(E,N), Push(W,W), NoOp, NoOp];0
[NoOp, NoOp, NoOp, NoOp, Push(N,E), Push(W,N), NoOp, NoOp];0
[NoOp, NoOp, NoOp, NoOp, Push(E,N), Push(N,N), NoOp, NoOp];0
[NoOp, NoOp, NoOp, NoOp, Push(N,E), NoOp, NoOp, NoOp];0
[NoOp, NoOp, NoOp, NoOp, Push(E,N), NoOp, NoOp, NoOp];0
[NoOp, NoOp, NoOp, NoOp, Push(N,E), NoOp, NoOp, NoOp];1
[NoOp, NoOp, NoOp, NoOp, Push(E,E), NoOp, NoOp, NoOp];0
[NoOp, NoOp, NoOp, NoOp, Push(E,E), NoOp, NoOp, NoOp];0
[NoOp, NoOp, NoOp, NoOp, Push(E,E), NoOp, NoOp, NoOp];0
[NoOp, NoOp, NoOp, NoOp, Push(E,N), NoOp, NoOp, NoOp];0
[NoOp, NoOp, NoOp, NoOp, Push(N,N), NoOp, NoOp, NoOp];0
[NoOp, NoOp, NoOp, NoOp, Push(N,N), NoOp, NoOp, NoOp];0
[NoOp, NoOp, NoOp, NoOp, NoOp, Move(S), NoOp, NoOp];5
[NoOp, NoOp, NoOp, NoOp, NoOp, Move(E), NoOp, NoOp];0
[NoOp, NoOp, NoOp, NoOp, NoOp, Move(E), NoOp, NoOp];0
[NoOp, NoOp, NoOp, NoOp, NoOp, Move(S), NoOp, NoOp];0
[NoOp, NoOp, NoOp, NoOp, NoOp, Move(S), NoOp, NoOp];0
[NoOp, NoOp, NoOp, NoOp, NoOp, Move(S), NoOp, NoOp];0
[NoOp, NoOp, NoOp, NoOp, NoOp, Move(E), NoOp, NoOp];0
[NoOp, NoOp, NoOp, NoOp, NoOp, Move(E), NoOp, NoOp];0
[NoOp, NoOp, NoOp, NoOp, NoOp, Move(E), NoOp, NoOp];0
[NoOp, NoOp, NoOp, NoOp, NoOp, Move(E), NoOp, NoOp];0
[NoOp, NoOp, NoOp, NoOp, NoOp, Move(E), NoOp, NoOp];0
[NoOp, NoOp, NoOp, NoOp, NoOp, Move(E), NoOp, NoOp];0
[NoOp, NoOp, NoOp, NoOp, NoOp, Move(E), NoOp, NoOp];1
[NoOp, NoOp, NoOp, NoOp, Move(S), Move(S), NoOp, NoOp];0
[NoOp, NoOp, NoOp, NoOp, Move(S), Push(W,N), NoOp, NoOp];0
[NoOp, NoOp, NoOp, NoOp, Move(S), Push(N,W), NoOp, NoOp];0
[NoOp, NoOp, NoOp, NoOp, Move(W), Push(W,W), NoOp, NoOp];0
[NoOp, NoOp, NoOp, NoOp, Move(S), Push(W,W), NoOp, NoOp];0
[NoOp, NoOp, NoOp, NoOp, Move(W), Push(W,N), NoOp, NoOp];0
[NoOp, NoOp, NoOp, NoOp, Move(W), Push(N,W), NoOp, NoOp];0
[NoOp, NoOp, NoOp, NoOp, Move(S), Push(W,W), NoOp, NoOp];0
[NoOp, NoOp, NoOp, NoOp, Move(W), Push(W,W), NoOp, NoOp];0
[NoOp, NoOp, NoOp, NoOp, Move(N), Push(W,N), NoOp, NoOp];0
[NoOp, NoOp, NoOp, NoOp, Move(W), Push(N,W), NoOp, NoOp];0
[NoOp, NoOp, NoOp, NoOp, Push(S,E), Push(W,W), NoOp, NoOp];0
[NoOp, NoOp, NoOp, NoOp, Push(E,E), Push(W,N), NoOp, NoOp];0
[NoOp, NoOp, NoOp, NoOp, Push(E,N), Push(N,N), NoOp, NoOp];0
[NoOp, NoOp, NoOp, NoOp, Push(N,N), NoOp, NoOp, NoOp];0
[NoOp, NoOp, NoOp, NoOp, Push(N,N), NoOp, NoOp, NoOp];0
[NoOp, NoOp, NoOp, NoOp, Push(N,E), NoOp, NoOp, NoOp];0
[NoOp, NoOp, NoOp, NoOp, Push(E,E), NoOp, NoOp, NoOp];0
[NoOp, NoOp, NoOp, NoOp, Push(E,E), NoOp, NoOp, NoOp];0
[NoOp, NoOp, NoOp, NoOp, Push(E,N), NoOp, NoOp, NoOp];0
[NoOp, NoOp, NoOp, NoOp, Push(N,N), NoOp, NoOp, NoOp];0
[NoOp, NoOp, NoOp, NoOp, Move(S), Move(E), NoOp, NoOp];5
[NoOp, NoOp, NoOp, NoOp, Move(W), Move(E), NoOp, NoOp];0
[NoOp, NoOp, NoOp, NoOp, Move(W), Move(N), NoOp, NoOp];0
[NoOp, NoOp, NoOp, NoOp, Move(N), Move(E), NoOp, NoOp];0
[NoOp, NoOp, NoOp, NoOp, Move(N), Move(N), NoOp, NoOp];0
[NoOp, NoOp, NoOp, NoOp, Move(N), Move(S), NoOp, NoOp];0
[NoOp, NoOp, NoOp, NoOp, Move(N), Move(E), NoOp, NoOp];0
[NoOp, NoOp, NoOp, NoOp, Move(N), Push(N,W), NoOp, NoOp];0
[NoOp, NoOp, NoOp, NoOp, Move(W), Push(W,W), NoOp, NoOp];0
[NoOp, NoOp, NoOp, NoOp, Move(W), Push(W,S), NoOp, NoOp];0
[NoOp, NoOp, NoOp, NoOp, Move(W), Push(S,S), NoOp, NoOp];1
[NoOp, NoOp, NoOp, NoOp, Move(S), Push(S,W), NoOp, NoOp];0
[NoOp, NoOp, NoOp, NoOp, Move(W), Push(W,W), NoOp, NoOp];0
[NoOp, NoOp, NoOp, NoOp, Push(N,E), NoOp, NoOp, NoOp];0
[NoOp, NoOp, NoOp, NoOp, Push(E,E), NoOp, NoOp, NoOp];0
[NoOp, NoOp, NoOp, NoOp, Push(E,S), NoOp, NoOp, NoOp];0
[NoOp, NoOp, NoOp, NoOp, Push(S,E), NoOp, NoOp, NoOp];0
[NoOp, NoOp, NoOp, NoOp, Push(E,E), NoOp, NoOp, NoOp];0
[NoOp, NoOp, NoOp, NoOp, Push(E,S), NoOp, NoOp, NoOp];0
[NoOp, NoOp, NoOp, NoOp, Push(S,S), NoOp, NoOp, NoOp];0
[NoOp, NoOp, NoOp, NoOp, Push(S,S), NoOp, NoOp, NoOp];0
[NoOp, NoOp, NoOp, NoOp, Push(S,S), NoOp, NoOp, NoOp];0
[NoOp, NoOp, NoOp, NoOp, Push(S,E), NoOp, NoOp, NoOp];0
[NoOp, NoOp, NoOp, NoOp, Push(E,E), NoOp, NoOp, NoOp];1
[NoOp, NoOp, NoOp, NoOp, Push(E,N), NoOp, NoOp, NoOp];0
fe91df7e9e9e7e18e11644c66aee4b9cfdca717e
successful
951
245
885a78a2086016d3bf79dabf45880956e7681d35
1495031772144
