+++++++++++++++++++++++++++++
+B b                       A+
+                           +
+   a   0                   +
+++++++++++++++++++++++++++++
+   A                   a  B+
+                           +
+                           +
+       1                  b+
+++++++++++++++++++++++++++++

[Move(N), Move(E)];335
[Move(N), Move(N)];0
[Move(W), Move(E)];0
[Move(W), Move(N)];1
[Move(W), Move(E)];0
[Move(W), Move(E)];0
[Move(W), Move(E)];0
[Move(W), Move(E)];0
[Pull(S,W), Move(N)];0
[Push(N,E), Move(E)];0
[NoOp, Move(E)];0
[NoOp, Move(E)];0
[NoOp, Move(E)];0
[NoOp, Move(E)];0
[NoOp, Move(E)];0
[NoOp, Move(E)];0
[NoOp, Move(E)];0
[NoOp, Move(E)];0
[NoOp, Move(E)];0
[NoOp, Move(E)];0
[NoOp, Move(E)];0
[NoOp, Push(E,S)];0
[NoOp, Push(S,S)];0
[NoOp, Push(S,S)];0
[Move(S), Move(N)];30
[Move(E), Move(W)];0
[Move(E), Move(W)];0
[Move(E), Move(W)];0
[Move(E), Move(W)];0
[Move(E), Move(W)];0
[Move(N), Move(W)];0
[Move(E), Move(W)];0
[Move(E), Move(N)];0
[Move(E), Move(W)];0
[Move(E), Move(W)];0
[Move(E), Move(W)];0
[Move(E), Move(W)];0
[Move(E), Move(W)];0
[Move(E), Move(W)];0
[Move(E), Move(W)];0
[Move(E), Move(W)];0
[Move(E), Move(W)];0
[Move(E), Move(W)];0
[Move(E), Move(W)];1
[Move(E), Move(W)];0
[Move(E), Move(W)];0
[Move(E), Move(W)];0
[Move(E), Move(W)];0
[Move(E), Move(S)];0
[Move(E), Move(W)];0
[Move(S), Push(N,E)];0
[Move(E), Push(E,E)];0
[Push(N,W), Push(E,E)];0
[Push(W,W), Push(E,E)];0
[Push(W,W), Push(E,E)];0
[Push(W,W), Push(E,E)];0
[Push(W,S), Push(E,E)];0
[Push(S,S), Push(E,E)];0
[Push(S,W), Push(E,E)];0
[Push(W,W), Push(E,E)];0
[Push(W,W), Push(E,E)];1
[Push(W,W), Push(E,E)];0
[Push(W,W), Push(E,E)];0
[Push(W,W), Push(E,E)];0
[Push(W,W), Push(E,E)];0
[Push(W,W), Push(E,E)];0
[Push(W,W), Push(E,E)];0
[Push(W,W), Push(E,E)];0
[Push(W,W), Push(E,E)];0
[Push(W,W), Push(E,E)];0
[Push(W,W), NoOp];0
[Push(W,W), NoOp];0
[Push(W,W), NoOp];0
[Push(W,W), NoOp];0
[Push(W,W), NoOp];0
[Push(W,W), NoOp];0
[Push(W,W), NoOp];0
f4284f51d4efc15ea43da74681904fbbdf309003
successful
368
77
203ed0197b087dbda2eb0e047c22c7b18ff9d0c2
1495032676354
