red: 1,2,A,B,C
cyan: 3,4,D,E,F
blue: 5,6,0,7,G,H,X,Y
 ++++++++    ++++++++
 +abcg  +    +  hdef+
 +++++ ++    ++ +++++
 +0  + +      + +   +
 +  Y+ +      + +X 7+
 +++++ ++++++++ +++++
    +            +
+++++ ++++++++++ +++++
+1        DA        3+
+     ++++++++++     +
+5       EGHB       6+
+     ++++++++++     +
+2        FC        4+
++++++++++++++++++++++

[NoOp, NoOp, NoOp, NoOp, Move(W), NoOp, NoOp, NoOp];489
[NoOp, NoOp, NoOp, NoOp, Move(W), NoOp, NoOp, NoOp];0
[NoOp, NoOp, NoOp, NoOp, Move(W), NoOp, NoOp, NoOp];0
[NoOp, NoOp, NoOp, NoOp, Move(W), NoOp, NoOp, NoOp];0
[NoOp, NoOp, NoOp, NoOp, Move(N), NoOp, NoOp, NoOp];0
[NoOp, NoOp, NoOp, NoOp, Move(N), NoOp, NoOp, NoOp];0
[NoOp, NoOp, NoOp, NoOp, Move(N), NoOp, NoOp, NoOp];0
[NoOp, NoOp, NoOp, NoOp, Move(N), NoOp, NoOp, NoOp];0
[NoOp, NoOp, NoOp, NoOp, Move(N), NoOp, NoOp, NoOp];0
[NoOp, NoOp, NoOp, NoOp, Move(N), NoOp, NoOp, NoOp];0
[NoOp, NoOp, NoOp, NoOp, Move(W), NoOp, NoOp, NoOp];0
[NoOp, NoOp, NoOp, NoOp, Move(W), NoOp, NoOp, NoOp];0
[NoOp, NoOp, NoOp, NoOp, Move(W), NoOp, NoOp, NoOp];0
[NoOp, NoOp, NoOp, NoOp, Move(W), NoOp, NoOp, NoOp];0
[NoOp, NoOp, NoOp, NoOp, Move(W), NoOp, NoOp, NoOp];0
[NoOp, NoOp, NoOp, NoOp, Move(W), NoOp, NoOp, NoOp];0
[NoOp, NoOp, NoOp, NoOp, Move(W), NoOp, NoOp, NoOp];0
[NoOp, NoOp, NoOp, NoOp, Move(W), NoOp, NoOp, NoOp];0
[NoOp, NoOp, NoOp, NoOp, Move(W), NoOp, NoOp, NoOp];0
[NoOp, NoOp, NoOp, NoOp, Move(W), NoOp, NoOp, NoOp];0
[NoOp, NoOp, NoOp, NoOp, Move(W), NoOp, NoOp, NoOp];0
[NoOp, NoOp, NoOp, NoOp, Move(S), NoOp, NoOp, NoOp];0
[NoOp, NoOp, NoOp, NoOp, Move(S), NoOp, NoOp, NoOp];0
[NoOp, NoOp, NoOp, NoOp, Move(S), NoOp, NoOp, NoOp];0
[NoOp, Move(E), NoOp, NoOp, Move(S), NoOp, NoOp, NoOp];0
[NoOp, Move(E), NoOp, NoOp, Move(S), NoOp, NoOp, NoOp];0
[NoOp, Move(E), NoOp, NoOp, Move(S), NoOp, NoOp, NoOp];0
[NoOp, Move(E), NoOp, NoOp, Move(E), NoOp, NoOp, NoOp];0
[NoOp, Move(N), NoOp, NoOp, Move(E), NoOp, NoOp, NoOp];1
[NoOp, Move(N), NoOp, NoOp, Move(E), NoOp, NoOp, NoOp];0
[NoOp, Move(E), NoOp, NoOp, Move(E), NoOp, NoOp, NoOp];0
[NoOp, Move(E), NoOp, NoOp, Pull(W,E), NoOp, NoOp, NoOp];0
[NoOp, Move(E), NoOp, NoOp, Pull(W,E), NoOp, NoOp, NoOp];0
[NoOp, Move(E), NoOp, NoOp, Pull(W,E), NoOp, NoOp, NoOp];0
[NoOp, Move(E), NoOp, NoOp, Pull(W,E), NoOp, NoOp, NoOp];0
[NoOp, Move(E), NoOp, NoOp, Pull(W,E), NoOp, NoOp, NoOp];0
[NoOp, Move(E), NoOp, NoOp, Push(E,N), NoOp, NoOp, NoOp];1
[NoOp, Move(E), NoOp, NoOp, Push(N,N), NoOp, NoOp, NoOp];0
[NoOp, Move(E), NoOp, NoOp, Push(N,N), NoOp, NoOp, NoOp];0
[NoOp, Move(E), NoOp, NoOp, Push(N,N), NoOp, NoOp, NoOp];0
[NoOp, Move(E), NoOp, NoOp, Push(N,N), NoOp, NoOp, NoOp];0
[NoOp, Move(S), NoOp, NoOp, Push(N,N), NoOp, NoOp, NoOp];0
[NoOp, Move(S), NoOp, NoOp, Push(N,E), NoOp, NoOp, NoOp];0
[NoOp, Move(W), NoOp, NoOp, Push(E,E), NoOp, NoOp, NoOp];0
[NoOp, Move(W), NoOp, NoOp, Push(E,E), NoOp, NoOp, NoOp];0
[NoOp, Move(W), NoOp, NoOp, Push(E,E), NoOp, NoOp, NoOp];0
[NoOp, Move(W), NoOp, NoOp, Push(E,E), NoOp, NoOp, NoOp];0
[NoOp, Pull(E,W), NoOp, NoOp, Push(E,E), NoOp, NoOp, NoOp];0
[NoOp, Pull(E,W), NoOp, NoOp, Push(E,E), NoOp, NoOp, NoOp];0
[NoOp, Pull(E,W), NoOp, NoOp, Push(E,E), NoOp, NoOp, NoOp];0
[NoOp, Pull(E,W), NoOp, NoOp, Push(E,E), NoOp, NoOp, NoOp];0
[NoOp, Pull(E,W), NoOp, NoOp, Push(E,E), NoOp, NoOp, NoOp];0
[NoOp, Push(W,N), NoOp, NoOp, Push(E,N), NoOp, NoOp, NoOp];0
[NoOp, Push(N,N), NoOp, NoOp, Push(N,N), NoOp, NoOp, NoOp];0
[NoOp, Push(N,W), NoOp, NoOp, Push(N,N), NoOp, NoOp, NoOp];0
[NoOp, Push(W,W), NoOp, NoOp, Push(N,N), NoOp, NoOp, NoOp];0
[NoOp, Push(W,W), NoOp, NoOp, Push(N,N), NoOp, NoOp, NoOp];0
[NoOp, Push(W,W), NoOp, NoOp, Push(N,E), NoOp, NoOp, NoOp];0
[NoOp, Push(W,W), NoOp, NoOp, Push(E,E), NoOp, NoOp, NoOp];0
[NoOp, Push(W,W), NoOp, NoOp, Push(E,E), NoOp, NoOp, NoOp];0
[NoOp, Push(W,W), NoOp, NoOp, Push(E,E), NoOp, NoOp, NoOp];1
[NoOp, Push(W,W), NoOp, NoOp, NoOp, NoOp, NoOp, NoOp];0
[NoOp, Push(W,W), NoOp, NoOp, NoOp, NoOp, NoOp, NoOp];0
[NoOp, Push(W,W), NoOp, NoOp, NoOp, NoOp, NoOp, NoOp];0
[NoOp, Push(W,N), NoOp, NoOp, NoOp, NoOp, NoOp, NoOp];0
[NoOp, Push(N,N), NoOp, NoOp, NoOp, NoOp, NoOp, NoOp];0
[NoOp, Push(N,N), NoOp, NoOp, NoOp, NoOp, NoOp, NoOp];0
[NoOp, Push(N,N), NoOp, NoOp, NoOp, NoOp, NoOp, NoOp];0
[NoOp, Push(N,N), NoOp, NoOp, NoOp, NoOp, NoOp, NoOp];0
[NoOp, Push(N,W), NoOp, NoOp, NoOp, NoOp, NoOp, NoOp];0
[NoOp, Push(W,W), NoOp, NoOp, NoOp, NoOp, NoOp, NoOp];0
[NoOp, Push(W,W), NoOp, NoOp, NoOp, NoOp, NoOp, NoOp];0
[NoOp, Push(W,W), NoOp, NoOp, NoOp, NoOp, NoOp, NoOp];0
[NoOp, NoOp, NoOp, Move(W), NoOp, NoOp, NoOp, NoOp];43
[NoOp, NoOp, NoOp, Move(S), NoOp, NoOp, NoOp, NoOp];0
[NoOp, NoOp, NoOp, Move(W), NoOp, NoOp, NoOp, NoOp];0
[NoOp, NoOp, NoOp, Move(W), NoOp, NoOp, NoOp, NoOp];0
[NoOp, NoOp, NoOp, Move(W), NoOp, NoOp, NoOp, NoOp];0
[NoOp, NoOp, NoOp, Move(N), NoOp, NoOp, NoOp, NoOp];0
[NoOp, NoOp, NoOp, Move(N), NoOp, NoOp, NoOp, NoOp];1
[NoOp, NoOp, NoOp, Move(N), NoOp, NoOp, NoOp, NoOp];0
[NoOp, NoOp, NoOp, Move(W), NoOp, NoOp, NoOp, NoOp];0
[NoOp, NoOp, NoOp, Move(W), NoOp, NoOp, NoOp, NoOp];0
[NoOp, NoOp, NoOp, Move(W), NoOp, NoOp, NoOp, NoOp];0
[NoOp, NoOp, NoOp, Move(W), NoOp, NoOp, NoOp, NoOp];0
[NoOp, NoOp, NoOp, Move(W), NoOp, NoOp, NoOp, NoOp];0
[NoOp, NoOp, NoOp, Move(W), NoOp, NoOp, NoOp, NoOp];0
[NoOp, NoOp, NoOp, Move(W), NoOp, NoOp, NoOp, NoOp];0
[NoOp, NoOp, NoOp, Move(W), NoOp, NoOp, NoOp, NoOp];0
[NoOp, NoOp, NoOp, Move(W), NoOp, NoOp, NoOp, NoOp];0
[NoOp, NoOp, NoOp, Move(W), NoOp, NoOp, NoOp, NoOp];0
[NoOp, NoOp, NoOp, Move(W), NoOp, NoOp, NoOp, NoOp];0
[NoOp, NoOp, Move(N), Move(S), NoOp, NoOp, NoOp, NoOp];0
[NoOp, NoOp, Move(E), Move(S), NoOp, NoOp, NoOp, NoOp];0
[NoOp, NoOp, Move(N), Move(S), NoOp, NoOp, NoOp, NoOp];0
[NoOp, NoOp, Move(E), Move(S), NoOp, NoOp, NoOp, NoOp];0
[NoOp, NoOp, Move(E), Move(E), NoOp, NoOp, NoOp, NoOp];0
[NoOp, NoOp, Move(E), Move(E), NoOp, NoOp, NoOp, NoOp];0
[NoOp, NoOp, Move(N), Move(E), NoOp, NoOp, NoOp, NoOp];0
[NoOp, NoOp, Move(N), Pull(W,E), NoOp, NoOp, NoOp, NoOp];0
[NoOp, NoOp, Move(N), Pull(W,E), NoOp, NoOp, NoOp, NoOp];0
[NoOp, NoOp, Move(N), Pull(W,E), NoOp, NoOp, NoOp, NoOp];0
[NoOp, NoOp, Move(E), Pull(N,E), NoOp, NoOp, NoOp, NoOp];0
[NoOp, NoOp, Move(E), Push(S,W), NoOp, NoOp, NoOp, NoOp];0
[NoOp, NoOp, Move(E), Push(W,N), NoOp, NoOp, NoOp, NoOp];0
[NoOp, NoOp, Move(E), Push(N,N), NoOp, NoOp, NoOp, NoOp];0
[NoOp, NoOp, Move(E), Push(N,E), NoOp, NoOp, NoOp, NoOp];0
[NoOp, NoOp, Move(E), Push(E,N), NoOp, NoOp, NoOp, NoOp];0
[NoOp, NoOp, Move(E), Push(N,N), NoOp, NoOp, NoOp, NoOp];0
[NoOp, NoOp, Move(E), Push(N,E), NoOp, NoOp, NoOp, NoOp];0
[NoOp, NoOp, Move(E), Push(E,E), NoOp, NoOp, NoOp, NoOp];0
[NoOp, NoOp, Move(E), Push(E,E), NoOp, NoOp, NoOp, NoOp];0
[NoOp, NoOp, Move(E), Push(E,E), NoOp, NoOp, NoOp, NoOp];0
[NoOp, NoOp, Move(S), Push(E,E), NoOp, NoOp, NoOp, NoOp];0
[NoOp, NoOp, Move(S), Push(E,E), NoOp, NoOp, NoOp, NoOp];0
[NoOp, NoOp, Move(S), Push(E,E), NoOp, NoOp, NoOp, NoOp];0
[NoOp, NoOp, Move(S), Push(E,E), NoOp, NoOp, NoOp, NoOp];0
[NoOp, NoOp, Move(W), Push(E,E), NoOp, NoOp, NoOp, NoOp];0
[NoOp, NoOp, Move(W), Push(E,E), NoOp, NoOp, NoOp, NoOp];0
[NoOp, NoOp, Move(W), Push(E,N), NoOp, NoOp, NoOp, NoOp];0
[NoOp, NoOp, Pull(E,W), Push(N,N), NoOp, NoOp, NoOp, NoOp];0
[NoOp, NoOp, Pull(E,W), Push(N,N), NoOp, NoOp, NoOp, NoOp];0
[NoOp, NoOp, Pull(E,W), Push(N,N), NoOp, NoOp, NoOp, NoOp];0
[NoOp, NoOp, Pull(S,W), Push(N,N), NoOp, NoOp, NoOp, NoOp];0
[NoOp, NoOp, Push(N,N), Push(N,E), NoOp, NoOp, NoOp, NoOp];0
[NoOp, NoOp, Push(N,N), Push(E,E), NoOp, NoOp, NoOp, NoOp];0
[NoOp, Move(E), NoOp, NoOp, NoOp, NoOp, NoOp, NoOp];15
[NoOp, Move(E), NoOp, NoOp, NoOp, NoOp, NoOp, NoOp];0
[NoOp, Move(E), NoOp, NoOp, NoOp, NoOp, NoOp, NoOp];0
[NoOp, Move(S), NoOp, NoOp, NoOp, NoOp, NoOp, NoOp];1
[NoOp, Move(S), NoOp, NoOp, NoOp, NoOp, NoOp, NoOp];0
[NoOp, Move(S), NoOp, NoOp, NoOp, NoOp, NoOp, NoOp];0
[NoOp, Move(S), NoOp, NoOp, NoOp, NoOp, NoOp, NoOp];0
[NoOp, Move(S), NoOp, NoOp, NoOp, NoOp, NoOp, NoOp];0
[NoOp, Move(E), NoOp, NoOp, NoOp, NoOp, NoOp, NoOp];0
[NoOp, Move(E), NoOp, NoOp, NoOp, NoOp, NoOp, NoOp];0
[NoOp, Move(E), NoOp, NoOp, NoOp, NoOp, NoOp, NoOp];0
[NoOp, Move(E), NoOp, NoOp, NoOp, NoOp, NoOp, NoOp];0
[NoOp, Move(E), NoOp, NoOp, NoOp, NoOp, NoOp, NoOp];0
[NoOp, Move(E), NoOp, NoOp, NoOp, NoOp, NoOp, NoOp];0
[NoOp, Move(E), NoOp, NoOp, NoOp, NoOp, NoOp, NoOp];0
[NoOp, Move(E), NoOp, NoOp, NoOp, NoOp, NoOp, NoOp];0
[NoOp, Move(E), NoOp, NoOp, NoOp, NoOp, NoOp, NoOp];0
[NoOp, Move(E), NoOp, NoOp, NoOp, NoOp, NoOp, NoOp];0
[NoOp, Move(S), NoOp, NoOp, NoOp, NoOp, NoOp, NoOp];0
[NoOp, Push(S,E), NoOp, NoOp, NoOp, NoOp, NoOp, NoOp];0
[NoOp, Push(E,E), NoOp, NoOp, NoOp, NoOp, NoOp, NoOp];0
[NoOp, Push(E,E), NoOp, NoOp, NoOp, NoOp, NoOp, NoOp];0
[NoOp, Move(S), NoOp, NoOp, NoOp, NoOp, NoOp, NoOp];3
[NoOp, Move(E), NoOp, NoOp, NoOp, NoOp, NoOp, NoOp];0
[NoOp, Push(N,W), NoOp, NoOp, NoOp, NoOp, NoOp, NoOp];0
[NoOp, Push(W,W), NoOp, NoOp, NoOp, NoOp, NoOp, NoOp];0
[NoOp, Push(W,W), NoOp, NoOp, NoOp, NoOp, NoOp, NoOp];0
[NoOp, Push(W,N), NoOp, NoOp, NoOp, NoOp, NoOp, NoOp];0
[NoOp, Push(N,N), NoOp, NoOp, NoOp, NoOp, NoOp, NoOp];0
[NoOp, Push(N,W), NoOp, NoOp, NoOp, NoOp, NoOp, NoOp];0
[NoOp, Push(W,W), NoOp, NoOp, NoOp, NoOp, NoOp, NoOp];0
[NoOp, Push(W,W), NoOp, NoOp, NoOp, NoOp, NoOp, NoOp];0
[NoOp, Push(W,W), NoOp, NoOp, NoOp, NoOp, NoOp, NoOp];1
[NoOp, Push(W,W), NoOp, NoOp, NoOp, NoOp, NoOp, NoOp];0
[NoOp, Push(W,W), NoOp, NoOp, NoOp, NoOp, NoOp, NoOp];0
[NoOp, Push(W,W), NoOp, NoOp, NoOp, NoOp, NoOp, NoOp];0
[NoOp, Push(W,W), NoOp, NoOp, NoOp, NoOp, NoOp, NoOp];0
[NoOp, Push(W,W), NoOp, NoOp, NoOp, NoOp, NoOp, NoOp];0
[NoOp, Push(W,W), NoOp, NoOp, NoOp, NoOp, NoOp, NoOp];0
[NoOp, Push(W,N), NoOp, NoOp, NoOp, NoOp, NoOp, NoOp];0
[NoOp, Push(N,N), NoOp, NoOp, NoOp, NoOp, NoOp, NoOp];0
[NoOp, Push(N,N), NoOp, NoOp, NoOp, NoOp, NoOp, NoOp];1
[NoOp, Push(N,N), NoOp, NoOp, NoOp, NoOp, NoOp, NoOp];0
[NoOp, Push(N,N), NoOp, NoOp, NoOp, NoOp, NoOp, NoOp];0
[NoOp, Push(N,W), NoOp, NoOp, NoOp, NoOp, NoOp, NoOp];0
[NoOp, Push(W,W), NoOp, NoOp, NoOp, NoOp, NoOp, NoOp];0
[NoOp, Push(W,W), NoOp, NoOp, NoOp, NoOp, NoOp, NoOp];0
[NoOp, Move(E), NoOp, NoOp, NoOp, NoOp, NoOp, NoOp];14
[NoOp, Move(E), NoOp, NoOp, NoOp, NoOp, NoOp, NoOp];0
[NoOp, Move(S), NoOp, NoOp, NoOp, NoOp, NoOp, NoOp];0
[NoOp, Move(S), NoOp, NoOp, NoOp, NoOp, NoOp, NoOp];0
[NoOp, Move(S), NoOp, NoOp, NoOp, NoOp, NoOp, NoOp];0
[NoOp, Move(S), NoOp, NoOp, NoOp, NoOp, NoOp, NoOp];0
[NoOp, Move(S), NoOp, NoOp, NoOp, NoOp, NoOp, NoOp];0
[NoOp, Move(W), NoOp, NoOp, NoOp, NoOp, NoOp, NoOp];0
[NoOp, Move(S), NoOp, NoOp, NoOp, NoOp, NoOp, NoOp];1
[NoOp, Move(S), NoOp, NoOp, NoOp, NoOp, NoOp, NoOp];0
[NoOp, Move(S), NoOp, NoOp, NoOp, NoOp, NoOp, NoOp];0
[NoOp, Move(S), NoOp, NoOp, NoOp, NoOp, NoOp, NoOp];0
[NoOp, Move(S), NoOp, NoOp, NoOp, NoOp, NoOp, NoOp];0
[NoOp, Move(S), NoOp, NoOp, NoOp, NoOp, NoOp, NoOp];0
[NoOp, Move(E), NoOp, NoOp, NoOp, NoOp, NoOp, NoOp];0
[NoOp, Move(E), NoOp, NoOp, NoOp, NoOp, NoOp, NoOp];0
[NoOp, Move(E), NoOp, NoOp, NoOp, NoOp, NoOp, NoOp];0
[NoOp, Move(E), NoOp, NoOp, NoOp, NoOp, NoOp, NoOp];0
[NoOp, Move(E), NoOp, NoOp, NoOp, NoOp, NoOp, NoOp];0
[NoOp, Push(E,E), NoOp, NoOp, NoOp, NoOp, NoOp, NoOp];0
[NoOp, Push(E,E), NoOp, NoOp, NoOp, NoOp, NoOp, NoOp];0
[NoOp, Push(E,E), NoOp, NoOp, NoOp, NoOp, NoOp, NoOp];0
[NoOp, Push(E,E), NoOp, NoOp, NoOp, NoOp, NoOp, NoOp];0
[NoOp, Push(E,E), NoOp, NoOp, NoOp, NoOp, NoOp, NoOp];0
[NoOp, Push(E,E), NoOp, NoOp, NoOp, NoOp, NoOp, NoOp];0
[NoOp, Push(E,E), NoOp, NoOp, NoOp, NoOp, NoOp, NoOp];0
[NoOp, NoOp, Move(E), NoOp, NoOp, NoOp, NoOp, NoOp];7
[NoOp, NoOp, Move(E), NoOp, NoOp, NoOp, NoOp, NoOp];0
[NoOp, NoOp, Move(S), NoOp, NoOp, NoOp, NoOp, NoOp];0
[NoOp, NoOp, Move(S), NoOp, NoOp, NoOp, NoOp, NoOp];0
[NoOp, NoOp, Push(S,E), NoOp, NoOp, NoOp, NoOp, NoOp];0
[NoOp, NoOp, Push(E,E), NoOp, NoOp, NoOp, NoOp, NoOp];1
[NoOp, NoOp, Move(N), NoOp, NoOp, NoOp, NoOp, NoOp];16
[NoOp, NoOp, Move(N), NoOp, NoOp, NoOp, NoOp, NoOp];0
[NoOp, NoOp, Move(S), NoOp, NoOp, NoOp, NoOp, NoOp];17
[NoOp, NoOp, Move(E), NoOp, NoOp, NoOp, NoOp, NoOp];0
[NoOp, NoOp, Pull(W,S), NoOp, NoOp, NoOp, NoOp, NoOp];0
[NoOp, NoOp, Pull(W,E), NoOp, NoOp, NoOp, NoOp, NoOp];0
[NoOp, NoOp, Pull(W,E), NoOp, NoOp, NoOp, NoOp, NoOp];0
[NoOp, NoOp, NoOp, Pull(W,E), NoOp, NoOp, NoOp, NoOp];16
[NoOp, NoOp, NoOp, Pull(W,E), NoOp, NoOp, NoOp, NoOp];0
[NoOp, NoOp, NoOp, Push(E,S), NoOp, NoOp, NoOp, NoOp];0
[NoOp, NoOp, NoOp, Push(S,S), NoOp, NoOp, NoOp, NoOp];0
[NoOp, NoOp, NoOp, Push(S,S), NoOp, NoOp, NoOp, NoOp];0
[NoOp, NoOp, NoOp, Push(S,S), NoOp, NoOp, NoOp, NoOp];0
[NoOp, NoOp, NoOp, Push(S,S), NoOp, NoOp, NoOp, NoOp];0
[NoOp, NoOp, NoOp, Push(S,E), NoOp, NoOp, NoOp, NoOp];0
[NoOp, NoOp, NoOp, Push(E,S), NoOp, NoOp, NoOp, NoOp];0
[NoOp, NoOp, NoOp, Push(S,S), NoOp, NoOp, NoOp, NoOp];0
[NoOp, NoOp, NoOp, NoOp, Move(W), NoOp, NoOp, NoOp];4
[NoOp, NoOp, NoOp, NoOp, Move(W), NoOp, NoOp, NoOp];0
[NoOp, NoOp, NoOp, NoOp, Move(W), NoOp, NoOp, NoOp];0
[NoOp, NoOp, NoOp, NoOp, Move(S), NoOp, NoOp, NoOp];0
[NoOp, NoOp, NoOp, NoOp, Move(S), NoOp, NoOp, NoOp];0
[NoOp, NoOp, NoOp, NoOp, Move(S), NoOp, NoOp, NoOp];0
[NoOp, NoOp, NoOp, NoOp, Move(S), NoOp, NoOp, NoOp];0
[NoOp, NoOp, NoOp, NoOp, Move(S), NoOp, NoOp, NoOp];0
[NoOp, NoOp, NoOp, NoOp, Move(W), NoOp, NoOp, NoOp];0
[NoOp, NoOp, NoOp, Pull(N,S), NoOp, NoOp, NoOp, NoOp];2
[NoOp, NoOp, NoOp, Pull(W,S), NoOp, NoOp, NoOp, NoOp];0
[NoOp, NoOp, NoOp, Pull(N,E), NoOp, NoOp, NoOp, NoOp];0
[NoOp, NoOp, NoOp, Pull(N,S), NoOp, NoOp, NoOp, NoOp];0
[NoOp, NoOp, NoOp, Pull(N,S), NoOp, NoOp, NoOp, NoOp];0
[NoOp, NoOp, NoOp, Pull(N,S), NoOp, NoOp, NoOp, NoOp];0
[NoOp, NoOp, NoOp, Pull(N,S), NoOp, NoOp, NoOp, NoOp];0
[NoOp, NoOp, NoOp, Pull(W,S), NoOp, NoOp, NoOp, NoOp];0
[NoOp, NoOp, NoOp, Push(E,E), NoOp, NoOp, NoOp, NoOp];0
[NoOp, NoOp, NoOp, Push(E,E), NoOp, NoOp, NoOp, NoOp];0
[NoOp, NoOp, NoOp, Push(E,E), NoOp, NoOp, NoOp, NoOp];0
[NoOp, NoOp, Push(E,N), NoOp, NoOp, NoOp, NoOp, NoOp];11
[NoOp, NoOp, Push(N,N), NoOp, NoOp, NoOp, NoOp, NoOp];1
[NoOp, NoOp, NoOp, NoOp, Move(E), NoOp, NoOp, NoOp];7
[NoOp, NoOp, Move(E), NoOp, Move(E), NoOp, NoOp, NoOp];0
[NoOp, NoOp, Move(N), NoOp, Move(S), NoOp, NoOp, NoOp];0
[NoOp, NoOp, Push(W,S), NoOp, Move(S), NoOp, NoOp, NoOp];1
[NoOp, NoOp, Push(S,W), NoOp, Move(W), NoOp, NoOp, NoOp];0
[NoOp, NoOp, Push(W,W), NoOp, Move(W), NoOp, NoOp, NoOp];0
[NoOp, NoOp, Push(W,N), NoOp, Move(W), NoOp, NoOp, NoOp];0
[NoOp, NoOp, Push(N,N), NoOp, Move(W), NoOp, NoOp, NoOp];0
[NoOp, NoOp, Push(N,N), NoOp, Move(W), NoOp, NoOp, NoOp];0
[NoOp, NoOp, Push(N,N), NoOp, Pull(E,W), NoOp, NoOp, NoOp];0
[NoOp, NoOp, Push(N,W), NoOp, Pull(E,W), NoOp, NoOp, NoOp];0
[NoOp, NoOp, Push(W,W), NoOp, Pull(E,W), NoOp, NoOp, NoOp];0
[NoOp, NoOp, Push(W,W), NoOp, Pull(E,W), NoOp, NoOp, NoOp];0
[NoOp, NoOp, Push(W,W), NoOp, Pull(E,W), NoOp, NoOp, NoOp];0
[NoOp, NoOp, Push(W,W), NoOp, Pull(S,W), NoOp, NoOp, NoOp];0
[NoOp, NoOp, Push(W,W), NoOp, Push(N,N), NoOp, NoOp, NoOp];0
[NoOp, NoOp, Push(W,W), NoOp, Push(N,N), NoOp, NoOp, NoOp];0
[NoOp, NoOp, Push(W,W), NoOp, Push(N,W), NoOp, NoOp, NoOp];0
[NoOp, NoOp, Push(W,W), NoOp, Push(W,N), NoOp, NoOp, NoOp];0
[NoOp, NoOp, Push(W,W), NoOp, Push(N,N), NoOp, NoOp, NoOp];0
[NoOp, NoOp, Push(W,N), NoOp, Push(N,N), NoOp, NoOp, NoOp];0
[NoOp, NoOp, Push(N,N), NoOp, Push(N,N), NoOp, NoOp, NoOp];0
[NoOp, NoOp, Push(N,N), NoOp, Push(N,N), NoOp, NoOp, NoOp];0
[NoOp, NoOp, Push(N,N), NoOp, Push(N,E), NoOp, NoOp, NoOp];0
[NoOp, NoOp, Push(N,N), NoOp, NoOp, NoOp, NoOp, NoOp];2
[NoOp, NoOp, Push(N,W), NoOp, NoOp, NoOp, NoOp, NoOp];0
[NoOp, NoOp, Push(W,W), NoOp, NoOp, NoOp, NoOp, NoOp];0
[NoOp, NoOp, NoOp, NoOp, Move(W), Move(E), Move(W), NoOp];215
[NoOp, NoOp, NoOp, Push(W,W), NoOp, Move(E), Move(W), NoOp];0
[NoOp, NoOp, NoOp, Push(W,S), NoOp, Move(E), Move(W), NoOp];0
[NoOp, NoOp, NoOp, Push(S,S), NoOp, Move(E), Move(W), NoOp];0
[NoOp, NoOp, NoOp, Push(S,S), NoOp, Move(E), Move(W), NoOp];0
[NoOp, NoOp, NoOp, Push(S,S), NoOp, Move(E), Move(W), NoOp];0
[NoOp, NoOp, NoOp, Push(S,S), NoOp, Move(E), Move(W), NoOp];0
[NoOp, NoOp, NoOp, Push(S,W), NoOp, Move(E), Move(W), NoOp];1
[NoOp, NoOp, NoOp, Push(W,W), NoOp, Pull(W,E), Pull(E,W), NoOp];0
[NoOp, NoOp, NoOp, NoOp, NoOp, Pull(W,E), Pull(E,W), NoOp];0
[NoOp, NoOp, NoOp, NoOp, NoOp, Pull(W,E), Pull(E,W), NoOp];0
[NoOp, NoOp, NoOp, NoOp, NoOp, Pull(W,E), Pull(E,W), NoOp];0
[NoOp, NoOp, NoOp, NoOp, NoOp, Pull(W,E), Pull(N,W), NoOp];0
[NoOp, NoOp, NoOp, NoOp, NoOp, Push(E,N), Push(S,E), NoOp];1
[NoOp, NoOp, NoOp, NoOp, NoOp, Push(N,N), Push(E,N), NoOp];0
[NoOp, NoOp, NoOp, NoOp, NoOp, Push(N,N), Push(N,N), NoOp];0
[NoOp, NoOp, NoOp, NoOp, NoOp, Push(N,N), Push(N,W), NoOp];0
[NoOp, NoOp, NoOp, NoOp, NoOp, Push(N,E), Push(W,N), NoOp];0
[NoOp, NoOp, NoOp, NoOp, NoOp, Push(E,N), Push(N,N), NoOp];0
[NoOp, NoOp, NoOp, NoOp, NoOp, Push(N,N), Push(N,W), NoOp];0
[NoOp, NoOp, NoOp, NoOp, NoOp, Push(N,N), Push(W,N), NoOp];0
[NoOp, NoOp, NoOp, NoOp, NoOp, Push(N,N), Push(N,N), NoOp];1
[NoOp, NoOp, NoOp, NoOp, NoOp, Push(N,N), Push(N,N), NoOp];0
[NoOp, NoOp, NoOp, Move(E), NoOp, NoOp, NoOp, NoOp];112
[NoOp, NoOp, NoOp, Move(E), NoOp, NoOp, NoOp, NoOp];1
[NoOp, NoOp, NoOp, Move(S), NoOp, NoOp, NoOp, NoOp];0
[NoOp, NoOp, NoOp, Move(S), NoOp, NoOp, NoOp, NoOp];0
[NoOp, NoOp, NoOp, Move(W), NoOp, NoOp, NoOp, NoOp];0
[NoOp, NoOp, NoOp, NoOp, NoOp, NoOp, Pull(S,N), NoOp];122
[NoOp, NoOp, NoOp, NoOp, NoOp, NoOp, Pull(S,N), NoOp];0
[NoOp, NoOp, NoOp, NoOp, NoOp, NoOp, Pull(E,N), NoOp];1
[NoOp, NoOp, NoOp, NoOp, NoOp, NoOp, Push(W,W), NoOp];0
[NoOp, NoOp, NoOp, NoOp, NoOp, NoOp, Pull(N,W), NoOp];0
[NoOp, NoOp, NoOp, NoOp, NoOp, NoOp, Push(S,E), NoOp];0
[NoOp, NoOp, NoOp, NoOp, NoOp, NoOp, Push(E,S), NoOp];0
[NoOp, NoOp, NoOp, NoOp, NoOp, NoOp, Push(S,S), NoOp];0
[NoOp, NoOp, NoOp, NoOp, NoOp, NoOp, Push(S,S), NoOp];0
[NoOp, NoOp, NoOp, NoOp, NoOp, NoOp, Push(S,E), NoOp];0
[NoOp, NoOp, NoOp, NoOp, Move(E), NoOp, NoOp, NoOp];2
[NoOp, NoOp, NoOp, NoOp, Move(S), NoOp, NoOp, NoOp];0
[NoOp, NoOp, NoOp, NoOp, Move(S), NoOp, NoOp, NoOp];0
[NoOp, NoOp, NoOp, NoOp, Move(S), NoOp, NoOp, NoOp];0
[NoOp, NoOp, NoOp, NoOp, Move(S), NoOp, NoOp, NoOp];0
[NoOp, NoOp, NoOp, NoOp, Move(S), NoOp, NoOp, NoOp];0
[NoOp, NoOp, NoOp, NoOp, Move(E), NoOp, NoOp, NoOp];0
[NoOp, NoOp, NoOp, NoOp, Move(S), NoOp, NoOp, NoOp];0
[NoOp, NoOp, NoOp, NoOp, Move(S), NoOp, NoOp, NoOp];0
[NoOp, NoOp, NoOp, NoOp, Move(E), NoOp, NoOp, NoOp];0
[NoOp, NoOp, NoOp, Move(E), NoOp, NoOp, NoOp, NoOp];1
[NoOp, NoOp, NoOp, Move(N), NoOp, NoOp, NoOp, NoOp];0
[NoOp, NoOp, NoOp, Move(N), NoOp, NoOp, NoOp, NoOp];0
[NoOp, NoOp, NoOp, Move(W), NoOp, NoOp, NoOp, NoOp];0
[NoOp, NoOp, NoOp, Move(W), NoOp, NoOp, NoOp, NoOp];0
[NoOp, NoOp, NoOp, Pull(E,W), NoOp, NoOp, NoOp, NoOp];0
[NoOp, NoOp, NoOp, Pull(N,W), NoOp, NoOp, NoOp, NoOp];0
[NoOp, NoOp, NoOp, Pull(N,S), NoOp, NoOp, NoOp, NoOp];0
[NoOp, NoOp, NoOp, Pull(N,S), NoOp, NoOp, NoOp, NoOp];0
[NoOp, NoOp, NoOp, Pull(N,S), NoOp, NoOp, NoOp, NoOp];0
[NoOp, NoOp, NoOp, Pull(N,S), NoOp, NoOp, NoOp, NoOp];0
[NoOp, NoOp, NoOp, Pull(W,S), NoOp, NoOp, NoOp, NoOp];0
[NoOp, NoOp, NoOp, Push(E,E), NoOp, NoOp, NoOp, NoOp];0
[NoOp, NoOp, NoOp, Push(E,E), NoOp, NoOp, NoOp, NoOp];0
[NoOp, NoOp, NoOp, NoOp, NoOp, Pull(S,N), NoOp, NoOp];8
[NoOp, NoOp, NoOp, NoOp, NoOp, Pull(S,N), NoOp, NoOp];0
[NoOp, NoOp, NoOp, NoOp, NoOp, Pull(S,N), NoOp, NoOp];0
[NoOp, NoOp, NoOp, NoOp, NoOp, Pull(S,N), NoOp, NoOp];0
[NoOp, NoOp, NoOp, NoOp, NoOp, Pull(E,N), NoOp, NoOp];1
[NoOp, NoOp, NoOp, NoOp, NoOp, Push(W,W), NoOp, NoOp];0
[NoOp, NoOp, NoOp, NoOp, NoOp, Push(W,S), NoOp, NoOp];0
[NoOp, NoOp, NoOp, NoOp, NoOp, Pull(E,S), Move(S), NoOp];2
[NoOp, NoOp, NoOp, NoOp, NoOp, Pull(N,W), Move(E), NoOp];0
[NoOp, NoOp, NoOp, NoOp, NoOp, Pull(N,S), Push(N,W), NoOp];0
[NoOp, NoOp, NoOp, NoOp, NoOp, Pull(N,S), Push(W,N), NoOp];0
[NoOp, NoOp, NoOp, NoOp, NoOp, Pull(N,S), Push(N,N), NoOp];0
[NoOp, NoOp, NoOp, NoOp, NoOp, Pull(N,S), Push(N,N), NoOp];0
[NoOp, NoOp, NoOp, NoOp, NoOp, Pull(E,S), Push(N,W), NoOp];0
[NoOp, NoOp, NoOp, NoOp, NoOp, NoOp, Move(S), NoOp];2
[NoOp, NoOp, NoOp, NoOp, NoOp, NoOp, Move(S), NoOp];0
[NoOp, NoOp, NoOp, NoOp, NoOp, NoOp, Move(W), NoOp];0
[NoOp, NoOp, NoOp, NoOp, NoOp, NoOp, Move(W), NoOp];0
[NoOp, NoOp, NoOp, NoOp, NoOp, NoOp, Move(W), NoOp];0
[NoOp, NoOp, NoOp, NoOp, NoOp, NoOp, Move(W), NoOp];0
[NoOp, NoOp, NoOp, NoOp, NoOp, NoOp, Move(W), NoOp];0
[NoOp, NoOp, NoOp, NoOp, NoOp, NoOp, Move(W), NoOp];0
[NoOp, NoOp, NoOp, NoOp, NoOp, NoOp, Move(W), NoOp];0
[NoOp, NoOp, NoOp, NoOp, NoOp, NoOp, Move(W), NoOp];0
[NoOp, NoOp, NoOp, NoOp, NoOp, NoOp, Move(W), NoOp];0
[NoOp, NoOp, NoOp, NoOp, NoOp, NoOp, Move(W), NoOp];0
[NoOp, NoOp, NoOp, NoOp, NoOp, NoOp, Move(W), NoOp];0
[NoOp, NoOp, NoOp, NoOp, NoOp, NoOp, Move(N), NoOp];0
[NoOp, NoOp, NoOp, NoOp, NoOp, NoOp, Move(N), NoOp];0
[NoOp, NoOp, NoOp, NoOp, NoOp, NoOp, Move(E), NoOp];0
[NoOp, NoOp, NoOp, NoOp, NoOp, NoOp, Move(N), NoOp];0
[NoOp, NoOp, NoOp, NoOp, NoOp, NoOp, Move(N), NoOp];0
[NoOp, NoOp, NoOp, NoOp, NoOp, NoOp, Move(N), NoOp];1
[NoOp, NoOp, NoOp, NoOp, NoOp, NoOp, Move(N), NoOp];0
[NoOp, NoOp, NoOp, NoOp, NoOp, NoOp, Pull(S,N), NoOp];0
[NoOp, NoOp, NoOp, NoOp, NoOp, NoOp, Pull(S,N), NoOp];5
[NoOp, NoOp, NoOp, NoOp, NoOp, NoOp, Pull(S,N), NoOp];0
[NoOp, NoOp, NoOp, NoOp, NoOp, NoOp, Pull(S,N), NoOp];0
[NoOp, NoOp, NoOp, NoOp, NoOp, NoOp, Pull(E,N), NoOp];0
[NoOp, NoOp, NoOp, NoOp, NoOp, NoOp, Push(W,W), NoOp];0
[NoOp, NoOp, NoOp, NoOp, NoOp, NoOp, Push(W,S), NoOp];0
[NoOp, NoOp, NoOp, NoOp, NoOp, Move(W), NoOp, NoOp];2
[NoOp, NoOp, NoOp, NoOp, NoOp, Move(S), NoOp, NoOp];0
[NoOp, NoOp, Pull(E,W), NoOp, NoOp, Move(S), NoOp, NoOp];0
[NoOp, NoOp, Pull(E,W), NoOp, NoOp, Move(S), NoOp, NoOp];0
[NoOp, NoOp, Push(W,S), NoOp, NoOp, Move(S), NoOp, NoOp];0
[NoOp, NoOp, Move(W), NoOp, NoOp, Move(S), NoOp, NoOp];0
[NoOp, NoOp, Move(W), NoOp, NoOp, Move(E), NoOp, NoOp];0
[NoOp, NoOp, Move(E), NoOp, NoOp, NoOp, NoOp, NoOp];1
[NoOp, NoOp, Move(E), NoOp, NoOp, NoOp, NoOp, NoOp];0
[NoOp, NoOp, Pull(W,S), NoOp, NoOp, NoOp, NoOp, NoOp];0
[NoOp, NoOp, Push(E,E), NoOp, NoOp, NoOp, NoOp, NoOp];0
[NoOp, NoOp, Pull(S,E), NoOp, NoOp, NoOp, NoOp, NoOp];0
[NoOp, NoOp, Push(N,W), NoOp, NoOp, NoOp, NoOp, NoOp];0
[NoOp, NoOp, Push(W,W), NoOp, NoOp, NoOp, NoOp, NoOp];0
[NoOp, NoOp, NoOp, NoOp, NoOp, Move(E), NoOp, NoOp];2
[NoOp, NoOp, NoOp, NoOp, NoOp, Move(E), Pull(E,S), NoOp];0
[NoOp, NoOp, NoOp, NoOp, NoOp, Move(E), Pull(N,W), NoOp];0
[NoOp, NoOp, NoOp, NoOp, NoOp, Move(E), Pull(N,S), NoOp];0
[NoOp, NoOp, NoOp, NoOp, NoOp, Move(E), Pull(N,S), NoOp];0
[NoOp, NoOp, NoOp, NoOp, NoOp, Move(E), Pull(N,S), NoOp];0
[NoOp, NoOp, NoOp, NoOp, NoOp, Move(E), Pull(N,S), NoOp];0
[NoOp, NoOp, NoOp, NoOp, NoOp, Push(E,N), Pull(E,S), NoOp];0
[NoOp, NoOp, NoOp, NoOp, NoOp, Move(W), NoOp, NoOp];3
[NoOp, NoOp, NoOp, NoOp, NoOp, Move(W), NoOp, NoOp];0
[NoOp, NoOp, NoOp, NoOp, NoOp, Move(W), NoOp, NoOp];0
[NoOp, NoOp, NoOp, NoOp, NoOp, Move(W), NoOp, NoOp];0
[NoOp, NoOp, NoOp, NoOp, NoOp, Move(W), NoOp, NoOp];0
[NoOp, NoOp, NoOp, NoOp, NoOp, Move(W), NoOp, NoOp];0
[NoOp, NoOp, NoOp, NoOp, NoOp, Move(W), NoOp, NoOp];0
[NoOp, NoOp, NoOp, NoOp, NoOp, Move(W), NoOp, NoOp];0
[NoOp, NoOp, NoOp, NoOp, NoOp, Move(W), NoOp, NoOp];0
[NoOp, NoOp, NoOp, NoOp, NoOp, Move(N), NoOp, NoOp];0
[NoOp, NoOp, NoOp, NoOp, NoOp, Move(N), NoOp, NoOp];0
[NoOp, NoOp, NoOp, NoOp, NoOp, Move(N), NoOp, NoOp];0
[NoOp, NoOp, NoOp, NoOp, NoOp, Move(N), NoOp, NoOp];0
[NoOp, NoOp, NoOp, NoOp, NoOp, Pull(S,N), NoOp, NoOp];0
[NoOp, NoOp, NoOp, NoOp, NoOp, Pull(S,N), NoOp, NoOp];4
[NoOp, NoOp, NoOp, NoOp, NoOp, Pull(S,N), NoOp, NoOp];1
[NoOp, NoOp, NoOp, NoOp, NoOp, Pull(S,N), NoOp, NoOp];0
[NoOp, NoOp, NoOp, NoOp, NoOp, Pull(E,N), NoOp, NoOp];0
[NoOp, NoOp, NoOp, NoOp, NoOp, Push(W,W), NoOp, NoOp];0
[NoOp, NoOp, NoOp, NoOp, NoOp, Push(W,S), NoOp, NoOp];0
[NoOp, NoOp, NoOp, NoOp, NoOp, NoOp, Move(W), NoOp];2
[NoOp, NoOp, NoOp, NoOp, NoOp, NoOp, Move(S), NoOp];0
[NoOp, NoOp, Pull(E,W), NoOp, NoOp, NoOp, Move(S), NoOp];0
[NoOp, NoOp, Pull(E,W), NoOp, NoOp, NoOp, Move(S), NoOp];0
[NoOp, NoOp, Push(W,S), NoOp, NoOp, NoOp, Move(S), NoOp];0
[NoOp, NoOp, Move(W), NoOp, NoOp, NoOp, Move(S), NoOp];0
[NoOp, NoOp, Move(W), NoOp, NoOp, NoOp, Move(E), NoOp];0
[NoOp, NoOp, Move(E), NoOp, NoOp, NoOp, NoOp, NoOp];1
[NoOp, NoOp, Move(E), NoOp, NoOp, NoOp, NoOp, NoOp];0
[NoOp, NoOp, Pull(E,S), NoOp, NoOp, NoOp, NoOp, NoOp];0
[NoOp, NoOp, Push(W,W), NoOp, NoOp, NoOp, NoOp, NoOp];0
[NoOp, NoOp, Push(W,W), NoOp, NoOp, NoOp, NoOp, NoOp];0
[NoOp, NoOp, NoOp, NoOp, NoOp, NoOp, Move(E), NoOp];2
[NoOp, NoOp, NoOp, NoOp, NoOp, NoOp, Move(E), NoOp];1
[NoOp, NoOp, NoOp, NoOp, NoOp, Pull(E,S), Move(E), NoOp];0
[NoOp, NoOp, NoOp, NoOp, NoOp, Pull(N,W), Move(E), NoOp];0
[NoOp, NoOp, NoOp, NoOp, NoOp, Pull(N,S), Move(E), NoOp];0
[NoOp, NoOp, NoOp, NoOp, NoOp, Pull(N,S), Move(E), NoOp];0
[NoOp, NoOp, NoOp, NoOp, NoOp, Pull(N,S), Move(E), NoOp];0
[NoOp, NoOp, NoOp, NoOp, NoOp, Pull(N,S), Move(E), NoOp];0
[NoOp, NoOp, NoOp, NoOp, NoOp, Pull(E,S), Push(N,N), NoOp];0
[NoOp, NoOp, NoOp, NoOp, NoOp, NoOp, Move(S), NoOp];2
[NoOp, NoOp, NoOp, NoOp, NoOp, NoOp, Move(W), NoOp];0
[NoOp, NoOp, NoOp, NoOp, NoOp, NoOp, Move(W), NoOp];0
[NoOp, NoOp, NoOp, NoOp, NoOp, NoOp, Move(W), NoOp];0
[NoOp, NoOp, NoOp, NoOp, NoOp, NoOp, Move(W), NoOp];0
[NoOp, NoOp, NoOp, NoOp, NoOp, NoOp, Move(W), NoOp];0
[NoOp, NoOp, NoOp, NoOp, NoOp, NoOp, Move(W), NoOp];1
[NoOp, NoOp, NoOp, NoOp, NoOp, NoOp, Move(W), NoOp];0
[NoOp, NoOp, NoOp, NoOp, NoOp, NoOp, Move(W), NoOp];0
[NoOp, NoOp, NoOp, NoOp, NoOp, NoOp, Move(W), NoOp];0
[NoOp, NoOp, NoOp, NoOp, NoOp, NoOp, Move(N), NoOp];0
[NoOp, NoOp, NoOp, NoOp, NoOp, NoOp, Move(N), NoOp];0
[NoOp, NoOp, NoOp, NoOp, NoOp, NoOp, Move(N), NoOp];0
[NoOp, NoOp, NoOp, NoOp, NoOp, NoOp, Move(N), NoOp];0
[NoOp, NoOp, NoOp, NoOp, NoOp, NoOp, Pull(S,N), NoOp];0
[NoOp, NoOp, NoOp, NoOp, NoOp, NoOp, Pull(S,N), NoOp];5
[NoOp, NoOp, NoOp, NoOp, NoOp, NoOp, Pull(S,N), NoOp];0
[NoOp, NoOp, NoOp, NoOp, NoOp, NoOp, Pull(S,N), NoOp];0
[NoOp, NoOp, NoOp, NoOp, NoOp, NoOp, Pull(E,N), NoOp];0
[NoOp, NoOp, NoOp, NoOp, NoOp, NoOp, Push(W,W), NoOp];0
[NoOp, NoOp, NoOp, NoOp, NoOp, NoOp, Push(W,S), NoOp];0
[NoOp, NoOp, NoOp, NoOp, NoOp, Move(W), NoOp, NoOp];2
[NoOp, NoOp, NoOp, NoOp, NoOp, Move(S), NoOp, NoOp];0
[NoOp, NoOp, NoOp, NoOp, NoOp, Move(N), NoOp, NoOp];3
[NoOp, NoOp, NoOp, NoOp, NoOp, Move(E), NoOp, NoOp];0
[NoOp, NoOp, Move(E), NoOp, NoOp, NoOp, NoOp, NoOp];1
[NoOp, NoOp, Move(W), NoOp, NoOp, NoOp, NoOp, NoOp];1
[NoOp, NoOp, NoOp, NoOp, NoOp, Move(W), NoOp, NoOp];2
[NoOp, NoOp, NoOp, NoOp, NoOp, Move(S), NoOp, NoOp];0
[NoOp, NoOp, Pull(E,W), NoOp, NoOp, Move(S), NoOp, NoOp];0
[NoOp, NoOp, Pull(E,W), NoOp, NoOp, Move(S), NoOp, NoOp];0
[NoOp, NoOp, Push(W,S), NoOp, NoOp, Move(S), NoOp, NoOp];0
[NoOp, NoOp, Move(W), NoOp, NoOp, Move(S), NoOp, NoOp];0
[NoOp, NoOp, Move(W), NoOp, NoOp, Move(E), NoOp, NoOp];0
[NoOp, NoOp, Move(E), NoOp, NoOp, NoOp, NoOp, NoOp];0
[NoOp, NoOp, Move(E), NoOp, NoOp, NoOp, NoOp, NoOp];0
[NoOp, NoOp, Pull(W,S), NoOp, NoOp, NoOp, NoOp, NoOp];0
[NoOp, NoOp, Push(E,E), NoOp, NoOp, NoOp, NoOp, NoOp];0
[NoOp, NoOp, Pull(S,E), NoOp, NoOp, NoOp, NoOp, NoOp];0
[NoOp, NoOp, Push(N,W), NoOp, NoOp, NoOp, NoOp, NoOp];0
[NoOp, NoOp, Push(W,W), NoOp, NoOp, NoOp, NoOp, NoOp];0
[NoOp, NoOp, NoOp, NoOp, NoOp, Move(E), NoOp, NoOp];4
[NoOp, NoOp, NoOp, NoOp, NoOp, Move(E), Pull(E,S), NoOp];0
[NoOp, NoOp, NoOp, NoOp, NoOp, Move(E), Pull(N,W), NoOp];0
[NoOp, NoOp, NoOp, NoOp, NoOp, Move(E), Pull(N,S), NoOp];0
[NoOp, NoOp, NoOp, NoOp, NoOp, Move(E), Pull(N,S), NoOp];0
[NoOp, NoOp, NoOp, NoOp, NoOp, Move(E), Pull(N,S), NoOp];0
[NoOp, NoOp, NoOp, NoOp, NoOp, Move(E), Pull(N,S), NoOp];0
[NoOp, NoOp, NoOp, NoOp, NoOp, Move(E), Pull(E,S), NoOp];0
[NoOp, NoOp, NoOp, NoOp, NoOp, Move(W), NoOp, NoOp];3
[NoOp, NoOp, NoOp, NoOp, NoOp, Move(W), NoOp, NoOp];0
[NoOp, NoOp, NoOp, NoOp, NoOp, Move(W), NoOp, NoOp];0
[NoOp, NoOp, NoOp, NoOp, NoOp, Move(W), NoOp, NoOp];0
[NoOp, NoOp, NoOp, NoOp, NoOp, Move(W), NoOp, NoOp];0
[NoOp, NoOp, NoOp, NoOp, NoOp, Move(W), NoOp, NoOp];0
[NoOp, NoOp, NoOp, NoOp, NoOp, Move(W), NoOp, NoOp];0
[NoOp, NoOp, NoOp, NoOp, NoOp, Move(W), NoOp, NoOp];1
[NoOp, NoOp, NoOp, NoOp, NoOp, Move(W), NoOp, NoOp];0
[NoOp, NoOp, NoOp, NoOp, NoOp, Move(N), NoOp, NoOp];0
[NoOp, NoOp, NoOp, NoOp, NoOp, Move(N), NoOp, NoOp];0
[NoOp, NoOp, NoOp, NoOp, NoOp, Move(N), NoOp, NoOp];0
[NoOp, NoOp, NoOp, NoOp, NoOp, Move(N), NoOp, NoOp];0
[NoOp, NoOp, NoOp, NoOp, NoOp, Pull(S,N), NoOp, NoOp];0
[NoOp, NoOp, NoOp, NoOp, NoOp, Pull(S,N), NoOp, NoOp];5
[NoOp, NoOp, NoOp, NoOp, NoOp, Pull(S,N), NoOp, NoOp];0
[NoOp, NoOp, NoOp, NoOp, NoOp, Pull(S,N), NoOp, NoOp];0
[NoOp, NoOp, NoOp, NoOp, NoOp, Pull(E,N), NoOp, NoOp];1
[NoOp, NoOp, NoOp, NoOp, NoOp, Push(W,W), NoOp, NoOp];0
[NoOp, NoOp, NoOp, NoOp, NoOp, Push(W,S), NoOp, NoOp];0
[NoOp, NoOp, NoOp, NoOp, NoOp, NoOp, Move(W), NoOp];1
[NoOp, NoOp, NoOp, NoOp, NoOp, NoOp, Move(S), NoOp];0
[NoOp, NoOp, NoOp, NoOp, NoOp, NoOp, Move(N), NoOp];2
[NoOp, NoOp, NoOp, NoOp, NoOp, NoOp, Move(E), NoOp];0
[NoOp, NoOp, NoOp, NoOp, NoOp, NoOp, Move(W), NoOp];1
[NoOp, NoOp, NoOp, NoOp, NoOp, NoOp, Move(S), NoOp];1
[NoOp, NoOp, NoOp, NoOp, NoOp, NoOp, Move(N), NoOp];4
[NoOp, NoOp, NoOp, NoOp, NoOp, NoOp, Move(E), NoOp];0
[NoOp, NoOp, NoOp, NoOp, NoOp, NoOp, Move(W), NoOp];1
[NoOp, NoOp, NoOp, NoOp, NoOp, NoOp, Move(S), NoOp];0
[NoOp, NoOp, NoOp, NoOp, NoOp, NoOp, Move(N), NoOp];3
[NoOp, NoOp, NoOp, NoOp, NoOp, NoOp, Move(E), NoOp];0
[NoOp, NoOp, NoOp, NoOp, NoOp, NoOp, Move(W), NoOp];3
[NoOp, NoOp, NoOp, NoOp, NoOp, NoOp, Move(S), NoOp];0
[NoOp, NoOp, Pull(E,W), NoOp, NoOp, NoOp, Move(S), NoOp];0
[NoOp, NoOp, Pull(E,W), NoOp, NoOp, NoOp, Move(S), NoOp];0
[NoOp, NoOp, Push(W,S), NoOp, NoOp, NoOp, Move(S), NoOp];0
[NoOp, NoOp, Move(W), NoOp, NoOp, NoOp, Move(S), NoOp];0
[NoOp, NoOp, Move(W), NoOp, NoOp, NoOp, Move(E), NoOp];0
[NoOp, NoOp, Move(E), NoOp, NoOp, NoOp, NoOp, NoOp];1
[NoOp, NoOp, Move(E), NoOp, NoOp, NoOp, NoOp, NoOp];0
[NoOp, NoOp, Pull(E,S), NoOp, NoOp, NoOp, NoOp, NoOp];0
[NoOp, NoOp, Push(W,W), NoOp, NoOp, NoOp, NoOp, NoOp];0
[NoOp, NoOp, Push(W,W), NoOp, NoOp, NoOp, NoOp, NoOp];0
[NoOp, NoOp, NoOp, NoOp, NoOp, NoOp, Move(E), NoOp];2
[NoOp, NoOp, NoOp, NoOp, NoOp, Pull(E,S), Move(E), NoOp];1
[NoOp, NoOp, NoOp, NoOp, NoOp, Pull(N,W), Move(E), NoOp];0
[NoOp, NoOp, NoOp, NoOp, NoOp, Pull(N,S), Move(E), NoOp];0
[NoOp, NoOp, NoOp, NoOp, NoOp, Pull(N,S), Move(E), NoOp];0
[NoOp, NoOp, NoOp, NoOp, NoOp, Pull(N,S), Move(E), NoOp];0
[NoOp, NoOp, NoOp, NoOp, NoOp, Pull(N,S), Move(E), NoOp];0
[NoOp, NoOp, NoOp, NoOp, NoOp, Pull(E,S), Move(E), NoOp];0
[NoOp, NoOp, NoOp, NoOp, NoOp, NoOp, Move(W), NoOp];3
[NoOp, NoOp, NoOp, NoOp, NoOp, NoOp, Move(W), NoOp];0
[NoOp, NoOp, NoOp, NoOp, NoOp, NoOp, Move(W), NoOp];0
[NoOp, NoOp, NoOp, NoOp, NoOp, NoOp, Move(W), NoOp];0
[NoOp, NoOp, NoOp, NoOp, NoOp, NoOp, Move(W), NoOp];0
[NoOp, NoOp, NoOp, NoOp, NoOp, NoOp, Move(W), NoOp];0
[NoOp, NoOp, NoOp, NoOp, NoOp, NoOp, Move(W), NoOp];0
[NoOp, NoOp, NoOp, NoOp, NoOp, NoOp, Move(W), NoOp];0
[NoOp, NoOp, NoOp, NoOp, NoOp, NoOp, Move(W), NoOp];0
[NoOp, NoOp, NoOp, NoOp, NoOp, NoOp, Move(N), NoOp];0
[NoOp, NoOp, NoOp, NoOp, NoOp, NoOp, Move(N), NoOp];0
[NoOp, NoOp, NoOp, NoOp, NoOp, NoOp, Move(N), NoOp];0
[NoOp, NoOp, NoOp, NoOp, NoOp, NoOp, Move(N), NoOp];0
[NoOp, NoOp, NoOp, NoOp, NoOp, NoOp, Pull(S,N), NoOp];0
[NoOp, NoOp, NoOp, NoOp, NoOp, NoOp, Pull(S,N), NoOp];7
[NoOp, NoOp, NoOp, NoOp, NoOp, NoOp, Pull(S,N), NoOp];0
[NoOp, NoOp, NoOp, NoOp, NoOp, NoOp, Pull(S,N), NoOp];0
[NoOp, NoOp, NoOp, NoOp, NoOp, NoOp, Pull(W,N), NoOp];0
[NoOp, NoOp, NoOp, NoOp, NoOp, NoOp, Push(E,E), NoOp];0
[NoOp, NoOp, NoOp, NoOp, NoOp, NoOp, Push(E,E), NoOp];0
[NoOp, NoOp, NoOp, NoOp, NoOp, Move(W), NoOp, NoOp];2
[NoOp, NoOp, NoOp, NoOp, NoOp, Move(S), NoOp, NoOp];0
[NoOp, NoOp, Pull(E,W), NoOp, NoOp, Move(S), NoOp, NoOp];0
[NoOp, NoOp, Pull(E,W), NoOp, NoOp, Move(S), NoOp, NoOp];0
[NoOp, NoOp, Push(W,S), NoOp, NoOp, Move(S), NoOp, NoOp];0
[NoOp, NoOp, Move(W), NoOp, NoOp, Move(S), NoOp, NoOp];0
[NoOp, NoOp, Move(W), NoOp, NoOp, Move(W), NoOp, NoOp];0
[NoOp, NoOp, Move(E), NoOp, NoOp, NoOp, NoOp, NoOp];1
[NoOp, NoOp, Move(E), NoOp, NoOp, NoOp, NoOp, NoOp];0
[NoOp, NoOp, Pull(E,S), NoOp, NoOp, NoOp, NoOp, NoOp];0
[NoOp, NoOp, Push(W,W), NoOp, NoOp, NoOp, NoOp, NoOp];0
[NoOp, NoOp, Push(W,W), NoOp, NoOp, NoOp, NoOp, NoOp];0
[NoOp, NoOp, NoOp, NoOp, NoOp, NoOp, Move(W), NoOp];4
[NoOp, NoOp, NoOp, NoOp, NoOp, NoOp, Move(N), NoOp];0
[NoOp, NoOp, NoOp, NoOp, NoOp, NoOp, Move(S), NoOp];3
[NoOp, NoOp, NoOp, NoOp, NoOp, NoOp, Move(E), NoOp];1
[NoOp, NoOp, NoOp, NoOp, NoOp, Move(E), NoOp, NoOp];0
[NoOp, NoOp, NoOp, NoOp, NoOp, Move(W), NoOp, NoOp];3
[NoOp, NoOp, NoOp, NoOp, NoOp, Move(S), NoOp, NoOp];2
[NoOp, NoOp, Move(E), NoOp, NoOp, NoOp, NoOp, NoOp];2
[NoOp, NoOp, Move(E), NoOp, NoOp, NoOp, NoOp, NoOp];0
[NoOp, NoOp, NoOp, NoOp, NoOp, NoOp, Pull(W,E), NoOp];1
[NoOp, NoOp, NoOp, NoOp, NoOp, NoOp, Pull(W,E), NoOp];0
[NoOp, NoOp, NoOp, NoOp, NoOp, NoOp, Push(E,N), NoOp];0
[NoOp, NoOp, NoOp, NoOp, NoOp, NoOp, Push(N,N), NoOp];0
[NoOp, NoOp, NoOp, NoOp, NoOp, NoOp, Push(N,N), NoOp];0
[NoOp, NoOp, NoOp, NoOp, NoOp, NoOp, Push(N,N), NoOp];0
[NoOp, NoOp, NoOp, NoOp, NoOp, NoOp, Push(N,N), NoOp];0
[NoOp, NoOp, NoOp, NoOp, NoOp, NoOp, Push(N,W), NoOp];0
[NoOp, NoOp, NoOp, Move(W), NoOp, NoOp, Move(S), NoOp];2
[NoOp, NoOp, NoOp, Move(W), NoOp, NoOp, Move(S), NoOp];0
[NoOp, NoOp, NoOp, NoOp, NoOp, NoOp, Move(S), NoOp];0
[NoOp, NoOp, NoOp, NoOp, NoOp, NoOp, Move(S), NoOp];0
[NoOp, NoOp, NoOp, NoOp, NoOp, NoOp, Move(S), NoOp];0
[NoOp, NoOp, NoOp, NoOp, NoOp, NoOp, Move(E), NoOp];2
[NoOp, NoOp, NoOp, NoOp, NoOp, NoOp, Move(E), NoOp];0
[NoOp, NoOp, NoOp, NoOp, NoOp, NoOp, Move(E), NoOp];0
[NoOp, NoOp, NoOp, NoOp, NoOp, NoOp, Move(E), NoOp];0
[NoOp, NoOp, NoOp, NoOp, NoOp, NoOp, Move(E), NoOp];0
[NoOp, NoOp, NoOp, NoOp, NoOp, NoOp, Move(E), NoOp];0
[NoOp, NoOp, NoOp, NoOp, NoOp, NoOp, Move(E), NoOp];0
[NoOp, NoOp, NoOp, NoOp, NoOp, NoOp, Move(E), NoOp];0
[NoOp, NoOp, NoOp, NoOp, NoOp, NoOp, Move(E), NoOp];0
[NoOp, NoOp, NoOp, NoOp, NoOp, NoOp, Move(N), NoOp];0
[NoOp, NoOp, NoOp, NoOp, NoOp, NoOp, Pull(S,N), NoOp];0
[NoOp, NoOp, NoOp, NoOp, NoOp, NoOp, Pull(W,N), NoOp];0
[NoOp, NoOp, NoOp, NoOp, NoOp, NoOp, Push(E,E), NoOp];0
[NoOp, NoOp, NoOp, NoOp, NoOp, NoOp, Push(E,S), NoOp];0
[NoOp, NoOp, NoOp, NoOp, NoOp, NoOp, Pull(W,S), NoOp];1
[NoOp, NoOp, NoOp, NoOp, NoOp, NoOp, Pull(W,E), NoOp];0
[NoOp, NoOp, NoOp, NoOp, NoOp, NoOp, Push(E,N), NoOp];0
[NoOp, NoOp, NoOp, NoOp, NoOp, NoOp, Push(N,N), NoOp];0
[NoOp, NoOp, NoOp, NoOp, NoOp, NoOp, Push(N,N), NoOp];0
[NoOp, NoOp, NoOp, NoOp, NoOp, NoOp, Push(N,N), NoOp];0
[NoOp, NoOp, NoOp, NoOp, NoOp, NoOp, Push(N,N), NoOp];0
[NoOp, NoOp, NoOp, NoOp, NoOp, NoOp, Push(N,E), NoOp];0
5b4884d7b04e0cee08f291b19f73d5bb24bc7065
successful
1237
614
9c1b6d8858d52f88d2056c509a788a0c64246a98
1495032689749
