red: 0,1,2,3,A,B,D,E,H,I,L,M,N,O,R,S,T,X,V
+++++++++++++++++++++++++++++++++++++++++++++++++++++++++++
+      t   h  o   m   as  x +      b  ol  an    der       +
+ +++++++++++++++++++++++++ + +++++++++++++++++++++++++++x+
+ +        H  O   M   AS  +++ +        L  A     D       +++
+ +                        0+ +                          1+
+ +                         + +                           +
+ +                         + +         T                 +
+ +                         + +                           +
+ +                         + +              T            +
+ +              A          + +                           +
+ +              R          + +                           +
+ +              N          + +            HOV            +
+ +              E          + +            AAAV           +
+ +                         + +                           +
+ +                         + +                           +
+ +T                        + +B                          +
+ +H                        + +O                          +
+ +O                        + +L                          +
+ +M                        + +A                          +
+ +A                        + +N                          +
+ +S                        + +D                          +
+ +X                        + +ERX                        +
+                           +                             +
+++++++++++++++++++++++++++++++++++++++++++++++++++++++++++
+                                      +AIARNE            +
+                                      +             +    +
+  +++++++++++++++++++++++++++++++++   +             +    +
+  +                               +   +             +    +
+  +        +           ++++++++++++   +             +    +
+  +        +           +     +        +             +    +
+  +        +           +   +a+  +++++++             +    +
+  +        +           +   +i+  +a+                 +    +
+  +        +           +   +a+  +i+                 +    +
+  +        +           +   +r+  +a+                 +    +
+  +        +           +   +n+  +r+                 +    +
+  +        +           +   +e+  +n+                 +    +
+  +        +           +   +++  +e+                 +    +
+  +        +           +     +    +                 +    +
+  +        +           +     ++++++++++++++++++++++++    +
+  +        +           +                                 +
+  +        +           +++++++++++++++++++++++++++++     +
+  +        +                                      3+     +
+  +        +                                 +++++++     +
+           +                      AIARNE     +2          +
+++++++++++++++++++++++++++++++++++++++++++++++++++++++++++

[Move(S), Move(W), Move(E), Move(W)];4668
[Move(W), Move(S), Move(E), Move(W)];0
[Move(W), Move(S), Move(E), Move(W)];0
[Move(W), Move(S), Move(E), Move(W)];1
[Move(W), Move(S), Move(E), Move(W)];0
[Move(W), Move(S), Move(E), Move(W)];0
[Move(W), Move(W), Move(E), Move(S)];0
[Move(S), Move(S), Move(N), Move(S)];0
[Move(W), Move(W), Move(N), Move(W)];0
[Move(W), Move(S), Move(N), Move(W)];0
[Move(W), Move(S), Move(N), Move(W)];0
[Move(W), Move(W), Move(N), Move(W)];0
[Move(S), Move(S), Move(N), Move(N)];0
[Move(S), Move(W), Move(N), Move(W)];0
[Move(W), Move(W), Move(N), Move(W)];0
[Move(W), Move(S), Move(N), Move(W)];0
[Move(S), Move(W), Move(N), Move(W)];0
[Move(W), Move(W), Move(N), Move(W)];0
[Move(S), Move(W), Move(N), Move(W)];0
[Move(W), Move(W), Move(N), Move(E)];0
[Move(W), Move(S), Move(N), Pull(W,S)];0
[Move(S), Move(W), Move(N), Push(S,W)];1
[Move(W), Move(W), Move(N), Push(W,W)];0
[Move(S), Move(W), Move(N), Push(W,W)];0
[Move(S), Move(S), Move(N), Push(W,W)];0
[Move(W), Move(S), Move(N), Push(W,W)];0
[Move(W), Move(W), Move(W), Push(W,N)];0
[Move(S), Move(S), Move(W), Push(N,N)];0
[Move(S), Move(S), Move(W), Push(N,W)];0
[Move(S), Move(W), Move(W), Push(W,W)];0
[Move(S), Move(S), Move(W), Push(W,W)];0
[Move(S), Move(S), Move(W), Push(W,W)];1
[Move(S), Move(W), Move(W), Push(W,W)];0
[Move(W), Move(W), Move(W), Push(W,W)];0
[Move(S), Move(W), Move(S), Push(W,W)];0
[Move(W), Move(W), Move(W), Push(W,W)];0
[Move(S), Move(W), Push(N,E), Push(W,N)];0
[Move(W), Move(W), Push(E,E), Push(N,W)];0
[Move(W), Move(W), Push(E,E), Push(W,W)];0
[Move(W), Move(W), Push(E,E), Push(W,N)];1
[Move(N), Move(N), Push(E,E), Push(N,W)];0
[Pull(S,W), Move(W), Push(E,E), Push(W,W)];0
[Push(W,S), Push(S,E), Push(E,E), Push(W,N)];0
[Push(S,W), Push(E,S), Push(E,E), Push(N,N)];0
[Push(W,W), Push(S,W), Push(E,E), Push(N,W)];0
[Push(W,N), Push(W,W), Push(E,S), Push(W,N)];0
[Push(N,N), Push(W,W), Push(S,S), Push(N,N)];0
[Push(N,N), Push(W,W), Push(S,S), Push(N,N)];0
[Push(N,N), Push(W,W), Push(S,S), Push(N,W)];0
[Push(N,N), Push(W,N), Push(S,S), Push(W,N)];0
[Push(N,N), Push(N,N), Push(S,S), Push(N,W)];0
[Push(N,N), Push(N,N), Push(S,S), Push(W,N)];0
[Push(N,N), Push(N,N), Push(S,S), Push(N,N)];0
[Push(N,N), Push(N,N), Push(S,S), Push(N,W)];0
[Push(N,N), Push(N,N), Push(S,S), Push(W,N)];0
[Push(N,N), Push(N,N), Push(S,S), Push(N,N)];0
[Push(N,N), Push(N,N), Push(S,S), Push(N,N)];0
[Push(N,N), Push(N,N), Push(S,S), Push(N,N)];0
[Push(N,N), Push(N,N), Push(S,S), Push(N,W)];0
[Push(N,N), Push(N,N), Push(S,S), Push(W,W)];0
[Push(N,N), Push(N,N), Push(S,W), Push(W,W)];1
[Push(N,N), Push(N,N), Push(W,W), Push(W,S)];0
[Push(N,N), Push(N,N), Push(W,W), Push(S,S)];0
[Push(N,N), Push(N,N), Push(W,W), Push(S,S)];0
[Push(N,N), Push(N,N), Push(W,W), Push(S,W)];0
[Push(N,N), Push(N,N), Push(W,W), Push(W,S)];0
[Push(N,E), Push(N,N), Push(W,W), Push(S,W)];0
[Push(E,E), Push(N,N), Push(W,W), Push(W,W)];0
[Push(E,E), Push(N,N), Push(W,W), Push(W,S)];0
[Push(E,E), Push(N,N), Push(W,W), Push(S,S)];0
[Push(E,E), Push(N,E), Push(W,W), Push(S,S)];0
[Push(E,E), Push(E,E), Push(W,W), Push(S,W)];0
[Push(E,E), Push(E,E), Push(W,W), Push(W,W)];0
[Push(E,E), Push(E,E), Push(W,W), Push(W,W)];0
[Push(E,E), Push(E,E), Push(W,W), Push(W,S)];0
[Push(E,E), Push(E,E), Push(W,W), Push(S,W)];0
[Push(E,E), Push(E,E), Push(W,W), Push(W,S)];0
[Push(E,E), Push(E,E), Push(W,W), Push(S,S)];0
[Push(E,E), Push(E,E), Push(W,W), Push(S,S)];0
[Push(E,E), Push(E,E), Push(W,W), Push(S,S)];1
[Push(E,E), Push(E,E), Push(W,W), Push(S,S)];0
[Push(E,E), Push(E,E), Push(W,W), Push(S,S)];0
[Push(E,E), Push(E,E), Push(W,W), Push(S,S)];0
[Push(E,E), Push(E,E), Push(W,W), Push(S,S)];0
[Push(E,E), Push(E,E), Push(W,W), Push(S,W)];0
[Push(E,E), Push(E,E), Push(W,W), Push(W,W)];0
[Push(E,E), Push(E,E), Push(W,N), Push(W,N)];0
[Push(E,E), Push(E,E), Push(N,N), Push(N,N)];0
[Push(E,E), Push(E,E), Push(N,W), Push(N,N)];0
[Push(E,E), Push(E,E), Push(W,N), Push(N,N)];0
[Push(E,E), Push(E,E), Push(N,N), Push(N,N)];0
[NoOp, Push(E,E), Push(N,N), Push(N,N)];0
[NoOp, Push(E,E), Push(N,N), Push(N,N)];0
[NoOp, Push(E,E), Push(N,N), Push(N,N)];0
[NoOp, Push(E,E), Push(N,N), Push(N,N)];0
[NoOp, Push(E,E), Push(N,N), Push(N,N)];0
[NoOp, Push(E,E), Push(N,N), Push(N,N)];0
[NoOp, Push(E,E), Push(N,E), Push(N,N)];0
[NoOp, Push(E,S), Push(E,E), Push(N,N)];0
[NoOp, NoOp, Push(E,S), Push(N,N)];0
[NoOp, NoOp, Push(S,S), Push(N,N)];0
[NoOp, NoOp, Push(S,S), Push(N,N)];0
[NoOp, NoOp, Push(S,S), Push(N,N)];0
[NoOp, NoOp, Push(S,S), Push(N,N)];0
[NoOp, NoOp, Push(S,S), Push(N,E)];0
[NoOp, NoOp, NoOp, Push(E,E)];1
[NoOp, NoOp, NoOp, Push(E,E)];0
[NoOp, NoOp, NoOp, Push(E,E)];0
[NoOp, NoOp, NoOp, Push(E,E)];0
[NoOp, NoOp, NoOp, Push(E,E)];0
[NoOp, NoOp, NoOp, Push(E,E)];0
[NoOp, NoOp, NoOp, Push(E,E)];0
[NoOp, NoOp, NoOp, Push(E,E)];0
[NoOp, NoOp, NoOp, Push(E,E)];0
[NoOp, NoOp, NoOp, Push(E,E)];0
[NoOp, NoOp, NoOp, Push(E,E)];0
[NoOp, NoOp, NoOp, Push(E,E)];0
[NoOp, NoOp, NoOp, Push(E,E)];0
[NoOp, NoOp, NoOp, Push(E,E)];0
[NoOp, NoOp, NoOp, Push(E,E)];0
[NoOp, NoOp, NoOp, Push(E,E)];0
[NoOp, NoOp, NoOp, Push(E,E)];0
[NoOp, NoOp, NoOp, Push(E,E)];1
[NoOp, NoOp, NoOp, Push(E,E)];0
[NoOp, NoOp, NoOp, Push(E,E)];0
[NoOp, NoOp, NoOp, Push(E,E)];0
[NoOp, NoOp, NoOp, Push(E,E)];0
[NoOp, NoOp, NoOp, Push(E,E)];0
[NoOp, NoOp, NoOp, Push(E,E)];0
[NoOp, NoOp, NoOp, Push(E,E)];0
[NoOp, NoOp, NoOp, Push(E,E)];0
[NoOp, NoOp, NoOp, Push(E,E)];1
[NoOp, NoOp, NoOp, Push(E,E)];0
[NoOp, NoOp, NoOp, Push(E,E)];0
[NoOp, NoOp, NoOp, Push(E,E)];0
[NoOp, NoOp, NoOp, Push(E,E)];0
[NoOp, NoOp, NoOp, Push(E,E)];0
[NoOp, NoOp, NoOp, Push(E,E)];0
[NoOp, NoOp, NoOp, Push(E,S)];0
[NoOp, NoOp, NoOp, Push(S,S)];0
[NoOp, NoOp, NoOp, Push(S,S)];0
[NoOp, NoOp, NoOp, Push(S,S)];1
[NoOp, NoOp, NoOp, Push(S,W)];0
[NoOp, NoOp, NoOp, Push(W,W)];0
[NoOp, NoOp, NoOp, Push(W,W)];0
[NoOp, NoOp, NoOp, Push(W,W)];0
[NoOp, NoOp, NoOp, Push(W,S)];0
[NoOp, NoOp, NoOp, Push(S,S)];0
[NoOp, NoOp, NoOp, Push(S,S)];0
[NoOp, NoOp, NoOp, Push(S,S)];0
[NoOp, NoOp, NoOp, Push(S,S)];1
[NoOp, NoOp, NoOp, Push(S,S)];0
[NoOp, NoOp, NoOp, Push(S,S)];0
[NoOp, NoOp, NoOp, Push(S,S)];0
[NoOp, NoOp, NoOp, Push(S,E)];0
[NoOp, NoOp, NoOp, Push(E,E)];0
[NoOp, NoOp, NoOp, Push(E,N)];0
[NoOp, NoOp, NoOp, Push(N,N)];0
[NoOp, NoOp, NoOp, Push(N,N)];0
[NoOp, NoOp, NoOp, Push(N,N)];1
[NoOp, NoOp, NoOp, Push(N,N)];0
[NoOp, NoOp, NoOp, Push(N,N)];0
[Move(W), NoOp, Move(N), Move(S)];5197
[Move(W), NoOp, Move(N), Move(S)];0
[Move(W), NoOp, Move(N), Move(S)];0
[Move(W), NoOp, Move(N), Move(S)];0
[Move(W), NoOp, Move(N), Move(S)];0
[Move(W), NoOp, Move(W), Move(W)];0
[Move(W), NoOp, Move(W), Move(W)];0
[Move(W), NoOp, Move(S), Move(N)];0
[Move(W), NoOp, Move(S), Move(N)];0
[Move(W), NoOp, Move(S), Move(N)];0
[Move(W), NoOp, Move(S), Move(N)];0
[Move(W), NoOp, Move(S), Move(N)];0
[Move(W), NoOp, Move(S), Move(N)];0
[Move(W), NoOp, Move(S), Move(N)];0
[Move(W), NoOp, Move(S), Move(N)];0
[Move(W), NoOp, Move(E), Move(E)];0
[Move(W), NoOp, Move(E), Move(E)];0
[Move(W), NoOp, Move(S), Move(E)];0
[Move(W), NoOp, Move(S), Move(E)];0
[Move(W), NoOp, Move(E), Move(N)];0
[Move(W), NoOp, Move(E), Move(N)];0
[Move(W), NoOp, Move(E), Move(N)];0
[Move(W), NoOp, Move(E), Move(N)];0
[Move(W), NoOp, Move(E), Move(W)];0
[Move(S), NoOp, Move(E), Move(W)];0
[Move(S), NoOp, Move(E), Move(W)];0
[Move(S), NoOp, Move(E), Move(W)];0
[Move(S), NoOp, Move(E), Move(W)];0
[Move(S), NoOp, Move(E), Move(W)];0
[Move(S), NoOp, Move(E), Move(W)];0
[Move(S), NoOp, Move(E), Move(W)];0
[Move(S), NoOp, Move(E), Move(W)];0
[Move(S), NoOp, Move(E), Move(W)];0
[Move(S), NoOp, Move(E), Move(W)];0
[Move(S), NoOp, Move(E), Move(W)];0
[Move(S), NoOp, Move(E), Move(W)];0
[Move(S), NoOp, Move(E), Move(W)];0
[Move(S), NoOp, Move(E), Move(W)];0
[Move(S), NoOp, Move(E), Move(W)];0
[Move(S), NoOp, Move(E), Move(W)];0
[Move(S), NoOp, Move(E), Move(W)];0
[Move(S), NoOp, Move(E), Move(W)];0
[Move(S), NoOp, Move(E), Move(W)];0
[Move(S), NoOp, Move(E), Move(W)];0
[Move(S), NoOp, Move(N), Move(W)];0
[Move(E), NoOp, Move(N), Move(W)];0
[Move(E), NoOp, Move(N), Move(W)];0
[Move(E), NoOp, Move(N), Move(W)];0
[Move(N), NoOp, Move(N), Move(W)];0
[Move(W), NoOp, Move(N), Move(W)];0
[Move(N), NoOp, Move(N), Move(W)];0
[Push(E,S), NoOp, Move(N), Move(W)];0
[Push(S,W), NoOp, Move(N), Move(W)];0
[Push(W,S), NoOp, Move(N), Move(W)];1
[Push(S,W), NoOp, Move(N), Move(W)];0
[Push(W,W), NoOp, Move(N), Move(W)];0
[Push(W,N), NoOp, Move(N), Move(W)];0
[Push(N,N), NoOp, Move(N), Move(S)];0
[Push(N,N), NoOp, Move(N), Move(S)];0
[Push(N,N), NoOp, Move(W), Move(S)];0
[Push(N,N), NoOp, Move(W), Move(S)];0
[Push(N,N), NoOp, Move(W), Move(S)];0
[Push(N,N), NoOp, Move(W), Move(S)];0
[Push(N,N), NoOp, Move(W), Move(S)];0
[Push(N,N), NoOp, Move(W), Move(S)];0
[Push(N,N), NoOp, Move(W), Move(S)];0
[Push(N,N), NoOp, Move(W), Move(S)];0
[Push(N,N), NoOp, Move(W), Move(S)];0
[Push(N,N), NoOp, Move(S), Move(S)];0
[Push(N,N), NoOp, Move(W), Move(S)];0
[Push(N,N), NoOp, Push(N,E), Move(S)];0
[Push(N,N), NoOp, Push(E,E), Move(S)];0
[Push(N,N), NoOp, Push(E,E), Move(S)];0
[Push(N,N), NoOp, Push(E,E), Move(S)];0
[Push(N,N), NoOp, Push(E,E), Move(S)];1
[Push(N,N), NoOp, Push(E,E), Move(E)];0
[Push(N,N), NoOp, Push(E,E), Move(E)];0
[Push(N,E), NoOp, Push(E,E), Move(N)];0
[Push(E,E), NoOp, Push(E,E), Move(N)];0
[Push(E,E), NoOp, Push(E,E), Move(E)];0
[Push(E,E), NoOp, Push(E,S), Move(N)];0
[Push(E,E), NoOp, Push(S,S), Move(E)];0
[Push(E,E), NoOp, Push(S,S), Move(E)];0
[Push(E,E), NoOp, Push(S,S), Move(N)];0
[Push(E,E), NoOp, Push(S,S), Move(E)];0
[Push(E,E), NoOp, Push(S,S), Move(E)];1
[Push(E,E), NoOp, Push(S,S), Move(N)];0
[Push(E,E), NoOp, Push(S,S), Move(N)];0
[Push(E,E), NoOp, Push(S,S), Move(E)];0
[Push(E,E), NoOp, Push(S,S), Move(E)];0
[Push(E,E), NoOp, Push(S,S), Move(N)];0
[Push(E,E), NoOp, Push(S,S), Move(N)];0
[Push(E,E), NoOp, Push(S,S), Move(N)];0
[Push(E,E), NoOp, Push(S,S), Move(N)];0
[Push(E,E), NoOp, Push(S,S), Move(N)];0
[Push(E,E), NoOp, Push(S,W), Move(N)];0
[Push(E,E), NoOp, Push(W,W), Move(N)];0
[Push(E,E), NoOp, Push(W,W), Move(N)];0
[Push(E,E), NoOp, Push(W,W), Move(N)];0
[NoOp, NoOp, Push(W,W), Move(N)];0
[NoOp, NoOp, Push(W,W), Move(E)];0
[NoOp, NoOp, Push(W,W), Move(E)];0
[NoOp, NoOp, Push(W,W), Move(S)];0
[NoOp, NoOp, Push(W,W), Move(S)];0
[NoOp, NoOp, Push(W,W), Move(E)];1
[NoOp, NoOp, Push(W,W), Move(S)];0
[NoOp, NoOp, Push(W,W), Move(E)];0
[NoOp, NoOp, Push(W,W), Move(S)];0
[NoOp, NoOp, Push(W,W), Move(S)];0
[NoOp, NoOp, Push(W,W), Move(E)];0
[NoOp, NoOp, Push(W,W), Move(S)];0
[NoOp, NoOp, Push(W,W), Move(S)];0
[NoOp, NoOp, Push(W,W), Move(S)];1
[NoOp, NoOp, Push(W,W), Move(S)];0
[NoOp, NoOp, Push(W,W), Move(E)];0
[NoOp, NoOp, Push(W,W), Move(S)];0
[NoOp, NoOp, Push(W,W), Move(E)];0
[NoOp, NoOp, Push(W,W), Move(S)];0
[NoOp, NoOp, Push(W,W), Move(E)];0
[NoOp, NoOp, Push(W,W), Move(E)];0
[NoOp, NoOp, Push(W,N), Move(S)];0
[NoOp, NoOp, Push(N,W), Move(S)];0
[NoOp, NoOp, Push(W,N), Move(E)];0
[NoOp, NoOp, Push(N,W), Move(E)];0
[NoOp, NoOp, Push(W,N), Move(S)];0
[NoOp, NoOp, Push(N,N), Move(S)];0
[NoOp, NoOp, Push(N,N), Move(E)];0
[NoOp, NoOp, Push(N,N), Move(E)];0
[NoOp, NoOp, Push(N,N), Move(E)];0
[NoOp, NoOp, Push(N,N), Move(E)];0
[NoOp, NoOp, Push(N,N), Move(E)];0
[NoOp, NoOp, Push(N,N), Move(E)];0
[NoOp, NoOp, Push(N,E), Move(E)];1
[NoOp, NoOp, Push(E,E), Move(E)];0
[NoOp, NoOp, Push(E,S), Move(E)];0
[NoOp, NoOp, Push(S,S), Move(E)];0
[NoOp, NoOp, Push(S,S), Move(E)];0
[NoOp, NoOp, Push(S,S), Move(E)];0
[NoOp, NoOp, Push(S,S), Move(E)];0
[NoOp, NoOp, NoOp, Move(N)];0
[NoOp, NoOp, NoOp, Move(E)];0
[NoOp, NoOp, NoOp, Push(S,W)];0
[NoOp, NoOp, NoOp, Push(W,N)];0
[NoOp, NoOp, NoOp, Push(N,W)];0
[NoOp, NoOp, NoOp, Push(W,W)];0
[NoOp, NoOp, NoOp, Push(W,W)];0
[NoOp, NoOp, NoOp, Push(W,W)];0
[NoOp, NoOp, NoOp, Push(W,W)];0
[NoOp, NoOp, NoOp, Push(W,W)];0
[NoOp, NoOp, NoOp, Push(W,W)];0
[NoOp, NoOp, NoOp, Push(W,W)];0
[NoOp, NoOp, NoOp, Push(W,W)];0
[NoOp, NoOp, NoOp, Push(W,W)];0
[NoOp, NoOp, NoOp, Push(W,W)];0
[NoOp, NoOp, NoOp, Push(W,W)];0
[NoOp, NoOp, NoOp, Push(W,N)];0
[NoOp, NoOp, NoOp, Push(N,N)];0
[NoOp, NoOp, NoOp, Push(N,N)];0
[NoOp, NoOp, NoOp, Push(N,N)];0
[NoOp, NoOp, NoOp, Push(N,W)];0
[NoOp, NoOp, NoOp, Push(W,W)];0
[NoOp, NoOp, NoOp, Push(W,W)];0
[NoOp, NoOp, NoOp, Push(W,W)];0
[NoOp, NoOp, NoOp, Push(W,W)];1
[NoOp, NoOp, NoOp, Push(W,W)];0
[NoOp, NoOp, NoOp, Push(W,W)];0
[NoOp, NoOp, NoOp, Push(W,W)];0
[NoOp, NoOp, NoOp, Push(W,W)];0
[NoOp, NoOp, NoOp, Push(W,N)];0
[NoOp, NoOp, NoOp, Push(N,N)];0
[NoOp, NoOp, NoOp, Push(N,N)];0
[NoOp, NoOp, NoOp, Push(N,W)];0
[NoOp, NoOp, NoOp, Push(W,N)];0
[NoOp, NoOp, NoOp, Push(N,N)];0
[NoOp, NoOp, NoOp, Push(N,N)];0
[NoOp, NoOp, NoOp, Push(N,N)];0
[NoOp, NoOp, NoOp, Push(N,N)];0
[NoOp, NoOp, NoOp, Push(N,N)];0
[NoOp, NoOp, NoOp, Push(N,N)];0
[NoOp, NoOp, NoOp, Push(N,W)];0
[NoOp, NoOp, NoOp, Push(W,W)];0
[NoOp, NoOp, NoOp, Push(W,W)];0
[NoOp, NoOp, NoOp, Push(W,S)];0
[NoOp, NoOp, NoOp, Push(S,W)];0
[NoOp, NoOp, NoOp, Push(W,S)];0
[NoOp, NoOp, NoOp, Push(S,W)];0
[NoOp, NoOp, NoOp, Push(W,S)];0
[NoOp, NoOp, NoOp, Push(S,W)];0
[NoOp, NoOp, NoOp, Push(W,S)];0
[NoOp, NoOp, NoOp, Push(S,S)];0
[NoOp, NoOp, NoOp, Push(S,S)];0
[NoOp, NoOp, NoOp, Push(S,W)];0
[NoOp, NoOp, NoOp, Push(W,W)];0
[NoOp, NoOp, NoOp, Push(W,W)];0
[NoOp, NoOp, NoOp, Push(W,S)];0
[NoOp, NoOp, NoOp, Push(S,S)];0
[NoOp, NoOp, NoOp, Push(S,S)];0
[NoOp, NoOp, NoOp, Push(S,S)];0
[NoOp, NoOp, NoOp, Push(S,S)];0
[NoOp, NoOp, NoOp, Push(S,S)];0
[NoOp, NoOp, NoOp, Push(S,S)];0
[NoOp, NoOp, NoOp, Push(S,S)];0
[NoOp, NoOp, NoOp, Push(S,S)];0
[NoOp, NoOp, NoOp, Push(S,S)];0
[NoOp, NoOp, NoOp, Push(S,W)];0
[NoOp, NoOp, NoOp, Push(W,W)];0
[NoOp, NoOp, NoOp, Push(W,N)];0
[NoOp, NoOp, NoOp, Push(N,N)];0
[NoOp, NoOp, NoOp, Push(N,N)];0
[NoOp, NoOp, NoOp, Push(N,N)];0
[NoOp, NoOp, NoOp, Push(N,N)];0
[NoOp, NoOp, NoOp, Push(N,N)];0
[NoOp, NoOp, NoOp, Push(N,N)];0
[NoOp, NoOp, NoOp, Push(N,N)];0
[NoOp, NoOp, NoOp, Push(N,N)];0
[NoOp, NoOp, NoOp, Push(N,N)];0
[NoOp, NoOp, NoOp, Push(N,N)];0
[NoOp, NoOp, NoOp, Push(N,N)];1
[NoOp, NoOp, NoOp, Push(N,N)];0
[NoOp, NoOp, NoOp, Push(N,N)];0
[NoOp, NoOp, NoOp, Push(N,N)];0
[NoOp, NoOp, NoOp, Push(N,N)];0
[NoOp, NoOp, NoOp, Push(N,N)];0
[NoOp, NoOp, NoOp, Push(N,N)];0
[NoOp, NoOp, NoOp, Push(N,E)];0
[NoOp, NoOp, NoOp, Push(E,E)];0
[NoOp, NoOp, NoOp, Push(E,E)];0
[NoOp, NoOp, NoOp, Push(E,E)];0
[NoOp, NoOp, NoOp, Push(E,E)];0
[NoOp, NoOp, NoOp, Push(E,E)];0
[NoOp, NoOp, NoOp, Push(E,E)];0
[NoOp, NoOp, NoOp, Push(E,E)];0
[NoOp, NoOp, NoOp, Push(E,E)];0
[NoOp, NoOp, NoOp, Push(E,E)];0
[NoOp, NoOp, NoOp, Push(E,E)];0
[NoOp, NoOp, NoOp, Push(E,E)];0
[NoOp, NoOp, NoOp, Push(E,E)];0
[NoOp, NoOp, NoOp, Push(E,E)];0
[NoOp, NoOp, NoOp, Push(E,E)];0
[NoOp, NoOp, NoOp, Push(E,E)];0
[NoOp, NoOp, NoOp, Push(E,E)];0
[NoOp, NoOp, NoOp, Push(E,E)];0
[NoOp, NoOp, NoOp, Push(E,E)];0
[NoOp, NoOp, NoOp, Push(E,E)];0
[NoOp, NoOp, NoOp, Push(E,E)];0
[NoOp, NoOp, NoOp, Push(E,E)];0
[NoOp, NoOp, NoOp, Push(E,E)];0
[NoOp, NoOp, NoOp, Push(E,E)];0
[NoOp, NoOp, NoOp, Push(E,E)];0
[NoOp, NoOp, NoOp, Push(E,E)];1
[NoOp, NoOp, NoOp, Push(E,E)];0
[NoOp, NoOp, NoOp, Push(E,E)];0
[NoOp, NoOp, NoOp, Push(E,E)];0
[NoOp, NoOp, NoOp, Push(E,E)];0
[NoOp, NoOp, NoOp, Push(E,E)];0
[NoOp, NoOp, NoOp, Push(E,E)];0
[NoOp, NoOp, NoOp, Push(E,E)];0
[NoOp, NoOp, NoOp, Push(E,E)];0
[NoOp, NoOp, NoOp, Push(E,S)];1
[NoOp, NoOp, NoOp, Push(S,S)];0
[NoOp, NoOp, NoOp, Push(S,S)];0
[NoOp, NoOp, NoOp, Push(S,S)];0
[NoOp, NoOp, NoOp, Push(S,W)];0
[NoOp, NoOp, NoOp, Push(W,W)];0
[NoOp, NoOp, NoOp, Push(W,W)];0
[NoOp, NoOp, NoOp, Push(W,W)];0
[NoOp, NoOp, NoOp, Push(W,S)];0
[NoOp, NoOp, NoOp, Push(S,S)];0
[NoOp, NoOp, NoOp, Push(S,S)];0
[NoOp, NoOp, NoOp, Push(S,S)];0
[NoOp, NoOp, NoOp, Push(S,S)];0
[NoOp, NoOp, NoOp, Push(S,S)];0
[NoOp, NoOp, NoOp, Push(S,S)];0
[NoOp, NoOp, NoOp, Push(S,S)];0
[NoOp, NoOp, NoOp, Push(S,E)];0
[NoOp, NoOp, NoOp, Push(E,E)];0
[NoOp, NoOp, NoOp, Push(E,N)];0
[NoOp, NoOp, NoOp, Push(N,N)];0
[NoOp, NoOp, NoOp, Push(N,N)];0
[NoOp, NoOp, NoOp, Push(N,N)];0
[NoOp, NoOp, NoOp, Push(N,N)];0
[NoOp, Move(W), NoOp, NoOp];1392
[NoOp, Move(W), NoOp, NoOp];0
[NoOp, Move(W), NoOp, NoOp];0
[NoOp, Move(W), NoOp, NoOp];0
[NoOp, Move(W), NoOp, NoOp];0
[NoOp, Move(W), NoOp, NoOp];0
[NoOp, Move(W), NoOp, NoOp];0
[NoOp, Move(W), NoOp, NoOp];0
[NoOp, Move(W), NoOp, NoOp];0
[NoOp, Move(W), NoOp, NoOp];0
[NoOp, Move(W), NoOp, NoOp];0
[NoOp, Move(W), NoOp, NoOp];0
[NoOp, Move(W), NoOp, NoOp];0
[NoOp, Move(W), NoOp, NoOp];0
[NoOp, Move(W), NoOp, NoOp];0
[NoOp, Move(W), NoOp, NoOp];0
[NoOp, Move(W), NoOp, NoOp];0
[NoOp, Move(W), NoOp, NoOp];0
[NoOp, Move(W), NoOp, NoOp];0
[NoOp, Move(W), NoOp, NoOp];0
[NoOp, Move(W), NoOp, NoOp];0
[NoOp, Move(W), NoOp, NoOp];0
[NoOp, Move(W), NoOp, NoOp];0
[NoOp, Move(W), NoOp, NoOp];0
[NoOp, Move(W), NoOp, NoOp];0
[NoOp, Move(W), NoOp, NoOp];0
[NoOp, Move(W), NoOp, NoOp];0
[NoOp, Move(W), NoOp, NoOp];0
[NoOp, Move(S), NoOp, NoOp];0
[NoOp, Move(S), NoOp, NoOp];0
[NoOp, Move(S), NoOp, NoOp];0
[NoOp, Move(S), NoOp, NoOp];0
[NoOp, Move(S), NoOp, NoOp];0
[NoOp, Move(S), NoOp, NoOp];0
[NoOp, Move(S), NoOp, NoOp];0
[NoOp, Move(S), NoOp, NoOp];0
[NoOp, Move(S), NoOp, NoOp];0
[NoOp, Move(S), NoOp, NoOp];0
[NoOp, Move(S), NoOp, NoOp];1
[NoOp, Move(S), NoOp, NoOp];0
[NoOp, Move(S), NoOp, NoOp];0
[NoOp, Move(S), NoOp, NoOp];0
[NoOp, Move(S), NoOp, NoOp];0
[NoOp, Move(S), NoOp, NoOp];0
[NoOp, Move(S), NoOp, NoOp];0
[NoOp, Move(S), NoOp, NoOp];0
[NoOp, Move(S), NoOp, NoOp];0
[NoOp, Move(S), NoOp, NoOp];0
[NoOp, Move(S), NoOp, NoOp];0
[NoOp, Move(E), NoOp, NoOp];0
[NoOp, Move(E), NoOp, NoOp];0
[NoOp, Move(E), NoOp, NoOp];0
[NoOp, Move(E), NoOp, NoOp];0
[NoOp, Move(N), NoOp, NoOp];0
[NoOp, Push(W,S), NoOp, NoOp];0
[NoOp, Push(S,W), NoOp, NoOp];0
[NoOp, Push(W,W), NoOp, NoOp];0
[NoOp, Push(W,W), NoOp, NoOp];0
[NoOp, Push(W,N), NoOp, NoOp];0
[NoOp, Push(N,N), NoOp, NoOp];0
[NoOp, Push(N,N), NoOp, NoOp];0
[NoOp, Push(N,N), NoOp, NoOp];0
[NoOp, Push(N,N), NoOp, NoOp];0
[NoOp, Push(N,N), NoOp, NoOp];0
[NoOp, Push(N,N), NoOp, NoOp];0
[NoOp, Push(N,N), NoOp, NoOp];0
[NoOp, Push(N,N), NoOp, NoOp];0
[NoOp, Push(N,N), NoOp, NoOp];0
[NoOp, Push(N,N), NoOp, NoOp];0
[NoOp, Push(N,N), NoOp, NoOp];1
[NoOp, Push(N,N), NoOp, NoOp];0
[NoOp, Push(N,N), NoOp, NoOp];0
[NoOp, Push(N,N), NoOp, NoOp];0
[NoOp, Push(N,N), NoOp, NoOp];0
[NoOp, Push(N,N), NoOp, NoOp];0
[NoOp, Push(N,N), NoOp, NoOp];0
[NoOp, Push(N,N), NoOp, NoOp];0
[NoOp, Push(N,N), NoOp, NoOp];1
[NoOp, Push(N,N), NoOp, NoOp];0
[NoOp, Push(N,E), NoOp, NoOp];0
[NoOp, Push(E,E), NoOp, NoOp];0
[NoOp, Push(E,E), NoOp, NoOp];0
[NoOp, Push(E,E), NoOp, NoOp];0
[NoOp, Push(E,E), NoOp, NoOp];0
[NoOp, Push(E,E), NoOp, NoOp];0
[NoOp, Push(E,E), NoOp, NoOp];0
[NoOp, Push(E,E), NoOp, NoOp];0
[NoOp, Push(E,E), NoOp, NoOp];0
[NoOp, Push(E,E), NoOp, NoOp];0
[NoOp, Push(E,E), NoOp, NoOp];0
[NoOp, Push(E,E), NoOp, NoOp];0
[NoOp, Push(E,E), NoOp, NoOp];0
[NoOp, Push(E,E), NoOp, NoOp];0
[NoOp, Push(E,E), NoOp, NoOp];0
[NoOp, Push(E,E), NoOp, NoOp];0
[NoOp, Push(E,E), NoOp, NoOp];0
[NoOp, Push(E,E), NoOp, NoOp];0
[NoOp, Push(E,E), NoOp, NoOp];0
[NoOp, Push(E,E), NoOp, NoOp];0
[NoOp, Push(E,E), NoOp, NoOp];0
[Move(W), Move(W), Move(N), Move(S)];249
[Move(W), Move(W), Move(N), Move(S)];0
[Move(W), Move(W), Move(N), Move(S)];0
[Move(W), Move(W), Move(N), Move(S)];0
[Move(W), Move(W), Move(W), Move(W)];0
[Move(W), Move(W), Move(W), Move(W)];0
[Move(W), Move(W), Move(S), Move(N)];0
[Move(W), Move(W), Move(S), Move(N)];0
[Move(W), Move(W), Move(S), Move(N)];0
[Move(W), Move(W), Move(S), Move(N)];0
[Move(W), Move(W), Move(S), Move(N)];0
[Move(W), Move(W), Move(S), Move(N)];0
[Move(W), Move(W), Move(S), Move(N)];0
[Move(W), Move(W), Move(S), Move(N)];1
[Move(W), Move(W), Move(S), Move(E)];0
[Move(W), Move(W), Move(E), Move(E)];0
[Move(W), Move(W), Move(S), Move(E)];0
[Move(W), Move(W), Move(E), Move(E)];0
[Move(W), Move(W), Move(E), Move(N)];0
[Move(W), Move(W), Move(E), Move(N)];0
[Move(W), Move(S), Move(E), Move(N)];0
[Move(S), Move(S), Move(E), Move(N)];0
[Move(S), Move(S), Move(E), Move(W)];0
[Move(S), Move(S), Move(E), Move(W)];0
[Move(S), Move(S), Move(E), Move(W)];0
[Move(S), Move(S), Move(E), Move(W)];0
[Move(S), Move(S), Move(E), Move(W)];0
[Move(S), Move(S), Move(E), Move(W)];0
[Move(S), Move(S), Move(E), Move(W)];0
[Move(S), Move(S), Move(E), Move(W)];0
[Move(S), Move(S), Move(E), Move(W)];0
[Move(S), Move(S), Move(E), Move(W)];0
[Move(S), Move(S), Move(E), Move(W)];0
[Move(S), Move(S), Move(E), Move(W)];0
[Move(S), Move(S), Move(E), Move(W)];0
[Move(S), Move(S), Move(E), Move(W)];0
[Move(S), Move(S), Move(E), Move(W)];0
[Move(S), Move(S), Move(E), Move(W)];0
[Move(S), Move(S), Move(E), Move(W)];0
[Move(S), Move(S), Move(E), Move(W)];0
[Move(S), Move(S), Move(E), Move(W)];0
[Move(S), Move(E), Move(E), Move(W)];0
[Move(E), Move(E), Move(E), Move(W)];0
[Move(E), Move(E), Move(N), Move(W)];0
[Move(N), Move(N), Move(N), Move(W)];0
[Move(N), Push(W,S), Move(N), Move(W)];0
[Move(E), Push(S,W), Move(N), Move(W)];0
[Move(N), Push(W,W), Move(N), Move(W)];0
[Push(W,S), Push(W,N), Move(N), Move(W)];0
[Push(S,S), Push(N,N), Move(N), Move(W)];0
[Push(S,S), Push(N,N), Move(N), Move(W)];0
[Push(S,W), Push(N,N), Move(N), Move(W)];0
[Push(W,W), Push(N,N), Move(N), Move(W)];0
[Push(W,N), Push(N,N), Move(N), Move(W)];0
[Push(N,N), Push(N,N), Move(N), Move(W)];0
[Push(N,N), Push(N,N), Move(N), Move(W)];0
[Push(N,N), Push(N,N), Move(N), Move(S)];0
[Push(N,N), Push(N,N), Move(N), Move(S)];0
[Push(N,N), Push(N,N), Move(W), Move(S)];0
[Push(N,N), Push(N,N), Move(W), Move(S)];0
[Push(N,N), Push(N,N), Move(W), Move(S)];0
[Push(N,N), Push(N,N), Move(W), Move(S)];1
[Push(N,N), Push(N,N), Move(W), Move(S)];0
[Push(N,N), Push(N,N), Move(W), Move(S)];0
[Push(N,N), Push(N,N), Move(W), Move(S)];0
[Push(N,N), Push(N,N), Move(W), Move(S)];0
[Push(N,N), Push(N,N), Move(W), Move(S)];0
[Push(N,N), Push(N,N), Move(W), Move(S)];0
[Push(N,N), Push(N,N), Move(S), Move(S)];0
[Push(N,N), Push(N,E), Move(W), Move(S)];0
[Push(N,N), Push(E,E), Push(N,E), Move(S)];0
[Push(N,N), Push(E,E), Push(E,E), Move(S)];0
[Push(N,N), Push(E,E), Push(E,E), Move(S)];0
[Push(N,N), Push(E,E), Push(E,E), Move(S)];0
[Push(N,E), Push(E,E), Push(E,E), Move(E)];0
[Push(E,E), Push(E,E), Push(E,E), Move(E)];0
[Push(E,E), Push(E,E), Push(E,E), Move(N)];0
[Push(E,E), Push(E,E), Push(E,E), Move(N)];0
[Push(E,E), Push(E,E), Push(E,E), Move(E)];0
[Push(E,E), Push(E,E), Push(E,E), Move(N)];0
[Push(E,E), Push(E,E), Push(E,E), Move(E)];0
[Push(E,E), Push(E,E), Push(E,S), Move(E)];0
[Push(E,E), Push(E,E), Push(S,S), Move(N)];0
[Push(E,E), Push(E,E), Push(S,S), Move(N)];0
[Push(E,E), Push(E,E), Push(S,S), Move(E)];0
[Push(E,E), Push(E,E), Push(S,S), Move(N)];0
[Push(E,E), Push(E,E), Push(S,S), Move(E)];0
[Push(E,E), Push(E,E), Push(S,S), Move(N)];0
[Push(E,E), Push(E,E), Push(S,S), Move(N)];0
[Push(E,E), NoOp, Push(S,S), Move(E)];0
[Push(E,E), NoOp, Push(S,S), Move(E)];0
[Push(E,E), NoOp, Push(S,S), Move(N)];0
[Push(E,E), NoOp, Push(S,S), Move(N)];0
[Push(E,E), NoOp, Push(S,S), Move(N)];0
[Push(E,E), NoOp, Push(S,S), Move(N)];0
[NoOp, NoOp, Push(S,S), Move(N)];0
[NoOp, NoOp, Push(S,W), Move(N)];0
[NoOp, NoOp, Push(W,W), Move(N)];0
[NoOp, NoOp, Push(W,W), Move(N)];0
[NoOp, NoOp, Push(W,W), Move(E)];0
[NoOp, NoOp, Push(W,W), Move(E)];0
[NoOp, NoOp, Push(W,W), Move(E)];0
[NoOp, NoOp, Push(W,W), Move(S)];0
[NoOp, NoOp, Push(W,W), Move(E)];0
[NoOp, NoOp, Push(W,W), Move(S)];0
[NoOp, NoOp, Push(W,W), Move(S)];0
[NoOp, NoOp, Push(W,W), Move(E)];0
[NoOp, NoOp, Push(W,W), Move(S)];0
[NoOp, NoOp, Push(W,W), Move(S)];0
[NoOp, NoOp, Push(W,W), Move(E)];0
[NoOp, NoOp, Push(W,W), Move(S)];0
[NoOp, NoOp, Push(W,W), Move(S)];1
[NoOp, NoOp, Push(W,W), Move(S)];0
[NoOp, NoOp, Push(W,W), Move(E)];0
[NoOp, NoOp, Push(W,W), Move(S)];0
[NoOp, NoOp, Push(W,W), Move(E)];0
[NoOp, NoOp, Push(W,W), Move(S)];0
[NoOp, NoOp, Push(W,W), Move(S)];0
[NoOp, NoOp, Push(W,W), Move(S)];0
[NoOp, NoOp, Push(W,W), Move(S)];0
[NoOp, NoOp, Push(W,W), Move(E)];0
[NoOp, NoOp, Push(W,W), Move(E)];0
[NoOp, NoOp, Push(W,N), Move(E)];0
[NoOp, NoOp, Push(N,N), Move(S)];0
[NoOp, NoOp, Push(N,W), Move(E)];0
[NoOp, NoOp, Push(W,N), Move(E)];0
[NoOp, NoOp, Push(N,N), Move(S)];0
[NoOp, NoOp, Push(N,N), Move(S)];0
[NoOp, NoOp, Push(N,N), Move(E)];0
[NoOp, NoOp, Push(N,N), Move(E)];0
[NoOp, NoOp, Push(N,N), Move(E)];0
[NoOp, NoOp, Push(N,N), Move(E)];0
[NoOp, NoOp, Push(N,N), Move(E)];0
[NoOp, NoOp, Push(N,E), Move(E)];0
[NoOp, NoOp, Push(E,E), Move(E)];0
[NoOp, NoOp, Push(E,S), Move(E)];0
[NoOp, NoOp, Push(S,S), Move(E)];0
[NoOp, NoOp, Push(S,S), Move(E)];0
[NoOp, NoOp, Push(S,S), Move(E)];0
[NoOp, NoOp, NoOp, Move(E)];0
[NoOp, NoOp, NoOp, Move(N)];0
[NoOp, NoOp, NoOp, Move(E)];0
[NoOp, NoOp, NoOp, Push(S,W)];0
[NoOp, NoOp, NoOp, Push(W,W)];0
[NoOp, NoOp, NoOp, Push(W,W)];0
[NoOp, NoOp, NoOp, Push(W,W)];0
[NoOp, NoOp, NoOp, Push(W,W)];0
[NoOp, NoOp, NoOp, Push(W,W)];0
[NoOp, NoOp, NoOp, Push(W,N)];0
[NoOp, NoOp, NoOp, Push(N,W)];0
[NoOp, NoOp, NoOp, Push(W,W)];0
[NoOp, NoOp, NoOp, Push(W,N)];0
[NoOp, NoOp, NoOp, Push(N,W)];0
[NoOp, NoOp, NoOp, Push(W,W)];0
[NoOp, NoOp, NoOp, Push(W,W)];0
[NoOp, NoOp, NoOp, Push(W,W)];0
[NoOp, NoOp, NoOp, Push(W,W)];0
[NoOp, NoOp, NoOp, Push(W,W)];0
[NoOp, NoOp, NoOp, Push(W,N)];0
[NoOp, NoOp, NoOp, Push(N,N)];0
[NoOp, NoOp, NoOp, Push(N,W)];0
[NoOp, NoOp, NoOp, Push(W,N)];0
[NoOp, NoOp, NoOp, Push(N,N)];0
[NoOp, NoOp, NoOp, Push(N,W)];0
[NoOp, NoOp, NoOp, Push(W,N)];0
[NoOp, NoOp, NoOp, Push(N,N)];0
[NoOp, NoOp, NoOp, Push(N,W)];0
[NoOp, NoOp, NoOp, Push(W,N)];0
[NoOp, NoOp, NoOp, Push(N,W)];0
[NoOp, NoOp, NoOp, Push(W,N)];1
[NoOp, NoOp, NoOp, Push(N,N)];0
[NoOp, NoOp, NoOp, Push(N,N)];0
[NoOp, NoOp, NoOp, Push(N,W)];0
[NoOp, NoOp, NoOp, Push(W,N)];0
[NoOp, NoOp, NoOp, Push(N,W)];0
[NoOp, NoOp, NoOp, Push(W,N)];0
[NoOp, NoOp, NoOp, Push(N,W)];0
[NoOp, NoOp, NoOp, Push(W,N)];0
[NoOp, NoOp, NoOp, Push(N,N)];0
[NoOp, NoOp, NoOp, Push(N,W)];0
[NoOp, NoOp, NoOp, Push(W,W)];0
[NoOp, NoOp, NoOp, Push(W,W)];0
[NoOp, NoOp, NoOp, Push(W,W)];0
[NoOp, NoOp, NoOp, Push(W,W)];0
[NoOp, NoOp, NoOp, Push(W,S)];0
[NoOp, NoOp, NoOp, Push(S,W)];0
[NoOp, NoOp, NoOp, Push(W,S)];0
[NoOp, NoOp, NoOp, Push(S,S)];1
[NoOp, NoOp, NoOp, Push(S,S)];0
[NoOp, NoOp, NoOp, Push(S,W)];0
[NoOp, NoOp, NoOp, Push(W,S)];0
[NoOp, NoOp, NoOp, Push(S,W)];0
[NoOp, NoOp, NoOp, Push(W,W)];0
[NoOp, NoOp, NoOp, Push(W,S)];0
[NoOp, NoOp, NoOp, Push(S,W)];0
[NoOp, NoOp, NoOp, Push(W,S)];0
[NoOp, NoOp, NoOp, Push(S,W)];1
[NoOp, NoOp, NoOp, Push(W,W)];0
[NoOp, NoOp, NoOp, Push(W,S)];0
[NoOp, NoOp, NoOp, Push(S,S)];0
[NoOp, NoOp, NoOp, Push(S,S)];0
[NoOp, NoOp, NoOp, Push(S,S)];0
[NoOp, NoOp, NoOp, Push(S,S)];0
[NoOp, NoOp, NoOp, Push(S,S)];0
[NoOp, NoOp, NoOp, Push(S,S)];0
[NoOp, NoOp, NoOp, Push(S,S)];1
[NoOp, NoOp, NoOp, Push(S,S)];0
[NoOp, NoOp, NoOp, Push(S,W)];0
[NoOp, NoOp, NoOp, Push(W,W)];0
[NoOp, NoOp, NoOp, Push(W,N)];0
[NoOp, NoOp, NoOp, Push(N,N)];0
[NoOp, NoOp, NoOp, Push(N,N)];0
[NoOp, NoOp, NoOp, Push(N,N)];0
[NoOp, NoOp, NoOp, Push(N,N)];0
[NoOp, NoOp, NoOp, Push(N,N)];0
[NoOp, NoOp, NoOp, Push(N,N)];0
[NoOp, NoOp, NoOp, Push(N,N)];0
[NoOp, NoOp, NoOp, Push(N,N)];0
[NoOp, NoOp, NoOp, Push(N,N)];0
[NoOp, NoOp, NoOp, Push(N,N)];0
[NoOp, NoOp, NoOp, Push(N,N)];0
[NoOp, NoOp, NoOp, Push(N,N)];0
[NoOp, NoOp, NoOp, Push(N,N)];0
[NoOp, NoOp, NoOp, Push(N,N)];1
[NoOp, NoOp, NoOp, Push(N,N)];0
[NoOp, NoOp, NoOp, Push(N,N)];0
[NoOp, NoOp, NoOp, Push(N,N)];0
[NoOp, NoOp, NoOp, Push(N,E)];0
[NoOp, NoOp, NoOp, Push(E,E)];0
[NoOp, NoOp, NoOp, Push(E,E)];0
[NoOp, NoOp, NoOp, Push(E,E)];0
[NoOp, NoOp, NoOp, Push(E,E)];0
[NoOp, NoOp, NoOp, Push(E,E)];1
[NoOp, NoOp, NoOp, Push(E,E)];0
[NoOp, NoOp, NoOp, Push(E,E)];0
[NoOp, NoOp, NoOp, Push(E,E)];0
[NoOp, NoOp, NoOp, Push(E,E)];0
[NoOp, NoOp, NoOp, Push(E,E)];0
[NoOp, NoOp, NoOp, Push(E,E)];0
[NoOp, NoOp, NoOp, Push(E,E)];0
[NoOp, NoOp, NoOp, Push(E,E)];0
[NoOp, NoOp, NoOp, Push(E,E)];0
[NoOp, NoOp, NoOp, Push(E,E)];0
[NoOp, NoOp, NoOp, Push(E,E)];0
[NoOp, NoOp, NoOp, Push(E,E)];0
[NoOp, NoOp, NoOp, Push(E,E)];0
[NoOp, NoOp, NoOp, Push(E,E)];0
[NoOp, NoOp, NoOp, Push(E,E)];0
[NoOp, NoOp, NoOp, Push(E,E)];0
[NoOp, NoOp, NoOp, Push(E,E)];0
[NoOp, NoOp, NoOp, Push(E,E)];0
[NoOp, NoOp, NoOp, Push(E,E)];0
[NoOp, NoOp, NoOp, Push(E,E)];0
[NoOp, NoOp, NoOp, Push(E,E)];0
[NoOp, NoOp, NoOp, Push(E,E)];0
[NoOp, NoOp, NoOp, Push(E,E)];0
[NoOp, NoOp, NoOp, Push(E,E)];0
[NoOp, NoOp, NoOp, Push(E,E)];0
[NoOp, NoOp, NoOp, Push(E,E)];1
[NoOp, NoOp, NoOp, Push(E,E)];0
[NoOp, NoOp, NoOp, Push(E,E)];0
[NoOp, NoOp, NoOp, Push(E,S)];0
[NoOp, NoOp, NoOp, Push(S,S)];0
[NoOp, NoOp, NoOp, Push(S,S)];0
[NoOp, NoOp, NoOp, Push(S,S)];0
[NoOp, NoOp, NoOp, Push(S,W)];0
[NoOp, NoOp, NoOp, Push(W,W)];0
[NoOp, NoOp, NoOp, Push(W,W)];1
[NoOp, NoOp, NoOp, Push(W,W)];0
[NoOp, NoOp, NoOp, Push(W,S)];0
[NoOp, NoOp, NoOp, Push(S,S)];0
[NoOp, NoOp, NoOp, Push(S,S)];0
[NoOp, NoOp, NoOp, Push(S,S)];0
[NoOp, NoOp, NoOp, Push(S,S)];0
[NoOp, NoOp, NoOp, Push(S,S)];0
[NoOp, NoOp, NoOp, Push(S,S)];0
[NoOp, NoOp, NoOp, Push(S,S)];0
[NoOp, NoOp, NoOp, Push(S,E)];0
[NoOp, NoOp, NoOp, Push(E,E)];0
[NoOp, NoOp, NoOp, Push(E,N)];0
[NoOp, NoOp, NoOp, Push(N,N)];0
[NoOp, NoOp, NoOp, Push(N,N)];0
[NoOp, NoOp, NoOp, Push(N,N)];0
[Move(W), Move(W), Move(N), Move(S)];240
[Move(W), Move(W), Move(N), Move(S)];0
[Move(W), Move(W), Move(N), Move(S)];0
[Move(W), Move(W), Move(W), Move(W)];0
[Move(W), Move(W), Move(W), Move(W)];0
[Move(W), Move(W), Move(S), Move(N)];0
[Move(W), Move(W), Move(S), Move(N)];0
[Move(W), Move(W), Move(S), Move(N)];0
[Move(W), Move(W), Move(S), Move(N)];0
[Move(W), Move(W), Move(S), Move(N)];0
[Move(W), Move(W), Move(S), Move(N)];0
[Move(W), Move(W), Move(S), Move(N)];0
[Move(W), Move(W), Move(S), Move(N)];0
[Move(W), Move(W), Move(E), Move(E)];0
[Move(W), Move(W), Move(E), Move(E)];1
[Move(W), Move(W), Move(S), Move(E)];0
[Move(W), Move(W), Move(S), Move(E)];0
[Move(W), Move(W), Move(E), Move(N)];0
[Move(W), Move(W), Move(E), Move(N)];0
[Move(W), Move(S), Move(E), Move(N)];0
[Move(S), Move(S), Move(E), Move(N)];0
[Move(S), Move(S), Move(E), Move(W)];0
[Move(S), Move(S), Move(E), Move(W)];0
[Move(S), Move(S), Move(E), Move(W)];0
[Move(S), Move(S), Move(E), Move(W)];0
[Move(S), Move(S), Move(E), Move(W)];0
[Move(S), Move(S), Move(E), Move(W)];0
[Move(S), Move(S), Move(E), Move(W)];0
[Move(S), Move(S), Move(E), Move(W)];0
[Move(S), Move(S), Move(E), Move(W)];0
[Move(S), Move(S), Move(E), Move(W)];0
[Move(S), Move(S), Move(E), Move(W)];0
[Move(S), Move(S), Move(E), Move(W)];0
[Move(S), Move(S), Move(E), Move(W)];0
[Move(S), Move(S), Move(E), Move(W)];0
[Move(S), Move(S), Move(E), Move(W)];0
[Move(S), Move(S), Move(E), Move(W)];0
[Move(S), Move(S), Move(E), Move(W)];0
[Move(S), Move(S), Move(E), Move(W)];0
[Move(S), Move(S), Move(E), Move(W)];0
[Move(S), Move(E), Move(E), Move(W)];0
[Move(E), Move(E), Move(E), Move(W)];0
[Move(E), Move(N), Move(N), Move(W)];0
[Move(N), Move(E), Move(N), Move(W)];0
[Move(N), Move(N), Move(N), Move(W)];0
[Move(N), Push(W,S), Move(N), Move(W)];0
[Move(E), Push(S,S), Move(N), Move(W)];0
[Move(N), Push(S,W), Move(N), Move(W)];0
[Push(W,S), Push(W,W), Move(N), Move(W)];0
[Push(S,S), Push(W,N), Move(N), Move(W)];0
[Push(S,S), Push(N,N), Move(N), Move(W)];0
[Push(S,S), Push(N,N), Move(N), Move(W)];0
[Push(S,W), Push(N,N), Move(N), Move(W)];0
[Push(W,W), Push(N,N), Move(N), Move(W)];0
[Push(W,N), Push(N,N), Move(N), Move(W)];1
[Push(N,N), Push(N,N), Move(N), Move(S)];0
[Push(N,N), Push(N,N), Move(N), Move(S)];0
[Push(N,N), Push(N,N), Move(W), Move(S)];0
[Push(N,N), Push(N,N), Move(W), Move(S)];0
[Push(N,N), Push(N,N), Move(W), Move(S)];0
[Push(N,N), Push(N,N), Move(W), Move(S)];0
[Push(N,N), Push(N,N), Move(W), Move(S)];0
[Push(N,N), Push(N,N), Move(W), Move(S)];0
[Push(N,N), Push(N,N), Move(W), Move(S)];0
[Push(N,N), Push(N,N), Move(W), Move(S)];0
[Push(N,N), Push(N,N), Move(W), Move(S)];0
[Push(N,N), Push(N,N), Move(W), Move(S)];0
[Push(N,N), Push(N,N), Move(W), Move(S)];0
[Push(N,N), Push(N,N), Move(S), Move(S)];0
[Push(N,N), Push(N,N), Move(W), Move(S)];0
[Push(N,N), Push(N,E), Push(N,E), Move(S)];0
[Push(N,N), Push(E,E), Push(E,E), Move(S)];0
[Push(N,N), Push(E,E), Push(E,E), Move(S)];0
[Push(N,N), Push(E,E), Push(E,E), Move(E)];0
[Push(N,N), Push(E,E), Push(E,E), Move(E)];0
[Push(N,E), Push(E,E), Push(E,E), Move(N)];0
[Push(E,E), Push(E,E), Push(E,E), Move(N)];0
[Push(E,E), Push(E,E), Push(E,E), Move(N)];0
[Push(E,E), Push(E,E), Push(E,E), Move(N)];1
[Push(E,E), Push(E,E), Push(E,E), Move(N)];0
[Push(E,E), Push(E,E), Push(E,E), Move(N)];0
[Push(E,E), Push(E,E), Push(E,E), Move(E)];0
[Push(E,E), Push(E,E), Push(E,S), Move(N)];0
[Push(E,E), Push(E,E), Push(S,S), Move(N)];0
[Push(E,E), Push(E,E), Push(S,S), Move(N)];0
[Push(E,E), Push(E,E), Push(S,S), Move(N)];0
[Push(E,E), Push(E,E), Push(S,S), Move(E)];0
[Push(E,E), Push(E,E), Push(S,S), Move(N)];0
[Push(E,E), Push(E,E), Push(S,S), Move(N)];0
[Push(E,E), NoOp, Push(S,S), Move(N)];1
[Push(E,E), NoOp, Push(S,S), Move(E)];0
[Push(E,E), NoOp, Push(S,S), Move(E)];0
[NoOp, NoOp, Push(S,S), Move(N)];0
[NoOp, NoOp, Push(S,S), Move(N)];0
[NoOp, NoOp, Push(S,S), Move(N)];0
[NoOp, NoOp, Push(S,S), Move(E)];0
[NoOp, NoOp, Push(S,S), Move(E)];0
[NoOp, NoOp, Push(S,W), Move(E)];0
[NoOp, NoOp, Push(W,W), Move(E)];0
[NoOp, NoOp, Push(W,W), Move(E)];0
[NoOp, NoOp, Push(W,W), Move(E)];0
[NoOp, NoOp, Push(W,W), Move(E)];0
[NoOp, NoOp, Push(W,W), Move(E)];0
[NoOp, NoOp, Push(W,W), Move(E)];0
[NoOp, NoOp, Push(W,W), Move(E)];0
[NoOp, NoOp, Push(W,W), Move(E)];0
[NoOp, NoOp, Push(W,W), Move(E)];0
[NoOp, NoOp, Push(W,W), Move(S)];0
[NoOp, NoOp, Push(W,W), Move(S)];0
[NoOp, NoOp, Push(W,W), Move(S)];0
[NoOp, NoOp, Push(W,W), Move(E)];0
[NoOp, NoOp, Push(W,W), Move(S)];0
[NoOp, NoOp, Push(W,W), Move(S)];0
[NoOp, NoOp, Push(W,W), Move(E)];0
[NoOp, NoOp, Push(W,W), Move(S)];0
[NoOp, NoOp, Push(W,W), Move(S)];0
[NoOp, NoOp, Push(W,W), Move(E)];0
[NoOp, NoOp, Push(W,W), Move(S)];0
[NoOp, NoOp, Push(W,W), Move(S)];0
[NoOp, NoOp, Push(W,W), Move(S)];0
[NoOp, NoOp, Push(W,W), Move(S)];0
[NoOp, NoOp, Push(W,W), Move(S)];0
[NoOp, NoOp, Push(W,W), Move(S)];0
[NoOp, NoOp, Push(W,N), Move(S)];0
[NoOp, NoOp, Push(N,N), Move(E)];0
[NoOp, NoOp, Push(N,W), Move(E)];0
[NoOp, NoOp, Push(W,N), Move(S)];0
[NoOp, NoOp, Push(N,N), Move(E)];0
[NoOp, NoOp, Push(N,N), Move(S)];0
[NoOp, NoOp, Push(N,N), Move(E)];0
[NoOp, NoOp, Push(N,N), Move(E)];0
[NoOp, NoOp, Push(N,N), Move(E)];0
[NoOp, NoOp, Push(N,N), Move(E)];0
[NoOp, NoOp, Push(N,N), Move(E)];0
[NoOp, NoOp, Push(N,E), Move(E)];0
[NoOp, NoOp, Push(E,E), Move(E)];0
[NoOp, NoOp, Push(E,S), Move(E)];0
[NoOp, NoOp, Push(S,S), Move(E)];0
[NoOp, NoOp, Push(S,S), Move(E)];0
[NoOp, NoOp, NoOp, Move(E)];0
[NoOp, NoOp, NoOp, Move(N)];0
[NoOp, NoOp, NoOp, Move(E)];1
[NoOp, NoOp, NoOp, Push(S,W)];0
[NoOp, NoOp, NoOp, Push(W,N)];0
[NoOp, NoOp, NoOp, Push(N,W)];0
[NoOp, NoOp, NoOp, Push(W,N)];0
[NoOp, NoOp, NoOp, Push(N,W)];0
[NoOp, NoOp, NoOp, Push(W,W)];0
[NoOp, NoOp, NoOp, Push(W,W)];0
[NoOp, NoOp, NoOp, Push(W,W)];0
[NoOp, NoOp, NoOp, Push(W,W)];0
[NoOp, NoOp, NoOp, Push(W,W)];0
[NoOp, NoOp, NoOp, Push(W,W)];0
[NoOp, NoOp, NoOp, Push(W,W)];0
[NoOp, NoOp, NoOp, Push(W,W)];0
[NoOp, NoOp, NoOp, Push(W,W)];0
[NoOp, NoOp, NoOp, Push(W,W)];0
[NoOp, NoOp, NoOp, Push(W,W)];0
[NoOp, NoOp, NoOp, Push(W,W)];0
[NoOp, NoOp, NoOp, Push(W,N)];0
[NoOp, NoOp, NoOp, Push(N,N)];0
[NoOp, NoOp, NoOp, Push(N,N)];0
[NoOp, NoOp, NoOp, Push(N,W)];0
[NoOp, NoOp, NoOp, Push(W,W)];0
[NoOp, NoOp, NoOp, Push(W,N)];0
[NoOp, NoOp, NoOp, Push(N,N)];0
[NoOp, NoOp, NoOp, Push(N,N)];0
[NoOp, NoOp, NoOp, Push(N,N)];0
[NoOp, NoOp, NoOp, Push(N,N)];0
[NoOp, NoOp, NoOp, Push(N,W)];1
[NoOp, NoOp, NoOp, Push(W,N)];0
[NoOp, NoOp, NoOp, Push(N,N)];0
[NoOp, NoOp, NoOp, Push(N,W)];0
[NoOp, NoOp, NoOp, Push(W,N)];0
[NoOp, NoOp, NoOp, Push(N,N)];0
[NoOp, NoOp, NoOp, Push(N,N)];0
[NoOp, NoOp, NoOp, Push(N,N)];0
[NoOp, NoOp, NoOp, Push(N,W)];0
[NoOp, NoOp, NoOp, Push(W,W)];0
[NoOp, NoOp, NoOp, Push(W,W)];0
[NoOp, NoOp, NoOp, Push(W,W)];0
[NoOp, NoOp, NoOp, Push(W,W)];0
[NoOp, NoOp, NoOp, Push(W,W)];0
[NoOp, NoOp, NoOp, Push(W,W)];0
[NoOp, NoOp, NoOp, Push(W,W)];0
[NoOp, NoOp, NoOp, Push(W,W)];0
[NoOp, NoOp, NoOp, Push(W,W)];0
[NoOp, NoOp, NoOp, Push(W,S)];0
[NoOp, NoOp, NoOp, Push(S,W)];0
[NoOp, NoOp, NoOp, Push(W,W)];0
[NoOp, NoOp, NoOp, Push(W,W)];0
[NoOp, NoOp, NoOp, Push(W,S)];0
[NoOp, NoOp, NoOp, Push(S,S)];0
[NoOp, NoOp, NoOp, Push(S,S)];1
[NoOp, NoOp, NoOp, Push(S,W)];0
[NoOp, NoOp, NoOp, Push(W,S)];0
[NoOp, NoOp, NoOp, Push(S,W)];0
[NoOp, NoOp, NoOp, Push(W,S)];0
[NoOp, NoOp, NoOp, Push(S,S)];0
[NoOp, NoOp, NoOp, Push(S,S)];0
[NoOp, NoOp, NoOp, Push(S,S)];0
[NoOp, NoOp, NoOp, Push(S,S)];0
[NoOp, NoOp, NoOp, Push(S,S)];0
[NoOp, NoOp, NoOp, Push(S,S)];0
[NoOp, NoOp, NoOp, Push(S,S)];0
[NoOp, NoOp, NoOp, Push(S,S)];0
[NoOp, NoOp, NoOp, Push(S,S)];0
[NoOp, NoOp, NoOp, Push(S,S)];0
[NoOp, NoOp, NoOp, Push(S,W)];0
[NoOp, NoOp, NoOp, Push(W,W)];0
[NoOp, NoOp, NoOp, Push(W,N)];0
[NoOp, NoOp, NoOp, Push(N,N)];0
[NoOp, NoOp, NoOp, Push(N,N)];0
[NoOp, NoOp, NoOp, Push(N,N)];0
[NoOp, NoOp, NoOp, Push(N,N)];0
[NoOp, NoOp, NoOp, Push(N,N)];0
[NoOp, NoOp, NoOp, Push(N,N)];0
[NoOp, NoOp, NoOp, Push(N,N)];0
[NoOp, NoOp, NoOp, Push(N,N)];0
[NoOp, NoOp, NoOp, Push(N,N)];0
[NoOp, NoOp, NoOp, Push(N,N)];0
[NoOp, NoOp, NoOp, Push(N,N)];0
[NoOp, NoOp, NoOp, Push(N,N)];0
[NoOp, NoOp, NoOp, Push(N,N)];0
[NoOp, NoOp, NoOp, Push(N,N)];0
[NoOp, NoOp, NoOp, Push(N,N)];0
[NoOp, NoOp, NoOp, Push(N,N)];0
[NoOp, NoOp, NoOp, Push(N,N)];0
[NoOp, NoOp, NoOp, Push(N,E)];0
[NoOp, NoOp, NoOp, Push(E,E)];0
[NoOp, NoOp, NoOp, Push(E,E)];0
[NoOp, NoOp, NoOp, Push(E,E)];0
[NoOp, NoOp, NoOp, Push(E,E)];0
[NoOp, NoOp, NoOp, Push(E,E)];0
[NoOp, NoOp, NoOp, Push(E,E)];0
[NoOp, NoOp, NoOp, Push(E,E)];0
[NoOp, NoOp, NoOp, Push(E,E)];0
[NoOp, NoOp, NoOp, Push(E,E)];0
[NoOp, NoOp, NoOp, Push(E,E)];0
[NoOp, NoOp, NoOp, Push(E,E)];0
[NoOp, NoOp, NoOp, Push(E,E)];0
[NoOp, NoOp, NoOp, Push(E,E)];0
[NoOp, NoOp, NoOp, Push(E,E)];0
[NoOp, NoOp, NoOp, Push(E,E)];0
[NoOp, NoOp, NoOp, Push(E,E)];0
[NoOp, NoOp, NoOp, Push(E,E)];0
[NoOp, NoOp, NoOp, Push(E,E)];0
[NoOp, NoOp, NoOp, Push(E,E)];0
[NoOp, NoOp, NoOp, Push(E,E)];0
[NoOp, NoOp, NoOp, Push(E,E)];0
[NoOp, NoOp, NoOp, Push(E,E)];0
[NoOp, NoOp, NoOp, Push(E,E)];0
[NoOp, NoOp, NoOp, Push(E,E)];0
[NoOp, NoOp, NoOp, Push(E,E)];0
[NoOp, NoOp, NoOp, Push(E,E)];0
[NoOp, NoOp, NoOp, Push(E,E)];0
[NoOp, NoOp, NoOp, Push(E,E)];0
[NoOp, NoOp, NoOp, Push(E,E)];0
[NoOp, NoOp, NoOp, Push(E,E)];0
[NoOp, NoOp, NoOp, Push(E,E)];0
[NoOp, NoOp, NoOp, Push(E,E)];0
[NoOp, NoOp, NoOp, Push(E,E)];0
[NoOp, NoOp, NoOp, Push(E,S)];0
[NoOp, NoOp, NoOp, Push(S,S)];0
[NoOp, NoOp, NoOp, Push(S,S)];0
[NoOp, NoOp, NoOp, Push(S,S)];0
[NoOp, NoOp, NoOp, Push(S,W)];0
[NoOp, NoOp, NoOp, Push(W,W)];0
[NoOp, NoOp, NoOp, Push(W,W)];0
[NoOp, NoOp, NoOp, Push(W,W)];0
[NoOp, NoOp, NoOp, Push(W,S)];1
[NoOp, NoOp, NoOp, Push(S,S)];0
[NoOp, NoOp, NoOp, Push(S,S)];0
[NoOp, NoOp, NoOp, Push(S,S)];0
[NoOp, NoOp, NoOp, Push(S,S)];0
[NoOp, NoOp, NoOp, Push(S,S)];0
[NoOp, NoOp, NoOp, Push(S,S)];0
[NoOp, NoOp, NoOp, Push(S,S)];0
[NoOp, NoOp, NoOp, Push(S,E)];0
[NoOp, NoOp, NoOp, Push(E,E)];0
[NoOp, NoOp, NoOp, Push(E,N)];0
[NoOp, NoOp, NoOp, Push(N,N)];0
[NoOp, NoOp, NoOp, Push(N,N)];0
[Move(W), Move(W), Move(N), Move(S)];239
[Move(W), Move(W), Move(N), Move(S)];0
[Move(W), Move(W), Move(W), Move(W)];0
[Move(W), Move(W), Move(W), Move(W)];0
[Move(W), Move(W), Move(S), Move(N)];0
[Move(W), Move(W), Move(S), Move(N)];0
[Move(W), Move(W), Move(S), Move(N)];0
[Move(W), Move(W), Move(S), Move(N)];0
[Move(W), Move(W), Move(S), Move(N)];1
[Move(W), Move(W), Move(S), Move(N)];0
[Move(W), Move(W), Move(S), Move(N)];0
[Move(W), Move(W), Move(S), Move(N)];0
[Move(W), Move(W), Move(S), Move(E)];0
[Move(W), Move(W), Move(S), Move(E)];0
[Move(W), Move(W), Move(E), Move(E)];0
[Move(W), Move(W), Move(E), Move(E)];0
[Move(S), Move(W), Move(E), Move(N)];0
[Move(S), Move(W), Move(E), Move(N)];0
[Move(S), Move(S), Move(E), Move(N)];0
[Move(S), Move(S), Move(E), Move(N)];0
[Move(S), Move(S), Move(E), Move(W)];0
[Move(S), Move(S), Move(E), Move(W)];0
[Move(S), Move(S), Move(E), Move(W)];0
[Move(S), Move(S), Move(E), Move(W)];0
[Move(S), Move(S), Move(E), Move(W)];1
[Move(S), Move(S), Move(E), Move(W)];0
[Move(S), Move(S), Move(E), Move(W)];0
[Move(S), Move(S), Move(E), Move(W)];0
[Move(S), Move(S), Move(E), Move(W)];0
[Move(S), Move(S), Move(E), Move(W)];0
[Move(S), Move(S), Move(E), Move(W)];0
[Move(S), Move(S), Move(E), Move(W)];0
[Move(S), Move(S), Move(E), Move(W)];0
[Move(S), Move(S), Move(E), Move(W)];0
[Move(S), Move(S), Move(E), Move(W)];0
[Move(S), Move(S), Move(E), Move(W)];0
[Move(S), Move(S), Move(E), Move(W)];0
[Move(E), Move(S), Move(E), Move(W)];0
[Move(E), Move(S), Move(E), Move(W)];0
[Move(N), Move(E), Move(E), Move(W)];0
[Move(N), Move(E), Move(E), Move(W)];1
[Move(N), Move(N), Move(N), Move(W)];0
[Move(N), Move(N), Move(N), Move(W)];0
[Move(E), Move(E), Move(N), Move(W)];0
[Move(N), Move(N), Move(N), Move(W)];0
[Push(W,S), Push(W,S), Move(N), Move(W)];0
[Push(S,S), Push(S,S), Move(N), Move(W)];0
[Push(S,S), Push(S,S), Move(N), Move(W)];0
[Push(S,S), Push(S,W), Move(N), Move(W)];0
[Push(S,S), Push(W,W), Move(N), Move(W)];0
[Push(S,W), Push(W,N), Move(N), Move(W)];0
[Push(W,W), Push(N,N), Move(N), Move(W)];0
[Push(W,N), Push(N,N), Move(N), Move(W)];0
[Push(N,N), Push(N,N), Move(N), Move(W)];0
[Push(N,N), Push(N,N), Move(N), Move(S)];0
[Push(N,N), Push(N,N), Move(N), Move(S)];0
[Push(N,N), Push(N,N), Move(W), Move(S)];0
[Push(N,N), Push(N,N), Move(W), Move(S)];0
[Push(N,N), Push(N,N), Move(W), Move(S)];0
[Push(N,N), Push(N,N), Move(W), Move(S)];0
[Push(N,N), Push(N,N), Move(W), Move(S)];0
[Push(N,N), Push(N,N), Move(W), Move(S)];0
[Push(N,N), Push(N,N), Move(W), Move(S)];0
[Push(N,N), Push(N,N), Move(W), Move(S)];0
[Push(N,N), Push(N,N), Move(W), Move(S)];0
[Push(N,N), Push(N,N), Move(W), Move(S)];0
[Push(N,N), Push(N,N), Move(W), Move(S)];0
[Push(N,N), Push(N,N), Move(W), Move(S)];0
[Push(N,N), Push(N,N), Move(S), Move(S)];1
[Push(N,N), Push(N,N), Move(W), Move(S)];0
[Push(N,N), Push(N,N), Push(N,E), Move(S)];0
[Push(N,N), Push(N,E), Push(E,E), Move(S)];0
[Push(N,N), Push(E,E), Push(E,E), Move(E)];0
[Push(N,E), Push(E,E), Push(E,E), Move(E)];0
[Push(E,E), Push(E,E), Push(E,E), Move(N)];0
[Push(E,E), Push(E,E), Push(E,E), Move(E)];0
[Push(E,E), Push(E,E), Push(E,E), Move(N)];0
[Push(E,E), Push(E,E), Push(E,E), Move(E)];0
[Push(E,E), Push(E,E), Push(E,E), Move(N)];0
[Push(E,E), Push(E,E), Push(E,E), Move(E)];0
[Push(E,E), Push(E,E), Push(E,E), Move(E)];0
[Push(E,E), Push(E,E), Push(E,E), Move(E)];0
[Push(E,E), Push(E,E), Push(E,E), Move(E)];0
[Push(E,E), Push(E,E), Push(E,S), Move(E)];0
[Push(E,E), Push(E,E), Push(S,S), Move(N)];0
[Push(E,E), NoOp, Push(S,S), Move(N)];0
[NoOp, NoOp, Push(S,S), Move(N)];0
[NoOp, NoOp, Push(S,S), Move(N)];0
[NoOp, NoOp, Push(S,S), Move(N)];0
[NoOp, NoOp, Push(S,S), Move(N)];0
[NoOp, NoOp, Push(S,S), Move(N)];0
[NoOp, NoOp, Push(S,S), Move(N)];0
[NoOp, NoOp, Push(S,S), Move(N)];0
[NoOp, NoOp, Push(S,S), Move(N)];0
[NoOp, NoOp, Push(S,S), Move(N)];0
[NoOp, NoOp, Push(S,S), Move(N)];0
[NoOp, NoOp, Push(S,S), Move(N)];0
[NoOp, NoOp, Push(S,S), Move(E)];0
[NoOp, NoOp, Push(S,W), Move(E)];0
[NoOp, NoOp, Push(W,W), Move(E)];0
[NoOp, NoOp, Push(W,W), Move(E)];0
[NoOp, NoOp, Push(W,W), Move(E)];0
[NoOp, NoOp, Push(W,W), Move(S)];0
[NoOp, NoOp, Push(W,W), Move(E)];0
[NoOp, NoOp, Push(W,W), Move(E)];0
[NoOp, NoOp, Push(W,W), Move(S)];0
[NoOp, NoOp, Push(W,W), Move(S)];0
[NoOp, NoOp, Push(W,W), Move(E)];0
[NoOp, NoOp, Push(W,W), Move(S)];0
[NoOp, NoOp, Push(W,W), Move(E)];0
[NoOp, NoOp, Push(W,W), Move(E)];0
[NoOp, NoOp, Push(W,W), Move(E)];0
[NoOp, NoOp, Push(W,W), Move(E)];0
[NoOp, NoOp, Push(W,W), Move(S)];0
[NoOp, NoOp, Push(W,W), Move(S)];0
[NoOp, NoOp, Push(W,W), Move(S)];0
[NoOp, NoOp, Push(W,W), Move(S)];0
[NoOp, NoOp, Push(W,W), Move(S)];0
[NoOp, NoOp, Push(W,W), Move(S)];0
[NoOp, NoOp, Push(W,W), Move(S)];0
[NoOp, NoOp, Push(W,W), Move(S)];0
[NoOp, NoOp, Push(W,W), Move(S)];0
[NoOp, NoOp, Push(W,W), Move(S)];0
[NoOp, NoOp, Push(W,W), Move(S)];0
[NoOp, NoOp, Push(W,N), Move(S)];0
[NoOp, NoOp, Push(N,N), Move(E)];0
[NoOp, NoOp, Push(N,W), Move(E)];0
[NoOp, NoOp, Push(W,N), Move(E)];0
[NoOp, NoOp, Push(N,N), Move(E)];0
[NoOp, NoOp, Push(N,N), Move(E)];0
[NoOp, NoOp, Push(N,N), Move(E)];0
[NoOp, NoOp, Push(N,N), Move(E)];0
[NoOp, NoOp, Push(N,N), Move(E)];0
[NoOp, NoOp, Push(N,N), Move(E)];0
[NoOp, NoOp, Push(N,N), Move(E)];0
[NoOp, NoOp, Push(N,E), Move(E)];1
[NoOp, NoOp, Push(E,E), Move(E)];0
[NoOp, NoOp, Push(E,S), Move(E)];0
[NoOp, NoOp, Push(S,S), Move(E)];0
[NoOp, NoOp, NoOp, Move(E)];0
[NoOp, NoOp, NoOp, Move(N)];0
[NoOp, NoOp, NoOp, Move(E)];0
[NoOp, NoOp, NoOp, Push(S,W)];0
[NoOp, NoOp, NoOp, Push(W,W)];0
[NoOp, NoOp, NoOp, Push(W,W)];0
[NoOp, NoOp, NoOp, Push(W,W)];0
[NoOp, NoOp, NoOp, Push(W,N)];0
[NoOp, NoOp, NoOp, Push(N,N)];0
[NoOp, NoOp, NoOp, Push(N,W)];0
[NoOp, NoOp, NoOp, Push(W,W)];0
[NoOp, NoOp, NoOp, Push(W,W)];0
[NoOp, NoOp, NoOp, Push(W,W)];0
[NoOp, NoOp, NoOp, Push(W,W)];0
[NoOp, NoOp, NoOp, Push(W,W)];0
[NoOp, NoOp, NoOp, Push(W,W)];0
[NoOp, NoOp, NoOp, Push(W,W)];0
[NoOp, NoOp, NoOp, Push(W,W)];0
[NoOp, NoOp, NoOp, Push(W,W)];0
[NoOp, NoOp, NoOp, Push(W,W)];0
[NoOp, NoOp, NoOp, Push(W,W)];0
[NoOp, NoOp, NoOp, Push(W,W)];0
[NoOp, NoOp, NoOp, Push(W,W)];0
[NoOp, NoOp, NoOp, Push(W,N)];0
[NoOp, NoOp, NoOp, Push(N,W)];0
[NoOp, NoOp, NoOp, Push(W,W)];0
[NoOp, NoOp, NoOp, Push(W,N)];0
[NoOp, NoOp, NoOp, Push(N,W)];0
[NoOp, NoOp, NoOp, Push(W,N)];0
[NoOp, NoOp, NoOp, Push(N,N)];0
[NoOp, NoOp, NoOp, Push(N,W)];0
[NoOp, NoOp, NoOp, Push(W,N)];0
[NoOp, NoOp, NoOp, Push(N,N)];0
[NoOp, NoOp, NoOp, Push(N,W)];0
[NoOp, NoOp, NoOp, Push(W,W)];0
[NoOp, NoOp, NoOp, Push(W,N)];0
[NoOp, NoOp, NoOp, Push(N,W)];0
[NoOp, NoOp, NoOp, Push(W,W)];0
[NoOp, NoOp, NoOp, Push(W,N)];0
[NoOp, NoOp, NoOp, Push(N,N)];0
[NoOp, NoOp, NoOp, Push(N,N)];1
[NoOp, NoOp, NoOp, Push(N,N)];0
[NoOp, NoOp, NoOp, Push(N,N)];0
[NoOp, NoOp, NoOp, Push(N,N)];0
[NoOp, NoOp, NoOp, Push(N,N)];0
[NoOp, NoOp, NoOp, Push(N,W)];0
[NoOp, NoOp, NoOp, Push(W,W)];0
[NoOp, NoOp, NoOp, Push(W,S)];0
[NoOp, NoOp, NoOp, Push(S,W)];0
[NoOp, NoOp, NoOp, Push(W,S)];0
[NoOp, NoOp, NoOp, Push(S,W)];0
[NoOp, NoOp, NoOp, Push(W,S)];0
[NoOp, NoOp, NoOp, Push(S,S)];0
[NoOp, NoOp, NoOp, Push(S,W)];0
[NoOp, NoOp, NoOp, Push(W,S)];0
[NoOp, NoOp, NoOp, Push(S,W)];0
[NoOp, NoOp, NoOp, Push(W,W)];0
[NoOp, NoOp, NoOp, Push(W,S)];0
[NoOp, NoOp, NoOp, Push(S,S)];0
[NoOp, NoOp, NoOp, Push(S,S)];0
[NoOp, NoOp, NoOp, Push(S,W)];0
[NoOp, NoOp, NoOp, Push(W,S)];0
[NoOp, NoOp, NoOp, Push(S,S)];0
[NoOp, NoOp, NoOp, Push(S,W)];0
[NoOp, NoOp, NoOp, Push(W,S)];0
[NoOp, NoOp, NoOp, Push(S,S)];0
[NoOp, NoOp, NoOp, Push(S,S)];0
[NoOp, NoOp, NoOp, Push(S,S)];0
[NoOp, NoOp, NoOp, Push(S,S)];0
[NoOp, NoOp, NoOp, Push(S,S)];0
[NoOp, NoOp, NoOp, Push(S,W)];0
[NoOp, NoOp, NoOp, Push(W,W)];0
[NoOp, NoOp, NoOp, Push(W,N)];0
[NoOp, NoOp, NoOp, Push(N,N)];0
[NoOp, NoOp, NoOp, Push(N,N)];0
[NoOp, NoOp, NoOp, Push(N,N)];0
[NoOp, NoOp, NoOp, Push(N,N)];0
[NoOp, NoOp, NoOp, Push(N,N)];0
[NoOp, NoOp, NoOp, Push(N,N)];0
[NoOp, NoOp, NoOp, Push(N,N)];0
[NoOp, NoOp, NoOp, Push(N,N)];0
[NoOp, NoOp, NoOp, Push(N,N)];0
[NoOp, NoOp, NoOp, Push(N,N)];0
[NoOp, NoOp, NoOp, Push(N,N)];0
[NoOp, NoOp, NoOp, Push(N,N)];0
[NoOp, NoOp, NoOp, Push(N,N)];0
[NoOp, NoOp, NoOp, Push(N,N)];0
[NoOp, NoOp, NoOp, Push(N,N)];0
[NoOp, NoOp, NoOp, Push(N,N)];0
[NoOp, NoOp, NoOp, Push(N,N)];0
[NoOp, NoOp, NoOp, Push(N,E)];0
[NoOp, NoOp, NoOp, Push(E,E)];0
[NoOp, NoOp, NoOp, Push(E,E)];0
[NoOp, NoOp, NoOp, Push(E,E)];0
[NoOp, NoOp, NoOp, Push(E,E)];0
[NoOp, NoOp, NoOp, Push(E,E)];0
[NoOp, NoOp, NoOp, Push(E,E)];0
[NoOp, NoOp, NoOp, Push(E,E)];1
[NoOp, NoOp, NoOp, Push(E,E)];0
[NoOp, NoOp, NoOp, Push(E,E)];0
[NoOp, NoOp, NoOp, Push(E,E)];0
[NoOp, NoOp, NoOp, Push(E,E)];0
[NoOp, NoOp, NoOp, Push(E,E)];0
[NoOp, NoOp, NoOp, Push(E,E)];0
[NoOp, NoOp, NoOp, Push(E,E)];0
[NoOp, NoOp, NoOp, Push(E,E)];0
[NoOp, NoOp, NoOp, Push(E,E)];0
[NoOp, NoOp, NoOp, Push(E,E)];0
[NoOp, NoOp, NoOp, Push(E,E)];0
[NoOp, NoOp, NoOp, Push(E,E)];0
[NoOp, NoOp, NoOp, Push(E,E)];0
[NoOp, NoOp, NoOp, Push(E,E)];0
[NoOp, NoOp, NoOp, Push(E,E)];0
[NoOp, NoOp, NoOp, Push(E,E)];1
[NoOp, NoOp, NoOp, Push(E,E)];0
[NoOp, NoOp, NoOp, Push(E,E)];0
[NoOp, NoOp, NoOp, Push(E,E)];0
[NoOp, NoOp, NoOp, Push(E,E)];0
[NoOp, NoOp, NoOp, Push(E,E)];0
[NoOp, NoOp, NoOp, Push(E,E)];0
[NoOp, NoOp, NoOp, Push(E,E)];0
[NoOp, NoOp, NoOp, Push(E,E)];0
[NoOp, NoOp, NoOp, Push(E,E)];0
[NoOp, NoOp, NoOp, Push(E,E)];0
[NoOp, NoOp, NoOp, Push(E,S)];0
[NoOp, NoOp, NoOp, Push(S,S)];0
[NoOp, NoOp, NoOp, Push(S,S)];0
[NoOp, NoOp, NoOp, Push(S,S)];1
[NoOp, NoOp, NoOp, Push(S,W)];0
[NoOp, NoOp, NoOp, Push(W,W)];0
[NoOp, NoOp, NoOp, Push(W,W)];0
[NoOp, NoOp, NoOp, Push(W,W)];0
[NoOp, NoOp, NoOp, Push(W,S)];0
[NoOp, NoOp, NoOp, Push(S,S)];0
[NoOp, NoOp, NoOp, Push(S,S)];0
[NoOp, NoOp, NoOp, Push(S,S)];0
[NoOp, NoOp, NoOp, Push(S,S)];0
[NoOp, NoOp, NoOp, Push(S,S)];0
[NoOp, NoOp, NoOp, Push(S,S)];0
[NoOp, NoOp, NoOp, Push(S,S)];0
[NoOp, NoOp, NoOp, Push(S,E)];1
[NoOp, NoOp, NoOp, Push(E,E)];0
[NoOp, NoOp, NoOp, Push(E,N)];0
[NoOp, NoOp, NoOp, Push(N,N)];0
[Move(W), Move(W), Move(N), Move(S)];238
[Move(W), Move(W), Move(W), Move(W)];0
[Move(W), Move(W), Move(W), Move(W)];0
[Move(W), Move(W), Move(S), Move(N)];0
[Move(W), Move(W), Move(S), Move(N)];0
[Move(W), Move(W), Move(S), Move(N)];0
[Move(W), Move(W), Move(S), Move(N)];0
[Move(W), Move(W), Move(S), Move(N)];0
[Move(W), Move(W), Move(S), Move(N)];0
[Move(W), Move(W), Move(S), Move(N)];0
[Move(W), Move(W), Move(S), Move(N)];1
[Move(W), Move(W), Move(S), Move(E)];0
[Move(S), Move(W), Move(E), Move(E)];0
[Move(S), Move(S), Move(E), Move(E)];0
[Move(S), Move(S), Move(S), Move(E)];0
[Move(S), Move(S), Move(E), Move(N)];0
[Move(S), Move(S), Move(E), Move(N)];0
[Move(S), Move(S), Move(E), Move(N)];0
[Move(S), Move(S), Move(E), Move(N)];0
[Move(S), Move(S), Move(E), Move(W)];0
[Move(S), Move(S), Move(E), Move(W)];0
[Move(S), Move(S), Move(E), Move(W)];0
[Move(S), Move(S), Move(E), Move(W)];1
[Move(S), Move(S), Move(E), Move(W)];0
[Move(S), Move(S), Move(E), Move(W)];0
[Move(S), Move(S), Move(E), Move(W)];0
[Move(S), Move(S), Move(E), Move(W)];0
[Move(S), Move(S), Move(E), Move(W)];0
[Move(S), Move(S), Move(E), Move(W)];0
[Move(S), Move(S), Move(E), Move(W)];0
[Move(S), Move(S), Move(E), Move(W)];0
[Move(S), Move(S), Move(E), Move(W)];0
[Move(S), Move(S), Move(E), Move(W)];0
[Move(E), Move(S), Move(E), Move(W)];0
[Move(E), Move(E), Move(E), Move(W)];0
[Move(N), Move(E), Move(E), Move(W)];0
[Move(N), Move(N), Move(E), Move(W)];0
[Move(N), Move(N), Move(E), Move(W)];0
[Move(N), Move(N), Move(E), Move(W)];0
[Move(N), Move(E), Move(E), Move(W)];0
[Move(E), Move(N), Move(N), Move(W)];0
[Move(N), Push(W,S), Move(N), Move(W)];0
[Push(W,S), Push(S,S), Move(N), Move(W)];0
[Push(S,S), Push(S,S), Move(N), Move(W)];0
[Push(S,S), Push(S,S), Move(N), Move(W)];0
[Push(S,S), Push(S,W), Move(N), Move(W)];0
[Push(S,S), Push(W,W), Move(N), Move(W)];0
[Push(S,S), Push(W,N), Move(N), Move(W)];0
[Push(S,W), Push(N,N), Move(N), Move(W)];1
[Push(W,W), Push(N,N), Move(N), Move(W)];0
[Push(W,N), Push(N,N), Move(N), Move(W)];0
[Push(N,N), Push(N,N), Move(N), Move(W)];0
[Push(N,N), Push(N,N), Move(N), Move(W)];0
[Push(N,N), Push(N,N), Move(N), Move(S)];0
[Push(N,N), Push(N,N), Move(N), Move(S)];0
[Push(N,N), Push(N,N), Move(W), Move(S)];0
[Push(N,N), Push(N,N), Move(W), Move(S)];0
[Push(N,N), Push(N,N), Move(W), Move(S)];0
[Push(N,N), Push(N,N), Move(W), Move(S)];0
[Push(N,N), Push(N,N), Move(W), Move(S)];0
[Push(N,N), Push(N,N), Move(W), Move(S)];0
[Push(N,N), Push(N,N), Move(W), Move(S)];0
[Push(N,N), Push(N,N), Move(W), Move(S)];0
[Push(N,N), Push(N,N), Move(W), Move(S)];0
[Push(N,N), Push(N,N), Move(W), Move(S)];0
[Push(N,N), Push(N,N), Move(W), Move(S)];0
[Push(N,N), Push(N,N), Move(W), Move(S)];0
[Push(N,N), Push(N,N), Move(W), Move(S)];0
[Push(N,N), Push(N,E), Move(S), Move(S)];0
[Push(N,N), Push(E,E), Move(W), Move(S)];0
[Push(N,N), Push(E,E), Push(N,E), Move(S)];0
[Push(N,E), Push(E,E), Push(E,E), Move(E)];1
[Push(E,E), Push(E,E), Push(E,E), Move(E)];0
[Push(E,E), Push(E,E), Push(E,E), Move(N)];2
[Push(E,E), Push(E,E), Push(E,E), Move(E)];0
[Push(E,E), Push(E,E), Push(E,E), Move(N)];1
[Push(E,E), Push(E,E), Push(E,E), Move(N)];0
[Push(E,E), Push(E,E), Push(E,E), Move(N)];0
[Push(E,E), Push(E,E), Push(E,E), Move(N)];0
[Push(E,E), Push(E,E), Push(E,E), Move(N)];0
[Push(E,E), Push(E,E), Push(E,E), Move(E)];0
[NoOp, NoOp, Push(E,E), Move(E)];0
[NoOp, NoOp, Push(E,E), Move(N)];0
[NoOp, NoOp, Push(E,E), Move(E)];0
[NoOp, NoOp, Push(E,S), Move(N)];0
[NoOp, NoOp, Push(S,S), Move(E)];0
[NoOp, NoOp, Push(S,S), Move(E)];0
[NoOp, NoOp, Push(S,S), Move(N)];1
[NoOp, NoOp, Push(S,S), Move(E)];0
[NoOp, NoOp, Push(S,S), Move(N)];0
[NoOp, NoOp, Push(S,S), Move(N)];0
[NoOp, NoOp, Push(S,S), Move(N)];0
[NoOp, NoOp, Push(S,S), Move(N)];0
[NoOp, NoOp, Push(S,S), Move(N)];0
[NoOp, NoOp, Push(S,S), Move(N)];0
[NoOp, NoOp, Push(S,S), Move(N)];0
[NoOp, NoOp, Push(S,S), Move(E)];0
[NoOp, NoOp, Push(S,S), Move(E)];0
[NoOp, NoOp, Push(S,S), Move(S)];0
[NoOp, NoOp, Push(S,W), Move(S)];0
[NoOp, NoOp, Push(W,W), Move(E)];0
[NoOp, NoOp, Push(W,W), Move(S)];0
[NoOp, NoOp, Push(W,W), Move(E)];0
[NoOp, NoOp, Push(W,W), Move(S)];0
[NoOp, NoOp, Push(W,W), Move(E)];0
[NoOp, NoOp, Push(W,W), Move(E)];0
[NoOp, NoOp, Push(W,W), Move(E)];0
[NoOp, NoOp, Push(W,W), Move(E)];0
[NoOp, NoOp, Push(W,W), Move(S)];0
[NoOp, NoOp, Push(W,W), Move(S)];0
[NoOp, NoOp, Push(W,W), Move(S)];0
[NoOp, NoOp, Push(W,W), Move(E)];0
[NoOp, NoOp, Push(W,W), Move(E)];0
[NoOp, NoOp, Push(W,W), Move(S)];0
[NoOp, NoOp, Push(W,W), Move(S)];0
[NoOp, NoOp, Push(W,W), Move(S)];0
[NoOp, NoOp, Push(W,W), Move(S)];0
[NoOp, NoOp, Push(W,W), Move(E)];0
[NoOp, NoOp, Push(W,W), Move(E)];0
[NoOp, NoOp, Push(W,W), Move(S)];0
[NoOp, NoOp, Push(W,W), Move(S)];0
[NoOp, NoOp, Push(W,W), Move(S)];0
[NoOp, NoOp, Push(W,W), Move(S)];0
[NoOp, NoOp, Push(W,W), Move(E)];0
[NoOp, NoOp, Push(W,N), Move(E)];1
[NoOp, NoOp, Push(N,W), Move(S)];0
[NoOp, NoOp, Push(W,N), Move(E)];0
[NoOp, NoOp, Push(N,W), Move(E)];0
[NoOp, NoOp, Push(W,N), Move(E)];0
[NoOp, NoOp, Push(N,N), Move(E)];0
[NoOp, NoOp, Push(N,N), Move(E)];0
[NoOp, NoOp, Push(N,N), Move(E)];0
[NoOp, NoOp, Push(N,N), Move(E)];0
[NoOp, NoOp, Push(N,N), Move(E)];0
[NoOp, NoOp, Push(N,N), Move(E)];1
[NoOp, NoOp, Push(N,N), Move(E)];0
[NoOp, NoOp, Push(N,E), Move(E)];0
[NoOp, NoOp, Push(E,E), Move(E)];0
[NoOp, NoOp, Push(E,S), Move(E)];0
[NoOp, NoOp, NoOp, Move(E)];0
[NoOp, NoOp, NoOp, Move(N)];0
[NoOp, NoOp, NoOp, Move(E)];0
[NoOp, NoOp, NoOp, Push(S,W)];0
[NoOp, NoOp, NoOp, Push(W,W)];1
[NoOp, NoOp, NoOp, Push(W,W)];0
[NoOp, NoOp, NoOp, Push(W,N)];0
[NoOp, NoOp, NoOp, Push(N,N)];0
[NoOp, NoOp, NoOp, Push(N,W)];0
[NoOp, NoOp, NoOp, Push(W,W)];0
[NoOp, NoOp, NoOp, Push(W,W)];0
[NoOp, NoOp, NoOp, Push(W,W)];0
[NoOp, NoOp, NoOp, Push(W,W)];0
[NoOp, NoOp, NoOp, Push(W,W)];0
[NoOp, NoOp, NoOp, Push(W,W)];1
[NoOp, NoOp, NoOp, Push(W,W)];0
[NoOp, NoOp, NoOp, Push(W,W)];0
[NoOp, NoOp, NoOp, Push(W,W)];0
[NoOp, NoOp, NoOp, Push(W,W)];0
[NoOp, NoOp, NoOp, Push(W,W)];0
[NoOp, NoOp, NoOp, Push(W,W)];0
[NoOp, NoOp, NoOp, Push(W,W)];0
[NoOp, NoOp, NoOp, Push(W,W)];0
[NoOp, NoOp, NoOp, Push(W,W)];0
[NoOp, NoOp, NoOp, Push(W,W)];0
[NoOp, NoOp, NoOp, Push(W,N)];0
[NoOp, NoOp, NoOp, Push(N,W)];0
[NoOp, NoOp, NoOp, Push(W,N)];0
[NoOp, NoOp, NoOp, Push(N,N)];0
[NoOp, NoOp, NoOp, Push(N,W)];0
[NoOp, NoOp, NoOp, Push(W,N)];0
[NoOp, NoOp, NoOp, Push(N,N)];0
[NoOp, NoOp, NoOp, Push(N,W)];0
[NoOp, NoOp, NoOp, Push(W,N)];1
[NoOp, NoOp, NoOp, Push(N,W)];0
[NoOp, NoOp, NoOp, Push(W,W)];0
[NoOp, NoOp, NoOp, Push(W,W)];0
[NoOp, NoOp, NoOp, Push(W,W)];0
[NoOp, NoOp, NoOp, Push(W,N)];0
[NoOp, NoOp, NoOp, Push(N,N)];0
[NoOp, NoOp, NoOp, Push(N,N)];0
[NoOp, NoOp, NoOp, Push(N,N)];0
[NoOp, NoOp, NoOp, Push(N,N)];0
[NoOp, NoOp, NoOp, Push(N,N)];0
[NoOp, NoOp, NoOp, Push(N,N)];0
[NoOp, NoOp, NoOp, Push(N,N)];0
[NoOp, NoOp, NoOp, Push(N,W)];0
[NoOp, NoOp, NoOp, Push(W,W)];0
[NoOp, NoOp, NoOp, Push(W,S)];0
[NoOp, NoOp, NoOp, Push(S,W)];0
[NoOp, NoOp, NoOp, Push(W,W)];0
[NoOp, NoOp, NoOp, Push(W,W)];0
[NoOp, NoOp, NoOp, Push(W,W)];0
[NoOp, NoOp, NoOp, Push(W,W)];0
[NoOp, NoOp, NoOp, Push(W,S)];0
[NoOp, NoOp, NoOp, Push(S,W)];0
[NoOp, NoOp, NoOp, Push(W,S)];0
[NoOp, NoOp, NoOp, Push(S,W)];0
[NoOp, NoOp, NoOp, Push(W,S)];0
[NoOp, NoOp, NoOp, Push(S,S)];0
[NoOp, NoOp, NoOp, Push(S,S)];0
[NoOp, NoOp, NoOp, Push(S,S)];0
[NoOp, NoOp, NoOp, Push(S,S)];0
[NoOp, NoOp, NoOp, Push(S,S)];0
[NoOp, NoOp, NoOp, Push(S,S)];0
[NoOp, NoOp, NoOp, Push(S,S)];1
[NoOp, NoOp, NoOp, Push(S,S)];0
[NoOp, NoOp, NoOp, Push(S,S)];0
[NoOp, NoOp, NoOp, Push(S,S)];0
[NoOp, NoOp, NoOp, Push(S,S)];0
[NoOp, NoOp, NoOp, Push(S,S)];0
[NoOp, NoOp, NoOp, Push(S,W)];0
[NoOp, NoOp, NoOp, Push(W,W)];0
[NoOp, NoOp, NoOp, Push(W,N)];0
[NoOp, NoOp, NoOp, Push(N,N)];0
[NoOp, NoOp, NoOp, Push(N,N)];0
[NoOp, NoOp, NoOp, Push(N,N)];0
[NoOp, NoOp, NoOp, Push(N,N)];0
[NoOp, NoOp, NoOp, Push(N,N)];0
[NoOp, NoOp, NoOp, Push(N,N)];0
[NoOp, NoOp, NoOp, Push(N,N)];0
[NoOp, NoOp, NoOp, Push(N,N)];0
[NoOp, NoOp, NoOp, Push(N,N)];0
[NoOp, NoOp, NoOp, Push(N,N)];0
[NoOp, NoOp, NoOp, Push(N,N)];0
[NoOp, NoOp, NoOp, Push(N,N)];0
[NoOp, NoOp, NoOp, Push(N,N)];0
[NoOp, NoOp, NoOp, Push(N,N)];0
[NoOp, NoOp, NoOp, Push(N,N)];0
[NoOp, NoOp, NoOp, Push(N,N)];0
[NoOp, NoOp, NoOp, Push(N,N)];0
[NoOp, NoOp, NoOp, Push(N,E)];0
[NoOp, NoOp, NoOp, Push(E,E)];0
[NoOp, NoOp, NoOp, Push(E,E)];0
[NoOp, NoOp, NoOp, Push(E,E)];0
[NoOp, NoOp, NoOp, Push(E,E)];0
[NoOp, NoOp, NoOp, Push(E,E)];0
[NoOp, NoOp, NoOp, Push(E,E)];0
[NoOp, NoOp, NoOp, Push(E,E)];0
[NoOp, NoOp, NoOp, Push(E,E)];0
[NoOp, NoOp, NoOp, Push(E,E)];0
[NoOp, NoOp, NoOp, Push(E,E)];0
[NoOp, NoOp, NoOp, Push(E,E)];0
[NoOp, NoOp, NoOp, Push(E,E)];0
[NoOp, NoOp, NoOp, Push(E,E)];0
[NoOp, NoOp, NoOp, Push(E,E)];0
[NoOp, NoOp, NoOp, Push(E,E)];0
[NoOp, NoOp, NoOp, Push(E,E)];0
[NoOp, NoOp, NoOp, Push(E,E)];0
[NoOp, NoOp, NoOp, Push(E,E)];0
[NoOp, NoOp, NoOp, Push(E,E)];1
[NoOp, NoOp, NoOp, Push(E,E)];0
[NoOp, NoOp, NoOp, Push(E,E)];0
[NoOp, NoOp, NoOp, Push(E,E)];0
[NoOp, NoOp, NoOp, Push(E,E)];0
[NoOp, NoOp, NoOp, Push(E,E)];0
[NoOp, NoOp, NoOp, Push(E,E)];0
[NoOp, NoOp, NoOp, Push(E,E)];0
[NoOp, NoOp, NoOp, Push(E,E)];0
[NoOp, NoOp, NoOp, Push(E,E)];0
[NoOp, NoOp, NoOp, Push(E,E)];0
[NoOp, NoOp, NoOp, Push(E,E)];0
[NoOp, NoOp, NoOp, Push(E,E)];0
[NoOp, NoOp, NoOp, Push(E,E)];0
[NoOp, NoOp, NoOp, Push(E,E)];0
[NoOp, NoOp, NoOp, Push(E,S)];0
[NoOp, NoOp, NoOp, Push(S,S)];0
[NoOp, NoOp, NoOp, Push(S,S)];0
[NoOp, NoOp, NoOp, Push(S,S)];0
[NoOp, NoOp, NoOp, Push(S,W)];0
[NoOp, NoOp, NoOp, Push(W,W)];0
[NoOp, NoOp, NoOp, Push(W,W)];0
[NoOp, NoOp, NoOp, Push(W,W)];0
[NoOp, NoOp, NoOp, Push(W,S)];0
[NoOp, NoOp, NoOp, Push(S,S)];0
[NoOp, NoOp, NoOp, Push(S,S)];0
[NoOp, NoOp, NoOp, Push(S,S)];0
[NoOp, NoOp, NoOp, Push(S,S)];0
[NoOp, NoOp, NoOp, Push(S,S)];0
[NoOp, NoOp, NoOp, Push(S,S)];0
[NoOp, NoOp, NoOp, Push(S,S)];0
[NoOp, NoOp, NoOp, Push(S,E)];0
[NoOp, NoOp, NoOp, Push(E,E)];1
[NoOp, NoOp, NoOp, Push(E,N)];0
[Move(W), Move(W), NoOp, NoOp];26
[Move(W), Move(W), NoOp, NoOp];0
[Move(W), Move(W), NoOp, NoOp];0
[Move(W), Move(W), NoOp, NoOp];0
[Move(W), Move(W), NoOp, NoOp];0
[Move(W), Move(W), NoOp, NoOp];0
[Move(W), Move(W), NoOp, NoOp];0
[Move(W), Move(W), NoOp, NoOp];0
[Move(W), Move(W), NoOp, NoOp];0
[Move(S), Move(W), NoOp, NoOp];0
[Move(S), Move(W), NoOp, NoOp];0
[Move(S), Move(W), NoOp, NoOp];0
[Move(S), Move(S), NoOp, NoOp];0
[Move(S), Move(S), NoOp, NoOp];0
[Move(S), Move(S), NoOp, NoOp];0
[Move(S), Move(S), NoOp, NoOp];0
[Move(S), Move(S), NoOp, NoOp];1
[Move(S), Move(S), NoOp, NoOp];0
[Move(S), Move(S), NoOp, NoOp];0
[Move(S), Move(S), NoOp, NoOp];0
[Move(S), Move(S), NoOp, NoOp];0
[Move(S), Move(S), NoOp, NoOp];0
[Move(S), Move(S), NoOp, NoOp];0
[Move(S), Move(S), NoOp, NoOp];0
[Move(S), Move(S), NoOp, NoOp];0
[Move(S), Move(S), NoOp, NoOp];0
[Move(S), Move(S), NoOp, NoOp];0
[Move(S), Move(S), NoOp, NoOp];0
[Move(S), Move(S), NoOp, NoOp];0
[Move(S), Move(S), NoOp, NoOp];0
[Move(E), Move(S), NoOp, NoOp];0
[Move(E), Move(S), NoOp, NoOp];0
[Move(N), Move(S), NoOp, NoOp];0
[Move(N), Move(E), NoOp, NoOp];0
[Move(N), Move(E), NoOp, NoOp];0
[Move(N), Move(N), NoOp, NoOp];0
[Move(N), Move(N), NoOp, NoOp];0
[Move(N), Move(N), NoOp, NoOp];0
[Move(E), Move(N), NoOp, NoOp];0
[Move(N), Move(E), NoOp, NoOp];0
[Push(W,S), Move(N), NoOp, NoOp];0
[Push(S,S), Push(W,S), NoOp, NoOp];0
[Push(S,S), Push(S,S), NoOp, NoOp];0
[Push(S,S), Push(S,S), NoOp, NoOp];0
[Push(S,S), Push(S,S), NoOp, NoOp];0
[Push(S,S), Push(S,S), NoOp, NoOp];0
[Push(S,S), Push(S,W), NoOp, NoOp];1
[Push(S,W), Push(W,W), NoOp, NoOp];0
[Push(W,W), Push(W,N), NoOp, NoOp];0
[Push(W,N), Push(N,N), NoOp, NoOp];0
[Push(N,N), Push(N,N), NoOp, NoOp];0
[Push(N,N), Push(N,N), NoOp, NoOp];0
[Push(N,N), Push(N,N), NoOp, NoOp];0
[Push(N,N), Push(N,N), NoOp, NoOp];0
[Push(N,N), Push(N,N), NoOp, NoOp];0
[Push(N,N), Push(N,N), NoOp, NoOp];0
[Push(N,N), Push(N,N), NoOp, NoOp];0
[Push(N,N), Push(N,N), NoOp, NoOp];0
[Push(N,N), Push(N,N), NoOp, NoOp];0
[Push(N,N), Push(N,N), NoOp, NoOp];0
[Push(N,N), Push(N,N), NoOp, NoOp];0
[Push(N,N), Push(N,N), NoOp, NoOp];0
[Push(N,N), Push(N,N), NoOp, NoOp];0
[Push(N,N), Push(N,N), NoOp, NoOp];0
[Push(N,N), Push(N,N), NoOp, NoOp];0
[Push(N,N), Push(N,N), NoOp, NoOp];0
[Push(N,N), Push(N,N), NoOp, NoOp];0
[Push(N,N), Push(N,N), NoOp, NoOp];0
[Push(N,N), Push(N,N), NoOp, NoOp];0
[Push(N,N), Push(N,E), NoOp, NoOp];0
[Push(N,E), Push(E,E), NoOp, NoOp];0
[Push(E,E), Push(E,E), NoOp, NoOp];0
[Push(E,E), Push(E,E), NoOp, NoOp];0
[Push(E,E), Push(E,E), NoOp, NoOp];0
[Push(E,E), Push(E,E), NoOp, NoOp];0
[Push(E,E), Push(E,E), NoOp, NoOp];0
[NoOp, Push(E,E), NoOp, NoOp];0
[NoOp, Push(E,E), NoOp, NoOp];0
[NoOp, Push(E,E), NoOp, NoOp];0
[NoOp, Move(W), NoOp, NoOp];14
[NoOp, Move(W), NoOp, NoOp];0
[NoOp, Move(W), NoOp, NoOp];0
[NoOp, Move(W), NoOp, NoOp];0
[NoOp, Move(W), NoOp, NoOp];0
[NoOp, Move(W), NoOp, NoOp];0
[NoOp, Move(W), NoOp, NoOp];0
[NoOp, Move(W), NoOp, NoOp];0
[NoOp, Move(W), NoOp, NoOp];0
[NoOp, Move(S), NoOp, NoOp];0
[NoOp, Move(S), NoOp, NoOp];0
[NoOp, Move(S), NoOp, NoOp];0
[NoOp, Move(S), NoOp, NoOp];0
[NoOp, Move(S), NoOp, NoOp];0
[NoOp, Move(S), NoOp, NoOp];0
[NoOp, Move(S), NoOp, NoOp];0
[NoOp, Move(S), NoOp, NoOp];0
[NoOp, Move(S), NoOp, NoOp];0
[NoOp, Move(S), NoOp, NoOp];0
[NoOp, Move(S), NoOp, NoOp];0
[NoOp, Move(S), NoOp, NoOp];0
[NoOp, Move(S), NoOp, NoOp];0
[NoOp, Move(S), NoOp, NoOp];0
[NoOp, Move(S), NoOp, NoOp];0
[NoOp, Move(S), NoOp, NoOp];0
[NoOp, Move(S), NoOp, NoOp];0
[NoOp, Move(S), NoOp, NoOp];0
[NoOp, Move(S), NoOp, NoOp];0
[NoOp, Move(S), NoOp, NoOp];0
[NoOp, Move(S), NoOp, NoOp];0
[NoOp, Move(E), NoOp, NoOp];0
[NoOp, Move(E), NoOp, NoOp];0
[NoOp, Move(N), NoOp, NoOp];0
[NoOp, Move(N), NoOp, NoOp];0
[NoOp, Move(N), NoOp, NoOp];0
[NoOp, Move(N), NoOp, NoOp];0
[NoOp, Move(N), NoOp, NoOp];0
[NoOp, Move(E), NoOp, NoOp];0
[NoOp, Move(N), NoOp, NoOp];0
[NoOp, Push(W,S), NoOp, NoOp];1
[NoOp, Push(S,S), NoOp, NoOp];0
[NoOp, Push(S,S), NoOp, NoOp];0
[NoOp, Push(S,S), NoOp, NoOp];0
[NoOp, Push(S,S), NoOp, NoOp];0
[NoOp, Push(S,S), NoOp, NoOp];0
[NoOp, Push(S,W), NoOp, NoOp];0
[NoOp, Push(W,W), NoOp, NoOp];0
[NoOp, Push(W,N), NoOp, NoOp];0
[NoOp, Push(N,N), NoOp, NoOp];0
[NoOp, Push(N,N), NoOp, NoOp];0
[NoOp, Push(N,N), NoOp, NoOp];0
[NoOp, Push(N,N), NoOp, NoOp];0
[NoOp, Push(N,N), NoOp, NoOp];0
[NoOp, Push(N,N), NoOp, NoOp];0
[NoOp, Push(N,N), NoOp, NoOp];0
[NoOp, Push(N,N), NoOp, NoOp];0
[NoOp, Push(N,N), NoOp, NoOp];0
[NoOp, Push(N,N), NoOp, NoOp];0
[NoOp, Push(N,N), NoOp, NoOp];0
[NoOp, Push(N,N), NoOp, NoOp];0
[NoOp, Push(N,N), NoOp, NoOp];0
[NoOp, Push(N,N), NoOp, NoOp];0
[NoOp, Push(N,N), NoOp, NoOp];0
[NoOp, Push(N,N), NoOp, NoOp];0
[NoOp, Push(N,N), NoOp, NoOp];0
[NoOp, Push(N,N), NoOp, NoOp];0
[NoOp, Push(N,N), NoOp, NoOp];0
[NoOp, Push(N,N), NoOp, NoOp];0
[NoOp, Push(N,E), NoOp, NoOp];0
[NoOp, Push(E,E), NoOp, NoOp];0
[NoOp, Push(E,E), NoOp, NoOp];1
[NoOp, Push(E,E), NoOp, NoOp];0
[NoOp, Push(E,E), NoOp, NoOp];0
[NoOp, Push(E,E), NoOp, NoOp];0
[NoOp, Push(E,E), NoOp, NoOp];0
[NoOp, Push(E,E), NoOp, NoOp];0
[NoOp, Push(E,E), NoOp, NoOp];0
[NoOp, Move(W), NoOp, NoOp];13
[NoOp, Move(W), NoOp, NoOp];0
[NoOp, Move(W), NoOp, NoOp];0
[NoOp, Move(W), NoOp, NoOp];0
[NoOp, Move(W), NoOp, NoOp];0
[NoOp, Move(W), NoOp, NoOp];0
[NoOp, Move(W), NoOp, NoOp];0
[NoOp, Move(W), NoOp, NoOp];0
[NoOp, Move(S), NoOp, NoOp];0
[NoOp, Move(S), NoOp, NoOp];0
[NoOp, Move(S), NoOp, NoOp];0
[NoOp, Move(S), NoOp, NoOp];1
[NoOp, Move(S), NoOp, NoOp];0
[NoOp, Move(S), NoOp, NoOp];0
[NoOp, Move(S), NoOp, NoOp];0
[NoOp, Move(S), NoOp, NoOp];0
[NoOp, Move(S), NoOp, NoOp];0
[NoOp, Move(S), NoOp, NoOp];0
[NoOp, Move(S), NoOp, NoOp];0
[NoOp, Move(S), NoOp, NoOp];0
[NoOp, Move(S), NoOp, NoOp];0
[NoOp, Move(S), NoOp, NoOp];0
[NoOp, Move(S), NoOp, NoOp];0
[NoOp, Move(S), NoOp, NoOp];0
[NoOp, Move(S), NoOp, NoOp];0
[NoOp, Move(S), NoOp, NoOp];0
[NoOp, Move(S), NoOp, NoOp];0
[NoOp, Move(S), NoOp, NoOp];0
[NoOp, Move(S), NoOp, NoOp];0
[NoOp, Move(E), NoOp, NoOp];0
[NoOp, Move(E), NoOp, NoOp];0
[NoOp, Move(N), NoOp, NoOp];0
[NoOp, Move(N), NoOp, NoOp];0
[NoOp, Move(N), NoOp, NoOp];0
[NoOp, Move(N), NoOp, NoOp];0
[NoOp, Move(N), NoOp, NoOp];0
[NoOp, Move(N), NoOp, NoOp];0
[NoOp, Move(E), NoOp, NoOp];0
[NoOp, Move(N), NoOp, NoOp];0
[NoOp, Push(W,S), NoOp, NoOp];0
[NoOp, Push(S,S), NoOp, NoOp];0
[NoOp, Push(S,S), NoOp, NoOp];0
[NoOp, Push(S,S), NoOp, NoOp];0
[NoOp, Push(S,S), NoOp, NoOp];0
[NoOp, Push(S,S), NoOp, NoOp];0
[NoOp, Push(S,S), NoOp, NoOp];1
[NoOp, Push(S,W), NoOp, NoOp];0
[NoOp, Push(W,W), NoOp, NoOp];0
[NoOp, Push(W,N), NoOp, NoOp];0
[NoOp, Push(N,N), NoOp, NoOp];0
[NoOp, Push(N,N), NoOp, NoOp];0
[NoOp, Push(N,N), NoOp, NoOp];0
[NoOp, Push(N,N), NoOp, NoOp];0
[NoOp, Push(N,N), NoOp, NoOp];0
[NoOp, Push(N,N), NoOp, NoOp];0
[NoOp, Push(N,N), NoOp, NoOp];0
[NoOp, Push(N,N), NoOp, NoOp];0
[NoOp, Push(N,N), NoOp, NoOp];0
[NoOp, Push(N,N), NoOp, NoOp];0
[NoOp, Push(N,N), NoOp, NoOp];0
[NoOp, Push(N,N), NoOp, NoOp];0
[NoOp, Push(N,N), NoOp, NoOp];1
[NoOp, Push(N,N), NoOp, NoOp];0
[NoOp, Push(N,N), NoOp, NoOp];0
[NoOp, Push(N,N), NoOp, NoOp];0
[NoOp, Push(N,N), NoOp, NoOp];0
[NoOp, Push(N,N), NoOp, NoOp];0
[NoOp, Push(N,N), NoOp, NoOp];0
[NoOp, Push(N,N), NoOp, NoOp];0
[NoOp, Push(N,E), NoOp, NoOp];0
[NoOp, Push(E,E), NoOp, NoOp];0
[NoOp, Push(E,E), NoOp, NoOp];0
[NoOp, Push(E,E), NoOp, NoOp];0
[NoOp, Push(E,E), NoOp, NoOp];0
[NoOp, Push(E,E), NoOp, NoOp];0
1886eebd8df2319248d80d8a94c7b8b99aa7f131
successful
12353
1906
b7b4a1de1476bcbc20d000b4f0f17d339b22ac9d
1495032677279
