red: 0,A
cyan: 1,C
yellow: 2,B
blue: 3,D
magenta: 4,M
orange: 5,I
pink: 6,N
green: 7,J
+++++++++++++++++
+ +1+ +3+ +5+n+7+
+ + + + + + + + +
+ + + + + + + + +++
+0AC B D M I N J a+
+ + + + + + + + +++
+ + + + + + + + +
+ + +2+ +4+ +6+c+
+++++++++++++++++

[NoOp, Move(S), Move(N), Move(S), Move(N), Move(S), Move(N), Move(S)];334
[NoOp, Move(S), Move(N), Move(S), Move(N), Move(S), Move(N), Move(S)];0
[NoOp, Push(S,S), Push(N,N), Push(S,S), Push(N,N), Push(S,S), Push(N,N), Push(S,S)];0
[NoOp, Push(S,S), Push(N,N), Push(S,S), Push(N,N), Push(S,S), Push(N,N), Push(S,S)];0
[NoOp, NoOp, NoOp, NoOp, NoOp, NoOp, NoOp, Pull(N,S)];64
[NoOp, NoOp, NoOp, NoOp, NoOp, NoOp, NoOp, Pull(W,S)];0
[NoOp, NoOp, NoOp, NoOp, NoOp, NoOp, NoOp, Push(E,N)];0
[NoOp, NoOp, NoOp, NoOp, NoOp, NoOp, NoOp, Push(N,N)];0
[NoOp, Pull(N,S), NoOp, NoOp, NoOp, NoOp, Push(N,N), NoOp];7
[NoOp, Pull(N,S), NoOp, NoOp, NoOp, NoOp, NoOp, NoOp];0
[NoOp, Push(S,E), NoOp, NoOp, NoOp, NoOp, NoOp, NoOp];0
[NoOp, Push(E,E), NoOp, NoOp, NoOp, NoOp, NoOp, NoOp];0
[Push(E,E), Push(E,E), NoOp, NoOp, NoOp, NoOp, NoOp, NoOp];1
[Push(E,E), Push(E,E), NoOp, NoOp, NoOp, NoOp, NoOp, NoOp];0
[Push(E,E), Push(E,E), NoOp, NoOp, NoOp, NoOp, NoOp, NoOp];0
[Push(E,E), Push(E,E), NoOp, NoOp, NoOp, NoOp, NoOp, NoOp];0
[Push(E,E), Push(E,E), NoOp, NoOp, NoOp, NoOp, NoOp, NoOp];0
[Push(E,E), Push(E,E), NoOp, NoOp, NoOp, NoOp, NoOp, NoOp];0
[Push(E,E), Push(E,E), NoOp, NoOp, NoOp, NoOp, NoOp, NoOp];0
[Push(E,E), Push(E,E), NoOp, NoOp, NoOp, NoOp, NoOp, NoOp];0
[Push(E,E), Push(E,E), NoOp, NoOp, NoOp, NoOp, NoOp, NoOp];1
[Push(E,E), Push(E,E), NoOp, NoOp, NoOp, NoOp, NoOp, NoOp];0
[Push(E,E), Push(E,S), NoOp, NoOp, NoOp, NoOp, NoOp, NoOp];0
[Push(E,E), Push(S,S), NoOp, NoOp, NoOp, NoOp, NoOp, NoOp];0
[Push(E,E), Push(S,S), NoOp, NoOp, NoOp, NoOp, NoOp, NoOp];0
[Push(E,E), NoOp, NoOp, NoOp, NoOp, NoOp, NoOp, NoOp];0
[Push(E,E), NoOp, NoOp, NoOp, NoOp, NoOp, NoOp, NoOp];0
6e743baa0664a2cafbca4cf814595ff7d95e9d41
successful
407
27
b0cd0ed0aac151c173b3466466d5e1af1d24ef64
1495032691057
