red: A,R,E,F,U,N,B,0,1
yellow: O,2,3
green: T,S,4,5
++++++++++++++++++++++++++++++++++++++++++++++++++++++++
+              ++++              ++++                  +++
+     +R++O+    +++     +O++T+    +++                  +++++++
++    +++++++    +++    +BO+R++          ++      ++    ++ 135++
  +   ++++++O    ++++   +++++++    +++++++++    +++++++++ 240+++
  +   +++++++    ++++   +++++++    +++++++++    +++++++++ +++++++
  +   +B++T+    +++++   ++++++    ++++++++++    +++++++          +
  +           +++++++           ++++++++++++    +++++             +
  +   ++++++    +++++   ++++++    ++++++++++    ++++      ++++     +
  +   +++++++    ++++   +++++++    ++ROBOT++    +++++     +  S++++++
  +   +++++++    ++++   +++++++                 +++++++      S++++++
  +   +++++++    ++++   +++++++    +++++++++    ++++++++++      ++++
++    +++++++    +++    ++++++     ++++++++      O++++++++++S     ++
+     +++++++    ++               +++++++R        O+     +++S      +
+     +++++++                    ++++++++B        T+              +
++   +++++++++++++++++++++  +++++++++++++++++++++++++           ++
+                                                           +++++
+    robots          robots          robots          robots     +
+++++++++++++++++++++++++++++++++++++++++++++++++++++++++++++++++
                        ++   ARE FUN   ++
                         +++++++++++++++

[NoOp, Move(W), NoOp, NoOp, NoOp, NoOp];2448
[NoOp, Move(S), NoOp, NoOp, NoOp, NoOp];0
[NoOp, Move(S), NoOp, NoOp, NoOp, NoOp];0
[NoOp, Move(S), NoOp, NoOp, NoOp, NoOp];0
[NoOp, Move(S), NoOp, NoOp, NoOp, NoOp];0
[NoOp, Move(S), NoOp, NoOp, NoOp, NoOp];0
[NoOp, Move(S), NoOp, NoOp, NoOp, NoOp];0
[NoOp, Move(S), NoOp, NoOp, NoOp, NoOp];0
[NoOp, Move(E), NoOp, NoOp, NoOp, NoOp];0
[NoOp, Move(S), NoOp, NoOp, NoOp, NoOp];1
[NoOp, Move(E), NoOp, NoOp, NoOp, NoOp];0
[NoOp, Move(E), NoOp, NoOp, NoOp, NoOp];0
[NoOp, Move(E), NoOp, NoOp, NoOp, NoOp];0
[NoOp, Move(S), NoOp, NoOp, NoOp, NoOp];0
[NoOp, Move(S), NoOp, NoOp, NoOp, NoOp];0
[NoOp, Move(S), NoOp, NoOp, NoOp, NoOp];0
[NoOp, Move(S), NoOp, NoOp, NoOp, NoOp];0
[NoOp, Move(W), NoOp, NoOp, NoOp, NoOp];0
[NoOp, Move(W), NoOp, NoOp, NoOp, NoOp];1
[NoOp, Move(S), NoOp, NoOp, NoOp, NoOp];0
[NoOp, Move(W), NoOp, NoOp, NoOp, NoOp];0
[NoOp, Move(W), NoOp, NoOp, NoOp, NoOp];0
[NoOp, Move(W), NoOp, NoOp, NoOp, NoOp];0
[NoOp, Move(W), NoOp, NoOp, NoOp, NoOp];0
[NoOp, Move(W), NoOp, NoOp, NoOp, NoOp];0
[NoOp, Move(W), NoOp, NoOp, NoOp, NoOp];0
[NoOp, Move(W), NoOp, NoOp, NoOp, NoOp];0
[NoOp, Move(W), NoOp, NoOp, NoOp, NoOp];0
[NoOp, Move(W), NoOp, NoOp, NoOp, NoOp];0
[NoOp, Move(W), NoOp, NoOp, NoOp, NoOp];1
[NoOp, Move(W), NoOp, NoOp, NoOp, NoOp];0
[NoOp, Move(W), NoOp, NoOp, NoOp, NoOp];0
[NoOp, Move(W), NoOp, NoOp, NoOp, NoOp];0
[NoOp, Move(W), NoOp, NoOp, NoOp, NoOp];0
[NoOp, Move(W), NoOp, NoOp, NoOp, NoOp];0
[NoOp, Move(W), NoOp, NoOp, NoOp, NoOp];0
[NoOp, Move(W), NoOp, NoOp, NoOp, NoOp];0
[NoOp, Move(W), NoOp, NoOp, NoOp, NoOp];0
[NoOp, Move(W), NoOp, NoOp, NoOp, NoOp];0
[NoOp, Move(W), NoOp, NoOp, NoOp, NoOp];0
[NoOp, Move(W), NoOp, NoOp, NoOp, NoOp];1
[NoOp, Move(W), NoOp, NoOp, NoOp, NoOp];0
[NoOp, Move(W), NoOp, NoOp, NoOp, NoOp];0
[NoOp, Move(W), NoOp, NoOp, NoOp, NoOp];0
[NoOp, Move(W), NoOp, NoOp, NoOp, NoOp];0
[NoOp, Move(W), NoOp, NoOp, NoOp, NoOp];0
[NoOp, Move(W), NoOp, NoOp, NoOp, NoOp];0
[NoOp, Move(W), NoOp, NoOp, NoOp, NoOp];0
[NoOp, Move(W), NoOp, NoOp, NoOp, NoOp];0
[NoOp, Move(W), NoOp, NoOp, NoOp, NoOp];0
[NoOp, Move(W), NoOp, NoOp, NoOp, NoOp];0
[NoOp, Move(W), NoOp, NoOp, NoOp, NoOp];0
[NoOp, Move(N), NoOp, NoOp, NoOp, NoOp];0
[NoOp, Move(N), NoOp, NoOp, NoOp, NoOp];0
[NoOp, Move(W), NoOp, NoOp, NoOp, NoOp];0
[NoOp, Move(W), NoOp, NoOp, NoOp, NoOp];0
[NoOp, Move(W), NoOp, NoOp, NoOp, NoOp];0
[NoOp, Move(W), NoOp, NoOp, NoOp, NoOp];0
[NoOp, Move(W), NoOp, NoOp, NoOp, NoOp];0
[NoOp, Move(W), NoOp, NoOp, NoOp, NoOp];0
[NoOp, Move(W), NoOp, NoOp, NoOp, NoOp];0
[NoOp, Move(W), NoOp, NoOp, NoOp, NoOp];1
[NoOp, Move(W), NoOp, NoOp, NoOp, NoOp];0
[NoOp, Move(W), NoOp, NoOp, NoOp, NoOp];0
[NoOp, Move(W), NoOp, NoOp, NoOp, NoOp];0
[NoOp, Move(N), NoOp, NoOp, NoOp, NoOp];0
[NoOp, Move(N), NoOp, NoOp, NoOp, NoOp];1
[NoOp, Move(W), NoOp, NoOp, NoOp, NoOp];0
[NoOp, Move(N), NoOp, NoOp, NoOp, NoOp];0
[NoOp, Move(N), NoOp, NoOp, NoOp, NoOp];0
[NoOp, Move(N), NoOp, NoOp, NoOp, NoOp];0
[NoOp, Move(N), NoOp, NoOp, NoOp, NoOp];0
[NoOp, Move(W), NoOp, NoOp, NoOp, NoOp];0
[NoOp, Move(W), NoOp, NoOp, NoOp, NoOp];0
[NoOp, Move(N), NoOp, NoOp, NoOp, NoOp];0
[NoOp, Move(N), NoOp, NoOp, NoOp, NoOp];1
[NoOp, Move(N), NoOp, NoOp, NoOp, NoOp];0
[NoOp, Move(N), NoOp, NoOp, NoOp, NoOp];0
[NoOp, Move(N), NoOp, NoOp, NoOp, NoOp];0
[NoOp, Move(N), NoOp, NoOp, NoOp, NoOp];0
[NoOp, Move(N), NoOp, NoOp, NoOp, NoOp];0
[NoOp, Move(W), NoOp, NoOp, NoOp, NoOp];0
[NoOp, Move(W), NoOp, NoOp, NoOp, NoOp];0
[NoOp, Move(W), NoOp, NoOp, NoOp, NoOp];0
[NoOp, Move(W), NoOp, NoOp, NoOp, NoOp];0
[NoOp, Move(W), NoOp, NoOp, NoOp, NoOp];1
[NoOp, Move(W), NoOp, NoOp, NoOp, NoOp];0
[NoOp, Pull(W,S), NoOp, NoOp, NoOp, NoOp];0
[NoOp, Push(E,E), NoOp, NoOp, NoOp, NoOp];0
[NoOp, Push(E,E), NoOp, NoOp, NoOp, NoOp];0
[NoOp, Push(E,E), NoOp, NoOp, NoOp, NoOp];0
[NoOp, Push(E,E), NoOp, NoOp, NoOp, NoOp];1
[NoOp, Push(E,E), NoOp, NoOp, NoOp, NoOp];0
[NoOp, Push(E,S), NoOp, NoOp, NoOp, NoOp];0
[NoOp, Push(S,E), NoOp, NoOp, NoOp, NoOp];0
[NoOp, Push(E,S), NoOp, NoOp, NoOp, NoOp];0
[NoOp, Push(S,S), NoOp, NoOp, NoOp, NoOp];0
[NoOp, Push(S,S), NoOp, NoOp, NoOp, NoOp];0
[NoOp, Push(S,S), NoOp, NoOp, NoOp, NoOp];0
[NoOp, Push(S,S), NoOp, NoOp, NoOp, NoOp];0
[NoOp, Push(S,W), NoOp, NoOp, NoOp, NoOp];0
[NoOp, Push(W,W), NoOp, NoOp, NoOp, NoOp];1
[NoOp, Push(W,W), NoOp, NoOp, NoOp, NoOp];0
[NoOp, Push(W,W), NoOp, NoOp, NoOp, NoOp];0
[NoOp, Push(W,W), NoOp, NoOp, NoOp, NoOp];0
[NoOp, Push(W,W), NoOp, NoOp, NoOp, NoOp];0
[NoOp, Push(W,W), NoOp, NoOp, NoOp, NoOp];0
[NoOp, Push(W,W), NoOp, NoOp, NoOp, NoOp];0
[NoOp, Push(W,W), NoOp, NoOp, NoOp, NoOp];0
[NoOp, Push(W,S), NoOp, NoOp, NoOp, NoOp];0
[NoOp, Push(S,S), NoOp, NoOp, NoOp, NoOp];0
[NoOp, Push(S,S), NoOp, NoOp, NoOp, NoOp];1
[NoOp, Push(S,S), NoOp, NoOp, NoOp, NoOp];0
[NoOp, Push(S,S), NoOp, NoOp, NoOp, NoOp];0
[NoOp, Push(S,S), NoOp, NoOp, NoOp, NoOp];0
[NoOp, Push(S,S), NoOp, NoOp, NoOp, NoOp];0
[NoOp, Push(S,S), NoOp, NoOp, NoOp, NoOp];1
[NoOp, Push(S,S), NoOp, NoOp, NoOp, NoOp];0
[NoOp, Push(S,S), NoOp, NoOp, NoOp, NoOp];0
[NoOp, Push(S,E), NoOp, NoOp, NoOp, NoOp];0
[NoOp, NoOp, Move(W), NoOp, NoOp, NoOp];53
[NoOp, NoOp, Move(S), NoOp, NoOp, NoOp];0
[NoOp, NoOp, Move(S), NoOp, NoOp, NoOp];0
[NoOp, NoOp, Move(S), NoOp, NoOp, NoOp];0
[NoOp, NoOp, Move(S), NoOp, NoOp, NoOp];0
[NoOp, NoOp, Move(S), NoOp, NoOp, NoOp];0
[NoOp, NoOp, Move(S), NoOp, NoOp, NoOp];0
[NoOp, NoOp, Move(E), NoOp, NoOp, NoOp];0
[NoOp, NoOp, Move(S), NoOp, NoOp, NoOp];0
[NoOp, NoOp, Move(E), NoOp, NoOp, NoOp];1
[NoOp, NoOp, Move(E), NoOp, NoOp, NoOp];0
[NoOp, NoOp, Move(E), NoOp, NoOp, NoOp];0
[NoOp, NoOp, Move(S), NoOp, NoOp, NoOp];0
[NoOp, NoOp, Move(S), NoOp, NoOp, NoOp];0
[NoOp, NoOp, Move(S), NoOp, NoOp, NoOp];0
[NoOp, NoOp, Move(S), NoOp, NoOp, NoOp];0
[NoOp, NoOp, Move(W), NoOp, NoOp, NoOp];0
[NoOp, NoOp, Move(W), NoOp, NoOp, NoOp];0
[NoOp, NoOp, Move(W), NoOp, NoOp, NoOp];0
[NoOp, NoOp, Move(W), NoOp, NoOp, NoOp];0
[NoOp, NoOp, Move(W), NoOp, NoOp, NoOp];0
[NoOp, NoOp, Move(S), NoOp, NoOp, NoOp];1
[NoOp, NoOp, Move(W), NoOp, NoOp, NoOp];0
[NoOp, NoOp, Move(W), NoOp, NoOp, NoOp];0
[NoOp, NoOp, Move(W), NoOp, NoOp, NoOp];0
[NoOp, NoOp, Move(W), NoOp, NoOp, NoOp];0
[NoOp, NoOp, Move(W), NoOp, NoOp, NoOp];0
[NoOp, NoOp, Move(W), NoOp, NoOp, NoOp];0
[NoOp, NoOp, Move(W), NoOp, NoOp, NoOp];0
[NoOp, NoOp, Move(W), NoOp, NoOp, NoOp];0
[NoOp, NoOp, Move(W), NoOp, NoOp, NoOp];0
[NoOp, NoOp, Move(W), NoOp, NoOp, NoOp];0
[NoOp, NoOp, Move(W), NoOp, NoOp, NoOp];0
[NoOp, NoOp, Move(W), NoOp, NoOp, NoOp];0
[NoOp, NoOp, Move(W), NoOp, NoOp, NoOp];1
[NoOp, NoOp, Move(W), NoOp, NoOp, NoOp];0
[NoOp, NoOp, Move(W), NoOp, NoOp, NoOp];0
[NoOp, NoOp, Move(W), NoOp, NoOp, NoOp];0
[NoOp, NoOp, Move(W), NoOp, NoOp, NoOp];0
[NoOp, NoOp, Move(W), NoOp, NoOp, NoOp];0
[NoOp, NoOp, Move(W), NoOp, NoOp, NoOp];0
[NoOp, NoOp, Move(W), NoOp, NoOp, NoOp];0
[NoOp, NoOp, Move(W), NoOp, NoOp, NoOp];0
[NoOp, NoOp, Move(W), NoOp, NoOp, NoOp];0
[NoOp, NoOp, Move(W), NoOp, NoOp, NoOp];1
[NoOp, NoOp, Move(W), NoOp, NoOp, NoOp];0
[NoOp, NoOp, Move(W), NoOp, NoOp, NoOp];0
[NoOp, NoOp, Move(W), NoOp, NoOp, NoOp];0
[NoOp, NoOp, Move(W), NoOp, NoOp, NoOp];0
[NoOp, NoOp, Move(W), NoOp, NoOp, NoOp];0
[NoOp, NoOp, Move(W), NoOp, NoOp, NoOp];0
[NoOp, NoOp, Move(N), NoOp, NoOp, NoOp];0
[NoOp, NoOp, Move(N), NoOp, NoOp, NoOp];0
[NoOp, NoOp, Move(W), NoOp, NoOp, NoOp];0
[NoOp, NoOp, Move(W), NoOp, NoOp, NoOp];0
[NoOp, NoOp, Move(W), NoOp, NoOp, NoOp];1
[NoOp, NoOp, Move(W), NoOp, NoOp, NoOp];0
[NoOp, NoOp, Move(W), NoOp, NoOp, NoOp];0
[NoOp, NoOp, Move(W), NoOp, NoOp, NoOp];0
[NoOp, NoOp, Move(W), NoOp, NoOp, NoOp];0
[NoOp, NoOp, Move(W), NoOp, NoOp, NoOp];0
[NoOp, NoOp, Move(W), NoOp, NoOp, NoOp];0
[NoOp, NoOp, Move(W), NoOp, NoOp, NoOp];0
[NoOp, NoOp, Move(W), NoOp, NoOp, NoOp];0
[NoOp, NoOp, Move(N), NoOp, NoOp, NoOp];0
[NoOp, NoOp, Move(N), NoOp, NoOp, NoOp];0
[NoOp, NoOp, Move(N), NoOp, NoOp, NoOp];0
[NoOp, NoOp, Move(W), NoOp, NoOp, NoOp];0
[NoOp, NoOp, Move(N), NoOp, NoOp, NoOp];0
[NoOp, NoOp, Move(W), NoOp, NoOp, NoOp];0
[NoOp, NoOp, Move(W), NoOp, NoOp, NoOp];0
[NoOp, NoOp, Move(N), NoOp, NoOp, NoOp];0
[NoOp, NoOp, Move(N), NoOp, NoOp, NoOp];0
[NoOp, NoOp, Move(N), NoOp, NoOp, NoOp];0
[NoOp, NoOp, Move(N), NoOp, NoOp, NoOp];0
[NoOp, NoOp, Move(N), NoOp, NoOp, NoOp];0
[NoOp, NoOp, Move(N), NoOp, NoOp, NoOp];0
[NoOp, NoOp, Pull(E,W), NoOp, NoOp, NoOp];0
[NoOp, NoOp, Push(W,S), NoOp, NoOp, NoOp];0
[NoOp, NoOp, Push(S,S), NoOp, NoOp, NoOp];0
[NoOp, NoOp, Push(S,S), NoOp, NoOp, NoOp];0
[NoOp, NoOp, Push(S,W), NoOp, NoOp, NoOp];0
[NoOp, NoOp, Push(W,W), NoOp, NoOp, NoOp];0
[NoOp, NoOp, Push(W,W), NoOp, NoOp, NoOp];0
[NoOp, NoOp, Push(W,W), NoOp, NoOp, NoOp];0
[NoOp, NoOp, Push(W,W), NoOp, NoOp, NoOp];0
[NoOp, NoOp, Push(W,W), NoOp, NoOp, NoOp];1
[NoOp, NoOp, Push(W,W), NoOp, NoOp, NoOp];0
[NoOp, NoOp, Push(W,W), NoOp, NoOp, NoOp];0
[NoOp, NoOp, Push(W,W), NoOp, NoOp, NoOp];0
[NoOp, NoOp, Push(W,S), NoOp, NoOp, NoOp];0
[NoOp, NoOp, Push(S,S), NoOp, NoOp, NoOp];0
[NoOp, NoOp, Push(S,S), NoOp, NoOp, NoOp];0
[NoOp, NoOp, Push(S,S), NoOp, NoOp, NoOp];0
[NoOp, NoOp, Push(S,S), NoOp, NoOp, NoOp];0
[NoOp, NoOp, Push(S,S), NoOp, NoOp, NoOp];0
[NoOp, NoOp, Push(S,S), NoOp, NoOp, NoOp];0
[NoOp, NoOp, Push(S,S), NoOp, NoOp, NoOp];0
[NoOp, NoOp, Push(S,S), NoOp, NoOp, NoOp];0
[NoOp, NoOp, Push(S,E), NoOp, NoOp, NoOp];0
[NoOp, NoOp, Push(E,E), NoOp, NoOp, NoOp];0
[NoOp, NoOp, Push(E,S), NoOp, NoOp, NoOp];0
[NoOp, NoOp, Move(E), NoOp, NoOp, NoOp];48
[NoOp, NoOp, Move(E), NoOp, NoOp, NoOp];0
[NoOp, Move(N), NoOp, NoOp, NoOp, NoOp];16
[NoOp, Move(N), NoOp, NoOp, NoOp, NoOp];0
[NoOp, Move(N), NoOp, NoOp, NoOp, NoOp];0
[NoOp, Move(N), NoOp, NoOp, NoOp, NoOp];0
[NoOp, Move(E), NoOp, NoOp, NoOp, NoOp];0
[NoOp, Move(N), NoOp, NoOp, NoOp, NoOp];0
[NoOp, Move(N), NoOp, NoOp, NoOp, NoOp];1
[NoOp, Move(N), NoOp, NoOp, NoOp, NoOp];0
[NoOp, Move(N), NoOp, NoOp, NoOp, NoOp];0
[NoOp, Move(N), NoOp, NoOp, NoOp, NoOp];0
[NoOp, Move(N), NoOp, NoOp, NoOp, NoOp];0
[NoOp, Move(E), NoOp, NoOp, NoOp, NoOp];0
[NoOp, Move(E), NoOp, NoOp, NoOp, NoOp];0
[NoOp, Pull(E,N), NoOp, NoOp, NoOp, NoOp];0
[NoOp, Push(W,W), NoOp, NoOp, NoOp, NoOp];0
[NoOp, Push(W,W), NoOp, NoOp, NoOp, NoOp];0
[NoOp, Push(W,W), NoOp, NoOp, NoOp, NoOp];0
[NoOp, Push(W,S), NoOp, NoOp, NoOp, NoOp];0
[NoOp, Push(S,S), NoOp, NoOp, NoOp, NoOp];0
[NoOp, Push(S,S), NoOp, NoOp, NoOp, NoOp];0
[NoOp, Push(S,S), NoOp, NoOp, NoOp, NoOp];0
[NoOp, Push(S,S), NoOp, NoOp, NoOp, NoOp];0
[NoOp, Push(S,S), NoOp, NoOp, NoOp, NoOp];0
[NoOp, Push(S,S), NoOp, NoOp, NoOp, NoOp];0
[NoOp, Push(S,S), NoOp, NoOp, NoOp, NoOp];0
[NoOp, Push(S,S), NoOp, NoOp, NoOp, NoOp];0
[NoOp, Push(S,E), NoOp, NoOp, NoOp, NoOp];0
[NoOp, Push(E,E), NoOp, NoOp, NoOp, NoOp];0
[NoOp, Push(E,E), NoOp, NoOp, NoOp, NoOp];0
[NoOp, Push(E,S), NoOp, NoOp, NoOp, NoOp];0
[NoOp, NoOp, Move(S), NoOp, NoOp, NoOp];27
[NoOp, Move(E), NoOp, NoOp, NoOp, NoOp];26
[NoOp, Move(E), NoOp, NoOp, NoOp, NoOp];0
[NoOp, NoOp, Move(N), NoOp, NoOp, NoOp];27
[NoOp, NoOp, Move(W), NoOp, NoOp, NoOp];0
[NoOp, NoOp, Move(W), NoOp, NoOp, NoOp];0
[NoOp, NoOp, Move(W), NoOp, NoOp, NoOp];0
[NoOp, NoOp, Move(W), NoOp, NoOp, NoOp];0
[NoOp, NoOp, Move(N), NoOp, NoOp, NoOp];0
[NoOp, NoOp, Move(N), NoOp, NoOp, NoOp];0
[NoOp, NoOp, Move(N), NoOp, NoOp, NoOp];0
[NoOp, NoOp, Move(E), NoOp, NoOp, NoOp];0
[NoOp, NoOp, Move(N), NoOp, NoOp, NoOp];1
[NoOp, NoOp, Move(N), NoOp, NoOp, NoOp];0
[NoOp, NoOp, Move(N), NoOp, NoOp, NoOp];0
[NoOp, NoOp, Move(N), NoOp, NoOp, NoOp];0
[NoOp, NoOp, Move(N), NoOp, NoOp, NoOp];0
[NoOp, NoOp, Move(N), NoOp, NoOp, NoOp];0
[NoOp, NoOp, Move(N), NoOp, NoOp, NoOp];0
[NoOp, NoOp, Move(N), NoOp, NoOp, NoOp];0
[NoOp, NoOp, Move(N), NoOp, NoOp, NoOp];0
[NoOp, NoOp, Move(N), NoOp, NoOp, NoOp];0
[NoOp, NoOp, Move(N), NoOp, NoOp, NoOp];0
[NoOp, NoOp, Move(N), NoOp, NoOp, NoOp];0
[NoOp, NoOp, Move(E), NoOp, NoOp, NoOp];0
[NoOp, NoOp, Move(E), NoOp, NoOp, NoOp];0
[NoOp, NoOp, Move(E), NoOp, NoOp, NoOp];0
[NoOp, NoOp, Move(E), NoOp, NoOp, NoOp];0
[NoOp, NoOp, Move(E), NoOp, NoOp, NoOp];0
[NoOp, NoOp, Pull(W,S), NoOp, NoOp, NoOp];0
[NoOp, NoOp, Push(E,E), NoOp, NoOp, NoOp];0
[NoOp, NoOp, Push(E,E), NoOp, NoOp, NoOp];0
[NoOp, NoOp, Push(E,E), NoOp, NoOp, NoOp];0
[NoOp, NoOp, Push(E,S), NoOp, NoOp, NoOp];0
[NoOp, NoOp, Push(S,S), NoOp, NoOp, NoOp];0
[NoOp, NoOp, Push(S,S), NoOp, NoOp, NoOp];0
[NoOp, NoOp, Push(S,S), NoOp, NoOp, NoOp];0
[NoOp, NoOp, Push(S,S), NoOp, NoOp, NoOp];0
[NoOp, NoOp, Push(S,W), NoOp, NoOp, NoOp];0
[NoOp, NoOp, Push(W,S), NoOp, NoOp, NoOp];0
[NoOp, NoOp, Push(S,W), NoOp, NoOp, NoOp];0
[NoOp, NoOp, Push(W,W), NoOp, NoOp, NoOp];0
[NoOp, NoOp, Push(W,W), NoOp, NoOp, NoOp];0
[NoOp, NoOp, Push(W,W), NoOp, NoOp, NoOp];0
[NoOp, NoOp, Push(W,W), NoOp, NoOp, NoOp];0
[NoOp, NoOp, Push(W,W), NoOp, NoOp, NoOp];1
[NoOp, NoOp, Push(W,W), NoOp, NoOp, NoOp];0
[NoOp, NoOp, Push(W,S), NoOp, NoOp, NoOp];0
[NoOp, NoOp, Push(S,S), NoOp, NoOp, NoOp];0
[NoOp, NoOp, Push(S,S), NoOp, NoOp, NoOp];0
[NoOp, NoOp, Push(S,S), NoOp, NoOp, NoOp];0
[NoOp, NoOp, Push(S,W), NoOp, NoOp, NoOp];0
[NoOp, NoOp, Push(W,S), NoOp, NoOp, NoOp];0
[NoOp, NoOp, Push(S,S), NoOp, NoOp, NoOp];0
[NoOp, NoOp, Push(S,S), NoOp, NoOp, NoOp];0
[NoOp, NoOp, Push(S,S), NoOp, NoOp, NoOp];1
[NoOp, NoOp, Push(S,S), NoOp, NoOp, NoOp];0
[NoOp, NoOp, Push(S,E), NoOp, NoOp, NoOp];0
[NoOp, NoOp, Push(E,E), NoOp, NoOp, NoOp];0
[NoOp, NoOp, Push(E,E), NoOp, NoOp, NoOp];0
[NoOp, NoOp, Push(E,E), NoOp, NoOp, NoOp];0
[NoOp, NoOp, Push(E,S), NoOp, NoOp, NoOp];0
[NoOp, Move(S), NoOp, NoOp, NoOp, NoOp];108
[NoOp, Move(N), NoOp, NoOp, NoOp, NoOp];75
[NoOp, Move(E), NoOp, NoOp, NoOp, NoOp];0
[NoOp, Move(S), NoOp, NoOp, NoOp, NoOp];48
[NoOp, NoOp, Move(E), NoOp, NoOp, NoOp];53
[NoOp, NoOp, Move(E), NoOp, NoOp, NoOp];0
[NoOp, NoOp, NoOp, NoOp, Move(W), NoOp];54
[NoOp, NoOp, NoOp, NoOp, Move(W), NoOp];0
[NoOp, NoOp, NoOp, NoOp, Move(S), NoOp];0
[NoOp, NoOp, NoOp, NoOp, Move(S), NoOp];0
[NoOp, NoOp, NoOp, NoOp, Move(S), NoOp];0
[NoOp, NoOp, NoOp, NoOp, Move(S), NoOp];0
[NoOp, NoOp, NoOp, NoOp, Move(S), NoOp];1
[NoOp, NoOp, NoOp, NoOp, Move(S), NoOp];0
[NoOp, NoOp, NoOp, NoOp, Move(E), NoOp];0
[NoOp, NoOp, NoOp, NoOp, Move(E), NoOp];0
[NoOp, NoOp, NoOp, NoOp, Move(E), NoOp];0
[NoOp, NoOp, NoOp, NoOp, Move(S), NoOp];0
[NoOp, NoOp, NoOp, NoOp, Move(E), NoOp];0
[NoOp, NoOp, NoOp, NoOp, Move(S), NoOp];0
[NoOp, NoOp, NoOp, NoOp, Move(S), NoOp];0
[NoOp, NoOp, NoOp, NoOp, Move(S), NoOp];0
[NoOp, NoOp, NoOp, NoOp, Move(W), NoOp];0
[NoOp, NoOp, NoOp, NoOp, Move(W), NoOp];0
[NoOp, NoOp, NoOp, NoOp, Move(S), NoOp];0
[NoOp, NoOp, NoOp, NoOp, Move(W), NoOp];0
[NoOp, NoOp, NoOp, NoOp, Move(S), NoOp];1
[NoOp, NoOp, NoOp, NoOp, Move(W), NoOp];0
[NoOp, NoOp, NoOp, NoOp, Move(W), NoOp];0
[NoOp, NoOp, NoOp, NoOp, Move(W), NoOp];0
[NoOp, NoOp, NoOp, NoOp, Move(W), NoOp];0
[NoOp, NoOp, NoOp, NoOp, Move(W), NoOp];0
[NoOp, NoOp, NoOp, NoOp, Move(W), NoOp];0
[NoOp, NoOp, NoOp, NoOp, Move(W), NoOp];0
[NoOp, NoOp, NoOp, NoOp, Move(W), NoOp];0
[NoOp, NoOp, NoOp, NoOp, Move(W), NoOp];0
[NoOp, NoOp, NoOp, NoOp, Move(W), NoOp];0
[NoOp, NoOp, NoOp, NoOp, Move(W), NoOp];0
[NoOp, NoOp, NoOp, NoOp, Move(W), NoOp];0
[NoOp, NoOp, NoOp, NoOp, Move(W), NoOp];0
[NoOp, NoOp, NoOp, NoOp, Move(W), NoOp];0
[NoOp, NoOp, NoOp, NoOp, Move(W), NoOp];0
[NoOp, NoOp, NoOp, NoOp, Move(W), NoOp];0
[NoOp, NoOp, NoOp, NoOp, Move(W), NoOp];0
[NoOp, NoOp, NoOp, NoOp, Move(W), NoOp];0
[NoOp, NoOp, NoOp, NoOp, Move(W), NoOp];0
[NoOp, NoOp, NoOp, NoOp, Move(W), NoOp];0
[NoOp, NoOp, NoOp, NoOp, Move(W), NoOp];0
[NoOp, NoOp, NoOp, NoOp, Move(W), NoOp];0
[NoOp, NoOp, NoOp, NoOp, Move(W), NoOp];0
[NoOp, NoOp, NoOp, NoOp, Move(W), NoOp];0
[NoOp, NoOp, NoOp, NoOp, Move(W), NoOp];0
[NoOp, NoOp, NoOp, NoOp, Move(W), NoOp];0
[NoOp, NoOp, NoOp, NoOp, Move(W), NoOp];0
[NoOp, NoOp, NoOp, NoOp, Move(W), NoOp];0
[NoOp, NoOp, NoOp, NoOp, Move(W), NoOp];0
[NoOp, NoOp, NoOp, NoOp, Move(W), NoOp];0
[NoOp, NoOp, NoOp, NoOp, Move(W), NoOp];0
[NoOp, NoOp, NoOp, NoOp, Move(N), NoOp];0
[NoOp, NoOp, NoOp, NoOp, Move(N), NoOp];0
[NoOp, NoOp, NoOp, NoOp, Move(W), NoOp];0
[NoOp, NoOp, NoOp, NoOp, Move(W), NoOp];0
[NoOp, NoOp, NoOp, NoOp, Move(W), NoOp];0
[NoOp, NoOp, NoOp, NoOp, Move(W), NoOp];0
[NoOp, NoOp, NoOp, NoOp, Move(W), NoOp];0
[NoOp, NoOp, NoOp, NoOp, Move(W), NoOp];0
[NoOp, NoOp, NoOp, NoOp, Move(W), NoOp];0
[NoOp, NoOp, NoOp, NoOp, Move(W), NoOp];0
[NoOp, NoOp, NoOp, NoOp, Move(W), NoOp];0
[NoOp, NoOp, NoOp, NoOp, Move(W), NoOp];0
[NoOp, NoOp, NoOp, NoOp, Move(W), NoOp];1
[NoOp, NoOp, NoOp, NoOp, Move(N), NoOp];0
[NoOp, NoOp, NoOp, NoOp, Move(N), NoOp];0
[NoOp, NoOp, NoOp, NoOp, Move(W), NoOp];0
[NoOp, NoOp, NoOp, NoOp, Move(N), NoOp];0
[NoOp, NoOp, NoOp, NoOp, Move(N), NoOp];0
[NoOp, NoOp, NoOp, NoOp, Move(W), NoOp];0
[NoOp, NoOp, NoOp, NoOp, Move(N), NoOp];0
[NoOp, NoOp, NoOp, NoOp, Move(N), NoOp];0
[NoOp, NoOp, NoOp, NoOp, Move(W), NoOp];0
[NoOp, NoOp, NoOp, NoOp, Move(N), NoOp];0
[NoOp, NoOp, NoOp, NoOp, Move(W), NoOp];0
[NoOp, NoOp, NoOp, NoOp, Move(W), NoOp];1
[NoOp, NoOp, NoOp, NoOp, Move(W), NoOp];0
[NoOp, NoOp, NoOp, NoOp, Pull(W,N), NoOp];0
[NoOp, NoOp, NoOp, NoOp, Push(E,E), NoOp];0
[NoOp, NoOp, NoOp, NoOp, Push(E,E), NoOp];0
[NoOp, NoOp, NoOp, NoOp, Push(E,E), NoOp];0
[NoOp, NoOp, NoOp, NoOp, Push(E,N), NoOp];0
[NoOp, NoOp, NoOp, NoOp, Push(N,N), NoOp];0
[NoOp, NoOp, NoOp, NoOp, Push(N,N), NoOp];0
[NoOp, NoOp, NoOp, NoOp, Push(N,N), NoOp];0
[NoOp, NoOp, NoOp, NoOp, Push(N,N), NoOp];0
[NoOp, NoOp, NoOp, NoOp, Push(N,N), NoOp];0
[NoOp, NoOp, NoOp, NoOp, Push(N,W), NoOp];0
[NoOp, NoOp, NoOp, NoOp, Push(W,W), NoOp];0
[NoOp, NoOp, NoOp, NoOp, Push(W,W), NoOp];0
[NoOp, NoOp, NoOp, NoOp, Push(W,W), NoOp];0
[NoOp, NoOp, NoOp, NoOp, Push(W,W), NoOp];0
[NoOp, NoOp, NoOp, NoOp, Push(W,W), NoOp];0
[NoOp, NoOp, NoOp, NoOp, Push(W,W), NoOp];0
[NoOp, NoOp, NoOp, NoOp, Push(W,W), NoOp];0
[NoOp, NoOp, NoOp, NoOp, Push(W,S), NoOp];1
[NoOp, NoOp, NoOp, NoOp, Push(S,S), NoOp];0
[NoOp, NoOp, NoOp, NoOp, Push(S,W), NoOp];0
[NoOp, NoOp, NoOp, NoOp, Push(W,S), NoOp];0
[NoOp, NoOp, NoOp, NoOp, Push(S,S), NoOp];0
[NoOp, NoOp, NoOp, NoOp, Push(S,S), NoOp];0
[NoOp, NoOp, NoOp, NoOp, Push(S,S), NoOp];0
[NoOp, NoOp, NoOp, NoOp, Push(S,S), NoOp];0
[NoOp, NoOp, NoOp, NoOp, Push(S,S), NoOp];0
[NoOp, NoOp, NoOp, NoOp, Push(S,S), NoOp];0
[NoOp, NoOp, NoOp, NoOp, Push(S,S), NoOp];1
[NoOp, NoOp, NoOp, NoOp, Push(S,S), NoOp];0
[NoOp, NoOp, NoOp, NoOp, Push(S,S), NoOp];0
[NoOp, NoOp, NoOp, NoOp, Push(S,S), NoOp];0
[NoOp, NoOp, NoOp, NoOp, Push(S,S), NoOp];0
[NoOp, NoOp, NoOp, NoOp, Push(S,S), NoOp];0
[NoOp, NoOp, NoOp, NoOp, Push(S,E), NoOp];0
[NoOp, NoOp, NoOp, NoOp, Push(E,E), NoOp];0
[NoOp, NoOp, NoOp, NoOp, Push(E,E), NoOp];0
[NoOp, NoOp, NoOp, NoOp, Push(E,E), NoOp];0
[NoOp, NoOp, NoOp, NoOp, Push(E,E), NoOp];0
[NoOp, NoOp, NoOp, NoOp, Push(E,S), NoOp];0
[NoOp, NoOp, Move(E), NoOp, NoOp, NoOp];37
[NoOp, Move(E), NoOp, Move(W), NoOp, NoOp];28
[NoOp, Move(E), NoOp, Move(S), NoOp, NoOp];0
[NoOp, Move(E), NoOp, Move(W), NoOp, NoOp];0
[NoOp, Move(E), NoOp, Move(S), NoOp, NoOp];0
[NoOp, Move(E), NoOp, Move(S), NoOp, NoOp];0
[NoOp, Move(E), NoOp, Move(S), NoOp, NoOp];0
[NoOp, Move(E), NoOp, Move(S), NoOp, NoOp];0
[NoOp, Move(E), NoOp, Move(S), NoOp, NoOp];0
[NoOp, Move(E), NoOp, Move(S), NoOp, NoOp];0
[NoOp, Move(E), NoOp, Move(E), NoOp, NoOp];1
[NoOp, Move(E), NoOp, Move(S), NoOp, NoOp];0
[NoOp, Move(E), NoOp, Move(E), NoOp, NoOp];0
[NoOp, Move(E), NoOp, Move(E), NoOp, NoOp];0
[NoOp, Move(E), NoOp, Move(N), NoOp, NoOp];0
[NoOp, Move(E), NoOp, NoOp, NoOp, NoOp];0
[NoOp, Move(E), NoOp, NoOp, NoOp, NoOp];0
[NoOp, Move(E), NoOp, NoOp, NoOp, NoOp];0
[NoOp, Move(E), NoOp, NoOp, NoOp, NoOp];0
[NoOp, Move(E), NoOp, NoOp, NoOp, NoOp];0
[NoOp, Move(E), NoOp, NoOp, NoOp, NoOp];0
[NoOp, Move(E), NoOp, NoOp, NoOp, NoOp];0
[NoOp, Move(E), NoOp, NoOp, NoOp, NoOp];0
[NoOp, Move(E), NoOp, NoOp, NoOp, NoOp];1
[NoOp, Move(E), NoOp, NoOp, NoOp, NoOp];0
[NoOp, Move(E), NoOp, NoOp, NoOp, NoOp];0
[NoOp, Move(E), NoOp, NoOp, NoOp, NoOp];0
[NoOp, Move(E), NoOp, NoOp, NoOp, NoOp];0
[NoOp, Move(E), NoOp, NoOp, NoOp, NoOp];0
[NoOp, Move(E), NoOp, NoOp, NoOp, NoOp];0
[NoOp, Move(E), NoOp, NoOp, NoOp, NoOp];0
[NoOp, Move(E), NoOp, NoOp, NoOp, NoOp];0
[NoOp, Move(E), NoOp, NoOp, NoOp, NoOp];0
[NoOp, Move(E), NoOp, NoOp, NoOp, NoOp];0
[NoOp, Move(E), NoOp, NoOp, NoOp, NoOp];0
[NoOp, Move(E), NoOp, NoOp, NoOp, NoOp];0
[NoOp, Move(E), NoOp, NoOp, NoOp, NoOp];0
[NoOp, Move(E), NoOp, NoOp, NoOp, NoOp];0
[NoOp, Move(E), NoOp, NoOp, NoOp, NoOp];0
[NoOp, Move(E), NoOp, NoOp, NoOp, NoOp];0
[NoOp, Move(E), NoOp, NoOp, NoOp, NoOp];0
[NoOp, Move(E), NoOp, NoOp, NoOp, NoOp];0
[NoOp, Move(E), NoOp, NoOp, NoOp, NoOp];0
[NoOp, Move(E), NoOp, NoOp, NoOp, NoOp];0
[NoOp, Move(E), NoOp, NoOp, NoOp, NoOp];0
[NoOp, Move(E), NoOp, NoOp, NoOp, NoOp];0
[NoOp, Move(E), NoOp, NoOp, NoOp, NoOp];0
[NoOp, Move(E), NoOp, NoOp, NoOp, NoOp];0
[NoOp, Move(E), NoOp, NoOp, NoOp, NoOp];0
[NoOp, Move(N), NoOp, NoOp, NoOp, NoOp];0
[NoOp, Move(N), NoOp, NoOp, NoOp, NoOp];1
[NoOp, Move(E), NoOp, NoOp, NoOp, NoOp];0
[NoOp, Move(E), NoOp, NoOp, NoOp, NoOp];0
[NoOp, Move(N), NoOp, NoOp, NoOp, NoOp];0
[NoOp, NoOp, NoOp, Move(N), NoOp, NoOp];15
[Move(W), NoOp, NoOp, NoOp, NoOp, NoOp];13
[Move(N), NoOp, NoOp, NoOp, NoOp, NoOp];0
[Move(W), NoOp, NoOp, NoOp, NoOp, NoOp];14
[NoOp, Move(W), NoOp, NoOp, NoOp, NoOp];14
[NoOp, NoOp, NoOp, NoOp, NoOp, Move(W)];19
[NoOp, NoOp, NoOp, NoOp, NoOp, Move(S)];0
[NoOp, NoOp, NoOp, NoOp, NoOp, Move(W)];0
[NoOp, NoOp, NoOp, NoOp, NoOp, Move(W)];0
[NoOp, NoOp, NoOp, NoOp, NoOp, Move(S)];0
[NoOp, NoOp, NoOp, NoOp, NoOp, Move(S)];0
[NoOp, NoOp, NoOp, NoOp, NoOp, Move(S)];0
[NoOp, NoOp, NoOp, NoOp, NoOp, Move(S)];0
[NoOp, NoOp, NoOp, NoOp, NoOp, Move(S)];1
[NoOp, NoOp, NoOp, NoOp, NoOp, Move(S)];0
[NoOp, NoOp, NoOp, NoOp, NoOp, Move(E)];0
[NoOp, NoOp, NoOp, NoOp, NoOp, Move(E)];0
[NoOp, NoOp, NoOp, NoOp, NoOp, Move(E)];0
[NoOp, NoOp, NoOp, NoOp, NoOp, Move(S)];0
[NoOp, NoOp, NoOp, NoOp, NoOp, Move(N)];0
[NoOp, NoOp, NoOp, NoOp, NoOp, Pull(S,E)];0
[NoOp, NoOp, NoOp, NoOp, NoOp, Push(S,E)];0
[NoOp, NoOp, NoOp, NoOp, NoOp, Push(E,S)];0
[NoOp, NoOp, NoOp, NoOp, NoOp, Push(S,S)];0
[NoOp, NoOp, NoOp, NoOp, NoOp, Push(S,S)];1
[NoOp, NoOp, NoOp, NoOp, NoOp, Push(S,W)];0
[NoOp, NoOp, NoOp, NoOp, NoOp, Push(W,W)];0
[NoOp, NoOp, NoOp, NoOp, NoOp, Push(W,W)];0
[NoOp, NoOp, NoOp, NoOp, NoOp, Push(W,W)];0
[NoOp, NoOp, NoOp, NoOp, NoOp, Push(W,S)];0
[NoOp, NoOp, NoOp, NoOp, NoOp, Push(S,S)];0
[NoOp, NoOp, NoOp, NoOp, NoOp, Push(S,W)];0
[NoOp, NoOp, NoOp, NoOp, NoOp, Push(W,W)];0
[NoOp, NoOp, NoOp, NoOp, NoOp, Push(W,W)];0
[NoOp, NoOp, NoOp, NoOp, NoOp, Push(W,W)];0
[NoOp, NoOp, NoOp, NoOp, NoOp, Push(W,W)];0
[NoOp, NoOp, NoOp, NoOp, NoOp, Push(W,W)];0
[NoOp, NoOp, NoOp, NoOp, NoOp, Push(W,W)];0
[NoOp, NoOp, NoOp, NoOp, NoOp, Push(W,W)];0
[NoOp, NoOp, NoOp, NoOp, NoOp, Push(W,W)];0
[NoOp, NoOp, NoOp, NoOp, NoOp, Push(W,W)];0
[NoOp, NoOp, NoOp, NoOp, NoOp, Push(W,W)];0
[NoOp, NoOp, NoOp, NoOp, NoOp, Push(W,W)];0
[NoOp, NoOp, NoOp, NoOp, NoOp, Push(W,W)];0
[NoOp, NoOp, NoOp, NoOp, NoOp, Push(W,W)];0
[NoOp, NoOp, NoOp, NoOp, NoOp, Push(W,W)];0
[NoOp, NoOp, NoOp, NoOp, NoOp, Push(W,W)];0
[NoOp, NoOp, NoOp, NoOp, NoOp, Push(W,W)];1
[NoOp, NoOp, NoOp, NoOp, NoOp, Push(W,W)];0
[NoOp, NoOp, NoOp, NoOp, NoOp, Push(W,W)];0
[NoOp, NoOp, NoOp, NoOp, NoOp, Push(W,W)];0
[NoOp, NoOp, NoOp, NoOp, NoOp, Push(W,W)];0
[NoOp, NoOp, NoOp, NoOp, NoOp, Push(W,W)];0
[NoOp, NoOp, NoOp, NoOp, NoOp, Push(W,W)];0
[NoOp, NoOp, NoOp, NoOp, NoOp, Push(W,W)];0
[NoOp, NoOp, NoOp, NoOp, NoOp, Push(W,W)];0
[NoOp, NoOp, NoOp, NoOp, NoOp, Push(W,W)];1
[NoOp, NoOp, NoOp, NoOp, NoOp, Push(W,W)];0
[NoOp, NoOp, NoOp, NoOp, NoOp, Push(W,W)];0
[NoOp, NoOp, NoOp, NoOp, NoOp, Push(W,W)];0
[NoOp, NoOp, NoOp, NoOp, NoOp, Push(W,W)];0
[NoOp, NoOp, NoOp, NoOp, NoOp, Push(W,W)];0
[NoOp, NoOp, NoOp, NoOp, NoOp, Push(W,W)];0
[NoOp, NoOp, NoOp, NoOp, NoOp, Push(W,W)];0
[NoOp, NoOp, NoOp, NoOp, NoOp, Push(W,W)];0
[NoOp, NoOp, NoOp, NoOp, NoOp, Push(W,W)];0
[NoOp, NoOp, NoOp, NoOp, NoOp, Push(W,W)];0
[NoOp, NoOp, NoOp, NoOp, NoOp, Push(W,W)];0
[NoOp, NoOp, NoOp, NoOp, NoOp, Push(W,W)];0
[NoOp, NoOp, NoOp, NoOp, NoOp, Push(W,W)];0
[NoOp, NoOp, NoOp, NoOp, NoOp, Push(W,W)];0
[NoOp, NoOp, NoOp, NoOp, NoOp, Push(W,W)];0
[NoOp, NoOp, NoOp, NoOp, NoOp, Push(W,W)];0
[NoOp, NoOp, NoOp, NoOp, NoOp, Push(W,W)];0
[NoOp, NoOp, NoOp, NoOp, NoOp, Push(W,W)];0
[NoOp, NoOp, NoOp, NoOp, NoOp, Push(W,W)];1
[NoOp, NoOp, NoOp, NoOp, NoOp, Push(W,W)];0
[NoOp, NoOp, NoOp, NoOp, NoOp, Push(W,W)];0
[NoOp, Move(W), NoOp, NoOp, NoOp, NoOp];31
[NoOp, Move(W), NoOp, NoOp, NoOp, NoOp];0
[NoOp, Move(W), NoOp, NoOp, NoOp, NoOp];0
[NoOp, Move(W), NoOp, NoOp, NoOp, NoOp];0
[NoOp, Move(S), NoOp, NoOp, NoOp, NoOp];0
[NoOp, Move(W), NoOp, NoOp, NoOp, NoOp];0
[NoOp, Move(S), NoOp, NoOp, NoOp, NoOp];0
[NoOp, Move(W), NoOp, NoOp, NoOp, NoOp];0
[NoOp, Move(W), NoOp, NoOp, NoOp, NoOp];0
[NoOp, Move(W), NoOp, NoOp, NoOp, NoOp];0
[NoOp, Move(W), NoOp, NoOp, NoOp, NoOp];0
[NoOp, Move(W), NoOp, NoOp, NoOp, NoOp];0
[NoOp, Move(W), NoOp, NoOp, NoOp, NoOp];0
[NoOp, Move(W), NoOp, NoOp, NoOp, NoOp];0
[NoOp, Move(W), NoOp, NoOp, NoOp, NoOp];0
[NoOp, Move(W), NoOp, NoOp, NoOp, NoOp];0
[NoOp, Move(W), NoOp, NoOp, NoOp, NoOp];0
[NoOp, Move(W), NoOp, NoOp, NoOp, NoOp];0
[NoOp, Move(W), NoOp, NoOp, NoOp, NoOp];0
[NoOp, Move(W), NoOp, NoOp, NoOp, NoOp];0
[NoOp, Move(W), NoOp, NoOp, NoOp, NoOp];0
[NoOp, Move(W), NoOp, NoOp, NoOp, NoOp];0
[NoOp, Move(W), NoOp, NoOp, NoOp, NoOp];0
[NoOp, Move(W), NoOp, NoOp, NoOp, NoOp];0
[NoOp, Move(W), NoOp, NoOp, NoOp, NoOp];0
[NoOp, Move(W), NoOp, NoOp, NoOp, NoOp];0
[NoOp, Move(W), NoOp, NoOp, NoOp, NoOp];0
[NoOp, Move(W), NoOp, NoOp, NoOp, NoOp];0
[NoOp, Move(W), NoOp, NoOp, NoOp, NoOp];0
[NoOp, Move(W), NoOp, NoOp, NoOp, NoOp];0
[NoOp, Move(W), NoOp, NoOp, NoOp, NoOp];0
[NoOp, Move(W), NoOp, NoOp, NoOp, NoOp];0
[NoOp, Move(W), NoOp, NoOp, NoOp, NoOp];0
[NoOp, Move(W), NoOp, NoOp, NoOp, NoOp];0
[NoOp, Move(N), NoOp, NoOp, NoOp, NoOp];0
[NoOp, Move(N), NoOp, NoOp, NoOp, NoOp];0
[NoOp, Move(E), NoOp, NoOp, NoOp, NoOp];0
[NoOp, Move(E), NoOp, NoOp, NoOp, NoOp];0
[NoOp, Move(N), NoOp, NoOp, NoOp, NoOp];0
[NoOp, Move(E), NoOp, NoOp, NoOp, NoOp];0
[NoOp, Move(E), NoOp, NoOp, NoOp, NoOp];0
[NoOp, Move(N), NoOp, NoOp, NoOp, NoOp];0
[NoOp, Move(N), NoOp, NoOp, NoOp, NoOp];0
[NoOp, Move(E), NoOp, NoOp, NoOp, NoOp];0
[NoOp, Move(E), NoOp, NoOp, NoOp, NoOp];0
[NoOp, Move(N), NoOp, NoOp, NoOp, NoOp];0
[NoOp, Move(E), NoOp, NoOp, NoOp, NoOp];0
[NoOp, Move(E), NoOp, NoOp, NoOp, NoOp];0
[NoOp, Move(E), NoOp, NoOp, NoOp, NoOp];0
[NoOp, Move(E), NoOp, NoOp, NoOp, NoOp];0
[NoOp, Pull(E,N), NoOp, NoOp, NoOp, NoOp];0
[NoOp, Push(W,W), NoOp, NoOp, NoOp, NoOp];0
[NoOp, Push(W,W), NoOp, NoOp, NoOp, NoOp];0
[NoOp, Push(W,W), NoOp, NoOp, NoOp, NoOp];0
[NoOp, Push(W,S), NoOp, NoOp, NoOp, NoOp];0
[NoOp, Push(S,W), NoOp, NoOp, NoOp, NoOp];0
[NoOp, Push(W,S), NoOp, NoOp, NoOp, NoOp];0
[NoOp, Push(S,S), NoOp, NoOp, NoOp, NoOp];0
[NoOp, Push(S,W), NoOp, NoOp, NoOp, NoOp];0
[NoOp, Push(W,S), NoOp, NoOp, NoOp, NoOp];0
[NoOp, Push(S,W), NoOp, NoOp, NoOp, NoOp];0
[NoOp, Push(W,W), NoOp, NoOp, NoOp, NoOp];0
[NoOp, Push(W,W), NoOp, NoOp, NoOp, NoOp];0
[NoOp, Push(W,W), NoOp, NoOp, NoOp, NoOp];0
[NoOp, Push(W,W), NoOp, NoOp, NoOp, NoOp];0
[NoOp, Push(W,S), NoOp, NoOp, NoOp, NoOp];0
[NoOp, Push(S,W), NoOp, NoOp, NoOp, NoOp];0
[NoOp, Push(W,S), NoOp, NoOp, NoOp, NoOp];0
[NoOp, Push(S,S), NoOp, NoOp, NoOp, NoOp];0
[NoOp, Push(S,W), NoOp, NoOp, NoOp, NoOp];0
[NoOp, Push(W,W), NoOp, NoOp, NoOp, NoOp];0
[NoOp, Push(W,W), NoOp, NoOp, NoOp, NoOp];0
[NoOp, Push(W,W), NoOp, NoOp, NoOp, NoOp];0
[NoOp, Push(W,W), NoOp, NoOp, NoOp, NoOp];0
[NoOp, Move(N), NoOp, NoOp, NoOp, NoOp];19
[NoOp, Move(W), NoOp, NoOp, NoOp, NoOp];1
[NoOp, Move(W), NoOp, NoOp, NoOp, NoOp];0
[NoOp, Move(S), NoOp, NoOp, NoOp, NoOp];0
[NoOp, NoOp, Move(E), NoOp, NoOp, NoOp];19
[NoOp, NoOp, Move(E), NoOp, NoOp, NoOp];0
[NoOp, NoOp, Move(E), NoOp, NoOp, NoOp];0
[NoOp, NoOp, Move(E), NoOp, NoOp, NoOp];0
[NoOp, NoOp, Move(E), NoOp, NoOp, NoOp];0
[NoOp, NoOp, Move(E), NoOp, NoOp, NoOp];0
[NoOp, NoOp, Move(E), NoOp, NoOp, NoOp];0
[NoOp, NoOp, Move(E), NoOp, NoOp, NoOp];0
[NoOp, NoOp, Move(E), NoOp, NoOp, NoOp];0
[NoOp, NoOp, Move(E), NoOp, NoOp, NoOp];0
[NoOp, NoOp, Move(E), NoOp, NoOp, NoOp];0
[NoOp, NoOp, Move(E), NoOp, NoOp, NoOp];0
[NoOp, NoOp, Move(E), NoOp, NoOp, NoOp];1
[NoOp, NoOp, Move(E), NoOp, NoOp, NoOp];0
[NoOp, NoOp, Move(E), NoOp, NoOp, NoOp];0
[NoOp, NoOp, Move(N), NoOp, NoOp, NoOp];0
[NoOp, NoOp, Move(E), NoOp, NoOp, NoOp];0
[NoOp, NoOp, Move(N), NoOp, NoOp, NoOp];0
[NoOp, NoOp, Move(N), NoOp, NoOp, NoOp];0
[NoOp, NoOp, Move(E), NoOp, NoOp, NoOp];0
[NoOp, NoOp, Move(E), NoOp, NoOp, NoOp];0
[NoOp, NoOp, Move(E), NoOp, NoOp, NoOp];0
[NoOp, NoOp, Move(E), NoOp, NoOp, NoOp];0
[NoOp, NoOp, Move(N), NoOp, NoOp, NoOp];0
[NoOp, NoOp, Move(N), NoOp, NoOp, NoOp];0
[NoOp, NoOp, Move(E), NoOp, NoOp, NoOp];1
[NoOp, NoOp, Move(N), NoOp, NoOp, NoOp];0
[NoOp, NoOp, Move(E), NoOp, NoOp, NoOp];0
[NoOp, NoOp, Move(E), NoOp, NoOp, NoOp];0
[NoOp, NoOp, Move(E), NoOp, NoOp, NoOp];0
[NoOp, NoOp, Move(E), NoOp, NoOp, NoOp];0
[NoOp, NoOp, Move(E), NoOp, NoOp, NoOp];0
[NoOp, NoOp, Move(N), NoOp, NoOp, NoOp];0
[NoOp, NoOp, Move(S), NoOp, NoOp, NoOp];0
[NoOp, NoOp, Move(E), NoOp, NoOp, NoOp];0
[NoOp, NoOp, Push(N,W), NoOp, NoOp, NoOp];0
[NoOp, NoOp, Push(W,S), NoOp, NoOp, NoOp];1
[NoOp, NoOp, Push(S,W), NoOp, NoOp, NoOp];0
[NoOp, NoOp, Push(W,W), NoOp, NoOp, NoOp];0
[NoOp, NoOp, Push(W,W), NoOp, NoOp, NoOp];0
[NoOp, NoOp, Push(W,S), NoOp, NoOp, NoOp];0
[NoOp, NoOp, Push(S,S), NoOp, NoOp, NoOp];0
[NoOp, NoOp, Push(S,W), NoOp, NoOp, NoOp];0
[NoOp, NoOp, Push(W,W), NoOp, NoOp, NoOp];0
[NoOp, NoOp, Push(W,S), NoOp, NoOp, NoOp];0
[NoOp, NoOp, Push(S,S), NoOp, NoOp, NoOp];0
[NoOp, NoOp, Push(S,W), NoOp, NoOp, NoOp];0
[NoOp, NoOp, Push(W,W), NoOp, NoOp, NoOp];0
[NoOp, NoOp, Push(W,W), NoOp, NoOp, NoOp];0
[NoOp, NoOp, Push(W,W), NoOp, NoOp, NoOp];0
[NoOp, NoOp, Push(W,W), NoOp, NoOp, NoOp];0
[NoOp, NoOp, Push(W,W), NoOp, NoOp, NoOp];0
[NoOp, NoOp, Push(W,S), NoOp, NoOp, NoOp];0
[NoOp, NoOp, Push(S,S), NoOp, NoOp, NoOp];0
[NoOp, NoOp, Push(S,S), NoOp, NoOp, NoOp];0
[NoOp, NoOp, Push(S,W), NoOp, NoOp, NoOp];0
[NoOp, NoOp, Push(W,W), NoOp, NoOp, NoOp];0
[NoOp, NoOp, Push(W,W), NoOp, NoOp, NoOp];1
[NoOp, NoOp, Push(W,W), NoOp, NoOp, NoOp];0
[NoOp, NoOp, Move(E), NoOp, NoOp, NoOp];21
[NoOp, NoOp, Move(E), NoOp, NoOp, NoOp];0
[NoOp, NoOp, Move(E), NoOp, NoOp, NoOp];0
[NoOp, NoOp, Move(E), NoOp, NoOp, NoOp];16
[NoOp, Move(N), NoOp, NoOp, NoOp, NoOp];14
[NoOp, Move(E), NoOp, NoOp, NoOp, NoOp];0
[NoOp, Move(E), NoOp, NoOp, NoOp, NoOp];0
[NoOp, Move(E), NoOp, NoOp, NoOp, NoOp];0
[NoOp, Move(E), NoOp, NoOp, NoOp, NoOp];0
[NoOp, Move(E), NoOp, NoOp, NoOp, NoOp];0
[NoOp, Move(E), NoOp, NoOp, NoOp, NoOp];0
[NoOp, Move(E), NoOp, NoOp, NoOp, NoOp];0
[NoOp, Move(N), NoOp, NoOp, NoOp, NoOp];0
[NoOp, Move(N), NoOp, NoOp, NoOp, NoOp];0
[NoOp, Move(E), NoOp, NoOp, NoOp, NoOp];0
[NoOp, Move(E), NoOp, NoOp, NoOp, NoOp];0
[NoOp, Move(E), NoOp, NoOp, NoOp, NoOp];0
[NoOp, Move(E), NoOp, NoOp, NoOp, NoOp];0
[NoOp, Move(N), NoOp, NoOp, NoOp, NoOp];0
[NoOp, Move(N), NoOp, NoOp, NoOp, NoOp];0
[NoOp, Move(E), NoOp, NoOp, NoOp, NoOp];0
[NoOp, Move(E), NoOp, NoOp, NoOp, NoOp];0
[NoOp, Move(E), NoOp, NoOp, NoOp, NoOp];0
[NoOp, Move(N), NoOp, NoOp, NoOp, NoOp];0
[NoOp, Move(N), NoOp, NoOp, NoOp, NoOp];0
[NoOp, Move(E), NoOp, NoOp, NoOp, NoOp];0
[NoOp, Move(E), NoOp, NoOp, NoOp, NoOp];0
[NoOp, Move(E), NoOp, NoOp, NoOp, NoOp];0
[NoOp, Move(E), NoOp, NoOp, NoOp, NoOp];0
[NoOp, Move(N), NoOp, NoOp, NoOp, NoOp];0
[NoOp, Move(S), NoOp, NoOp, NoOp, NoOp];0
[NoOp, Move(E), NoOp, NoOp, NoOp, NoOp];0
[NoOp, Push(N,W), NoOp, NoOp, NoOp, NoOp];0
[NoOp, Push(W,W), NoOp, NoOp, NoOp, NoOp];0
[NoOp, Push(W,S), NoOp, NoOp, NoOp, NoOp];0
[NoOp, Push(S,W), NoOp, NoOp, NoOp, NoOp];0
[NoOp, Push(W,W), NoOp, NoOp, NoOp, NoOp];0
[NoOp, Push(W,W), NoOp, NoOp, NoOp, NoOp];0
[NoOp, Push(W,S), NoOp, NoOp, NoOp, NoOp];0
[NoOp, Push(S,S), NoOp, NoOp, NoOp, NoOp];0
[NoOp, Push(S,W), NoOp, NoOp, NoOp, NoOp];0
[NoOp, Push(W,S), NoOp, NoOp, NoOp, NoOp];0
[NoOp, Push(S,W), NoOp, NoOp, NoOp, NoOp];0
[NoOp, Push(W,W), NoOp, NoOp, NoOp, NoOp];0
[NoOp, Push(W,S), NoOp, NoOp, NoOp, NoOp];0
[NoOp, Push(S,W), NoOp, NoOp, NoOp, NoOp];0
[NoOp, Push(W,W), NoOp, NoOp, NoOp, NoOp];0
[NoOp, Push(W,W), NoOp, NoOp, NoOp, NoOp];0
[NoOp, Push(W,W), NoOp, NoOp, NoOp, NoOp];0
[NoOp, Push(W,W), NoOp, NoOp, NoOp, NoOp];0
[NoOp, Push(W,S), NoOp, NoOp, NoOp, NoOp];0
[NoOp, Push(S,S), NoOp, NoOp, NoOp, NoOp];0
[NoOp, Push(S,S), NoOp, NoOp, NoOp, NoOp];0
[NoOp, Push(S,W), NoOp, NoOp, NoOp, NoOp];0
[NoOp, Push(W,W), NoOp, NoOp, NoOp, NoOp];0
[NoOp, Push(W,W), NoOp, NoOp, NoOp, NoOp];0
[NoOp, Move(E), NoOp, NoOp, NoOp, NoOp];13
[NoOp, Move(N), NoOp, NoOp, NoOp, NoOp];12
[NoOp, NoOp, Move(N), NoOp, NoOp, NoOp];10
[NoOp, NoOp, Move(N), NoOp, NoOp, NoOp];0
[NoOp, NoOp, Move(N), NoOp, NoOp, NoOp];0
[NoOp, NoOp, Move(N), NoOp, NoOp, NoOp];0
[NoOp, NoOp, Move(E), NoOp, NoOp, NoOp];0
[NoOp, NoOp, Move(E), NoOp, NoOp, NoOp];0
[NoOp, NoOp, Move(E), NoOp, NoOp, NoOp];0
[NoOp, NoOp, Move(E), NoOp, NoOp, NoOp];0
[NoOp, NoOp, Move(N), NoOp, NoOp, NoOp];0
[NoOp, NoOp, Move(E), NoOp, NoOp, NoOp];0
[NoOp, NoOp, Move(E), NoOp, NoOp, NoOp];0
[NoOp, NoOp, Move(E), NoOp, NoOp, NoOp];0
[NoOp, NoOp, Move(N), NoOp, NoOp, NoOp];0
[NoOp, NoOp, Move(N), NoOp, NoOp, NoOp];0
[NoOp, NoOp, Move(E), NoOp, NoOp, NoOp];0
[NoOp, NoOp, Move(E), NoOp, NoOp, NoOp];0
[NoOp, NoOp, Move(E), NoOp, NoOp, NoOp];0
[NoOp, NoOp, Move(N), NoOp, NoOp, NoOp];0
[NoOp, NoOp, Move(E), NoOp, NoOp, NoOp];0
[NoOp, NoOp, Move(E), NoOp, NoOp, NoOp];0
[NoOp, NoOp, Move(S), NoOp, NoOp, NoOp];0
[NoOp, NoOp, Move(E), NoOp, NoOp, NoOp];0
[NoOp, NoOp, Push(N,W), NoOp, NoOp, NoOp];0
[NoOp, NoOp, Push(W,S), NoOp, NoOp, NoOp];0
[NoOp, NoOp, Push(S,W), NoOp, NoOp, NoOp];0
[NoOp, NoOp, Push(W,W), NoOp, NoOp, NoOp];0
[NoOp, NoOp, Push(W,W), NoOp, NoOp, NoOp];0
[NoOp, NoOp, Push(W,W), NoOp, NoOp, NoOp];0
[NoOp, NoOp, Push(W,W), NoOp, NoOp, NoOp];0
[NoOp, NoOp, Push(W,S), NoOp, NoOp, NoOp];0
[NoOp, NoOp, Push(S,S), NoOp, NoOp, NoOp];0
[NoOp, NoOp, Push(S,W), NoOp, NoOp, NoOp];0
[NoOp, NoOp, Push(W,S), NoOp, NoOp, NoOp];0
[NoOp, NoOp, Push(S,W), NoOp, NoOp, NoOp];0
[NoOp, NoOp, Push(W,S), NoOp, NoOp, NoOp];0
[NoOp, NoOp, Push(S,W), NoOp, NoOp, NoOp];0
[NoOp, NoOp, Push(W,W), NoOp, NoOp, NoOp];0
[NoOp, NoOp, Push(W,W), NoOp, NoOp, NoOp];1
[NoOp, NoOp, Push(W,W), NoOp, NoOp, NoOp];0
[NoOp, NoOp, Push(W,W), NoOp, NoOp, NoOp];0
[NoOp, NoOp, Push(W,S), NoOp, NoOp, NoOp];0
[NoOp, NoOp, Push(S,S), NoOp, NoOp, NoOp];0
[NoOp, NoOp, Push(S,W), NoOp, NoOp, NoOp];0
[NoOp, NoOp, Push(W,S), NoOp, NoOp, NoOp];0
[NoOp, NoOp, Push(S,W), NoOp, NoOp, NoOp];0
[NoOp, NoOp, Push(W,W), NoOp, NoOp, NoOp];0
[NoOp, NoOp, Move(E), NoOp, NoOp, NoOp];27
[NoOp, Move(S), NoOp, NoOp, NoOp, NoOp];25
[NoOp, NoOp, NoOp, NoOp, NoOp, Move(E)];25
[NoOp, NoOp, NoOp, NoOp, NoOp, Move(N)];0
[NoOp, NoOp, NoOp, NoOp, NoOp, Move(E)];0
[NoOp, NoOp, NoOp, NoOp, NoOp, Move(E)];0
[NoOp, NoOp, NoOp, NoOp, NoOp, Move(E)];0
[NoOp, NoOp, NoOp, NoOp, NoOp, Move(E)];0
[NoOp, NoOp, NoOp, NoOp, NoOp, Move(E)];0
[NoOp, NoOp, NoOp, NoOp, NoOp, Move(E)];0
[NoOp, NoOp, NoOp, NoOp, NoOp, Move(E)];0
[NoOp, NoOp, NoOp, NoOp, NoOp, Move(E)];0
[NoOp, NoOp, NoOp, NoOp, NoOp, Move(E)];0
[NoOp, NoOp, NoOp, NoOp, NoOp, Move(E)];0
[NoOp, NoOp, NoOp, NoOp, NoOp, Move(E)];0
[NoOp, NoOp, NoOp, NoOp, NoOp, Move(E)];0
[NoOp, NoOp, NoOp, NoOp, NoOp, Move(E)];0
[NoOp, NoOp, NoOp, NoOp, NoOp, Move(E)];0
[NoOp, NoOp, NoOp, NoOp, NoOp, Move(E)];0
[NoOp, NoOp, NoOp, NoOp, NoOp, Move(E)];0
[NoOp, NoOp, NoOp, NoOp, NoOp, Move(E)];0
[NoOp, NoOp, NoOp, NoOp, NoOp, Move(E)];0
[NoOp, NoOp, NoOp, NoOp, NoOp, Move(E)];0
[NoOp, NoOp, NoOp, NoOp, NoOp, Move(E)];0
[NoOp, NoOp, NoOp, NoOp, NoOp, Move(E)];1
[NoOp, NoOp, NoOp, NoOp, NoOp, Move(E)];0
[NoOp, NoOp, NoOp, NoOp, NoOp, Move(E)];0
[NoOp, NoOp, NoOp, NoOp, NoOp, Move(E)];0
[NoOp, NoOp, NoOp, NoOp, NoOp, Move(E)];0
[NoOp, NoOp, NoOp, NoOp, NoOp, Move(E)];0
[NoOp, NoOp, NoOp, NoOp, NoOp, Move(E)];0
[NoOp, NoOp, NoOp, NoOp, NoOp, Move(E)];0
[NoOp, NoOp, NoOp, NoOp, NoOp, Move(E)];0
[NoOp, NoOp, NoOp, NoOp, NoOp, Move(E)];0
[NoOp, NoOp, NoOp, NoOp, NoOp, Move(E)];0
[NoOp, NoOp, NoOp, NoOp, NoOp, Move(E)];0
[NoOp, NoOp, NoOp, NoOp, NoOp, Move(E)];1
[NoOp, NoOp, NoOp, NoOp, NoOp, Move(E)];0
[NoOp, NoOp, NoOp, NoOp, NoOp, Move(E)];0
[NoOp, NoOp, NoOp, NoOp, NoOp, Move(E)];0
[NoOp, NoOp, NoOp, NoOp, NoOp, Move(E)];0
[NoOp, NoOp, NoOp, NoOp, NoOp, Move(E)];0
[NoOp, NoOp, NoOp, NoOp, NoOp, Move(E)];0
[NoOp, NoOp, NoOp, NoOp, NoOp, Move(E)];0
[NoOp, NoOp, NoOp, NoOp, NoOp, Move(E)];0
[NoOp, NoOp, NoOp, NoOp, NoOp, Move(E)];0
[NoOp, NoOp, NoOp, NoOp, NoOp, Move(N)];0
[NoOp, NoOp, NoOp, NoOp, NoOp, Move(E)];0
[NoOp, NoOp, NoOp, NoOp, NoOp, Move(E)];0
[NoOp, NoOp, NoOp, NoOp, NoOp, Move(N)];0
[NoOp, NoOp, NoOp, NoOp, NoOp, Move(E)];0
[NoOp, NoOp, NoOp, NoOp, NoOp, Move(E)];0
[NoOp, NoOp, NoOp, NoOp, NoOp, Move(E)];0
[NoOp, NoOp, NoOp, NoOp, NoOp, Move(E)];0
[NoOp, NoOp, NoOp, NoOp, NoOp, Move(E)];0
[NoOp, NoOp, NoOp, NoOp, NoOp, Move(N)];0
[NoOp, NoOp, NoOp, NoOp, NoOp, Push(W,S)];0
[NoOp, NoOp, NoOp, NoOp, NoOp, Push(S,S)];0
[NoOp, NoOp, NoOp, NoOp, NoOp, Push(S,W)];0
[NoOp, NoOp, NoOp, NoOp, NoOp, Push(W,S)];0
[NoOp, NoOp, NoOp, NoOp, NoOp, Push(S,W)];0
[NoOp, NoOp, NoOp, NoOp, NoOp, Push(W,S)];0
[NoOp, NoOp, Move(E), NoOp, NoOp, NoOp];22
[NoOp, NoOp, Move(E), NoOp, NoOp, NoOp];20
[NoOp, Move(N), NoOp, NoOp, NoOp, NoOp];21
[NoOp, Move(E), NoOp, NoOp, NoOp, NoOp];0
[NoOp, Move(N), NoOp, NoOp, NoOp, NoOp];0
[NoOp, Move(N), NoOp, NoOp, NoOp, NoOp];48
[NoOp, Move(N), NoOp, NoOp, NoOp, NoOp];0
[NoOp, NoOp, NoOp, NoOp, Move(E), NoOp];20
[NoOp, NoOp, NoOp, NoOp, Move(E), NoOp];0
[NoOp, NoOp, NoOp, NoOp, Move(E), NoOp];0
[NoOp, NoOp, NoOp, NoOp, Move(E), NoOp];0
[NoOp, NoOp, NoOp, NoOp, Move(E), NoOp];0
[NoOp, NoOp, NoOp, NoOp, Move(E), NoOp];0
[NoOp, NoOp, NoOp, NoOp, Move(E), NoOp];0
[NoOp, NoOp, NoOp, NoOp, Move(E), NoOp];0
[NoOp, NoOp, NoOp, NoOp, Move(E), NoOp];0
[NoOp, NoOp, NoOp, NoOp, Move(E), NoOp];0
[NoOp, NoOp, NoOp, NoOp, Move(E), NoOp];0
[NoOp, NoOp, NoOp, NoOp, Move(E), NoOp];0
[NoOp, NoOp, NoOp, NoOp, Move(E), NoOp];0
[NoOp, NoOp, NoOp, NoOp, Move(E), NoOp];0
[NoOp, NoOp, NoOp, NoOp, Move(E), NoOp];0
[NoOp, NoOp, NoOp, NoOp, Move(E), NoOp];0
[NoOp, NoOp, NoOp, NoOp, Move(E), NoOp];0
[NoOp, NoOp, NoOp, NoOp, Move(E), NoOp];0
[NoOp, NoOp, NoOp, NoOp, Move(N), NoOp];0
[NoOp, NoOp, NoOp, NoOp, Move(N), NoOp];0
[NoOp, NoOp, NoOp, NoOp, Move(E), NoOp];0
[NoOp, NoOp, NoOp, NoOp, Move(E), NoOp];0
[NoOp, NoOp, NoOp, NoOp, Move(N), NoOp];0
[NoOp, NoOp, NoOp, NoOp, Move(E), NoOp];0
[NoOp, NoOp, NoOp, NoOp, Move(E), NoOp];0
[NoOp, NoOp, NoOp, NoOp, Move(N), NoOp];1
[NoOp, NoOp, NoOp, NoOp, Move(N), NoOp];0
[NoOp, NoOp, NoOp, NoOp, Move(E), NoOp];0
[NoOp, NoOp, NoOp, NoOp, Move(N), NoOp];0
[NoOp, NoOp, NoOp, NoOp, Move(E), NoOp];0
[NoOp, NoOp, NoOp, NoOp, Move(E), NoOp];0
[NoOp, NoOp, NoOp, NoOp, Move(E), NoOp];0
[NoOp, NoOp, NoOp, NoOp, Move(E), NoOp];0
[NoOp, NoOp, NoOp, NoOp, Move(E), NoOp];0
[NoOp, NoOp, NoOp, NoOp, Move(N), NoOp];0
[NoOp, NoOp, NoOp, NoOp, Move(E), NoOp];0
[NoOp, NoOp, NoOp, NoOp, Move(E), NoOp];0
[NoOp, NoOp, NoOp, NoOp, Move(E), NoOp];0
[NoOp, NoOp, NoOp, NoOp, Move(S), NoOp];0
[NoOp, NoOp, NoOp, NoOp, Move(E), NoOp];0
[NoOp, NoOp, NoOp, NoOp, Push(N,W), NoOp];0
[NoOp, NoOp, NoOp, NoOp, Push(W,S), NoOp];0
[NoOp, NoOp, NoOp, NoOp, Push(S,W), NoOp];0
[NoOp, NoOp, NoOp, NoOp, Push(W,W), NoOp];0
[NoOp, NoOp, NoOp, NoOp, Push(W,W), NoOp];0
[NoOp, NoOp, NoOp, NoOp, Push(W,W), NoOp];0
[NoOp, NoOp, NoOp, NoOp, Push(W,W), NoOp];0
[NoOp, NoOp, NoOp, NoOp, Push(W,W), NoOp];0
[NoOp, NoOp, NoOp, NoOp, Push(W,W), NoOp];0
[NoOp, NoOp, NoOp, NoOp, Push(W,S), NoOp];0
[NoOp, NoOp, NoOp, NoOp, Push(S,W), NoOp];0
[NoOp, NoOp, NoOp, NoOp, Push(W,S), NoOp];0
[NoOp, NoOp, NoOp, NoOp, Push(S,S), NoOp];0
[NoOp, NoOp, NoOp, NoOp, Push(S,W), NoOp];0
[NoOp, NoOp, NoOp, NoOp, Push(W,W), NoOp];0
[NoOp, NoOp, NoOp, NoOp, Push(W,W), NoOp];0
[NoOp, NoOp, NoOp, NoOp, Push(W,S), NoOp];0
[NoOp, NoOp, NoOp, NoOp, Push(S,W), NoOp];0
[NoOp, NoOp, NoOp, NoOp, Push(W,W), NoOp];1
[NoOp, NoOp, NoOp, NoOp, Push(W,S), NoOp];0
[NoOp, NoOp, NoOp, NoOp, Push(S,S), NoOp];0
[NoOp, NoOp, NoOp, NoOp, Push(S,S), NoOp];0
[NoOp, NoOp, NoOp, NoOp, Push(S,W), NoOp];0
[NoOp, NoOp, NoOp, NoOp, Push(W,W), NoOp];0
[NoOp, NoOp, Move(N), NoOp, Move(N), NoOp];11
[NoOp, NoOp, NoOp, NoOp, NoOp, Move(N)];11
[NoOp, NoOp, NoOp, NoOp, NoOp, Move(N)];0
[NoOp, NoOp, NoOp, NoOp, NoOp, Move(E)];0
[NoOp, NoOp, NoOp, NoOp, NoOp, Move(E)];0
[NoOp, NoOp, NoOp, NoOp, NoOp, Move(N)];0
[NoOp, NoOp, NoOp, NoOp, NoOp, Move(N)];0
[NoOp, NoOp, NoOp, NoOp, NoOp, Move(N)];0
[NoOp, NoOp, NoOp, NoOp, NoOp, Move(W)];0
[NoOp, NoOp, NoOp, NoOp, NoOp, Move(N)];0
[NoOp, NoOp, NoOp, NoOp, NoOp, Push(E,S)];0
[NoOp, NoOp, NoOp, NoOp, NoOp, Push(S,S)];0
[NoOp, NoOp, NoOp, NoOp, NoOp, Push(S,S)];0
[NoOp, NoOp, NoOp, NoOp, NoOp, Push(S,S)];0
[NoOp, NoOp, NoOp, NoOp, NoOp, Push(S,W)];0
[NoOp, NoOp, NoOp, NoOp, NoOp, Push(W,S)];1
[NoOp, NoOp, NoOp, NoOp, NoOp, Push(S,W)];0
[NoOp, NoOp, NoOp, NoOp, NoOp, Push(W,S)];0
[NoOp, NoOp, NoOp, NoOp, NoOp, Push(S,W)];0
[NoOp, NoOp, NoOp, NoOp, NoOp, Push(W,S)];0
[NoOp, NoOp, NoOp, NoOp, NoOp, Push(S,W)];0
[NoOp, NoOp, NoOp, NoOp, NoOp, Push(W,W)];0
[NoOp, NoOp, NoOp, NoOp, NoOp, Push(W,W)];0
[NoOp, NoOp, NoOp, NoOp, NoOp, Push(W,W)];0
[NoOp, NoOp, NoOp, NoOp, NoOp, Push(W,W)];0
[NoOp, NoOp, NoOp, NoOp, NoOp, Push(W,W)];0
[NoOp, NoOp, NoOp, NoOp, NoOp, Push(W,W)];0
[NoOp, NoOp, NoOp, NoOp, NoOp, Push(W,W)];0
[NoOp, NoOp, NoOp, NoOp, NoOp, Push(W,W)];0
[NoOp, NoOp, NoOp, NoOp, NoOp, Push(W,W)];0
[NoOp, NoOp, NoOp, NoOp, NoOp, Push(W,W)];0
[NoOp, NoOp, NoOp, NoOp, NoOp, Push(W,W)];0
[NoOp, NoOp, NoOp, NoOp, NoOp, Push(W,W)];0
[NoOp, NoOp, NoOp, NoOp, NoOp, Push(W,W)];0
[NoOp, NoOp, NoOp, NoOp, NoOp, Push(W,W)];0
[NoOp, NoOp, NoOp, NoOp, NoOp, Push(W,W)];0
[NoOp, NoOp, NoOp, NoOp, NoOp, Push(W,W)];0
[NoOp, NoOp, NoOp, NoOp, NoOp, Push(W,W)];0
[NoOp, NoOp, NoOp, NoOp, NoOp, Push(W,W)];0
[NoOp, NoOp, NoOp, NoOp, NoOp, Push(W,W)];0
[NoOp, NoOp, NoOp, NoOp, NoOp, Push(W,W)];0
[NoOp, NoOp, NoOp, NoOp, NoOp, Push(W,W)];0
[NoOp, NoOp, NoOp, NoOp, NoOp, Push(W,W)];0
[NoOp, NoOp, NoOp, NoOp, NoOp, Push(W,W)];0
[NoOp, NoOp, NoOp, NoOp, NoOp, Push(W,W)];0
[NoOp, NoOp, NoOp, NoOp, NoOp, Push(W,W)];0
[NoOp, NoOp, NoOp, NoOp, NoOp, Push(W,W)];0
[NoOp, NoOp, NoOp, NoOp, NoOp, Push(W,W)];0
[NoOp, NoOp, NoOp, NoOp, NoOp, Push(W,W)];0
[NoOp, NoOp, NoOp, NoOp, NoOp, Push(W,W)];0
[NoOp, NoOp, NoOp, NoOp, NoOp, Push(W,W)];0
[NoOp, NoOp, Move(S), NoOp, Move(N), NoOp];1990
[NoOp, NoOp, NoOp, NoOp, Move(E), NoOp];0
[NoOp, NoOp, NoOp, NoOp, Move(N), NoOp];0
[NoOp, NoOp, NoOp, NoOp, Move(N), NoOp];0
[NoOp, NoOp, NoOp, NoOp, Move(E), NoOp];0
[NoOp, NoOp, NoOp, NoOp, Move(E), NoOp];0
[NoOp, NoOp, NoOp, NoOp, Move(E), NoOp];0
[NoOp, NoOp, NoOp, NoOp, Move(N), NoOp];0
[NoOp, NoOp, NoOp, NoOp, Move(E), NoOp];0
[NoOp, NoOp, NoOp, NoOp, Move(N), NoOp];0
[NoOp, NoOp, NoOp, NoOp, Move(N), NoOp];0
[NoOp, NoOp, NoOp, NoOp, Move(N), NoOp];0
[NoOp, NoOp, NoOp, NoOp, Move(N), NoOp];0
[NoOp, NoOp, NoOp, NoOp, Move(N), NoOp];0
[NoOp, NoOp, NoOp, NoOp, Move(N), NoOp];0
[NoOp, NoOp, NoOp, NoOp, Move(N), NoOp];0
[NoOp, NoOp, NoOp, NoOp, Move(N), NoOp];0
[NoOp, NoOp, NoOp, NoOp, Move(N), NoOp];0
[NoOp, NoOp, NoOp, NoOp, Move(N), NoOp];0
[NoOp, NoOp, NoOp, NoOp, Move(N), NoOp];0
[NoOp, NoOp, NoOp, NoOp, Move(W), NoOp];0
[NoOp, NoOp, NoOp, NoOp, Move(W), NoOp];0
[NoOp, NoOp, NoOp, NoOp, Move(W), NoOp];0
[NoOp, NoOp, NoOp, NoOp, Pull(E,S), NoOp];0
[NoOp, NoOp, NoOp, NoOp, Pull(E,W), NoOp];0
[NoOp, NoOp, NoOp, NoOp, Pull(S,W), NoOp];0
[NoOp, NoOp, NoOp, NoOp, Pull(E,N), NoOp];0
[NoOp, NoOp, NoOp, NoOp, Pull(S,W), NoOp];0
[NoOp, NoOp, NoOp, NoOp, Push(N,E), NoOp];0
[NoOp, NoOp, NoOp, NoOp, Push(E,E), NoOp];0
[NoOp, NoOp, NoOp, NoOp, NoOp, Move(N)];13
[NoOp, NoOp, Move(W), NoOp, NoOp, Move(E)];15
[NoOp, NoOp, Move(N), NoOp, NoOp, NoOp];0
[NoOp, NoOp, Move(W), NoOp, NoOp, NoOp];0
[NoOp, NoOp, NoOp, NoOp, NoOp, Move(S)];13
[NoOp, NoOp, NoOp, NoOp, NoOp, Move(W)];13
[NoOp, NoOp, Move(N), NoOp, NoOp, NoOp];13
[NoOp, NoOp, NoOp, NoOp, NoOp, Move(N)];12
[NoOp, NoOp, NoOp, NoOp, NoOp, Move(W)];0
[NoOp, NoOp, Move(E), NoOp, NoOp, Move(W)];12
[NoOp, NoOp, Move(W), NoOp, NoOp, NoOp];11
[NoOp, Move(W), NoOp, NoOp, NoOp, NoOp];11
[NoOp, Move(W), NoOp, NoOp, NoOp, NoOp];0
[NoOp, Move(W), NoOp, NoOp, NoOp, NoOp];0
[NoOp, Move(N), NoOp, NoOp, NoOp, NoOp];0
[NoOp, Move(N), NoOp, NoOp, NoOp, NoOp];0
[NoOp, Move(N), NoOp, NoOp, NoOp, NoOp];0
[NoOp, Move(N), NoOp, NoOp, NoOp, NoOp];0
[NoOp, Move(N), NoOp, NoOp, NoOp, NoOp];0
[NoOp, Move(N), NoOp, NoOp, NoOp, NoOp];0
[NoOp, Move(N), NoOp, NoOp, NoOp, NoOp];0
[NoOp, Move(N), NoOp, NoOp, NoOp, NoOp];0
[NoOp, Move(N), NoOp, NoOp, NoOp, NoOp];0
[NoOp, Move(N), NoOp, NoOp, NoOp, NoOp];0
[NoOp, Move(N), NoOp, NoOp, NoOp, NoOp];0
[NoOp, Move(N), NoOp, NoOp, NoOp, NoOp];0
[NoOp, Move(E), NoOp, NoOp, NoOp, NoOp];0
[NoOp, Move(E), NoOp, NoOp, NoOp, NoOp];1
[NoOp, Move(E), NoOp, NoOp, NoOp, NoOp];0
[NoOp, Move(E), NoOp, NoOp, NoOp, NoOp];0
[NoOp, Move(E), NoOp, NoOp, NoOp, NoOp];0
[NoOp, Move(S), NoOp, NoOp, NoOp, NoOp];0
[NoOp, Pull(N,S), NoOp, NoOp, NoOp, NoOp];0
[NoOp, Pull(E,S), NoOp, NoOp, NoOp, NoOp];0
[NoOp, Push(W,W), NoOp, NoOp, NoOp, NoOp];0
[NoOp, Push(W,W), NoOp, NoOp, NoOp, NoOp];0
[NoOp, Push(W,W), NoOp, NoOp, NoOp, NoOp];0
[NoOp, Push(W,W), NoOp, NoOp, NoOp, NoOp];0
[NoOp, Push(W,W), NoOp, NoOp, NoOp, NoOp];0
[NoOp, Push(W,S), NoOp, NoOp, NoOp, NoOp];0
[NoOp, Push(S,S), NoOp, NoOp, NoOp, NoOp];0
[NoOp, Push(S,S), NoOp, NoOp, NoOp, NoOp];0
[NoOp, Push(S,S), NoOp, NoOp, NoOp, NoOp];0
[NoOp, Push(S,S), NoOp, NoOp, NoOp, NoOp];0
[NoOp, Push(S,S), NoOp, NoOp, NoOp, NoOp];0
[NoOp, Push(S,S), NoOp, NoOp, NoOp, NoOp];0
[NoOp, Push(S,S), NoOp, NoOp, NoOp, NoOp];0
[NoOp, Push(S,S), NoOp, NoOp, NoOp, NoOp];0
[NoOp, Push(S,S), NoOp, NoOp, NoOp, NoOp];0
[NoOp, Push(S,S), NoOp, NoOp, NoOp, NoOp];0
[NoOp, Push(S,S), NoOp, NoOp, NoOp, NoOp];0
[NoOp, Push(S,S), NoOp, NoOp, NoOp, NoOp];0
[NoOp, Push(S,E), NoOp, NoOp, NoOp, NoOp];0
[NoOp, Push(E,E), NoOp, NoOp, NoOp, NoOp];0
[NoOp, Push(E,E), NoOp, NoOp, NoOp, NoOp];0
[NoOp, Push(E,E), NoOp, NoOp, NoOp, NoOp];0
[NoOp, Push(E,S), NoOp, NoOp, NoOp, NoOp];0
[NoOp, Push(S,S), NoOp, NoOp, NoOp, NoOp];0
[NoOp, Push(S,S), NoOp, NoOp, NoOp, NoOp];0
[NoOp, Push(S,E), NoOp, NoOp, NoOp, NoOp];0
[NoOp, Push(E,E), NoOp, NoOp, NoOp, NoOp];0
[NoOp, Push(E,E), NoOp, NoOp, NoOp, NoOp];0
[NoOp, Push(E,E), NoOp, NoOp, NoOp, NoOp];0
[NoOp, Push(E,E), NoOp, NoOp, NoOp, NoOp];0
[NoOp, Push(E,E), NoOp, NoOp, NoOp, NoOp];0
[NoOp, Push(E,E), NoOp, NoOp, NoOp, NoOp];0
[NoOp, Push(E,E), NoOp, NoOp, NoOp, NoOp];0
[NoOp, Push(E,E), NoOp, NoOp, NoOp, NoOp];0
[NoOp, Push(E,E), NoOp, NoOp, NoOp, NoOp];0
[NoOp, Move(W), NoOp, NoOp, NoOp, NoOp];11
[NoOp, Move(N), NoOp, NoOp, NoOp, NoOp];0
[NoOp, NoOp, Move(N), NoOp, NoOp, NoOp];10
[NoOp, NoOp, Move(W), NoOp, NoOp, NoOp];0
[NoOp, NoOp, Move(N), NoOp, NoOp, NoOp];0
[NoOp, NoOp, Move(W), NoOp, NoOp, NoOp];0
[NoOp, NoOp, Move(W), NoOp, NoOp, NoOp];0
[NoOp, NoOp, Move(N), NoOp, NoOp, NoOp];0
[NoOp, NoOp, Move(N), NoOp, NoOp, NoOp];0
[NoOp, NoOp, Move(N), NoOp, NoOp, NoOp];0
[NoOp, NoOp, Move(N), NoOp, NoOp, NoOp];0
[NoOp, NoOp, Move(N), NoOp, NoOp, NoOp];0
[NoOp, NoOp, Move(N), NoOp, NoOp, NoOp];0
[NoOp, NoOp, Move(N), NoOp, NoOp, NoOp];0
[NoOp, NoOp, Move(N), NoOp, NoOp, NoOp];0
[NoOp, NoOp, Move(N), NoOp, NoOp, NoOp];0
[NoOp, NoOp, Move(N), NoOp, NoOp, NoOp];0
[NoOp, NoOp, Move(N), NoOp, NoOp, NoOp];0
[NoOp, NoOp, Move(N), NoOp, NoOp, NoOp];0
[NoOp, NoOp, Move(E), NoOp, NoOp, NoOp];0
[NoOp, NoOp, Move(E), NoOp, NoOp, NoOp];0
[NoOp, NoOp, Pull(E,S), NoOp, NoOp, NoOp];0
[NoOp, NoOp, Push(W,W), NoOp, NoOp, NoOp];0
[NoOp, NoOp, Push(W,W), NoOp, NoOp, NoOp];0
[NoOp, NoOp, Push(W,S), NoOp, NoOp, NoOp];0
[NoOp, NoOp, Push(S,S), NoOp, NoOp, NoOp];0
[NoOp, NoOp, Push(S,S), NoOp, NoOp, NoOp];0
[NoOp, NoOp, Push(S,S), NoOp, NoOp, NoOp];0
[NoOp, NoOp, Push(S,S), NoOp, NoOp, NoOp];0
[NoOp, NoOp, Push(S,S), NoOp, NoOp, NoOp];0
[NoOp, NoOp, Push(S,S), NoOp, NoOp, NoOp];0
[NoOp, NoOp, Push(S,S), NoOp, NoOp, NoOp];0
[NoOp, NoOp, Push(S,S), NoOp, NoOp, NoOp];0
[NoOp, NoOp, Push(S,S), NoOp, NoOp, NoOp];0
[NoOp, NoOp, Push(S,S), NoOp, NoOp, NoOp];0
[NoOp, NoOp, Push(S,S), NoOp, NoOp, NoOp];0
[NoOp, NoOp, Push(S,E), NoOp, NoOp, NoOp];0
[NoOp, NoOp, Push(E,E), NoOp, NoOp, NoOp];0
[NoOp, NoOp, Push(E,E), NoOp, NoOp, NoOp];0
[NoOp, NoOp, Push(E,E), NoOp, NoOp, NoOp];0
[NoOp, NoOp, Push(E,S), NoOp, NoOp, NoOp];0
[NoOp, NoOp, Push(S,S), NoOp, NoOp, NoOp];0
[NoOp, NoOp, Push(S,S), NoOp, NoOp, NoOp];1
[NoOp, NoOp, Push(S,S), NoOp, NoOp, NoOp];0
[NoOp, NoOp, Push(S,E), NoOp, NoOp, NoOp];0
[NoOp, NoOp, Push(E,E), NoOp, NoOp, NoOp];0
[NoOp, NoOp, Push(E,E), NoOp, NoOp, NoOp];0
[NoOp, NoOp, Push(E,E), NoOp, NoOp, NoOp];0
[NoOp, NoOp, Push(E,E), NoOp, NoOp, NoOp];0
[NoOp, NoOp, Push(E,E), NoOp, NoOp, NoOp];0
[NoOp, NoOp, Push(E,E), NoOp, NoOp, NoOp];0
[NoOp, NoOp, Push(E,E), NoOp, NoOp, NoOp];0
[NoOp, NoOp, Push(E,E), NoOp, NoOp, NoOp];0
[NoOp, NoOp, Push(E,N), NoOp, NoOp, NoOp];0
[NoOp, NoOp, Push(N,E), NoOp, NoOp, NoOp];0
[NoOp, NoOp, Push(E,E), NoOp, NoOp, NoOp];0
[NoOp, NoOp, Push(E,S), NoOp, NoOp, NoOp];0
[NoOp, NoOp, Move(E), NoOp, NoOp, NoOp];7
[NoOp, NoOp, Move(E), NoOp, NoOp, NoOp];0
[NoOp, NoOp, Move(S), NoOp, NoOp, NoOp];7
[NoOp, NoOp, Move(W), NoOp, NoOp, NoOp];7
[NoOp, NoOp, NoOp, NoOp, Move(S), NoOp];6
[NoOp, NoOp, NoOp, NoOp, Move(E), NoOp];0
[NoOp, NoOp, NoOp, NoOp, Push(N,W), NoOp];0
[NoOp, NoOp, NoOp, NoOp, Push(W,W), NoOp];0
[NoOp, NoOp, NoOp, NoOp, Push(W,S), NoOp];0
[NoOp, NoOp, NoOp, NoOp, Push(S,S), NoOp];0
[NoOp, NoOp, NoOp, NoOp, Push(S,S), NoOp];0
[NoOp, NoOp, NoOp, NoOp, Push(S,S), NoOp];0
[NoOp, NoOp, NoOp, NoOp, Push(S,S), NoOp];0
[NoOp, NoOp, NoOp, NoOp, Push(S,S), NoOp];0
[NoOp, NoOp, NoOp, NoOp, Push(S,S), NoOp];0
[NoOp, NoOp, NoOp, NoOp, Push(S,S), NoOp];0
[NoOp, NoOp, NoOp, NoOp, Push(S,S), NoOp];0
[NoOp, NoOp, NoOp, NoOp, Push(S,S), NoOp];0
[NoOp, NoOp, NoOp, NoOp, Push(S,S), NoOp];0
[NoOp, NoOp, NoOp, NoOp, Push(S,S), NoOp];0
[NoOp, NoOp, NoOp, NoOp, Push(S,W), NoOp];0
[NoOp, NoOp, NoOp, NoOp, Push(W,W), NoOp];0
[NoOp, NoOp, NoOp, NoOp, Push(W,W), NoOp];0
[NoOp, NoOp, NoOp, NoOp, Push(W,W), NoOp];0
[NoOp, NoOp, NoOp, NoOp, Push(W,S), NoOp];0
[NoOp, NoOp, NoOp, NoOp, Push(S,S), NoOp];0
[NoOp, NoOp, NoOp, NoOp, Push(S,S), NoOp];0
[NoOp, NoOp, NoOp, NoOp, Push(S,E), NoOp];0
[NoOp, NoOp, NoOp, NoOp, Push(E,E), NoOp];0
[NoOp, NoOp, NoOp, NoOp, Push(E,E), NoOp];1
[NoOp, NoOp, NoOp, NoOp, Push(E,E), NoOp];0
[NoOp, NoOp, NoOp, NoOp, Push(E,E), NoOp];0
[NoOp, NoOp, NoOp, NoOp, Push(E,E), NoOp];0
[NoOp, NoOp, NoOp, NoOp, Push(E,E), NoOp];0
[NoOp, NoOp, NoOp, NoOp, Push(E,E), NoOp];0
[NoOp, NoOp, NoOp, NoOp, Push(E,E), NoOp];0
[NoOp, NoOp, NoOp, NoOp, Push(E,N), NoOp];0
[NoOp, NoOp, NoOp, NoOp, Push(N,E), NoOp];0
[NoOp, NoOp, NoOp, NoOp, Push(E,E), NoOp];0
[NoOp, NoOp, NoOp, NoOp, Push(E,E), NoOp];0
[NoOp, NoOp, NoOp, NoOp, Push(E,E), NoOp];0
[NoOp, NoOp, NoOp, NoOp, Push(E,E), NoOp];0
[NoOp, NoOp, NoOp, NoOp, Push(E,S), NoOp];0
[NoOp, NoOp, NoOp, NoOp, Push(S,E), NoOp];0
[NoOp, NoOp, NoOp, NoOp, Push(E,E), NoOp];0
[NoOp, NoOp, NoOp, NoOp, Push(E,E), NoOp];0
[NoOp, NoOp, NoOp, NoOp, Push(E,E), NoOp];1
[NoOp, NoOp, NoOp, NoOp, Push(E,E), NoOp];0
[NoOp, NoOp, NoOp, NoOp, Push(E,E), NoOp];0
[NoOp, NoOp, NoOp, NoOp, Push(E,E), NoOp];0
[NoOp, NoOp, NoOp, NoOp, Push(E,E), NoOp];0
[NoOp, NoOp, NoOp, NoOp, Push(E,E), NoOp];0
[NoOp, NoOp, NoOp, NoOp, Push(E,E), NoOp];0
[NoOp, NoOp, NoOp, NoOp, Push(E,E), NoOp];0
[NoOp, NoOp, NoOp, NoOp, Push(E,E), NoOp];0
[NoOp, NoOp, NoOp, NoOp, Push(E,E), NoOp];0
[NoOp, NoOp, NoOp, NoOp, Push(E,E), NoOp];0
[NoOp, NoOp, NoOp, NoOp, Push(E,E), NoOp];0
[NoOp, NoOp, NoOp, NoOp, Push(E,E), NoOp];0
[NoOp, NoOp, Move(E), NoOp, NoOp, NoOp];16
[NoOp, Move(W), NoOp, NoOp, NoOp, NoOp];15
[NoOp, Move(W), NoOp, NoOp, NoOp, NoOp];0
[NoOp, Move(W), NoOp, NoOp, NoOp, NoOp];0
[NoOp, Move(W), NoOp, NoOp, NoOp, NoOp];0
[NoOp, Move(W), NoOp, NoOp, NoOp, NoOp];0
[NoOp, Move(W), NoOp, NoOp, NoOp, NoOp];0
[NoOp, Move(W), NoOp, NoOp, NoOp, NoOp];0
[NoOp, Move(W), NoOp, NoOp, NoOp, NoOp];0
[NoOp, Move(N), NoOp, NoOp, NoOp, NoOp];0
[NoOp, Move(W), NoOp, NoOp, NoOp, NoOp];0
[NoOp, Move(N), NoOp, NoOp, NoOp, NoOp];0
[NoOp, Move(N), NoOp, NoOp, NoOp, NoOp];0
[NoOp, Move(W), NoOp, NoOp, NoOp, NoOp];0
[NoOp, Move(W), NoOp, NoOp, NoOp, NoOp];0
[NoOp, Move(W), NoOp, NoOp, NoOp, NoOp];0
[NoOp, Move(N), NoOp, NoOp, NoOp, NoOp];0
[NoOp, Move(N), NoOp, NoOp, NoOp, NoOp];0
[NoOp, Move(N), NoOp, NoOp, NoOp, NoOp];0
[NoOp, Move(N), NoOp, NoOp, NoOp, NoOp];0
[NoOp, Move(N), NoOp, NoOp, NoOp, NoOp];0
[NoOp, Move(N), NoOp, NoOp, NoOp, NoOp];1
[NoOp, Move(N), NoOp, NoOp, NoOp, NoOp];0
[NoOp, Move(N), NoOp, NoOp, NoOp, NoOp];0
[NoOp, Move(N), NoOp, NoOp, NoOp, NoOp];0
[NoOp, Move(N), NoOp, NoOp, NoOp, NoOp];0
[NoOp, Move(N), NoOp, NoOp, NoOp, NoOp];0
[NoOp, Move(N), NoOp, NoOp, NoOp, NoOp];0
[NoOp, Move(E), NoOp, NoOp, NoOp, NoOp];0
[NoOp, Move(E), NoOp, NoOp, NoOp, NoOp];0
[NoOp, Move(S), NoOp, NoOp, NoOp, NoOp];0
[NoOp, Pull(N,S), NoOp, NoOp, NoOp, NoOp];0
[NoOp, Pull(W,S), NoOp, NoOp, NoOp, NoOp];0
[NoOp, Push(E,E), NoOp, NoOp, NoOp, NoOp];0
[NoOp, Push(E,E), NoOp, NoOp, NoOp, NoOp];0
[NoOp, Push(E,E), NoOp, NoOp, NoOp, NoOp];0
[NoOp, Push(E,E), NoOp, NoOp, NoOp, NoOp];0
[NoOp, Push(E,E), NoOp, NoOp, NoOp, NoOp];0
[NoOp, Push(E,E), NoOp, NoOp, NoOp, NoOp];0
[NoOp, Push(E,S), NoOp, NoOp, NoOp, NoOp];0
[NoOp, Push(S,S), NoOp, NoOp, NoOp, NoOp];0
[NoOp, Push(S,S), NoOp, NoOp, NoOp, NoOp];0
[NoOp, Push(S,S), NoOp, NoOp, NoOp, NoOp];0
[NoOp, Push(S,S), NoOp, NoOp, NoOp, NoOp];0
[NoOp, Push(S,S), NoOp, NoOp, NoOp, NoOp];0
[NoOp, Push(S,S), NoOp, NoOp, NoOp, NoOp];0
[NoOp, Push(S,S), NoOp, NoOp, NoOp, NoOp];0
[NoOp, Push(S,S), NoOp, NoOp, NoOp, NoOp];0
[NoOp, Push(S,S), NoOp, NoOp, NoOp, NoOp];0
[NoOp, Push(S,S), NoOp, NoOp, NoOp, NoOp];0
[NoOp, Push(S,S), NoOp, NoOp, NoOp, NoOp];0
[NoOp, Push(S,S), NoOp, NoOp, NoOp, NoOp];0
[NoOp, Push(S,W), NoOp, NoOp, NoOp, NoOp];0
[NoOp, Push(W,W), NoOp, NoOp, NoOp, NoOp];0
[NoOp, Push(W,W), NoOp, NoOp, NoOp, NoOp];0
[NoOp, Push(W,W), NoOp, NoOp, NoOp, NoOp];0
[NoOp, Push(W,S), NoOp, NoOp, NoOp, NoOp];0
[NoOp, Push(S,S), NoOp, NoOp, NoOp, NoOp];0
[NoOp, Push(S,S), NoOp, NoOp, NoOp, NoOp];0
[NoOp, Push(S,E), NoOp, NoOp, NoOp, NoOp];0
[NoOp, Push(E,E), NoOp, NoOp, NoOp, NoOp];0
[NoOp, Push(E,E), NoOp, NoOp, NoOp, NoOp];0
[NoOp, Push(E,E), NoOp, NoOp, NoOp, NoOp];0
[NoOp, Push(E,E), NoOp, NoOp, NoOp, NoOp];0
[NoOp, Push(E,E), NoOp, NoOp, NoOp, NoOp];0
[NoOp, Push(E,E), NoOp, NoOp, NoOp, NoOp];0
[NoOp, Push(E,E), NoOp, NoOp, NoOp, NoOp];0
[NoOp, Push(E,E), NoOp, NoOp, NoOp, NoOp];0
[NoOp, Push(E,N), NoOp, NoOp, NoOp, NoOp];0
[NoOp, Push(N,E), NoOp, NoOp, NoOp, NoOp];0
[NoOp, Push(E,E), NoOp, NoOp, NoOp, NoOp];0
[NoOp, Push(E,E), NoOp, NoOp, NoOp, NoOp];0
[NoOp, Push(E,S), NoOp, NoOp, NoOp, NoOp];0
[NoOp, Move(E), NoOp, NoOp, NoOp, NoOp];20
[NoOp, Move(E), NoOp, NoOp, NoOp, NoOp];0
[NoOp, NoOp, Move(N), NoOp, NoOp, NoOp];17
[NoOp, NoOp, Move(W), NoOp, NoOp, NoOp];0
[NoOp, NoOp, Move(W), NoOp, NoOp, NoOp];0
[NoOp, NoOp, Move(W), NoOp, NoOp, NoOp];0
[NoOp, NoOp, Move(W), NoOp, NoOp, NoOp];0
[NoOp, NoOp, Move(W), NoOp, NoOp, NoOp];1
[NoOp, NoOp, Move(W), NoOp, NoOp, NoOp];0
[NoOp, NoOp, Move(W), NoOp, NoOp, NoOp];0
[NoOp, NoOp, Move(W), NoOp, NoOp, NoOp];0
[NoOp, NoOp, Move(W), NoOp, NoOp, NoOp];0
[NoOp, NoOp, Move(W), NoOp, NoOp, NoOp];0
[NoOp, NoOp, Move(W), NoOp, NoOp, NoOp];0
[NoOp, NoOp, Move(W), NoOp, NoOp, NoOp];0
[NoOp, NoOp, Move(W), NoOp, NoOp, NoOp];0
[NoOp, NoOp, Move(N), NoOp, NoOp, NoOp];0
[NoOp, NoOp, Move(N), NoOp, NoOp, NoOp];0
[NoOp, NoOp, Move(W), NoOp, NoOp, NoOp];0
[NoOp, NoOp, Move(W), NoOp, NoOp, NoOp];0
[NoOp, NoOp, Move(N), NoOp, NoOp, NoOp];0
[NoOp, NoOp, Move(W), NoOp, NoOp, NoOp];0
[NoOp, NoOp, Move(W), NoOp, NoOp, NoOp];0
[NoOp, NoOp, Move(N), NoOp, NoOp, NoOp];0
[NoOp, NoOp, Move(N), NoOp, NoOp, NoOp];0
[NoOp, NoOp, Move(N), NoOp, NoOp, NoOp];0
[NoOp, NoOp, Move(N), NoOp, NoOp, NoOp];0
[NoOp, NoOp, Move(N), NoOp, NoOp, NoOp];1
[NoOp, NoOp, Move(N), NoOp, NoOp, NoOp];0
[NoOp, NoOp, Move(N), NoOp, NoOp, NoOp];0
[NoOp, NoOp, Move(N), NoOp, NoOp, NoOp];0
[NoOp, NoOp, Move(N), NoOp, NoOp, NoOp];0
[NoOp, NoOp, Move(N), NoOp, NoOp, NoOp];0
[NoOp, NoOp, Move(N), NoOp, NoOp, NoOp];0
[NoOp, NoOp, Move(N), NoOp, NoOp, NoOp];0
[NoOp, NoOp, Move(E), NoOp, NoOp, NoOp];0
[NoOp, NoOp, Move(E), NoOp, NoOp, NoOp];0
[NoOp, NoOp, Move(S), NoOp, NoOp, NoOp];0
[NoOp, NoOp, Move(S), NoOp, NoOp, NoOp];0
[NoOp, NoOp, Pull(N,E), NoOp, NoOp, NoOp];0
[NoOp, NoOp, Pull(N,S), NoOp, NoOp, NoOp];0
[NoOp, NoOp, Pull(E,S), NoOp, NoOp, NoOp];0
[NoOp, NoOp, Push(W,W), NoOp, NoOp, NoOp];0
[NoOp, NoOp, Push(W,W), NoOp, NoOp, NoOp];0
[NoOp, NoOp, Push(W,S), NoOp, NoOp, NoOp];0
[NoOp, NoOp, Push(S,S), NoOp, NoOp, NoOp];2
[NoOp, NoOp, Push(S,S), NoOp, NoOp, NoOp];0
[NoOp, NoOp, Push(S,S), NoOp, NoOp, NoOp];0
[NoOp, NoOp, Push(S,S), NoOp, NoOp, NoOp];0
[NoOp, NoOp, Push(S,S), NoOp, NoOp, NoOp];0
[NoOp, NoOp, Push(S,S), NoOp, NoOp, NoOp];0
[NoOp, NoOp, Push(S,S), NoOp, NoOp, NoOp];0
[NoOp, NoOp, Push(S,S), NoOp, NoOp, NoOp];0
[NoOp, NoOp, Push(S,S), NoOp, NoOp, NoOp];0
[NoOp, NoOp, Push(S,S), NoOp, NoOp, NoOp];0
[NoOp, NoOp, Push(S,S), NoOp, NoOp, NoOp];0
[NoOp, NoOp, Push(S,E), NoOp, NoOp, NoOp];1
[NoOp, NoOp, Push(E,E), NoOp, NoOp, NoOp];0
[NoOp, NoOp, Push(E,S), NoOp, NoOp, NoOp];0
[NoOp, NoOp, Push(S,E), NoOp, NoOp, NoOp];0
[NoOp, NoOp, Push(E,S), NoOp, NoOp, NoOp];0
[NoOp, NoOp, Push(S,E), NoOp, NoOp, NoOp];0
[NoOp, NoOp, Push(E,S), NoOp, NoOp, NoOp];0
[NoOp, NoOp, Push(S,E), NoOp, NoOp, NoOp];0
[NoOp, NoOp, Push(E,S), NoOp, NoOp, NoOp];0
[NoOp, NoOp, Push(S,E), NoOp, NoOp, NoOp];0
[NoOp, NoOp, Push(E,E), NoOp, NoOp, NoOp];0
[NoOp, NoOp, Push(E,E), NoOp, NoOp, NoOp];0
[NoOp, NoOp, Push(E,E), NoOp, NoOp, NoOp];0
[NoOp, NoOp, Push(E,E), NoOp, NoOp, NoOp];0
[NoOp, NoOp, Push(E,E), NoOp, NoOp, NoOp];0
[NoOp, NoOp, Push(E,E), NoOp, NoOp, NoOp];0
[NoOp, NoOp, Push(E,E), NoOp, NoOp, NoOp];0
[NoOp, NoOp, Push(E,N), NoOp, NoOp, NoOp];0
[NoOp, NoOp, Push(N,E), NoOp, NoOp, NoOp];0
[NoOp, NoOp, Push(E,E), NoOp, NoOp, NoOp];0
[NoOp, NoOp, Push(E,E), NoOp, NoOp, NoOp];1
[NoOp, NoOp, Push(E,E), NoOp, NoOp, NoOp];0
[NoOp, NoOp, Push(E,S), NoOp, NoOp, NoOp];0
[NoOp, Move(E), NoOp, NoOp, Move(N), NoOp];26
[NoOp, Move(S), NoOp, NoOp, NoOp, NoOp];26
[NoOp, NoOp, Move(W), NoOp, NoOp, NoOp];26
[NoOp, NoOp, Move(W), NoOp, NoOp, NoOp];0
[NoOp, NoOp, Move(W), NoOp, NoOp, NoOp];0
[NoOp, NoOp, Move(W), NoOp, NoOp, NoOp];0
[NoOp, NoOp, Move(W), NoOp, NoOp, NoOp];0
[NoOp, NoOp, Move(W), NoOp, NoOp, NoOp];0
[NoOp, NoOp, Move(W), NoOp, NoOp, NoOp];0
[NoOp, NoOp, Move(W), NoOp, NoOp, NoOp];0
[NoOp, NoOp, Move(W), NoOp, NoOp, NoOp];0
[NoOp, NoOp, Move(W), NoOp, NoOp, NoOp];0
[NoOp, NoOp, Move(W), NoOp, NoOp, NoOp];0
[NoOp, NoOp, Move(W), NoOp, NoOp, NoOp];0
[NoOp, NoOp, Move(W), NoOp, NoOp, NoOp];0
[NoOp, NoOp, Move(N), NoOp, NoOp, NoOp];0
[NoOp, NoOp, Move(N), NoOp, NoOp, NoOp];0
[NoOp, NoOp, Move(E), NoOp, NoOp, NoOp];0
[NoOp, NoOp, Move(N), NoOp, NoOp, NoOp];0
[NoOp, NoOp, Move(E), NoOp, NoOp, NoOp];0
[NoOp, NoOp, Move(E), NoOp, NoOp, NoOp];0
[NoOp, NoOp, Move(E), NoOp, NoOp, NoOp];0
[NoOp, NoOp, Move(E), NoOp, NoOp, NoOp];0
[NoOp, NoOp, Move(N), NoOp, NoOp, NoOp];0
[NoOp, NoOp, Move(N), NoOp, NoOp, NoOp];0
[NoOp, NoOp, Move(E), NoOp, NoOp, NoOp];0
[NoOp, NoOp, Move(N), NoOp, NoOp, NoOp];0
[NoOp, NoOp, Move(E), NoOp, NoOp, NoOp];0
[NoOp, NoOp, Move(E), NoOp, NoOp, NoOp];0
[NoOp, NoOp, Move(E), NoOp, NoOp, NoOp];0
[NoOp, NoOp, Move(E), NoOp, NoOp, NoOp];0
[NoOp, NoOp, Move(E), NoOp, NoOp, NoOp];0
[NoOp, NoOp, Move(E), NoOp, NoOp, NoOp];0
[NoOp, NoOp, Move(E), NoOp, NoOp, NoOp];0
[NoOp, NoOp, Move(E), NoOp, NoOp, NoOp];0
[NoOp, NoOp, Move(E), NoOp, NoOp, NoOp];0
[NoOp, NoOp, Move(E), NoOp, NoOp, NoOp];0
[NoOp, NoOp, Move(E), NoOp, NoOp, NoOp];0
[NoOp, NoOp, Move(E), NoOp, NoOp, NoOp];0
[NoOp, NoOp, Move(E), NoOp, NoOp, NoOp];0
[NoOp, NoOp, Move(S), NoOp, NoOp, NoOp];0
[NoOp, NoOp, Move(E), NoOp, NoOp, NoOp];0
[NoOp, NoOp, Move(S), NoOp, NoOp, NoOp];0
[NoOp, NoOp, Move(E), NoOp, NoOp, NoOp];0
[NoOp, NoOp, Move(S), NoOp, NoOp, NoOp];0
[NoOp, NoOp, Move(E), NoOp, NoOp, NoOp];1
[NoOp, NoOp, Push(N,W), NoOp, NoOp, NoOp];0
[NoOp, NoOp, Push(W,W), NoOp, NoOp, NoOp];0
[NoOp, NoOp, Push(W,W), NoOp, NoOp, NoOp];0
[NoOp, NoOp, Push(W,W), NoOp, NoOp, NoOp];0
[NoOp, NoOp, Push(W,W), NoOp, NoOp, NoOp];0
[NoOp, NoOp, Push(W,N), NoOp, NoOp, NoOp];0
[NoOp, NoOp, Push(N,N), NoOp, NoOp, NoOp];0
[NoOp, NoOp, Push(N,W), NoOp, NoOp, NoOp];0
[NoOp, NoOp, Push(W,W), NoOp, NoOp, NoOp];0
[NoOp, NoOp, Push(W,W), NoOp, NoOp, NoOp];0
[NoOp, NoOp, Push(W,W), NoOp, NoOp, NoOp];0
[NoOp, NoOp, Push(W,W), NoOp, NoOp, NoOp];0
[NoOp, NoOp, Push(W,W), NoOp, NoOp, NoOp];0
[NoOp, NoOp, Push(W,W), NoOp, NoOp, NoOp];0
[NoOp, NoOp, Push(W,W), NoOp, NoOp, NoOp];0
[NoOp, NoOp, Push(W,W), NoOp, NoOp, NoOp];0
[NoOp, NoOp, Push(W,W), NoOp, NoOp, NoOp];0
[NoOp, NoOp, Push(W,W), NoOp, NoOp, NoOp];0
[NoOp, NoOp, Push(W,W), NoOp, NoOp, NoOp];0
[NoOp, NoOp, Push(W,S), NoOp, NoOp, NoOp];0
[NoOp, NoOp, Push(S,W), NoOp, NoOp, NoOp];0
[NoOp, NoOp, Push(W,S), NoOp, NoOp, NoOp];0
[NoOp, NoOp, Push(S,W), NoOp, NoOp, NoOp];0
[NoOp, NoOp, Push(W,S), NoOp, NoOp, NoOp];0
[NoOp, NoOp, Push(S,W), NoOp, NoOp, NoOp];0
[NoOp, NoOp, Push(W,S), NoOp, NoOp, NoOp];0
[NoOp, NoOp, Push(S,W), NoOp, NoOp, NoOp];0
[NoOp, NoOp, Push(W,W), NoOp, NoOp, NoOp];0
[NoOp, NoOp, Push(W,S), NoOp, NoOp, NoOp];0
[NoOp, NoOp, Push(S,S), NoOp, NoOp, NoOp];0
[NoOp, NoOp, Push(S,S), NoOp, NoOp, NoOp];0
[NoOp, NoOp, Push(S,E), NoOp, NoOp, NoOp];1
[NoOp, NoOp, Push(E,E), NoOp, NoOp, NoOp];0
[NoOp, NoOp, Push(E,E), NoOp, NoOp, NoOp];0
[NoOp, NoOp, Push(E,E), NoOp, NoOp, NoOp];0
[NoOp, NoOp, Push(E,E), NoOp, NoOp, NoOp];0
[NoOp, NoOp, Push(E,E), NoOp, NoOp, NoOp];0
[NoOp, NoOp, Push(E,E), NoOp, NoOp, NoOp];0
[NoOp, NoOp, Push(E,E), NoOp, NoOp, NoOp];0
[NoOp, NoOp, Push(E,E), NoOp, NoOp, NoOp];0
[NoOp, NoOp, Push(E,N), NoOp, NoOp, NoOp];0
[NoOp, NoOp, Push(N,E), NoOp, NoOp, NoOp];0
[NoOp, NoOp, Push(E,E), NoOp, NoOp, NoOp];0
[NoOp, NoOp, Push(E,E), NoOp, NoOp, NoOp];0
[NoOp, NoOp, Push(E,E), NoOp, NoOp, NoOp];0
[NoOp, NoOp, Push(E,E), NoOp, NoOp, NoOp];1
[NoOp, NoOp, Push(E,E), NoOp, NoOp, NoOp];0
[NoOp, NoOp, Push(E,E), NoOp, NoOp, NoOp];0
[NoOp, NoOp, Push(E,S), NoOp, NoOp, NoOp];0
[NoOp, NoOp, Push(S,E), NoOp, NoOp, NoOp];0
[NoOp, NoOp, Push(E,E), NoOp, NoOp, NoOp];0
[NoOp, NoOp, Push(E,E), NoOp, NoOp, NoOp];0
[NoOp, NoOp, Push(E,E), NoOp, NoOp, NoOp];0
[NoOp, NoOp, Push(E,E), NoOp, NoOp, NoOp];0
[NoOp, NoOp, Push(E,E), NoOp, NoOp, NoOp];0
[NoOp, NoOp, Push(E,E), NoOp, NoOp, NoOp];0
[NoOp, NoOp, Push(E,E), NoOp, NoOp, NoOp];0
[NoOp, NoOp, Push(E,E), NoOp, NoOp, NoOp];0
[NoOp, NoOp, Push(E,E), NoOp, NoOp, NoOp];0
[NoOp, NoOp, Push(E,E), NoOp, NoOp, NoOp];0
[NoOp, NoOp, Push(E,E), NoOp, NoOp, NoOp];0
[NoOp, NoOp, Push(E,E), NoOp, NoOp, NoOp];0
[NoOp, NoOp, NoOp, NoOp, NoOp, Move(E)];20
[NoOp, NoOp, NoOp, NoOp, NoOp, Move(N)];0
[NoOp, NoOp, NoOp, NoOp, NoOp, Move(E)];0
[NoOp, NoOp, NoOp, NoOp, NoOp, Move(N)];0
[NoOp, NoOp, NoOp, NoOp, NoOp, Move(E)];0
[NoOp, NoOp, NoOp, NoOp, NoOp, Move(N)];1
[NoOp, NoOp, NoOp, NoOp, NoOp, Move(E)];0
[NoOp, NoOp, NoOp, NoOp, NoOp, Move(E)];0
[NoOp, NoOp, NoOp, NoOp, NoOp, Move(E)];0
[NoOp, NoOp, NoOp, NoOp, NoOp, Move(E)];0
[NoOp, NoOp, NoOp, NoOp, NoOp, Move(N)];0
[NoOp, NoOp, NoOp, NoOp, NoOp, Move(E)];0
[NoOp, NoOp, NoOp, NoOp, NoOp, Move(N)];0
[NoOp, NoOp, NoOp, NoOp, NoOp, Move(N)];0
[NoOp, NoOp, NoOp, NoOp, NoOp, Move(E)];0
[NoOp, NoOp, NoOp, NoOp, NoOp, Move(E)];0
[NoOp, NoOp, NoOp, NoOp, NoOp, Move(E)];0
[NoOp, NoOp, NoOp, NoOp, NoOp, Move(E)];0
[NoOp, NoOp, NoOp, NoOp, NoOp, Move(E)];0
[NoOp, NoOp, NoOp, NoOp, NoOp, Move(E)];0
[NoOp, NoOp, NoOp, NoOp, NoOp, Move(E)];0
[NoOp, NoOp, NoOp, NoOp, NoOp, Move(E)];0
[NoOp, NoOp, NoOp, NoOp, NoOp, Move(E)];0
[NoOp, NoOp, NoOp, NoOp, NoOp, Move(E)];0
[NoOp, NoOp, NoOp, NoOp, NoOp, Move(E)];0
[NoOp, NoOp, NoOp, NoOp, NoOp, Move(E)];0
[NoOp, NoOp, NoOp, NoOp, NoOp, Move(S)];0
[NoOp, NoOp, NoOp, NoOp, NoOp, Move(E)];0
[NoOp, NoOp, NoOp, NoOp, NoOp, Move(E)];0
[NoOp, NoOp, NoOp, NoOp, NoOp, Move(S)];0
[NoOp, NoOp, NoOp, NoOp, NoOp, Move(S)];0
[NoOp, NoOp, NoOp, NoOp, NoOp, Move(S)];0
[NoOp, NoOp, NoOp, NoOp, NoOp, Move(E)];0
[NoOp, NoOp, NoOp, NoOp, NoOp, Move(E)];0
[NoOp, NoOp, NoOp, NoOp, NoOp, Pull(W,E)];0
[NoOp, NoOp, NoOp, NoOp, NoOp, Push(E,N)];0
[NoOp, NoOp, NoOp, NoOp, NoOp, Push(N,N)];0
[NoOp, NoOp, NoOp, NoOp, NoOp, Push(N,W)];0
[NoOp, NoOp, NoOp, NoOp, NoOp, Push(W,W)];0
[NoOp, NoOp, NoOp, NoOp, NoOp, Push(W,W)];0
[NoOp, NoOp, NoOp, NoOp, NoOp, Push(W,N)];0
[NoOp, NoOp, NoOp, NoOp, NoOp, Push(N,W)];0
[NoOp, NoOp, NoOp, NoOp, NoOp, Push(W,N)];0
[NoOp, NoOp, NoOp, NoOp, NoOp, Push(N,W)];0
[NoOp, NoOp, NoOp, NoOp, NoOp, Push(W,W)];0
[NoOp, NoOp, NoOp, NoOp, NoOp, Push(W,W)];0
[NoOp, NoOp, NoOp, NoOp, NoOp, Push(W,W)];0
[NoOp, NoOp, NoOp, NoOp, NoOp, Push(W,W)];0
[NoOp, NoOp, NoOp, NoOp, NoOp, Push(W,W)];0
[NoOp, NoOp, NoOp, NoOp, NoOp, Push(W,W)];0
[NoOp, NoOp, NoOp, NoOp, NoOp, Push(W,W)];0
[NoOp, NoOp, NoOp, NoOp, NoOp, Push(W,W)];0
[NoOp, NoOp, NoOp, NoOp, NoOp, Push(W,W)];0
[NoOp, NoOp, NoOp, NoOp, NoOp, Push(W,W)];0
[NoOp, NoOp, NoOp, NoOp, NoOp, Push(W,W)];0
[NoOp, NoOp, NoOp, NoOp, NoOp, Push(W,S)];0
[NoOp, NoOp, NoOp, NoOp, NoOp, Push(S,S)];0
[NoOp, NoOp, NoOp, NoOp, NoOp, Push(S,W)];0
[NoOp, NoOp, NoOp, NoOp, NoOp, Push(W,S)];0
[NoOp, NoOp, NoOp, NoOp, NoOp, Push(S,W)];0
[NoOp, NoOp, NoOp, NoOp, NoOp, Push(W,S)];0
[NoOp, NoOp, NoOp, NoOp, NoOp, Push(S,W)];0
[NoOp, NoOp, NoOp, NoOp, NoOp, Push(W,W)];0
[NoOp, NoOp, NoOp, NoOp, NoOp, Push(W,W)];0
[NoOp, NoOp, NoOp, NoOp, NoOp, Push(W,W)];0
[NoOp, NoOp, NoOp, NoOp, NoOp, Push(W,S)];0
[NoOp, NoOp, NoOp, NoOp, NoOp, Push(S,S)];0
[NoOp, NoOp, NoOp, NoOp, NoOp, Push(S,E)];0
[NoOp, NoOp, NoOp, NoOp, NoOp, Push(E,E)];0
[NoOp, NoOp, NoOp, NoOp, NoOp, Push(E,S)];0
[NoOp, NoOp, NoOp, NoOp, NoOp, Push(S,E)];0
[NoOp, NoOp, NoOp, NoOp, NoOp, Push(E,E)];0
[NoOp, NoOp, NoOp, NoOp, NoOp, Push(E,E)];0
[NoOp, NoOp, NoOp, NoOp, NoOp, Push(E,E)];0
[NoOp, NoOp, NoOp, NoOp, NoOp, Push(E,E)];0
[NoOp, NoOp, NoOp, NoOp, NoOp, Push(E,E)];0
[NoOp, NoOp, NoOp, NoOp, NoOp, Push(E,E)];0
[NoOp, NoOp, NoOp, NoOp, NoOp, Push(E,N)];0
[NoOp, NoOp, NoOp, NoOp, NoOp, Push(N,E)];0
[NoOp, NoOp, NoOp, NoOp, NoOp, Push(E,E)];0
[NoOp, NoOp, NoOp, NoOp, NoOp, Push(E,E)];0
[NoOp, NoOp, NoOp, NoOp, NoOp, Push(E,E)];0
[NoOp, NoOp, NoOp, NoOp, NoOp, Push(E,E)];0
[NoOp, NoOp, NoOp, NoOp, NoOp, Push(E,S)];0
[NoOp, NoOp, NoOp, NoOp, NoOp, Move(E)];27
[NoOp, NoOp, NoOp, NoOp, NoOp, Move(E)];0
[NoOp, NoOp, NoOp, NoOp, NoOp, Move(E)];0
[NoOp, NoOp, NoOp, NoOp, NoOp, Move(E)];26
[NoOp, Move(N), NoOp, NoOp, NoOp, NoOp];25
[NoOp, Move(W), NoOp, NoOp, NoOp, NoOp];0
[NoOp, Move(W), NoOp, NoOp, NoOp, NoOp];0
[NoOp, Move(W), NoOp, NoOp, NoOp, NoOp];0
[NoOp, Move(W), NoOp, NoOp, NoOp, NoOp];0
[NoOp, Move(W), NoOp, NoOp, NoOp, NoOp];0
[NoOp, Move(W), NoOp, NoOp, NoOp, NoOp];0
[NoOp, Move(W), NoOp, NoOp, NoOp, NoOp];0
[NoOp, Move(W), NoOp, NoOp, NoOp, NoOp];0
[NoOp, Move(W), NoOp, NoOp, NoOp, NoOp];0
[NoOp, Move(W), NoOp, NoOp, NoOp, NoOp];0
[NoOp, Move(W), NoOp, NoOp, NoOp, NoOp];0
[NoOp, Move(W), NoOp, NoOp, NoOp, NoOp];0
[NoOp, Move(W), NoOp, NoOp, NoOp, NoOp];0
[NoOp, Move(W), NoOp, NoOp, NoOp, NoOp];0
[NoOp, Move(W), NoOp, NoOp, NoOp, NoOp];0
[NoOp, Move(N), NoOp, NoOp, NoOp, NoOp];0
[NoOp, Move(N), NoOp, NoOp, NoOp, NoOp];0
[NoOp, Move(E), NoOp, NoOp, NoOp, NoOp];0
[NoOp, Move(E), NoOp, NoOp, NoOp, NoOp];0
[NoOp, Move(E), NoOp, NoOp, NoOp, NoOp];0
[NoOp, Move(N), NoOp, NoOp, NoOp, NoOp];0
[NoOp, Move(E), NoOp, NoOp, NoOp, NoOp];0
[NoOp, Move(E), NoOp, NoOp, NoOp, NoOp];0
[NoOp, Move(E), NoOp, NoOp, NoOp, NoOp];0
[NoOp, Move(N), NoOp, NoOp, NoOp, NoOp];0
[NoOp, Move(N), NoOp, NoOp, NoOp, NoOp];0
[NoOp, Move(N), NoOp, NoOp, NoOp, NoOp];0
[NoOp, Move(E), NoOp, NoOp, NoOp, NoOp];0
[NoOp, Move(E), NoOp, NoOp, NoOp, NoOp];0
[NoOp, Move(E), NoOp, NoOp, NoOp, NoOp];0
[NoOp, Move(E), NoOp, NoOp, NoOp, NoOp];0
[NoOp, Move(E), NoOp, NoOp, NoOp, NoOp];0
[NoOp, Move(E), NoOp, NoOp, NoOp, NoOp];0
[NoOp, Move(E), NoOp, NoOp, NoOp, NoOp];0
[NoOp, Move(E), NoOp, NoOp, NoOp, NoOp];0
[NoOp, Move(E), NoOp, NoOp, NoOp, NoOp];0
[NoOp, Move(E), NoOp, NoOp, NoOp, NoOp];0
[NoOp, Move(E), NoOp, NoOp, NoOp, NoOp];0
[NoOp, Move(S), NoOp, NoOp, NoOp, NoOp];0
[NoOp, Move(S), NoOp, NoOp, NoOp, NoOp];0
[NoOp, Move(W), NoOp, NoOp, NoOp, NoOp];0
[NoOp, Move(S), NoOp, NoOp, NoOp, NoOp];0
[NoOp, Move(W), NoOp, NoOp, NoOp, NoOp];0
[NoOp, Move(S), NoOp, NoOp, NoOp, NoOp];0
[NoOp, Pull(N,W), NoOp, NoOp, NoOp, NoOp];0
[NoOp, Pull(E,W), NoOp, NoOp, NoOp, NoOp];0
[NoOp, Pull(E,W), NoOp, NoOp, NoOp, NoOp];0
[NoOp, Push(W,N), NoOp, NoOp, NoOp, NoOp];0
[NoOp, Push(N,E), NoOp, NoOp, NoOp, NoOp];0
[NoOp, Push(E,N), NoOp, NoOp, NoOp, NoOp];0
[NoOp, Push(N,N), NoOp, NoOp, NoOp, NoOp];0
[NoOp, Push(N,W), NoOp, NoOp, NoOp, NoOp];0
[NoOp, Push(W,W), NoOp, NoOp, NoOp, NoOp];0
[NoOp, Push(W,W), NoOp, NoOp, NoOp, NoOp];0
[NoOp, Push(W,W), NoOp, NoOp, NoOp, NoOp];0
[NoOp, Push(W,W), NoOp, NoOp, NoOp, NoOp];0
[NoOp, Push(W,W), NoOp, NoOp, NoOp, NoOp];0
[NoOp, Push(W,W), NoOp, NoOp, NoOp, NoOp];1
[NoOp, Push(W,W), NoOp, NoOp, NoOp, NoOp];0
[NoOp, Push(W,W), NoOp, NoOp, NoOp, NoOp];0
[NoOp, Push(W,W), NoOp, NoOp, NoOp, NoOp];0
[NoOp, Push(W,W), NoOp, NoOp, NoOp, NoOp];0
[NoOp, Push(W,S), NoOp, NoOp, NoOp, NoOp];0
[NoOp, Push(S,S), NoOp, NoOp, NoOp, NoOp];0
[NoOp, Push(S,S), NoOp, NoOp, NoOp, NoOp];0
[NoOp, Push(S,W), NoOp, NoOp, NoOp, NoOp];0
[NoOp, Push(W,W), NoOp, NoOp, NoOp, NoOp];0
[NoOp, Push(W,S), NoOp, NoOp, NoOp, NoOp];0
[NoOp, Push(S,W), NoOp, NoOp, NoOp, NoOp];0
[NoOp, Push(W,W), NoOp, NoOp, NoOp, NoOp];0
[NoOp, Push(W,W), NoOp, NoOp, NoOp, NoOp];0
[NoOp, Push(W,W), NoOp, NoOp, NoOp, NoOp];0
[NoOp, Push(W,S), NoOp, NoOp, NoOp, NoOp];0
[NoOp, Push(S,S), NoOp, NoOp, NoOp, NoOp];0
[NoOp, Push(S,E), NoOp, NoOp, NoOp, NoOp];0
[NoOp, Push(E,E), NoOp, NoOp, NoOp, NoOp];0
[NoOp, Push(E,E), NoOp, NoOp, NoOp, NoOp];0
[NoOp, Push(E,S), NoOp, NoOp, NoOp, NoOp];0
[NoOp, Push(S,E), NoOp, NoOp, NoOp, NoOp];0
[NoOp, Push(E,E), NoOp, NoOp, NoOp, NoOp];0
[NoOp, Push(E,E), NoOp, NoOp, NoOp, NoOp];0
[NoOp, Push(E,E), NoOp, NoOp, NoOp, NoOp];0
[NoOp, Push(E,E), NoOp, NoOp, NoOp, NoOp];0
[NoOp, Push(E,E), NoOp, NoOp, NoOp, NoOp];0
[NoOp, Push(E,N), NoOp, NoOp, NoOp, NoOp];0
[NoOp, Push(N,E), NoOp, NoOp, NoOp, NoOp];0
[NoOp, Push(E,E), NoOp, NoOp, NoOp, NoOp];0
[NoOp, Push(E,E), NoOp, NoOp, NoOp, NoOp];0
[NoOp, Push(E,E), NoOp, NoOp, NoOp, NoOp];0
[NoOp, Push(E,E), NoOp, NoOp, NoOp, NoOp];0
[NoOp, Push(E,E), NoOp, NoOp, NoOp, NoOp];0
[NoOp, Push(E,S), NoOp, NoOp, NoOp, NoOp];0
[NoOp, Push(S,E), NoOp, NoOp, NoOp, NoOp];0
[NoOp, Push(E,E), NoOp, NoOp, NoOp, NoOp];1
[NoOp, Push(E,E), NoOp, NoOp, NoOp, NoOp];0
[NoOp, Push(E,E), NoOp, NoOp, NoOp, NoOp];0
[NoOp, Push(E,E), NoOp, NoOp, NoOp, NoOp];0
[NoOp, Push(E,E), NoOp, NoOp, NoOp, NoOp];0
[NoOp, Push(E,E), NoOp, NoOp, NoOp, NoOp];0
[NoOp, Push(E,E), NoOp, NoOp, NoOp, NoOp];0
[NoOp, Push(E,E), NoOp, NoOp, NoOp, NoOp];0
[NoOp, Push(E,E), NoOp, NoOp, NoOp, NoOp];0
[NoOp, Push(E,E), NoOp, NoOp, NoOp, NoOp];0
[NoOp, NoOp, NoOp, NoOp, NoOp, Move(E)];71
[NoOp, NoOp, NoOp, NoOp, NoOp, Move(E)];0
[NoOp, NoOp, NoOp, NoOp, NoOp, Move(E)];0
[NoOp, NoOp, NoOp, NoOp, NoOp, Move(E)];0
[NoOp, NoOp, NoOp, NoOp, NoOp, Move(E)];0
[NoOp, NoOp, NoOp, NoOp, NoOp, Move(E)];0
[NoOp, NoOp, NoOp, NoOp, NoOp, Move(E)];0
[NoOp, NoOp, NoOp, NoOp, NoOp, Move(E)];0
[NoOp, NoOp, NoOp, NoOp, NoOp, Move(N)];0
[NoOp, Move(N), Move(W), NoOp, NoOp, NoOp];67
[NoOp, Move(W), Move(N), NoOp, NoOp, NoOp];0
[NoOp, Move(W), Move(W), NoOp, NoOp, NoOp];0
[NoOp, Move(W), Move(W), NoOp, NoOp, NoOp];0
[NoOp, Move(W), Move(W), NoOp, NoOp, NoOp];0
[NoOp, Move(W), Move(W), NoOp, NoOp, NoOp];0
[NoOp, Move(W), Move(W), NoOp, NoOp, NoOp];0
[NoOp, Move(W), Move(W), NoOp, NoOp, NoOp];0
[NoOp, Move(W), Move(W), NoOp, NoOp, NoOp];0
[NoOp, Move(W), Move(W), NoOp, NoOp, NoOp];0
[NoOp, Move(W), Move(W), NoOp, NoOp, NoOp];0
[NoOp, Move(W), Move(W), NoOp, NoOp, NoOp];0
[NoOp, Move(W), Move(W), NoOp, NoOp, NoOp];0
[NoOp, Move(W), Move(W), NoOp, NoOp, NoOp];0
[NoOp, Move(W), Move(W), NoOp, NoOp, NoOp];0
[NoOp, Move(W), Move(W), NoOp, NoOp, NoOp];0
[NoOp, Move(W), Move(W), NoOp, NoOp, NoOp];0
[NoOp, Move(W), Move(W), NoOp, NoOp, NoOp];0
[NoOp, Move(W), Move(W), NoOp, NoOp, NoOp];0
[NoOp, Move(W), Move(W), NoOp, NoOp, NoOp];0
[NoOp, Move(W), Move(W), NoOp, NoOp, NoOp];0
[NoOp, Move(W), Move(W), NoOp, NoOp, NoOp];0
[NoOp, Move(W), Move(W), NoOp, NoOp, NoOp];0
[NoOp, Move(W), Move(W), NoOp, NoOp, NoOp];0
[NoOp, Move(W), Move(W), NoOp, NoOp, NoOp];0
[NoOp, Move(W), Move(W), NoOp, NoOp, NoOp];0
[NoOp, Move(N), Move(W), NoOp, NoOp, NoOp];0
[NoOp, Move(N), Move(W), NoOp, NoOp, NoOp];0
[NoOp, Move(N), Move(W), NoOp, NoOp, NoOp];0
[NoOp, Move(E), Move(N), NoOp, NoOp, NoOp];0
[NoOp, Move(E), Move(N), NoOp, NoOp, NoOp];0
[NoOp, Move(E), Move(E), NoOp, NoOp, NoOp];0
[NoOp, Move(E), Move(E), NoOp, NoOp, NoOp];0
[NoOp, Move(N), Move(E), NoOp, NoOp, NoOp];0
[NoOp, Move(N), Move(E), NoOp, NoOp, NoOp];0
[NoOp, Move(N), Move(E), NoOp, NoOp, NoOp];0
[NoOp, Move(E), Move(N), NoOp, NoOp, NoOp];0
[NoOp, Move(E), Move(N), NoOp, NoOp, NoOp];0
[NoOp, Move(E), Move(N), NoOp, NoOp, NoOp];0
[NoOp, Move(E), Move(E), NoOp, NoOp, NoOp];0
[NoOp, Move(E), Move(N), NoOp, NoOp, NoOp];0
[NoOp, Move(E), Move(E), NoOp, NoOp, NoOp];0
[NoOp, Move(E), Move(E), NoOp, NoOp, NoOp];0
[NoOp, Move(E), Move(E), NoOp, NoOp, NoOp];0
[NoOp, Move(E), Move(E), NoOp, NoOp, NoOp];0
[NoOp, Move(E), Move(E), NoOp, NoOp, NoOp];0
[NoOp, Move(E), Move(E), NoOp, NoOp, NoOp];0
[NoOp, Move(E), Move(E), NoOp, NoOp, NoOp];0
[NoOp, Move(E), Move(E), NoOp, NoOp, NoOp];0
[NoOp, Move(S), Move(E), NoOp, NoOp, NoOp];0
[NoOp, Move(S), Move(E), NoOp, NoOp, NoOp];0
[NoOp, Move(W), Move(E), NoOp, NoOp, NoOp];0
[NoOp, Move(S), Move(E), NoOp, NoOp, NoOp];0
[NoOp, Move(W), Move(E), NoOp, NoOp, NoOp];0
[NoOp, Move(W), Move(E), NoOp, NoOp, NoOp];0
[NoOp, Move(S), Move(S), NoOp, NoOp, NoOp];0
[NoOp, Push(E,N), Move(S), NoOp, NoOp, NoOp];0
[NoOp, Push(N,E), Move(E), NoOp, NoOp, NoOp];0
[NoOp, Push(E,N), Move(E), NoOp, NoOp, NoOp];0
[NoOp, Push(N,E), Move(S), NoOp, NoOp, NoOp];0
[NoOp, Push(E,N), Move(S), NoOp, NoOp, NoOp];0
[NoOp, Push(N,N), Move(E), NoOp, NoOp, NoOp];0
[NoOp, Push(N,W), Push(N,W), NoOp, NoOp, NoOp];0
[NoOp, Push(W,W), Push(W,N), NoOp, NoOp, NoOp];0
[NoOp, Push(W,W), Push(N,W), NoOp, NoOp, NoOp];0
[NoOp, Push(W,W), Push(W,W), NoOp, NoOp, NoOp];0
[NoOp, Push(W,W), Push(W,W), NoOp, NoOp, NoOp];0
[NoOp, Push(W,W), Push(W,N), NoOp, NoOp, NoOp];0
[NoOp, Push(W,W), Push(N,W), NoOp, NoOp, NoOp];0
[NoOp, Push(W,W), Push(W,N), NoOp, NoOp, NoOp];0
[NoOp, Push(W,W), Push(N,W), NoOp, NoOp, NoOp];0
[NoOp, Push(W,W), Push(W,W), NoOp, NoOp, NoOp];0
[NoOp, Push(W,S), Push(W,W), NoOp, NoOp, NoOp];0
[NoOp, Push(S,W), Push(W,W), NoOp, NoOp, NoOp];0
[NoOp, Push(W,S), Push(W,W), NoOp, NoOp, NoOp];0
[NoOp, Push(S,W), Push(W,W), NoOp, NoOp, NoOp];0
[NoOp, Push(W,S), Push(W,W), NoOp, NoOp, NoOp];0
[NoOp, Push(S,S), Push(W,W), NoOp, NoOp, NoOp];0
[NoOp, Push(S,W), Push(W,W), NoOp, NoOp, NoOp];0
[NoOp, Push(W,W), Push(W,W), NoOp, NoOp, NoOp];0
[NoOp, Push(W,W), Push(W,W), NoOp, NoOp, NoOp];0
[NoOp, Push(W,W), Push(W,S), NoOp, NoOp, NoOp];0
[NoOp, Push(W,W), Push(S,S), NoOp, NoOp, NoOp];0
[NoOp, Push(W,S), Push(S,W), NoOp, NoOp, NoOp];0
[NoOp, Push(S,S), Push(W,S), NoOp, NoOp, NoOp];0
[NoOp, Push(S,S), Push(S,W), NoOp, NoOp, NoOp];0
[NoOp, Push(S,E), Push(W,S), NoOp, NoOp, NoOp];0
[NoOp, Push(E,E), Push(S,W), NoOp, NoOp, NoOp];0
[NoOp, Push(E,E), Push(W,W), NoOp, NoOp, NoOp];0
[NoOp, Push(E,E), Push(W,W), NoOp, NoOp, NoOp];0
[NoOp, Push(E,E), Push(W,W), NoOp, NoOp, NoOp];0
[NoOp, Push(E,E), Push(W,W), NoOp, NoOp, NoOp];0
[NoOp, Push(E,E), Push(W,S), NoOp, NoOp, NoOp];0
[NoOp, Push(E,E), Push(S,S), NoOp, NoOp, NoOp];0
[NoOp, Push(E,E), Push(S,E), NoOp, NoOp, NoOp];0
[NoOp, Push(E,N), Push(E,S), NoOp, NoOp, NoOp];0
[NoOp, Push(N,E), Push(S,E), NoOp, NoOp, NoOp];0
[NoOp, Push(E,E), Push(E,E), NoOp, NoOp, NoOp];0
[NoOp, Push(E,E), Push(E,E), NoOp, NoOp, NoOp];1
[NoOp, Push(E,E), Push(E,E), NoOp, NoOp, NoOp];0
[NoOp, Push(E,E), Push(E,E), NoOp, NoOp, NoOp];0
[NoOp, Push(E,E), Push(E,E), NoOp, NoOp, NoOp];0
[NoOp, Push(E,E), Push(E,E), NoOp, NoOp, NoOp];0
[NoOp, Push(E,S), Push(E,E), NoOp, NoOp, NoOp];0
[NoOp, Push(S,E), Push(E,N), NoOp, NoOp, NoOp];0
[NoOp, Push(E,E), Push(N,E), NoOp, NoOp, NoOp];0
[NoOp, Push(E,E), Push(E,E), NoOp, NoOp, NoOp];0
[NoOp, Push(E,E), Push(E,E), NoOp, NoOp, NoOp];0
[NoOp, Push(E,E), Push(E,E), NoOp, NoOp, NoOp];0
[NoOp, Push(E,E), Push(E,E), NoOp, NoOp, NoOp];0
[NoOp, Push(E,E), Push(E,E), NoOp, NoOp, NoOp];0
[NoOp, Push(E,E), Push(E,E), NoOp, NoOp, NoOp];0
[NoOp, Push(E,E), Push(E,S), NoOp, NoOp, NoOp];0
[NoOp, Push(E,N), Push(S,E), NoOp, NoOp, NoOp];0
[NoOp, Push(N,E), Push(E,E), NoOp, NoOp, NoOp];0
[NoOp, Push(E,E), Push(E,E), NoOp, NoOp, NoOp];0
[NoOp, Push(E,E), Push(E,E), NoOp, NoOp, NoOp];0
[NoOp, Push(E,S), Push(E,E), NoOp, NoOp, NoOp];0
[NoOp, NoOp, Push(E,E), NoOp, NoOp, NoOp];0
[NoOp, NoOp, Push(E,E), NoOp, NoOp, NoOp];0
[NoOp, NoOp, Push(E,E), NoOp, NoOp, NoOp];0
[NoOp, NoOp, Push(E,E), NoOp, NoOp, NoOp];0
[NoOp, NoOp, Push(E,N), NoOp, NoOp, NoOp];0
[NoOp, NoOp, Push(N,E), NoOp, NoOp, NoOp];0
[NoOp, NoOp, Push(E,E), NoOp, NoOp, NoOp];0
[NoOp, NoOp, Push(E,S), NoOp, NoOp, NoOp];0
[NoOp, NoOp, NoOp, NoOp, Move(E), NoOp];14
[NoOp, NoOp, NoOp, NoOp, Move(N), NoOp];0
[NoOp, NoOp, NoOp, NoOp, Move(E), NoOp];0
[NoOp, NoOp, NoOp, NoOp, Move(E), NoOp];0
[NoOp, NoOp, NoOp, NoOp, Move(N), NoOp];0
[NoOp, NoOp, NoOp, NoOp, Move(E), NoOp];0
[NoOp, NoOp, NoOp, NoOp, Move(N), NoOp];0
[NoOp, NoOp, NoOp, NoOp, Move(N), NoOp];0
[NoOp, NoOp, NoOp, NoOp, Move(N), NoOp];0
[NoOp, NoOp, NoOp, NoOp, Move(N), NoOp];0
[NoOp, NoOp, NoOp, NoOp, Move(W), NoOp];0
[NoOp, NoOp, NoOp, Move(S), NoOp, NoOp];0
[NoOp, NoOp, NoOp, Move(S), NoOp, NoOp];0
[NoOp, NoOp, NoOp, Move(S), NoOp, NoOp];0
[NoOp, NoOp, NoOp, Move(S), NoOp, NoOp];0
[NoOp, NoOp, NoOp, Move(S), NoOp, NoOp];0
[NoOp, NoOp, NoOp, Move(W), NoOp, NoOp];0
[NoOp, NoOp, NoOp, Move(S), NoOp, NoOp];0
[NoOp, NoOp, NoOp, Move(W), NoOp, NoOp];0
[NoOp, NoOp, NoOp, Move(W), NoOp, NoOp];0
[NoOp, NoOp, NoOp, Move(W), NoOp, NoOp];0
[NoOp, Move(N), Move(W), NoOp, NoOp, NoOp];5
[NoOp, NoOp, NoOp, NoOp, NoOp, Move(E)];5
[NoOp, NoOp, Move(W), NoOp, NoOp, NoOp];7
[NoOp, NoOp, Move(W), NoOp, NoOp, NoOp];4
[NoOp, NoOp, NoOp, NoOp, NoOp, Move(S)];7
[NoOp, NoOp, Move(W), NoOp, NoOp, NoOp];6
[NoOp, NoOp, NoOp, NoOp, NoOp, Move(N)];3
[NoOp, NoOp, NoOp, NoOp, Move(E), NoOp];4
[NoOp, NoOp, NoOp, NoOp, Move(N), NoOp];0
[NoOp, NoOp, NoOp, NoOp, Move(S), NoOp];0
[NoOp, NoOp, NoOp, NoOp, Move(E), NoOp];1
[NoOp, NoOp, NoOp, NoOp, Push(N,W), NoOp];0
[NoOp, NoOp, NoOp, NoOp, Push(W,S), NoOp];0
[NoOp, NoOp, NoOp, NoOp, Push(S,S), NoOp];0
[NoOp, NoOp, NoOp, NoOp, Push(S,S), NoOp];0
[NoOp, NoOp, NoOp, NoOp, Push(S,S), NoOp];0
[NoOp, NoOp, NoOp, NoOp, Push(S,S), NoOp];0
[NoOp, NoOp, NoOp, NoOp, Push(S,S), NoOp];0
[NoOp, NoOp, NoOp, NoOp, Push(S,W), NoOp];0
[NoOp, NoOp, NoOp, NoOp, Push(W,W), NoOp];0
[NoOp, NoOp, NoOp, NoOp, Push(W,S), NoOp];0
[NoOp, NoOp, NoOp, NoOp, Push(S,W), NoOp];0
[NoOp, NoOp, NoOp, NoOp, Push(W,W), NoOp];0
[NoOp, NoOp, NoOp, NoOp, Push(W,W), NoOp];0
[NoOp, NoOp, NoOp, NoOp, Push(W,W), NoOp];0
[NoOp, NoOp, NoOp, NoOp, Push(W,W), NoOp];0
[NoOp, NoOp, NoOp, NoOp, Push(W,W), NoOp];0
[NoOp, NoOp, NoOp, NoOp, Push(W,W), NoOp];0
[NoOp, NoOp, NoOp, NoOp, Push(W,S), NoOp];0
[NoOp, NoOp, NoOp, NoOp, Push(S,W), NoOp];0
[NoOp, NoOp, NoOp, NoOp, Push(W,W), NoOp];0
[NoOp, NoOp, NoOp, NoOp, Push(W,W), NoOp];1
[NoOp, NoOp, NoOp, NoOp, Push(W,W), NoOp];0
[NoOp, NoOp, NoOp, NoOp, Push(W,W), NoOp];0
[NoOp, NoOp, NoOp, NoOp, Push(W,W), NoOp];0
[NoOp, NoOp, NoOp, NoOp, Push(W,W), NoOp];0
[NoOp, NoOp, NoOp, NoOp, Push(W,W), NoOp];0
[NoOp, NoOp, NoOp, NoOp, Push(W,W), NoOp];0
40e1e349a72d054ec7c7a8205dbb584d0588a050
successful
6163
1858
5a5f73847a1556dc11183e29a6cca9e405f16b7f
1495032700372
