+++++++++++++++++++++++++++++++++++
++++++ ++++++++++++++++         +++
+c    c +++++BOX+++++++ +++++++ +++
+ ++++ ++++++++++++++++ +++++++ +++
+ ++++++++++BUNNY++++++ +++++     +
+ +++++++++++++++++++++ +++++Z+ +z+
+  CC  + ++++++++++++++ +++++Y+ +y+
+ ++++++ ++++++++++++++ +++++X+ +x+
+      B    AAA0   ++++ +++++V+ +v+
+ ++ +++++++++++++ ++++ +++++A+ +a+
+  +b+TOP+FUNNY+++ ++++ +++++B+ +b+
+  +++++++++++++++ ++++ +++++C+ +c+
+  +++++ +++++++++ ++++ +++++E+ +e+
+  +B+             ++++ +++++F+ +f+
+  ++++++++++++++++++++ +++++G+ +g+
+                ++++++ +++++H+ +h+
+++++++++++++            ++++I+ +i+
++++++++++++              +++J+ +j+
+++++++++++                ++K+ +k+
++++++++++DDD++++++++++++++++L+ +l+
+++++++++DDD+++++++++++++++++M+ +m+
++++++++DDD++  +  +++++++++++N+ +n+
+++++++DDD+++  +  +++++ + +++O+ +o+
++++++DDDD++CUT+POW++ +++++ +P+ +p+
+++++DDDD++         ++ +++ ++Q+ +q+
++++DDDD++++       ++++ + +++R+ +r+
+++DDDD++++++ HAD ++++++ ++++S+ +s+
++DDDD++++++++   ++++++++++++T+ +t+
+ DDDDDDDDDDDD   whatupdoc ++U+ +u+
+++++++++++++++++++++++++++++++++++

[Pull(E,W)];5330
[Pull(E,W)];0
[Pull(E,W)];1
[Pull(S,W)];0
[Pull(S,N)];0
[Pull(S,N)];0
[Pull(S,N)];0
[Pull(S,N)];0
[Pull(W,N)];0
[Pull(W,E)];0
[Pull(W,E)];0
[Pull(W,E)];0
[Pull(W,E)];0
[Pull(W,E)];0
[Pull(W,E)];0
[Pull(W,E)];0
[Pull(W,E)];0
[Pull(W,E)];0
[Pull(N,E)];0
[Push(S,W)];0
[Push(W,W)];0
[Move(E)];0
[Move(E)];0
[Move(E)];0
[Move(E)];0
[Move(E)];0
[Move(E)];0
[Move(E)];0
[Move(E)];0
[Move(E)];0
[Move(E)];0
[Move(E)];0
[Move(N)];0
[Move(N)];0
[Move(N)];0
[Move(N)];0
[Move(N)];0
[Move(W)];0
[Move(W)];0
[Move(W)];1
[Move(W)];0
[Pull(E,W)];0
[Pull(E,W)];0
[Pull(E,W)];0
[Pull(E,W)];0
[Pull(S,W)];0
[Pull(S,N)];0
[Pull(S,N)];0
[Pull(S,N)];0
[Pull(S,N)];0
[Pull(W,N)];0
[Pull(W,E)];0
[Pull(W,E)];0
[Pull(W,E)];1
[Pull(W,E)];0
[Pull(W,E)];0
[Pull(W,E)];0
[Pull(W,E)];0
[Pull(W,E)];0
[Pull(W,E)];0
[Pull(N,E)];0
[Push(S,W)];0
[Move(E)];0
[Move(E)];1
[Move(E)];0
[Move(E)];0
[Move(E)];0
[Move(E)];0
[Move(E)];0
[Move(E)];0
[Move(E)];0
[Move(E)];0
[Move(N)];0
[Move(N)];0
[Move(N)];0
[Move(N)];0
[Move(N)];0
[Move(W)];0
[Move(W)];1
[Move(W)];0
[Move(W)];0
[Move(W)];0
[Push(W,W)];0
[Push(W,W)];0
[Push(W,W)];0
[Push(W,W)];0
[Push(W,N)];0
[Push(W,W)];0
[Push(W,W)];0
[Push(W,W)];1
[Push(W,S)];0
[Push(S,S)];0
[Move(N)];25
[Move(W)];0
[Move(W)];0
[Move(W)];0
[Move(N)];0
[Move(N)];0
[Move(E)];0
[Pull(W,E)];0
[Pull(S,E)];0
[Push(N,N)];0
[Push(N,N)];0
[Push(N,N)];0
[Push(N,N)];1
[Push(N,E)];0
[Push(E,E)];0
[Push(E,E)];0
[Push(E,E)];0
[Push(E,E)];0
2c8aba0d25fcd783286ace420d7afa34a199e10f
unsuccessful
5362
110
5812dd8e7f4d3fc08274f7254e4dcc2381ef609e
1495032709602
