++++++
+++w++
++bc++
+edih+
+++KL+++++++++++++++++++++++++++++++++++++++
+0                                   WWuzx++
+      B   H ++    +  +++ +          WWvty++
+  IJ   C  ++D         +++E          +++++++
+U       ++       ++++++++++++++++++++++++++
+Z+    ++         kwwlj    w     VTY++++++++
+X+   ++          ++++++++++++++++++++++++++
++++++++++++++++++++++++++++++++++++++++++++

[Move(E)];561
[Move(E)];0
[Move(E)];0
[Move(E)];0
[Move(S)];0
[Move(E)];0
[Push(E,N)];0
[Push(N,W)];0
[Push(W,W)];0
[Push(W,W)];0
[Push(W,W)];0
[Push(N,N)];0
[Pull(S,W)];0
[Push(W,N)];0
[Push(N,N)];0
[Push(N,N)];0
[Push(N,W)];0
[Move(S)];9
[Move(S)];0
[Move(S)];0
[Move(E)];0
[Move(E)];0
[Move(S)];0
[Move(E)];0
[Move(E)];0
[Move(E)];0
[Move(E)];0
[Move(E)];0
[Pull(W,E)];1
[Pull(W,E)];0
[Push(E,N)];0
[Push(N,W)];0
[Push(W,W)];0
[Push(W,W)];0
[Push(W,W)];0
[Push(W,W)];0
[Push(W,W)];0
[Push(W,N)];0
[Push(N,N)];0
[Push(E,S)];0
[Pull(W,N)];0
[Push(N,E)];1
[Move(S)];106
[Move(S)];0
[Move(W)];0
[Move(W)];0
[Move(S)];0
[Move(S)];0
[Push(S,E)];0
[Push(E,E)];0
[Move(W)];0
[Pull(N,S)];0
[Push(S,E)];0
[Move(S)];0
[Pull(N,S)];0
[Pull(N,S)];0
[Pull(N,S)];0
[Pull(E,S)];0
[Pull(N,W)];0
[Push(S,E)];0
[Push(E,E)];0
[Push(E,E)];0
[Push(E,N)];0
[Push(N,E)];0
[Push(E,E)];0
[Push(E,E)];0
[Push(E,E)];0
[Push(E,E)];0
[Push(E,E)];0
[Push(E,E)];0
[Push(E,E)];0
[Push(E,E)];0
[Push(E,E)];0
[Push(E,E)];0
[Push(E,E)];0
[Push(E,E)];0
[Push(E,E)];0
[Push(E,E)];0
[Push(E,E)];0
[Push(E,E)];0
[Push(E,E)];0
[Push(E,E)];0
[Push(E,E)];0
[Push(E,E)];0
[Push(E,E)];0
[Push(E,E)];0
[Push(E,E)];0
[Push(E,E)];0
[Push(E,E)];0
[Push(E,E)];0
[Push(E,E)];0
[Push(E,E)];0
[Push(E,E)];1
[Push(E,S)];0
[Push(S,E)];0
[Push(E,N)];0
[Pull(W,E)];0
[Push(E,S)];0
[Move(E)];0
[Pull(W,N)];0
[Push(N,E)];0
[Move(S)];0
[Pull(N,E)];1
[Push(S,W)];0
[Move(E)];0
[Pull(W,E)];0
[Pull(N,E)];0
[Push(E,S)];0
[Push(S,E)];0
[Push(E,E)];0
[Push(E,N)];0
[Push(N,E)];0
[Push(E,E)];0
[Move(W)];9
[Push(W,W)];1
[Push(W,W)];0
[Push(W,W)];0
[Push(W,W)];0
[Push(W,W)];0
[Push(W,W)];0
[Push(W,W)];0
[Push(W,W)];0
[Push(W,W)];1
[Push(W,W)];0
[Push(W,W)];0
[Push(W,W)];0
[Push(W,W)];0
[Push(W,W)];0
[Push(W,W)];0
[Push(W,W)];0
[Push(W,W)];0
[Push(W,W)];0
[Push(W,W)];0
[Push(W,W)];0
[Push(W,W)];0
[Push(W,S)];0
[Push(S,S)];0
[Push(S,S)];0
[Push(S,S)];0
[Push(S,E)];0
[Push(E,E)];0
[Push(E,E)];0
[Push(E,E)];1
[Push(E,E)];0
[Push(E,E)];0
[Push(E,E)];0
[Push(E,E)];0
[Push(E,E)];0
[Push(E,E)];0
3bc1a6d74250a934626deadcecc2182d8037bc56
unsuccessful
692
149
59406eeeba9e24567bf4c01ecd6db226f38c5043
1495033191969
