red: 0,A,E
green: 1,B
cyan: 2,C,D
+++++++++++++++++++++++++++++++++
+0    +               1         +
+ + + +++++++++++++++++++ + + + +
+ a B +         c   +   b     A +
+ + + + +++++++++++++++++ + + + +
+             2C                +
+++ +++++++++++++++++++++++++ +++
+++             Dd            +++
+++ +++++++++++++++++++++++++ +++
+++             eE            +++
+++ +++++++++++++++++++++++++ +++
+++             Bb            +++
+++ +++++++++++++++++++++++++ +++
+++             Bb            +++
+++ +++++++++++++++++++++++++ +++
+++             Bb            +++
+++++++++++++++++++++++++++++++++

[Move(E), Move(E), Pull(W,E)];837
[Move(E), Move(E), Pull(W,E)];5
[Move(S), Move(E), Pull(W,E)];4
[Move(S), Move(E), Pull(W,E)];2
[Move(S), Move(E), Pull(W,E)];1
[Move(S), Move(S), Pull(W,E)];2
[Move(S), Move(S), Pull(W,E)];2
[Move(S), Move(S), Pull(W,E)];1
[Move(S), Move(S), Push(E,N)];1
[Move(S), Move(E), Push(N,N)];1
[Move(E), Move(E), Push(N,E)];1
[Move(E), Move(S), Push(E,E)];4
[Move(E), Move(S), Push(E,E)];3
[Move(E), Move(S), Push(E,E)];1
[Move(E), Move(S), Push(E,E)];1
[Move(E), Move(S), Push(E,E)];1
[Move(E), Move(S), Push(E,E)];1
[Move(E), Move(S), Push(E,E)];1
[Move(E), Move(S), Push(E,E)];1
[Move(E), Move(S), Move(W)];25
[Move(E), Move(S), Move(W)];3
[Move(E), Move(W), Move(W)];5
[Move(E), Move(W), Move(W)];22
[Push(E,E), Move(W), Move(W)];2
[Push(E,E), Move(W), Move(W)];1
[Push(E,E), Move(W), Move(W)];1
[Push(E,E), Move(W), Move(W)];1
[Push(E,E), Move(W), Move(S)];2
[Push(E,E), Move(W), Move(S)];2
[Push(E,E), Move(W), Move(W)];1
[Push(E,E), Move(W), Move(W)];2
[Push(E,E), Move(W), Move(W)];7
[Push(E,E), Move(W), Move(W)];1
[Push(E,E), Pull(E,W), Move(S)];5
[Push(E,E), Move(E), Move(S)];56
[Push(E,S), Move(E), Move(E)];2
[Move(N), Move(E), Move(E)];2
[Move(N), Move(E), Move(E)];1
[Move(N), Move(E), Move(E)];1
[Move(N), Move(E), Move(E)];1
[Move(N), Move(E), Move(E)];2
[Move(N), Move(E), Move(E)];1
[Pull(W,E), Move(E), Move(E)];99
[Push(E,S), Move(E), Move(E)];2
[Push(S,S), Move(E), Move(E)];2
[Push(S,W), Move(N), Move(E)];2
[Push(W,W), Move(N), Move(E)];1
[Push(W,W), Move(N), Push(E,E)];2
[Push(W,W), Move(N), NoOp];1
[Push(W,W), Move(W), NoOp];4
[Push(W,W), Move(W), NoOp];2
[Push(W,W), Move(W), NoOp];1
[Push(W,W), Move(W), NoOp];2
[Push(W,W), Move(W), NoOp];1
[Push(W,W), Move(W), NoOp];1
[Push(W,W), Move(W), NoOp];1
[Push(W,W), Move(W), NoOp];2
[Push(W,W), Move(W), NoOp];2
[Push(W,W), Move(W), NoOp];1
[Push(W,W), Move(W), NoOp];1
[Push(W,W), Move(W), NoOp];0
[Push(W,W), Pull(E,W), NoOp];281959
[Push(W,W), Move(E), NoOp];0
[Push(W,W), Move(E), NoOp];0
[Push(W,W), Move(E), NoOp];0
[Push(W,W), Move(E), NoOp];0
[Push(W,W), Move(E), NoOp];1
[Push(W,W), Move(E), NoOp];0
[Push(W,W), Move(E), NoOp];0
[Push(W,W), Move(E), NoOp];0
[Push(W,W), Move(E), NoOp];0
[Push(W,N), Move(E), NoOp];0
[Push(N,N), Move(E), NoOp];0
[Push(N,W), Move(S), NoOp];1
[Move(S), Move(S), NoOp];21
[Move(S), Move(W), NoOp];0
[Move(E), Move(W), NoOp];1
[Move(E), Move(W), NoOp];0
[Move(E), Move(W), NoOp];1
[Move(E), Move(W), NoOp];0
[Move(E), Move(W), NoOp];1
[Move(E), Move(W), NoOp];0
[Move(E), Move(W), NoOp];0
[Move(E), Move(W), NoOp];1
[Move(E), Move(W), NoOp];1
[Move(E), Move(W), NoOp];1
[Move(E), Move(W), NoOp];2
[Move(E), Pull(E,W), NoOp];1
[Move(E), Move(E), NoOp];1
[Move(E), Move(E), NoOp];1
[Move(E), Move(E), NoOp];1
[Move(E), Move(E), NoOp];1
[Move(E), Move(E), NoOp];1
[Move(E), Move(E), NoOp];1
[Move(E), Move(E), NoOp];0
[Move(E), Move(E), NoOp];0
[Move(E), Move(E), NoOp];1
[Move(E), Move(E), NoOp];0
[Move(E), Move(E), NoOp];1
[Move(E), Move(N), NoOp];0
[Move(E), Move(N), NoOp];1
[Move(E), Move(W), NoOp];3
[Move(S), Move(W), NoOp];1
[Move(S), Move(W), NoOp];2
[Move(S), Move(W), NoOp];1
[Move(S), Move(W), NoOp];1
[Pull(N,S), Move(W), NoOp];8
[Push(S,W), Move(W), NoOp];0
[Push(W,W), Move(W), NoOp];0
[Push(W,W), Move(W), NoOp];1
[Push(W,W), Move(W), NoOp];1
[Push(W,W), Move(W), NoOp];0
[Push(W,W), Pull(E,W), NoOp];0
[Push(W,W), Pull(E,W), NoOp];0
[Push(W,W), Pull(E,W), NoOp];1
[Push(W,W), Pull(E,W), NoOp];1
[Push(W,W), Pull(E,W), NoOp];0
[Push(W,W), Pull(E,W), NoOp];0
[Push(W,W), Pull(E,W), NoOp];0
[Push(W,W), Pull(E,W), NoOp];0
[NoOp, Pull(E,W), NoOp];0
[NoOp, Pull(E,W), NoOp];2
[NoOp, Pull(E,W), NoOp];2
[NoOp, Pull(S,W), NoOp];1
[NoOp, Pull(S,N), NoOp];0
[NoOp, Pull(W,N), NoOp];1
[NoOp, Push(E,S), NoOp];1
[NoOp, Pull(N,S), NoOp];3
[NoOp, Pull(N,S), NoOp];1
[NoOp, Pull(W,S), NoOp];2
[NoOp, Pull(W,E), NoOp];0
[NoOp, Pull(W,E), NoOp];0
[NoOp, Pull(W,E), NoOp];0
[NoOp, Pull(W,E), NoOp];1
[NoOp, Pull(W,E), NoOp];1
[NoOp, Pull(W,E), NoOp];1
[NoOp, Pull(W,E), NoOp];1
[NoOp, Pull(W,E), NoOp];1
[NoOp, Pull(W,E), NoOp];1
[NoOp, Pull(W,E), NoOp];1
[NoOp, Pull(W,E), NoOp];0
[NoOp, Pull(W,E), NoOp];0
[NoOp, Move(W), NoOp];0
[NoOp, Move(W), NoOp];1
[NoOp, Move(W), NoOp];1
[NoOp, Move(W), NoOp];0
[NoOp, Move(W), NoOp];1
[NoOp, Move(W), NoOp];0
[NoOp, Move(W), NoOp];0
[NoOp, Move(W), NoOp];1
[NoOp, Move(W), NoOp];0
[NoOp, Move(W), NoOp];1
[NoOp, Move(W), NoOp];0
[NoOp, Move(W), NoOp];1
[NoOp, Move(W), NoOp];1
[NoOp, Move(N), NoOp];0
[NoOp, Move(N), NoOp];1
[NoOp, Move(N), NoOp];0
[NoOp, Move(N), NoOp];0
[NoOp, Move(N), NoOp];1
[NoOp, Move(N), NoOp];0
[NoOp, Move(E), NoOp];1
[NoOp, Move(E), NoOp];0
[NoOp, Move(N), NoOp];0
[NoOp, Move(N), NoOp];1
[NoOp, Pull(S,W), NoOp];1
[NoOp, Pull(S,N), NoOp];0
[NoOp, Pull(W,N), NoOp];1
[NoOp, Pull(W,E), NoOp];0
[NoOp, Pull(S,E), NoOp];0
[NoOp, Pull(S,N), NoOp];0
[NoOp, Pull(S,N), NoOp];0
[NoOp, Pull(S,N), NoOp];0
[NoOp, Pull(E,N), NoOp];2
[NoOp, Pull(E,W), NoOp];1
[NoOp, Pull(E,W), NoOp];1
[NoOp, Pull(E,W), NoOp];0
[NoOp, Pull(E,W), NoOp];0
[NoOp, Pull(E,W), NoOp];2
[NoOp, Pull(E,W), NoOp];1
[NoOp, Pull(E,W), NoOp];1
[NoOp, Pull(E,W), NoOp];1
[NoOp, Pull(E,W), NoOp];1
[NoOp, Pull(E,W), NoOp];1
[NoOp, Pull(E,W), NoOp];1
[NoOp, Pull(E,W), NoOp];0
[NoOp, Pull(E,W), NoOp];1
[NoOp, Pull(E,W), NoOp];1
[NoOp, Pull(E,W), NoOp];1
[NoOp, Pull(E,W), NoOp];0
[NoOp, Pull(E,W), NoOp];0
[NoOp, Pull(E,W), NoOp];1
[NoOp, Pull(E,W), NoOp];1
[NoOp, Pull(E,W), NoOp];2
[NoOp, Pull(E,W), NoOp];1
[NoOp, Pull(E,W), NoOp];3
[NoOp, Pull(E,W), NoOp];1
[NoOp, Pull(E,W), NoOp];1
[NoOp, Pull(E,W), NoOp];1
[NoOp, Pull(N,W), NoOp];0
[NoOp, Pull(N,S), NoOp];0
[NoOp, Pull(W,S), NoOp];0
[NoOp, Push(E,N), NoOp];11
[NoOp, Push(N,N), NoOp];1
[NoOp, Push(N,N), NoOp];3
[NoOp, Pull(W,N), NoOp];2
[NoOp, Pull(W,E), NoOp];2
[NoOp, Pull(W,E), NoOp];1
[NoOp, Pull(W,E), NoOp];1
[NoOp, Pull(W,E), NoOp];1
[NoOp, Push(E,N), NoOp];0
[NoOp, Push(N,N), NoOp];4
[NoOp, Push(N,W), NoOp];1
[NoOp, Move(S), NoOp];1
[NoOp, Move(S), NoOp];1
[NoOp, Move(E), NoOp];2
[NoOp, Move(E), NoOp];1
[NoOp, Move(E), NoOp];1
[NoOp, Move(E), NoOp];1
[NoOp, Move(S), NoOp];1
[NoOp, Move(S), NoOp];1
[NoOp, Move(S), NoOp];1
[NoOp, Move(S), NoOp];1
[NoOp, Move(W), NoOp];1
[NoOp, Move(W), NoOp];0
[NoOp, Move(W), NoOp];1
[NoOp, Move(W), NoOp];1
[NoOp, Move(W), NoOp];0
[NoOp, Move(W), NoOp];0
[NoOp, Move(W), NoOp];1
[NoOp, Move(W), NoOp];1
[NoOp, Move(W), NoOp];1
[NoOp, Move(W), NoOp];0
[NoOp, Move(W), NoOp];0
[NoOp, Move(W), NoOp];1
[NoOp, Move(W), NoOp];3
[NoOp, Move(W), NoOp];0
[NoOp, Move(W), NoOp];1
[NoOp, Move(W), NoOp];1
[NoOp, Move(W), NoOp];0
[NoOp, Move(W), NoOp];1
[NoOp, Move(W), NoOp];1
[NoOp, Move(W), NoOp];1
[NoOp, Move(W), NoOp];1
[NoOp, Move(W), NoOp];4
[NoOp, Move(W), NoOp];2
[NoOp, Move(W), NoOp];1
[NoOp, Move(W), NoOp];2
[NoOp, Move(W), NoOp];2
[NoOp, Move(S), NoOp];1
[NoOp, Move(S), NoOp];5
[NoOp, Move(E), NoOp];1
[NoOp, Move(E), NoOp];1
[NoOp, Move(E), NoOp];1
[NoOp, Move(E), NoOp];1
[NoOp, Move(E), NoOp];8
[NoOp, Move(E), NoOp];6
[NoOp, Move(E), NoOp];0
[NoOp, Move(E), NoOp];1
[NoOp, Move(E), NoOp];0
[NoOp, Move(E), NoOp];1
[NoOp, Move(E), NoOp];1
[NoOp, Move(E), NoOp];0
[NoOp, Move(E), NoOp];1
[NoOp, Pull(W,E), NoOp];1
[NoOp, Pull(W,E), NoOp];0
[NoOp, Pull(W,E), NoOp];0
[NoOp, Pull(W,E), NoOp];1
[NoOp, Pull(W,E), NoOp];5
[NoOp, Pull(W,E), NoOp];6
[NoOp, Pull(W,E), NoOp];1
[NoOp, Pull(W,E), NoOp];1
[NoOp, Pull(W,E), NoOp];0
[NoOp, Pull(W,E), NoOp];1
[NoOp, Pull(W,E), NoOp];1
[NoOp, Pull(W,E), NoOp];2
[NoOp, Pull(W,E), NoOp];2
[NoOp, Pull(S,E), NoOp];1
[NoOp, Push(N,N), NoOp];1
[NoOp, Push(N,N), NoOp];1
[NoOp, Push(N,N), NoOp];1
[NoOp, Pull(E,N), NoOp];1
[NoOp, Pull(E,W), NoOp];1
[NoOp, Pull(E,W), NoOp];2
[NoOp, Pull(E,W), NoOp];0
[NoOp, Pull(E,W), NoOp];1
[NoOp, Pull(E,W), NoOp];2
[NoOp, Pull(E,W), NoOp];0
[NoOp, Pull(E,W), NoOp];0
[NoOp, Pull(E,W), NoOp];1
[NoOp, Pull(E,W), NoOp];0
[NoOp, Pull(E,W), NoOp];0
[NoOp, Pull(E,W), NoOp];1
[NoOp, Pull(E,W), NoOp];0
[NoOp, Pull(E,W), NoOp];0
[NoOp, Pull(E,W), NoOp];1
[NoOp, Pull(E,W), NoOp];1
[NoOp, Pull(E,W), NoOp];1
[NoOp, Pull(E,W), NoOp];0
[NoOp, Pull(E,W), NoOp];0
[NoOp, Pull(E,W), NoOp];1
[NoOp, Pull(E,W), NoOp];1
[NoOp, Pull(E,W), NoOp];0
[NoOp, Pull(E,W), NoOp];0
[NoOp, Pull(E,W), NoOp];1
[NoOp, Pull(E,W), NoOp];0
[NoOp, Pull(E,W), NoOp];1
[NoOp, Pull(N,W), NoOp];1
[NoOp, Pull(N,S), NoOp];0
[NoOp, Pull(N,S), NoOp];0
[NoOp, Pull(N,S), NoOp];1
[NoOp, Pull(N,S), NoOp];0
[NoOp, Push(S,W), NoOp];0
[NoOp, Push(W,W), NoOp];1
[NoOp, Push(W,N), NoOp];0
[NoOp, Push(N,N), NoOp];0
[NoOp, Push(N,W), NoOp];1
[NoOp, Push(W,W), NoOp];1
[NoOp, Push(W,N), NoOp];1
[NoOp, Push(W,W), NoOp];1
[NoOp, Move(E), NoOp];0
[NoOp, Pull(S,N), NoOp];1
[NoOp, Push(N,W), NoOp];0
328dd3d80fc500db0cccdbf10bf522e688f35675
unsuccessful
283364
323
f97233410b8962fcdde61d9c198af96f41432f39
1495029273199
