blue: 0,A,E,J,K,L,F,B,C,D,G,N,H,I,M
+++++++++++++++++++++++++
+  G                A g +
+ b H         h       B +
+  I     a++++      C i +
+         ++++          +
+ d J     ++++    0 D j +
+  K     c++++k      E  +
+ f L    e++++      F l +
+                       +
+  M                 N  +
+  +++++++++++++++++++  +
+          mn           +
+++++++++++++++++++++++++

[Move(S)];360
[Move(S)];1
[Move(S)];1
[Move(S)];1
[Move(W)];1
[Move(W)];0
[Move(W)];0
[Move(W)];1
[Move(W)];1
[Move(W)];1
[Move(W)];1
[Move(W)];1
[Move(W)];1
[Move(W)];0
[Move(W)];0
[Move(W)];1
[Move(W)];1
[Move(W)];1
[Push(W,W)];29
[Push(W,S)];1
[Push(S,S)];1
[Push(S,E)];0
[Push(E,E)];0
[Push(E,E)];1
[Push(E,E)];1
[Push(E,E)];1
[Push(E,E)];0
[Push(E,E)];0
[Push(E,E)];1
[Push(E,E)];1
f7f9caa007f871dec8a4733d5a901a67eaf8ffd4
unsuccessful
409
30
4d02454a10c0e98be1e5e5520c6c1bbdd7720463
1495032083879
