++++++++++++++++++++++++++
+0                     aA+
++++++++++  ++++++++++ +++
+           +C  dc   + +b+
+        +  +        + + +
+        +  +        + + +
+        +  +        + + +
+E       +  +        + + +
+        +  +        + + +
+        +  +       D+ + +
+B       +  +        + + +
+        +  +        + + +
+        +  +          + +
+                   ++++ +
+        +          +  + +
+                   +  + +
+        +  + + + + ++++ +
+e      E+              B+
++++++++++++++++++++++++++

[Move(E)];400
[Move(E)];1
[Move(E)];1
[Move(E)];1
[Move(E)];1
[Move(E)];1
[Move(E)];0
[Move(E)];0
[Move(E)];1
[Move(S)];1
[Move(S)];0
[Move(E)];1
[Move(S)];1
[Move(S)];1
[Move(S)];1
[Move(S)];0
[Move(S)];1
[Move(S)];1
[Move(S)];0
[Move(S)];1
[Move(S)];1
[Move(S)];1
[Move(E)];1
[Move(S)];0
[Move(S)];1
[Move(E)];1
[Move(E)];1
[Move(E)];0
[Move(E)];0
[Move(E)];1
[Move(S)];1
[Move(S)];0
[Move(E)];1
[Move(E)];0
[Move(E)];1
[Move(E)];0
[Move(E)];0
[Move(E)];0
[Push(E,N)];17
[Push(N,N)];0
[Push(N,N)];1
[Push(N,N)];1
[Push(N,N)];1
[Push(N,N)];1
[Push(N,N)];1
[Push(N,N)];0
[Push(N,N)];0
[Push(N,N)];1
[Push(N,N)];1
[Push(N,N)];1
[Push(N,N)];1
[Push(N,N)];5
[Move(S)];43
[Move(S)];1
[Move(S)];0
[Move(S)];1
[Move(S)];0
[Move(S)];1
[Move(S)];0
[Move(S)];1
[Move(S)];0
[Move(S)];1
[Move(S)];0
[Move(S)];1
[Move(S)];1
[Move(W)];0
[Move(W)];1
[Move(W)];1
[Move(W)];0
[Move(W)];1
[Move(N)];1
[Move(N)];2
[Move(N)];0
[Move(N)];0
[Move(N)];1
[Move(E)];1
[Move(E)];0
[Move(E)];1
[Move(N)];1
[Move(N)];0
[Move(N)];1
[Move(N)];1
[Move(N)];0
[Move(N)];0
[Move(N)];1
[Move(N)];0
[Move(N)];1
[Move(N)];0
[Move(N)];1
[Move(E)];0
[Pull(W,E)];2
[Move(W)];38
[Move(W)];0
[Move(W)];1
[Move(W)];0
[Move(W)];0
[Move(W)];1
[Move(W)];0
[Move(W)];1
[Move(W)];0
[Move(W)];1
[Move(W)];0
[Move(S)];1
[Move(W)];0
[Move(S)];1
[Move(S)];1
[Move(S)];0
[Move(S)];1
[Move(S)];0
[Move(S)];1
[Move(S)];0
[Move(S)];0
[Move(S)];1
[Move(S)];0
[Move(S)];0
[Move(S)];0
[Move(S)];0
[Move(W)];0
[Move(W)];0
[Move(S)];0
[Push(S,W)];10
[Push(W,W)];0
[Push(W,W)];0
[Push(W,W)];0
[Push(W,W)];0
[Push(W,W)];0
[Push(W,W)];0
[Move(N)];35
[Move(E)];1
[Move(E)];0
[Move(N)];0
[Move(N)];0
[Move(N)];0
[Move(E)];1
[Move(E)];0
[Move(E)];0
[Move(E)];1
[Move(E)];0
[Move(E)];0
[Move(E)];0
[Move(E)];0
[Move(E)];0
[Move(N)];0
[Move(E)];1
[Move(E)];0
[Move(N)];0
[Move(E)];1
[Move(N)];0
[Move(E)];0
[Move(E)];1
[Move(N)];0
[Move(E)];1
[Pull(N,E)];12
[Push(S,W)];1
[Push(W,W)];1
[Push(W,W)];0
[Push(W,N)];1
[Push(N,N)];0
[Push(N,N)];0
[Push(N,N)];1
[Push(N,N)];0
[Push(N,N)];0
[Move(W)];4
[Move(W)];1
[Move(N)];1
[Pull(E,W)];39
[Pull(S,W)];1
[Pull(E,N)];1
[Pull(S,W)];0
[Push(N,E)];0
[Push(E,N)];0
15046307ed13b5b88949794d78643a3252ae9096
successful
685
171
039a2861c2ec182db7f13298df44e281b48a62a9
1495032383912
