++++++
+++w++
++bc++
+edih+
+++KL+++++++++++++++++++++++++++++++++++++++
+0                                   WWuzx++
+      B   H ++    +  +++ +          WWvty++
+  IJ   C  ++D         +++E          +++++++
+U       ++       ++++++++++++++++++++++++++
+Z+    ++         kwwlj    w     VTY++++++++
+X+   ++          ++++++++++++++++++++++++++
++++++++++++++++++++++++++++++++++++++++++++

[Move(E)];466
[Move(E)];1
[Move(E)];1
[Move(E)];0
[Move(E)];0
[Move(E)];1
[Move(E)];2
[Move(E)];1
[Move(E)];1
[Move(E)];1
[Move(E)];0
[Move(E)];0
[Move(E)];1
[Move(E)];1
[Move(E)];1
[Move(E)];1
[Move(E)];1
[Move(E)];0
[Move(E)];0
[Move(E)];1
[Move(E)];1
[Move(E)];1
[Move(E)];0
[Move(E)];1
[Move(E)];0
[Move(E)];0
[Move(E)];1
[Move(E)];1
[Move(E)];1
[Move(E)];1
[Move(E)];0
[Move(E)];1
[Move(E)];0
[Move(E)];0
[Move(E)];0
9f25bf5f6d3c7693dc42d8158e89dbbdfa965651
unsuccessful
488
35
4120cfa3eccf6144100f656989b1bfea6b9f4e26
1495032984771
