++++++++++++++++++++++++++++++++
+k0            W              c+
+                              +
+              E               +
+  ++++++++++++++++++++++++++  +
+  +           R            +  +
+o +                        + r+
+  +           O            +  +
+                              +
+  +           C            +  +
+  +                        +  +
+e ++++++++++++K+++++++++++++ w+
+                              +
++++++++++++++++++++++++++++++++

[Move(S)];410
[Move(S)];2
[Move(S)];1
[Move(S)];1
[Move(S)];0
[Move(S)];0
[Move(S)];1
[Move(E)];1
[Move(E)];0
[Move(S)];0
[Move(E)];1
[Move(E)];1
[Move(E)];1
[Move(E)];0
[Move(E)];0
[Move(E)];1
[Move(E)];0
[Move(E)];0
[Move(E)];1
[Move(E)];1
[Push(E,E)];215
[Push(E,E)];0
[Push(E,E)];0
[Push(E,N)];1
[Push(N,E)];0
[Push(E,E)];0
[Push(E,E)];1
[Push(E,E)];0
[Push(E,E)];0
[Push(E,E)];1
[Push(E,E)];0
[Push(E,E)];0
[Push(E,E)];1
[Push(E,E)];1
[Push(E,E)];1
[Push(E,N)];1
[Push(N,E)];0
[Push(E,N)];0
[Push(N,N)];1
[Push(N,N)];0
[Push(N,N)];1
[Push(N,N)];0
[Push(N,N)];1
[Move(W)];55
[Move(S)];1
[Move(S)];0
[Move(S)];1
[Move(S)];1
[Move(S)];0
[Move(S)];0
[Move(W)];0
[Move(W)];1
[Move(S)];0
[Move(W)];1
[Move(W)];0
[Move(S)];1
[Move(W)];2
[Move(W)];1
[Move(W)];0
[Move(W)];1
[Move(W)];0
[Move(W)];1
[Move(W)];0
[Move(W)];0
[Move(W)];1
[Move(W)];0
[Pull(W,S)];55
[Pull(N,E)];0
[Push(S,W)];1
[Push(W,W)];0
[Push(W,W)];0
[Push(W,N)];0
[Push(N,N)];1
[Push(N,W)];1
[Push(W,W)];0
[Push(W,W)];1
[Push(W,W)];0
[Push(W,W)];1
[Push(W,W)];0
[Push(W,W)];1
[Push(W,W)];0
[Push(W,W)];0
[Push(W,N)];1
[Push(N,N)];0
[Push(N,N)];1
[Push(N,N)];0
[Push(N,W)];0
[Push(W,N)];1
[Push(N,N)];0
[Push(N,N)];1
[Move(E)];9
[Move(E)];0
[Move(N)];0
[Move(E)];0
[Move(E)];1
[Move(E)];0
[Move(E)];0
[Move(E)];1
[Move(E)];0
[Move(E)];0
[Move(E)];1
[Move(E)];0
[Move(E)];0
[Move(E)];1
[Push(E,E)];58
[Push(E,S)];1
[Push(S,E)];2
[Push(E,E)];1
[Push(E,E)];0
[Push(E,S)];0
[Push(S,E)];0
[Push(E,E)];0
[Push(E,E)];1
[Push(E,E)];0
[Push(E,E)];1
[Push(E,E)];1
[Push(E,E)];0
[Push(E,E)];1
[Push(E,E)];1
[Push(E,E)];0
[Push(E,E)];0
[Push(E,S)];1
[Push(S,S)];1
[Push(S,S)];0
[Push(S,S)];0
[Push(S,S)];0
[Push(S,S)];1
[Push(S,S)];0
[Push(S,S)];0
[Move(N)];21
[Move(W)];0
[Move(N)];0
[Move(W)];0
[Move(W)];1
[Move(W)];0
[Move(W)];1
[Move(W)];0
[Move(N)];1
[Move(W)];0
[Move(W)];1
[Move(W)];0
[Move(W)];1
[Move(W)];0
[Move(W)];0
[Move(W)];1
[Move(W)];1
[Push(W,W)];47
[Push(W,S)];0
[Push(S,W)];1
[Push(W,W)];1
[Push(W,W)];0
[Push(W,W)];1
[Push(W,W)];2
[Push(W,W)];1
[Push(W,W)];0
[Push(W,W)];0
[Push(W,W)];1
[Push(W,W)];0
[Push(W,W)];1
[Push(W,W)];1
[Push(W,N)];1
[Push(N,W)];0
[Push(W,N)];0
[Move(E)];20
[Move(S)];0
[Move(E)];1
[Move(E)];1
[Move(N)];0
[Move(E)];1
[Move(N)];1
[Move(E)];0
[Move(N)];1
[Move(E)];0
[Move(E)];1
[Move(E)];2
[Move(E)];1
[Move(E)];0
[Move(E)];0
[Move(E)];1
[Move(E)];0
[Push(E,E)];73
[Push(E,S)];1
[Push(S,S)];6
[Push(S,E)];1
[Push(E,E)];1
[Push(E,E)];1
[Push(E,E)];1
[Push(E,S)];12
[Push(S,E)];1
[Push(E,E)];2
[Push(E,E)];5
[Push(E,E)];0
[Push(E,E)];1
[Push(E,E)];0
[Push(E,E)];5
[Push(E,E)];30
[Push(E,E)];1
[Push(E,N)];1
[Push(N,N)];0
[Push(N,E)];1
[Move(N)];18
[Move(N)];0
[Move(N)];1
[Move(W)];0
[Move(W)];0
[Move(W)];0
[Move(W)];0
[Move(W)];1
[Move(W)];1
[Move(W)];0
[Move(W)];1
[Move(W)];1
[Move(W)];2
[Move(W)];0
[Move(W)];0
[Move(W)];0
[Push(W,W)];86
[Push(W,W)];0
[Push(W,W)];0
[Push(W,W)];0
[Push(W,W)];1
[Push(W,W)];0
[Push(W,W)];0
[Push(W,W)];1
[Push(W,W)];1
[Push(W,W)];0
[Push(W,W)];1
[Push(W,W)];0
[Push(W,W)];1
[Push(W,W)];0
[Push(W,S)];1
[Push(S,S)];0
[Push(S,E)];1
[Push(E,S)];3
[Push(S,S)];4
[Push(S,S)];1
[Push(S,S)];1
[Push(S,W)];0
[Push(W,S)];0
[Push(S,S)];0
1ecfc96706de7da18ed094747f211732ca5704d1
successful
1247
240
fd97e9fac94adc046862c60edce1d61791766232
1495033284797
