++++++++++++++
++a+c+e+g+i+k+
+0KJIHGFEDCBA+
++b+d+f+h+j+++
++++++++++++++

[Push(E,S)];411
[Pull(N,S)];2
[Push(S,W)];1
[Pull(S,E)];1
[Push(N,N)];1
[Move(E)];1
[Push(E,N)];1
[Pull(S,E)];1
[Push(N,W)];2
[Move(E)];1
[Push(E,N)];1
[Move(W)];1
[Move(W)];1
[Pull(E,W)];0
[Push(W,S)];0
[Move(E)];1
[Move(E)];0
[Pull(W,E)];0
[Push(E,S)];1
[Move(E)];1
[Push(E,N)];1
[Pull(S,E)];0
[Push(N,W)];1
[Pull(E,W)];1
dc0682bc11a36f77421d1442b50cfa14d2413e03
unsuccessful
431
24
bcabd067090f2b0fb07646937b4e2c3225624a90
1495033586355
