++++++++++++++++++++++++++
+wbcdef PHOJKL          0+
++++++++++++++        GAI+
+phojkl WBCDEF           +
++++++++++++++++++++++++++

[Move(W)];77534
[Move(W)];0
[Move(W)];0
[Move(W)];1
[Move(S)];1
[Move(W)];0
[Move(W)];0
[Move(W)];0
[Move(S)];0
[Move(W)];0
[Move(W)];0
[Move(W)];0
[Pull(E,W)];1
[Push(W,N)];0
[Push(N,E)];0
[Move(N)];1
[Pull(S,W)];0
[Pull(S,N)];0
[Pull(W,N)];0
[Push(E,E)];0
[Move(N)];1
[Move(N)];0
[Move(E)];0
[Push(S,W)];0
[Push(W,S)];0
[Move(E)];1
[Push(S,E)];0
[Push(E,E)];0
[Move(W)];1
[Move(N)];0
[Move(W)];1
[Push(S,E)];0
[Move(N)];0
[Move(N)];0
[Move(E)];0
[Move(E)];0
[Move(S)];1
[Move(E)];0
[Push(S,E)];0
[Move(W)];0
[Move(N)];0
[Move(W)];0
[Push(S,E)];1
[Move(W)];0
[Move(W)];0
[Pull(E,W)];1
[Pull(N,W)];0
[Push(S,E)];0
[Move(W)];1
[Move(W)];0
[Pull(E,W)];0
[Move(E)];1
[Pull(W,E)];0
[Push(E,N)];0
[Move(E)];0
[Pull(W,E)];0
[Push(N,E)];0
[Move(N)];1
[Move(E)];0
[Move(E)];0
[Move(S)];0
[Move(S)];0
[Push(W,W)];0
[Push(W,N)];0
[Move(E)];1
[Move(E)];0
[Move(N)];1
[Push(W,S)];0
[Push(S,E)];1
[Move(W)];0
[Move(W)];1
[Pull(E,W)];1
[Push(N,E)];0
[Push(E,N)];0
[Move(S)];1
[Move(W)];0
[Pull(N,W)];0
[Push(S,E)];1
[Move(W)];0
[Move(W)];0
[Move(W)];1
[Pull(E,W)];0
[Pull(E,W)];1
[Pull(E,W)];1
[Move(N)];0
[Move(E)];1
[Push(S,W)];0
[Push(E,N)];0
[Move(W)];1
[Push(W,N)];0
[Push(N,N)];0
[Move(S)];1
[Push(W,W)];0
[Push(W,W)];1
[Move(E)];3
[Move(E)];1
[Move(E)];0
[Move(N)];0
[Pull(S,E)];0
[Move(W)];1
[Move(W)];4
[Move(W)];0
[Pull(E,W)];1
[Pull(E,W)];0
[Pull(E,W)];0
[Push(W,N)];0
[Pull(W,N)];0
[Push(E,E)];0
[Push(E,E)];0
[Pull(W,N)];0
[Move(W)];0
[Move(W)];0
[Move(W)];0
[Move(W)];0
[Pull(E,W)];1
[Pull(E,W)];0
[Pull(E,W)];1
[Pull(E,W)];0
[Push(E,N)];1
[Push(N,E)];0
[Move(S)];0
[Move(W)];0
[Push(W,W)];0
[Push(W,W)];0
[Push(W,W)];2
[Push(W,W)];0
[Move(E)];0
[Move(E)];0
[Move(E)];0
[Move(E)];0
[Move(E)];0
[Pull(W,E)];1
[Pull(W,E)];0
[Move(W)];0
[Move(W)];1
[Move(W)];0
[Pull(E,W)];0
[Move(E)];1
[Move(E)];0
[Push(E,N)];0
[Push(N,E)];0
[Pull(S,N)];1
[Pull(W,N)];0
[Move(W)];0
[Move(W)];1
[Pull(E,W)];0
[Pull(E,W)];0
[Push(E,E)];0
[Push(E,E)];0
[Push(E,E)];0
[Move(W)];0
[Move(W)];1
[Move(W)];0
[Push(W,W)];0
[Push(W,W)];0
[Move(E)];1
[Move(E)];0
[Move(E)];0
[Move(N)];1
[Pull(S,E)];0
[Move(E)];0
[Move(E)];1
[Pull(W,N)];0
[Pull(W,E)];0
[Move(W)];1
[Move(W)];0
[Move(W)];0
[Pull(E,W)];0
[Pull(E,W)];0
[Pull(E,W)];0
[Push(N,E)];1
[Move(S)];0
[Push(W,W)];0
[Move(E)];0
[Pull(W,E)];0
[Push(E,N)];0
[Move(W)];0
[Pull(E,W)];0
[Pull(E,W)];0
[Move(E)];0
[Move(N)];1
[Push(W,S)];0
[Push(W,N)];1
[Move(E)];0
[Move(E)];1
[Move(S)];0
[Push(W,N)];0
[Push(W,N)];1
[Move(W)];0
[Move(W)];0
[Move(W)];1
[Move(W)];0
[Move(W)];0
509341d8108fa57ed2d34008d65179de9320003e
unsuccessful
77593
193
00545b8989dc21d00404d77152fefb195ee1a6d2
1495033886379
