++++++++++++++++++++++++++++++++++++++++++++++++++++++++++++++++++++++
+ZZZZZZZZZZZZZZZZZZZZZZZZZZZZZZZZZZZZZZZZZZZZZZZZZZZZZZZZZZZZZZZZZZZZ+
+ZZZZZZZZZZZZZZZZZZZZZZZZZZZZZZZZZZZZZZZZZZZZZZZZZZZZZZZZZZZZZZZZZZZZ+
+ZZZZZZZZZZZZZZZZZZZZZZZZZZZZZZZZZZZZZZZZZZZZZZZZZZZZZZZZZZZZZZZZZZZZ+
+ZZZZZZZZZZZZZZZZZZZZZZZZZZZZZZZZZZZZZZZZZZZZZZZZZZZZZZZZZZZZZZZZZZZZ+
+ZZZZZZZZZZZZZZZZZZZZZZZZZZZZZZZZZZZZZZZZZZZZZZZZZZZZZZZZZZZZZZZZZZZZ+
+ZZZZZZZZZZZZZZZZZZZZZZZZZZZZZZZZZZZZZZZZZZZZZZZZZZZZZZZZZZZZZZZZZZZZ+
+ZZZZZZZZZZZZZZZZZZZZZZZZZZZZZZZZZZZZZZZZZZZZZZZZZZZZZZZZZZZZZZZZZZZZ+
+ZZZZZZZZZZZZZZZZZZZZZZZZZZZZZZZZZZZZZZZZZZZZZZZZZZZZZZZZZZZZZZZZZZZZ+
+ZZZZZZZZZZZZZZZZZZZZZZZZZZZZZZZZZZZZZZZZZZZZZZZZZZZZZZZZZZZZZZZZZZZZ+
+ZZZZZZZZZZZZZZZZZZZZZZZZZZZZZZZZZZZZZZZZZZZZZZZZZZZZZZZZZZZZZZZZZZZZ+
+ZZZZZZZZZZZZZZZZZZZZZZZZZZZZZZZZZZZZZZZZZZZZZZZZZZZZZZZZZZZZZZZZZZZZ+
+ZZZZZZZZZZZZZZZZZZZZZZZZZZZZZZZZZZZZZZZZZZZZZZZZZZZZZZZZZZZZZZZZZZZZ+
+ZZZZZZZZZZZZZZZZZZZZZZZZZZZZZZZZZZZZZZZZZZZZZZZZZZZZZZZZZZZZZZZZZZZZ+
+ZZZZZZZZZZZZZZZZZZZZZZZZZZZZZZZZZZZZZZZZZZZZZZZZZZZZZZZZZZZZZZZZZZZZ+
+ZZZZZZZZZZZZZZZZZZZZZZZZZZZZZZZZZZZZZZZZZZZZZZZZZZZZZZZZZZZZZZZZZZZZ+
+ZZZZZZZZZZZZZZZZZZZZZZZZZZZZZZZZZZZZZZZZZZZZZZZZZZZZZZZZZZZZZZZZZZZZ+
+ZZZZZZZZZZZZZZZZZZZZZZZZZZZZZZZZZZZZZZZZZZZZZZZZZZZZZZZZZZZZZZZZZZZZ+
+ZZZZZZZZZZZZZZZZZZZZZZZZZZZZZZZZZZZZZZZZZZZZZZZZZZZZZZZZZZZZZZZZZZZZ+
+ZZZZZZZZZZZZZZZZZZZZZZZZZZZZZZZZZZZZZZZZZZZZZZZZZZZZZZZZZZZZZZZZZZZZ+
+ZZZZZZZZZZZZZZZZZZZZZZZZZZZZZZZZZZZZZZZZZZZZZZZZZZZZZZZZZZZZZZZZZZZZ+
+ZZZZZZZZZZZZZZZZZZZZZZZZZZZZZZZZZZZZZZZZZZZZZZZZZZZZZZZZZZZZZZZZZZZZ+
+ZZZZZZZZZZZZZZZZZZZZZZZZZZZZZZZZZZZZZZZZZZZZZZZZZZZZZZZZZZZZZZZZZZZZ+
+ZZZZZZZZZZZZZZZZZZZZZZZZZZZZZZZZZZZZZZZZZZZZZZZZZZZZZZZZZZZZZZZZZZZZ+
+ZZZZZZZZZZZZZZZZZZZZZZZZZZZZZZZZZZZZZZZZZZZZZZZZZZZZZZZZZZZZZZZZZZZZ+
+ZZZZZZZZZZZZZZZZZZZZZZZZZZZZZZZZZZZZZZZZZZZZZZZZZZZZZZZZZZZZZZZZZZZZ+
+ZZZZZZZZZZZZZZZZZZZZZZZZZZZZZZZZZZZZZZZZZZZZZZZZZZZZZZZZZZZZZZZZZZZZ+
+ZZZZZZZZZZZZZZZZZZZZZZZZZZZZZZZZZZZZZZZZZZZZZZZZZZZZZZZZZZZZZZZZZZZZ+
+ZZZZZZZZZZZZZZZZZZZZZZZZZZZZZZZZZZZZZZZZZZZZZZZZZZZZZZZZZZZZZZZZZZZZ+
+ZZZZZZZZZZZZZZZZZZZZZZZZZZZZZZZZZZZZZZZZZZZZZZZZZZZZZZZZZZZZZZZZZZZZ+
+ZZZZZZZZZZZZZZZZZZZZZZZZZZZZZZZZZZZZZZZZZZZZZZZZZZZZZZZZZZZZZZZZZZZZ+
+ZZZZZZZZZZZZZZZZZZZZZZZZZZZZZZZZZZZZZZZZZZZZZZZZZZZZZZZZZZZZZZZZZZZZ+
+ZZZZZZZZZZZZZZZZZZZZZZZZZZZZZZZZZZZZZZZZZZZZZZZZZZZZZZZZZZZZZZZZZZZZ+
+ZZZZZZZZZZZZZZZZZZZZZZZZZZZZZZZZZZZZZZZZZZZZZZZZZZZZZZZZZZZZZZZZZZZZ+
+ZZZZZZZZZZZZZZZZZZZZZZZZZZZZZZZZZZZZZZZZZZZZZZZZZZZZZZZZZZZZZZZZZZZZ+
+ZZZZZZZZZZZZZZZZZZZZZZZZZZZZZZZZZZZZZZZZZZZZZZZZZZZZZZZZZZZZZZZZZZZZ+
+ZZZZZZZZZZZZZZZZZZZZZZZZZZZZZZZZZZZZZZZZZZZZZZZZZZZZZZZZZZZZZZZZZZZZ+
+ZZZZZZZZZZZZZZZZZZZZZZZZZZZZZZZZZZZZZZZZZZZZZZZZZZZZZZZZZZZZZZZZZZZZ+
+ZZZZZZZZZZZZZZZZZZZZZZZZZZZZZZZZZZZZZZZZZZZZZZZZZZZZZZZZZZZZZZZZZZZZ+
+ZZZZZZZZZZZZZZZZZZZZZZZZZZZZZZZZZZZZZZZZZZZZZZZZZZZZZZZZZZZZZZZZZZZZ+
+ZZZZZZZZZZZZZZZZZZZZZZZZZZZZZZZZZZZZZZZZZZZZZZZZZZZZZZZZZZZZZZZZZZZZ+
+ZZZZZZZZZZZZZZZZZZZZZZZZZZZZZZZZZZZZZZZZZZZZZZZZZZZZZZZZZZZZZZZZZZZZ+
+ZZZZZZZZZZZZZZZZZZZZZZZZZZZZZZZZZZZZZZZZZZZZZZZZZZZZZZZZZZZZZZZZZZZZ+
+ZZZZZZZZZZZZZZZZZZZZZZZZZZZZZZZZZZZZZZZZZZZZZZZZZZZZZZZZZZZZZZZZZZZZ+
+ZZZZZZZZZZZZZZZZZZZZZZZZZZZZZZZZZZZZZZZZZZZZZZZZZZZZZZZZZZZZZZZZZZZZ+
+ZZZZZZZZZZZZZZZZZZZZZZZZZZZZZZZZZZZZZZZZZZZZZZZZZZZZZZZZZZZZZZZZZZZZ+
+ZZZZZZZZZZZZZZZZZZZZZZZZZZZZZZZZZZZZZZZZZZZZZZZZZZZZZZZZZZZZZZZZZZZZ+
+ZZZZZZZZZZZZZZZZZZZZZZZZZZZZZZZZZZZZZZZZZZZZZZZZZZZZZZZZZZZZZZZZZZZZ+
+ZZZZZZZZZZZZZZZZZZZZZZZZZZZZZZZZZZZZZZZZZZZZZZZZZZZZZZZZZZZZZZZZZZZZ+
+ZZZZZZZZZZZZZZZZZZZZZZZZZZZZZZZZZZZZZZZZZZZZZZZZZZZZZZZZZZZZZZZZZZZZ+
+ZZZZZZZZZZZZZZZZZZZZZZZZZZZZZZZZZZZZZZZZZZZZZZZZZZZZZZZZZZZZZZZZZZZZ+
+ZZZZZZZZZZZZZZZZZZZZZZZZZZZZZZZZZZZZZZZZZZZZZZZZZZZZZZZZZZZZZZZZZZZZ+
+ZZZZZZZZZZZZZZZZZZZZZZZZZZZZZZZZZZZZZZZZZZZZZZZZZZZZZZZZZZZZZZZZZZZZ+
+ZZZZZZZZZZZZZZZZZZZZZZZZZZZZZZZZZZZZZZZZZZZZZZZZZZZZZZZZZZZZZZZZZZZZ+
+ZZZZZZZZZZZZZZZZZZZZZZZZZZZZZZZZZZZZZZZZZZZZZZZZZZZZZZZZZZZZZZZZZZZZ+
+ZZZZZZZZZZZZZZZZZZZZZZZZZZZZZZZZZZZZZZZZZZZZZZZZZZZZZZZZZZZZZZZZZZZZ+
+ZZZZZZZZZZZZZZZZZZZZZZZZZZZZZZZZZZZZZZZZZZZZZZZZZZZZZZZZZZZZZZZZZZZZ+
+ZZZZZZZZZZZZZZZZZZZZZZZZZZZZZZZZZZZZZZZZZZZZZZZZZZZZZZZZZZZZZZZZZZZZ+
+ZZZZZZZZZZZZZZZZZZZZZZZZZZZZZZZZZZZZZZZZZZZZZZZZZZZZZZZZZZZZZZZZZZZZ+
+ZZZZZZZZZZZZZZZZZZZZZZZZZZZZZZZZZZZZZZZZZZZZZZZZZZZZZZZZZZZZZZZZZZZZ+
+ZZZZZZZZZZZZZZZZZZZZZZZZZZZZZZZZZZZZZZZZZZZZZZZZZZZZZZZZZZZZZZZZZZZZ+
+ZZZZZZZZZZZZZZZZZZZZZZZZZZZZZZZZZZZZZZZZZZZZZZZZZZZZZZZZZZZZZZZZZZZZ+
+THISMAPHZZZZZZZZZZZZZZZZZZZZZZZZZZZZZZZZZZZZZZZZZZZZZZZZZZZZZZZZZZZZ+
+ASFOURTHZZZZZZZZZZZZZZZZZZZZZZZZZZZZZZZZZZZZZZZZZZZZZZZZZZZZZZZZZZZZ+
+OUSANDSIZZZZZZZZZZZZZZZZZZZZZZZZZZZZZZZZZZZZZZZZZZZZZZZZZZZZZZZZZZZZ+
+XHUNDREDZZZZZZZZZZZZZZZZZZZZZZZZZZZZZZZZZZZZZZZZZZZZZZZZZZZZZZZZZZZZ+
+TWENTYTWZZZZZZZZZZZZZZZZZZZZZZZZZZZZZZZZZZZZZZZZZZZZZZZZZZZZZZZZZZZZ+
+OBOXESSSZZZZZZZZZZZZZZZZZZZZZZZZZZZZZZZZZZZZZZZZZZZZZZZZZZZZZZZZZZZZ+
+0zAAAAAAZZZZZZZZZZZZZZZZZZZZZZZZZZZZZZZZZZZZZZZZZZZZZZZZZZZZZZZZZZZZ+
++++++++++++++++++++++++++++++++++++++++++++++++++++++++++++++++++++++

[Pull(E,N)];4131
[Push(N,W)];0
[Move(S)];0
[Pull(N,W)];0
[Push(W,S)];1
[Pull(E,N)];0
[Push(N,W)];0
[Move(S)];0
[Pull(N,W)];1
[Push(W,S)];1
[Pull(E,N)];1
[Push(N,W)];1
[Move(S)];1
[Pull(N,E)];1
[Push(E,S)];1
[Move(W)];1
[Pull(E,N)];0
[Push(N,W)];0
[Move(S)];0
[Pull(N,E)];0
[Push(E,S)];0
[Move(W)];1
[Pull(E,N)];0
[Push(N,W)];1
[Move(S)];0
[Pull(N,E)];1
[Push(E,S)];1
[Move(W)];0
[Pull(E,N)];1
[Push(N,W)];0
[Move(S)];0
[Pull(N,W)];1
[Push(W,S)];1
[Pull(E,N)];0
[Push(N,W)];0
[Move(S)];1
[Pull(N,E)];0
[Push(E,S)];0
[Move(W)];1
[Pull(E,N)];0
[Push(N,W)];1
[Move(S)];0
[Pull(N,E)];0
[Push(E,S)];1
[Move(W)];0
[Pull(E,N)];1
[Push(N,W)];1
[Move(S)];1
[Pull(N,E)];1
[Push(E,S)];0
[Move(W)];0
[Pull(E,N)];0
[Push(N,W)];0
[Move(S)];0
[Pull(N,E)];0
[Push(E,S)];1
[Move(W)];0
[Pull(E,N)];0
[Push(N,W)];0
[Move(S)];0
[Pull(N,E)];0
[Push(E,S)];0
[Move(W)];1
[Pull(E,N)];0
[Push(N,W)];0
[Move(S)];1
[Pull(N,E)];0
[Push(E,S)];1
[Move(W)];0
[Pull(E,N)];1
[Push(N,W)];0
[Move(S)];0
[Pull(N,E)];0
[Push(E,S)];0
[Move(W)];1
[Pull(E,N)];0
[Push(N,W)];0
[Move(S)];0
[Pull(N,E)];0
[Push(E,S)];0
[Move(W)];0
[Pull(E,N)];0
[Push(N,W)];1
[Move(S)];0
[Pull(N,E)];0
[Push(E,S)];0
[Move(W)];0
[Pull(E,N)];1
[Push(N,W)];0
[Move(S)];1
[Pull(N,E)];0
[Push(E,S)];0
[Move(W)];1
[Pull(E,N)];0
[Push(N,W)];1
[Move(S)];0
[Pull(N,E)];0
[Push(E,S)];1
[Move(W)];0
[Pull(E,N)];0
[Push(N,W)];1
[Move(S)];1
[Pull(N,E)];0
[Push(E,S)];1
[Move(W)];0
[Pull(E,N)];0
[Push(N,W)];1
[Move(S)];0
[Pull(N,E)];0
[Push(E,S)];1
[Move(W)];0
[Pull(E,N)];0
[Push(N,W)];0
[Move(S)];1
[Pull(N,E)];0
[Push(E,S)];0
[Move(W)];0
[Pull(E,N)];0
[Push(N,W)];0
[Move(S)];1
[Pull(N,E)];0
[Push(E,S)];0
[Move(W)];0
[Pull(E,N)];0
[Push(N,W)];1
[Move(S)];0
[Pull(N,E)];0
[Push(E,S)];0
[Move(W)];0
[Pull(E,N)];0
[Push(N,W)];1
[Move(S)];0
[Pull(N,E)];0
[Push(E,S)];0
[Move(W)];0
[Pull(E,N)];0
[Push(N,W)];0
[Move(S)];0
[Pull(N,E)];1
[Push(E,S)];0
[Move(W)];1
[Pull(E,N)];0
[Push(N,W)];1
[Move(S)];0
[Pull(N,E)];1
[Push(E,S)];0
[Move(W)];1
[Pull(E,N)];0
[Push(N,W)];0
[Move(S)];0
[Pull(N,E)];0
[Push(E,S)];1
[Move(W)];0
[Pull(E,N)];0
[Push(N,W)];0
[Move(S)];0
[Pull(N,E)];0
[Push(E,S)];0
[Move(W)];1
[Pull(E,N)];0
[Push(N,W)];1
[Move(S)];0
[Pull(N,E)];1
[Push(E,S)];0
[Move(W)];1
[Pull(E,N)];0
[Push(N,W)];1
[Move(S)];0
[Pull(N,W)];0
[Push(W,S)];0
[Pull(E,N)];0
[Push(N,W)];0
[Move(S)];0
[Pull(N,E)];0
[Push(E,S)];0
[Pull(W,N)];0
[Push(N,E)];1
[Move(S)];0
[Pull(N,W)];0
[Push(W,S)];0
[Pull(E,N)];1
[Push(N,W)];0
[Move(S)];1
[Pull(N,W)];0
[Push(W,S)];0
[Pull(E,N)];0
[Push(N,W)];0
[Move(S)];0
[Pull(N,W)];1
[Push(W,S)];0
[Pull(E,N)];0
[Push(N,W)];0
[Move(S)];0
[Pull(N,W)];1
[Push(W,S)];0
[Pull(E,N)];1
[Push(N,W)];1
[Move(S)];1
[Pull(N,W)];0
[Push(W,S)];0
[Pull(E,N)];1
[Push(N,W)];0
[Move(S)];0
[Pull(N,W)];0
[Push(W,S)];0
[Pull(E,N)];0
[Push(N,W)];1
[Move(S)];1
[Pull(N,W)];1
[Push(W,S)];0
[Pull(E,N)];0
[Push(N,W)];1
[Move(S)];1
[Pull(N,E)];1
[Push(E,S)];0
[Pull(W,N)];0
[Push(N,E)];0
[Move(S)];0
[Pull(N,W)];1
[Push(W,S)];0
[Pull(E,N)];0
[Push(N,W)];0
9efd1323a32e719eec4e6672c967a836c9802512
unsuccessful
4203
222
2d0539c2e0eb4ef268394e55a5c580c2922827dc
1495034521148
