++++++++++++++++++++++
+g A +i+h+ E  +P    p+
++     +      a      +
++0    c  F  +++    I+
++G    +B     b  Y  ++
+f   X +S     + H   e+
+++ ++++++z+++++++ +++
+x  p+s      F+w     +
++  +++++         W  +
+P A +ZC    f + WWS A+
++++++++++ +++++++++++
       ++   ++
       ++   ++
      ++++ ++++
       ++   ++
        ++ ++
        ++ ++
    +++++ L +++++
    ++H + l + M++
    ++ V+   +D ++
    +++++++++++++

[Move(E)];375
[Move(E)];0
[Move(E)];0
[Move(E)];1
[Move(E)];1
[Move(E)];1
[Move(E)];0
[Move(S)];1
[Move(S)];1
[Move(E)];0
[Move(S)];0
[Move(S)];1
[Move(E)];1
[Move(E)];1
[Pull(W,E)];75
[Pull(S,E)];1
[Push(N,W)];1
[Push(W,N)];0
[Push(N,N)];1
[Push(N,N)];0
[Push(N,W)];0
[Push(W,N)];1
[Push(N,W)];0
[Push(W,W)];1
[Push(W,W)];0
[Push(W,S)];1
[Push(S,W)];0
[Push(W,W)];1
[Push(W,S)];0
[Push(S,W)];1
[Push(W,W)];1
[Push(W,W)];0
[Move(E)];19
[Move(E)];0
[Move(N)];2
[Move(N)];0
[Move(E)];0
[Move(E)];0
[Move(E)];1
[Move(E)];0
[Push(S,E)];1
[Push(S,E)];21
[Push(E,E)];1
[Push(E,S)];1
[Push(S,S)];1
[Push(S,W)];1
[Push(W,W)];1
[Push(W,W)];1
[Push(W,W)];0
[Move(E)];26
[Move(E)];0
[Move(E)];1
[Move(N)];0
[Move(N)];1
[Move(W)];0
[Move(W)];1
[Move(N)];0
[Move(N)];0
[Move(W)];1
[Move(W)];0
[Move(W)];0
[Move(S)];0
[Move(W)];1
[Move(W)];0
[Push(W,N)];6
[Push(N,N)];2
[Push(N,N)];4
[Push(N,W)];0
[Move(S)];11
[Move(E)];1
[Move(S)];0
[Move(S)];1
[Move(S)];0
[Move(S)];0
[Move(S)];1
[Move(W)];0
[Move(S)];0
[Move(S)];0
[Pull(N,W)];7
[Pull(N,S)];1
[Push(S,E)];1
[Push(E,N)];0
[Push(N,E)];1
[Move(N)];25
[Move(N)];0
[Move(E)];1
[Move(N)];0
[Move(N)];1
[Move(E)];0
[Move(E)];0
[Move(E)];1
[Move(E)];0
[Move(S)];0
[Move(S)];1
[Move(E)];0
[Move(E)];0
[Move(E)];1
[Move(N)];0
[Move(E)];0
[Move(E)];1
[Move(E)];0
[Move(E)];1
[Move(E)];0
[Pull(W,S)];18
[Pull(W,E)];0
[Pull(W,E)];1
[Pull(W,E)];0
[Pull(W,E)];1
[Push(E,N)];0
[Push(N,N)];0
[Push(N,W)];1
[Push(W,W)];0
[Push(W,W)];1
[Push(W,W)];0
[Push(W,N)];0
[Move(S)];4
[Move(W)];1
[Move(W)];0
[Move(W)];0
[Move(S)];0
[Push(S,W)];9
[Push(W,W)];0
[Push(W,S)];1
[Push(S,S)];1
[Push(S,W)];1
[Push(W,W)];0
[Move(E)];39
[Move(N)];1
[Move(N)];0
[Move(E)];0
[Move(E)];0
[Move(N)];0
[Move(N)];1
[Move(E)];0
[Move(E)];0
[Move(E)];0
[Move(E)];1
[Move(N)];0
[Move(E)];0
[Move(E)];1
[Move(E)];0
[Move(E)];0
[Move(E)];0
[Move(E)];1
[Move(E)];0
[Move(S)];0
[Move(E)];1
[Move(E)];0
[Move(E)];0
[Push(E,N)];37
[Push(N,W)];0
[Push(W,W)];1
[Push(W,W)];1
[Push(W,W)];0
[Push(W,W)];1
[Push(W,W)];0
[Push(W,W)];0
[Push(W,W)];1
[Push(W,W)];3
[Push(W,W)];0
[Push(W,W)];1
[Push(W,S)];0
[Push(S,W)];1
[Push(W,W)];1
[Push(W,W)];0
[Push(W,N)];0
[Push(N,N)];1
[Move(S)];7
[Move(E)];0
[Move(E)];1
[Move(E)];0
[Move(N)];0
[Move(E)];1
[Move(E)];0
[Pull(E,N)];16
[Push(W,S)];0
[Push(S,S)];1
[Push(S,E)];0
[Push(E,E)];0
[Push(E,E)];0
[Push(E,E)];0
[Push(E,E)];1
[Push(E,S)];0
[Push(S,E)];0
[Push(E,E)];1
[Push(E,E)];0
[Push(E,E)];0
[Move(W)];7
[Move(W)];0
[Move(W)];1
[Move(N)];0
[Move(N)];0
[Move(N)];0
[Move(W)];0
[Push(N,E)];3
[Push(E,E)];0
[Push(E,E)];0
[Push(E,E)];0
[Push(E,E)];0
[Move(S)];22
[Move(W)];0
[Move(W)];0
[Move(S)];1
[Move(W)];0
[Move(S)];0
[Move(W)];0
[Move(W)];0
[Move(W)];1
[Move(W)];0
[Move(W)];1
[Move(W)];0
[Move(S)];1
[Move(S)];0
[Move(S)];0
[Move(S)];0
[Move(W)];0
[Move(S)];0
[Move(W)];0
[Pull(E,W)];75
[Pull(E,W)];0
[Push(W,N)];0
[Push(N,E)];0
[Push(E,N)];1
[Push(N,N)];0
[Push(N,N)];1
[Push(N,W)];0
[Push(W,W)];0
[Push(W,N)];1
[Push(N,N)];0
[Push(N,W)];0
[Move(E)];2
[Push(S,E)];9
[Push(E,E)];0
[Push(E,E)];0
[Push(E,E)];1
[Push(E,E)];0
bf4df3382c5bfcda7d8ebec87fb6648aa171c897
unsuccessful
903
236
0f7826f5979e36cea16e88a1531ebf32869130a4
1495034821508
