++++++++++++++
+A    ++++AAA+
+ ++        a+
++++  A   + A+
++A+0+++  + ++
++++++aaa  a++
++a+Aa  + + ++
+   +aaaa  A +
+B  +aa   A  +
+cA +  +++   +
+C+ +++      +
+b+  AAA     +
++++++++++++++

[Move(N)];735
[Move(E)];0
[Move(N)];1
[Move(E)];0
[Move(E)];0
[Move(S)];0
[Move(E)];0
[Move(S)];0
[Move(E)];0
[Move(S)];0
[Move(E)];0
[Move(E)];1
[Move(N)];0
[Move(N)];0
[Push(E,N)];0
[Move(W)];0
[Move(S)];0
[Move(S)];1
[Move(W)];0
[Move(W)];0
[Move(S)];1
[Move(S)];0
[Move(W)];0
[Move(W)];0
[Move(W)];0
[Move(W)];0
[Move(N)];0
[Pull(S,W)];1
[Move(S)];0
[Move(E)];1
[Move(E)];0
[Move(E)];0
[Move(E)];1
[Push(E,S)];1
[Move(E)];0
[Move(S)];1
[Move(S)];0
[Move(W)];0
[Move(S)];1
[Move(W)];0
[Move(W)];0
[Move(N)];1
[Move(W)];0
[Push(S,E)];0
[Push(E,E)];1
[Move(W)];0
[Pull(N,W)];0
[Push(S,E)];1
[Move(W)];0
[Push(W,W)];0
[Push(W,W)];1
[Push(W,N)];0
[Push(N,N)];0
[Push(N,N)];1
[Push(N,W)];0
[Push(W,N)];0
479c1b98c43f4b5841d835fa5154dc3cbde96e1a
unsuccessful
750
56
75dd5ef881b692ec6572e52a7bc30dc90c324a98
1495036325792
