++++++            ++++++
++    ++          ++    ++
+      ++++++++++++      +
+  BD  ad        bc  AC  +
+      ++++     +++      +
++    ++  ++   ++ ++    ++
 ++++++    +   +   ++++++
           ++0++
 ++++++    +   +   ++++++
++    ++  ++   ++ ++    ++
+      ++++     +++      +
+  BD  cd        ba  AC  +
+      ++++++++++++      +
++    ++          ++    ++
 ++++++            ++++++

[Move(S)];304
[Move(E)];1
[Move(S)];1
[Move(S)];1
[Move(S)];1
[Move(E)];0
[Move(E)];1
[Move(E)];0
[Move(E)];1
[Move(E)];0
[Move(E)];1
[Pull(N,E)];9
[Push(S,W)];1
[Push(W,W)];1
3269f3ae118a7e9b0f363a030505aa2da9b17657
unsuccessful
322
14
da5ef20452e9118a35690be3398bb126fe570da3
1495036926802
