green: 1,A,F,K,P,U
red: 0,B,G,L,Q,V
yellow: 2,C,H,M,R
blue: 3,D,I,N,S
pink: 4,E,J,O,T
++++++++++++++++
+0 A   E    B 2+
++++    O   ++++
+1   G    F    +
+  V    H   T+ +
+ P  K     I +C+
+ L     J    +3+
+    M     N +++
+ S R   Q   U  +
+g+j+m+p+s+v++D+
+f+i+l+o+r+u++ +
+e+h+k+n+q+t++4+
++++++++++++++++

[NoOp, Move(S), NoOp, NoOp, NoOp];698
[NoOp, Move(S), NoOp, NoOp, NoOp];2
[NoOp, Push(E,N), NoOp, NoOp, NoOp];0
[NoOp, Pull(E,N), NoOp, NoOp, NoOp];0
[NoOp, Move(E), NoOp, NoOp, NoOp];1
[NoOp, Push(E,S), NoOp, NoOp, NoOp];0
[NoOp, Push(S,W), NoOp, NoOp, NoOp];0
[NoOp, Pull(E,W), NoOp, NoOp, NoOp];0
[NoOp, Pull(N,W), NoOp, NoOp, NoOp];0
[NoOp, Push(S,S), NoOp, NoOp, NoOp];0
[NoOp, Push(S,S), NoOp, NoOp, NoOp];0
[NoOp, Push(S,W), NoOp, NoOp, NoOp];0
[NoOp, Push(W,S), NoOp, NoOp, NoOp];0
[NoOp, Push(S,S), NoOp, NoOp, NoOp];0
[NoOp, Push(S,S), NoOp, NoOp, NoOp];0
[NoOp, Move(N), NoOp, NoOp, NoOp];0
[NoOp, Move(N), NoOp, NoOp, NoOp];0
[NoOp, Move(E), NoOp, NoOp, NoOp];1
[NoOp, Move(N), NoOp, NoOp, NoOp];1
[NoOp, Move(N), NoOp, NoOp, NoOp];0
[NoOp, Move(W), NoOp, NoOp, NoOp];1
[NoOp, Move(N), NoOp, NoOp, NoOp];1
[NoOp, Move(W), NoOp, NoOp, NoOp];0
[NoOp, Move(N), NoOp, NoOp, NoOp];1
[NoOp, Move(N), NoOp, NoOp, NoOp];0
[NoOp, Move(N), NoOp, NoOp, NoOp];1
[NoOp, Move(N), NoOp, NoOp, NoOp];1
[NoOp, Pull(S,W), NoOp, NoOp, NoOp];0
[NoOp, Pull(E,N), NoOp, NoOp, NoOp];0
[NoOp, Push(W,S), NoOp, NoOp, NoOp];1
[NoOp, Push(S,W), NoOp, NoOp, NoOp];1
[NoOp, Push(W,W), NoOp, NoOp, NoOp];1
[NoOp, Push(W,W), NoOp, NoOp, NoOp];1
[Move(E), NoOp, NoOp, NoOp, NoOp];0
[Move(E), NoOp, NoOp, NoOp, NoOp];0
[Move(E), NoOp, NoOp, NoOp, NoOp];1
[Move(E), NoOp, NoOp, NoOp, NoOp];1
[Move(E), NoOp, NoOp, NoOp, NoOp];0
[Move(S), NoOp, NoOp, NoOp, NoOp];0
[Move(E), NoOp, NoOp, NoOp, NoOp];1
[Move(S), NoOp, NoOp, NoOp, NoOp];1
[Move(E), NoOp, NoOp, NoOp, NoOp];0
[Move(E), NoOp, NoOp, NoOp, NoOp];1
[Move(N), NoOp, NoOp, NoOp, NoOp];0
[Move(N), NoOp, NoOp, NoOp, NoOp];0
[Move(E), NoOp, NoOp, NoOp, NoOp];1
[Move(E), NoOp, NoOp, NoOp, NoOp];0
[Pull(S,E), NoOp, NoOp, NoOp, NoOp];0
[Pull(W,N), NoOp, NoOp, NoOp, NoOp];0
[Push(E,S), NoOp, NoOp, NoOp, NoOp];1
[Push(S,E), NoOp, NoOp, NoOp, NoOp];1
[Push(E,E), NoOp, NoOp, NoOp, NoOp];0
[Pull(W,E), NoOp, Move(W), NoOp, NoOp];0
[Pull(S,E), NoOp, Move(W), NoOp, NoOp];1
[Pull(W,N), NoOp, Move(W), NoOp, NoOp];1
[Pull(S,E), NoOp, Move(W), NoOp, NoOp];1
[Move(S), NoOp, Move(S), NoOp, NoOp];1
[Move(W), NoOp, Move(W), NoOp, NoOp];0
[Move(S), NoOp, Move(S), NoOp, NoOp];0
[Move(S), NoOp, Move(S), NoOp, NoOp];0
[Pull(N,W), NoOp, Push(W,W), NoOp, NoOp];1
[Push(S,S), NoOp, Push(W,S), NoOp, NoOp];1
[Push(S,S), NoOp, Push(S,W), NoOp, NoOp];0
[Push(S,S), NoOp, Push(W,W), NoOp, NoOp];0
[NoOp, NoOp, Push(W,S), NoOp, NoOp];0
[NoOp, NoOp, Push(S,W), NoOp, NoOp];0
[NoOp, NoOp, Push(W,W), NoOp, NoOp];0
[NoOp, NoOp, Push(W,S), NoOp, NoOp];1
[NoOp, NoOp, Push(S,S), NoOp, NoOp];1
[NoOp, NoOp, Push(S,S), NoOp, NoOp];0
[NoOp, NoOp, Push(S,S), NoOp, NoOp];0
[NoOp, NoOp, Push(S,S), NoOp, NoOp];0
[NoOp, NoOp, Move(N), NoOp, NoOp];1
[NoOp, NoOp, Move(N), NoOp, NoOp];0
[NoOp, NoOp, Push(E,N), NoOp, NoOp];0
[NoOp, NoOp, Push(N,W), NoOp, NoOp];0
[NoOp, NoOp, Move(N), NoOp, NoOp];1
[NoOp, NoOp, Move(N), NoOp, NoOp];1
[NoOp, NoOp, Move(E), NoOp, NoOp];0
[NoOp, NoOp, Move(N), NoOp, NoOp];1
[NoOp, NoOp, Move(E), NoOp, NoOp];0
[NoOp, NoOp, Move(E), NoOp, NoOp];0
[NoOp, NoOp, Move(N), NoOp, NoOp];1
[NoOp, NoOp, Move(E), NoOp, NoOp];0
[NoOp, NoOp, Move(E), NoOp, NoOp];1
[NoOp, NoOp, Move(N), NoOp, NoOp];0
[NoOp, NoOp, Move(E), NoOp, NoOp];0
[NoOp, NoOp, Move(E), NoOp, NoOp];1
[NoOp, NoOp, Move(S), NoOp, NoOp];0
[NoOp, NoOp, Move(E), NoOp, NoOp];1
[NoOp, NoOp, Move(E), NoOp, NoOp];0
[NoOp, NoOp, Move(E), NoOp, NoOp];1
[NoOp, NoOp, Move(S), NoOp, NoOp];0
[NoOp, NoOp, Pull(N,S), NoOp, NoOp];1
[NoOp, NoOp, Pull(W,S), NoOp, NoOp];1
[NoOp, NoOp, Pull(W,E), NoOp, NoOp];1
[NoOp, NoOp, Pull(W,E), NoOp, NoOp];0
[NoOp, NoOp, Pull(S,E), NoOp, NoOp];0
[NoOp, NoOp, Push(N,N), NoOp, NoOp];1
[NoOp, NoOp, Push(N,N), NoOp, NoOp];1
[NoOp, NoOp, Push(N,E), NoOp, NoOp];0
[NoOp, NoOp, Push(E,E), NoOp, NoOp];0
[NoOp, NoOp, Push(E,E), NoOp, NoOp];0
[NoOp, NoOp, NoOp, Move(N), NoOp];0
[NoOp, NoOp, NoOp, Move(N), NoOp];0
[NoOp, NoOp, NoOp, Move(N), NoOp];1
[NoOp, NoOp, NoOp, Move(W), NoOp];0
[NoOp, NoOp, NoOp, Move(W), NoOp];1
[NoOp, NoOp, NoOp, Move(W), NoOp];0
[NoOp, NoOp, NoOp, Move(S), NoOp];1
[NoOp, NoOp, NoOp, Push(S,E), NoOp];0
[NoOp, NoOp, NoOp, Pull(S,E), NoOp];0
[NoOp, NoOp, NoOp, Push(S,W), NoOp];1
[NoOp, NoOp, NoOp, Push(W,W), NoOp];1
[NoOp, NoOp, NoOp, Push(W,S), NoOp];0
[NoOp, NoOp, NoOp, Push(S,W), NoOp];1
[NoOp, NoOp, NoOp, Push(W,W), NoOp];1
[NoOp, NoOp, NoOp, Push(W,S), NoOp];0
[NoOp, NoOp, NoOp, Push(S,S), NoOp];0
[NoOp, NoOp, NoOp, Push(S,S), NoOp];1
[NoOp, Move(S), NoOp, NoOp, NoOp];1
[NoOp, Push(S,W), NoOp, NoOp, NoOp];0
[NoOp, Move(E), NoOp, NoOp, NoOp];1
[NoOp, Move(E), NoOp, NoOp, NoOp];0
[NoOp, Move(E), NoOp, NoOp, NoOp];1
[NoOp, Move(E), NoOp, NoOp, NoOp];0
[NoOp, Move(S), NoOp, NoOp, NoOp];1
[NoOp, Move(E), NoOp, NoOp, NoOp];0
[NoOp, Move(S), NoOp, NoOp, NoOp];0
[NoOp, Move(S), NoOp, NoOp, NoOp];1
[NoOp, Move(E), NoOp, NoOp, NoOp];0
[NoOp, Move(E), NoOp, NoOp, NoOp];0
[NoOp, Move(E), NoOp, NoOp, NoOp];1
[NoOp, Move(E), NoOp, NoOp, NoOp];0
[NoOp, Push(E,N), NoOp, NoOp, NoOp];0
[NoOp, Push(N,N), NoOp, NoOp, NoOp];0
[NoOp, Push(N,W), NoOp, NoOp, NoOp];0
[NoOp, Push(W,W), NoOp, NoOp, NoOp];1
[NoOp, Push(W,N), NoOp, NoOp, NoOp];1
[NoOp, Push(N,W), NoOp, NoOp, NoOp];0
[NoOp, Push(W,N), NoOp, NoOp, NoOp];0
[NoOp, Push(N,N), NoOp, NoOp, NoOp];0
[NoOp, Push(N,N), NoOp, NoOp, NoOp];1
[NoOp, Push(N,E), NoOp, NoOp, NoOp];0
[NoOp, Push(E,E), NoOp, NoOp, NoOp];0
[NoOp, Push(E,S), NoOp, NoOp, NoOp];0
[NoOp, Push(S,E), NoOp, NoOp, NoOp];0
[NoOp, Push(E,E), NoOp, NoOp, NoOp];0
[NoOp, Push(E,E), NoOp, NoOp, NoOp];0
[NoOp, Push(E,S), NoOp, NoOp, NoOp];0
[NoOp, Push(S,S), NoOp, NoOp, NoOp];0
[NoOp, Push(S,S), NoOp, NoOp, NoOp];0
[NoOp, NoOp, NoOp, Move(N), NoOp];1
[NoOp, NoOp, NoOp, Move(N), NoOp];0
[NoOp, NoOp, NoOp, Move(E), NoOp];1
[NoOp, NoOp, NoOp, Move(E), NoOp];0
[NoOp, NoOp, NoOp, Move(E), NoOp];1
[NoOp, NoOp, NoOp, Move(E), NoOp];0
[NoOp, NoOp, NoOp, Move(E), NoOp];1
[NoOp, NoOp, NoOp, Move(E), NoOp];0
[NoOp, NoOp, NoOp, Move(E), NoOp];1
[NoOp, NoOp, NoOp, Pull(W,S), NoOp];0
[NoOp, NoOp, NoOp, Pull(W,E), NoOp];0
[NoOp, NoOp, NoOp, Pull(W,E), NoOp];1
[NoOp, NoOp, NoOp, Pull(S,E), NoOp];0
[NoOp, NoOp, NoOp, Push(N,W), NoOp];0
[NoOp, NoOp, NoOp, Push(W,N), NoOp];1
[NoOp, NoOp, NoOp, Push(N,N), NoOp];0
[NoOp, NoOp, NoOp, Push(N,W), NoOp];0
[NoOp, NoOp, NoOp, Push(W,N), NoOp];1
[NoOp, NoOp, NoOp, Push(N,W), NoOp];0
[NoOp, NoOp, NoOp, Push(W,N), NoOp];0
[NoOp, NoOp, NoOp, Push(N,W), NoOp];1
[NoOp, NoOp, NoOp, Push(W,N), NoOp];0
[NoOp, NoOp, NoOp, Push(N,W), NoOp];0
[NoOp, NoOp, NoOp, Push(W,N), NoOp];1
[NoOp, NoOp, NoOp, Push(N,W), NoOp];0
[NoOp, NoOp, NoOp, Push(W,W), NoOp];0
[NoOp, NoOp, NoOp, Push(W,N), NoOp];1
[NoOp, NoOp, NoOp, Push(N,W), NoOp];0
[NoOp, NoOp, NoOp, Push(W,W), NoOp];1
[NoOp, NoOp, NoOp, Push(W,W), NoOp];0
[NoOp, NoOp, NoOp, NoOp, Move(N)];0
[NoOp, NoOp, NoOp, NoOp, Move(N)];0
[NoOp, NoOp, NoOp, NoOp, Move(N)];1
[NoOp, NoOp, NoOp, NoOp, Move(W)];0
[NoOp, NoOp, NoOp, NoOp, Move(W)];1
[NoOp, NoOp, NoOp, NoOp, Move(N)];0
[NoOp, NoOp, NoOp, NoOp, Move(N)];0
[NoOp, NoOp, NoOp, NoOp, Move(N)];1
[NoOp, NoOp, NoOp, NoOp, Pull(S,N)];0
[NoOp, NoOp, NoOp, NoOp, Pull(W,N)];0
[NoOp, NoOp, NoOp, NoOp, Push(E,S)];0
[NoOp, NoOp, NoOp, NoOp, Push(S,S)];0
[NoOp, NoOp, NoOp, NoOp, Push(S,W)];1
[NoOp, NoOp, NoOp, NoOp, Push(W,S)];0
[NoOp, NoOp, NoOp, NoOp, Push(S,S)];1
[NoOp, NoOp, NoOp, NoOp, Push(S,S)];0
[NoOp, NoOp, NoOp, Move(E), NoOp];1
[NoOp, NoOp, NoOp, Move(E), NoOp];0
[NoOp, NoOp, NoOp, Move(S), NoOp];0
[NoOp, NoOp, NoOp, Move(S), NoOp];1
[NoOp, NoOp, NoOp, Move(S), NoOp];0
[NoOp, NoOp, NoOp, Move(S), NoOp];0
[NoOp, NoOp, NoOp, Move(S), NoOp];1
[NoOp, NoOp, NoOp, Move(S), NoOp];0
[NoOp, NoOp, NoOp, Move(S), NoOp];0
[NoOp, NoOp, NoOp, Move(W), NoOp];1
[NoOp, NoOp, NoOp, Pull(S,W), NoOp];0
[NoOp, NoOp, NoOp, Push(N,E), NoOp];0
[NoOp, NoOp, NoOp, Push(E,E), NoOp];0
[NoOp, NoOp, NoOp, Push(E,E), NoOp];0
[NoOp, NoOp, NoOp, Push(E,E), NoOp];0
[NoOp, NoOp, NoOp, Push(E,E), NoOp];1
[NoOp, NoOp, NoOp, Push(E,E), NoOp];0
[NoOp, NoOp, NoOp, Push(E,E), NoOp];1
[NoOp, NoOp, NoOp, Push(E,E), NoOp];0
[NoOp, NoOp, NoOp, Push(E,E), NoOp];0
[NoOp, NoOp, NoOp, Push(E,E), NoOp];0
[NoOp, NoOp, NoOp, Push(E,E), NoOp];0
[NoOp, NoOp, NoOp, Push(E,S), NoOp];0
[NoOp, NoOp, NoOp, Push(S,S), NoOp];0
[NoOp, NoOp, NoOp, Push(S,S), NoOp];0
[NoOp, NoOp, NoOp, NoOp, Move(N)];0
[NoOp, NoOp, NoOp, NoOp, Move(N)];0
[NoOp, NoOp, NoOp, NoOp, Move(N)];0
[NoOp, NoOp, NoOp, NoOp, Move(N)];0
[NoOp, NoOp, NoOp, NoOp, Move(W)];1
[NoOp, NoOp, NoOp, NoOp, Move(W)];0
[NoOp, NoOp, NoOp, NoOp, Pull(N,W)];0
[NoOp, NoOp, NoOp, NoOp, Pull(N,S)];1
[NoOp, NoOp, NoOp, NoOp, Move(N)];0
[NoOp, NoOp, NoOp, NoOp, Move(N)];0
[NoOp, NoOp, NoOp, NoOp, Push(W,S)];0
[NoOp, NoOp, NoOp, NoOp, Pull(W,S)];0
[NoOp, NoOp, NoOp, NoOp, Pull(S,N)];0
[NoOp, NoOp, NoOp, NoOp, Pull(E,N)];1
[NoOp, NoOp, NoOp, NoOp, Push(W,W)];0
[NoOp, NoOp, NoOp, NoOp, Push(W,S)];1
[NoOp, NoOp, NoOp, NoOp, Push(S,S)];0
[NoOp, NoOp, NoOp, NoOp, Push(S,W)];1
[NoOp, NoOp, NoOp, NoOp, Push(W,S)];0
[NoOp, NoOp, NoOp, NoOp, Push(S,W)];0
[NoOp, NoOp, NoOp, NoOp, Push(W,S)];0
[NoOp, NoOp, NoOp, NoOp, Push(S,S)];0
[NoOp, NoOp, NoOp, NoOp, Push(S,W)];1
[NoOp, NoOp, NoOp, NoOp, Push(W,W)];0
[NoOp, NoOp, NoOp, NoOp, Push(W,W)];1
[NoOp, NoOp, NoOp, NoOp, Push(W,S)];0
[NoOp, NoOp, NoOp, NoOp, Push(S,S)];1
[NoOp, NoOp, NoOp, NoOp, Push(S,S)];0
[Move(N), Pull(N,S), Pull(W,E), Move(N), Move(N)];0
[Move(N), Pull(N,S), Move(W), Move(N), Move(N)];1
[Move(W), Pull(W,S), Move(S), Move(W), Move(E)];1
[Move(W), Pull(W,E), Move(W), Move(W), Move(E)];1
[Move(N), Pull(W,E), Move(W), Move(N), Move(E)];0
[Move(N), Pull(S,E), Move(S), Move(N), Move(N)];0
[Move(W), Pull(E,N), Move(W), Move(N), Move(N)];1
[Move(W), NoOp, Move(S), Push(W,W), Move(N)];1
[Move(W), Pull(S,W), Move(W), Push(W,S), Move(E)];0
[Move(W), Pull(S,N), Move(W), Push(S,S), Move(N)];0
[Pull(E,W), Pull(W,N), Move(S), Push(S,W), NoOp];1
[Pull(E,W), Push(E,S), Move(W), Push(W,S), Move(E)];1
[Push(W,S), Push(S,W), Move(W), Push(S,W), Move(N)];0
[Push(S,S), Push(W,S), NoOp, Push(W,W), Move(E)];0
[Push(S,E), Push(S,S), Move(S), Push(W,W), Move(E)];1
[Push(E,S), Push(S,S), Move(W), NoOp, Pull(W,N)];0
[Push(S,S), NoOp, Push(S,S), NoOp, Push(E,S)];0
[NoOp, NoOp, Push(S,E), Push(W,W), Push(S,W)];0
[NoOp, NoOp, NoOp, NoOp, Push(W,S)];1
[NoOp, NoOp, NoOp, NoOp, Push(S,S)];0
[NoOp, NoOp, NoOp, NoOp, Push(S,S)];0
[NoOp, NoOp, NoOp, NoOp, Push(S,S)];0
[NoOp, NoOp, NoOp, NoOp, Push(S,S)];0
[NoOp, NoOp, NoOp, NoOp, Push(S,S)];0
[NoOp, Move(N), NoOp, NoOp, NoOp];0
[NoOp, Move(N), NoOp, NoOp, NoOp];0
[NoOp, Move(W), NoOp, NoOp, NoOp];0
[NoOp, Move(N), NoOp, NoOp, NoOp];0
[NoOp, Move(N), NoOp, NoOp, NoOp];0
[NoOp, Move(E), NoOp, NoOp, NoOp];0
[NoOp, Move(N), NoOp, NoOp, NoOp];1
[NoOp, Move(N), NoOp, NoOp, NoOp];0
[NoOp, Push(W,W), NoOp, NoOp, NoOp];0
[NoOp, Push(W,S), NoOp, NoOp, NoOp];0
[NoOp, Push(S,W), NoOp, NoOp, NoOp];1
[NoOp, Push(W,W), NoOp, NoOp, NoOp];0
[NoOp, Push(W,S), NoOp, NoOp, NoOp];0
[NoOp, Push(S,W), NoOp, NoOp, NoOp];0
[NoOp, Push(W,W), NoOp, NoOp, NoOp];0
[NoOp, Push(W,S), NoOp, NoOp, NoOp];0
[NoOp, Push(S,W), NoOp, NoOp, NoOp];0
[NoOp, Push(W,W), Move(S), NoOp, NoOp];0
[NoOp, Push(W,S), NoOp, NoOp, NoOp];0
[NoOp, Push(S,S), NoOp, NoOp, NoOp];0
[NoOp, Push(S,W), NoOp, NoOp, NoOp];0
[NoOp, Push(W,W), NoOp, NoOp, NoOp];0
[NoOp, Push(W,S), NoOp, NoOp, NoOp];0
[NoOp, Push(S,S), NoOp, NoOp, NoOp];0
[NoOp, Move(N), NoOp, Pull(N,W), NoOp];0
[NoOp, Move(N), Move(N), Pull(N,S), NoOp];0
[NoOp, Move(N), Move(N), Pull(N,S), NoOp];1
[NoOp, Pull(E,N), Move(E), Push(S,W), NoOp];0
[NoOp, Pull(S,W), Pull(N,E), NoOp, NoOp];1
[NoOp, Pull(S,N), Push(S,W), NoOp, NoOp];0
[NoOp, Pull(E,N), Pull(N,S), NoOp, NoOp];0
[NoOp, NoOp, Push(S,E), NoOp, NoOp];1
[NoOp, NoOp, Push(E,E), Push(W,W), NoOp];0
[NoOp, NoOp, Push(E,E), Push(W,W), NoOp];1
[NoOp, NoOp, Push(E,E), NoOp, NoOp];0
[NoOp, NoOp, Push(E,S), NoOp, NoOp];1
[NoOp, NoOp, Push(S,E), NoOp, NoOp];0
[NoOp, NoOp, Push(E,S), NoOp, NoOp];0
[NoOp, NoOp, Push(S,S), NoOp, NoOp];0
[Move(N), NoOp, Move(N), NoOp, NoOp];0
[Move(N), NoOp, Move(N), NoOp, NoOp];0
[Move(N), NoOp, Move(W), NoOp, NoOp];1
[Move(N), NoOp, Move(W), NoOp, NoOp];0
[Move(N), NoOp, Move(W), NoOp, NoOp];0
[Push(N,W), NoOp, Move(W), NoOp, NoOp];0
[Push(W,S), NoOp, Move(W), NoOp, NoOp];0
[Push(S,S), NoOp, Pull(E,W), NoOp, NoOp];1
[Push(S,W), NoOp, Push(W,S), NoOp, NoOp];0
[Push(W,W), NoOp, Push(S,E), NoOp, NoOp];1
[Push(W,W), NoOp, Push(E,S), NoOp, NoOp];0
[Push(W,S), NoOp, NoOp, NoOp, NoOp];0
[Push(S,S), NoOp, NoOp, NoOp, NoOp];0
[Push(S,S), NoOp, NoOp, NoOp, NoOp];0
[Push(S,S), NoOp, NoOp, NoOp, NoOp];0
[Move(N), NoOp, NoOp, NoOp, NoOp];0
[Move(E), NoOp, NoOp, NoOp, NoOp];0
[Move(N), NoOp, NoOp, NoOp, NoOp];1
[Move(N), NoOp, NoOp, NoOp, NoOp];0
[Move(E), NoOp, NoOp, NoOp, NoOp];0
[Pull(W,N), NoOp, NoOp, NoOp, NoOp];0
[Push(E,E), NoOp, NoOp, NoOp, NoOp];0
[Push(E,E), NoOp, NoOp, NoOp, NoOp];0
[Push(E,E), NoOp, NoOp, NoOp, NoOp];0
[Push(E,S), NoOp, NoOp, NoOp, NoOp];0
[Push(S,S), NoOp, NoOp, NoOp, NoOp];0
[Push(S,E), NoOp, NoOp, NoOp, NoOp];1
[Push(E,E), NoOp, NoOp, NoOp, NoOp];0
[Push(E,S), NoOp, NoOp, NoOp, NoOp];0
[Push(S,E), NoOp, NoOp, NoOp, NoOp];0
[Push(E,E), NoOp, NoOp, NoOp, NoOp];0
[Push(E,E), NoOp, NoOp, NoOp, NoOp];0
[Push(E,S), NoOp, NoOp, NoOp, NoOp];0
[NoOp, Pull(N,W), Move(N), NoOp, NoOp];0
[NoOp, Push(S,E), NoOp, NoOp, Move(N)];0
[NoOp, Push(E,E), NoOp, NoOp, Move(N)];1
[NoOp, Push(E,E), NoOp, NoOp, NoOp];0
[NoOp, Push(E,E), NoOp, Push(W,S), NoOp];0
[NoOp, Push(E,S), NoOp, Push(S,S), NoOp];0
[NoOp, NoOp, NoOp, Push(S,S), NoOp];1
[NoOp, NoOp, NoOp, Push(S,S), NoOp];0
[NoOp, NoOp, NoOp, Move(N), NoOp];0
[NoOp, NoOp, NoOp, Move(E), NoOp];0
[NoOp, Move(E), NoOp, Move(E), NoOp];0
[NoOp, Move(N), NoOp, Move(E), NoOp];1
[NoOp, NoOp, NoOp, Move(E), NoOp];0
[NoOp, NoOp, NoOp, Move(E), NoOp];0
[Move(N), NoOp, NoOp, Move(E), NoOp];0
[NoOp, NoOp, NoOp, Move(E), NoOp];0
[NoOp, NoOp, NoOp, Move(E), NoOp];1
[NoOp, NoOp, NoOp, Move(E), NoOp];0
[NoOp, NoOp, NoOp, Move(E), NoOp];0
[NoOp, NoOp, NoOp, Move(E), NoOp];0
[NoOp, NoOp, NoOp, Move(S), NoOp];0
[NoOp, NoOp, NoOp, Move(S), NoOp];0
[NoOp, NoOp, NoOp, Pull(N,S), NoOp];0
[NoOp, NoOp, NoOp, Pull(N,S), NoOp];0
[NoOp, NoOp, NoOp, Pull(W,S), NoOp];0
[NoOp, NoOp, NoOp, Pull(W,E), NoOp];0
[NoOp, NoOp, NoOp, Pull(N,E), NoOp];0
[NoOp, NoOp, NoOp, Push(S,W), NoOp];0
[NoOp, NoOp, NoOp, Push(W,W), NoOp];0
[NoOp, NoOp, NoOp, Push(W,W), NoOp];0
[NoOp, NoOp, NoOp, Push(W,S), NoOp];0
[NoOp, NoOp, NoOp, NoOp, Move(N)];0
[NoOp, NoOp, NoOp, NoOp, Move(E)];0
[NoOp, NoOp, NoOp, NoOp, Move(N)];0
[NoOp, Move(S), NoOp, NoOp, Push(E,S)];0
[NoOp, NoOp, NoOp, NoOp, Push(S,W)];0
[NoOp, NoOp, NoOp, NoOp, Push(W,S)];1
[NoOp, NoOp, NoOp, NoOp, Push(S,W)];0
[NoOp, NoOp, NoOp, NoOp, Push(W,W)];0
[NoOp, NoOp, NoOp, NoOp, Push(W,S)];0
[NoOp, NoOp, NoOp, NoOp, Push(S,W)];0
[NoOp, NoOp, NoOp, NoOp, Push(W,W)];0
[NoOp, NoOp, NoOp, NoOp, Push(W,W)];0
[NoOp, NoOp, NoOp, NoOp, Push(W,S)];0
a6e49be4bf948a07806fefa1c531d2ddbe38aaf0
successful
816
391
2bac555b4a4ef58806e7f759c24c2eba3b34d250
1495030435569
