red: 0,A,E
green: 1,B
cyan: 2,C,D
+++++++++++++++++++++++++++++++++
+0    +               1         +
+ + + +++++++++++++++++++ + + + +
+ a B +         c   +   b     A +
+ + + + +++++++++++++++++ + + + +
+             2C                +
+++ +++++++++++++++++++++++++ +++
+++             Dd            +++
+++ +++++++++++++++++++++++++ +++
+++             eE            +++
+++ +++++++++++++++++++++++++ +++
+++             Bb            +++
+++ +++++++++++++++++++++++++ +++
+++             Bb            +++
+++ +++++++++++++++++++++++++ +++
+++             Bb            +++
+++++++++++++++++++++++++++++++++

[Move(S), Move(E), Pull(W,E)];42548
[Move(S), Move(E), Pull(W,E)];1
[Move(S), Move(E), Pull(W,E)];0
[Move(S), Move(E), Pull(W,E)];1
[Move(E), Move(E), Pull(W,E)];0
[Move(E), Move(E), Pull(W,E)];0
[Move(S), Move(E), Pull(W,E)];1
[Move(S), Move(S), Pull(N,E)];0
[Move(S), Move(S), Pull(N,S)];1
[Move(S), Move(S), Pull(E,S)];0
[Move(E), Move(S), Pull(E,W)];0
[Move(E), Move(S), Pull(E,W)];0
[Move(E), Move(S), Pull(E,W)];0
[Move(E), Move(S), Pull(E,W)];1
[Move(E), Move(S), Pull(E,W)];0
[Move(E), Move(S), Pull(E,W)];0
[Move(E), Move(S), Pull(E,W)];1
[Move(E), Move(W), Pull(E,W)];0
[Move(E), Move(W), Pull(E,W)];0
[Move(E), Move(W), NoOp];1
[Move(E), Move(W), NoOp];0
[Move(E), Move(W), NoOp];0
[Move(E), Move(W), NoOp];1
[Pull(W,E), Move(W), NoOp];0
[NoOp, Move(W), NoOp];0
[NoOp, Move(W), NoOp];1
[NoOp, Move(W), NoOp];0
[NoOp, Move(W), NoOp];0
[NoOp, Move(W), NoOp];0
[NoOp, Pull(E,W), NoOp];1
[NoOp, Pull(E,W), NoOp];0
[NoOp, Pull(E,W), NoOp];0
[NoOp, Pull(E,W), NoOp];1
[NoOp, Pull(E,W), NoOp];0
[NoOp, Pull(E,W), NoOp];0
[NoOp, Pull(E,W), NoOp];0
[NoOp, Pull(E,W), NoOp];0
[NoOp, Pull(E,W), NoOp];0
[NoOp, Pull(E,W), NoOp];0
[NoOp, Pull(E,W), NoOp];1
[NoOp, Pull(E,W), NoOp];0
[NoOp, Pull(N,W), NoOp];0
[NoOp, Pull(N,S), NoOp];0
[NoOp, Pull(W,S), NoOp];0
[NoOp, Push(E,N), NoOp];0
[NoOp, Push(N,N), NoOp];1
[NoOp, Push(N,N), NoOp];0
[NoOp, Push(N,N), NoOp];0
[NoOp, Push(N,N), NoOp];1
[NoOp, Push(N,N), NoOp];0
[NoOp, Push(N,W), NoOp];0
[NoOp, Push(W,W), NoOp];0
[NoOp, Push(W,W), NoOp];0
[NoOp, Push(W,W), NoOp];0
[NoOp, Push(W,W), NoOp];0
[Move(W), Move(S), NoOp];0
[Move(W), Move(S), NoOp];0
[Move(W), Move(W), NoOp];0
[Move(W), Move(W), NoOp];0
[Move(W), Move(W), NoOp];0
[Move(W), Move(W), NoOp];1
[Move(W), Move(W), NoOp];0
[Move(W), Move(W), NoOp];0
[Move(W), Move(W), NoOp];0
[Move(W), Move(W), NoOp];1
[Move(W), Move(W), NoOp];0
[Move(W), Move(W), NoOp];0
[Move(N), Move(W), NoOp];0
[Move(N), Move(W), NoOp];1
[Move(N), Move(W), NoOp];0
[Move(N), Move(W), NoOp];0
[Move(E), Move(W), NoOp];0
[Move(E), Move(W), NoOp];1
[Move(E), Move(W), NoOp];0
[Move(W), Move(W), NoOp];0
[Move(N), Move(W), NoOp];1
[NoOp, Move(W), NoOp];0
[NoOp, Move(W), NoOp];0
[NoOp, Move(W), NoOp];0
[NoOp, Move(S), NoOp];1
[NoOp, Move(S), NoOp];0
[NoOp, Move(S), NoOp];0
[NoOp, Move(S), NoOp];0
[NoOp, Move(S), NoOp];1
[NoOp, Move(S), NoOp];0
[NoOp, Move(S), NoOp];0
[NoOp, Move(S), NoOp];0
[NoOp, Move(E), NoOp];0
[NoOp, Move(E), NoOp];0
[NoOp, Move(E), NoOp];0
[NoOp, Move(E), NoOp];0
[NoOp, Move(E), NoOp];1
[NoOp, Move(E), NoOp];0
[NoOp, Move(E), NoOp];0
[NoOp, Move(E), NoOp];0
[NoOp, Move(E), NoOp];1
[NoOp, Move(E), NoOp];0
[NoOp, Move(E), NoOp];0
[NoOp, Move(E), NoOp];0
[NoOp, Push(E,E), NoOp];0
[NoOp, Move(W), NoOp];0
[NoOp, Move(W), NoOp];1
[NoOp, Move(W), NoOp];0
[NoOp, Move(W), NoOp];0
[NoOp, Move(W), NoOp];0
[NoOp, Move(W), NoOp];1
[NoOp, Move(W), NoOp];0
[NoOp, Move(W), NoOp];0
[NoOp, Move(W), NoOp];0
[NoOp, Move(W), NoOp];1
[NoOp, Move(W), NoOp];0
[NoOp, Move(W), NoOp];0
[NoOp, Move(W), NoOp];1
[NoOp, Move(S), NoOp];0
[NoOp, Move(S), NoOp];0
[NoOp, Move(E), NoOp];0
[NoOp, Move(E), NoOp];0
[NoOp, Move(E), NoOp];0
[NoOp, Move(E), NoOp];1
[NoOp, Move(E), NoOp];0
[NoOp, Move(E), NoOp];0
[NoOp, Move(E), NoOp];0
[NoOp, Move(E), NoOp];0
[NoOp, Move(E), NoOp];1
[NoOp, Move(E), NoOp];0
[NoOp, Move(E), NoOp];0
[NoOp, Move(E), NoOp];1
[NoOp, Push(E,E), NoOp];0
[NoOp, Move(W), Push(W,W)];1
[Move(S), Move(W), Push(W,W)];0
[Move(E), Move(W), Push(W,W)];0
[Move(E), Move(W), Push(W,W)];0
[Move(E), Move(W), Push(W,W)];0
[Move(E), Move(W), Push(W,W)];1
[Move(E), Move(W), Push(W,W)];0
[Move(E), Move(W), Push(W,W)];1
[Move(E), Move(W), Push(W,W)];0
[Move(E), Move(W), Push(W,S)];1
[Move(E), Move(W), Push(S,S)];0
[Move(E), Move(W), Push(S,E)];1
[Move(E), Move(W), Push(E,E)];0
[Move(E), Move(N), Push(E,E)];0
[Move(E), Move(N), Push(E,E)];0
[Move(E), Move(N), Push(E,E)];0
[Move(E), Move(N), Push(E,E)];1
[Move(E), Move(N), Push(E,E)];0
[Move(E), Move(N), Push(E,E)];1
[Move(E), Move(N), Push(E,E)];0
[Move(E), Move(N), Move(W)];0
[Move(E), Move(N), Move(W)];1
[Move(E), Move(N), Move(W)];0
[Move(E), Move(N), Move(W)];0
[Move(N), Move(N), Move(W)];1
[Move(N), Pull(W,E), Move(W)];0
[Move(E), Push(E,S), Move(W)];0
[Move(E), Push(S,S), Move(W)];1
[Pull(S,E), Push(S,S), Move(W)];0
[Push(N,W), Push(S,S), Move(W)];0
[Push(W,W), Push(S,S), Move(W)];0
[Push(W,S), Push(S,S), Move(W)];0
[Push(S,S), Push(S,S), Move(S)];1
[Push(S,W), Push(S,S), Move(S)];0
[Push(W,W), Push(S,E), Move(E)];0
[Push(W,W), Push(E,E), Move(E)];1
[Push(W,W), Push(E,E), Move(E)];0
[Push(W,W), Push(E,E), Move(E)];0
[Push(W,W), Push(E,E), Move(E)];1
[Push(W,W), Push(E,E), Move(E)];0
[Push(W,W), Push(E,E), Move(E)];0
[Push(W,W), Push(E,E), Move(E)];0
[Push(W,W), Push(E,E), Move(E)];0
[NoOp, Push(E,E), Move(E)];1
[NoOp, Push(E,E), Move(E)];0
[NoOp, Push(E,E), Move(E)];0
[NoOp, Push(E,E), Pull(W,E)];1
[NoOp, Push(E,E), Pull(W,E)];0
[NoOp, NoOp, Pull(W,E)];0
[NoOp, NoOp, Pull(W,E)];1
[NoOp, NoOp, Pull(W,E)];0
[NoOp, NoOp, Pull(W,E)];0
[NoOp, NoOp, Pull(W,E)];0
[NoOp, NoOp, Pull(W,E)];0
[NoOp, NoOp, Pull(W,E)];0
[NoOp, NoOp, Pull(W,E)];0
[NoOp, NoOp, Move(W)];0
[NoOp, NoOp, Move(W)];0
[NoOp, NoOp, Move(N)];0
[NoOp, NoOp, Move(N)];0
[NoOp, NoOp, Move(E)];0
[NoOp, NoOp, Move(E)];0
[NoOp, NoOp, Move(E)];1
[NoOp, NoOp, Move(E)];0
[NoOp, NoOp, Move(E)];0
[NoOp, NoOp, Move(E)];1
[NoOp, NoOp, Move(E)];0
[NoOp, NoOp, Move(E)];0
[NoOp, NoOp, Move(E)];1
[NoOp, NoOp, Move(E)];0
[NoOp, NoOp, Move(E)];0
[NoOp, NoOp, Move(E)];1
[NoOp, NoOp, Pull(W,E)];0
[NoOp, NoOp, Pull(W,E)];0
[NoOp, NoOp, Pull(W,E)];0
[NoOp, NoOp, Pull(W,E)];0
[NoOp, NoOp, Pull(W,E)];0
[NoOp, NoOp, Pull(W,E)];1
[NoOp, NoOp, Pull(W,E)];0
[NoOp, NoOp, Pull(W,E)];0
[NoOp, NoOp, Pull(W,E)];0
[NoOp, NoOp, Push(E,N)];0
[NoOp, NoOp, Push(N,N)];0
[NoOp, NoOp, Push(N,E)];0
[NoOp, NoOp, Push(E,E)];0
[NoOp, NoOp, Push(E,E)];0
[NoOp, NoOp, Push(E,E)];0
[NoOp, NoOp, Push(E,E)];0
[NoOp, NoOp, Push(E,E)];0
[NoOp, NoOp, Push(E,E)];1
[NoOp, NoOp, Push(E,E)];0
[NoOp, NoOp, Push(E,E)];0
[NoOp, NoOp, Move(W)];0
[NoOp, NoOp, Move(W)];0
[NoOp, NoOp, Move(W)];0
[NoOp, NoOp, Move(W)];0
[NoOp, NoOp, Move(W)];0
[NoOp, NoOp, Move(W)];0
[NoOp, NoOp, Move(W)];0
[NoOp, NoOp, Move(W)];1
[NoOp, NoOp, Move(S)];0
[NoOp, NoOp, Move(S)];0
[NoOp, NoOp, Move(W)];0
[NoOp, NoOp, Move(W)];0
[NoOp, NoOp, Move(W)];1
[NoOp, NoOp, Move(W)];0
[NoOp, NoOp, Move(S)];0
[NoOp, NoOp, Move(S)];0
[NoOp, NoOp, Move(E)];0
[NoOp, NoOp, Move(E)];1
[NoOp, NoOp, Push(E,E)];0
[NoOp, NoOp, Push(E,E)];0
[NoOp, NoOp, Push(E,E)];0
[NoOp, NoOp, Push(E,E)];0
[NoOp, NoOp, Push(E,E)];1
[NoOp, NoOp, Push(E,E)];0
[NoOp, NoOp, Push(E,E)];0
[NoOp, NoOp, Push(E,E)];1
[NoOp, NoOp, Push(E,E)];0
[NoOp, NoOp, Push(E,E)];0
[NoOp, NoOp, Push(E,E)];0
[Push(W,W), NoOp, NoOp];1
[Push(W,W), NoOp, NoOp];0
[Push(W,W), NoOp, NoOp];0
[Push(W,W), NoOp, NoOp];0
[Push(W,W), NoOp, NoOp];1
[Push(W,W), NoOp, NoOp];0
[Push(W,W), NoOp, NoOp];0
[Push(W,W), NoOp, NoOp];0
[Push(W,W), NoOp, NoOp];0
[Push(W,W), NoOp, NoOp];0
[Push(W,W), NoOp, NoOp];0
[Push(W,W), NoOp, NoOp];0
[Push(W,W), NoOp, NoOp];0
[Push(W,W), NoOp, NoOp];0
[Push(W,N), NoOp, NoOp];1
[Push(N,N), NoOp, NoOp];0
[Push(N,W), NoOp, NoOp];0
5c61d30fb95eb9b9b4972e625e9263b9dd59f2b9
successful
42608
266
4b96f91063c21628a07a99f22f849ab3b61dc480
1495030436484
