+++++++++++++++++++++++++++++
+B b                       A+
+                           +
+   a   0                   +
+++++++++++++++++++++++++++++
+   A                   a  B+
+                           +
+                           +
+       1                  b+
+++++++++++++++++++++++++++++

[Move(N), Move(N)];321
[Move(N), Move(W)];1
[Move(E), Move(N)];0
[Move(E), Move(W)];0
[Move(E), Move(W)];0
[Move(E), Move(N)];0
[Move(E), Pull(E,W)];1
[Move(E), Pull(S,W)];0
[Move(E), Push(N,E)];1
[Move(E), Push(E,E)];0
[Move(E), Push(E,E)];1
[Move(E), Push(E,E)];0
[Move(E), Push(E,E)];0
[Move(E), Push(E,E)];0
[Move(E), Push(E,E)];1
[Move(E), Push(E,E)];0
[Move(E), Push(E,E)];0
[Move(E), Push(E,E)];1
[Move(E), Push(E,E)];0
[Move(E), Push(E,E)];0
[Push(E,S), Push(E,E)];1
[Push(S,W), Push(E,E)];0
[Push(W,W), Push(E,E)];0
[Push(W,W), Push(E,E)];1
[Push(W,W), Push(E,E)];0
[Push(W,S), Push(E,E)];0
[Push(S,W), NoOp];1
[Push(W,W), NoOp];0
[Push(W,W), NoOp];0
[Push(W,W), NoOp];0
[Push(W,W), NoOp];1
[Push(W,W), NoOp];0
[Push(W,W), NoOp];0
[Push(W,W), NoOp];1
[Push(W,W), NoOp];0
[Push(W,W), NoOp];0
[Push(W,W), NoOp];0
[Push(W,W), NoOp];1
[Push(W,W), NoOp];0
[Push(W,W), NoOp];0
[Push(W,W), NoOp];1
[Push(W,W), NoOp];0
[Push(W,W), NoOp];0
[Push(W,W), NoOp];1
[Push(W,W), NoOp];0
[Move(N), Move(S)];0
[Move(W), Move(E)];0
[Move(W), Move(E)];1
[Move(W), Move(N)];0
[Move(N), Move(E)];0
[Pull(S,W), Push(E,S)];1
[Push(N,E), Push(S,S)];0
[NoOp, Push(S,S)];0
f4284f51d4efc15ea43da74681904fbbdf309003
successful
337
53
f103e0b44e868d87773c1e56cf0ea113190530dc
1495032284036
