blue: 0,A,E,H,K,N,Q
red: 1,B,F,I,L,O,R
green: 2,C,G,J,M,P,S
+++++++++++++++++++++++++++++
+BAC     +ONP            GEF+
++++     ++++            ++++
+LKM     0  1  2         JHI+
++++                     ++++
+                           ++++++++++
+                            s  r  q +
+S+                         ++++++++++
+Q+                         +
+R+                         +
++++++ +++ +++++++ +++ +++ ++
     + + + +     + + + + + +
     +p+ +m+     +j+ +g+ +c+
     + + + +     + + + + + +
     +o+ +l+     +i+ +f+ +b+
     + + + +     + + + + + +
     +n+ +k+     +h+ +e+ +a+
     + + + +     + + + + + +
     +++ +++     +++ +++ +++

0559df73b458bf317df4a2e3eb5c386bce3fa048
unsuccessful
0
0
cc2251cb96dd7ac9c7def69c0db931f4422b0c0a
1495032888461
