red: A,R,E,F,U,N,B,0,1
yellow: O,2,3
green: T,S,4,5
++++++++++++++++++++++++++++++++++++++++++++++++++++++++
+              ++++              ++++                  +++
+     +R++O+    +++     +O++T+    +++                  +++++++
++    +++++++    +++    +BO+R++          ++      ++    ++ 135++
  +   ++++++O    ++++   +++++++    +++++++++    +++++++++ 240+++
  +   +++++++    ++++   +++++++    +++++++++    +++++++++ +++++++
  +   +B++T+    +++++   ++++++    ++++++++++    +++++++          +
  +           +++++++           ++++++++++++    +++++             +
  +   ++++++    +++++   ++++++    ++++++++++    ++++      ++++     +
  +   +++++++    ++++   +++++++    ++ROBOT++    +++++     +  S++++++
  +   +++++++    ++++   +++++++                 +++++++      S++++++
  +   +++++++    ++++   +++++++    +++++++++    ++++++++++      ++++
++    +++++++    +++    ++++++     ++++++++      O++++++++++S     ++
+     +++++++    ++               +++++++R        O+     +++S      +
+     +++++++                    ++++++++B        T+              +
++   +++++++++++++++++++++  +++++++++++++++++++++++++           ++
+                                                           +++++
+    robots          robots          robots          robots     +
+++++++++++++++++++++++++++++++++++++++++++++++++++++++++++++++++
                        ++   ARE FUN   ++
                         +++++++++++++++

40e1e349a72d054ec7c7a8205dbb584d0588a050
unsuccessful
0
0
626ffa0508f42cf102e8dae7516960cc0580d135
1495033188479
