++++++++++++++++++++++++++++++++++++++++++++++++++++++++++++++++++++++
+    B+    B+    B+    B+    B+    B+    B+    B+    B+    B+    B++ +
++B +B +B +B +B +B +B +B +B +B +B +B +B +B +B +B +B +B +B +B +B +B + +
+ B+ B+ B+ B+ B+ B+ B+ B+ B+ B+ B+ B+ B+ B+ B+ B+ B+ B+ B+ B+ B+ B+ A+
++B +B +B +B +B +B +B +B +B +B +B +B +B +B +B +B +B +B +B +B +B +B + +
+ B+ B+ B+ B+ B+ B+ B+ B+ B+ B+ B+ B+ B+ B+ B+ B+ B+ B+ B+ B+ B+ B+ B+
++B +B +B +B +B +B +B +B +B +B +B +B +B +B +B +B +B +B +B +B +B +B + +
+ B+ B+ B+ B+ B+ B+ B+ B+ B+ B+ B+ B+ B+ B+ B+ B+ B+ B+ B+ B+ B+ B+ B+
++B +B +B +B +B +B +B +B +B +B +B +B +B +B +B +B +B +B +B +B +B +B + +
+ B+ B+ B+ B+ B+ B+ B+ B+ B+ B+ B+ B+ B+ B+ B+ B+ B+ B+ B+ B+ B+ B+ B+
++B +B +B +B +B +B +B +B +B +B +B +B +B +B +B +B +B +B +B +B +B +B + +
+ B+ B+ B+ B+ B+ B+ B+ B+ B+ B+ B+ B+ B+ B+ B+ B+ B+ B+ B+ B+ B+ B+ B+
++B +B +B +B +B +B +B +B +B +B +B +B +B +B +B +B +B +B +B +B +B +B + +
+ B+ B+ B+ B+ B+ B+ B+ B+ B+ B+ B+ B+ B+ B+ B+ B+ B+ B+ B+ B+ B+ B+ B+
++B +B +B +B +B +B +B +B +B +B +B +B +B +B +B +B +B +B +B +B +B +B + +
+ B+ B+ B+ B+ B+ B+ B+ B+ B+ B+ B+ B+ B+ B+ B+ B+ B+ B+ B+ B+ B+ B+ B+
++B +B +B +B +B +B +B +B +B +B +B +B +B +B +B +B +B +B +B +B +B +B + +
+ B+ B+ B+ B+ B+ B+ B+ B+ B+ B+ B+ B+ B+ B+ B+ B+ B+ B+ B+ B+ B+ B+ B+
++B +B +B +B +B +B +B +B +B +B +B +B +B +B +B +B +B +B +B +B +B +B + +
+ B+ B+ B+ B+ B+ B+ B+ B+ B+ B+ B+ B+ B+ B+ B+ B+ B+ B+ B+ B+ B+ B+ B+
++B +B +B +B +B +B +B +B +B +B +B +B +B +B +B +B +B +B +B +B +B +B + +
+ B+ B+ B+ B+ B+ B+ B+ B+ B+ B+ B+ B+ B+ B+ B+ B+ B+ B+ B+ B+ B+ B+ B+
++B +B +B +B +B +B +B +B +B +B +B +B +B +B +B +B +B +B +B +B +B +B + +
+ B+ B+ B+ B+ B+ B+ B+ B+ B+ B+ B+ B+ B+ B+ B+ B+ B+ B+ B+ B+ B+ B+ B+
++B +B +B +B +B +B +B +B +B +B +B +B +B +B +B +B +B +B +B +B +B +B + +
+ B+ B+ B+ B+ B+ B+ B+ B+ B+ B+ B+ B+ B+ B+ B+ B+ B+ B+ B+ B+ B+ B+ B+
++B +B +B +B +B +B +B +B +B +B +B +B +B +B +B +B +B +B +B +B +B +B + +
+ B+ B+ B+ B+ B+ B+ B+ B+ B+ B+ B+ B+ B+ B+ B+ B+ B+ B+ B+ B+ B+ B+ B+
++B +B +B +B +B +B +B +B +B +B +B +B +B +B +B +B +B +B +B +B +B +B + +
+ B+ B+ B+ B+ B+ B+ B+ B+ B+ B+ B+ B+ B+ B+ B+ B+ B+ B+ B+ B+ B+ B+ B+
++B +B +B +B +B +B +B +B +B +B +B +B +B +B +B +B +B +B +B +B +B +B + +
+ B+ B+ B+ B+ B+ B+ B+ B+ B+ B+ B+ B+ B+ B+ B+ B+ B+ B+ B+ B+ B+ B+ B+
++B +B +B +B +B +B +B +B +B +B +B +B +B +B +B +B +B +B +B +B +B +B + +
+ B+ B+ B+ B+ B+ B+ B+ B+ B+ B+ B+ B+ B+ B+ B+ B+ B+ B+ B+ B+ B+ B+ B+
++B +B +B +B +B +B +B +B +B +B +B +B +B +B +B +B +B +B +B +B +B +B + +
+ B+ B+ B+ B+ B+ B+ B+ B+ B+ B+ B+ B+ B+ B+ B+ B+ B+ B+ B+ B+ B+ B+ B+
++B +B +B +B +B +B +B +B +B +B +B +B +B +B +B +B +B +B +B +B +B +B + +
+ B+ B+ B+ B+ B+ B+ B+ B+ B+ B+ B+ B+ B+ B+ B+ B+ B+ B+ B+ B+ B+ B+ B+
++B +B +B +B +B +B +B +B +B +B +B +B +B +B +B +B +B +B +B +B +B +B + +
+ B+ B+ B+ B+ B+ B+ B+ B+ B+ B+ B+ B+ B+ B+ B+ B+ B+ B+ B+ B+ B+ B+ B+
++B +B +B +B +B +B +B +B +B +B +B +B +B +B +B +B +B +B +B +B +B +B + +
+ B+ B+ B+ B+ B+ B+ B+ B+ B+ B+ B+ B+ B+ B+ B+ B+ B+ B+ B+ B+ B+ B+ B+
++B +B +B +B +B +B +B +B +B +B +B +B +B +B +B +B +B +B +B +B +B +B + +
+ B+ B+ B+ B+ B+ B+ B+ B+ B+ B+ B+ B+ B+ B+ B+ B+ B+ B+ B+ B+ B+ B+ B+
++B +B +B +B +B +B +B +B +B +B +B +B +B +B +B +B +B +B +B +B +B +B + +
+ B+ B+ B+ B+ B+ B+ B+ B+ B+ B+ B+ B+ B+ B+ B+ B+ B+ B+ B+ B+ B+ B+ B+
++B +B +B +B +B +B +B +B +B +B +B +B +B +B +B +B +B +B +B +B +B +B + +
+ B+ B+ B+ B+ B+ B+ B+ B+ B+ B+ B+ B+ B+ B+ B+ B+ B+ B+ B+ B+ B+ B+ B+
++B +B +B +B +B +B +B +B +B +B +B +B +B +B +B +B +B +B +B +B +B +B + +
+ B+ B+ B+ B+ B+ B+ B+ B+ B+ B+ B+ B+ B+ B+ B+ B+ B+ B+ B+ B+ B+ B+ B+
++B +B +B +B +B +B +B +B +B +B +B +B +B +B +B +B +B +B +B +B +B +B + +
+ B+ B+ B+ B+ B+ B+ B+ B+ B+ B+ B+ B+ B+ B+ B+ B+ B+ B+ B+ B+ B+ B+ B+
++B +B +B +B +B +B +B +B +B +B +B +B +B +B +B +B +B +B +B +B +B +B + +
+ B+ B+ B+ B+ B+ B+ B+ B+ B+ B+ B+ B+ B+ B+ B+ B+ B+ B+ B+ B+ B+ B+ B+
++B +B +B +B +B +B +B +B +B +B +B +B +B +B +B +B +B +B +B +B +B +B + +
+ B+ B+ B+ B+ B+ B+ B+ B+ B+ B+ B+ B+ B+ B+ B+ B+ B+ B+ B+ B+ B+ B+ B+
++B +B +B +B +B +B +B +B +B +B +B +B +B +B +B +B +B +B +B +B +B +B + +
+ B+ B+ B+ B+ B+ B+ B+ B+ B+ B+ B+ B+ B+ B+ B+ B+ B+ B+ B+ B+ B+ B+ B+
++B +B +B +B +B +B +B +B +B +B +B +B +B +B +B +B +B +B +B +B +B +B + +
+ B+ B+ B+ B+ B+ B+ B+ B+ B+ B+ B+ B+ B+ B+ B+ B+ B+ B+ B+ B+ B+ B+ B+
++B +B +B +B +B +B +B +B +B +B +B +B +B +B +B +B +B +B +B +B +B +B + +
+ B+ B+ B+ B+ B+ B+ B+ B+ B+ B+ B+ B+ B+ B+ B+ B+ B+ B+ B+ B+ B+ B+ B+
++B +B +B +B +B +B +B +B +B +B +B +B +B +B +B +B +B +B +B +B +B +B + +
+ B+ B+ B+ B+ B+ B+ B+ B+ B+ B+ B+ B+ B+ B+ B+ B+ B+ B+ B+ B+ B+ B+ B+
++B +B +B +B +B +B +B +B +B +B +B +B +B +B +B +B +B +B +B +B +B +B + +
+ B+ B+ B+ B+ B+ B+ B+ B+ B+ B+ B+ B+ B+ B+ B+ B+ B+ B+ B+ B+ B+ B+ B+
++B +B +B +B +B +B +B +B +B +B +B +B +B +B +B +B +B +B +B +B +B +B + +
++0+ B+ B+ B+ B+ B+ B+ B+ B+ B+ B+ B+ B+ B+ B+ B+ B+ B+ B+ B+ B+ B+ B+
++a++   B +   B +   B +   B +   B +   B +   B +   B +   B +   B +    +
++++++++++++++++++++++++++++++++++++++++++++++++++++++++++++++++++++++

f29b49bfacfb3f0b3493ccc0edff9f13e73b8a67
unsuccessful
0
0
9aecde5ca9c21288ef917e39c0fe8b4595e74255
1495034391533
