red: 0,T,H,O,M,A,S,X,R,N,E
+++++++++++++++++++++++++++++
+      t   h  o   m   as  x +
+ +++++++++++++++++++++++++ +
+ +        H  O   M   AS  +++
+ +                        0+
+ +                         +
+ +                         +
+ +                         +
+ +                         +
+ +              A          +
+ +              R          +
+ +              N          +
+ +              E          +
+ +                         +
+ +                         +
+ +T                        +
+ +H                        +
+ +O                        +
+ +M                        +
+ +A                        +
+ +S                        +
+ +X                        +
+                           +
+++++++++++++++++++++++++++++

a888e3b5740c1f61c8141a8f43a7d10f8231cac3
unsuccessful
0
0
9563c5ca2585d3ee1dfedd93dced8c690c827f59
1495035640485
