++++++++++++++
+A    ++++AAA+
+ ++        a+
++++  A   + A+
++A+0+++  + ++
++++++aaa  a++
++a+Aa  + + ++
+   +aaaa  A +
+B  +aa   A  +
+cA +  +++   +
+C+ +++      +
+b+  AAA     +
++++++++++++++

[Move(N)];1233
[Move(E)];5
[Push(E,E)];2
[Push(E,E)];1
[Push(E,S)];0
[Push(S,S)];0
[Push(S,E)];1
[Push(E,E)];0
[Push(E,E)];0
[Move(W)];1
[Move(S)];1
[Move(S)];1
[Move(E)];1
[Push(S,S)];0
[Push(S,S)];0
[Push(S,S)];1
[Move(W)];1
[Move(W)];0
[Move(S)];0
[Push(W,N)];1
[Push(N,E)];1
[Move(S)];0
[Pull(E,W)];1
[Push(W,N)];0
[Move(W)];0
[Push(W,W)];0
[Push(W,W)];1
[Push(W,N)];1
[Push(N,N)];0
[Push(N,N)];1
[Push(W,W)];1
[Pull(N,W)];0
[Push(W,S)];0
[Move(E)];1
[Pull(W,S)];0
[Push(E,N)];0
[Pull(S,N)];1
[Push(N,W)];0
[Move(S)];0
[Move(E)];1
[Pull(W,N)];0
[Push(E,S)];0
[Move(W)];1
[Move(N)];0
[Push(W,N)];0
[Push(S,E)];0
[Push(S,S)];0
[Move(N)];0
[Pull(N,E)];1
[Push(S,S)];0
[Move(N)];0
[Pull(S,N)];1
[Pull(E,N)];1
[Move(E)];0
[Push(S,S)];0
[Move(N)];0
[Move(W)];0
[Push(W,N)];1
[Push(N,E)];0
[Push(E,N)];0
[Move(W)];0
[Move(S)];0
[Pull(E,S)];1
[Push(W,N)];1
[Move(S)];0
[Pull(N,S)];0
[Pull(E,N)];1
[Move(N)];0
[Pull(W,N)];0
[Push(E,S)];1
[Push(S,E)];0
[Push(E,S)];0
[Move(W)];1
[Move(N)];0
[Move(W)];0
[Push(S,E)];1
[Pull(N,S)];0
[Pull(E,S)];1
[Push(S,W)];0
[Push(W,S)];1
[Push(S,S)];0
[Move(N)];1
[Pull(E,N)];2
[Move(E)];0
[Pull(W,S)];1
[Pull(N,E)];0
[Pull(E,S)];0
[Push(W,N)];1
[Push(N,N)];0
[Move(S)];0
[Move(E)];1
[Move(S)];0
[Move(S)];0
[Push(S,E)];1
[Push(E,E)];0
[Push(E,E)];0
[Push(E,E)];0
[Push(E,E)];0
[Push(E,E)];0
[Push(E,N)];0
[Push(N,E)];1
[Push(E,N)];0
[Push(N,N)];0
[Push(N,W)];1
[Push(W,N)];0
[Push(N,N)];0
[Push(N,N)];0
[Push(N,W)];1
[Move(S)];0
[Move(S)];0
[Move(W)];0
[Move(W)];1
[Move(W)];0
[Move(W)];0
[Move(N)];0
[Pull(E,W)];1
[Push(W,S)];0
[Push(S,S)];0
[Move(E)];0
[Move(E)];1
[Move(E)];0
[Move(E)];0
[Move(E)];0
[Pull(W,E)];0
[Pull(S,E)];0
[Push(N,W)];0
[Push(W,W)];1
[Push(W,W)];0
[Push(W,W)];0
[Move(E)];0
[Move(E)];0
[Move(E)];0
[Move(S)];0
[Move(E)];1
[Move(S)];0
[Move(S)];0
[Pull(W,S)];0
[Push(E,N)];1
[Push(N,N)];0
[Push(N,W)];1
[Push(W,W)];0
[Push(W,W)];0
[Push(W,W)];1
[Move(E)];0
[Move(E)];1
[Move(E)];0
[Move(S)];1
[Move(S)];0
[Move(W)];0
[Pull(S,W)];1
[Push(N,E)];0
[Push(E,N)];1
[Push(N,N)];0
[Push(N,W)];1
[Push(W,W)];0
[Push(W,N)];1
[Move(E)];0
[Move(E)];0
[Move(S)];1
[Move(S)];0
[Move(W)];0
[Move(W)];0
[Pull(E,W)];0
[Pull(S,W)];0
[Push(N,E)];1
[Push(E,N)];0
[Push(N,N)];1
[Push(N,W)];0
[Push(W,W)];0
[Push(W,W)];0
[Push(W,N)];1
[Push(N,W)];0
[Move(S)];1
[Move(E)];0
[Move(E)];0
[Move(N)];1
[Move(N)];0
[Move(N)];0
[Move(N)];1
[Move(N)];0
[Move(N)];3
[Move(E)];1
[Move(E)];1
[Move(E)];0
[Push(S,W)];1
[Push(W,S)];0
[Move(N)];1
[Pull(S,N)];0
[Push(N,E)];1
[Move(S)];0
[Move(E)];1
[Pull(W,N)];0
[Pull(N,E)];0
[Move(E)];0
[Pull(S,N)];0
[Push(W,N)];1
[Push(N,W)];0
[Move(S)];0
[Pull(N,S)];1
[Move(N)];0
[Pull(S,W)];0
[Push(S,S)];0
[Move(E)];1
[Pull(W,N)];0
[Pull(N,S)];0
[Push(N,E)];0
[Move(S)];1
[Push(S,S)];0
[Move(N)];0
[Pull(S,W)];0
[Push(N,E)];1
[Move(S)];0
[Pull(N,S)];0
[Pull(W,S)];0
[Pull(W,E)];0
[Pull(S,E)];0
[Pull(W,N)];0
[Push(E,S)];0
[Push(S,S)];0
[Push(S,S)];1
[Push(S,S)];0
[Push(S,S)];0
[Push(S,W)];1
[Push(W,W)];0
[Push(W,N)];0
[Push(N,N)];1
[Push(N,W)];0
[Push(W,W)];0
[Move(E)];1
[Move(S)];0
[Move(S)];0
[Move(E)];1
[Move(E)];0
[Move(N)];1
[Move(N)];0
[Move(N)];0
[Move(N)];0
[Move(N)];0
[Move(N)];1
[Move(E)];0
[Move(E)];0
[Move(S)];0
[Pull(N,E)];1
[Pull(N,S)];0
[Push(S,W)];0
[Push(W,W)];0
[Push(W,W)];1
[Push(W,S)];0
[Push(S,S)];0
[Push(S,E)];0
[Push(E,S)];1
[Push(S,S)];0
[Push(S,S)];0
[Push(S,S)];0
[Push(S,W)];1
[Push(W,W)];0
[Push(W,N)];0
[Move(E)];1
[Move(E)];0
[Move(N)];0
[Move(N)];0
[Move(N)];1
[Move(N)];0
[Move(N)];0
[Move(N)];1
[Move(E)];0
[Move(E)];0
[Move(N)];1
[Pull(W,E)];0
[Push(E,S)];0
[Push(S,W)];1
[Push(W,W)];0
[Push(W,W)];0
[Push(W,S)];0
[Push(S,S)];0
[Move(E)];0
[Move(S)];0
[Pull(N,W)];1
[Push(S,S)];0
[Move(W)];0
[Pull(E,S)];1
[Push(S,E)];0
[Pull(W,E)];0
[Pull(W,E)];1
[Pull(W,E)];0
[Pull(S,E)];1
[Pull(E,N)];0
[Move(N)];1
[Move(E)];0
[Pull(W,N)];0
[Move(W)];0
[Pull(E,S)];1
[Push(E,E)];0
[Pull(N,E)];0
[Move(N)];0
[Move(W)];0
[Move(N)];0
[Move(W)];0
[Move(W)];0
[Move(W)];0
[Move(N)];0
[Move(W)];1
[Move(W)];0
[Pull(E,W)];0
[Pull(E,W)];0
[Pull(E,W)];0
[Push(W,S)];0
[Push(S,E)];0
[Push(E,E)];1
[Push(E,E)];0
[Push(E,S)];0
[Push(S,E)];0
[Push(E,S)];1
[Move(E)];0
[Move(S)];0
[Pull(N,W)];0
[Push(S,S)];1
[Move(W)];0
[Push(S,W)];0
[Pull(N,E)];1
462a915c2ebe1ec01ebd58b02f22267ee9754195
successful
1343
320
c4d6307b05f6b78459803629721516cf1614fed9
1495035966093
