red: 0,A
green: 1,B
cyan: Z
++++++++++++++++++++
+0ZA  Z     Z     a+
+ Z Z    ZZZZ ZZZZZ+
+ Z   Z   Z Z      +
+ Z ZZZ Z Z ZZZZZZ +
+ Z   Z   Z      Z +
+ ZZZ ZZ ZZZZZZZ Z +
+ Z          1ZZ   +
+ Z    ZZZZZZZ     +
+ Z  Z        ZZ   +
+ Z ZZZ Z Z Z Z ZZ +
+ ZZZ ZZ ZZ ZZ Z Z +
+ Z            ZZZ +
+ Z    ZZZZZ Z     +
+ Z        Z  ZZZZ +
+ Z ZZZ Z Z Z ZZZZ +
+ Z   Z   Z      Z +
+ ZZZ ZZ ZZZ ZZZZZ +
+ Z            Z   +
+ Z    ZZZZZZZ     +
+ Z     Z  Z   Z   +
+ Z Z Z Z Z Z  Z   +
+ Z Z Z Z Z Z ZZ   +
+              Z   +
+ ZBZZZ Z Z ZZZZZZ +
+ Z   Z   Z      Z +
+ ZZZ ZZ ZZZZZZZ Z +
+ Z            Z   +
+bZ    ZZZZZZZ     +
++++++++++++++++++++

73f0adbed1bf476fb7216582bfd5d76527ffd433
unsuccessful
0
0
fb0417b3f031c942cd11f7f92f1c3396e1a4f41d
1526656445039
