blue: 0,A,B,C,F
red: 1,G,E,H,I
green: 2,D
++++++++++++++++++++++++++++++++++++
+          f   F           ++    D +
+      I A BC              +d      +
+    H                     +++++++c+
+ G                              +b+
+1                              0+a+
+                                  +
+                                  +
+    E                             +
++++++++++++i+++++++++++++++++++++++
+e+                                +
+g+                                +
+h+                                +
+                                  +
+                                  +
+                          2       +
+                                  +
++++++++++++++++++++++++++++++++++++

348b2135ae999db90e90c51a6bbdad925a8bc794
unsuccessful
0
0
8072162be001c9c4431852c2441155b314a94bc6
1526656446885
