red: 0,A
green: 1,2,3,4,5
blue: 6,B
magenta: 7,C,D,E,F,G,H,I,J,K,L,M,N,O,P,Q,R,S,T,U,V,W
+++++++++++
+6       a+
+++++B+++++
+         +
+ +++3+++ +
+ +     + +
+ + +++ + +
+ + 102 +5+
+ + +++ + +
+ +     + +
+ +++4+++ +
+    A    +
+++++++++++
++++++++++++++++++++++++++
+wucdef             c   7+
++++++++++++++          c+
++++++++++++++       e   +
++++++++++++++          d+
+WUCDEF CECDF   C  f     +
++++++++++++++++++++++++++

80e242d326c6e022119fb841bc403e32525f3a75
unsuccessful
0
0
cea042187db5c955dd163fb68e01d9b0541818be
1526656436767
