+++++++++++++++++++++++++++++++++
++aAA+++++++++++AAAAAAAAAAAAAAAA+
+aaAAA++++++++++AA+++++++++++++A+
++a0AAAAAAAAAAAAAa+AAAAAAAAAAAAA+
++a+++++++++++++a++A+++++++++++++
++aaaaaaaaaaaaaaa+AAAAAAAAAAAAAA+
++aaaaaaaaaaaaaaa++++++++++++++A+
++aaaaaaaaaaaaaaa+AAAAAAAAAAAAAA+
++aaaaaaaaaaaaaaa+A++++++++++++++
++aaaaaaaaaaaaaaa+AAAAAAAAAAAAAA+
++a+a+a+a+a+a+a+a++++++++++++++A+
++a+a+a+a+a+a+a+a+AAAAAAAAAAAAAA+
++a+a+a+a+a+a+a+a+A++++++++++++++
++a+a+a+a+a+a+a+a+AAAAAAAAAAAAAA+
++a+a+a+a+a+a+a+a+++++A++++A+++A+
++a+a+a+a+a+a+a+a+++L+A+MM+A+++++
+++++++++++++++++++++++++++++++++

3a57c9c40f2670c683c40c713f3cde69f02ecf81
unsuccessful
0
0
de650bd6a85c8c7e58a4cef7d7264ffff4218adc
1526656074552
