+++++++++++++++++++++++++++++++++++++++++
+a0                 +                   +
+ +++ +++++++++++ + +++++ +++++++++++++ +
+   +     +     + +     + +     + +     +
+++ + + +++ +++ + +++ +++ +++++ + + +++++
+ + + +   +   +     +     +   +         +
+ + +++++ +++ +++++++ +++++++ + +++++++++
+  B+   +B    +         + B   + +   +   +
+++++ +++ + +++ +++ +++ + +++++ + + + + +
+   + +   +B  + +     +   +   +   + + + +
+ + + + +++++ + + +++ ++ ++ + ++ ++ +++ +
+ +   + +   B   +   +     + +     +     +
+ +++++ + +++++++++ +++++ +B+ +++++++ +++
+   B   + +   +   + + +   + +   +     + +
+++ +++++ + + +++ +   + +++ +++ + +++++ +
+    B    + +     + + + + + + + +   +   +
+ +++++ +++ ++++ ++ B + + +B+ + +++ + +++
+ +   +   +   +   + + + +   + + +   + + +
+ + + + + +++ + + + + + +++++ + + +++ + +
+   +   +  B  + +   + +       + +       +
+++++ +++ +++++ +++ + +++ +++++ +++++ +++
+   +   +   +     + +     +     +   +   +
+ + + +++++ + ++ ++ + +++++ +++++++ +++ +
+ + +     + B +   + +     + +     + +   +
+ + +++++ +++++ + + +++ + + + +++ + + +++
+ + +       +   + +   + + B + +   + +   +
+ + + +++++ + +++ +++ + + +++ + +++ + + +
+ + + +   + +   +   + + +B  + + +   + + +
+++ + +++ + +++ + + + + +++++ + + +++++ +
+   +     +   + + + B +   +         +   +
+ +++++++++++ + +++++++++ + + +++++++ + +
+ +     +   +  B    +   +   + +       + +
+ +++ + +++ +++ +++ +++ ++ ++ +++++++++ +
+   + +     +   + +         +       + + +
+++ + +++++++ +++ +++++ +++ +++ +++ + + +
+ + + + +   +   +       +       +   +   +
+ + + + + + +++ +++++++++ + +++++ +++++ +
+   +     + +   +         +     + + +   +
+ + +++++ + + +++ +++++++++++++ + + + + +
+ +       +   +               +   +   +A+
+++++++++++++++++++++++++++++++++++++++++

cc2fe901900fdce50109d8735ada301b6b089557
unsuccessful
0
0
001c34412db118af1669ed95f30bd059af5f20c9
1526656665020
