           +++
           +a+
           +b+
           +c+
    ++++++++d++++++++
    +E   AB   CD   F+
    +      e0f      +
+++++G+++++++++++++G+++++
+gh   +++++++++++++   hg+
+++++H+++++++++++++H+++++
    +  FORTY  FIVE  +
    +               +
    +  over  fifty  +
    +++++++++++++++++

[Move(N)];9707
[Move(W)];0
[Push(W,S)];0
[Pull(E,W)];0
[Pull(S,W)];0
[Push(N,E)];0
[Push(E,N)];0
[Push(N,N)];0
[Push(N,N)];0
[Push(N,N)];0
[Move(S)];0
[Move(S)];0
[Move(S)];0
[Move(S)];0
[Move(W)];0
[Push(W,N)];0
[Push(N,E)];0
[Push(E,E)];0
[Push(E,N)];0
[Push(N,N)];0
[Push(N,N)];0
[Move(S)];1
[Move(S)];0
[Move(E)];0
[Pull(W,E)];0
[Pull(W,E)];0
[Push(E,N)];0
[Push(N,N)];0
[Move(S)];0
[Move(E)];1
[Move(E)];0
[Pull(W,E)];0
[Pull(S,E)];0
[Push(N,W)];0
[Push(W,N)];0
[Move(W)];0
[Move(W)];0
[Move(W)];0
[Move(W)];0
[Move(W)];0
[Move(W)];0
[Pull(S,W)];0
[Pull(W,N)];0
[Push(E,E)];0
[Push(E,E)];0
[Push(E,E)];0
[Push(E,E)];0
[Push(E,E)];0
[Push(E,N)];0
[Pull(E,N)];0
[Move(E)];0
[Move(E)];1
[Move(E)];0
[Move(E)];0
[Move(E)];0
[Move(E)];0
[Move(N)];0
[Pull(S,E)];0
[Pull(W,N)];0
[Pull(W,E)];0
[Pull(W,E)];0
[Pull(W,E)];0
[Pull(N,E)];0
[Move(E)];0
[Move(S)];0
[Pull(E,W)];0
[Pull(E,W)];0
[Move(E)];0
[Move(E)];0
[Push(S,S)];1
[Push(S,E)];0
[Push(S,S)];0
[Push(S,W)];0
[Move(S)];0
[Move(W)];0
[Move(W)];0
[Move(W)];0
[Move(W)];0
[Move(W)];0
[Pull(E,N)];0
[Pull(E,W)];0
[Pull(E,W)];0
[Pull(E,W)];0
[Pull(S,W)];1
[Push(N,E)];0
[Push(E,N)];0
[Push(N,N)];0
[Push(N,N)];0
[Push(N,N)];0
[Push(N,N)];3
[Push(N,W)];0
[Push(W,W)];1
[Push(W,N)];0
[Push(N,W)];1
[Push(W,W)];0
[Push(W,S)];1
[Push(S,W)];0
[Push(W,W)];1
[Move(N)];0
[Move(W)];1
[Move(W)];0
[Move(W)];0
[Move(W)];0
[Move(W)];0
[Move(W)];0
[Move(W)];0
[Move(S)];0
[Move(W)];1
[Move(W)];0
[Push(S,S)];0
[Push(S,W)];0
[Push(W,W)];0
[Push(W,W)];0
[Push(W,W)];0
[Move(E)];0
[Move(E)];0
[Move(E)];0
[Pull(N,S)];0
[Push(S,W)];0
[Push(W,W)];0
[Push(W,W)];0
[Move(E)];0
[Move(E)];0
[Move(S)];0
[Move(S)];0
[Move(E)];0
[Move(S)];0
[Move(E)];0
[Move(E)];0
[Move(E)];1
[Move(E)];0
[Move(E)];0
[Move(E)];0
[Move(E)];0
[Move(E)];0
[Move(E)];0
[Move(E)];0
[Move(E)];0
[Move(E)];0
[Move(E)];0
[Move(N)];0
[Move(N)];0
[Move(N)];1
[Push(E,E)];0
[Push(E,E)];0
[Push(E,E)];0
[Move(W)];0
[Move(W)];0
[Move(W)];0
[Move(S)];0
[Move(S)];0
[Move(S)];0
[Move(W)];0
[Move(W)];0
[Move(W)];1
[Move(W)];0
[Move(W)];0
[Move(N)];0
[Move(W)];0
[Move(W)];0
[Move(S)];0
[Move(W)];0
[Move(W)];0
[Move(W)];0
[Move(W)];0
[Pull(E,N)];1
[Push(W,S)];0
[Push(S,W)];0
[Move(E)];0
[Move(E)];0
[Move(E)];0
[Move(E)];0
[Move(E)];0
[Move(N)];0
[Move(E)];0
[Move(E)];0
[Move(E)];0
[Pull(S,N)];0
[Pull(E,N)];0
[Push(W,W)];0
[Push(W,W)];0
[Push(W,W)];0
[Push(W,W)];0
[Push(W,W)];0
[Push(W,W)];0
[Push(W,W)];0
[Push(W,W)];0
[Move(N)];0
[Move(E)];0
[Move(E)];0
[Move(E)];0
[Move(E)];0
[Move(E)];0
[Move(E)];0
[Move(E)];0
[Move(E)];0
[Push(N,W)];0
[Push(W,S)];0
[Push(S,W)];1
[Push(W,S)];0
[Push(S,W)];0
[Push(W,W)];0
[Push(W,W)];0
[Push(W,W)];0
[Push(W,W)];0
[Push(W,W)];0
[Move(N)];0
[Move(W)];0
[Pull(W,N)];0
[Push(E,E)];0
[Push(E,S)];0
[Move(W)];0
[Move(W)];0
[Move(W)];0
[Pull(E,N)];0
[Pull(E,W)];0
[Pull(E,W)];0
[Pull(E,W)];0
[Pull(S,W)];0
[Pull(E,N)];0
[Pull(E,W)];1
[Pull(E,W)];0
[Move(E)];0
[Move(N)];0
[Pull(W,N)];0
[Pull(W,E)];0
[Push(E,S)];0
[Move(E)];0
[Move(N)];0
[Move(E)];0
[Move(E)];0
[Move(S)];0
[Move(E)];0
[Move(E)];0
[Move(N)];0
[Move(N)];0
[Move(N)];0
[Move(N)];1
[Move(N)];0
[Move(W)];0
[Move(W)];0
[Pull(E,W)];0
[Pull(E,W)];0
[Pull(N,W)];0
[Push(S,S)];0
[Push(S,S)];0
[Push(S,S)];0
[Push(S,S)];0
[Push(S,S)];0
[Push(S,W)];0
[Push(W,S)];0
[Push(S,W)];0
[Push(W,W)];0
[Push(W,W)];0
[Move(N)];1
[Move(W)];0
[Move(N)];0
[Move(W)];0
[Move(W)];0
[Move(W)];0
[Move(S)];0
[Move(W)];0
[Move(W)];0
[Pull(E,N)];0
[Pull(S,W)];0
[Push(N,E)];0
[Push(E,E)];0
[Push(E,E)];1
[Push(E,E)];0
[Push(E,E)];0
[Push(E,S)];0
[Move(N)];0
[Move(W)];0
[Move(W)];0
[Move(W)];0
[Move(W)];0
[Push(W,S)];0
[Push(S,E)];0
[Push(E,E)];0
[Push(E,E)];0
[Push(E,E)];0
[Push(E,E)];0
[Push(E,E)];0
[Push(E,S)];0
[Move(E)];0
[Push(N,E)];0
[Push(E,N)];0
[Push(N,N)];0
[Push(N,E)];0
[Push(E,E)];0
[Push(E,E)];0
defa70f40b718e1afe70097a865dc5c3367d2ae6
successful
9730
291
80e8c2042bbf1f37400981b712ba641ac5c6f0a2
1526655959769
