+++++++++++++++++++++++++++++
+a++++++++++++a++++++++++++a+
+aacceeggiikkmmooqqssuuwwyya+
++++++++++++++M++++++++++++++
+AAAA+++++++++K++++++++YYWWU+
+AA+++++++++++K+++++++++++US+
+AA+++++++++++I+++++++++++SQ+
+CC+++++++++++I+++++++++++QO+
+EE+++++++++++G+++++++++++OM+
+ ++++++++++++G++++++++++++ +
+            a a            +
++++++++++++++ ++++++++++++++
++++++++++++++ ++++++++++++++
++++++++++++++0++++++++++++++
++++++++++++++ ++++++++++++++
++++++++++++++ ++++++++++++++
+            b b            +
+ ++++++++++++F++++++++++++ +
+LN+++++++++++F+++++++++++DD+
+NP+++++++++++H+++++++++++BB+
+PR+++++++++++H+++++++++++BB+
+RT+++++++++++J+++++++++++BB+
+TVVZZ++++++++J+++++++++BBBB+
++++++++++++++L++++++++++++++
+bbddffhhjjllnnpprrttvvzzbbb+
+b++++++++++++b++++++++++++b+
+++++++++++++++++++++++++++++

3db60c7b66f24503383f37cce3effa0473d68a77
unsuccessful
0
0
d4cbfa98cde766e86f0bafb71f5d39c34bbecdee
1526655971631
