+++++++++++++++++++++++++++
+            +        i   +
+ ++++ +++++ + +++++ ++++ +
+ +  + +   + + +   + +  + +
+ ++++ +++++ + +++++ ++++ +
+  i                      +
+ ++++ ++ +++++++ ++ ++++ +
+ ++++ ++ +++++++ ++ ++++ +
+      ++    +    ++      +
++++++ +++++ + +++++ ++++++
     + +++++ + +++++ +
     + ++         ++r+
     + ++ +++ +++ ++ +
++++++ ++ +     + ++ ++++++
+   k     +     +         +
++++++ ++ +  0  + ++ ++++++
   + + ++ ++++ ++ ++
   + +  + NIKRIMA  + +
   + + ++         ++ +
++++++ ++ +++++++ ++ ++++++
+            +           m+
+ ++++ +++++ + +++++ ++++ +
+ ++++ +++++ + +++++ ++++ +
+a  ++               ++   +
+++ ++ ++ +++++++ ++ ++ +++
+++ ++ ++ +++++++ ++ ++ +++
+      ++    +    ++      +
+ ++++++++++ + ++++++++++ +
+ ++++++++++ + ++++++++++ +
+    n                    +
+++++++++++++++++++++++++++

[Move(E)];907
[Move(S)];0
[Pull(N,S)];0
[Pull(W,S)];0
[Pull(W,E)];0
[Push(E,N)];0
[Push(N,N)];0
[Push(N,N)];0
[Push(N,N)];0
[Push(N,E)];0
[Push(E,N)];0
[Push(N,N)];0
[Push(N,N)];0
[Push(N,E)];0
[Push(E,E)];0
[Push(E,E)];0
[Push(E,N)];0
[Push(N,N)];0
[Push(N,N)];0
[Push(N,E)];0
[Push(E,E)];0
[Push(E,E)];0
[Push(E,N)];1
[Push(N,N)];0
[Push(N,N)];0
[Push(N,N)];0
[Push(N,E)];0
[Push(E,E)];0
[Move(W)];0
[Move(W)];0
[Move(W)];0
[Move(W)];0
[Move(W)];0
[Move(W)];0
[Move(W)];0
[Move(S)];0
[Move(S)];0
[Move(S)];0
[Move(S)];0
[Move(W)];0
[Move(W)];0
[Move(W)];0
[Move(W)];0
[Move(W)];0
[Move(S)];0
[Move(S)];0
[Move(S)];0
[Move(E)];0
[Move(E)];0
[Move(E)];0
[Move(S)];0
[Move(S)];0
[Move(S)];0
[Move(W)];0
[Move(W)];0
[Move(W)];0
[Move(S)];0
[Move(S)];0
[Move(S)];0
[Move(S)];0
[Move(S)];0
[Move(S)];0
[Move(S)];0
[Move(E)];0
[Move(E)];0
[Pull(W,N)];0
[Pull(W,E)];0
[Pull(N,E)];0
[Pull(N,S)];0
[Pull(N,S)];0
[Pull(N,S)];0
[Pull(W,S)];0
[Pull(W,E)];0
[Pull(W,E)];0
[Pull(N,E)];0
[Pull(N,S)];0
[Pull(N,S)];0
[Pull(N,S)];0
[Pull(N,S)];0
[Pull(N,S)];0
[Pull(W,S)];0
[Push(E,N)];0
[Push(N,N)];0
[Push(N,N)];0
[Push(N,W)];0
[Push(W,W)];0
[Push(W,W)];0
[Move(E)];0
[Move(E)];0
[Move(E)];0
[Move(E)];0
[Move(E)];0
[Move(S)];0
[Move(S)];0
[Move(S)];0
[Move(E)];0
[Move(E)];0
[Move(E)];0
[Move(S)];0
[Move(S)];0
[Move(S)];0
[Move(E)];0
[Move(S)];0
[Move(S)];0
[Move(S)];0
[Move(S)];0
[Move(E)];0
[Move(S)];0
[Move(S)];0
[Pull(N,W)];0
[Push(S,S)];0
[Push(S,E)];0
[Push(E,E)];0
[Push(E,E)];0
[Push(E,N)];0
[Push(N,N)];0
[Push(N,N)];0
[Push(N,N)];0
[Push(N,E)];0
[Push(E,E)];0
[Push(E,E)];0
[Push(E,N)];0
[Push(N,N)];0
[Push(N,N)];0
[Move(S)];0
[Move(S)];0
[Move(W)];0
[Move(W)];0
[Move(W)];0
[Move(S)];0
[Move(S)];0
[Move(S)];0
[Move(S)];0
[Move(W)];0
[Move(W)];0
[Move(W)];0
[Move(N)];0
[Move(W)];0
[Push(W,W)];0
[Push(W,S)];0
[Push(S,W)];0
[Push(W,W)];0
[Push(W,N)];0
[Push(N,N)];0
[Push(N,N)];0
[Push(N,N)];0
[Push(N,W)];0
[Push(W,W)];0
[Push(W,W)];0
[Push(W,W)];0
[Push(W,W)];0
[Move(E)];0
[Move(E)];0
[Move(E)];0
[Move(E)];0
[Move(S)];0
[Move(S)];0
[Move(S)];0
[Move(S)];0
[Move(E)];0
[Move(E)];0
[Move(N)];0
[Move(E)];0
[Move(E)];0
[Move(E)];0
[Push(E,S)];0
[Push(S,E)];0
[Push(E,E)];0
[Push(E,S)];0
[Push(S,S)];0
[Push(S,E)];0
[Push(E,E)];0
[Push(E,E)];0
[Push(E,E)];0
[Push(E,E)];0
[Push(E,E)];0
[Push(E,E)];0
[Push(E,E)];0
[Move(W)];0
[Move(W)];0
[Move(W)];0
[Move(W)];0
[Move(W)];0
[Move(W)];0
[Move(W)];0
[Move(N)];0
[Move(N)];0
[Move(W)];0
[Push(N,W)];0
[Push(W,S)];0
[Push(S,W)];0
[Push(W,W)];0
[Push(W,W)];0
[Push(W,W)];0
[Push(W,W)];0
[Push(W,W)];0
[Push(W,S)];0
[Push(S,S)];0
[Push(S,W)];0
[Push(W,W)];0
[Push(W,W)];0
[Push(W,W)];0
[Push(W,W)];0
[Push(W,W)];0
[Push(W,W)];0
[Push(W,W)];0
[Push(W,S)];0
[Push(S,S)];0
[Push(S,S)];0
[Move(N)];0
[Move(N)];0
[Move(E)];0
[Move(E)];0
[Move(E)];0
[Move(E)];0
[Move(E)];0
[Move(E)];0
[Move(E)];0
[Move(E)];0
[Move(N)];0
[Move(N)];0
[Move(N)];0
[Pull(N,E)];1
[Push(S,S)];0
[Push(S,S)];0
[Push(S,S)];0
[Push(S,W)];0
[Push(W,W)];0
[Push(W,W)];0
[Push(W,S)];0
[Push(S,S)];0
[Push(S,S)];0
[Push(S,S)];0
[Push(S,S)];0
[Push(S,S)];0
[Push(S,W)];0
[Push(W,W)];0
[Push(W,W)];0
[Push(W,W)];0
[Push(W,W)];0
[Push(W,S)];0
[Push(S,S)];0
[Push(S,S)];0
[Push(S,E)];0
[Push(E,E)];0
[Push(E,E)];0
[Push(E,E)];0
c66f84ea19beaca19b45a364970720de39cb213e
successful
909
247
31297e0b04cbd07c12c1ab9b8931a7a9fc9abebd
1526657437820
