+++++++++++++++++++++++++++++++++++++++
+                                     +
+ +++++++++++++++++++++++++++++++++++ +
+ +                                 g +
+ +a+++++++++++++++++++++++++++++++++ +
+ +                                 + +
+ +  + +++++    + +++++    +++++++  + +
+ + +  ++++ +  +  +++  +  +   ++  + + +
+ + + +    ++  + +   + +  + +   + + + +
+ + + +++++++  + +   + +  + +++++ + + +
+ + +     +++  + +   + +  +  +++  + + +
+ + + ++ +     + +   +      +   + + + +
+ + + + + +++  + +++++ +  + +   + + + +
+ + ++   ++++  +++++++++  ++     ++ + +
+ +                               + + +
+ ++++++++++++++G++++++++++++++++++++ +
+A+0                                  +
+++++++++++++++++++++++++++++++++++++++

[Move(E)];7940
[Move(E)];0
[Move(E)];0
[Move(E)];0
[Move(E)];0
[Move(E)];0
[Move(E)];0
[Move(E)];0
[Move(E)];0
[Move(E)];0
[Move(E)];0
[Move(E)];0
[Move(E)];0
[Pull(E,N)];0
[Pull(E,W)];0
[Pull(E,W)];1
[Pull(E,W)];0
[Pull(E,W)];0
[Pull(E,W)];0
[Pull(E,W)];0
[Pull(E,W)];0
[Pull(E,W)];0
[Pull(E,W)];0
[Pull(E,W)];0
[Pull(E,W)];0
[Pull(E,W)];0
[Pull(E,W)];1
[Pull(E,W)];0
[Pull(E,W)];0
[Pull(E,W)];0
[Pull(E,W)];0
[Pull(E,W)];1
[Pull(E,W)];0
[Pull(E,W)];0
[Pull(N,W)];0
[Pull(N,S)];0
[Pull(N,S)];0
[Pull(N,S)];0
[Pull(N,S)];0
[Pull(N,S)];0
[Pull(N,S)];1
[Pull(N,S)];0
[Pull(N,S)];0
[Pull(N,S)];0
[Pull(N,S)];0
[Pull(N,S)];0
[Pull(N,S)];0
[Pull(W,S)];0
[Pull(W,E)];0
[Move(W)];0
[Move(W)];0
[Move(W)];0
[Move(W)];0
[Move(W)];0
[Move(W)];0
[Move(W)];0
[Move(W)];0
[Move(W)];0
[Move(W)];0
[Move(W)];0
[Move(W)];0
[Move(W)];0
[Move(W)];0
[Move(W)];0
[Move(W)];0
[Move(W)];0
[Move(W)];0
[Move(W)];0
[Move(W)];0
[Move(W)];0
[Move(W)];0
[Move(W)];0
[Move(W)];0
[Move(W)];0
[Move(W)];0
[Move(W)];0
[Move(W)];0
[Move(W)];0
[Move(W)];0
[Move(W)];0
[Move(W)];0
[Move(S)];0
[Move(S)];0
[Move(S)];0
[Move(S)];0
[Move(S)];0
[Move(S)];0
[Move(S)];0
[Move(S)];0
[Move(S)];0
[Move(S)];0
[Move(S)];0
[Move(E)];0
[Move(E)];0
[Move(E)];0
[Move(E)];0
[Move(E)];0
[Move(E)];1
[Move(E)];0
[Move(E)];0
[Move(E)];0
[Move(E)];0
[Move(E)];0
[Move(E)];0
[Move(E)];0
[Move(S)];0
[Move(S)];0
[Move(E)];0
[Move(E)];0
[Move(E)];0
[Move(E)];1
[Move(E)];0
[Move(E)];0
[Move(E)];0
[Move(E)];0
[Move(E)];0
[Move(E)];0
[Move(E)];0
[Move(E)];0
[Move(E)];0
[Move(E)];0
[Move(E)];0
[Move(E)];0
[Move(E)];0
[Move(E)];1
[Move(E)];0
[Move(E)];0
[Move(E)];0
[Move(N)];0
[Move(N)];2
[Move(N)];0
[Move(N)];0
[Move(N)];1
[Move(N)];0
[Move(N)];0
[Move(N)];2
[Move(N)];0
[Move(N)];2
[Move(N)];0
[Move(N)];0
[Move(N)];0
[Move(N)];0
[Move(N)];0
[Move(W)];0
[Move(W)];0
[Move(W)];0
[Move(W)];0
[Move(W)];0
[Move(W)];0
[Move(W)];0
[Move(W)];0
[Move(W)];0
[Move(W)];0
[Move(W)];0
[Move(W)];0
[Move(W)];0
[Move(W)];0
[Move(W)];0
[Move(W)];0
[Move(W)];0
[Move(W)];0
[Move(W)];0
[Move(W)];0
[Move(W)];0
[Move(W)];0
[Move(W)];0
[Move(W)];0
[Move(W)];0
[Move(W)];0
[Move(W)];0
[Move(W)];0
[Move(W)];0
[Move(W)];0
[Move(W)];0
[Move(W)];0
[Move(W)];1
[Move(W)];0
[Move(W)];0
[Move(W)];0
[Move(S)];0
[Move(S)];0
[Move(S)];0
[Move(S)];0
[Move(S)];0
[Move(S)];0
[Move(S)];0
[Move(S)];0
[Move(S)];0
[Move(S)];0
[Move(S)];1
[Move(S)];0
[Move(S)];0
[Move(S)];0
[Pull(N,S)];0
[Pull(N,S)];1
[Pull(N,S)];1
[Pull(N,S)];0
[Pull(N,S)];1
[Pull(N,S)];0
[Pull(N,S)];0
[Pull(N,S)];0
[Pull(N,S)];0
[Pull(N,S)];0
[Pull(N,S)];1
[Pull(N,S)];0
[Pull(N,S)];1
[Pull(N,S)];0
[Pull(E,S)];6
[Pull(E,W)];0
[Pull(E,W)];0
[Pull(E,W)];0
[Pull(E,W)];1
[Pull(E,W)];0
[Pull(E,W)];0
[Pull(E,W)];0
[Pull(E,W)];0
[Pull(E,W)];0
[Pull(E,W)];0
[Pull(E,W)];0
[Pull(E,W)];0
[Pull(E,W)];0
[Pull(E,W)];0
[Pull(E,W)];0
[Pull(E,W)];2
[Pull(E,W)];0
[Pull(E,W)];0
[Pull(E,W)];0
[Pull(E,W)];0
[Pull(E,W)];0
[Pull(E,W)];0
[Pull(E,W)];0
[Pull(E,W)];0
[Pull(E,W)];0
[Pull(E,W)];0
[Pull(E,W)];0
[Pull(E,W)];0
[Pull(E,W)];0
[Pull(E,W)];0
[Pull(E,W)];0
[Pull(E,W)];0
[Pull(E,W)];0
[Pull(E,W)];1
[Pull(E,W)];0
[Pull(S,W)];0
[Pull(S,N)];1
[Pull(S,N)];10
[Pull(S,N)];0
[Pull(S,N)];1
[Pull(S,N)];0
[Pull(S,N)];0
[Pull(S,N)];0
[Pull(S,N)];0
[Pull(S,N)];0
[Pull(S,N)];1
[Pull(S,N)];0
[Pull(S,N)];0
[Pull(S,N)];0
[Pull(S,N)];0
[Pull(W,N)];0
[Pull(W,E)];0
[Pull(W,E)];0
[Pull(W,E)];0
[Pull(W,E)];0
[Pull(W,E)];0
[Pull(W,E)];1
[Pull(W,E)];0
[Pull(W,E)];0
[Pull(W,E)];0
[Pull(W,E)];0
[Pull(W,E)];0
[Pull(W,E)];0
[Pull(W,E)];0
[Pull(W,E)];0
[Pull(W,E)];0
[Pull(W,E)];0
[Pull(W,E)];0
[Pull(W,E)];0
[Pull(W,E)];0
[Pull(W,E)];0
[Pull(W,E)];0
[Push(E,N)];0
[Push(N,N)];0
[Push(N,W)];0
[Push(W,W)];0
[Push(W,N)];0
[Push(N,N)];0
[Push(N,W)];0
[Push(W,N)];0
[Push(N,N)];0
[Push(N,N)];0
[Push(N,N)];0
[Push(N,N)];2
[Push(N,N)];0
[Push(N,N)];0
[Push(N,W)];0
[Push(W,W)];0
[Push(W,W)];0
[Push(W,W)];0
[Push(W,W)];0
[Push(W,W)];0
[Push(W,W)];0
[Push(W,W)];0
[Push(W,W)];0
[Push(W,W)];0
[Push(W,N)];0
1be888e8b6cb869f298c1c8fe4f1582bddf738ee
successful
7987
305
f254f2541bc327a84aa9cf8b4745f238a8a88be4
1526656066477
