red: 0,1,A,B
blue: 2,C
+++++++++++++++++++++++++++
+           c+b           +
+      +++++ ++++++++++++ +
+      +  C+ +            +
+a     +     ++ +++B+++++++
+++++ ++++++++            +
+A          C++++++++++++ +
+ ++++       +            +
+ ++++       + ++++++++++++
+    12      +       B   0+
+++++++++++++++++++++++++++

[Move(W), Move(W), Move(N)];176
[Move(W), Move(W), Move(N)];0
[Move(W), Move(W), Move(N)];0
[Push(W,W), Move(W), Move(W)];18
[Push(W,W), Move(N), Move(N)];21
[Push(W,W), Move(N), Move(N)];9
[Push(W,W), Push(N,E), Move(E)];12
[Push(W,W), Push(E,E), Move(N)];9
[Push(W,W), Push(E,E), Move(N)];12
[Push(W,W), Push(E,E), Move(N)];9
[Push(W,N), Push(E,N), Move(E)];10
[Push(N,N), Push(N,N), Move(E)];8
[Push(N,E), Push(N,W), Move(E)];8
[Push(E,E), Push(W,W), Move(E)];9
[Push(E,E), Push(W,W), Move(E)];10
[Push(E,E), Push(W,W), Move(E)];10
[Push(E,E), NoOp, Move(S)];10
[Push(E,E), NoOp, Move(S)];10
[Push(E,E), NoOp, Move(S)];15
[Push(E,E), NoOp, Move(W)];12
[Push(E,E), NoOp, Move(W)];10
[Push(E,E), NoOp, Pull(W,N)];11
[Push(E,E), NoOp, Push(E,E)];13
[Push(E,N), NoOp, Push(E,E)];13
[Push(N,N), NoOp, Push(E,N)];12
[Push(N,W), NoOp, Push(N,N)];9
[Push(W,W), NoOp, Push(N,N)];7
[Push(W,W), NoOp, NoOp];9
[Push(W,W), NoOp, NoOp];6
[Push(W,W), NoOp, NoOp];5
[Push(W,W), NoOp, NoOp];8
[Push(W,W), NoOp, NoOp];10
[Push(N,N), NoOp, NoOp];0
[Push(N,E), NoOp, NoOp];0
[Push(E,E), NoOp, NoOp];1
[Push(E,E), NoOp, NoOp];0
[Push(E,E), NoOp, NoOp];0
[Push(E,E), NoOp, NoOp];0
[Push(E,E), NoOp, NoOp];0
[Push(E,N), NoOp, NoOp];1
[Push(N,N), NoOp, NoOp];0
[Push(N,W), NoOp, NoOp];0
[Push(W,W), NoOp, NoOp];0
[Push(W,W), NoOp, NoOp];1
[Push(W,W), NoOp, NoOp];0
[Push(W,W), NoOp, NoOp];0
[Push(W,W), NoOp, NoOp];0
[Push(W,W), NoOp, NoOp];0
[Push(W,W), NoOp, NoOp];0
[Push(W,W), NoOp, NoOp];0
[Push(W,W), NoOp, NoOp];0
[Push(W,W), NoOp, NoOp];0
12d7766fed7bb54915ca8486b1d717182092904c
successful
484
52
0142956462eba12f9c152d8a1e012448ae25dbc1
1495030170779
