red: 0,A,E
green: 1,B
cyan: 2,C,D
+++++++++++++++++++++++++++++++++
+0    +               1         +
+ + + +++++++++++++++++++ + + + +
+ a B +         c   +   b     A +
+ + + + +++++++++++++++++ + + + +
+             2C                +
+++ +++++++++++++++++++++++++ +++
+++             Dd            +++
+++ +++++++++++++++++++++++++ +++
+++             eE            +++
+++ +++++++++++++++++++++++++ +++
+++             Bb            +++
+++ +++++++++++++++++++++++++ +++
+++             Bb            +++
+++ +++++++++++++++++++++++++ +++
+++             Bb            +++
+++++++++++++++++++++++++++++++++

[Move(E), Move(E), Move(W)];499
[Move(E), Move(E), Move(W)];0
[Move(E), Move(E), Move(W)];1
[Move(E), Move(S), Move(W)];0
[Move(S), Move(S), Move(W)];1
[Move(S), Move(S), Move(W)];0
[Move(S), Move(S), Move(W)];0
[Move(S), Move(E), Move(W)];0
[Move(W), Move(E), Move(E)];36
[Move(W), Move(E), Move(E)];0
[Move(S), Move(E), Move(E)];0
[Move(S), Move(S), Move(E)];0
[Move(E), Move(S), Move(E)];0
[Move(E), Move(S), Move(E)];1
[Move(E), Move(S), Move(E)];0
[Move(E), Move(S), Move(E)];0
[Move(E), Move(S), Move(W)];3
[Move(E), Move(S), Move(W)];1
[Move(E), Move(S), Move(W)];0
[Move(E), Move(W), Move(W)];1
[Move(E), Move(W), Move(W)];0
[Move(E), Move(W), Move(W)];0
[Move(E), Move(W), Move(W)];1
[Move(E), Move(W), Move(W)];2
[Move(W), Move(W), Move(W)];24
[Move(W), Move(W), Move(W)];0
[Move(W), Move(W), Move(W)];1
[Move(W), Move(W), Move(S)];0
[Move(W), Move(W), Move(S)];0
[Move(W), Move(W), Move(E)];1
[Move(W), Move(W), Move(E)];0
[Move(W), Pull(E,W), Move(E)];0
[Move(E), Move(E), Move(W)];74
[Move(E), Move(E), Move(W)];1
[Move(E), Move(E), Move(W)];0
[Move(E), Move(E), Move(N)];0
[Move(E), Move(E), Move(N)];1
[Move(E), Move(E), Move(E)];0
[Move(E), Move(E), Move(E)];0
[Move(E), Move(E), Move(E)];1
[Move(W), Move(E), Move(E)];26
[Move(W), Move(E), Move(E)];0
[Move(W), Move(E), Move(E)];1
[Move(W), Move(N), Move(E)];0
[Move(W), Move(N), Move(E)];1
[Move(W), Move(N), Move(E)];0
[Move(W), Move(N), Move(E)];3
[Move(W), Move(N), Move(E)];1
[Move(W), Move(N), Move(W)];4
[Move(W), Move(N), Move(W)];0
[Move(W), Move(N), Move(W)];1
[Move(W), Move(W), Move(W)];0
[Move(N), Move(W), Move(W)];1
[Move(N), Move(W), Move(W)];0
[Move(E), Move(W), Move(W)];0
[Move(E), Move(W), Move(W)];0
[Move(W), Move(W), NoOp];31
[Move(W), Move(W), Move(E)];0
[Move(S), Move(W), Move(E)];0
[Move(S), Move(W), Move(E)];0
[Move(E), Move(W), Move(E)];1
[Move(E), Move(W), Move(E)];0
[Move(E), Move(W), Move(E)];0
[Move(E), Move(W), Move(E)];0
[Move(E), Move(E), Move(E)];83
[Move(E), Move(E), Move(W)];1
[Move(E), Move(E), Move(W)];0
[Move(E), Move(E), Move(W)];0
[Move(E), Move(E), Move(W)];0
[Move(E), Move(E), Move(W)];0
[Move(E), Move(E), Move(W)];0
[Move(E), Move(E), Move(W)];1
[Move(W), Move(E), Move(W)];20
[Move(W), Move(E), Move(W)];0
[Move(W), Move(E), Move(W)];0
[Move(W), Move(E), Move(W)];0
[Move(W), Move(E), Move(S)];1
[Move(W), Move(S), Move(S)];0
[Move(W), Move(S), Move(E)];0
[Move(W), Move(W), Move(E)];0
[Move(W), Move(W), NoOp];5
[NoOp, Move(W), Move(W)];22
[Move(E), Move(W), Move(W)];0
[Move(E), Move(W), Move(N)];0
[Move(E), Move(W), Move(N)];0
[Move(E), Move(W), Move(E)];1
[Move(E), Move(W), Move(E)];0
[Move(E), Move(W), Move(E)];0
[Move(E), Move(W), Move(E)];0
[Move(E), Move(W), Move(E)];0
[Move(E), Move(W), Move(E)];0
[NoOp, Move(E), Move(E)];33
[Move(W), Move(E), Move(E)];0
[Move(W), Move(E), Move(E)];0
[Move(W), Move(E), Move(E)];0
[Move(W), Move(E), Move(E)];0
[Move(W), Move(E), Move(W)];5
[Move(W), Move(E), Move(W)];0
[Move(W), Move(E), Move(W)];0
[Move(W), Move(E), Move(W)];0
[Move(W), Move(E), Move(W)];0
[Move(W), Move(E), Move(W)];0
[Move(W), Move(E), Move(W)];0
[Move(W), Move(N), Move(W)];0
[Move(N), Move(N), Move(W)];0
[Move(N), Move(W), Move(W)];0
[Move(N), Move(W), NoOp];13
[Move(N), Move(W), Move(E)];0
[Move(S), Move(W), Move(E)];12
[Move(S), Move(W), Move(E)];0
[Move(E), Move(W), Move(E)];0
[Move(E), Move(W), Move(E)];0
[Move(E), Move(W), Move(E)];0
[Move(E), Move(W), Move(E)];0
[Move(E), Move(W), Move(E)];0
[Move(E), Move(W), Move(E)];1
[Move(E), Move(W), Move(E)];0
[Move(E), Move(W), NoOp];1
[Move(E), NoOp, Move(W)];122
[Move(W), Move(E), NoOp];23
[Move(W), Move(E), Move(E)];0
[Move(W), Move(E), Move(W)];3
[Move(W), Move(E), Move(W)];0
[Move(W), Move(E), Move(W)];0
[Move(W), Move(E), Move(W)];0
[Move(W), Move(E), Move(W)];0
[Move(W), Move(E), Move(W)];0
[Move(W), Move(E), Move(W)];0
[Move(S), Move(E), Move(W)];0
[Move(S), Move(E), Move(W)];0
[Move(E), Move(E), Move(W)];0
[Move(E), Move(E), Move(W)];0
[Move(E), Move(S), Move(S)];1
[Move(E), Move(S), Move(S)];0
[Move(E), Move(W), Move(E)];0
[Move(E), Move(W), Move(E)];0
[Move(E), Move(W), Move(E)];0
[Move(E), Move(W), Move(E)];0
[Move(E), Move(W), Move(E)];0
[Move(E), Move(W), Move(E)];1
[Move(E), Move(W), Move(E)];0
[Move(E), Move(W), Move(E)];0
[Move(W), Move(W), Move(E)];13
[Move(W), Move(W), Move(W)];2
[Move(W), Move(W), Move(W)];1
[Move(W), Move(W), Move(W)];0
[Move(W), Move(E), Move(W)];11
[Move(W), Move(E), Move(W)];0
[Move(W), Move(E), Move(W)];0
[Move(W), Move(E), Move(W)];0
[Move(W), Move(E), Move(W)];0
[Move(W), Move(E), Move(W)];0
[Move(W), Move(E), Move(N)];0
[Move(W), Move(E), Move(N)];0
[Move(N), Move(E), Move(E)];1
[Move(N), Move(E), Move(E)];0
[Move(E), Move(E), Move(E)];0
[Move(E), Move(E), Move(E)];0
[Move(E), Move(N), Move(E)];0
[Move(E), Move(N), Move(E)];0
[Move(E), Move(W), Move(E)];0
[Move(E), Move(W), Move(E)];1
[Move(E), Move(W), Move(E)];0
[Move(E), Move(W), Move(E)];0
[Move(E), Move(W), Move(E)];0
[Move(W), Move(W), NoOp];55
[Move(W), Move(W), Move(W)];0
[Move(W), Move(W), Move(W)];0
[Move(W), Move(W), Move(W)];0
[Move(W), Move(W), Move(W)];0
[Move(N), Move(W), Move(W)];0
[NoOp, Move(W), Move(W)];0
[NoOp, Move(W), Move(W)];0
[NoOp, Move(E), Move(W)];63
[NoOp, Move(E), Move(W)];0
[NoOp, Move(E), Move(W)];0
[NoOp, Move(E), Move(W)];0
[NoOp, Move(E), Move(S)];0
[NoOp, Move(E), Move(S)];0
[NoOp, Move(E), Move(E)];0
[NoOp, Move(E), Move(E)];1
[NoOp, Move(E), Move(E)];0
[NoOp, Move(E), Move(E)];0
[Move(S), Move(E), Move(E)];20
[Move(E), Move(E), Move(E)];0
[Move(E), Move(E), Move(E)];0
[Move(E), Move(S), Move(E)];0
[Move(E), Move(S), Move(E)];0
[Move(E), Move(W), Move(E)];1
[Move(E), Move(W), Move(E)];0
[Move(E), Move(W), Move(E)];0
[Move(W), Move(W), Push(E,E)];25
[Move(W), Move(W), Move(W)];13
[Move(W), Move(W), Move(W)];0
[Move(W), Move(W), Move(W)];0
[Move(W), Move(W), Move(W)];0
[Move(W), Move(W), Move(W)];0
[Move(W), Move(W), Move(W)];0
[Move(W), Move(W), Move(W)];0
[Move(W), Move(E), Move(W)];10
[Move(W), Move(E), Move(W)];0
[Move(W), Move(E), Move(W)];0
[Move(S), Move(E), Move(W)];0
[Move(S), Move(E), Move(W)];0
[Move(N), Move(E), NoOp];22
[Move(N), Move(E), Move(W)];0
[Move(E), Move(E), Move(N)];0
[Move(E), Move(E), Move(N)];0
[Move(E), Move(E), Move(E)];0
[Move(E), Move(E), Move(E)];0
[Move(E), Move(N), Move(E)];0
[Move(E), Move(N), Move(E)];0
[Move(E), Move(W), Move(E)];0
[Move(E), Move(W), Move(E)];1
[Move(E), Move(W), Move(E)];0
[Move(E), Move(W), Move(E)];0
[Move(E), Move(W), Move(E)];0
[Move(W), Move(W), Move(W)];325
[Move(W), Move(W), Move(W)];0
[Move(W), Move(W), Move(W)];0
[Move(W), Move(W), Move(W)];0
[Move(W), Move(W), Move(W)];0
[Move(W), Move(W), Move(W)];1
[Move(W), Move(W), Move(W)];0
[Move(W), Move(W), Move(W)];0
[Move(W), Move(E), Move(W)];81
[Move(W), Move(E), Move(S)];0
[Move(W), Move(E), Move(S)];0
[Move(S), Move(E), Move(S)];0
[Move(S), Move(E), Move(S)];0
[Move(S), Move(E), Move(E)];0
[Move(S), Move(E), Move(E)];0
[Move(E), Move(E), Move(E)];0
[Move(E), Move(E), Move(E)];0
[Move(E), Move(E), Move(E)];0
[Move(E), Move(E), Move(E)];0
[Move(E), Move(E), Move(E)];0
[Move(E), Move(E), Move(E)];0
[Move(E), Move(S), Move(E)];0
[Move(E), Move(S), Move(E)];0
[Move(E), Move(S), Move(E)];0
[Move(E), Move(S), Move(E)];0
[Move(E), Move(W), Move(E)];0
[Move(W), Move(W), NoOp];61
[Move(W), Move(W), Move(W)];0
[Move(W), Move(W), Move(W)];0
[Move(W), Move(W), Move(W)];0
[Move(W), Move(W), Move(W)];0
[Move(W), Move(W), Move(W)];0
[Move(W), Move(W), Move(W)];1
[Move(W), Move(W), Move(W)];0
[Move(W), Move(W), Move(W)];0
[Move(W), Move(W), Move(W)];0
[Move(W), Move(E), Move(W)];12
[Move(S), Move(E), Move(W)];0
[NoOp, Move(E), Move(W)];0
[NoOp, Move(E), Move(W)];0
[NoOp, Move(E), Move(N)];0
[NoOp, Move(E), Move(N)];0
[NoOp, Move(E), Move(N)];0
[NoOp, Move(E), Move(N)];1
[NoOp, Move(E), Move(E)];0
[NoOp, Move(E), Move(E)];0
[NoOp, Move(E), Move(E)];0
[NoOp, Move(N), Move(E)];0
[NoOp, Move(N), Move(E)];0
[NoOp, Move(N), Move(E)];0
[NoOp, Move(N), Move(E)];0
[NoOp, Move(W), Move(E)];1
[NoOp, Move(W), Move(E)];0
[NoOp, Move(W), Move(E)];0
[NoOp, Move(W), Move(E)];0
[NoOp, Move(W), Pull(W,E)];0
[NoOp, Move(W), Pull(W,E)];0
[NoOp, Move(W), Pull(W,E)];0
[Move(N), Move(W), Pull(W,E)];17
[Move(N), Move(W), Pull(W,E)];0
[Move(N), Move(W), Pull(W,E)];0
[Move(N), Move(W), Pull(W,E)];1
[Move(N), Move(W), Pull(N,E)];0
[Move(E), Move(W), Pull(N,S)];0
[Move(E), Move(W), Pull(E,S)];0
[Move(E), Move(W), Pull(E,W)];0
[Move(E), Move(W), Pull(E,W)];0
[Move(E), Move(W), Pull(E,W)];0
[Move(E), Move(W), Pull(E,W)];0
[Move(E), Move(E), Pull(E,W)];79
[Move(E), Move(E), Pull(E,W)];0
[Move(E), Move(E), Pull(E,W)];0
[Move(E), Move(E), Pull(E,W)];0
[Move(E), Move(E), Pull(E,W)];0
[Move(E), Move(E), NoOp];0
[Move(E), Move(E), NoOp];1
[Move(E), Move(E), NoOp];0
[Move(E), Move(E), NoOp];0
[Move(E), Move(E), NoOp];0
[Move(E), Move(E), NoOp];0
[Move(E), Move(E), NoOp];0
[Move(E), Move(E), NoOp];0
[Move(E), Move(E), NoOp];0
[Move(E), Move(E), NoOp];0
[Move(E), Move(E), NoOp];0
[Move(E), Move(E), NoOp];0
[Move(E), Move(E), NoOp];1
[Move(E), Move(S), NoOp];0
[Move(E), Move(S), NoOp];0
[Move(N), Move(S), NoOp];0
[Move(N), Move(S), NoOp];0
[Pull(N,E), Move(W), NoOp];0
[Push(S,W), Move(W), NoOp];0
[Push(W,W), Move(W), NoOp];0
[Push(W,W), Move(W), NoOp];0
[Push(W,W), Move(W), NoOp];0
[Push(W,S), Move(W), NoOp];0
[Push(S,S), Move(W), NoOp];0
[Push(S,W), Move(W), NoOp];0
[Push(W,W), Move(W), NoOp];0
[Push(W,W), Move(W), NoOp];0
[Push(W,W), Move(W), NoOp];0
[Push(W,W), Move(E), NoOp];10
[Push(W,W), Move(E), NoOp];0
[Push(W,W), Move(E), NoOp];1
[Push(W,W), Move(E), NoOp];0
[Push(W,W), Move(E), NoOp];0
[Push(W,W), Move(E), NoOp];0
[Push(W,W), Move(E), NoOp];0
[Push(W,W), Move(E), NoOp];0
[Push(W,W), Move(E), NoOp];0
[Push(W,W), Move(E), NoOp];0
[Push(W,W), Move(E), NoOp];0
[Push(W,W), Move(N), NoOp];0
[Push(W,W), Move(N), NoOp];1
[Push(W,W), Move(N), NoOp];0
[Push(W,W), Move(N), NoOp];0
[Push(W,W), Move(W), NoOp];0
[Push(W,N), Move(W), NoOp];0
[Push(N,N), Move(W), NoOp];0
[Push(N,N), Move(W), NoOp];3
[Push(N,N), Move(W), NoOp];0
[Push(N,W), Move(W), NoOp];0
[Push(W,W), Move(W), NoOp];0
[Push(W,S), Move(W), NoOp];0
[Push(S,S), Move(W), NoOp];0
[Push(S,W), Move(W), NoOp];0
[Move(S), Move(W), NoOp];3
[Move(S), Move(W), NoOp];0
[Move(S), Move(W), NoOp];0
[Move(S), Move(W), NoOp];0
[Move(S), Move(W), NoOp];0
[Move(S), Move(W), NoOp];0
[Move(E), Move(W), NoOp];0
[Move(E), Move(W), NoOp];0
[Move(E), Move(W), NoOp];0
[Move(E), Move(W), NoOp];0
[Move(E), Move(W), NoOp];0
[Move(E), Move(W), NoOp];0
[Move(E), Move(W), NoOp];0
[Move(E), Move(W), NoOp];0
[Move(E), Move(N), NoOp];0
[Move(E), Move(N), NoOp];0
[Move(E), Pull(S,W), NoOp];0
[Move(E), Pull(S,N), NoOp];0
[Move(E), Pull(W,N), NoOp];0
[Pull(W,E), Push(E,E), NoOp];1
[NoOp, Push(E,E), NoOp];0
[NoOp, Push(E,E), NoOp];1
[NoOp, Push(E,E), NoOp];0
[NoOp, Push(E,E), NoOp];0
[NoOp, Push(E,E), NoOp];0
[NoOp, Push(E,E), NoOp];0
[NoOp, Push(E,E), NoOp];0
[NoOp, Push(E,E), NoOp];0
[NoOp, Push(E,E), NoOp];0
[NoOp, Push(E,E), NoOp];1
[NoOp, Push(E,E), NoOp];0
[NoOp, Push(E,E), NoOp];0
[NoOp, Push(E,E), NoOp];0
[NoOp, Push(E,E), NoOp];0
[NoOp, Push(E,E), NoOp];0
[NoOp, Push(E,E), NoOp];0
[NoOp, Push(E,E), NoOp];0
[NoOp, Push(E,E), NoOp];0
[NoOp, Push(E,E), NoOp];0
[NoOp, Push(E,N), NoOp];0
[NoOp, Push(N,N), NoOp];0
[NoOp, Push(N,W), NoOp];1
[NoOp, Move(S), NoOp];50
[NoOp, Move(S), NoOp];0
[NoOp, Move(E), NoOp];0
[NoOp, Move(E), NoOp];0
[NoOp, Move(E), NoOp];1
[NoOp, Move(E), NoOp];0
[NoOp, Move(S), NoOp];0
[NoOp, Move(S), NoOp];0
[NoOp, Move(S), NoOp];0
[NoOp, Move(S), NoOp];0
[NoOp, Move(S), NoOp];0
[NoOp, Move(S), NoOp];0
[NoOp, Move(W), NoOp];1
[NoOp, Move(W), NoOp];0
[NoOp, Move(W), NoOp];0
[NoOp, Move(W), NoOp];0
[NoOp, Move(W), NoOp];0
[NoOp, Move(W), NoOp];0
[NoOp, Move(W), NoOp];1
[NoOp, Move(W), NoOp];0
[NoOp, Move(W), NoOp];0
[NoOp, Move(W), NoOp];0
[NoOp, Move(W), NoOp];0
[NoOp, Move(W), NoOp];0
[NoOp, Pull(E,W), NoOp];0
[NoOp, Pull(E,W), NoOp];0
[NoOp, Pull(E,W), NoOp];0
[NoOp, Pull(E,W), NoOp];0
[NoOp, Pull(E,W), NoOp];0
[NoOp, Pull(E,W), NoOp];0
[NoOp, Pull(E,W), NoOp];0
[NoOp, Pull(E,W), NoOp];0
[NoOp, Pull(E,W), NoOp];0
[NoOp, Pull(E,W), NoOp];0
[NoOp, Pull(E,W), NoOp];0
[NoOp, Pull(E,W), NoOp];0
[NoOp, Pull(S,W), NoOp];0
[NoOp, Pull(S,N), NoOp];0
[NoOp, Pull(W,N), NoOp];0
[NoOp, Push(E,S), NoOp];1
[NoOp, Push(S,S), NoOp];0
[NoOp, Push(S,W), NoOp];0
[NoOp, Push(W,W), NoOp];0
[NoOp, Push(W,W), NoOp];0
[NoOp, Push(W,W), NoOp];0
[NoOp, Push(W,W), NoOp];0
[NoOp, Push(W,W), NoOp];0
[NoOp, Push(W,W), NoOp];0
[NoOp, Push(W,W), NoOp];1
[NoOp, Push(W,W), NoOp];0
[NoOp, Push(W,W), NoOp];0
[NoOp, Push(W,W), NoOp];0
[NoOp, Push(W,W), NoOp];0
[NoOp, Move(E), NoOp];29
[NoOp, Move(E), NoOp];0
[NoOp, Move(E), NoOp];0
[NoOp, Move(E), NoOp];0
[NoOp, Move(E), NoOp];0
[NoOp, Move(E), NoOp];0
[NoOp, Move(E), NoOp];0
[NoOp, Move(E), NoOp];0
[NoOp, Move(E), NoOp];0
[NoOp, Move(E), NoOp];0
[NoOp, Move(E), NoOp];0
[NoOp, Move(N), NoOp];0
[NoOp, Move(N), NoOp];0
[NoOp, Move(N), NoOp];0
[NoOp, Move(N), NoOp];0
[NoOp, Move(W), NoOp];0
[NoOp, Move(W), NoOp];0
[NoOp, Move(W), NoOp];1
[NoOp, Move(W), NoOp];0
[NoOp, Move(W), NoOp];0
[NoOp, Move(W), NoOp];0
[NoOp, Move(W), NoOp];0
[NoOp, Move(W), NoOp];0
[NoOp, Move(W), NoOp];0
[NoOp, Move(W), NoOp];0
[NoOp, Move(W), NoOp];0
[NoOp, Move(W), NoOp];0
[NoOp, Move(W), NoOp];0
[NoOp, Move(W), NoOp];0
[NoOp, Move(W), NoOp];0
[NoOp, Move(W), NoOp];0
[NoOp, Move(W), NoOp];0
[NoOp, Move(W), NoOp];0
[NoOp, Move(W), NoOp];0
[NoOp, Move(W), NoOp];0
[NoOp, Move(W), NoOp];0
[NoOp, Move(W), NoOp];0
[NoOp, Move(W), NoOp];0
[NoOp, Move(W), NoOp];0
[NoOp, Move(W), NoOp];0
[NoOp, Move(W), NoOp];1
[NoOp, Move(S), NoOp];0
[NoOp, Move(S), NoOp];0
[NoOp, Move(S), NoOp];0
[NoOp, Move(S), NoOp];0
[NoOp, Move(E), NoOp];0
[NoOp, Move(E), NoOp];0
[NoOp, Move(E), NoOp];0
[NoOp, Move(E), NoOp];1
[NoOp, Move(E), NoOp];0
[NoOp, Move(E), NoOp];0
[NoOp, Move(E), NoOp];0
[NoOp, Move(E), NoOp];0
[NoOp, Move(E), NoOp];0
[NoOp, Move(E), NoOp];0
[NoOp, Move(E), NoOp];0
[NoOp, Move(E), NoOp];0
[NoOp, Pull(W,E), NoOp];0
[NoOp, Pull(W,E), NoOp];0
[NoOp, Pull(W,E), NoOp];0
[NoOp, Pull(W,E), NoOp];0
[NoOp, Pull(W,E), NoOp];0
[NoOp, Pull(W,E), NoOp];1
[NoOp, Pull(W,E), NoOp];0
[NoOp, Pull(W,E), NoOp];0
[NoOp, Pull(W,E), NoOp];0
[NoOp, Pull(W,E), NoOp];2
[NoOp, Pull(W,E), NoOp];0
[NoOp, Pull(W,E), NoOp];1
[NoOp, Pull(N,E), NoOp];1
[NoOp, Pull(N,S), NoOp];0
[NoOp, Pull(E,S), NoOp];1
[NoOp, Push(W,N), NoOp];0
[NoOp, Push(N,N), NoOp];1
[NoOp, Push(N,E), NoOp];0
[NoOp, Push(E,E), NoOp];0
[NoOp, Push(E,E), NoOp];0
[NoOp, Push(E,E), NoOp];1
[NoOp, Push(E,E), NoOp];0
[NoOp, Push(E,E), NoOp];0
[NoOp, Push(E,E), NoOp];0
[NoOp, Push(E,E), NoOp];1
[NoOp, Push(E,E), NoOp];0
[NoOp, Push(E,E), NoOp];0
[NoOp, Push(E,E), NoOp];0
[NoOp, Push(E,E), NoOp];0
[NoOp, Push(E,E), NoOp];1
[NoOp, Push(E,E), NoOp];0
328dd3d80fc500db0cccdbf10bf522e688f35675
successful
2009
527
409553a16a7c1c1a4701712457d9cf966ebd1381
1495030344860
