red: 0,I
green: 1,W
yellow: 2,N
blue: 3,B
++++++++++++++++++++++++++
+0     1     2     3     +
+  I     W     N     B   +
+                        +
+BRiNG+POwER+RAnGERS+bACK+
++++++++++++++++++++++++++

[Move(E), Move(E), Move(E), Move(E)];163
[Move(S), Move(S), Move(S), Move(S)];1
[Push(E,S), Push(E,S), Push(E,S), Push(E,S)];0
[Push(S,S), Push(S,S), Push(S,S), Push(S,S)];1
fde005d0d4904aa16b0e68a269ccd6d34457ce9e
successful
165
4
fae5adc8e6b574fbe107b41f88a8d1e6ef37f487
1495030346922
