red: 0,A
green: 1,2,3,4,5
blue: 6,B
+++++++++++
+6       a+
+++++B+++++
+         +
+ +++3+++ +
+ +     + +
+ + +++ + +
+ + 102 +5+
+ + +++ + +
+ +     + +
+ +++4+++ +
+    A    +
+++++++++++

[NoOp, NoOp, NoOp, NoOp, NoOp, NoOp, Move(E)];212
[NoOp, NoOp, NoOp, NoOp, NoOp, NoOp, Move(E)];0
[NoOp, NoOp, NoOp, NoOp, NoOp, NoOp, Move(E)];0
[NoOp, NoOp, NoOp, NoOp, NoOp, NoOp, Move(E)];1
[NoOp, NoOp, NoOp, NoOp, NoOp, NoOp, Push(S,S)];0
[NoOp, Move(W), NoOp, NoOp, NoOp, NoOp, Push(S,W)];1
[Move(W), Move(N), NoOp, NoOp, NoOp, NoOp, Push(W,W)];1
[Move(W), NoOp, NoOp, NoOp, NoOp, NoOp, NoOp];1
[Move(S), NoOp, NoOp, NoOp, NoOp, NoOp, NoOp];0
[Move(S), NoOp, NoOp, NoOp, NoOp, NoOp, NoOp];0
[Move(E), NoOp, NoOp, NoOp, NoOp, NoOp, NoOp];1
[Move(E), NoOp, NoOp, NoOp, NoOp, NoOp, NoOp];0
c276a9e5329350f5ca341e52e5e3ad07d6781bc1
unsuccessful
217
12
4dbe8d05df349be194768bdda8f0b558f99c9129
1495030616484
