+++++++++++++++++++++++++++++
+B b                       A+
+                           +
+   a   0                   +
+++++++++++++++++++++++++++++
+   A                   a  B+
+                           +
+                           +
+       1                  b+
+++++++++++++++++++++++++++++

[Move(W), Move(N)];167
[Move(W), Move(W)];0
[Move(W), Move(W)];0
[Move(W), Move(W)];1
[Move(W), Move(N)];0
[Move(W), Move(N)];0
[Move(N), Pull(E,W)];1
[Move(N), Pull(E,W)];0
[Pull(S,W), Pull(E,W)];0
[Push(N,E), Pull(E,W)];1
[Move(S), Pull(E,W)];26
[Move(E), Pull(E,W)];0
[Move(E), Pull(E,W)];1
[Move(E), Pull(E,W)];0
[Move(E), Pull(E,W)];0
[Move(E), Pull(E,W)];0
[Move(E), Pull(E,W)];0
[Move(E), Pull(E,W)];1
[Move(E), Pull(E,W)];0
[Move(E), Pull(E,W)];0
[Move(E), Pull(E,W)];0
[Move(E), Pull(E,W)];1
[Move(E), Pull(E,W)];0
[Move(E), Pull(E,W)];0
[Move(E), Pull(E,W)];0
[Move(E), Pull(E,W)];0
[Move(E), Move(E)];5
[Move(E), Push(E,S)];0
[Move(E), Push(S,S)];1
[Move(E), Push(S,S)];0
[Move(E), NoOp];0
[Move(E), NoOp];0
[Move(E), NoOp];1
[Move(E), NoOp];0
[Move(E), NoOp];0
[Move(N), NoOp];0
[Pull(W,E), NoOp];0
[Pull(W,E), NoOp];1
[Pull(W,E), NoOp];0
[Pull(W,E), NoOp];0
[Pull(W,E), NoOp];0
[Pull(W,E), NoOp];0
[Pull(W,E), NoOp];1
[Pull(W,E), NoOp];0
[Pull(W,E), NoOp];0
[Pull(W,E), NoOp];0
[Pull(W,E), NoOp];1
[Pull(W,E), NoOp];0
[Pull(W,E), NoOp];1
[Pull(W,E), NoOp];0
[Pull(W,E), NoOp];0
[Pull(W,E), NoOp];0
[Pull(W,E), NoOp];1
[Pull(W,E), NoOp];0
[Pull(W,E), NoOp];0
[Pull(W,E), NoOp];0
[Pull(W,E), NoOp];0
[Pull(S,E), NoOp];1
[Pull(S,N), NoOp];0
[Pull(E,N), NoOp];0
[Push(W,W), NoOp];0
3f6351c51866644b64183bf7e631a86c7e531e2f
successful
212
61
0f818e71e7014fccdf27df5f57df462d22364df2
1495030616728
