red:0,V
yellow:1,D
magenta:2,W
orange:3,F
green:H
+++++++++++++++++++++++++++++++
+        TEAM LIQUORICE       +
+++++++++++++++++++++++++++++++
+0          M    w           2+
+ + + + + + + + + + + + + + + +
+               H             +
+ + + + + + + + + + + + + + + +
+   H                 W       +
+ + + + + + + + + + + + + + + +
+     D                       +
+ + + + + + + + + + +H+ + + + +
+  v       d     H           V+
+ + + + + + + + + + + + + + + +
+3f              F          V1+
+++++++++++++++++++++++++++++++
+      BOMBERMAN CLASSIC      +
+++++++++++++++++++++++++++++++

[Move(E), NoOp, Move(W), Move(E)];388
[Move(E), NoOp, Move(W), Move(E)];1
[Move(E), NoOp, Move(W), Move(E)];0
[Move(E), NoOp, Move(W), Move(E)];0
[Move(E), NoOp, Move(W), Move(E)];1
[Move(E), NoOp, Move(W), Move(E)];0
[Move(E), NoOp, Move(S), Move(E)];0
[Move(E), NoOp, Move(S), Move(E)];1
[Move(E), NoOp, Move(S), Move(E)];0
[Move(E), NoOp, Move(S), Move(E)];0
[Move(S), NoOp, Push(W,W), Move(E)];13
[Move(S), NoOp, Push(W,W), Move(E)];0
[Move(E), NoOp, Push(W,W), Move(E)];0
[Move(E), NoOp, Push(W,W), Move(E)];1
[Move(E), NoOp, Push(W,W), Move(E)];0
[Move(E), NoOp, Push(W,N), Push(E,N)];1
[Move(S), Move(N), Push(N,N), Move(W)];48
[Move(S), Move(S), Push(N,N), Move(W)];6
[Move(E), Move(N), Push(N,N), Move(N)];6
[Move(E), Move(S), NoOp, Move(N)];13
[Move(E), Move(N), NoOp, Move(E)];8
[Move(E), Move(S), NoOp, Move(W)];17
[Move(E), Move(N), NoOp, Move(S)];9
[Move(E), Move(S), NoOp, Move(S)];6
[Move(E), Move(N), NoOp, Move(E)];8
[Move(E), Move(S), NoOp, Move(E)];10
[Move(E), Move(N), NoOp, Pull(W,N)];7
[Move(E), Move(S), NoOp, Pull(W,E)];5
[Move(S), Move(N), NoOp, Pull(N,E)];6
[Move(S), Move(S), NoOp, Push(S,W)];6
[Move(E), Move(N), NoOp, Push(W,W)];7
[Move(E), Move(S), NoOp, Push(W,W)];7
[Move(S), Move(N), NoOp, Push(W,W)];6
[Move(S), Move(S), NoOp, Push(W,W)];7
[Move(E), Move(N), NoOp, Push(W,W)];6
[Pull(W,E), NoOp, NoOp, Push(W,W)];8
[Pull(N,E), Move(S), NoOp, Push(W,W)];0
[Push(S,W), Move(N), NoOp, Push(W,W)];8
[Push(W,W), Move(N), NoOp, Push(W,W)];0
[Push(W,W), Move(W), NoOp, Push(W,W)];0
[Push(W,W), Move(W), NoOp, Push(W,W)];0
[Push(W,W), Move(W), NoOp, Push(W,W)];0
[Push(W,W), Move(W), NoOp, NoOp];0
[Push(W,W), Move(W), NoOp, NoOp];0
[Push(W,W), Move(W), NoOp, NoOp];0
[Push(W,W), Move(W), NoOp, NoOp];1
[Pull(S,W), Move(W), NoOp, NoOp];18
[Pull(S,N), Move(W), NoOp, NoOp];0
[Pull(E,N), Move(W), NoOp, NoOp];0
[Push(W,W), Move(W), NoOp, NoOp];0
[Push(W,W), Move(E), NoOp, NoOp];7
[Push(W,W), Move(N), NoOp, NoOp];0
[Push(W,W), Move(N), NoOp, NoOp];0
[Push(W,W), Move(W), NoOp, NoOp];0
[Push(W,W), Move(W), NoOp, NoOp];0
[Push(W,W), Move(W), NoOp, NoOp];0
[Push(W,W), Move(W), NoOp, NoOp];0
[Push(W,W), Move(W), NoOp, NoOp];0
[Push(W,W), Move(W), NoOp, NoOp];0
[Push(W,W), Move(W), NoOp, NoOp];0
[Push(W,W), Move(W), NoOp, NoOp];0
[Push(W,W), Move(W), NoOp, NoOp];0
[Push(W,W), Move(W), NoOp, NoOp];0
[Push(W,N), Move(W), NoOp, NoOp];0
[Push(N,N), Move(W), NoOp, NoOp];0
[Push(N,W), Pull(N,W), NoOp, NoOp];0
[Push(W,W), Push(S,E), NoOp, NoOp];1
[NoOp, Push(E,E), NoOp, NoOp];12
[NoOp, Push(E,E), NoOp, NoOp];0
[NoOp, Push(E,E), NoOp, NoOp];1
[NoOp, Push(E,S), NoOp, NoOp];0
[NoOp, Push(S,S), NoOp, NoOp];0
ea47c46412e7bf175bce23836de8e2b44b85274e
successful
650
72
69760bcb9273b2148565358b64bfa1609677f35c
1495030616953
