red: 0,A
cyan: 1,C
yellow: 2,B
blue: 3,D
magenta: 4,M
orange: 5,I
pink: 6,N
green: 7,J
+++++++++++++++++
+ +1+ +3+ +5+n+7+
+ + + + + + + + +
+ + + + + + + + +++
+0AC B D M I N J a+
+ + + + + + + + +++
+ + + + + + + + +
+ + +2+ +4+ +6+c+
+++++++++++++++++

[NoOp, NoOp, NoOp, NoOp, NoOp, NoOp, Move(N), Move(S)];162
[NoOp, NoOp, NoOp, NoOp, NoOp, NoOp, Move(N), Move(S)];1
[NoOp, NoOp, NoOp, NoOp, NoOp, NoOp, Push(N,N), Pull(N,S)];0
7c1f45a0600593fa6854169a8f8842953b0f2b53
unsuccessful
163
3
8ab6fcddd1789ab872744aa3e15dcc2fc701a697
1495030918268
