blue: 0,A,C
red: 1,D
green: 2,E
magenta: 3,F
cyan: 4,B
++++++++++++++++++++++++++
+ aa a  b bbbb           +
++++++++++++++++  ++++++ +
+ bbbb b  a aa    ++++++ +
++++++++++++++++++++++++ +
+0        AAAAAA         +
+                        +
+++                    +++
+1C                    F4+
+++                    +++
+2D                    E3+
+++      BBBBBBBB      +++
++++++++++++++++++++++++++

[Move(E), NoOp, NoOp, NoOp, NoOp];2187
[Move(E), NoOp, NoOp, NoOp, NoOp];0
[Move(E), NoOp, NoOp, NoOp, NoOp];0
[Move(E), NoOp, NoOp, NoOp, NoOp];1
[Move(E), NoOp, NoOp, NoOp, NoOp];0
[Move(E), NoOp, NoOp, NoOp, NoOp];0
[Move(E), NoOp, NoOp, NoOp, NoOp];0
[Move(E), NoOp, NoOp, NoOp, NoOp];1
622a1f41234b9775d02167d502dd2731f9671643
unsuccessful
2189
8
c45266fca2be128fe1481f2d99077825048fbad7
1495030921094
