++++++++++++++++++++++++++
+0                     aA+
++++++++++  ++++++++++ +++
+           +C  dc   + +b+
+        +  +        + + +
+        +  +        + + +
+        +  +        + + +
+E       +  +        + + +
+        +  +        + + +
+        +  +       D+ + +
+B       +  +        + + +
+        +  +        + + +
+        +  +          + +
+                   ++++ +
+        +          +  + +
+                   +  + +
+        +  + + + + ++++ +
+e      E+              B+
++++++++++++++++++++++++++

[Move(E)];309
[Move(E)];0
[Move(E)];0
[Move(E)];0
[Move(E)];0
[Move(E)];0
[Move(E)];1
[Move(E)];0
[Move(E)];0
[Move(E)];0
[Move(S)];0
[Move(S)];0
[Move(S)];0
[Move(S)];1
[Move(S)];0
[Move(S)];0
[Move(S)];0
[Move(S)];0
[Move(S)];0
[Move(S)];0
[Move(S)];0
[Move(S)];0
[Move(E)];0
[Move(E)];1
[Move(N)];0
[Move(N)];0
[Move(N)];0
[Move(N)];0
[Move(N)];0
[Move(N)];1
[Move(N)];0
[Move(N)];0
[Move(N)];0
[Push(N,E)];0
[Push(E,E)];0
[Push(E,E)];1
[Push(E,E)];0
[Move(S)];22
[Move(E)];1
[Move(E)];0
[Move(E)];0
[Move(E)];0
[Move(S)];0
[Move(S)];0
[Move(S)];1
[Move(S)];0
[Move(W)];5
[Move(S)];0
[Move(S)];0
[Move(E)];0
[Move(S)];1
[Move(S)];0
[Move(E)];0
[Move(E)];0
[Move(N)];0
[Move(N)];0
[Move(N)];0
[Move(N)];1
[Move(N)];0
[Move(N)];0
[Move(N)];0
[Move(N)];0
[Move(N)];0
[Move(N)];0
[Move(N)];0
[Move(E)];0
[Pull(W,E)];0
[Move(W)];776
[Move(W)];0
[Move(W)];0
[Move(W)];0
[Move(W)];0
[Move(W)];0
[Move(W)];0
[Move(W)];1
[Move(W)];0
[Move(W)];0
[Move(W)];0
[Move(W)];0
[Move(S)];0
[Move(S)];0
[Move(W)];0
[Move(W)];0
[Move(W)];0
[Move(S)];1
[Move(W)];0
[Move(W)];0
[Move(S)];0
[Move(S)];0
[Move(S)];0
[Move(W)];0
[Move(S)];0
[Move(W)];0
[Move(S)];0
[Move(W)];1
[Move(W)];0
[Push(S,E)];0
[Push(E,E)];0
[Push(E,E)];0
[Push(E,E)];0
[Push(E,E)];0
[Push(E,S)];0
[Push(S,S)];1
[Push(S,S)];0
[Push(S,E)];0
[Push(E,E)];0
[Push(E,E)];0
[Push(E,E)];0
[Push(E,E)];0
[Push(E,E)];0
[Push(E,E)];0
[Push(E,E)];0
[Push(E,E)];0
[Push(E,E)];0
[Push(E,E)];0
[Push(E,S)];0
[Push(S,E)];0
[Push(E,E)];0
[Push(E,S)];0
[Push(S,S)];0
[Push(S,S)];0
[Push(S,E)];0
[Push(E,E)];0
[Push(E,E)];0
[Push(E,E)];0
[Pull(W,E)];3038
[Push(E,E)];5
[Pull(W,E)];3127
[Push(E,E)];5
[Pull(W,E)];3056
[Push(E,E)];4
[Pull(W,E)];3006
[Push(E,E)];6
[Pull(W,E)];3048
[Push(E,E)];4
[Pull(W,E)];3168
[Push(E,E)];4
[Pull(W,E)];2980
[Push(E,E)];5
[Pull(W,E)];2932
[Push(E,E)];4
[Pull(W,E)];3088
[Push(E,E)];6
[Pull(W,E)];3123
[Push(E,E)];5
[Pull(W,E)];2977
[Push(E,E)];4
[Pull(W,E)];2928
[Push(E,E)];7
[Pull(W,E)];2999
[Push(E,E)];4
[Pull(W,E)];3065
[Push(E,E)];5
[Pull(W,E)];2964
[Push(E,E)];4
[Pull(W,E)];3033
[Push(E,E)];4
[Pull(W,E)];3091
[Push(E,E)];4
[Pull(W,E)];2941
[Push(E,E)];4
[Pull(W,E)];3023
[Push(E,E)];4
[Pull(W,E)];3165
[Push(E,E)];4
[Pull(W,E)];2932
[Push(E,E)];4
[Pull(W,E)];2929
[Push(E,E)];5
[Pull(W,E)];2986
[Push(E,E)];4
[Pull(W,E)];2973
[Push(E,E)];4
[Pull(W,E)];2957
[Push(E,E)];4
[Pull(W,E)];2975
[Push(E,E)];5
[Pull(W,E)];3105
[Push(E,E)];4
[Pull(W,E)];2985
[Push(E,E)];4
[Pull(W,E)];2945
[Push(E,E)];4
[Pull(W,E)];2960
[Push(E,E)];4
[Pull(W,E)];3032
[Push(E,E)];5
[Pull(W,E)];2928
[Push(E,E)];4
[Pull(W,E)];3001
[Push(E,E)];4
[Pull(W,E)];3056
[Push(E,E)];4
[Pull(W,E)];2944
[Push(E,E)];4
[Pull(W,E)];3004
[Push(E,E)];4
[Pull(W,E)];3007
[Push(E,E)];4
[Pull(W,E)];2943
[Push(E,E)];4
[Pull(W,E)];3022
[Push(E,E)];4
[Pull(W,E)];3097
[Push(E,E)];5
[Pull(W,E)];2956
[Push(E,E)];4
[Pull(W,E)];2981
[Push(E,E)];4
[Pull(W,E)];2973
[Push(E,E)];4
[Pull(W,E)];2981
[Push(E,E)];5
[Pull(W,E)];2991
[Push(E,E)];4
[Pull(W,E)];2971
[Push(E,E)];4
[Pull(W,E)];3092
[Push(E,E)];4
[Pull(W,E)];2948
[Push(E,E)];4
[Pull(W,E)];3000
[Push(E,E)];4
[Pull(W,E)];2989
[Push(E,E)];4
[Pull(W,E)];2950
[Push(E,E)];4
[Pull(W,E)];3015
[Push(E,E)];4
[Pull(W,E)];3130
[Push(E,E)];4
[Pull(W,E)];2953
[Push(E,E)];4
[Pull(W,E)];2944
[Push(E,E)];4
[Pull(W,E)];2968
[Push(E,E)];4
[Pull(W,E)];3008
[Push(E,E)];5
[Pull(W,E)];2949
[Push(E,E)];5
[Pull(W,E)];2987
[Push(E,E)];4
[Pull(W,E)];3056
[Push(E,E)];4
[Pull(W,E)];2989
[Push(E,E)];4
[Pull(W,E)];3008
[Push(E,E)];4
[Pull(W,E)];2988
[Push(E,E)];4
[Pull(W,E)];2925
[Push(E,E)];4
[Pull(W,E)];3004
[Push(E,E)];4
[Pull(W,E)];3116
[Push(E,E)];4
[Pull(W,E)];2967
[Push(E,E)];4
[Pull(W,E)];3038
[Push(E,E)];4
[Pull(W,E)];2981
[Push(E,E)];4
[Pull(W,E)];3007
[Push(E,E)];4
[Pull(W,E)];2925
[Push(E,E)];4
[Pull(W,E)];2997
[Push(E,E)];4
[Pull(W,E)];3110
[Push(E,E)];4
[Pull(W,E)];2926
[Push(E,E)];4
[Pull(W,E)];2947
[Push(E,E)];7
[Pull(W,E)];2969
[Push(E,E)];5
[Pull(W,E)];2993
[Push(E,E)];4
[Pull(W,E)];2962
[Push(E,E)];4
[Pull(W,E)];3014
[Push(E,E)];4
[Pull(W,E)];3003
[Push(E,E)];4
[Pull(W,E)];2927
[Push(E,E)];4
[Pull(W,E)];2964
[Push(E,E)];4
[Pull(W,E)];2988
[Push(E,E)];4
[Pull(W,E)];3081
[Push(E,E)];4
[Pull(W,E)];2965
[Push(E,E)];4
[Pull(W,E)];3009
[Push(E,E)];4
[Pull(W,E)];2980
[Push(E,E)];4
[Pull(W,E)];2933
[Push(E,E)];4
[Pull(W,E)];3003
[Push(E,E)];5
[Pull(W,E)];3114
[Push(E,E)];4
[Pull(W,E)];2945
[Push(E,E)];4
[Pull(W,E)];3006
[Push(E,E)];4
[Pull(W,E)];2966
[Push(E,E)];4
[Pull(W,E)];2984
[Push(E,E)];5
[Pull(W,E)];2947
[Push(E,E)];4
[Pull(W,E)];3012
[Push(E,E)];4
[Pull(W,E)];2993
[Push(E,E)];4
[Pull(W,E)];2951
[Push(E,E)];4
[Pull(W,E)];3003
[Push(E,E)];4
15046307ed13b5b88949794d78643a3252ae9096
unsuccessful
298561
323
6edb5c95b75b083fbb2d365bb3be5bdb55f3f25d
1495031293708
