+++++++++++++++++++++++++++++++++++
++++++ ++++++++++++++++         +++
+c    c +++++BOX+++++++ +++++++ +++
+ ++++ ++++++++++++++++ +++++++ +++
+ ++++++++++BUNNY++++++ +++++     +
+ +++++++++++++++++++++ +++++Z+ +z+
+  CC  + ++++++++++++++ +++++Y+ +y+
+ ++++++ ++++++++++++++ +++++X+ +x+
+      B    AAA0   ++++ +++++V+ +v+
+ ++ +++++++++++++ ++++ +++++A+ +a+
+  +b+TOP+FUNNY+++ ++++ +++++B+ +b+
+  +++++++++++++++ ++++ +++++C+ +c+
+  +++++ +++++++++ ++++ +++++E+ +e+
+  +B+             ++++ +++++F+ +f+
+  ++++++++++++++++++++ +++++G+ +g+
+                ++++++ +++++H+ +h+
+++++++++++++            ++++I+ +i+
++++++++++++              +++J+ +j+
+++++++++++                ++K+ +k+
++++++++++DDD++++++++++++++++L+ +l+
+++++++++DDD+++++++++++++++++M+ +m+
++++++++DDD++  +  +++++++++++N+ +n+
+++++++DDD+++  +  +++++ + +++O+ +o+
++++++DDDD++CUT+POW++ +++++ +P+ +p+
+++++DDDD++         ++ +++ ++Q+ +q+
++++DDDD++++       ++++ + +++R+ +r+
+++DDDD++++++ HAD ++++++ ++++S+ +s+
++DDDD++++++++   ++++++++++++T+ +t+
+ DDDDDDDDDDDD   whatupdoc ++U+ +u+
+++++++++++++++++++++++++++++++++++

[Pull(E,W)];9691
[Push(W,W)];1115
[Pull(E,W)];1126
[Push(W,W)];1121
[Pull(E,W)];1106
[Push(W,W)];1103
[Pull(E,W)];1097
[Push(W,W)];1154
[Pull(E,W)];1074
[Push(W,W)];1065
[Pull(E,W)];1083
[Push(W,W)];1113
[Pull(E,W)];1099
[Push(W,W)];1082
[Pull(E,W)];1086
[Push(W,W)];1080
[Pull(E,W)];1063
[Push(W,W)];1067
[Pull(E,W)];1069
[Push(W,W)];1076
[Pull(E,W)];1065
[Push(W,W)];1060
[Pull(E,W)];1087
[Push(W,W)];1090
[Pull(E,W)];1059
[Push(W,W)];1087
[Pull(E,W)];1063
[Push(W,W)];1061
[Pull(E,W)];1075
[Push(W,W)];1068
[Pull(E,W)];1067
[Push(W,W)];1057
[Pull(E,W)];1079
[Push(W,W)];1088
[Pull(E,W)];1061
[Push(W,W)];1089
[Pull(E,W)];1056
[Push(W,W)];1082
[Pull(E,W)];1072
[Push(W,W)];1075
[Pull(E,W)];1057
[Push(W,W)];1078
[Pull(E,W)];1060
[Push(W,W)];1083
[Pull(E,W)];1063
[Push(W,W)];1062
[Pull(E,W)];1070
[Push(W,W)];1061
[Pull(E,W)];1089
[Push(W,W)];1073
[Pull(E,W)];1065
[Push(W,W)];1060
[Pull(E,W)];1064
[Push(W,W)];1058
[Pull(E,W)];1065
[Push(W,W)];1055
[Pull(E,W)];1074
[Push(W,W)];1074
[Pull(E,W)];1075
[Push(W,W)];1055
[Pull(E,W)];1068
[Push(W,W)];1062
[Pull(E,W)];1069
[Push(W,W)];1071
[Pull(E,W)];1071
[Push(W,W)];1068
[Pull(E,W)];1059
[Push(W,W)];1065
[Pull(E,W)];1060
[Push(W,W)];1088
[Pull(E,W)];1058
[Push(W,W)];1073
[Pull(E,W)];1063
[Push(W,W)];1058
[Pull(E,W)];1066
[Push(W,W)];1073
[Pull(E,W)];1084
[Push(W,W)];1062
[Pull(E,W)];1065
[Push(W,W)];1056
[Pull(E,W)];1074
[Push(W,W)];1075
[Pull(E,W)];1074
[Push(W,W)];1060
[Pull(E,W)];1074
[Push(W,W)];1065
[Pull(E,W)];1059
[Push(W,W)];1063
[Pull(E,W)];1066
[Push(W,W)];1078
[Pull(E,W)];1068
[Push(W,W)];1066
[Pull(E,W)];1059
[Push(W,W)];1070
[Pull(E,W)];1078
[Push(W,W)];1065
[Pull(E,W)];1080
[Push(W,W)];1075
[Pull(E,W)];1081
[Push(W,W)];1065
[Pull(E,W)];1064
[Push(W,W)];1059
[Pull(E,W)];1070
[Push(W,W)];1061
[Pull(E,W)];1070
[Push(W,W)];1080
[Pull(E,W)];1056
[Push(W,W)];1064
[Pull(E,W)];1057
[Push(W,W)];1070
[Pull(E,W)];1064
[Push(W,W)];1060
[Pull(E,W)];1083
[Push(W,W)];1060
[Pull(E,W)];1062
[Push(W,W)];1082
[Pull(E,W)];1073
[Push(W,W)];1080
[Pull(E,W)];1071
[Push(W,W)];1073
[Pull(E,W)];1062
[Push(W,W)];1073
[Pull(E,W)];1071
[Push(W,W)];1066
[Pull(E,W)];1086
[Push(W,W)];1058
[Pull(E,W)];1059
[Push(W,W)];1071
[Pull(E,W)];1072
[Push(W,W)];1082
[Pull(E,W)];1066
[Push(W,W)];1071
[Pull(E,W)];1079
[Push(W,W)];1072
[Pull(E,W)];1074
[Push(W,W)];1054
[Pull(E,W)];1072
[Push(W,W)];1070
[Pull(E,W)];1082
[Push(W,W)];1064
[Pull(E,W)];1099
[Push(W,W)];1088
[Pull(E,W)];1062
[Push(W,W)];1078
[Pull(E,W)];1062
[Push(W,W)];1063
[Pull(E,W)];1100
[Push(W,W)];1064
[Pull(E,W)];1077
[Push(W,W)];1065
[Pull(E,W)];1064
[Push(W,W)];1089
[Pull(E,W)];1071
[Push(W,W)];1065
[Pull(E,W)];1069
[Push(W,W)];1084
[Pull(E,W)];1075
[Push(W,W)];1076
[Pull(E,W)];1057
[Push(W,W)];1069
[Pull(E,W)];1085
[Push(W,W)];1063
[Pull(E,W)];1078
[Push(W,W)];1086
[Pull(E,W)];1063
[Push(W,W)];1078
[Pull(E,W)];1070
[Push(W,W)];1065
[Pull(E,W)];1065
[Push(W,W)];1081
[Pull(E,W)];1084
[Push(W,W)];1081
[Pull(E,W)];1073
[Push(W,W)];1081
[Pull(E,W)];1062
[Push(W,W)];1068
[Pull(E,W)];1069
[Push(W,W)];1071
[Pull(E,W)];1086
[Push(W,W)];1072
[Pull(E,W)];1063
[Push(W,W)];1087
[Pull(E,W)];1073
[Push(W,W)];1077
[Pull(E,W)];1066
[Push(W,W)];1070
[Pull(E,W)];1078
[Push(W,W)];1061
[Pull(E,W)];1070
[Push(W,W)];1083
[Pull(E,W)];1075
[Push(W,W)];1078
[Pull(E,W)];1060
[Push(W,W)];1072
[Pull(E,W)];1074
[Push(W,W)];1083
[Pull(E,W)];1059
[Push(W,W)];1067
[Pull(E,W)];1084
[Push(W,W)];1070
[Pull(E,W)];1076
[Push(W,W)];1063
[Pull(E,W)];1069
[Push(W,W)];1079
[Pull(E,W)];1069
[Push(W,W)];1077
[Pull(E,W)];1076
[Push(W,W)];1064
[Pull(E,W)];1065
[Push(W,W)];1080
[Pull(E,W)];1072
[Push(W,W)];1076
[Pull(E,W)];1059
[Push(W,W)];1070
[Pull(E,W)];1065
[Push(W,W)];1070
[Pull(E,W)];1066
[Push(W,W)];1086
[Pull(E,W)];1066
[Push(W,W)];1068
[Pull(E,W)];1062
[Push(W,W)];1089
[Pull(E,W)];1089
[Push(W,W)];1100
[Pull(E,W)];1095
[Push(W,W)];1102
[Pull(E,W)];1144
[Push(W,W)];1083
[Pull(E,W)];1089
[Push(W,W)];1085
[Pull(E,W)];1080
[Push(W,W)];1106
[Pull(E,W)];1073
[Push(W,W)];1086
[Pull(E,W)];1080
[Push(W,W)];1078
[Pull(E,W)];1073
[Push(W,W)];1083
[Pull(E,W)];1070
[Push(W,W)];1088
[Pull(E,W)];1066
[Push(W,W)];1066
[Pull(E,W)];1061
[Push(W,W)];1074
[Pull(E,W)];1072
[Push(W,W)];1065
[Pull(E,W)];1061
[Push(W,W)];1064
[Pull(E,W)];1062
[Push(W,W)];1067
[Pull(E,W)];1071
[Push(W,W)];1079
[Pull(E,W)];1080
[Push(W,W)];1080
[Pull(E,W)];1058
[Push(W,W)];1063
[Pull(E,W)];1074
[Push(W,W)];1068
[Pull(E,W)];1064
[Push(W,W)];1074
[Pull(E,W)];1070
[Push(W,W)];1076
[Pull(E,W)];1078
[Push(W,W)];1075
[Pull(E,W)];1084
[Push(W,W)];1062
[Pull(E,W)];1080
[Push(W,W)];1074
[Pull(E,W)];1074
[Push(W,W)];1065
[Pull(E,W)];1068
3fcb3fcfef36132413110e38c26c0fdf290de7ca
unsuccessful
299503
271
aea377b6511e2d68c9edc82f50d2f531fbd2e909
1495031593726
