++++++++++++++
+       KALLE+
+pp        ++++++++
+p p       +q  E  +
+p I       ++++++ +
+0 SISP   Qkalle+ +
+     P    ++++++ +
+   P P           +
+     P           +
+                 +
+++++++++++++++++++

[Move(N)];346
[Move(E)];0
[Move(N)];6
[Move(E)];0
[Move(E)];0
[Move(E)];0
[Move(E)];0
[Move(N)];0
[Move(E)];0
[Move(E)];0
[Pull(S,N)];0
[Pull(E,N)];0
[Pull(E,W)];0
[Pull(S,W)];0
[Pull(W,N)];0
[Push(E,N)];260
[NoOp];240
[NoOp];240
[NoOp];230
[NoOp];233
[NoOp];246
[NoOp];238
[NoOp];227
[NoOp];231
[NoOp];227
[NoOp];226
[NoOp];218
[NoOp];227
[NoOp];226
[NoOp];230
[NoOp];229
[NoOp];225
[NoOp];226
[NoOp];224
[NoOp];227
[NoOp];221
[NoOp];230
[NoOp];222
[NoOp];225
[NoOp];220
[NoOp];221
[NoOp];232
[NoOp];228
[NoOp];226
[NoOp];237
[NoOp];239
[NoOp];222
[NoOp];227
[NoOp];230
[NoOp];222
[NoOp];227
[NoOp];221
[NoOp];219
[NoOp];224
[NoOp];235
[NoOp];227
[NoOp];219
[NoOp];223
[NoOp];224
[NoOp];233
[NoOp];225
[NoOp];225
[NoOp];228
[NoOp];224
[NoOp];219
[NoOp];228
[NoOp];229
[NoOp];218
[NoOp];231
[NoOp];222
[NoOp];223
[NoOp];228
[NoOp];226
[NoOp];227
[NoOp];227
[NoOp];222
[NoOp];225
[NoOp];223
[NoOp];218
[NoOp];233
[NoOp];220
[NoOp];224
[NoOp];223
[NoOp];231
[NoOp];229
[NoOp];219
[NoOp];219
[NoOp];223
[NoOp];230
[NoOp];221
[NoOp];221
[NoOp];229
[NoOp];221
[NoOp];222
[NoOp];220
[NoOp];224
[NoOp];230
[NoOp];233
[NoOp];218
[NoOp];222
[NoOp];230
[NoOp];224
[NoOp];218
[NoOp];227
[NoOp];225
[NoOp];227
[NoOp];236
[NoOp];233
[NoOp];231
[NoOp];226
[NoOp];238
[NoOp];223
[NoOp];225
[NoOp];228
[NoOp];224
[NoOp];220
[NoOp];227
[NoOp];223
[NoOp];226
[NoOp];226
[NoOp];222
[NoOp];226
[NoOp];221
[NoOp];226
[NoOp];227
[NoOp];225
[NoOp];219
[NoOp];225
[NoOp];225
[NoOp];220
[NoOp];227
[NoOp];222
[NoOp];223
[NoOp];226
[NoOp];224
[NoOp];229
[NoOp];230
[NoOp];227
[NoOp];223
[NoOp];221
[NoOp];221
[NoOp];221
[NoOp];219
[NoOp];219
[NoOp];217
[NoOp];224
[NoOp];226
[NoOp];231
[NoOp];224
[NoOp];222
[NoOp];222
[NoOp];230
[NoOp];226
[NoOp];221
[NoOp];224
[NoOp];226
[NoOp];222
[NoOp];217
[NoOp];228
[NoOp];224
[NoOp];225
[NoOp];219
[NoOp];225
[NoOp];231
[NoOp];231
[NoOp];219
[NoOp];222
[NoOp];226
[NoOp];219
[NoOp];230
[NoOp];225
[NoOp];221
[NoOp];226
[NoOp];226
[NoOp];222
[NoOp];226
[NoOp];223
[NoOp];229
[NoOp];220
[NoOp];223
[NoOp];228
[NoOp];227
[NoOp];222
[NoOp];219
[NoOp];221
[NoOp];224
[NoOp];226
[NoOp];222
[NoOp];222
[NoOp];223
[NoOp];235
[NoOp];226
[NoOp];220
[NoOp];223
[NoOp];224
[NoOp];221
[NoOp];233
[NoOp];224
[NoOp];231
[NoOp];225
[NoOp];235
[NoOp];225
[NoOp];235
[NoOp];226
[NoOp];231
[NoOp];227
[NoOp];231
[NoOp];222
[NoOp];225
[NoOp];223
[NoOp];221
[NoOp];223
[NoOp];222
[NoOp];226
[NoOp];228
[NoOp];218
[NoOp];229
[NoOp];225
[NoOp];219
[NoOp];227
[NoOp];220
[NoOp];218
[NoOp];223
[NoOp];230
[NoOp];225
[NoOp];219
[NoOp];223
[NoOp];224
[NoOp];223
[NoOp];221
[NoOp];222
[NoOp];227
[NoOp];223
[NoOp];218
[NoOp];227
[NoOp];227
[NoOp];225
[NoOp];226
[NoOp];223
[NoOp];227
[NoOp];221
[NoOp];221
[NoOp];228
[NoOp];225
[NoOp];222
[NoOp];219
[NoOp];221
[NoOp];224
[NoOp];231
[NoOp];227
[NoOp];221
[NoOp];222
[NoOp];223
[NoOp];221
[NoOp];220
[NoOp];220
[NoOp];219
[NoOp];227
[NoOp];225
[NoOp];219
[NoOp];221
[NoOp];221
[NoOp];217
[NoOp];219
[NoOp];221
[NoOp];218
[NoOp];230
[NoOp];235
[NoOp];233
[NoOp];224
[NoOp];225
[NoOp];217
[NoOp];220
[NoOp];227
[NoOp];223
[NoOp];225
[NoOp];224
[NoOp];220
[NoOp];219
[NoOp];228
[NoOp];225
[NoOp];218
[NoOp];225
[NoOp];230
[NoOp];235
[NoOp];213
[NoOp];225
[NoOp];223
[NoOp];222
[NoOp];226
[NoOp];222
[NoOp];225
[NoOp];224
[NoOp];220
[NoOp];226
[NoOp];226
[NoOp];218
[NoOp];224
[NoOp];223
[NoOp];220
[NoOp];217
[NoOp];224
[NoOp];229
[NoOp];224
[NoOp];223
[NoOp];220
[NoOp];220
[NoOp];221
[NoOp];215
[NoOp];226
[NoOp];223
[NoOp];225
[NoOp];220
[NoOp];219
[NoOp];223
[NoOp];221
[NoOp];220
[NoOp];227
[NoOp];221
[NoOp];222
[NoOp];222
[NoOp];219
[NoOp];223
[NoOp];221
[NoOp];228
[NoOp];223
[NoOp];216
[NoOp];220
[NoOp];224
[NoOp];219
[NoOp];227
[NoOp];223
[NoOp];232
[NoOp];226
[NoOp];227
[NoOp];228
[NoOp];224
[NoOp];225
[NoOp];226
[NoOp];222
[NoOp];224
[NoOp];225
[NoOp];225
[NoOp];224
[NoOp];223
[NoOp];228
[NoOp];228
[NoOp];224
[NoOp];225
[NoOp];222
[NoOp];225
[NoOp];218
[NoOp];229
[NoOp];221
[NoOp];228
[NoOp];224
[NoOp];219
[NoOp];220
[NoOp];222
[NoOp];227
[NoOp];229
[NoOp];225
[NoOp];219
[NoOp];228
[NoOp];225
[NoOp];223
[NoOp];216
[NoOp];222
[NoOp];226
[NoOp];221
[NoOp];222
[NoOp];216
[NoOp];221
[NoOp];212
[NoOp];218
[NoOp];222
[NoOp];216
[NoOp];215
[NoOp];216
[NoOp];220
[NoOp];229
[NoOp];226
[NoOp];222
[NoOp];218
[NoOp];219
[NoOp];228
[NoOp];229
[NoOp];223
[NoOp];222
[NoOp];226
[NoOp];223
[NoOp];223
[NoOp];226
[NoOp];218
[NoOp];222
[NoOp];224
[NoOp];228
[NoOp];220
[NoOp];226
[NoOp];223
[NoOp];225
[NoOp];227
[NoOp];226
[NoOp];223
[NoOp];221
[NoOp];223
[NoOp];218
[NoOp];223
[NoOp];223
[NoOp];223
[NoOp];228
[NoOp];227
[NoOp];221
[NoOp];224
[NoOp];226
[NoOp];226
[NoOp];220
[NoOp];221
[NoOp];227
[NoOp];220
[NoOp];224
[NoOp];221
[NoOp];221
[NoOp];220
[NoOp];222
[NoOp];221
[NoOp];222
[NoOp];220
[NoOp];217
[NoOp];217
[NoOp];214
[NoOp];225
[NoOp];229
[NoOp];225
[NoOp];226
[NoOp];225
[NoOp];224
[NoOp];218
[NoOp];227
[NoOp];226
[NoOp];215
[NoOp];237
[NoOp];225
[NoOp];223
[NoOp];225
[NoOp];231
[NoOp];226
[NoOp];223
[NoOp];225
[NoOp];225
[NoOp];219
[NoOp];219
[NoOp];227
[NoOp];222
[NoOp];225
[NoOp];223
[NoOp];227
[NoOp];224
[NoOp];222
[NoOp];224
[NoOp];223
[NoOp];222
[NoOp];221
[NoOp];225
[NoOp];250
[NoOp];248
[NoOp];243
[NoOp];229
[NoOp];225
[NoOp];231
[NoOp];285
[NoOp];247
[NoOp];234
[NoOp];232
[NoOp];222
[NoOp];220
[NoOp];217
[NoOp];219
[NoOp];222
[NoOp];222
[NoOp];225
[NoOp];225
[NoOp];223
[NoOp];222
[NoOp];220
[NoOp];226
[NoOp];226
[NoOp];233
[NoOp];222
[NoOp];222
[NoOp];217
[NoOp];220
[NoOp];213
[NoOp];217
[NoOp];221
[NoOp];218
[NoOp];217
[NoOp];220
[NoOp];226
[NoOp];227
[NoOp];229
[NoOp];228
[NoOp];224
[NoOp];231
[NoOp];226
[NoOp];220
[NoOp];221
[NoOp];228
[NoOp];225
[NoOp];222
[NoOp];225
[NoOp];226
[NoOp];223
[NoOp];221
[NoOp];228
[NoOp];234
[NoOp];226
[NoOp];224
[NoOp];218
[NoOp];231
[NoOp];226
[NoOp];223
[NoOp];232
[NoOp];226
[NoOp];222
[NoOp];224
[NoOp];228
[NoOp];224
[NoOp];225
[NoOp];224
[NoOp];224
[NoOp];229
[NoOp];223
[NoOp];222
[NoOp];223
[NoOp];228
[NoOp];218
[NoOp];225
[NoOp];221
[NoOp];221
[NoOp];223
[NoOp];219
[NoOp];220
[NoOp];230
[NoOp];224
[NoOp];226
[NoOp];220
[NoOp];225
[NoOp];230
[NoOp];224
[NoOp];229
[NoOp];230
[NoOp];221
[NoOp];230
[NoOp];222
[NoOp];221
[NoOp];226
[NoOp];226
[NoOp];227
[NoOp];223
[NoOp];225
[NoOp];227
[NoOp];227
[NoOp];223
[NoOp];226
[NoOp];231
[NoOp];221
[NoOp];221
[NoOp];222
[NoOp];222
[NoOp];220
[NoOp];222
[NoOp];225
[NoOp];232
[NoOp];238
[NoOp];225
[NoOp];222
[NoOp];228
[NoOp];223
[NoOp];221
[NoOp];228
[NoOp];223
[NoOp];219
[NoOp];228
[NoOp];231
[NoOp];227
[NoOp];227
[NoOp];217
[NoOp];223
[NoOp];226
[NoOp];222
[NoOp];226
[NoOp];223
[NoOp];217
[NoOp];232
[NoOp];228
[NoOp];226
[NoOp];246
[NoOp];259
[NoOp];231
[NoOp];226
[NoOp];222
[NoOp];216
[NoOp];216
[NoOp];224
[NoOp];227
[NoOp];225
[NoOp];222
[NoOp];222
[NoOp];221
[NoOp];218
[NoOp];218
[NoOp];220
[NoOp];231
[NoOp];226
[NoOp];221
[NoOp];223
[NoOp];226
[NoOp];217
[NoOp];225
[NoOp];219
[NoOp];227
[NoOp];226
[NoOp];219
[NoOp];222
[NoOp];229
[NoOp];226
[NoOp];216
[NoOp];226
[NoOp];229
[NoOp];224
[NoOp];223
[NoOp];226
[NoOp];230
[NoOp];228
[NoOp];219
[NoOp];227
[NoOp];224
[NoOp];229
[NoOp];226
[NoOp];224
[NoOp];230
[NoOp];222
[NoOp];223
[NoOp];230
[NoOp];225
[NoOp];222
[NoOp];219
[NoOp];214
[NoOp];217
[NoOp];216
[NoOp];224
[NoOp];227
[NoOp];228
[NoOp];228
[NoOp];223
[NoOp];221
[NoOp];226
[NoOp];226
[NoOp];228
[NoOp];223
[NoOp];219
[NoOp];213
[NoOp];216
[NoOp];219
[NoOp];222
[NoOp];220
[NoOp];227
[NoOp];224
[NoOp];221
[NoOp];221
[NoOp];219
[NoOp];225
[NoOp];227
[NoOp];226
[NoOp];222
[NoOp];226
[NoOp];224
[NoOp];222
[NoOp];223
[NoOp];218
[NoOp];224
[NoOp];222
[NoOp];232
[NoOp];232
[NoOp];226
[NoOp];223
[NoOp];225
[NoOp];223
[NoOp];221
[NoOp];219
[NoOp];224
[NoOp];222
[NoOp];222
[NoOp];228
[NoOp];220
[NoOp];226
[NoOp];224
[NoOp];222
[NoOp];226
[NoOp];228
[NoOp];227
[NoOp];224
[NoOp];227
[NoOp];220
[NoOp];216
[NoOp];217
[NoOp];224
[NoOp];218
[NoOp];227
[NoOp];231
[NoOp];229
[NoOp];226
[NoOp];224
[NoOp];229
[NoOp];227
[NoOp];227
[NoOp];217
[NoOp];232
[NoOp];229
[NoOp];216
[NoOp];229
[NoOp];228
[NoOp];226
[NoOp];223
[NoOp];219
[NoOp];224
[NoOp];221
[NoOp];228
[NoOp];229
[NoOp];218
[NoOp];218
[NoOp];218
[NoOp];224
[NoOp];236
[NoOp];227
[NoOp];220
[NoOp];218
[NoOp];236
[NoOp];223
[NoOp];221
[NoOp];217
[NoOp];222
[NoOp];225
[NoOp];225
[NoOp];232
[NoOp];228
[NoOp];219
[NoOp];216
[NoOp];234
[NoOp];223
[NoOp];223
[NoOp];224
[NoOp];224
[NoOp];215
[NoOp];226
[NoOp];228
[NoOp];222
[NoOp];224
[NoOp];221
[NoOp];232
[NoOp];226
[NoOp];218
[NoOp];221
[NoOp];227
[NoOp];229
[NoOp];220
[NoOp];224
[NoOp];230
[NoOp];223
[NoOp];221
[NoOp];220
[NoOp];216
[NoOp];223
[NoOp];229
[NoOp];224
[NoOp];234
[NoOp];229
[NoOp];221
[NoOp];222
[NoOp];229
[NoOp];224
[NoOp];222
[NoOp];225
[NoOp];226
[NoOp];222
[NoOp];222
[NoOp];226
[NoOp];222
[NoOp];217
[NoOp];220
[NoOp];231
[NoOp];229
[NoOp];227
[NoOp];227
[NoOp];224
[NoOp];220
[NoOp];219
[NoOp];216
[NoOp];215
[NoOp];220
[NoOp];223
[NoOp];225
[NoOp];229
[NoOp];220
[NoOp];227
[NoOp];224
[NoOp];230
[NoOp];228
[NoOp];227
[NoOp];224
[NoOp];228
[NoOp];221
[NoOp];220
[NoOp];224
[NoOp];217
[NoOp];228
[NoOp];225
[NoOp];221
[NoOp];225
[NoOp];225
[NoOp];223
[NoOp];223
[NoOp];231
[NoOp];226
[NoOp];222
[NoOp];220
[NoOp];227
[NoOp];232
[NoOp];229
[NoOp];220
[NoOp];224
[NoOp];225
[NoOp];222
[NoOp];222
[NoOp];220
[NoOp];223
[NoOp];217
[NoOp];222
[NoOp];222
[NoOp];225
[NoOp];218
[NoOp];216
[NoOp];218
[NoOp];218
[NoOp];228
[NoOp];227
[NoOp];221
[NoOp];222
[NoOp];231
[NoOp];230
[NoOp];220
[NoOp];229
[NoOp];226
[NoOp];226
[NoOp];224
[NoOp];218
[NoOp];223
[NoOp];230
[NoOp];226
[NoOp];226
[NoOp];226
[NoOp];226
[NoOp];225
[NoOp];227
[NoOp];227
[NoOp];223
[NoOp];228
[NoOp];222
[NoOp];220
[NoOp];217
[NoOp];220
[NoOp];223
[NoOp];214
[NoOp];225
[NoOp];222
[NoOp];223
[NoOp];223
[NoOp];223
[NoOp];217
[NoOp];231
[NoOp];228
[NoOp];220
[NoOp];228
[NoOp];225
[NoOp];217
[NoOp];217
[NoOp];230
[NoOp];224
[NoOp];211
[NoOp];229
[NoOp];222
[NoOp];221
[NoOp];222
[NoOp];235
[NoOp];233
[NoOp];228
[NoOp];225
[NoOp];223
[NoOp];228
[NoOp];230
[NoOp];222
[NoOp];230
[NoOp];217
[NoOp];228
[NoOp];226
[NoOp];222
[NoOp];224
[NoOp];224
[NoOp];230
[NoOp];222
[NoOp];229
[NoOp];227
[NoOp];224
[NoOp];221
[NoOp];225
[NoOp];228
[NoOp];214
[NoOp];228
[NoOp];225
[NoOp];230
[NoOp];227
[NoOp];228
[NoOp];222
[NoOp];231
[NoOp];224
[NoOp];224
[NoOp];226
[NoOp];218
[NoOp];228
[NoOp];219
[NoOp];226
[NoOp];219
[NoOp];219
[NoOp];223
[NoOp];230
[NoOp];222
[NoOp];222
[NoOp];225
[NoOp];220
[NoOp];216
[NoOp];225
[NoOp];228
[NoOp];223
[NoOp];227
[NoOp];223
[NoOp];221
[NoOp];218
[NoOp];219
[NoOp];226
[NoOp];221
[NoOp];221
[NoOp];213
[NoOp];217
[NoOp];219
[NoOp];228
[NoOp];230
[NoOp];221
[NoOp];222
[NoOp];223
[NoOp];229
[NoOp];225
[NoOp];236
[NoOp];254
[NoOp];247
[NoOp];272
[NoOp];243
[NoOp];236
[NoOp];233
[NoOp];218
[NoOp];269
[NoOp];223
[NoOp];219
[NoOp];227
[NoOp];235
[NoOp];230
[NoOp];229
[NoOp];226
[NoOp];226
[NoOp];236
[NoOp];220
[NoOp];224
[NoOp];223
[NoOp];232
[NoOp];222
[NoOp];217
[NoOp];218
[NoOp];227
[NoOp];226
[NoOp];231
[NoOp];227
[NoOp];221
[NoOp];231
[NoOp];222
[NoOp];223
[NoOp];228
[NoOp];227
[NoOp];217
[NoOp];226
[NoOp];231
[NoOp];223
[NoOp];224
[NoOp];223
[NoOp];229
[NoOp];219
[NoOp];227
[NoOp];225
[NoOp];219
[NoOp];214
[NoOp];218
[NoOp];222
[NoOp];218
[NoOp];219
[NoOp];222
[NoOp];228
[NoOp];221
[NoOp];224
[NoOp];225
[NoOp];224
[NoOp];230
[NoOp];226
[NoOp];227
[NoOp];222
[NoOp];224
[NoOp];219
[NoOp];226
[NoOp];225
[NoOp];222
[NoOp];224
[NoOp];229
[NoOp];230
[NoOp];225
[NoOp];228
[NoOp];224
[NoOp];232
[NoOp];225
[NoOp];223
[NoOp];215
[NoOp];212
[NoOp];217
[NoOp];219
[NoOp];221
[NoOp];217
[NoOp];219
[NoOp];224
[NoOp];234
[NoOp];226
[NoOp];220
[NoOp];222
[NoOp];221
[NoOp];224
[NoOp];227
[NoOp];226
[NoOp];225
[NoOp];219
[NoOp];217
[NoOp];223
[NoOp];230
[NoOp];222
[NoOp];218
[NoOp];218
[NoOp];225
[NoOp];228
[NoOp];228
[NoOp];234
[NoOp];216
[NoOp];226
[NoOp];223
[NoOp];225
[NoOp];228
[NoOp];224
[NoOp];214
[NoOp];224
[NoOp];219
[NoOp];224
[NoOp];224
[NoOp];222
[NoOp];233
[NoOp];226
[NoOp];225
[NoOp];216
[NoOp];222
[NoOp];223
[NoOp];223
[NoOp];220
[NoOp];223
[NoOp];222
[NoOp];221
[NoOp];228
[NoOp];228
[NoOp];222
[NoOp];224
[NoOp];227
[NoOp];219
[NoOp];226
[NoOp];222
[NoOp];215
[NoOp];222
[NoOp];227
[NoOp];228
[NoOp];220
[NoOp];226
[NoOp];222
[NoOp];223
[NoOp];222
[NoOp];231
[NoOp];228
[NoOp];221
[NoOp];224
[NoOp];226
[NoOp];221
[NoOp];221
[NoOp];227
[NoOp];221
[NoOp];223
[NoOp];228
[NoOp];221
[NoOp];225
[NoOp];224
[NoOp];228
[NoOp];224
[NoOp];224
[NoOp];217
[NoOp];222
[NoOp];227
[NoOp];225
[NoOp];233
[NoOp];225
[NoOp];220
[NoOp];222
[NoOp];231
[NoOp];227
[NoOp];228
[NoOp];225
[NoOp];233
[NoOp];225
[NoOp];224
[NoOp];224
[NoOp];215
[NoOp];226
[NoOp];217
[NoOp];226
[NoOp];226
[NoOp];223
[NoOp];243
[NoOp];250
[NoOp];243
[NoOp];223
[NoOp];220
[NoOp];231
[NoOp];218
[NoOp];213
[NoOp];226
[NoOp];228
[NoOp];232
[NoOp];221
[NoOp];223
[NoOp];223
[NoOp];228
[NoOp];230
[NoOp];222
[NoOp];222
[NoOp];224
[NoOp];232
[NoOp];226
[NoOp];221
[NoOp];227
[NoOp];226
[NoOp];226
[NoOp];225
[NoOp];227
[NoOp];220
[NoOp];225
[NoOp];220
[NoOp];232
[NoOp];226
[NoOp];222
[NoOp];228
[NoOp];220
[NoOp];227
[NoOp];226
[NoOp];223
[NoOp];219
[NoOp];222
[NoOp];221
[NoOp];223
[NoOp];224
[NoOp];230
[NoOp];227
[NoOp];221
[NoOp];222
[NoOp];220
[NoOp];225
[NoOp];228
[NoOp];228
[NoOp];231
[NoOp];226
[NoOp];223
[NoOp];221
[NoOp];222
[NoOp];222
[NoOp];223
[NoOp];223
[NoOp];228
[NoOp];220
[NoOp];226
[NoOp];233
[NoOp];226
[NoOp];214
[NoOp];219
[NoOp];224
[NoOp];228
[NoOp];229
[NoOp];224
[NoOp];218
[NoOp];217
[NoOp];218
[NoOp];219
[NoOp];224
[NoOp];230
[NoOp];226
[NoOp];228
[NoOp];222
[NoOp];219
[NoOp];221
[NoOp];230
[NoOp];222
[NoOp];223
[NoOp];220
[NoOp];225
[NoOp];225
[NoOp];222
[NoOp];225
[NoOp];224
[NoOp];230
[NoOp];229
[NoOp];224
[NoOp];223
[NoOp];226
[NoOp];227
[NoOp];218
[NoOp];220
[NoOp];228
[NoOp];231
[NoOp];228
[NoOp];227
[NoOp];226
[NoOp];224
[NoOp];223
[NoOp];221
[NoOp];217
[NoOp];221
[NoOp];217
[NoOp];223
[NoOp];217
[NoOp];227
[NoOp];227
[NoOp];222
[NoOp];225
[NoOp];222
[NoOp];225
[NoOp];220
[NoOp];225
[NoOp];225
[NoOp];226
[NoOp];223
[NoOp];219
[NoOp];229
[NoOp];224
[NoOp];222
[NoOp];225
[NoOp];222
[NoOp];221
[NoOp];224
[NoOp];221
[NoOp];224
[NoOp];228
[NoOp];226
[NoOp];225
[NoOp];223
[NoOp];229
[NoOp];225
[NoOp];222
[NoOp];218
[NoOp];224
[NoOp];231
[NoOp];219
[NoOp];216
[NoOp];208
[NoOp];216
[NoOp];225
[NoOp];229
[NoOp];226
[NoOp];228
[NoOp];228
[NoOp];221
[NoOp];223
[NoOp];224
[NoOp];224
[NoOp];219
[NoOp];222
[NoOp];225
[NoOp];229
[NoOp];226
[NoOp];222
[NoOp];226
[NoOp];223
[NoOp];226
[NoOp];219
[NoOp];229
[NoOp];226
[NoOp];228
[NoOp];222
[NoOp];221
[NoOp];228
[NoOp];230
[NoOp];224
[NoOp];217
[NoOp];218
[NoOp];222
[NoOp];230
[NoOp];225
[NoOp];229
[NoOp];230
[NoOp];226
[NoOp];225
[NoOp];221
[NoOp];227
[NoOp];221
[NoOp];226
[NoOp];227
[NoOp];221
[NoOp];227
[NoOp];232
[NoOp];223
[NoOp];222
[NoOp];231
[NoOp];226
[NoOp];220
[NoOp];221
[NoOp];221
[NoOp];219
[NoOp];224
[NoOp];222
[NoOp];225
[NoOp];225
[NoOp];219
[NoOp];222
[NoOp];233
7956be741067b79764e6bace36e6af94dbd0102e
unsuccessful
299723
1349
05ee926485391dbd219b992c74489cecd8868f3f
1495033532035
