red: 0,T,H,O,M,A,S,X,R,N,E
+++++++++++++++++++++++++++++
+      t   h  o   m   as  x +
+ +++++++++++++++++++++++++ +
+ +        H  O   M   AS  +++
+ +                        0+
+ +                         +
+ +                         +
+ +                         +
+ +                         +
+ +              A          +
+ +              R          +
+ +              N          +
+ +              E          +
+ +                         +
+ +                         +
+ +T                        +
+ +H                        +
+ +O                        +
+ +M                        +
+ +A                        +
+ +S                        +
+ +X                        +
+                           +
+++++++++++++++++++++++++++++

[Move(W)];5010
[Move(W)];0
[Move(W)];0
[Move(W)];0
[Move(W)];0
[Move(W)];0
[Move(W)];0
[Move(W)];1
[Move(W)];0
[Move(W)];0
[Move(W)];0
[Move(W)];0
[Move(W)];0
[Move(W)];0
[Move(W)];0
[Move(W)];1
[Move(W)];0
[Move(S)];0
[Move(W)];0
[Move(S)];0
[Move(S)];0
[Move(S)];0
[Move(S)];0
[Move(S)];1
[Move(W)];0
[Move(S)];0
[Move(S)];0
[Move(S)];0
[Move(W)];0
[Move(W)];0
[Move(W)];0
[Move(S)];0
[Move(S)];1
[Move(S)];0
[Move(S)];0
[Move(S)];0
[Move(S)];0
[Move(S)];0
[Move(W)];0
[Move(S)];0
[Push(W,S)];0
[Push(S,W)];1
[Push(W,W)];0
[Push(W,N)];0
[Push(N,N)];0
[Push(N,N)];0
[Push(N,N)];0
[Push(N,N)];0
[Push(N,N)];0
[Push(N,N)];0
[Push(N,N)];1
[Push(N,N)];0
[Push(N,N)];0
[Push(N,N)];0
[Push(N,N)];0
[Push(N,N)];0
[Push(N,N)];0
[Push(N,N)];1
[Push(N,N)];0
[Push(N,N)];0
[Push(N,N)];0
[Push(N,N)];0
[Push(N,N)];0
[Push(N,N)];0
[Push(N,E)];0
[Push(E,E)];1
[Push(E,E)];0
[Push(E,E)];0
[Push(E,E)];0
[Push(E,E)];0
[Push(E,E)];0
[Push(E,E)];0
[Push(E,E)];0
[Push(E,E)];0
[Push(E,E)];0
[Push(E,E)];0
[Push(E,E)];0
[Push(E,E)];0
[Push(E,E)];0
[Push(E,E)];0
[Push(E,E)];0
[Push(E,E)];0
[Push(E,E)];0
[Push(E,E)];0
[Push(E,E)];0
[Push(E,E)];0
[Push(E,E)];0
[Push(E,E)];0
[Push(E,E)];0
[Move(W)];8893
[Move(W)];0
[Move(W)];0
[Move(W)];0
[Move(W)];0
[Move(W)];0
[Move(W)];0
[Move(W)];0
[Move(W)];0
[Move(W)];0
[Move(W)];0
[Move(W)];0
[Move(W)];0
[Move(W)];0
[Move(W)];0
[Move(W)];1
[Move(W)];0
[Move(W)];0
[Move(W)];0
[Move(W)];0
[Move(W)];0
[Move(W)];0
[Move(W)];0
[Move(W)];0
[Move(S)];1
[Move(S)];0
[Move(S)];0
[Move(S)];0
[Move(S)];0
[Move(S)];0
[Move(S)];0
[Move(S)];0
[Move(S)];0
[Move(S)];0
[Move(S)];0
[Move(S)];1
[Move(S)];0
[Move(S)];0
[Move(S)];0
[Move(S)];0
[Move(S)];0
[Move(S)];0
[Move(S)];0
[Move(S)];0
[Move(S)];0
[Move(E)];0
[Move(E)];1
[Move(N)];0
[Move(E)];8700
[Move(N)];1
[Move(N)];0
[Move(N)];0
[Move(N)];0
[Move(N)];0
[Move(N)];0
[Move(N)];0
[Move(E)];0
[Move(E)];0
[Move(N)];0
[Move(N)];0
[Move(E)];0
[Move(N)];0
[Move(N)];0
[Move(N)];0
[Move(E)];0
[Move(N)];0
[Move(N)];0
[Move(N)];0
[Move(E)];0
[Move(N)];0
[Move(E)];0
[Move(E)];0
[Move(E)];0
[Move(E)];0
[Move(N)];0
[Move(N)];0
[Pull(W,E)];0
[Pull(S,E)];8811
[Pull(W,N)];0
[Pull(S,E)];0
[Pull(S,N)];0
[Pull(S,N)];1
[Pull(W,N)];0
[Pull(W,E)];0
[Pull(W,E)];0
[Pull(W,E)];0
[Pull(S,E)];0
[Pull(W,N)];0
[Pull(S,E)];0
[Pull(W,N)];0
[Pull(W,E)];0
[Pull(S,E)];0
[Pull(S,N)];0
[Pull(S,N)];0
[Pull(S,N)];1
[Pull(S,N)];0
[Pull(S,N)];0
[Pull(S,N)];3345
[Pull(S,N)];2943
[Pull(S,N)];2526
[Move(E)];3061
[Move(N)];0
[Move(N)];0
[Move(W)];0
[Move(E)];1481
[Move(S)];0
[Move(S)];0
[Move(W)];0
[Move(E)];3128
[Move(N)];0
[Move(N)];0
[Move(W)];0
[Move(E)];1468
[Move(S)];0
[Move(S)];1
[Move(W)];0
[Move(E)];3105
[Move(N)];0
[Move(N)];0
[Move(W)];0
[Move(E)];1459
[Move(S)];0
[Move(S)];0
[Move(W)];0
[Move(E)];3120
[Move(N)];0
[Move(N)];0
[Move(W)];0
[Move(E)];1515
[Move(S)];0
[Move(S)];0
[Move(W)];0
[Move(E)];3106
[Move(N)];0
[Move(N)];1
[Move(W)];0
[Move(E)];1455
[Move(S)];0
[Move(S)];0
[Move(W)];0
[Move(E)];3075
[Move(N)];0
[Move(N)];0
[Move(W)];0
[Move(E)];1492
[Move(S)];0
[Move(S)];0
[Move(W)];0
[Move(E)];3067
[Move(N)];0
[Move(N)];0
[Move(W)];0
[Move(E)];1460
[Move(S)];0
[Move(S)];0
[Move(W)];0
[Move(E)];3079
[Move(N)];0
[Move(N)];0
[Move(W)];1
[Move(E)];1472
[Move(S)];0
[Move(S)];0
[Move(W)];0
[Move(E)];3092
[Move(N)];0
[Move(N)];0
[Move(W)];0
[Move(E)];1472
[Move(S)];0
[Move(S)];0
[Move(W)];0
[Move(E)];3113
[Move(N)];0
[Move(N)];0
[Move(W)];0
[Move(E)];1470
[Move(S)];0
[Move(S)];0
[Move(W)];0
[Move(E)];3080
[Move(N)];0
[Move(N)];0
[Move(W)];0
[Move(E)];1479
[Move(S)];0
[Move(S)];0
[Move(W)];0
[Move(E)];3076
[Move(N)];0
[Move(N)];0
[Move(W)];0
[Move(E)];1476
[Move(S)];0
[Move(S)];0
[Move(W)];0
[Move(E)];3118
[Move(N)];0
[Move(N)];0
[Move(W)];0
[Move(E)];1463
[Move(S)];0
[Move(S)];0
[Move(W)];0
[Move(E)];3083
[Move(N)];0
[Move(N)];0
[Move(W)];0
[Move(E)];1492
[Move(S)];0
[Move(S)];0
[Move(W)];0
[Move(E)];3086
[Move(N)];0
[Move(N)];0
[Move(W)];0
[Move(E)];1470
[Move(S)];0
[Move(S)];0
[Move(W)];0
[Move(E)];3121
[Move(N)];0
[Move(N)];0
[Move(W)];0
[Move(E)];1526
[Move(S)];0
[Move(S)];0
[Move(W)];0
[Move(E)];3103
[Move(N)];0
[Move(N)];0
[Move(W)];0
[Move(E)];1460
[Move(S)];0
[Move(S)];0
[Move(W)];0
[Move(E)];3118
[Move(N)];0
[Move(N)];0
[Move(W)];0
[Move(E)];1463
[Move(S)];0
[Move(S)];0
[Move(W)];0
[Move(E)];3097
[Move(N)];0
[Move(N)];0
[Move(W)];0
[Move(E)];1467
[Move(S)];0
[Move(S)];0
[Move(W)];0
[Move(E)];3124
[Move(N)];0
[Move(N)];0
[Move(W)];0
[Move(E)];1475
[Move(S)];0
[Move(S)];1
[Move(W)];0
[Move(E)];3083
[Move(N)];0
[Move(N)];0
[Move(W)];0
[Move(E)];1463
[Move(S)];0
[Move(S)];0
[Move(W)];0
[Move(E)];3134
[Move(N)];0
[Move(N)];0
[Move(W)];0
[Move(E)];1489
[Move(S)];0
[Move(S)];0
[Move(W)];0
[Move(E)];3101
[Move(N)];0
[Move(N)];0
[Move(W)];0
[Move(E)];1483
[Move(S)];0
[Move(S)];0
[Move(W)];0
[Move(E)];3094
[Move(N)];0
[Move(N)];0
[Move(W)];0
[Move(E)];1505
[Move(S)];0
[Move(S)];1
[Move(W)];0
[Move(E)];3104
[Move(N)];0
[Move(N)];1
[Move(W)];0
[Move(E)];1461
[Move(S)];0
[Move(S)];0
[Move(W)];0
[Move(E)];3112
[Move(N)];1
[Move(N)];0
[Move(W)];0
[Move(E)];1511
[Move(S)];0
[Move(S)];0
[Move(W)];0
[Move(E)];3075
[Move(N)];0
[Move(N)];0
[Move(W)];0
[Move(E)];1466
[Move(S)];0
[Move(S)];0
[Move(W)];0
[Move(E)];3089
[Move(N)];0
[Move(N)];0
[Move(W)];0
[Move(E)];1463
[Move(S)];0
[Move(S)];0
[Move(W)];0
[Move(E)];3083
[Move(N)];0
[Move(N)];0
[Move(W)];0
[Move(E)];1473
[Move(S)];0
[Move(S)];0
[Move(W)];0
[Move(E)];3114
[Move(N)];0
[Move(N)];0
[Move(W)];0
[Move(E)];1486
[Move(S)];0
[Move(S)];0
[Move(W)];0
[Move(E)];3131
[Move(N)];0
[Move(N)];0
[Move(W)];0
[Move(E)];1470
[Move(S)];0
[Move(S)];0
[Move(W)];0
[Move(E)];3094
[Move(N)];0
[Move(N)];0
[Move(W)];0
[Move(E)];1474
[Move(S)];0
[Move(S)];0
[Move(W)];0
[Move(E)];3095
[Move(N)];0
[Move(N)];0
[Move(W)];0
[Move(E)];1471
[Move(S)];0
[Move(S)];0
[Move(W)];0
[Move(E)];3072
[Move(N)];0
[Move(N)];0
[Move(W)];0
[Move(E)];1502
[Move(S)];0
[Move(S)];0
[Move(W)];0
[Move(E)];3091
[Move(N)];0
[Move(N)];1
[Move(W)];0
[Move(E)];1454
[Move(S)];0
[Move(S)];0
[Move(W)];0
[Move(E)];3105
[Move(N)];0
[Move(N)];0
[Move(W)];0
[Move(E)];1518
[Move(S)];0
[Move(S)];0
[Move(W)];0
[Move(E)];3107
[Move(N)];0
[Move(N)];0
[Move(W)];0
[Move(E)];1481
[Move(S)];0
[Move(S)];0
[Move(W)];0
[Move(E)];3092
[Move(N)];0
[Move(N)];0
[Move(W)];0
[Move(E)];1496
[Move(S)];0
[Move(S)];0
[Move(W)];0
[Move(E)];3104
[Move(N)];0
[Move(N)];0
[Move(W)];0
[Move(E)];1472
[Move(S)];0
[Move(S)];0
[Move(W)];0
[Move(E)];3128
[Move(N)];0
[Move(N)];0
[Move(W)];0
[Move(E)];1470
[Move(S)];0
[Move(S)];0
[Move(W)];0
[Move(E)];3106
[Move(N)];0
[Move(N)];0
[Move(W)];0
[Move(E)];1458
[Move(S)];0
[Move(S)];0
[Move(W)];0
[Move(E)];3089
[Move(N)];0
[Move(N)];0
[Move(W)];0
[Move(E)];1472
[Move(S)];0
[Move(S)];0
[Move(W)];0
[Move(E)];3108
[Move(N)];0
[Move(N)];0
[Move(W)];0
[Move(E)];1460
[Move(S)];0
[Move(S)];0
[Move(W)];0
[Move(E)];3109
[Move(N)];0
[Move(N)];0
[Move(W)];0
[Move(E)];1504
[Move(S)];0
[Move(S)];0
[Move(W)];0
[Move(E)];3113
[Move(N)];0
[Move(N)];1
[Move(W)];0
[Move(E)];1473
[Move(S)];0
[Move(S)];0
[Move(W)];0
[Move(E)];3095
[Move(N)];0
[Move(N)];0
[Move(W)];0
[Move(E)];1491
[Move(S)];0
[Move(S)];0
[Move(W)];0
[Move(E)];3110
[Move(N)];0
[Move(N)];0
[Move(W)];0
[Move(E)];1463
[Move(S)];0
[Move(S)];0
[Move(W)];0
[Move(E)];3120
[Move(N)];0
[Move(N)];0
[Move(W)];0
[Move(E)];1486
[Move(S)];0
[Move(S)];0
[Move(W)];0
[Move(E)];3083
[Move(N)];0
[Move(N)];1
[Move(W)];0
[Move(E)];1487
[Move(S)];0
[Move(S)];0
[Move(W)];0
[Move(E)];3116
[Move(N)];0
[Move(N)];0
[Move(W)];0
[Move(E)];1483
[Move(S)];0
[Move(S)];0
[Move(W)];0
[Move(E)];3087
[Move(N)];0
[Move(N)];0
[Move(W)];0
[Move(E)];1458
[Move(S)];0
[Move(S)];1
[Move(W)];0
[Move(E)];3090
[Move(N)];0
[Move(N)];0
[Move(W)];0
[Move(E)];1484
[Move(S)];0
[Move(S)];0
[Move(W)];0
[Move(E)];3108
[Move(N)];1
[Move(N)];0
[Move(W)];0
[Move(E)];1485
[Move(S)];0
[Move(S)];0
[Move(W)];0
[Move(E)];3082
[Move(N)];0
[Move(N)];0
[Move(W)];0
[Move(E)];1497
[Move(S)];0
[Move(S)];0
[Move(W)];0
[Move(E)];3086
[Move(N)];0
[Move(N)];0
[Move(W)];0
[Move(E)];1455
[Move(S)];0
[Move(S)];0
[Move(W)];0
[Move(E)];3098
[Move(N)];0
[Move(N)];0
[Move(W)];0
[Move(E)];1482
[Move(S)];0
[Move(S)];0
[Move(W)];0
[Move(E)];3126
[Move(N)];0
[Move(N)];0
[Move(W)];0
c17385da2503d3f84b5a1219dd5a7ffb33df9720
unsuccessful
299702
641
dfbd6b2dedcc22c4b39286ab79d2b3303088288c
1495033907382
