red: 0,A,E
green: 1,B
cyan: 2,C,D
+++++++++++++++++++++++++++++++++
+0    +               1         +
+ + + +++++++++++++++++++ + + + +
+ a B +         c   +   b     A +
+ + + + +++++++++++++++++ + + + +
+             2C                +
+++ +++++++++++++++++++++++++ +++
+++             Dd            +++
+++ +++++++++++++++++++++++++ +++
+++             eE            +++
+++ +++++++++++++++++++++++++ +++
+++             Bb            +++
+++ +++++++++++++++++++++++++ +++
+++             Bb            +++
+++ +++++++++++++++++++++++++ +++
+++             Bb            +++
+++++++++++++++++++++++++++++++++

[Move(E), Move(E), Pull(W,E)];188875
[Move(E), Move(E), Pull(W,E)];0
[Move(E), Move(E), Pull(W,E)];0
[Move(E), Move(S), Pull(W,E)];0
[Move(S), Move(N), Pull(W,E)];0
[Move(S), Move(S), Pull(W,E)];1
[Move(S), Move(N), Pull(W,E)];0
[Move(S), Move(S), Pull(W,E)];0
[NoOp, Move(N), Push(E,N)];1
[Move(E), Move(S), Push(N,N)];0
[Move(E), Move(N), Push(N,E)];0
[Move(E), Move(S), Push(E,E)];0
[Move(E), Move(N), Push(E,E)];1
[Move(E), Move(S), Push(E,E)];0
[Move(E), Move(N), Push(E,E)];0
[Move(E), Move(S), Push(E,E)];0
[Move(E), Move(N), Push(E,E)];1
[Move(E), Move(S), Push(E,E)];0
[Move(E), Move(N), Push(E,E)];0
[Move(W), Move(S), Move(W)];0
[Move(W), Move(N), Move(W)];1
[Move(W), Move(S), Move(E)];0
[Move(W), Move(N), Move(E)];0
[Move(W), Move(S), Move(W)];0
[Move(W), Move(N), Move(E)];0
[Move(W), Move(S), Move(W)];0
[Move(W), Move(N), Move(E)];1
[Move(W), Move(S), Move(W)];0
[Move(W), Move(N), Move(E)];0
[Move(N), Move(S), Move(W)];0
[Move(N), Move(N), Move(W)];0
[NoOp, Move(S), Move(W)];0
[NoOp, Move(N), Move(W)];0
[NoOp, Move(S), Move(W)];0
[NoOp, Move(N), Move(W)];0
[NoOp, Move(S), Move(W)];0
[NoOp, Move(N), Move(W)];0
[NoOp, Move(S), Move(S)];1
[NoOp, Move(N), Move(S)];0
[NoOp, Move(S), Move(W)];0
[NoOp, Move(N), Move(W)];0
[NoOp, Move(S), Move(W)];0
[NoOp, Move(N), Move(W)];0
[NoOp, Move(S), Move(N)];0
[NoOp, Move(S), Move(N)];1
[NoOp, Move(S), NoOp];0
[NoOp, Move(S), NoOp];0
[NoOp, Move(E), NoOp];0
[NoOp, Move(E), NoOp];0
[NoOp, Move(E), NoOp];0
[NoOp, Move(E), NoOp];0
[NoOp, Move(S), NoOp];0
[NoOp, Move(S), NoOp];0
[NoOp, Move(S), NoOp];1
[NoOp, Move(S), NoOp];0
[NoOp, Move(S), NoOp];0
[NoOp, Move(S), NoOp];0
[NoOp, Move(W), NoOp];0
[NoOp, Move(W), NoOp];0
[NoOp, Move(W), NoOp];0
[NoOp, Move(W), NoOp];0
[NoOp, Move(W), NoOp];0
[NoOp, Move(W), NoOp];0
[NoOp, Move(W), NoOp];0
[NoOp, Move(W), NoOp];0
[NoOp, Move(W), NoOp];0
[NoOp, Move(W), NoOp];0
[NoOp, Move(W), NoOp];0
[NoOp, Move(W), NoOp];0
[NoOp, Pull(E,W), NoOp];0
[NoOp, Move(E), NoOp];0
[NoOp, Move(E), NoOp];1
[NoOp, Move(E), NoOp];0
[NoOp, Move(E), NoOp];0
[NoOp, Move(E), NoOp];0
[NoOp, Move(E), NoOp];0
[NoOp, Move(E), NoOp];0
[NoOp, Move(E), NoOp];0
[NoOp, Move(E), NoOp];1
[NoOp, Move(E), NoOp];0
[NoOp, Move(E), NoOp];0
[NoOp, Move(S), NoOp];1
[NoOp, Move(S), NoOp];0
[NoOp, Move(W), NoOp];0
[NoOp, Move(W), NoOp];0
[NoOp, Move(W), NoOp];0
[NoOp, Move(W), NoOp];0
[NoOp, Move(W), NoOp];0
[NoOp, Move(W), NoOp];0
[NoOp, Move(W), NoOp];0
[NoOp, Move(W), NoOp];0
[NoOp, Move(W), NoOp];0
[NoOp, Move(W), NoOp];0
[NoOp, Move(W), NoOp];0
[NoOp, Move(W), NoOp];0
[NoOp, Pull(E,W), NoOp];0
[NoOp, Move(E), NoOp];0
[NoOp, Move(E), NoOp];0
[NoOp, Move(E), NoOp];0
[NoOp, Move(E), NoOp];1
[NoOp, Move(E), NoOp];0
[NoOp, Move(E), NoOp];0
[NoOp, Move(E), NoOp];0
[NoOp, Move(E), NoOp];0
[NoOp, Move(E), NoOp];0
[NoOp, Move(E), NoOp];0
[NoOp, Move(E), NoOp];0
[NoOp, Move(S), NoOp];0
[NoOp, Move(S), NoOp];0
[NoOp, Move(W), NoOp];0
[NoOp, Move(W), NoOp];0
[NoOp, Move(W), NoOp];0
[NoOp, Move(W), NoOp];0
[NoOp, Move(W), NoOp];0
[NoOp, Move(W), NoOp];0
[NoOp, Move(W), NoOp];0
[NoOp, Move(W), NoOp];0
[NoOp, Move(W), NoOp];0
[NoOp, Move(W), NoOp];1
[NoOp, Move(W), NoOp];0
[NoOp, Move(W), NoOp];0
[NoOp, Pull(E,W), NoOp];0
[NoOp, Move(E), NoOp];0
[NoOp, Move(E), NoOp];0
[NoOp, Move(E), NoOp];0
[NoOp, Move(E), NoOp];0
[NoOp, Move(E), NoOp];0
[NoOp, Move(E), NoOp];0
[NoOp, Move(E), NoOp];0
[NoOp, Move(E), NoOp];0
[NoOp, Move(E), NoOp];0
[NoOp, Move(E), NoOp];0
[NoOp, Move(E), NoOp];1
[NoOp, Move(N), NoOp];0
[NoOp, Move(N), NoOp];0
[NoOp, Move(N), NoOp];0
[NoOp, Move(N), NoOp];0
[NoOp, Move(N), NoOp];0
[NoOp, Move(N), NoOp];0
[NoOp, Move(N), NoOp];0
[NoOp, Move(N), NoOp];0
[NoOp, Move(N), NoOp];0
[NoOp, Move(N), NoOp];0
[NoOp, Move(W), NoOp];0
[NoOp, Move(W), NoOp];0
[NoOp, Move(W), NoOp];0
[NoOp, Move(W), NoOp];0
[NoOp, Move(W), NoOp];0
[NoOp, Move(W), NoOp];0
[NoOp, Move(W), NoOp];1
[NoOp, Move(W), NoOp];0
[NoOp, Move(W), NoOp];0
[NoOp, Move(W), NoOp];0
[NoOp, Move(W), NoOp];0
[NoOp, Move(W), NoOp];0
[NoOp, Move(W), NoOp];0
[NoOp, Move(W), NoOp];0
[NoOp, Move(W), NoOp];0
[NoOp, Move(W), NoOp];0
[NoOp, Move(W), NoOp];0
[NoOp, Move(W), NoOp];0
[NoOp, Move(W), NoOp];0
[NoOp, Move(W), NoOp];0
[NoOp, Move(W), NoOp];0
[NoOp, Move(W), NoOp];0
[NoOp, Move(W), NoOp];0
[NoOp, Move(W), NoOp];0
[Move(N), Move(N), NoOp];0
[NoOp, Move(N), NoOp];0
[NoOp, Pull(S,W), NoOp];0
[NoOp, Pull(S,N), Move(S)];0
[Move(S), Pull(E,N), Move(S)];0
[Move(S), Pull(E,W), Move(E)];0
[NoOp, Pull(E,W), Move(E)];0
[NoOp, Pull(E,W), Move(E)];0
[Move(S), Pull(E,W), Move(E)];0
[Move(E), Pull(E,W), Move(E)];0
[Move(E), Pull(E,W), Move(E)];0
[Move(E), Pull(E,W), Move(E)];0
[Move(E), Pull(E,W), Move(E)];0
[Move(E), Pull(E,W), Move(E)];2
[Move(E), Pull(E,W), Move(E)];0
[Move(E), Pull(E,W), Move(E)];0
[Move(E), Pull(E,W), Move(E)];0
[Move(E), Pull(E,W), Move(E)];0
[Move(E), Pull(E,W), Move(E)];0
[Move(E), Pull(E,W), Move(E)];1
[Move(E), Pull(E,W), Move(E)];0
[Move(E), Pull(E,W), Move(E)];0
[Move(E), Pull(E,W), Move(E)];0
[Move(E), Pull(E,W), Move(E)];0
[Move(E), Pull(E,W), Move(E)];0
[Move(E), Push(W,N), Move(E)];0
[Move(E), Push(N,N), NoOp];0
[Move(W), Push(N,W), NoOp];0
[Move(W), NoOp, NoOp];0
[Move(W), NoOp, NoOp];0
[Move(W), NoOp, NoOp];0
[Move(W), NoOp, NoOp];0
[Move(W), NoOp, NoOp];0
[Move(W), NoOp, NoOp];0
[Move(W), NoOp, NoOp];0
[Move(W), NoOp, NoOp];0
[Move(W), NoOp, NoOp];0
[Move(W), NoOp, NoOp];0
[Move(W), NoOp, NoOp];0
[Move(W), NoOp, NoOp];0
[Move(W), NoOp, NoOp];0
[Move(W), NoOp, NoOp];0
[Move(W), NoOp, NoOp];0
[Move(W), NoOp, NoOp];0
[Move(W), NoOp, NoOp];0
[Move(W), NoOp, NoOp];0
[Move(W), NoOp, NoOp];0
[Move(S), NoOp, NoOp];0
[Move(S), NoOp, NoOp];0
[Move(S), NoOp, NoOp];0
[Move(S), NoOp, NoOp];0
[Move(E), NoOp, NoOp];0
[Move(E), NoOp, NoOp];0
[Move(E), NoOp, NoOp];0
[Move(E), NoOp, NoOp];0
[Move(E), NoOp, NoOp];0
[Move(E), NoOp, NoOp];0
[Move(E), NoOp, NoOp];0
[Move(E), NoOp, NoOp];1
[Move(E), NoOp, NoOp];0
[Move(E), NoOp, NoOp];0
[Move(E), NoOp, NoOp];0
[Move(E), NoOp, NoOp];0
[Move(E), NoOp, NoOp];0
[Pull(W,E), NoOp, Move(E)];1
[Move(W), NoOp, Move(N)];0
[Move(W), NoOp, NoOp];0
[Move(W), NoOp, NoOp];0
[Move(W), NoOp, NoOp];0
[Move(W), NoOp, NoOp];0
[Move(W), NoOp, NoOp];0
[Move(W), NoOp, NoOp];0
[Move(W), NoOp, NoOp];0
[Move(W), NoOp, NoOp];0
[Move(W), NoOp, NoOp];0
[Move(W), NoOp, NoOp];0
[Move(W), NoOp, NoOp];0
[Move(N), NoOp, NoOp];0
[Move(N), NoOp, NoOp];0
[Move(N), NoOp, NoOp];0
[Move(N), NoOp, NoOp];0
[Move(E), NoOp, NoOp];0
[Move(E), NoOp, NoOp];0
[Move(E), NoOp, NoOp];0
[Move(E), NoOp, NoOp];0
[Move(E), NoOp, NoOp];0
[Move(E), NoOp, NoOp];0
[Move(E), NoOp, NoOp];1
[Move(E), NoOp, NoOp];0
[Move(E), NoOp, NoOp];0
[Move(E), NoOp, NoOp];0
[Move(E), NoOp, NoOp];0
[Move(E), NoOp, NoOp];0
[Move(E), NoOp, NoOp];0
[Move(E), NoOp, NoOp];0
[Move(E), NoOp, NoOp];0
[Move(E), NoOp, NoOp];0
[Move(E), NoOp, NoOp];0
[Move(E), NoOp, NoOp];0
[Move(E), NoOp, NoOp];0
[Move(E), NoOp, NoOp];0
[Move(E), NoOp, NoOp];0
[Move(E), NoOp, NoOp];0
[Move(E), NoOp, NoOp];0
[Move(E), NoOp, NoOp];0
[Move(N), NoOp, NoOp];0
[Move(N), NoOp, NoOp];0
[Move(E), NoOp, NoOp];0
[Move(E), NoOp, NoOp];0
[Pull(W,E), NoOp, NoOp];0
[Pull(W,E), NoOp, NoOp];0
[Pull(N,E), NoOp, NoOp];0
[Push(S,W), Move(N), NoOp];0
[Push(W,W), NoOp, Move(S)];0
[Push(W,S), NoOp, Move(W)];0
[Push(S,S), NoOp, NoOp];0
[NoOp, Move(S), Move(W)];0
[Push(S,W), NoOp, Move(W)];0
[Push(W,W), NoOp, Move(W)];0
[Push(W,W), NoOp, Move(W)];1
[Push(W,W), NoOp, Move(W)];0
[Push(W,W), Move(N), Move(W)];0
[Push(W,W), Move(S), Move(W)];0
[Push(W,W), Move(N), Move(W)];0
[Push(W,W), Move(S), Move(W)];0
[Push(W,W), Move(N), NoOp];0
[Move(E), Move(N), NoOp];0
[Move(E), Move(W), NoOp];0
[Move(E), NoOp, NoOp];0
[Move(E), NoOp, NoOp];0
[Move(E), NoOp, NoOp];0
[Move(E), NoOp, NoOp];0
[Move(E), Move(E), NoOp];0
[NoOp, Move(S), NoOp];0
[NoOp, Move(S), NoOp];0
[Move(E), Pull(E,W), NoOp];0
[NoOp, Push(W,S), NoOp];0
[NoOp, Pull(W,S), NoOp];0
[NoOp, Pull(W,E), Move(W)];0
[Move(N), NoOp, Move(W)];0
[Move(N), NoOp, Move(W)];0
[NoOp, NoOp, Move(W)];0
[NoOp, NoOp, Move(W)];0
[NoOp, NoOp, Move(W)];0
[NoOp, NoOp, Move(W)];0
[NoOp, NoOp, Move(W)];0
[NoOp, NoOp, Move(N)];0
[NoOp, NoOp, Move(N)];0
[NoOp, NoOp, Move(E)];0
[NoOp, NoOp, Move(E)];0
[NoOp, NoOp, Move(E)];0
[NoOp, NoOp, Move(E)];0
[NoOp, NoOp, Move(E)];0
[NoOp, NoOp, Move(E)];0
[NoOp, NoOp, Move(E)];0
[Move(S), NoOp, Move(E)];0
[Move(S), NoOp, NoOp];0
[Move(W), NoOp, NoOp];0
[Move(W), NoOp, NoOp];0
[Move(W), NoOp, NoOp];0
[Move(W), NoOp, NoOp];0
[Move(W), NoOp, NoOp];0
[Move(W), NoOp, NoOp];0
[Move(W), NoOp, NoOp];0
[Move(W), NoOp, NoOp];0
[Push(W,W), NoOp, NoOp];0
[Push(W,W), NoOp, NoOp];0
[Push(W,W), NoOp, NoOp];0
[Push(W,W), NoOp, NoOp];1
[Push(W,W), NoOp, NoOp];0
[Push(W,W), NoOp, NoOp];0
[Push(W,W), NoOp, NoOp];0
[Push(W,W), NoOp, NoOp];0
[Push(W,W), NoOp, NoOp];0
[Push(W,W), NoOp, NoOp];0
[Push(W,W), NoOp, NoOp];0
[Push(W,W), NoOp, NoOp];0
[Move(N), Move(W), NoOp];0
[Move(N), Move(E), NoOp];0
[Move(W), NoOp, NoOp];0
[Move(W), NoOp, NoOp];0
[Move(S), NoOp, NoOp];0
[Move(S), NoOp, NoOp];0
[Pull(W,E), NoOp, NoOp];0
[Push(E,N), NoOp, NoOp];1
[Push(N,N), NoOp, NoOp];0
[Push(N,W), NoOp, NoOp];0
[Move(S), NoOp, NoOp];0
[Move(S), NoOp, NoOp];0
[Move(E), NoOp, NoOp];0
[Move(E), NoOp, NoOp];0
[Move(E), NoOp, NoOp];0
[Move(E), NoOp, NoOp];0
[Move(E), NoOp, NoOp];0
[Move(E), NoOp, NoOp];0
[Move(E), NoOp, NoOp];0
[Move(E), NoOp, NoOp];0
[Move(E), NoOp, NoOp];1
[Move(E), NoOp, NoOp];0
[Move(E), NoOp, NoOp];0
[Move(E), NoOp, NoOp];0
[Move(E), NoOp, NoOp];0
[Move(E), NoOp, NoOp];0
[Move(E), NoOp, NoOp];0
[Move(E), NoOp, NoOp];0
[Move(E), NoOp, NoOp];0
[Move(E), NoOp, NoOp];0
[Move(E), NoOp, NoOp];0
[Move(E), NoOp, NoOp];0
[Move(E), NoOp, NoOp];0
[Move(E), NoOp, NoOp];0
[Move(N), NoOp, NoOp];0
[Move(N), NoOp, Move(W)];0
[NoOp, NoOp, Move(W)];0
[NoOp, NoOp, Move(W)];0
[NoOp, NoOp, Move(W)];0
[NoOp, NoOp, Move(W)];0
[NoOp, NoOp, Move(W)];0
[NoOp, NoOp, Move(W)];0
[NoOp, NoOp, Move(W)];0
[NoOp, NoOp, Move(S)];0
[NoOp, NoOp, Move(S)];1
[NoOp, NoOp, Move(E)];0
[NoOp, NoOp, Move(E)];0
[NoOp, NoOp, Move(E)];0
[NoOp, NoOp, Move(E)];0
[NoOp, NoOp, Move(E)];0
[NoOp, NoOp, Move(E)];0
[NoOp, NoOp, Move(E)];0
[NoOp, NoOp, Move(E)];0
[NoOp, NoOp, Move(E)];0
[NoOp, NoOp, Move(E)];0
[NoOp, NoOp, Move(E)];0
[NoOp, NoOp, Move(E)];0
[NoOp, NoOp, Move(E)];0
[NoOp, NoOp, Move(E)];0
[NoOp, NoOp, Move(E)];0
[NoOp, NoOp, Move(E)];0
[NoOp, NoOp, Move(E)];0
[NoOp, NoOp, Move(E)];1
[NoOp, NoOp, Move(E)];0
[NoOp, NoOp, Move(E)];0
[NoOp, NoOp, Move(E)];0
[NoOp, NoOp, Move(E)];0
[NoOp, NoOp, Move(S)];0
[NoOp, NoOp, Move(S)];0
[NoOp, NoOp, Move(W)];0
[NoOp, NoOp, Move(W)];0
[NoOp, NoOp, Move(W)];0
[NoOp, NoOp, Move(W)];0
[NoOp, NoOp, Move(W)];0
[NoOp, NoOp, Move(W)];0
[NoOp, NoOp, Move(W)];0
[NoOp, NoOp, Move(W)];0
[NoOp, NoOp, Move(W)];0
[NoOp, NoOp, Move(W)];0
[NoOp, NoOp, Move(W)];0
[NoOp, NoOp, Move(W)];0
[Move(N), Move(W), Pull(E,W)];0
328dd3d80fc500db0cccdbf10bf522e688f35675
successful
188903
426
a9722271a31aeb823cb617404ca730cc74d37f4c
1495037282683
