++++++++++++++++++++++++++++++++
+  B   ++++++++++++++++++   0  +
+      ++++++++++++++++++      +
+      a         b          A  +
+      ++++++++++++++++++      +
+  C   ++++++++++++++++++  c   +
++++++++++++++++++++++++++++++++

[Move(S)];9727
[Push(S,W)];0
[Push(W,W)];0
[Push(W,W)];0
[Push(W,N)];0
[Pull(W,N)];0
[Pull(W,E)];0
[Pull(W,E)];0
[Pull(W,E)];0
[Pull(W,E)];0
[Pull(W,E)];0
[Pull(W,E)];0
[Pull(W,E)];0
[Pull(W,E)];0
[Pull(W,E)];0
[Pull(W,E)];0
[Pull(W,E)];0
[Pull(W,E)];0
[Pull(W,E)];0
[Pull(W,E)];0
[Pull(W,E)];0
[Pull(W,E)];0
[Pull(W,E)];0
[Move(W)];0
[Move(N)];0
[Move(N)];0
[Move(W)];0
[Move(W)];0
[Pull(E,W)];0
[Pull(E,W)];0
[Push(W,S)];0
[Push(S,E)];0
[Push(E,S)];0
[Push(S,E)];1
[Move(S)];0
[Move(S)];0
[Move(W)];0
[Move(W)];0
[Pull(E,W)];0
[Pull(E,W)];0
[Pull(N,W)];0
[Pull(N,S)];0
[Pull(W,E)];0
[Push(E,N)];0
[Pull(E,S)];0
[Push(E,E)];0
[Move(W)];0
[Pull(E,W)];0
[Push(E,E)];0
[Move(W)];0
[Pull(E,W)];0
[Push(E,E)];0
[Move(W)];0
[Pull(E,W)];0
[Push(E,E)];0
[Move(W)];0
[Pull(E,W)];0
[Push(E,E)];4
[Move(W)];0
[Pull(E,W)];0
[Push(E,E)];0
[Move(W)];0
[Pull(E,W)];0
[Push(E,E)];0
[Move(W)];0
[Pull(E,W)];0
[Push(E,E)];0
[Move(W)];0
[Pull(E,W)];0
[Push(E,E)];0
[Move(W)];0
[Pull(E,W)];0
[Push(E,E)];0
[Move(W)];0
[Pull(E,W)];0
[Push(E,E)];0
[Move(W)];0
[Pull(E,W)];0
[Push(E,E)];0
[Move(W)];0
[Pull(E,W)];0
[Push(E,E)];0
[Move(W)];0
[Pull(E,W)];0
[Push(E,E)];0
[Move(W)];0
[Pull(E,W)];0
[Push(E,E)];0
[Move(W)];0
[Pull(E,W)];0
[Push(E,E)];0
[Move(W)];0
[Pull(E,W)];0
[Push(E,E)];0
[Move(W)];0
[Pull(E,W)];0
[Push(E,N)];0
[Move(W)];0
[Pull(E,W)];0
[Pull(E,W)];0
[Pull(N,W)];0
[Push(S,E)];0
[Push(E,S)];0
[Push(S,S)];0
[Move(N)];0
[Move(N)];0
[Move(W)];0
[Push(W,S)];0
[Push(S,W)];0
[Push(W,W)];1
[Push(W,W)];0
[Push(W,W)];0
[Push(W,W)];0
[Push(W,W)];0
[Push(W,W)];0
[Push(W,W)];0
[Push(W,W)];0
[Push(W,W)];0
[Push(W,W)];0
[Push(W,W)];0
[Push(W,W)];0
[Push(W,W)];0
[Push(W,W)];0
[Push(W,W)];0
[Push(W,W)];0
[Push(W,W)];0
[Push(W,W)];0
[Push(W,S)];0
[Pull(W,N)];1
[Push(E,E)];0
[Push(E,E)];0
[Push(E,E)];0
[Push(E,E)];0
[Push(E,E)];0
[Push(E,E)];0
[Push(E,E)];0
[Push(E,E)];0
[Push(E,E)];0
[Push(E,E)];0
[Move(W)];0
[Move(W)];0
[Move(W)];0
[Move(W)];0
[Move(W)];0
[Move(W)];0
[Move(W)];0
[Move(W)];0
[Move(W)];0
[Pull(E,S)];0
[Pull(E,W)];0
[Move(E)];0
[Move(E)];0
[Move(E)];0
[Move(E)];0
[Move(E)];0
[Move(E)];0
[Move(E)];0
[Push(E,E)];0
28f65f20a7a05594249fd8891d3825e2b2244491
successful
9734
158
3dcc5630e96882ff10ef86c5d5ece3f433534358
1495042870079
