red: 0,1,A,B
blue: 2,C
+++++++++++++++++++++++++++
+           c+b           +
+      +++++ ++++++++++++ +
+      +  C+ +            +
+a     +     ++ +++B+++++++
+++++ ++++++++            +
+A          C++++++++++++ +
+ ++++       +            +
+ ++++       + ++++++++++++
+    12      +       B   0+
+++++++++++++++++++++++++++

[Move(W), Move(W), Move(N)];277
[Move(W), Move(W), Move(N)];0
[Move(W), Move(W), Move(N)];1
[Push(W,W), Move(W), Move(W)];0
[Push(W,W), Move(N), Move(N)];0
[Push(W,W), Move(N), Move(N)];0
[Push(W,W), Push(N,E), Move(N)];1
[Push(W,W), Push(E,E), Move(N)];0
[Push(W,W), Push(E,E), Move(N)];0
[Push(W,W), Push(E,E), Move(E)];0
[Push(W,N), Push(E,N), Move(E)];0
[Push(N,N), Push(N,N), Move(E)];1
[Push(N,E), Push(N,W), Move(E)];2
[Push(E,E), Push(W,W), Move(E)];0
[Push(E,E), Push(W,W), Move(E)];1
[Push(E,E), Push(W,W), Move(E)];0
[Push(E,E), NoOp, Move(S)];0
[Push(E,E), NoOp, Move(S)];0
[Push(E,E), NoOp, Move(S)];1
[Push(E,E), NoOp, Move(W)];1
[Push(E,E), NoOp, Move(W)];0
[Push(E,E), NoOp, Pull(W,N)];0
[Push(E,E), NoOp, Push(E,E)];0
[Push(E,N), NoOp, Push(E,E)];0
[Push(N,N), NoOp, Push(E,N)];0
[Push(N,W), NoOp, Push(N,N)];1
[Push(W,W), NoOp, Push(N,N)];1
[Push(W,W), NoOp, NoOp];1
[Push(W,W), NoOp, NoOp];1
[Push(W,W), NoOp, NoOp];1
[Push(W,W), NoOp, NoOp];1
[Push(W,W), NoOp, NoOp];1
[Push(N,N), NoOp, NoOp];0
[Push(N,E), NoOp, NoOp];0
[Push(E,E), NoOp, NoOp];1
[Push(E,E), NoOp, NoOp];0
[Push(E,E), NoOp, NoOp];1
[Push(E,E), NoOp, NoOp];0
[Push(E,E), NoOp, NoOp];0
[Push(E,N), NoOp, NoOp];0
[Push(N,N), NoOp, NoOp];0
[Push(N,W), NoOp, NoOp];0
[Push(W,W), NoOp, NoOp];1
[Push(W,W), NoOp, NoOp];0
[Push(W,W), NoOp, NoOp];0
[Push(W,W), NoOp, NoOp];1
[Push(W,W), NoOp, NoOp];0
[Push(W,W), NoOp, NoOp];0
[Push(W,W), NoOp, NoOp];0
[Push(W,W), NoOp, NoOp];0
[Push(W,W), NoOp, NoOp];1
[Push(W,W), NoOp, NoOp];0
12d7766fed7bb54915ca8486b1d717182092904c
successful
297
52
65936fd4f18a5454b7f2e906159aebbbcc1bb1c3
1495012924551
