red: 0,I
green: 1,W
yellow: 2,N
blue: 3,B
++++++++++++++++++++++++++
+0     1     2     3     +
+  I     W     N     B   +
+                        +
+BRiNG+POwER+RAnGERS+bACK+
++++++++++++++++++++++++++

[Move(E), Move(E), Move(E), Move(E)];147
[Move(S), Move(S), Move(S), Move(S)];0
[Push(E,S), Push(E,S), Push(E,S), Push(E,S)];0
[Push(S,S), Push(S,S), Push(S,S), Push(S,S)];0
fde005d0d4904aa16b0e68a269ccd6d34457ce9e
successful
147
4
e2db73e7e9131840f56a33bd2f8304e5ce6ba7fd
1495013602377
