blue: 0,3,A,B,E
red: 1,4,D
green: 2,5,C,V,G,N,M,H
orange: F
++++++++++++++++++++++++++++++++++++++++++++++++++++++++++++++++++
+a  A  +  0      1     2        FFa  A  +  3      4     5        +
+++++  +                     +++FF++++  +                     ++++
+a  A  + BA     D  D    CC      FFa  A  + BA     D   D   CC      +
++++++ ++++a++d+++d++c++++++++++FF+++++ ++++a++d+++d++c+++++++++++
+         +b++ + + ++c++        FF         +b++ + + ++c++        +
+            +     +            FF            +     +            +
+            +D   D+            FF            +D   D+            +
+  +++++++++++D    +            FF  +++++++++++D    +            +
+A           +d   d+            FFA           +d   d+            +
+a++       + +++ +++            FFa++       + +++ +++            +
+b+B       + +++D+++            FFb+B       + +++D+++            +
+e+E       + +++d+++CVGNMH      FFe+E       + +++d+++CVGNMH      +
++++++++++++ +++d++++++++++++++hFF+++++++++++ +++d++++++++++++++h+
+            +++     DD      ++mFF            +++     DD      ++m+
+            +++             ++nFF            +++             ++n+
+            +++     dd      ++gFF            +++     dd      ++g+
+            +++     dd      ++vFF            +++     dd      ++v+
+            +++     DD      ++cFF            +++     DD      ++c+
++++++++++++++++++++++++++++++++++++++++++++++++++++++++++++++++++

[Move(E), Move(E), Move(W), Move(E), Move(W), Move(W)];5849
[Move(S), Move(S), Move(S), Move(S), Move(S), Move(S)];0
[Move(S), Move(S), Move(S), Move(S), Move(W), Move(S)];0
[Move(S), Move(S), Move(W), Move(S), Move(W), Move(W)];1
[Move(S), Move(S), Move(S), Move(S), Move(S), Move(S)];0
[Move(S), Move(S), Move(S), Move(S), Move(S), Move(S)];0
[Move(W), Push(S,S), Move(S), Move(W), Move(S), Move(S)];0
[Move(W), Push(S,S), Move(W), Move(W), Move(S), Move(W)];0
[Move(N), Move(W), Move(S), Move(N), Move(E), Move(S)];0
[Move(W), Move(W), Move(S), Move(W), Move(S), Move(S)];0
[Move(W), Move(W), Move(S), Move(W), Move(S), Move(S)];0
[Move(W), Push(W,S), Move(S), Move(W), Push(W,S), Move(S)];0
[Move(N), Push(N,N), Move(S), Move(N), Move(E), Move(S)];0
[Move(N), Push(N,N), Pull(E,S), Move(N), Move(N), Pull(N,S)];0
[Move(W), Push(N,N), Pull(N,W), Move(W), Move(N), Push(S,E)];0
[Push(W,W), Move(S), Push(S,E), Push(W,W), Move(W), Push(E,E)];0
[Push(W,W), Move(E), Push(E,E), Push(W,W), Move(N), Push(E,E)];0
[Push(W,W), Move(E), Push(E,E), Push(W,W), Move(N), Push(E,E)];0
[Move(E), Move(E), Push(E,E), Move(E), Move(N), Push(E,E)];0
[Move(E), Move(E), Push(E,E), Move(E), Move(E), Push(E,E)];0
[Move(E), Move(N), Push(E,E), Move(E), Push(E,E), Push(E,E)];0
[Move(N), Move(N), Push(E,E), Move(E), Push(E,E), Push(E,E)];0
[Move(N), Move(N), Push(E,E), Move(N), Push(E,N), Push(E,S)];0
[Push(W,W), Pull(S,E), Push(E,E), Move(W), Pull(S,N), Push(S,E)];0
[Push(W,W), Pull(S,N), Push(E,E), Move(N), Pull(S,N), Push(E,E)];0
[Push(W,W), Move(S), Push(E,S), Push(W,W), Move(S), Push(E,E)];1
[Move(E), Move(W), Push(S,S), Push(W,W), Move(W), Push(E,S)];0
[Move(E), Move(S), Push(S,S), Push(W,W), Move(W), Push(S,S)];0
[Move(E), Move(W), Push(S,S), Move(E), Move(W), Push(S,S)];1
[Move(E), Move(S), Push(S,S), Move(E), Move(W), Push(S,S)];0
[Move(S), Move(S), Push(S,S), Move(E), Pull(E,S), Push(S,S)];0
[Move(S), Move(S), Push(S,S), Move(S), Push(W,N), Push(S,S)];0
[Move(S), Pull(N,S), Move(N), Move(E), Push(N,N), Move(N)];1
[Move(S), Pull(E,S), Move(N), Move(S), Move(S), Move(N)];0
[Move(W), Push(W,N), Move(N), Move(S), Move(E), Move(N)];0
[Move(W), Move(S), Move(N), Move(S), Move(S), Move(N)];0
[Move(S), Move(S), Move(N), Move(E), Move(E), Move(N)];0
[Move(W), Move(S), Move(W), Move(S), Move(S), Move(W)];0
[Move(W), Move(S), Move(W), Move(E), Move(S), Move(W)];1
[Move(S), Move(S), Move(W), Move(E), Move(S), Move(W)];0
[Move(S), Move(E), Move(W), Move(E), Pull(N,S), Move(W)];0
[Move(S), Move(E), Move(W), Move(E), Pull(E,S), Move(W)];0
[Move(E), Move(E), Move(N), Move(N), Push(W,W), Move(N)];1
[Move(E), Move(E), Move(W), Move(N), Move(S), Move(W)];0
[Move(S), Move(S), Move(W), Move(N), Move(S), Move(W)];0
[Move(S), Move(S), Move(W), Move(N), Move(S), Move(W)];0
[Move(S), Move(E), Move(W), Move(W), Move(S), Move(W)];0
[Pull(N,W), Move(E), Move(W), Move(W), Move(S), Move(W)];0
[Pull(N,S), Move(S), Pull(W,S), Pull(N,S), Move(E), Pull(E,S)];1
[Pull(N,S), Pull(N,S), Push(E,E), Push(S,E), Move(E), Pull(E,W)];0
[Pull(W,S), Move(W), Push(E,E), Push(E,E), Move(E), Pull(E,W)];0
[Pull(W,E), Move(S), Push(E,E), Push(E,S), Move(S), Pull(E,W)];0
[Pull(N,E), Pull(N,S), Push(E,E), Push(S,S), Move(E), Pull(E,W)];0
[Move(W), Move(N), Push(E,E), Push(S,S), Move(E), Pull(E,W)];0
[Pull(E,S), Move(E), Push(E,E), Push(S,S), Move(S), Pull(E,W)];1
[Push(S,W), Pull(W,N), Push(E,E), Push(S,W), Move(S), Pull(N,W)];0
[Push(W,S), Push(E,S), Push(E,E), Move(S), Pull(N,S), Push(S,E)];0
[Push(S,S), Move(N), Push(E,E), Move(W), Move(E), Push(E,E)];0
[Push(S,S), Push(W,S), Push(E,E), Move(W), Move(S), Push(E,E)];0
[Move(N), Push(S,S), Push(E,S), Move(W), Pull(N,S), Push(E,S)];0
[Move(N), Move(N), Push(S,S), Move(W), Move(N), Push(S,S)];0
[Move(E), Move(W), Push(S,S), Move(W), Pull(W,N), Push(S,S)];0
[Move(E), Move(W), Push(S,S), Move(W), Push(E,S), Push(S,S)];0
[Move(E), Move(W), Push(S,S), Move(W), Move(N), Push(S,S)];0
[Move(S), Move(W), Push(S,S), Move(W), Push(W,S), Push(S,S)];0
[Move(S), Move(W), Move(N), Move(W), Push(S,S), Move(N)];0
[Pull(N,W), Move(N), Move(N), Move(S), Move(N), Move(N)];0
[Pull(N,S), Move(N), Move(N), Move(S), Move(W), Move(N)];0
[Pull(W,S), Move(N), Move(N), Move(E), Move(W), Move(N)];0
[Pull(W,E), Move(N), Move(W), Move(E), Move(W), Move(W)];0
[Pull(N,E), Move(N), Move(W), Move(S), Move(W), Move(W)];0
[Push(S,W), Pull(W,N), Move(W), Move(S), Move(W), Move(W)];0
[Push(W,S), Push(E,S), Move(W), Move(S), Move(N), Move(W)];0
[Push(S,S), Push(S,S), Move(W), Pull(N,W), Move(N), Move(W)];0
[Move(N), Push(S,S), Move(N), Pull(N,S), Move(N), Move(N)];0
[Pull(E,N), Push(S,S), Move(W), Pull(N,S), Move(N), Move(W)];0
[Push(W,S), Move(N), Move(W), Pull(W,S), Move(N), Move(W)];0
[Move(N), Move(N), Move(W), Pull(W,E), Pull(N,W), Move(W)];0
[Move(E), Move(N), Move(W), Pull(N,E), Push(S,S), Move(W)];0
[Move(N), Move(N), Pull(E,S), Move(W), Push(S,S), Pull(E,S)];1
[Move(N), Move(E), Pull(N,W), Pull(E,S), Push(S,S), Pull(E,W)];0
[Move(E), Move(N), Push(S,E), Push(S,W), Push(S,S), Pull(E,W)];0
[Move(E), Move(N), Push(E,E), Push(W,S), Move(N), Pull(N,W)];0
[Move(E), Move(E), Push(E,E), Push(S,S), Move(N), Push(S,E)];0
[Move(E), Move(N), Push(E,E), Push(S,S), Move(N), Push(E,E)];0
[Move(E), Push(N,N), Push(E,E), Move(N), Move(E), Push(E,E)];1
[Move(E), Push(N,E), Push(E,E), Move(N), Move(E), Push(E,E)];0
[Move(E), Move(W), Push(E,E), Move(E), Move(N), Push(E,E)];1
[Move(E), Pull(N,W), Push(E,E), Move(N), Pull(S,N), Push(E,E)];0
[Move(E), Push(S,E), Push(E,S), Move(N), Pull(W,N), Push(E,S)];0
[Move(N), Push(E,S), Push(S,S), Move(E), Pull(W,E), Push(S,S)];0
[Move(N), Push(S,S), Push(S,S), Move(E), Pull(N,E), Push(S,S)];0
[Move(N), Push(S,S), Push(S,S), Move(E), Push(S,S), Push(S,S)];0
[Move(N), Push(S,W), Push(S,S), Move(E), Push(S,S), Push(S,S)];1
[Move(W), Push(W,W), Move(N), Move(E), Push(S,S), Move(N)];0
[Move(W), Push(W,S), Move(N), Move(E), Move(N), Move(N)];0
[Pull(E,S), Push(S,S), Move(N), Move(E), Move(N), Move(N)];1
[Pull(E,W), Push(S,S), Move(W), Move(E), Move(N), Move(W)];0
[Pull(S,W), Push(S,S), Move(W), Move(E), Move(N), Move(W)];0
[Pull(E,N), Push(S,S), Move(W), Move(N), Move(E), Move(W)];0
[Push(W,S), Push(S,S), Move(W), Move(N), Move(N), Move(W)];0
[Push(S,S), Move(N), Move(W), Move(N), Move(E), Move(W)];1
[Move(N), Move(N), Move(N), Move(N), Move(N), Move(N)];0
[Pull(N,W), Move(N), Move(W), Pull(S,W), Push(N,N), Move(W)];0
[Push(S,S), Move(N), Move(W), Pull(S,N), Push(N,W), Move(W)];0
[NoOp, Move(N), Move(W), Move(S), Move(E), Move(W)];0
[NoOp, Move(E), Pull(E,S), Move(S), Pull(N,E), Pull(E,S)];0
[NoOp, Move(E), Pull(E,W), Move(W), Push(S,W), Pull(E,W)];0
[NoOp, Move(N), Pull(E,W), Move(W), Push(W,S), Pull(E,W)];0
[NoOp, Move(N), Pull(E,W), Move(W), Push(S,S), Pull(E,W)];0
[NoOp, Move(N), Pull(E,W), Move(W), Push(S,S), Pull(N,W)];0
[NoOp, Pull(N,E), Pull(E,W), Move(W), Push(S,S), Push(S,E)];0
[NoOp, Push(S,S), Pull(S,W), Move(W), Push(S,S), Push(E,E)];0
[NoOp, NoOp, Pull(E,N), Move(W), Push(S,S), Push(E,E)];0
[NoOp, NoOp, Pull(N,W), Move(W), Move(N), Push(E,E)];0
[NoOp, NoOp, Push(S,E), Move(W), Move(N), Push(E,S)];0
[NoOp, NoOp, Push(E,S), Move(S), Move(N), Push(S,S)];0
[NoOp, NoOp, Push(S,S), Move(S), Move(N), Push(S,S)];0
[NoOp, NoOp, Push(S,S), Move(E), Move(N), Push(S,S)];0
[NoOp, NoOp, Move(N), Move(E), Pull(N,W), Move(N)];0
[NoOp, NoOp, Move(N), Move(S), Push(S,S), Move(N)];0
[NoOp, NoOp, Move(W), Move(S), NoOp, Move(W)];0
[NoOp, NoOp, Move(W), Pull(N,W), NoOp, Move(W)];0
[NoOp, NoOp, Move(W), Pull(N,S), NoOp, Move(W)];0
[NoOp, NoOp, Move(W), Pull(W,S), NoOp, Move(W)];0
[NoOp, NoOp, Move(W), Pull(W,E), NoOp, Move(W)];0
[NoOp, NoOp, Move(N), Pull(N,E), NoOp, Move(N)];0
[NoOp, NoOp, Move(W), Push(S,W), NoOp, Move(W)];0
[NoOp, NoOp, Move(W), Push(W,S), NoOp, Move(W)];0
[NoOp, NoOp, Pull(N,S), Push(S,S), NoOp, Pull(N,S)];0
[NoOp, NoOp, Push(S,E), Move(N), NoOp, Push(S,E)];0
[NoOp, NoOp, Push(E,E), Move(E), NoOp, Push(E,E)];0
[NoOp, NoOp, Push(E,E), Move(N), NoOp, Push(E,E)];0
[NoOp, NoOp, Push(E,E), Move(N), NoOp, Push(E,E)];0
[NoOp, NoOp, Push(E,E), Move(N), NoOp, Push(E,E)];0
[NoOp, NoOp, Push(E,E), Move(E), NoOp, Push(E,E)];0
[NoOp, NoOp, Push(E,E), Move(E), NoOp, Push(E,E)];0
[NoOp, NoOp, Push(E,S), Move(E), NoOp, Push(E,S)];0
[NoOp, NoOp, Push(S,S), Move(E), NoOp, Push(S,S)];0
[NoOp, NoOp, Push(S,S), Move(E), NoOp, Push(S,S)];0
[NoOp, NoOp, Move(N), Move(E), NoOp, Move(N)];0
[NoOp, NoOp, Move(W), Move(E), NoOp, Move(W)];0
[NoOp, NoOp, Move(W), Push(E,E), NoOp, Move(W)];0
[NoOp, NoOp, Move(W), Push(E,N), NoOp, Move(W)];0
[NoOp, NoOp, Move(W), Move(W), NoOp, Move(W)];0
[NoOp, NoOp, Move(W), Move(S), NoOp, Move(W)];0
[NoOp, NoOp, Pull(N,W), Move(W), NoOp, Pull(N,W)];0
[NoOp, NoOp, Push(S,E), Move(W), NoOp, Push(S,E)];0
[NoOp, NoOp, Push(E,E), Move(W), NoOp, Push(E,E)];0
[NoOp, NoOp, Push(E,E), Move(W), NoOp, Push(E,E)];0
[NoOp, NoOp, Push(E,E), Move(W), NoOp, Push(E,E)];0
[NoOp, NoOp, Push(E,E), Move(W), NoOp, Push(E,E)];0
[NoOp, NoOp, Push(E,S), Move(W), NoOp, Push(E,S)];0
[NoOp, NoOp, Move(N), Move(W), NoOp, Move(N)];0
[NoOp, NoOp, Move(N), Move(S), NoOp, Move(N)];0
[NoOp, NoOp, Move(N), Push(W,S), NoOp, Move(N)];0
[NoOp, NoOp, Move(N), Push(S,S), NoOp, Move(W)];0
[NoOp, NoOp, Move(N), NoOp, NoOp, Move(N)];0
[NoOp, NoOp, Move(W), NoOp, NoOp, Move(W)];0
[NoOp, NoOp, Move(W), NoOp, NoOp, Move(W)];0
[NoOp, NoOp, Move(W), NoOp, NoOp, Move(W)];0
[NoOp, NoOp, Move(N), NoOp, NoOp, Move(W)];0
[NoOp, NoOp, Move(W), NoOp, NoOp, Move(N)];0
[NoOp, NoOp, Move(W), NoOp, NoOp, Move(W)];0
[NoOp, NoOp, Move(W), NoOp, NoOp, Move(W)];0
[NoOp, NoOp, Move(W), NoOp, NoOp, Move(W)];0
[NoOp, NoOp, Move(W), NoOp, NoOp, Move(W)];0
[NoOp, NoOp, Move(W), NoOp, NoOp, Move(N)];0
[NoOp, NoOp, Move(W), NoOp, NoOp, Move(W)];0
[NoOp, NoOp, Move(N), NoOp, NoOp, Move(N)];0
[NoOp, NoOp, Move(N), NoOp, NoOp, Move(N)];0
[NoOp, NoOp, Move(N), NoOp, NoOp, Move(N)];0
[NoOp, NoOp, Move(E), NoOp, NoOp, Move(E)];0
[NoOp, NoOp, Move(E), NoOp, NoOp, Move(E)];0
[NoOp, NoOp, Pull(N,E), NoOp, NoOp, Pull(N,E)];0
[NoOp, NoOp, Push(S,W), NoOp, NoOp, Push(S,W)];0
[NoOp, NoOp, Push(W,W), NoOp, NoOp, Push(W,W)];0
[NoOp, NoOp, Push(W,S), NoOp, NoOp, Push(W,S)];0
[NoOp, NoOp, Push(S,S), NoOp, NoOp, Push(S,S)];0
[NoOp, NoOp, Move(N), NoOp, NoOp, Move(N)];0
[NoOp, NoOp, Move(E), NoOp, NoOp, Move(E)];0
[NoOp, NoOp, Move(E), NoOp, NoOp, Move(E)];0
[NoOp, NoOp, Move(E), NoOp, NoOp, Move(E)];0
[NoOp, NoOp, Pull(N,E), NoOp, NoOp, Pull(N,E)];0
[NoOp, NoOp, Push(S,W), NoOp, NoOp, Push(S,W)];0
[NoOp, NoOp, Push(W,W), NoOp, NoOp, Push(W,W)];0
[NoOp, NoOp, Push(W,W), NoOp, NoOp, Push(W,W)];0
[NoOp, NoOp, Push(W,S), NoOp, NoOp, Push(W,S)];0
ced3614253d5f258466b8503c00d2f80b92ba780
successful
5863
188
bb1338e72f54791a949b879ba3fbbcc080d27680
1495014728710
