red: 0,1,2,3,A,B,D,E,H,I,L,M,N,O,R,S,T,X,V
+++++++++++++++++++++++++++++++++++++++++++++++++++++++++++
+      t   h  o   m   as  x +      b  ol  an    der       +
+ +++++++++++++++++++++++++ + +++++++++++++++++++++++++++x+
+ +        H  O   M   AS  +++ +        L  A     D       +++
+ +                        0+ +                          1+
+ +                         + +                           +
+ +                         + +         T                 +
+ +                         + +                           +
+ +                         + +              T            +
+ +              A          + +                           +
+ +              R          + +                           +
+ +              N          + +            HOV            +
+ +              E          + +            AAAV           +
+ +                         + +                           +
+ +                         + +                           +
+ +T                        + +B                          +
+ +H                        + +O                          +
+ +O                        + +L                          +
+ +M                        + +A                          +
+ +A                        + +N                          +
+ +S                        + +D                          +
+ +X                        + +ERX                        +
+                           +                             +
+++++++++++++++++++++++++++++++++++++++++++++++++++++++++++
+                                      +AIARNE            +
+                                      +             +    +
+  +++++++++++++++++++++++++++++++++   +             +    +
+  +                               +   +             +    +
+  +        +           ++++++++++++   +             +    +
+  +        +           +     +        +             +    +
+  +        +           +   +a+  +++++++             +    +
+  +        +           +   +i+  +a+                 +    +
+  +        +           +   +a+  +i+                 +    +
+  +        +           +   +r+  +a+                 +    +
+  +        +           +   +n+  +r+                 +    +
+  +        +           +   +e+  +n+                 +    +
+  +        +           +   +++  +e+                 +    +
+  +        +           +     +    +                 +    +
+  +        +           +     ++++++++++++++++++++++++    +
+  +        +           +                                 +
+  +        +           +++++++++++++++++++++++++++++     +
+  +        +                                      3+     +
+  +        +                                 +++++++     +
+           +                      AIARNE     +2          +
+++++++++++++++++++++++++++++++++++++++++++++++++++++++++++

[Move(W), Move(W), Move(E), Move(W)];1938
[Move(S), Move(S), Move(E), Move(W)];0
[Move(S), Move(S), Move(E), Move(W)];0
[Move(W), Move(W), Move(E), Move(W)];0
[Move(W), Move(W), Move(E), Move(W)];0
[Move(S), Move(S), Move(E), Move(W)];0
[Move(S), Move(S), Move(N), Move(W)];0
[Move(S), Move(S), Move(E), Move(S)];0
[Move(S), Move(S), Move(N), Move(W)];0
[Move(S), Move(S), Move(N), Move(W)];0
[Move(W), Move(W), Move(N), Move(W)];0
[Move(W), Move(W), Move(N), Move(W)];0
[Move(W), Move(W), Move(N), Move(W)];0
[Move(W), Move(W), Move(N), Move(W)];0
[Move(S), Move(S), Move(N), Move(W)];0
[Move(S), Move(S), Move(N), Move(W)];0
[Move(W), Move(W), Move(N), Move(W)];0
[Move(W), Move(W), Move(N), Push(S,W)];0
[Move(S), Move(S), Move(N), Push(W,N)];0
[Move(S), Move(S), Move(N), Push(N,W)];0
[Move(S), Move(S), Move(N), Push(W,N)];0
[Move(W), Move(W), Move(N), Push(N,W)];0
[Move(W), Move(W), Move(N), Push(W,W)];0
[Move(W), Move(W), Move(N), Push(W,W)];0
[Move(W), Move(W), Move(N), Push(W,W)];0
[Move(W), Move(W), Move(N), Push(W,W)];0
[Move(S), Move(S), Move(W), Push(W,W)];0
[Move(S), Move(S), Move(W), Push(W,W)];0
[Move(W), Move(W), Move(W), Push(W,W)];0
[Move(W), Move(W), Move(W), Push(W,W)];0
[Move(S), Move(S), Move(W), Push(W,W)];0
[Move(W), Move(W), Move(W), Push(W,N)];0
[Move(W), Move(W), Move(W), Push(N,W)];0
[Move(W), Move(W), Move(W), Push(W,W)];0
[Move(W), Move(W), Pull(E,W), Push(W,W)];0
[Move(S), Move(W), Pull(E,W), Push(W,W)];0
[Move(W), Move(W), Pull(E,W), Push(W,W)];0
[Move(S), Move(W), Pull(S,W), Push(W,W)];0
[Move(W), Move(S), Push(N,E), Push(W,W)];0
[Move(W), Move(W), Push(E,E), Push(W,W)];0
[Push(W,S), Push(S,S), Push(E,E), Push(W,W)];0
[Push(S,W), Push(S,W), Push(E,E), Push(W,N)];0
[Push(W,W), Push(W,W), Push(E,E), Push(N,N)];0
[Push(W,N), Push(W,W), Push(E,S), Push(N,N)];0
[Push(N,N), Push(W,W), Push(S,S), Push(N,N)];0
[Push(N,N), Push(W,N), Push(S,S), Push(N,N)];0
[Push(N,N), Push(N,N), Push(S,S), Push(N,N)];0
[Push(N,N), Push(N,N), Push(S,S), Push(N,N)];0
[Push(N,N), Push(N,N), Push(S,S), Push(N,N)];0
[Push(N,N), Push(N,N), Push(S,S), Push(N,N)];0
[Push(N,N), Push(N,N), Push(S,S), Push(N,N)];0
[Push(N,N), Push(N,N), Push(S,S), Push(N,N)];0
[Push(N,N), Push(N,N), Push(S,S), Push(N,N)];0
[Push(N,N), Push(N,N), Push(S,S), Push(N,N)];0
[Push(N,N), Push(N,N), Push(S,S), Push(N,W)];0
[Push(N,N), Push(N,N), Push(S,S), Push(W,W)];0
[Push(N,N), Push(N,N), Push(S,S), Push(W,W)];0
[Push(N,N), Push(N,N), Push(S,S), Push(W,W)];0
[Push(N,N), Push(N,N), Push(S,W), Push(W,S)];0
[Push(N,N), Push(N,N), Push(W,W), Push(S,S)];0
[Push(N,N), Push(N,N), Push(W,W), Push(S,S)];0
[Push(N,N), Push(N,N), Push(W,W), Push(S,W)];0
[Push(N,N), Push(N,N), Push(W,W), Push(W,W)];0
[Push(N,N), Push(N,N), Push(W,W), Push(W,W)];0
[Push(N,E), Push(N,N), Push(W,W), Push(W,W)];0
[Push(E,E), Push(N,N), Push(W,W), Push(W,W)];0
[Push(E,E), Push(N,E), Push(W,W), Push(W,W)];0
[Push(E,E), Push(E,E), Push(W,W), Push(W,S)];0
[Push(E,E), Push(E,E), Push(W,W), Push(S,S)];0
[Push(E,E), Push(E,E), Push(W,W), Push(S,S)];0
[Push(E,E), Push(E,E), Push(W,W), Push(S,S)];0
[Push(E,E), Push(E,E), Push(W,W), Push(S,S)];0
[Push(E,E), Push(E,E), Push(W,W), Push(S,S)];0
[Push(E,E), Push(E,E), Push(W,W), Push(S,S)];0
[Push(E,E), Push(E,E), Push(W,W), Push(S,S)];0
[Push(E,E), Push(E,E), Push(W,W), Push(S,S)];0
[Push(E,E), Push(E,E), Push(W,W), Push(S,S)];16
[Push(E,E), Push(E,E), Push(W,W), Push(S,S)];0
[Push(E,E), Push(E,E), Push(W,W), Push(S,S)];0
[Push(E,E), Push(E,E), Push(W,W), Push(S,S)];0
[Push(E,E), Push(E,E), Push(W,W), Push(S,W)];0
[Push(E,E), Push(E,E), Push(W,W), Push(W,W)];0
[Push(E,E), Push(E,E), Push(W,W), Push(W,N)];0
[Push(E,E), Push(E,E), Push(W,N), Push(N,N)];0
[Push(E,E), Push(E,E), Push(N,N), Push(N,N)];0
[Push(E,E), Push(E,E), Push(N,W), Push(N,N)];0
[Push(E,E), Push(E,E), Push(W,W), Push(N,N)];0
[Push(E,E), Push(E,E), Push(W,N), Push(N,N)];0
[Push(E,E), Push(E,E), Push(N,N), Push(N,N)];0
[Move(W), Push(E,E), Push(N,N), Push(N,N)];0
[Move(W), Push(E,E), Push(N,N), Push(N,N)];0
[Move(W), Push(E,E), Push(N,N), Push(N,N)];0
[Move(W), Push(E,E), Push(N,N), Push(N,N)];0
[Move(W), Push(E,E), Push(N,N), Push(N,N)];0
[Move(W), Push(E,S), Push(N,N), Push(N,N)];0
[Move(W), Move(W), Push(N,E), Push(N,N)];0
[Move(W), Move(W), Push(E,E), Push(N,N)];0
[Move(W), Move(W), Push(E,S), Push(N,N)];0
[Move(W), Move(W), Push(S,S), Push(N,N)];0
[Move(W), Move(W), Push(S,S), Push(N,N)];0
[Move(W), Move(W), Push(S,S), Push(N,E)];0
[Move(W), Move(W), Push(S,S), Push(E,E)];0
[Move(W), Move(W), Push(S,S), Push(E,E)];0
[Move(W), Move(W), Move(N), Push(E,E)];0
[Move(W), Move(W), Move(N), Push(E,E)];0
[Move(W), Move(W), Move(N), Push(E,E)];0
[Move(W), Move(W), Move(N), Push(E,E)];0
[Move(W), Move(W), Move(N), Push(E,E)];0
[Move(W), Move(W), Move(W), Push(E,E)];0
[Move(W), Move(W), Move(W), Push(E,E)];0
[Move(W), Move(W), Move(S), Push(E,E)];0
[Move(W), Move(W), Move(S), Push(E,E)];0
[Move(W), Move(W), Move(S), Push(E,E)];0
[Move(S), Move(W), Move(S), Push(E,E)];0
[Move(S), Move(W), Move(S), Push(E,E)];0
[Move(S), Move(W), Move(S), Push(E,E)];0
[Move(S), Move(W), Move(S), Push(E,E)];0
[Move(S), Move(W), Move(S), Push(E,E)];0
[Move(S), Move(W), Move(E), Push(E,E)];0
[Move(S), Move(W), Move(E), Push(E,E)];0
[Move(S), Move(W), Move(S), Push(E,E)];0
[Move(S), Move(W), Move(S), Push(E,E)];0
[Move(S), Move(W), Move(E), Push(E,E)];0
[Move(S), Move(S), Move(E), Push(E,E)];0
[Move(S), Move(S), Move(E), Push(E,E)];0
[Move(S), Move(S), Move(E), Push(E,E)];0
[Move(S), Move(S), Move(E), Push(E,E)];0
[Move(S), Move(S), Move(E), Push(E,E)];0
[Move(S), Move(S), Move(E), Push(E,E)];0
[Move(S), Move(S), Move(E), Push(E,E)];0
[Move(S), Move(S), Move(E), Push(E,E)];0
[Move(S), Move(S), Move(E), Push(E,E)];0
[Move(S), Move(S), Move(E), Push(E,E)];0
[Move(S), Move(S), Move(E), Push(E,E)];0
[Move(E), Move(S), Move(E), Push(E,S)];0
[Move(E), Move(S), Move(E), Push(S,S)];0
[Move(N), Move(S), Move(E), Push(S,S)];0
[Pull(E,N), Move(S), Move(E), Push(S,S)];0
[Push(W,S), Move(S), Move(E), Push(S,W)];0
[Push(S,W), Move(S), Move(E), Push(W,W)];0
[Push(W,W), Move(S), Move(E), Push(W,W)];0
[Push(W,N), Move(S), Move(E), Push(W,W)];0
[Push(N,N), Move(S), Move(E), Push(W,S)];0
[Push(N,N), Move(S), Move(E), Push(S,S)];0
[Push(N,N), Move(E), Move(E), Push(S,S)];0
[Push(N,N), Move(E), Move(E), Push(S,S)];0
[Push(N,N), Move(E), Move(E), Push(S,S)];0
[Push(N,N), Pull(E,N), Move(N), Push(S,S)];0
[Push(N,N), Push(W,W), Move(N), Push(S,S)];0
[Push(N,N), Push(W,W), Move(N), Push(S,S)];0
[Push(N,N), Push(W,W), Move(N), Push(S,E)];0
[Push(N,N), Push(W,N), Move(N), Push(E,E)];0
[Push(N,N), Push(N,N), Move(N), Push(E,N)];0
[Push(N,N), Push(N,N), Move(N), Push(N,N)];0
[Push(N,N), Push(N,N), Move(N), Push(N,N)];0
[Push(N,N), Push(N,N), Move(N), Push(N,N)];0
[Push(N,N), Push(N,N), Move(N), Push(N,N)];0
[Push(N,N), Push(N,N), Move(N), Push(N,N)];0
[Push(N,N), Push(N,N), Move(N), Move(S)];0
[Push(N,N), Push(N,N), Move(N), Move(S)];0
[Push(N,N), Push(N,N), Move(N), Move(S)];0
[Push(N,N), Push(N,N), Move(N), Move(S)];0
[Push(N,E), Push(N,N), Move(W), Move(S)];0
[Push(E,E), Push(N,N), Move(W), Move(W)];0
[Push(E,E), Push(N,N), Move(W), Move(W)];0
[Push(E,E), Push(N,N), Move(W), Move(N)];0
[Push(E,E), Push(N,N), Move(W), Move(N)];0
[Push(E,E), Push(N,N), Move(W), Move(N)];0
[Push(E,E), Push(N,N), Move(W), Move(N)];0
[Push(E,E), Push(N,N), Move(W), Move(N)];0
[Push(E,E), Push(N,N), Move(W), Move(N)];0
[Push(E,E), Push(N,N), Pull(E,W), Move(N)];0
[Push(E,E), Push(N,E), Pull(E,W), Move(N)];0
[Push(E,E), Push(E,E), Pull(E,W), Move(E)];0
[Push(E,E), Push(E,E), Pull(E,W), Move(E)];0
[Push(E,E), Push(E,E), Pull(E,W), Move(E)];0
[Push(E,E), Push(E,E), Pull(E,W), Move(E)];0
[Push(E,E), Push(E,E), Pull(E,W), Move(N)];0
[Push(E,E), Push(E,E), Pull(E,W), Move(N)];0
[Push(E,E), Push(E,E), Pull(E,W), Move(N)];0
[Push(E,E), Push(E,E), Pull(S,W), Move(N)];0
[Push(E,E), Push(E,E), Pull(S,N), Move(W)];0
[Push(E,E), Push(E,E), Pull(S,N), Move(W)];0
[Push(E,E), Push(E,E), Pull(S,N), Move(W)];0
[Move(W), Push(E,E), Pull(S,N), Move(W)];0
[Move(W), Push(E,E), Pull(S,N), Move(W)];0
[Move(W), Push(E,E), Pull(S,N), Move(W)];0
[Move(W), Push(E,E), Pull(S,N), Move(W)];0
[Move(W), Push(E,E), Pull(S,N), Move(W)];0
[Move(W), Push(E,E), Pull(S,N), Move(W)];0
[Move(W), Push(E,E), Pull(S,N), Move(W)];0
[Move(W), Push(E,E), Pull(S,N), Move(W)];0
[Move(W), Push(E,E), Pull(S,N), Move(W)];0
[Move(W), Move(W), Pull(S,N), Move(W)];0
[Move(W), Move(W), Pull(S,N), Move(W)];0
[Move(W), Move(W), Pull(W,N), Move(W)];0
[Move(W), Move(W), Pull(W,E), Move(W)];0
[Move(W), Move(W), Pull(W,E), Move(W)];0
[Move(W), Move(W), Pull(W,E), Move(W)];0
[Move(W), Move(W), Pull(W,E), Move(W)];0
[Move(W), Move(W), Pull(W,E), Move(W)];0
[Move(W), Move(W), Pull(W,E), Move(W)];0
[Move(W), Move(W), Pull(W,E), Move(W)];0
[Move(W), Move(W), Pull(W,E), Move(W)];0
[Move(W), Move(W), Pull(W,E), Move(W)];0
[Move(S), Move(W), Pull(W,E), Move(W)];0
[Move(S), Move(W), Pull(W,E), Move(W)];0
[Move(S), Move(W), Pull(W,E), Move(W)];0
[Move(S), Move(W), Pull(W,E), Move(W)];0
[Move(S), Move(W), Pull(W,E), Move(W)];0
[Move(S), Move(W), Pull(W,E), Move(W)];0
[Move(S), Move(W), Pull(W,E), Move(W)];0
[Move(S), Move(W), Pull(W,E), Move(W)];0
[Move(S), Move(S), Pull(W,E), Move(W)];0
[Move(S), Move(S), Pull(W,E), Move(W)];0
[Move(S), Move(S), Pull(W,E), Move(S)];0
[Move(S), Move(S), Pull(W,E), Move(S)];0
[Move(S), Move(S), Pull(W,E), Move(S)];0
[Move(S), Move(S), Pull(W,E), Move(S)];0
[Move(S), Move(S), Pull(W,E), Move(S)];0
[Move(S), Move(S), Pull(N,E), Move(S)];0
[Move(S), Move(S), Push(S,W), Move(S)];0
[Move(S), Move(S), Push(W,N), Move(S)];0
[Move(S), Move(S), Push(N,N), Move(S)];0
[Move(S), Move(S), Push(N,W), Move(S)];0
[Move(S), Move(S), Push(W,N), Move(S)];0
[Move(E), Move(S), Push(N,N), Move(S)];0
[Move(E), Move(S), Push(N,N), Move(S)];0
[Move(N), Move(S), Push(N,N), Move(S)];0
[Move(N), Move(S), Push(N,N), Move(S)];0
[Pull(E,N), Move(S), Push(N,N), Move(S)];0
[Push(W,S), Move(S), Push(N,N), Move(S)];0
[Push(S,S), Move(S), Push(N,N), Move(S)];0
[Push(S,W), Move(S), Push(N,E), Move(E)];0
[Push(W,W), Move(E), Push(E,E), Move(E)];0
[Push(W,N), Move(E), Push(E,S), Move(N)];0
[Push(N,N), Pull(E,N), Push(S,S), Move(N)];0
[Push(N,N), Push(W,W), Push(S,S), Move(N)];0
[Push(N,N), Push(W,W), Push(S,S), Move(N)];0
[Push(N,N), Push(W,N), Push(S,S), Move(N)];0
[Push(N,N), Push(N,N), Move(N), Move(N)];0
[Push(N,N), Push(N,N), Move(N), Move(N)];0
[Push(N,N), Push(N,N), Move(N), Move(N)];0
[Push(N,N), Push(N,N), Move(N), Move(E)];0
[Push(N,N), Push(N,N), Move(W), Move(N)];0
[Push(N,N), Push(N,N), Move(W), Move(N)];0
[Push(N,N), Push(N,N), Move(S), Move(N)];0
[Push(N,N), Push(N,N), Move(S), Move(E)];0
[Push(N,N), Push(N,N), Move(S), Move(N)];0
[Push(N,N), Push(N,N), Move(S), Move(E)];0
[Push(N,N), Push(N,N), Move(S), Move(E)];0
[Push(N,N), Push(N,N), Move(S), Move(E)];0
[Push(N,N), Push(N,N), Move(S), Move(E)];0
[Push(N,N), Push(N,N), Move(S), Move(N)];0
[Push(N,N), Push(N,N), Move(E), Move(E)];0
[Push(N,N), Push(N,N), Move(E), Move(N)];0
[Push(N,E), Push(N,N), Move(S), Move(N)];0
[Push(E,E), Push(N,N), Move(S), Move(N)];0
[Push(E,E), Push(N,N), Move(E), Move(E)];0
[Push(E,E), Push(N,N), Move(E), Move(E)];0
[Push(E,E), Push(N,E), Move(E), Move(E)];0
[Push(E,E), Push(E,E), Move(E), Move(E)];0
[Push(E,E), Push(E,E), Move(E), Move(S)];0
[Push(E,E), Push(E,E), Move(E), Move(S)];0
[Push(E,E), Push(E,E), Move(E), Move(S)];0
[Push(E,E), Push(E,E), Move(E), Move(S)];0
[Push(E,E), Push(E,E), Move(E), Move(S)];0
[Push(E,E), Push(E,E), Move(E), Move(S)];0
[Push(E,E), Push(E,E), Move(E), Move(S)];0
[Push(E,E), Push(E,E), Move(E), Move(S)];0
[Push(E,E), Push(E,E), Move(E), Move(E)];0
[Push(E,E), Push(E,E), Move(E), Move(S)];0
[Push(E,E), Push(E,E), Move(E), Move(S)];0
[Push(E,E), Push(E,E), Move(E), Move(E)];0
[Push(E,E), Push(E,E), Move(E), Move(S)];0
[Push(E,E), Push(E,E), Move(E), Move(E)];0
[Push(E,E), Push(E,E), Move(E), Move(S)];0
[Move(W), Push(E,E), Move(E), Move(S)];0
[Move(W), Push(E,E), Move(E), Move(E)];0
[Move(W), Push(E,E), Move(E), Move(S)];0
[Move(W), Move(W), Move(E), Move(S)];0
[Move(W), Move(W), Move(E), Move(E)];0
[Move(W), Move(W), Move(E), Move(E)];0
[Move(W), Move(W), Move(N), Move(E)];0
[Move(W), Move(W), Move(N), Move(E)];0
[Move(W), Move(W), Move(N), Move(E)];0
[Move(W), Move(W), Move(N), Move(E)];0
[Move(W), Move(W), Move(N), Move(E)];0
[Move(W), Move(W), Move(N), Move(E)];0
[Move(W), Move(W), Move(N), Move(E)];0
[Move(W), Move(W), Move(N), Move(E)];0
[Move(W), Move(W), Move(N), Move(E)];0
[Move(W), Move(W), Move(N), Move(E)];0
[Move(W), Move(W), Move(N), Move(E)];0
[Move(W), Move(W), Move(N), Move(E)];0
[Move(W), Move(W), Move(N), Move(E)];0
[Move(W), Move(W), Move(N), Move(E)];0
[Move(S), Move(W), Move(N), Move(E)];0
[Move(S), Move(W), Move(W), Push(S,W)];0
[Move(S), Move(S), Move(W), Push(W,N)];0
[Move(S), Move(S), Move(W), Push(N,N)];0
[Move(S), Move(S), Move(W), Push(N,W)];0
[Move(S), Move(S), Move(W), Push(W,W)];0
[Move(S), Move(S), Move(W), Push(W,W)];0
[Move(S), Move(S), Move(W), Push(W,W)];0
[Move(S), Move(S), Move(W), Push(W,W)];0
[Move(S), Move(S), Move(W), Push(W,W)];0
[Move(S), Move(S), Move(W), Push(W,W)];0
[Move(S), Move(S), Pull(E,W), Push(W,W)];0
[Move(S), Move(S), Pull(E,W), Push(W,W)];0
[Move(S), Move(S), Pull(E,W), Push(W,W)];0
[Move(S), Move(S), Pull(E,W), Push(W,W)];0
[Move(S), Move(S), Pull(E,W), Push(W,W)];0
[Move(S), Move(S), Pull(E,W), Push(W,N)];0
[Move(S), Move(S), Pull(E,W), Push(N,N)];0
[Move(S), Move(S), Pull(E,W), Push(N,W)];0
[Move(S), Move(S), Pull(E,W), Push(W,W)];0
[Move(S), Move(S), Pull(E,W), Push(W,W)];0
[Move(E), Move(S), Pull(E,W), Push(W,W)];0
[Move(E), Move(S), Push(W,S), Push(W,W)];0
[Move(N), Move(E), Push(S,S), Push(W,N)];0
[Move(N), Move(E), Push(S,S), Push(N,N)];0
[Move(N), Move(N), Push(S,S), Push(N,N)];0
[Pull(E,N), Pull(E,N), Push(S,S), Push(N,N)];0
[Push(W,S), Push(W,S), Push(S,S), Push(N,N)];0
[Push(S,S), Push(S,W), Push(S,S), Push(N,N)];0
[Push(S,S), Push(W,W), Push(S,S), Push(N,N)];0
[Push(S,W), Push(W,N), Push(S,S), Push(N,N)];0
[Push(W,W), Push(N,N), Push(S,S), Push(N,N)];0
[Push(W,N), Push(N,N), Push(S,S), Push(N,N)];0
[Push(N,N), Push(N,N), Push(S,S), Push(N,N)];0
[Push(N,N), Push(N,N), Push(S,S), Push(N,N)];0
[Push(N,N), Push(N,N), Push(S,S), Push(N,W)];0
[Push(N,N), Push(N,N), Push(S,S), Push(W,W)];0
[Push(N,N), Push(N,N), Push(S,W), Push(W,W)];0
[Push(N,N), Push(N,N), Push(W,W), Push(W,W)];0
[Push(N,N), Push(N,N), Push(W,W), Push(W,W)];0
[Push(N,N), Push(N,N), Push(W,W), Push(W,W)];0
[Push(N,N), Push(N,N), Push(W,W), Push(W,W)];0
[Push(N,N), Push(N,N), Push(W,W), Push(W,W)];0
[Push(N,N), Push(N,N), Push(W,W), Push(W,W)];0
[Push(N,N), Push(N,N), Push(W,W), Push(W,W)];0
[Push(N,N), Push(N,N), Push(W,W), Push(W,W)];0
[Push(N,N), Push(N,N), Push(W,W), Push(W,W)];0
[Push(N,N), Push(N,N), Push(W,W), Push(W,W)];0
[Push(N,N), Push(N,N), Push(W,W), Push(W,W)];0
[Push(N,N), Push(N,N), Push(W,W), Push(W,S)];0
[Push(N,N), Push(N,N), Push(W,W), Push(S,S)];0
[Push(N,N), Push(N,E), Push(W,W), Push(S,S)];0
[Push(N,N), Push(E,E), Push(W,W), Push(S,S)];0
[Push(N,E), Push(E,E), Push(W,W), Push(S,S)];0
[Push(E,E), Push(E,E), Push(W,W), Push(S,S)];0
[Push(E,E), Push(E,E), Push(W,W), Push(S,S)];0
[Push(E,E), Push(E,E), Push(W,W), Push(S,S)];0
[Push(E,E), Push(E,E), Push(W,W), Push(S,S)];0
[Push(E,E), Push(E,E), Push(W,W), Push(S,S)];0
[Push(E,E), Push(E,E), Push(W,W), Push(S,S)];0
[Push(E,E), Push(E,E), Push(W,W), Push(S,S)];0
[Push(E,E), Push(E,E), Push(W,W), Push(S,S)];0
[Push(E,E), Push(E,E), Push(W,N), Push(S,S)];0
[Push(E,E), Push(E,E), Push(N,N), Push(S,S)];0
[Push(E,E), Push(E,E), Push(N,W), Push(S,S)];0
[Push(E,E), Push(E,E), Push(W,W), Push(S,W)];0
[Push(E,E), Push(E,E), Push(W,N), Push(W,W)];16
[Push(E,E), Push(E,E), Push(N,N), Push(W,N)];0
[Push(E,E), Push(E,E), Push(N,N), Push(N,N)];0
[Push(E,E), Push(E,E), Push(N,N), Push(N,N)];0
[Move(W), Move(W), Push(N,N), Push(N,N)];0
[Move(W), Move(W), Push(N,N), Push(N,N)];0
[Move(W), Move(W), Push(N,N), Push(N,N)];0
[Move(W), Move(W), Push(N,N), Push(N,N)];0
[Move(W), Move(W), Push(N,E), Push(N,N)];0
[Move(W), Move(W), Push(E,E), Push(N,N)];0
[Move(W), Move(W), Push(E,S), Push(N,N)];0
[Move(W), Move(W), Push(S,S), Push(N,N)];0
[Move(W), Move(W), Push(S,S), Push(N,N)];0
[Move(W), Move(W), Push(S,S), Push(N,N)];0
[Move(W), Move(W), Move(N), Push(N,N)];0
[Move(W), Move(W), Move(N), Push(N,N)];0
[Move(W), Move(W), Move(N), Push(N,N)];0
[Move(W), Move(W), Move(W), Push(N,N)];0
[Move(W), Move(W), Move(W), Push(N,N)];0
[Move(W), Move(W), Move(S), Push(N,E)];0
[Move(S), Move(W), Move(S), Push(E,E)];0
[Move(S), Move(W), Move(S), Push(E,E)];0
[Move(S), Move(S), Move(S), Push(E,E)];0
[Move(S), Move(S), Move(S), Push(E,E)];0
[Move(S), Move(S), Move(S), Push(E,E)];0
[Move(S), Move(S), Move(S), Push(E,E)];0
[Move(S), Move(S), Move(S), Push(E,E)];0
[Move(S), Move(S), Move(E), Push(E,E)];0
[Move(S), Move(S), Move(E), Push(E,E)];0
[Move(S), Move(S), Move(S), Push(E,E)];0
[Move(S), Move(S), Move(S), Push(E,E)];0
[Move(S), Move(S), Move(E), Push(E,E)];0
[Move(S), Move(S), Move(E), Push(E,E)];0
[Move(S), Move(S), Move(E), Push(E,E)];0
[Move(S), Move(S), Move(E), Push(E,E)];0
[Move(S), Move(S), Move(E), Push(E,E)];0
[Move(S), Move(S), Move(E), Push(E,E)];0
[Move(S), Move(S), Move(E), Push(E,E)];0
[Move(S), Move(S), Move(E), Push(E,E)];0
[Move(S), Move(S), Move(E), Push(E,E)];0
[Move(S), Move(S), Move(E), Push(E,E)];0
[Move(E), Move(S), Move(E), Push(E,E)];0
[Move(E), Move(S), Move(E), Push(E,E)];0
[Move(N), Move(E), Move(E), Push(E,E)];0
[Move(N), Move(E), Move(E), Push(E,E)];0
[Move(N), Move(N), Move(E), Push(E,E)];0
[Move(N), Move(N), Move(E), Push(E,E)];0
[Pull(E,N), Pull(E,N), Move(E), Push(E,E)];0
[Push(W,S), Push(W,S), Move(E), Push(E,E)];0
[Push(S,S), Push(S,S), Move(E), Push(E,E)];0
[Push(S,S), Push(S,W), Move(E), Push(E,E)];0
[Push(S,S), Push(W,W), Move(E), Push(E,E)];0
[Push(S,W), Push(W,N), Move(E), Push(E,E)];0
[Push(W,W), Push(N,N), Move(E), Push(E,S)];0
[Push(W,N), Push(N,N), Move(E), Push(S,S)];0
[Push(N,N), Push(N,N), Move(E), Push(S,S)];0
[Push(N,N), Push(N,N), Move(N), Push(S,S)];0
[Push(N,N), Push(N,N), Move(N), Push(S,W)];0
[Push(N,N), Push(N,N), Move(N), Push(W,W)];0
[Push(N,N), Push(N,N), Move(N), Push(W,W)];0
[Push(N,N), Push(N,N), Move(N), Push(W,W)];0
[Push(N,N), Push(N,N), Move(N), Push(W,S)];0
[Push(N,N), Push(N,N), Move(N), Push(S,S)];0
[Push(N,N), Push(N,N), Move(N), Push(S,S)];0
[Push(N,N), Push(N,N), Move(N), Push(S,S)];0
[Push(N,N), Push(N,N), Move(N), Push(S,S)];0
[Push(N,N), Push(N,N), Move(N), Push(S,S)];0
[Push(N,N), Push(N,N), Move(N), Push(S,S)];0
[Push(N,N), Push(N,N), Move(N), Push(S,S)];0
[Push(N,N), Push(N,N), Move(N), Push(S,E)];0
[Push(N,N), Push(N,N), Move(N), Push(E,E)];0
[Push(N,N), Push(N,N), Move(W), Push(E,N)];16
[Push(N,N), Push(N,N), Move(W), Push(N,N)];0
[Push(N,N), Push(N,E), Move(W), Push(N,N)];0
[Push(N,N), Push(E,E), Move(W), Push(N,N)];0
[Push(N,E), Push(E,E), Move(W), Push(N,N)];0
[Push(E,E), Push(E,E), Move(W), Move(S)];0
[Push(E,E), Push(E,E), Move(W), Move(S)];0
[Push(E,E), Push(E,E), Move(W), Move(S)];0
[Push(E,E), Push(E,E), Move(W), Move(S)];0
[Push(E,E), Push(E,E), Move(W), Move(W)];0
[Push(E,E), Push(E,E), Move(W), Move(W)];0
[Push(E,E), Push(E,E), Pull(E,W), Move(N)];0
[Push(E,E), Push(E,E), Pull(E,W), Move(N)];0
[Push(E,E), Push(E,E), Pull(E,W), Move(N)];0
[Push(E,E), Push(E,E), Pull(E,W), Move(N)];0
[Push(E,E), Push(E,E), Pull(E,W), Move(N)];0
[Push(E,E), Move(W), Pull(E,W), Move(N)];0
[Move(W), Move(W), Pull(E,W), Move(N)];0
[Move(W), Move(W), Pull(E,W), Move(N)];0
[Move(W), Move(W), Pull(E,W), Move(E)];0
[Move(W), Move(W), Pull(E,W), Move(E)];0
[Move(W), Move(W), Pull(E,W), Move(E)];0
[Move(W), Move(W), Pull(E,W), Move(E)];0
[Move(W), Move(W), Push(W,S), Move(N)];0
[Move(W), Move(W), Push(S,S), Move(N)];0
[Move(W), Move(W), Push(S,S), Move(N)];0
[Move(W), Move(W), Push(S,S), Move(N)];0
[Move(W), Move(W), Push(S,S), Move(W)];0
[Move(W), Move(W), Push(S,S), Move(W)];0
[Move(S), Move(S), Push(S,S), Move(W)];0
[Move(S), Move(S), Push(S,S), Move(W)];0
[Move(S), Move(S), Push(S,S), Move(W)];0
[Move(S), Move(S), Push(S,S), Move(W)];0
[Move(S), Move(S), Push(S,S), Move(W)];0
[Move(S), Move(S), Push(S,S), Move(W)];0
[Move(S), Move(S), Push(S,S), Move(W)];0
[Move(S), Move(S), Push(S,S), Move(W)];0
[Move(S), Move(S), Push(S,S), Move(W)];0
[Move(S), Move(S), Push(S,W), Move(W)];0
[Move(S), Move(S), Push(W,W), Move(W)];0
[Move(S), Move(S), Push(W,W), Move(W)];0
[Move(S), Move(S), Push(W,W), Move(W)];0
[Move(S), Move(S), Push(W,W), Move(W)];0
[Move(S), Move(S), Push(W,W), Move(W)];0
[Move(S), Move(S), Push(W,W), Move(W)];0
[Move(S), Move(S), Push(W,W), Move(W)];0
[Move(S), Move(S), Push(W,W), Move(W)];0
[Move(S), Move(S), Push(W,W), Move(W)];0
[Move(S), Move(S), Push(W,W), Move(W)];0
[Move(S), Move(S), Push(W,W), Move(W)];0
[Move(E), Move(E), Push(W,W), Move(W)];0
[Move(E), Move(E), Push(W,W), Move(W)];0
[Move(N), Move(N), Push(W,W), Move(W)];0
[Move(N), Move(N), Push(W,W), Move(W)];0
[Move(N), Move(N), Push(W,W), Move(W)];0
[Move(N), Pull(E,N), Push(W,W), Move(W)];0
[Move(N), Push(W,S), Push(W,W), Move(W)];0
[Pull(E,N), Push(S,S), Push(W,W), Move(W)];0
[Push(W,S), Push(S,S), Push(W,W), Move(W)];0
[Push(S,S), Push(S,W), Push(W,W), Move(W)];0
[Push(S,S), Push(W,W), Push(W,W), Move(W)];0
[Push(S,S), Push(W,N), Push(W,W), Move(S)];38
[Push(S,S), Push(N,N), Push(W,W), Move(S)];0
[Push(S,W), Push(N,N), Push(W,N), Move(S)];0
[Push(W,W), Push(N,N), Push(N,N), Move(S)];0
[Push(W,N), Push(N,N), Push(N,W), Move(S)];0
[Push(N,N), Push(N,N), Push(W,W), Move(S)];0
[Push(N,N), Push(N,N), Push(W,N), Move(S)];0
[Push(N,N), Push(N,N), Push(N,N), Move(S)];0
[Push(N,N), Push(N,N), Push(N,N), Move(S)];0
[Push(N,N), Push(N,N), Push(N,N), Move(S)];0
[Push(N,N), Push(N,N), Push(N,N), Move(S)];0
[Push(N,N), Push(N,N), Push(N,N), Move(S)];0
[Push(N,N), Push(N,N), Push(N,N), Move(S)];0
[Push(N,N), Push(N,N), Push(N,N), Move(S)];0
[Push(N,N), Push(N,N), Push(N,E), Move(S)];0
[Push(N,N), Push(N,N), Push(E,E), Move(S)];0
[Push(N,N), Push(N,N), Push(E,S), Move(S)];0
[Push(N,N), Push(N,N), Push(S,S), Move(S)];0
[Push(N,N), Push(N,N), Push(S,S), Move(E)];0
[Push(N,N), Push(N,N), Move(N), Move(E)];0
[Push(N,N), Push(N,N), Move(N), Move(N)];0
[Push(N,N), Push(N,E), Move(W), Move(N)];0
[Push(N,N), Push(E,E), Move(W), Move(N)];0
[Push(N,N), Push(E,E), Move(S), Move(N)];0
[Push(N,N), Push(E,E), Move(S), Move(N)];0
[Push(N,E), Push(E,E), Move(S), Move(N)];0
[Push(E,E), Push(E,E), Move(S), Move(N)];0
[Push(E,E), Push(E,E), Move(S), Move(N)];0
[Push(E,E), Push(E,E), Move(S), Move(E)];0
[Push(E,E), Push(E,E), Move(S), Move(N)];0
[Push(E,E), Push(E,E), Move(S), Move(N)];0
[Push(E,E), Push(E,E), Move(E), Move(N)];0
[Push(E,E), Push(E,E), Move(E), Move(E)];0
[Push(E,E), Push(E,E), Move(S), Move(N)];0
[Push(E,E), Move(W), Move(S), Move(E)];0
[Move(W), Move(W), Move(E), Move(E)];0
[Move(W), Move(W), Move(E), Move(E)];0
[Move(W), Move(W), Move(E), Move(E)];0
[Move(W), Move(W), Move(E), Move(N)];0
[Move(W), Move(W), Move(E), Move(E)];0
[Move(W), Move(W), Move(E), Move(N)];0
[Move(W), Move(W), Move(E), Move(N)];0
[Move(W), Move(W), Move(E), Move(N)];0
[Move(W), Move(W), Move(E), Move(E)];0
[Move(S), Move(W), Move(E), Move(E)];0
[Move(S), Move(W), Move(E), Move(E)];0
[Move(S), Move(S), Move(E), Move(E)];0
[Move(S), Move(S), Move(E), Move(S)];0
[Move(S), Move(S), Move(E), Move(S)];0
[Move(S), Move(S), Move(E), Move(S)];0
[Move(S), Move(S), Move(E), Move(S)];0
[Move(S), Move(S), Move(E), Move(S)];0
[Move(S), Move(S), Move(E), Move(S)];0
[Move(S), Move(S), Move(E), Move(S)];0
[Move(S), Move(S), Move(E), Move(S)];0
[Move(S), Move(S), Move(E), Move(E)];0
[Move(S), Move(S), Move(E), Move(S)];0
[Move(S), Move(S), Move(E), Move(S)];0
[Move(S), Move(S), Move(E), Move(E)];0
[Move(S), Move(S), Move(E), Move(S)];0
[Move(S), Move(S), Move(N), Move(E)];0
[Move(S), Move(S), Move(N), Move(S)];0
[Move(S), Move(S), Move(N), Move(S)];0
[Move(S), Move(S), Move(N), Move(E)];0
[Move(S), Move(S), Move(N), Move(S)];0
[Move(E), Move(S), Move(N), Move(S)];0
[Move(E), Move(S), Move(N), Move(E)];0
[Move(N), Move(E), Move(N), Move(E)];0
[Move(N), Move(E), Move(N), Move(E)];0
[Move(N), Move(N), Move(N), Move(E)];0
[Move(N), Move(N), Move(N), Move(E)];0
[Move(N), Move(N), Move(N), Move(E)];0
[Move(N), Move(N), Move(N), Move(E)];0
[Pull(E,N), Pull(E,N), Move(N), Move(E)];0
[Push(W,S), Push(W,S), Move(N), Move(E)];0
[Push(S,S), Push(S,S), Move(W), Move(E)];0
[Push(S,S), Push(S,S), Move(W), Move(E)];0
[Push(S,S), Push(S,S), Move(W), Move(E)];0
[Push(S,S), Push(S,W), Move(W), Move(E)];0
[Push(S,S), Push(W,W), Move(W), Move(E)];0
[Push(S,W), Push(W,N), Move(W), Move(E)];0
[Push(W,W), Push(N,N), Move(W), Move(E)];0
[Push(W,N), Push(N,N), Move(W), Move(E)];0
[Push(N,N), Push(N,N), Move(W), Move(E)];0
[Push(N,N), Push(N,N), Move(W), Push(S,W)];0
[Push(N,N), Push(N,N), Move(W), Push(W,W)];0
[Push(N,N), Push(N,N), Move(W), Push(W,W)];0
[Push(N,N), Push(N,N), Pull(E,W), Push(W,W)];0
[Push(N,N), Push(N,N), Pull(E,W), Push(W,W)];0
[Push(N,N), Push(N,N), Pull(E,W), Push(W,N)];0
[Push(N,N), Push(N,N), Pull(E,W), Push(N,W)];0
[Push(N,N), Push(N,N), Pull(E,W), Push(W,N)];0
[Push(N,N), Push(N,N), Pull(E,W), Push(N,W)];0
[Push(N,N), Push(N,N), Pull(E,W), Push(W,W)];0
[Push(N,N), Push(N,N), Pull(E,W), Push(W,W)];0
[Push(N,N), Push(N,N), Pull(E,W), Push(W,W)];0
[Push(N,N), Push(N,N), Pull(E,W), Push(W,W)];0
[Push(N,N), Push(N,N), Pull(E,W), Push(W,W)];0
[Push(N,N), Push(N,N), Pull(E,W), Push(W,W)];0
[Push(N,N), Push(N,N), Pull(E,W), Push(W,W)];0
[Push(N,N), Push(N,N), Push(W,S), Push(W,W)];0
[Push(N,N), Push(N,E), Push(S,S), Push(W,W)];0
[Push(N,N), Push(E,E), Push(S,S), Push(W,W)];0
[Push(N,E), Push(E,E), Push(S,S), Push(W,W)];0
[Push(E,E), Push(E,E), Push(S,S), Push(W,W)];0
[Push(E,E), Push(E,E), Push(S,S), Push(W,W)];0
[Push(E,E), Push(E,E), Push(S,S), Push(W,N)];0
[Push(E,E), Push(E,E), Push(S,S), Push(N,N)];0
[Push(E,E), Push(E,E), Push(S,S), Push(N,N)];0
[NoOp, Push(E,E), Push(S,S), Push(N,N)];0
[NoOp, Push(E,E), Push(S,S), Push(N,N)];0
[NoOp, Move(W), Push(S,S), Push(N,N)];0
[NoOp, Move(W), Push(S,S), Push(N,N)];0
[NoOp, Move(W), Push(S,S), Push(N,N)];0
[NoOp, Move(W), Push(S,S), Push(N,N)];0
[NoOp, Move(W), Push(S,W), Push(N,N)];0
[NoOp, Move(W), Push(W,W), Push(N,N)];0
[NoOp, Move(W), Push(W,W), Push(N,N)];0
[NoOp, Move(W), Push(W,W), Push(N,W)];0
[NoOp, Move(W), Push(W,W), Push(W,W)];0
[NoOp, Move(S), Push(W,W), Push(W,W)];0
[NoOp, Move(S), Push(W,W), Push(W,W)];0
[NoOp, Move(S), Push(W,W), Push(W,N)];0
[NoOp, Move(S), Push(W,W), Push(N,N)];0
[NoOp, Move(S), Push(W,W), Push(N,W)];0
[NoOp, Move(S), Push(W,W), Push(W,W)];0
[NoOp, Move(S), Push(W,W), Push(W,W)];0
[NoOp, Move(S), Push(W,W), Push(W,W)];0
[NoOp, Move(S), Push(W,W), Push(W,W)];0
[NoOp, Move(S), Push(W,W), Push(W,W)];0
[NoOp, Move(S), Push(W,W), Push(W,W)];0
[NoOp, Move(S), Push(W,W), Push(W,W)];0
[NoOp, Move(S), Push(W,W), Push(W,W)];0
[NoOp, Move(S), Push(W,W), Push(W,S)];0
[NoOp, Move(S), Push(W,W), Push(S,S)];0
[NoOp, Move(S), Push(W,W), Push(S,S)];0
[NoOp, Move(S), Push(W,W), Push(S,S)];0
[NoOp, Move(S), Push(W,W), Push(S,S)];0
[NoOp, Move(S), Push(W,W), Push(S,S)];0
[NoOp, Move(S), Push(W,W), Push(S,S)];0
[NoOp, Move(S), Push(W,N), Push(S,S)];0
[NoOp, Move(E), Push(N,N), Push(S,S)];0
[NoOp, Move(E), Push(N,W), Push(S,S)];0
[NoOp, Move(N), Push(W,W), Push(S,S)];0
[NoOp, Move(N), Push(W,N), Push(S,S)];0
[NoOp, Move(N), Push(N,N), Push(S,S)];0
[NoOp, Move(N), Push(N,N), Push(S,S)];0
[NoOp, Move(N), Push(N,N), Push(S,S)];0
[NoOp, Pull(E,N), Push(N,N), Push(S,S)];0
[NoOp, Push(W,S), Push(N,N), Push(S,W)];0
[NoOp, Push(S,S), Push(N,N), Push(W,W)];0
[NoOp, Push(S,S), Push(N,N), Push(W,N)];0
[NoOp, Push(S,S), Push(N,E), Push(N,N)];0
[NoOp, Push(S,S), Push(E,E), Push(N,N)];0
[NoOp, Push(S,W), Push(E,S), Push(N,N)];0
[NoOp, Push(W,W), Push(S,S), Push(N,N)];0
[NoOp, Push(W,N), Move(N), Push(N,N)];0
[NoOp, Push(N,N), Move(W), Push(N,N)];0
[NoOp, Push(N,N), Move(W), Push(N,N)];0
[NoOp, Push(N,N), Move(S), Push(N,N)];0
[NoOp, Push(N,N), Move(S), Push(N,N)];0
[NoOp, Push(N,N), Move(S), Push(N,N)];0
[NoOp, Push(N,N), Move(S), Push(N,N)];0
[NoOp, Push(N,N), Move(S), Push(N,N)];0
[NoOp, Push(N,N), Move(S), Push(N,N)];0
[NoOp, Push(N,N), Move(S), Push(N,N)];0
[NoOp, Push(N,N), Move(S), Push(N,N)];0
[NoOp, Push(N,N), Move(E), Push(N,N)];0
[NoOp, Push(N,N), Move(E), Push(N,N)];0
[NoOp, Push(N,N), Move(S), Push(N,E)];0
[NoOp, Push(N,N), Move(S), Push(E,E)];0
[NoOp, Push(N,N), Move(E), Push(E,E)];0
[NoOp, Push(N,N), Move(E), Push(E,E)];0
[NoOp, Push(N,N), Move(E), Push(E,E)];0
[NoOp, Push(N,N), Move(E), Push(E,E)];0
[NoOp, Push(N,N), Move(E), Push(E,E)];0
[NoOp, Push(N,N), Move(E), Push(E,E)];0
[NoOp, Push(N,E), Move(E), Push(E,E)];0
[NoOp, Push(E,E), Move(E), Push(E,E)];0
[NoOp, Push(E,E), Move(E), Push(E,E)];0
[NoOp, Push(E,E), Move(E), Push(E,E)];0
[NoOp, Push(E,E), Move(E), Push(E,E)];0
[NoOp, Push(E,E), Move(E), Push(E,E)];0
[NoOp, Push(E,E), Move(E), Push(E,E)];0
[NoOp, Push(E,E), Move(E), Push(E,E)];0
[NoOp, Push(E,E), Move(E), Push(E,E)];0
[NoOp, Move(W), Move(E), Push(E,E)];0
[NoOp, Move(W), Move(E), Push(E,E)];0
[NoOp, Move(W), Move(E), Push(E,E)];0
[NoOp, Move(W), Move(E), Push(E,E)];0
[NoOp, Move(W), Move(E), Push(E,E)];0
[NoOp, Move(W), Move(E), Push(E,E)];0
[NoOp, Move(W), Move(E), Push(E,E)];0
[NoOp, Move(W), Move(E), Push(E,E)];0
[NoOp, Move(S), Move(E), Push(E,E)];0
[NoOp, Move(S), Move(E), Push(E,E)];0
[NoOp, Move(S), Move(N), Push(E,E)];0
[NoOp, Move(S), Move(N), Push(E,E)];0
[NoOp, Move(S), Move(N), Push(E,E)];0
[NoOp, Move(S), Move(N), Push(E,E)];0
[NoOp, Move(S), Move(N), Push(E,E)];0
[NoOp, Move(S), Move(N), Push(E,E)];0
[NoOp, Move(S), Move(N), Push(E,E)];0
[NoOp, Move(S), Move(N), Push(E,S)];0
[NoOp, Move(S), Move(N), Push(S,S)];0
[NoOp, Move(S), Move(N), Push(S,S)];0
[NoOp, Move(S), Move(N), Push(S,S)];0
[NoOp, Move(S), Move(N), Push(S,W)];0
[NoOp, Move(S), Move(N), Push(W,W)];0
[NoOp, Move(S), Move(N), Push(W,W)];0
[NoOp, Move(S), Move(N), Push(W,W)];0
[NoOp, Move(S), Move(W), Push(W,S)];0
[NoOp, Move(S), Move(W), Push(S,S)];0
[NoOp, Move(S), Move(W), Push(S,S)];0
[NoOp, Move(S), Move(W), Push(S,S)];0
[NoOp, Move(E), Move(W), Push(S,S)];0
[NoOp, Move(E), Move(W), Push(S,S)];0
[NoOp, Move(N), Move(W), Push(S,S)];0
[NoOp, Move(N), Move(W), Push(S,S)];0
[NoOp, Move(N), Move(W), Push(S,E)];0
[NoOp, Move(N), Move(W), Push(E,E)];0
[NoOp, Move(N), Move(W), Push(E,N)];0
[NoOp, Move(N), Move(W), Push(N,N)];0
[NoOp, Pull(E,N), Move(W), Push(N,N)];0
[NoOp, Push(W,S), Pull(E,W), Push(N,N)];0
[NoOp, Push(S,S), Pull(E,W), Move(S)];0
[NoOp, Push(S,S), Pull(E,W), Move(S)];0
[NoOp, Push(S,S), Pull(E,W), Move(S)];0
[NoOp, Push(S,S), Pull(E,W), Move(W)];0
[NoOp, Push(S,S), Pull(E,W), Move(W)];0
[NoOp, Push(S,W), Pull(E,W), Move(N)];0
[NoOp, Push(W,W), Pull(E,W), Move(N)];0
[NoOp, Push(W,N), Pull(E,W), Move(N)];0
[NoOp, Push(N,N), Pull(E,W), Move(N)];0
[NoOp, Push(N,N), Pull(E,W), Move(N)];0
[NoOp, Push(N,N), Pull(E,W), Move(N)];0
[NoOp, Push(N,N), Pull(E,W), Move(N)];0
[NoOp, Push(N,N), Pull(E,W), Move(N)];0
[NoOp, Push(N,N), Push(W,S), Move(E)];0
[NoOp, Push(N,N), Push(S,S), Move(E)];0
[NoOp, Push(N,N), Push(S,S), Move(E)];0
[NoOp, Push(N,N), Push(S,S), Move(E)];0
[NoOp, Push(N,N), Push(S,S), Move(N)];0
[NoOp, Push(N,N), Push(S,S), Move(N)];0
[NoOp, Push(N,N), Push(S,S), Move(N)];0
[NoOp, Push(N,N), Push(S,S), Move(N)];0
[NoOp, Push(N,N), Push(S,S), Move(W)];0
[NoOp, Push(N,N), Push(S,S), Move(W)];0
[NoOp, Push(N,N), Push(S,S), Move(W)];0
[NoOp, Push(N,N), Push(S,S), Move(W)];0
[NoOp, Push(N,N), Push(S,S), Move(W)];0
[NoOp, Push(N,N), Push(S,S), Move(W)];0
[NoOp, Push(N,N), Push(S,S), Move(W)];0
[NoOp, Push(N,E), Push(S,W), Move(W)];0
[NoOp, Push(E,E), Push(W,W), Move(W)];0
[NoOp, Push(E,E), Push(W,W), Move(W)];0
[NoOp, Push(E,E), Push(W,W), Move(W)];0
[NoOp, Push(E,E), Push(W,W), Move(W)];0
[NoOp, Push(E,E), Push(W,W), Move(W)];0
[NoOp, NoOp, Push(W,W), Move(W)];0
[NoOp, NoOp, Push(W,W), Move(W)];0
[NoOp, NoOp, Push(W,W), Move(W)];0
[NoOp, NoOp, Push(W,W), Move(W)];0
[NoOp, NoOp, Push(W,W), Move(W)];0
[NoOp, NoOp, Push(W,W), Move(W)];0
[NoOp, NoOp, Push(W,W), Move(W)];0
[NoOp, NoOp, Push(W,W), Move(W)];0
[NoOp, NoOp, Push(W,W), Move(W)];0
[NoOp, NoOp, Push(W,W), Move(W)];0
[NoOp, NoOp, Push(W,W), Move(W)];0
[NoOp, NoOp, Push(W,W), Move(W)];0
[NoOp, NoOp, Push(W,W), Move(W)];0
[NoOp, NoOp, Push(W,W), Move(W)];0
[NoOp, NoOp, Push(W,W), Move(W)];0
[NoOp, NoOp, Push(W,W), Move(W)];0
[NoOp, NoOp, Push(W,W), Move(W)];0
[NoOp, NoOp, Push(W,W), Move(W)];0
[NoOp, NoOp, Push(W,W), Move(W)];0
[NoOp, NoOp, Push(W,N), Move(W)];0
[NoOp, NoOp, Push(N,N), Move(W)];0
[NoOp, NoOp, Push(N,W), Move(S)];0
[NoOp, NoOp, Push(W,W), Move(S)];0
[NoOp, NoOp, Push(W,N), Move(S)];16
[NoOp, NoOp, Push(N,N), Move(S)];0
[NoOp, NoOp, Push(N,N), Move(S)];0
[NoOp, NoOp, Push(N,N), Move(S)];0
[NoOp, NoOp, Push(N,N), Move(S)];0
[NoOp, NoOp, Push(N,N), Move(S)];0
[NoOp, NoOp, Push(N,N), Move(S)];0
[NoOp, NoOp, Push(N,N), Move(S)];0
[NoOp, NoOp, Push(N,E), Move(S)];0
[NoOp, NoOp, Push(E,E), Move(S)];0
[NoOp, NoOp, Push(E,S), Move(S)];0
[NoOp, NoOp, NoOp, Move(S)];0
[NoOp, NoOp, NoOp, Move(S)];0
[NoOp, NoOp, NoOp, Move(S)];0
[NoOp, NoOp, NoOp, Move(S)];0
[NoOp, NoOp, NoOp, Move(S)];0
[NoOp, NoOp, NoOp, Move(E)];0
[NoOp, NoOp, NoOp, Move(E)];0
[NoOp, NoOp, NoOp, Move(N)];0
[NoOp, NoOp, NoOp, Move(N)];0
[NoOp, NoOp, NoOp, Move(N)];0
[NoOp, NoOp, NoOp, Move(N)];0
[NoOp, NoOp, NoOp, Move(N)];0
[NoOp, NoOp, NoOp, Move(N)];0
[NoOp, NoOp, NoOp, Move(N)];0
[NoOp, NoOp, NoOp, Move(N)];0
[NoOp, NoOp, NoOp, Move(E)];0
[NoOp, NoOp, NoOp, Move(N)];0
[NoOp, NoOp, NoOp, Move(N)];0
[NoOp, NoOp, NoOp, Move(N)];0
[NoOp, NoOp, NoOp, Move(E)];0
[NoOp, NoOp, NoOp, Move(N)];0
[NoOp, NoOp, NoOp, Move(E)];0
[NoOp, NoOp, NoOp, Move(E)];0
[NoOp, NoOp, NoOp, Move(E)];0
[NoOp, NoOp, NoOp, Move(E)];0
[NoOp, NoOp, NoOp, Move(N)];0
[NoOp, NoOp, NoOp, Move(E)];0
[NoOp, NoOp, NoOp, Move(N)];0
[NoOp, NoOp, NoOp, Move(N)];0
[NoOp, NoOp, NoOp, Move(N)];0
[NoOp, NoOp, NoOp, Move(E)];0
[NoOp, NoOp, NoOp, Move(E)];0
[NoOp, NoOp, NoOp, Move(E)];0
[NoOp, NoOp, NoOp, Move(E)];0
[NoOp, NoOp, NoOp, Move(S)];0
[NoOp, NoOp, NoOp, Move(S)];0
[NoOp, NoOp, NoOp, Move(S)];0
[NoOp, NoOp, NoOp, Move(S)];0
[NoOp, NoOp, NoOp, Move(S)];0
[NoOp, NoOp, NoOp, Move(S)];0
[NoOp, NoOp, NoOp, Move(S)];0
[NoOp, NoOp, NoOp, Move(S)];0
[NoOp, NoOp, NoOp, Move(E)];0
[NoOp, NoOp, NoOp, Move(S)];0
[NoOp, NoOp, NoOp, Move(S)];0
[NoOp, NoOp, NoOp, Move(E)];0
[NoOp, NoOp, NoOp, Move(S)];0
[NoOp, NoOp, NoOp, Move(E)];0
[NoOp, NoOp, NoOp, Move(S)];0
[NoOp, NoOp, NoOp, Move(S)];0
[NoOp, NoOp, NoOp, Move(E)];0
[NoOp, NoOp, NoOp, Move(S)];0
[NoOp, NoOp, NoOp, Move(S)];0
[NoOp, NoOp, NoOp, Move(E)];0
[NoOp, NoOp, NoOp, Move(E)];0
[NoOp, NoOp, NoOp, Move(E)];0
[NoOp, NoOp, NoOp, Move(E)];0
[NoOp, NoOp, NoOp, Move(E)];0
[NoOp, NoOp, NoOp, Move(E)];0
[NoOp, NoOp, NoOp, Move(E)];0
[NoOp, NoOp, NoOp, Move(E)];0
[NoOp, NoOp, NoOp, Move(E)];0
[NoOp, NoOp, NoOp, Move(E)];0
[NoOp, NoOp, NoOp, Move(E)];0
[NoOp, NoOp, NoOp, Move(E)];0
[NoOp, NoOp, NoOp, Move(E)];0
[NoOp, NoOp, NoOp, Move(E)];0
[NoOp, NoOp, NoOp, Move(E)];0
[NoOp, NoOp, NoOp, Move(E)];0
[NoOp, NoOp, NoOp, Move(E)];0
[NoOp, NoOp, NoOp, Move(E)];0
[NoOp, NoOp, NoOp, Move(S)];0
[NoOp, NoOp, NoOp, Pull(W,E)];0
[NoOp, NoOp, NoOp, Pull(W,E)];0
[NoOp, NoOp, NoOp, Pull(W,E)];0
[NoOp, NoOp, NoOp, Pull(W,E)];0
[NoOp, NoOp, NoOp, Pull(N,E)];0
[NoOp, NoOp, NoOp, Pull(W,S)];0
[NoOp, NoOp, NoOp, Pull(S,E)];0
[NoOp, NoOp, NoOp, Push(N,N)];0
[NoOp, NoOp, NoOp, Push(N,W)];0
[NoOp, NoOp, NoOp, Push(W,W)];0
[NoOp, NoOp, NoOp, Push(W,W)];0
[NoOp, NoOp, NoOp, Push(W,W)];0
[NoOp, NoOp, NoOp, Push(W,W)];0
[NoOp, NoOp, NoOp, Push(W,W)];0
[NoOp, NoOp, NoOp, Push(W,W)];0
[NoOp, NoOp, NoOp, Push(W,W)];0
[NoOp, NoOp, NoOp, Push(W,W)];0
[NoOp, NoOp, NoOp, Push(W,N)];0
[NoOp, NoOp, NoOp, Push(N,N)];0
[NoOp, NoOp, NoOp, Push(N,W)];0
[NoOp, NoOp, NoOp, Push(W,W)];0
[NoOp, NoOp, NoOp, Push(W,W)];0
[NoOp, NoOp, NoOp, Push(W,W)];0
[NoOp, NoOp, NoOp, Push(W,N)];0
[NoOp, NoOp, NoOp, Push(N,N)];0
[NoOp, NoOp, NoOp, Push(N,N)];0
[NoOp, NoOp, NoOp, Push(N,N)];0
[NoOp, NoOp, NoOp, Push(N,N)];0
[NoOp, NoOp, NoOp, Push(N,N)];0
[NoOp, NoOp, NoOp, Push(N,N)];0
[NoOp, NoOp, NoOp, Push(N,N)];0
[NoOp, NoOp, NoOp, Push(N,N)];0
[NoOp, NoOp, NoOp, Push(N,W)];0
[NoOp, NoOp, NoOp, Push(W,W)];0
[NoOp, NoOp, NoOp, Push(W,W)];0
[NoOp, NoOp, NoOp, Push(W,W)];0
[NoOp, NoOp, NoOp, Push(W,N)];0
[NoOp, NoOp, NoOp, Push(N,N)];0
[NoOp, NoOp, NoOp, Push(N,N)];0
[NoOp, NoOp, NoOp, Push(N,W)];0
[NoOp, NoOp, NoOp, Push(W,W)];0
[NoOp, NoOp, NoOp, Push(W,W)];0
[NoOp, NoOp, NoOp, Push(W,W)];0
[NoOp, NoOp, NoOp, Push(W,W)];0
[NoOp, NoOp, NoOp, Push(W,W)];0
[NoOp, NoOp, NoOp, Push(W,W)];0
[NoOp, NoOp, NoOp, Push(W,W)];0
[NoOp, NoOp, NoOp, Push(W,W)];0
[NoOp, NoOp, NoOp, Push(W,W)];0
[NoOp, NoOp, NoOp, Push(W,W)];0
[NoOp, NoOp, NoOp, Push(W,S)];0
[NoOp, NoOp, NoOp, Push(S,S)];0
[NoOp, NoOp, NoOp, Push(S,S)];0
[NoOp, NoOp, NoOp, Push(S,S)];0
[NoOp, NoOp, NoOp, Push(S,S)];0
[NoOp, NoOp, NoOp, Push(S,S)];0
[NoOp, NoOp, NoOp, Push(S,S)];0
[NoOp, NoOp, NoOp, Push(S,S)];0
[NoOp, NoOp, NoOp, Push(S,S)];0
[NoOp, NoOp, NoOp, Push(S,S)];0
[NoOp, NoOp, NoOp, Push(S,S)];0
[NoOp, NoOp, NoOp, Push(S,S)];0
[NoOp, NoOp, NoOp, Push(S,S)];0
[NoOp, NoOp, NoOp, Push(S,S)];0
[NoOp, NoOp, NoOp, Push(S,S)];0
[NoOp, NoOp, NoOp, Push(S,S)];0
[NoOp, NoOp, NoOp, Push(S,W)];0
[NoOp, NoOp, NoOp, Push(W,W)];0
[NoOp, NoOp, NoOp, Push(W,N)];0
[NoOp, NoOp, NoOp, Push(N,N)];0
[NoOp, NoOp, NoOp, Push(N,N)];0
[NoOp, NoOp, NoOp, Push(N,N)];0
[NoOp, NoOp, NoOp, Push(N,N)];0
[NoOp, NoOp, NoOp, Push(N,N)];0
[NoOp, NoOp, NoOp, Push(N,N)];0
[NoOp, NoOp, NoOp, Push(N,N)];0
[NoOp, NoOp, NoOp, Push(N,N)];0
[NoOp, NoOp, NoOp, Push(N,N)];0
[NoOp, NoOp, NoOp, Push(N,N)];0
[NoOp, NoOp, NoOp, Push(N,N)];0
[NoOp, NoOp, NoOp, Push(N,N)];0
[NoOp, NoOp, NoOp, Push(N,N)];0
[NoOp, NoOp, NoOp, Push(N,N)];0
[NoOp, NoOp, NoOp, Push(N,N)];0
[NoOp, NoOp, NoOp, Push(N,N)];0
[NoOp, NoOp, NoOp, Push(N,N)];0
[NoOp, NoOp, NoOp, Push(N,E)];0
[NoOp, NoOp, NoOp, Push(E,E)];0
[NoOp, NoOp, NoOp, Push(E,E)];0
[NoOp, NoOp, NoOp, Push(E,E)];0
[NoOp, NoOp, NoOp, Push(E,E)];0
[NoOp, NoOp, NoOp, Push(E,E)];0
[NoOp, NoOp, NoOp, Push(E,E)];0
[NoOp, NoOp, NoOp, Push(E,E)];0
[NoOp, NoOp, NoOp, Push(E,E)];0
[NoOp, NoOp, NoOp, Push(E,E)];0
[NoOp, NoOp, NoOp, Push(E,E)];0
[NoOp, NoOp, NoOp, Push(E,E)];0
[NoOp, NoOp, NoOp, Push(E,E)];0
[NoOp, NoOp, NoOp, Push(E,E)];0
[NoOp, NoOp, NoOp, Push(E,E)];0
[NoOp, NoOp, NoOp, Push(E,E)];0
[NoOp, NoOp, NoOp, Push(E,E)];0
[NoOp, NoOp, NoOp, Push(E,E)];0
[NoOp, NoOp, NoOp, Push(E,E)];0
[NoOp, NoOp, NoOp, Push(E,E)];0
[NoOp, NoOp, NoOp, Push(E,E)];0
[NoOp, NoOp, NoOp, Push(E,E)];0
[NoOp, NoOp, NoOp, Push(E,E)];0
[NoOp, NoOp, NoOp, Push(E,E)];0
[NoOp, NoOp, NoOp, Push(E,E)];0
[NoOp, NoOp, NoOp, Push(E,E)];0
[NoOp, NoOp, NoOp, Push(E,E)];15
[NoOp, NoOp, NoOp, Push(E,E)];0
[NoOp, NoOp, NoOp, Push(E,E)];0
[NoOp, NoOp, NoOp, Push(E,E)];0
[NoOp, NoOp, NoOp, Push(E,E)];0
[NoOp, NoOp, NoOp, Push(E,E)];0
[NoOp, NoOp, NoOp, Push(E,E)];0
[NoOp, NoOp, NoOp, Push(E,E)];0
[NoOp, NoOp, NoOp, Push(E,S)];0
[NoOp, NoOp, NoOp, Push(S,S)];0
[NoOp, NoOp, NoOp, Push(S,S)];0
[NoOp, NoOp, NoOp, Push(S,S)];0
[NoOp, NoOp, NoOp, Push(S,W)];0
[NoOp, NoOp, NoOp, Push(W,W)];0
[NoOp, NoOp, NoOp, Push(W,W)];0
[NoOp, NoOp, NoOp, Push(W,W)];0
[NoOp, NoOp, NoOp, Push(W,S)];0
[NoOp, NoOp, NoOp, Push(S,S)];0
[NoOp, NoOp, NoOp, Push(S,S)];0
[NoOp, NoOp, NoOp, Push(S,S)];0
[NoOp, NoOp, NoOp, Push(S,S)];0
[NoOp, NoOp, NoOp, Push(S,S)];0
[NoOp, NoOp, NoOp, Push(S,S)];0
[NoOp, NoOp, NoOp, Push(S,S)];0
[NoOp, NoOp, NoOp, Push(S,E)];0
[NoOp, NoOp, NoOp, Push(E,E)];0
[NoOp, NoOp, NoOp, Push(E,N)];0
[NoOp, NoOp, NoOp, Push(N,N)];0
[NoOp, NoOp, NoOp, Push(N,N)];0
[NoOp, NoOp, NoOp, Move(S)];0
[NoOp, NoOp, NoOp, Move(S)];0
[NoOp, NoOp, NoOp, Move(W)];0
[NoOp, NoOp, NoOp, Move(W)];0
[NoOp, NoOp, NoOp, Move(N)];0
[NoOp, NoOp, NoOp, Move(N)];0
[NoOp, NoOp, NoOp, Move(N)];0
[NoOp, NoOp, NoOp, Move(N)];0
[NoOp, NoOp, NoOp, Move(N)];0
[NoOp, NoOp, NoOp, Move(N)];0
[NoOp, NoOp, NoOp, Move(N)];0
[NoOp, NoOp, NoOp, Move(N)];0
[NoOp, NoOp, NoOp, Move(E)];0
[NoOp, NoOp, NoOp, Move(E)];0
[NoOp, NoOp, NoOp, Move(E)];0
[NoOp, NoOp, NoOp, Move(E)];0
[NoOp, NoOp, NoOp, Move(N)];0
[NoOp, NoOp, NoOp, Move(N)];0
[NoOp, NoOp, NoOp, Move(N)];0
[NoOp, NoOp, NoOp, Move(N)];0
[NoOp, NoOp, NoOp, Move(W)];0
[NoOp, NoOp, NoOp, Move(W)];0
[NoOp, NoOp, NoOp, Move(W)];0
[NoOp, NoOp, NoOp, Move(W)];0
[NoOp, NoOp, NoOp, Move(W)];0
[NoOp, NoOp, NoOp, Move(W)];0
[NoOp, NoOp, NoOp, Move(W)];0
[NoOp, NoOp, NoOp, Move(W)];0
[NoOp, NoOp, NoOp, Move(W)];0
[NoOp, NoOp, NoOp, Move(W)];0
[NoOp, NoOp, NoOp, Move(W)];0
[NoOp, NoOp, NoOp, Move(W)];0
[NoOp, NoOp, NoOp, Move(W)];0
[NoOp, NoOp, NoOp, Move(W)];0
[NoOp, NoOp, NoOp, Move(W)];0
[NoOp, NoOp, NoOp, Move(W)];0
[NoOp, NoOp, NoOp, Move(W)];0
[NoOp, NoOp, NoOp, Move(W)];0
[NoOp, NoOp, NoOp, Move(W)];0
[NoOp, NoOp, NoOp, Move(W)];0
[NoOp, NoOp, NoOp, Move(W)];0
[NoOp, NoOp, NoOp, Move(W)];0
[NoOp, NoOp, NoOp, Move(W)];0
[NoOp, NoOp, NoOp, Move(W)];0
[NoOp, NoOp, NoOp, Move(W)];0
[NoOp, NoOp, NoOp, Move(W)];0
[NoOp, NoOp, NoOp, Move(W)];0
[NoOp, NoOp, NoOp, Move(W)];0
[NoOp, NoOp, NoOp, Move(W)];0
[NoOp, NoOp, NoOp, Move(W)];0
[NoOp, NoOp, NoOp, Move(W)];0
[NoOp, NoOp, NoOp, Move(W)];0
[NoOp, NoOp, NoOp, Move(W)];0
[NoOp, NoOp, NoOp, Move(W)];0
[NoOp, NoOp, NoOp, Move(S)];0
[NoOp, NoOp, NoOp, Move(S)];0
[NoOp, NoOp, NoOp, Move(S)];0
[NoOp, NoOp, NoOp, Move(S)];0
[NoOp, NoOp, NoOp, Move(S)];0
[NoOp, NoOp, NoOp, Move(S)];0
[NoOp, NoOp, NoOp, Move(S)];0
[NoOp, NoOp, NoOp, Move(S)];0
[NoOp, NoOp, NoOp, Move(S)];0
[NoOp, NoOp, NoOp, Move(S)];0
[NoOp, NoOp, NoOp, Move(S)];0
[NoOp, NoOp, NoOp, Move(S)];0
[NoOp, NoOp, NoOp, Move(S)];0
[NoOp, NoOp, NoOp, Move(S)];0
[NoOp, NoOp, NoOp, Move(S)];0
[NoOp, NoOp, NoOp, Move(S)];0
[NoOp, NoOp, NoOp, Move(S)];0
[NoOp, NoOp, NoOp, Move(S)];0
[NoOp, NoOp, NoOp, Move(E)];0
[NoOp, NoOp, NoOp, Move(E)];0
[NoOp, NoOp, NoOp, Move(N)];0
[NoOp, NoOp, NoOp, Move(N)];0
[NoOp, NoOp, NoOp, Move(N)];0
[NoOp, NoOp, NoOp, Move(N)];0
[NoOp, NoOp, NoOp, Move(N)];0
[NoOp, NoOp, NoOp, Move(N)];0
[NoOp, NoOp, NoOp, Move(N)];0
[NoOp, NoOp, NoOp, Move(N)];0
[NoOp, NoOp, NoOp, Move(E)];0
[NoOp, NoOp, NoOp, Move(N)];0
[NoOp, NoOp, NoOp, Move(N)];0
[NoOp, NoOp, NoOp, Move(N)];0
[NoOp, NoOp, NoOp, Move(E)];0
[NoOp, NoOp, NoOp, Move(N)];0
[NoOp, NoOp, NoOp, Move(E)];0
[NoOp, NoOp, NoOp, Move(E)];0
[NoOp, NoOp, NoOp, Move(E)];0
[NoOp, NoOp, NoOp, Move(E)];0
[NoOp, NoOp, NoOp, Move(N)];0
[NoOp, NoOp, NoOp, Move(E)];0
[NoOp, NoOp, NoOp, Move(N)];0
[NoOp, NoOp, NoOp, Move(N)];0
[NoOp, NoOp, NoOp, Move(N)];0
[NoOp, NoOp, NoOp, Move(E)];0
[NoOp, NoOp, NoOp, Move(E)];0
[NoOp, NoOp, NoOp, Move(E)];0
[NoOp, NoOp, NoOp, Move(E)];0
[NoOp, NoOp, NoOp, Move(S)];0
[NoOp, NoOp, NoOp, Move(S)];0
[NoOp, NoOp, NoOp, Move(S)];0
[NoOp, NoOp, NoOp, Move(S)];0
[NoOp, NoOp, NoOp, Move(S)];0
[NoOp, NoOp, NoOp, Move(S)];0
[NoOp, NoOp, NoOp, Move(S)];0
[NoOp, NoOp, NoOp, Move(S)];0
[NoOp, NoOp, NoOp, Move(E)];0
[NoOp, NoOp, NoOp, Move(S)];0
[NoOp, NoOp, NoOp, Move(S)];0
[NoOp, NoOp, NoOp, Move(E)];0
[NoOp, NoOp, NoOp, Move(S)];0
[NoOp, NoOp, NoOp, Move(E)];0
[NoOp, NoOp, NoOp, Move(S)];0
[NoOp, NoOp, NoOp, Move(S)];0
[NoOp, NoOp, NoOp, Move(E)];0
[NoOp, NoOp, NoOp, Move(S)];0
[NoOp, NoOp, NoOp, Move(S)];0
[NoOp, NoOp, NoOp, Move(E)];0
[NoOp, NoOp, NoOp, Move(E)];0
[NoOp, NoOp, NoOp, Move(E)];0
[NoOp, NoOp, NoOp, Move(E)];0
[NoOp, NoOp, NoOp, Move(E)];0
[NoOp, NoOp, NoOp, Move(E)];0
[NoOp, NoOp, NoOp, Move(E)];0
[NoOp, NoOp, NoOp, Move(E)];0
[NoOp, NoOp, NoOp, Move(E)];0
[NoOp, NoOp, NoOp, Move(E)];0
[NoOp, NoOp, NoOp, Move(E)];0
[NoOp, NoOp, NoOp, Move(E)];0
[NoOp, NoOp, NoOp, Move(E)];0
[NoOp, NoOp, NoOp, Move(E)];0
[NoOp, NoOp, NoOp, Move(E)];0
[NoOp, NoOp, NoOp, Move(E)];0
[NoOp, NoOp, NoOp, Move(E)];0
[NoOp, NoOp, NoOp, Move(E)];0
[NoOp, NoOp, NoOp, Move(E)];0
[NoOp, NoOp, NoOp, Move(E)];0
[NoOp, NoOp, NoOp, Pull(W,S)];0
[NoOp, NoOp, NoOp, Pull(W,E)];0
[NoOp, NoOp, NoOp, Pull(W,E)];0
[NoOp, NoOp, NoOp, Pull(W,E)];0
[NoOp, NoOp, NoOp, Pull(W,E)];0
[NoOp, NoOp, NoOp, Pull(W,E)];0
[NoOp, NoOp, NoOp, Pull(W,E)];0
[NoOp, NoOp, NoOp, Pull(W,E)];0
[NoOp, NoOp, NoOp, Pull(N,E)];0
[NoOp, NoOp, NoOp, Pull(W,S)];0
[NoOp, NoOp, NoOp, Pull(W,E)];0
[NoOp, NoOp, NoOp, Pull(W,E)];0
[NoOp, NoOp, NoOp, Pull(W,E)];0
[NoOp, NoOp, NoOp, Pull(W,E)];0
[NoOp, NoOp, NoOp, Pull(W,E)];0
[NoOp, NoOp, NoOp, Pull(W,E)];0
[NoOp, NoOp, NoOp, Pull(W,E)];0
[NoOp, NoOp, NoOp, Pull(N,E)];0
[NoOp, NoOp, NoOp, Pull(N,S)];0
[NoOp, NoOp, NoOp, Pull(N,S)];0
[NoOp, NoOp, NoOp, Pull(W,S)];0
[NoOp, NoOp, NoOp, Pull(W,E)];0
[NoOp, NoOp, NoOp, Pull(W,E)];0
[NoOp, NoOp, NoOp, Pull(N,E)];0
[NoOp, NoOp, NoOp, Pull(N,S)];0
[NoOp, NoOp, NoOp, Pull(N,S)];0
[NoOp, NoOp, NoOp, Pull(N,S)];0
[NoOp, NoOp, NoOp, Pull(N,S)];0
[NoOp, NoOp, NoOp, Pull(N,S)];0
[NoOp, NoOp, NoOp, Pull(N,S)];0
[NoOp, NoOp, NoOp, Pull(N,S)];0
[NoOp, NoOp, NoOp, Pull(W,S)];0
[NoOp, NoOp, NoOp, Pull(N,E)];0
[NoOp, NoOp, NoOp, Pull(N,S)];0
[NoOp, NoOp, NoOp, Pull(N,S)];0
[NoOp, NoOp, NoOp, Pull(W,S)];0
[NoOp, NoOp, NoOp, Pull(W,E)];0
[NoOp, NoOp, NoOp, Pull(W,E)];0
[NoOp, NoOp, NoOp, Pull(W,E)];0
[NoOp, NoOp, NoOp, Pull(W,E)];0
[NoOp, NoOp, NoOp, Pull(W,E)];0
[NoOp, NoOp, NoOp, Pull(W,E)];0
[NoOp, NoOp, NoOp, Pull(W,E)];0
[NoOp, NoOp, NoOp, Pull(W,E)];0
[NoOp, NoOp, NoOp, Pull(W,E)];0
[NoOp, NoOp, NoOp, Pull(W,E)];0
[NoOp, NoOp, NoOp, Pull(W,E)];0
[NoOp, NoOp, NoOp, Pull(S,E)];0
[NoOp, NoOp, NoOp, Pull(S,N)];0
[NoOp, NoOp, NoOp, Pull(S,N)];0
[NoOp, NoOp, NoOp, Pull(S,N)];0
[NoOp, NoOp, NoOp, Pull(S,N)];0
[NoOp, NoOp, NoOp, Pull(S,N)];0
[NoOp, NoOp, NoOp, Pull(W,N)];0
[NoOp, NoOp, NoOp, Pull(W,E)];0
[NoOp, NoOp, NoOp, Pull(W,E)];0
[NoOp, NoOp, NoOp, Pull(S,E)];0
[NoOp, NoOp, NoOp, Pull(S,N)];0
[NoOp, NoOp, NoOp, Pull(S,N)];0
[NoOp, NoOp, NoOp, Pull(E,N)];0
[NoOp, NoOp, NoOp, Push(W,S)];0
[NoOp, NoOp, NoOp, Push(S,S)];0
[NoOp, NoOp, NoOp, Push(S,S)];0
[NoOp, NoOp, NoOp, Push(S,S)];0
[NoOp, NoOp, NoOp, Push(S,S)];0
[NoOp, NoOp, NoOp, Push(S,S)];0
[NoOp, NoOp, NoOp, Push(S,S)];0
[NoOp, NoOp, NoOp, Push(S,W)];0
[NoOp, NoOp, NoOp, Push(W,W)];0
[NoOp, NoOp, NoOp, Push(W,N)];0
[NoOp, NoOp, NoOp, Push(N,N)];0
[NoOp, NoOp, NoOp, Push(N,N)];0
[NoOp, NoOp, NoOp, Push(N,N)];0
[NoOp, NoOp, NoOp, Push(N,N)];0
[NoOp, NoOp, NoOp, Push(N,N)];0
[NoOp, NoOp, NoOp, Push(N,N)];0
[NoOp, NoOp, NoOp, Push(N,N)];0
[NoOp, NoOp, NoOp, Push(N,N)];0
[NoOp, NoOp, NoOp, Push(N,N)];0
[NoOp, NoOp, NoOp, Push(N,N)];0
[NoOp, NoOp, NoOp, Push(N,N)];0
[NoOp, NoOp, NoOp, Push(N,N)];0
[NoOp, NoOp, NoOp, Push(N,N)];0
[NoOp, NoOp, NoOp, Push(N,N)];0
[NoOp, NoOp, NoOp, Push(N,N)];0
[NoOp, NoOp, NoOp, Push(N,N)];0
[NoOp, NoOp, NoOp, Push(N,N)];0
[NoOp, NoOp, NoOp, Push(N,E)];0
[NoOp, NoOp, NoOp, Push(E,E)];0
[NoOp, NoOp, NoOp, Push(E,E)];0
[NoOp, NoOp, NoOp, Push(E,E)];0
[NoOp, NoOp, NoOp, Push(E,E)];0
[NoOp, NoOp, NoOp, Push(E,E)];0
[NoOp, NoOp, NoOp, Push(E,E)];0
[NoOp, NoOp, NoOp, Push(E,E)];0
[NoOp, NoOp, NoOp, Push(E,E)];0
[NoOp, NoOp, NoOp, Push(E,E)];0
[NoOp, NoOp, NoOp, Push(E,E)];0
[NoOp, NoOp, NoOp, Push(E,E)];0
[NoOp, NoOp, NoOp, Push(E,E)];0
[NoOp, NoOp, NoOp, Push(E,E)];0
[NoOp, NoOp, NoOp, Push(E,E)];0
[NoOp, NoOp, NoOp, Push(E,E)];0
[NoOp, NoOp, NoOp, Push(E,E)];0
[NoOp, NoOp, NoOp, Push(E,E)];0
[NoOp, NoOp, NoOp, Push(E,E)];0
[NoOp, NoOp, NoOp, Push(E,E)];0
[NoOp, NoOp, NoOp, Push(E,E)];0
[NoOp, NoOp, NoOp, Push(E,E)];0
[NoOp, NoOp, NoOp, Push(E,E)];0
[NoOp, NoOp, NoOp, Push(E,E)];0
[NoOp, NoOp, NoOp, Push(E,E)];0
[NoOp, NoOp, NoOp, Push(E,E)];0
[NoOp, NoOp, NoOp, Push(E,E)];0
[NoOp, NoOp, NoOp, Push(E,E)];0
[NoOp, NoOp, NoOp, Push(E,E)];0
[NoOp, NoOp, NoOp, Push(E,E)];0
[NoOp, NoOp, NoOp, Push(E,E)];0
[NoOp, NoOp, NoOp, Push(E,E)];0
[NoOp, NoOp, NoOp, Push(E,E)];0
[NoOp, NoOp, NoOp, Push(E,E)];0
[NoOp, NoOp, NoOp, Push(E,S)];0
[NoOp, NoOp, NoOp, Push(S,S)];0
[NoOp, NoOp, NoOp, Push(S,S)];0
[NoOp, NoOp, NoOp, Push(S,S)];0
[NoOp, NoOp, NoOp, Push(S,W)];0
[NoOp, NoOp, NoOp, Push(W,W)];0
[NoOp, NoOp, NoOp, Push(W,W)];0
[NoOp, NoOp, NoOp, Push(W,W)];0
[NoOp, NoOp, NoOp, Push(W,S)];0
[NoOp, NoOp, NoOp, Push(S,S)];0
[NoOp, NoOp, NoOp, Push(S,S)];0
[NoOp, NoOp, NoOp, Push(S,S)];0
[NoOp, NoOp, NoOp, Push(S,S)];0
[NoOp, NoOp, NoOp, Push(S,S)];0
[NoOp, NoOp, NoOp, Push(S,S)];0
[NoOp, NoOp, NoOp, Push(S,S)];0
[NoOp, NoOp, NoOp, Push(S,E)];0
[NoOp, NoOp, NoOp, Push(E,E)];0
[NoOp, NoOp, NoOp, Push(E,N)];0
[NoOp, NoOp, NoOp, Push(N,N)];0
[NoOp, NoOp, NoOp, Move(S)];0
[NoOp, NoOp, NoOp, Move(W)];0
[NoOp, NoOp, NoOp, Move(W)];0
[NoOp, NoOp, NoOp, Move(N)];0
[NoOp, NoOp, NoOp, Move(N)];0
[NoOp, NoOp, NoOp, Move(N)];0
[NoOp, NoOp, NoOp, Move(N)];0
[NoOp, NoOp, NoOp, Move(N)];0
[NoOp, NoOp, NoOp, Move(N)];0
[NoOp, NoOp, NoOp, Move(N)];0
[NoOp, NoOp, NoOp, Move(N)];0
[NoOp, NoOp, NoOp, Move(E)];0
[NoOp, NoOp, NoOp, Move(E)];0
[NoOp, NoOp, NoOp, Move(E)];0
[NoOp, NoOp, NoOp, Move(E)];0
[NoOp, NoOp, NoOp, Move(N)];0
[NoOp, NoOp, NoOp, Move(N)];0
[NoOp, NoOp, NoOp, Move(N)];0
[NoOp, NoOp, NoOp, Move(N)];0
[NoOp, NoOp, NoOp, Move(W)];0
[NoOp, NoOp, NoOp, Move(W)];0
[NoOp, NoOp, NoOp, Move(W)];0
[NoOp, NoOp, NoOp, Move(W)];0
[NoOp, NoOp, NoOp, Move(W)];0
[NoOp, NoOp, NoOp, Move(W)];0
[NoOp, NoOp, NoOp, Move(W)];0
[NoOp, NoOp, NoOp, Move(W)];0
[NoOp, NoOp, NoOp, Move(W)];0
[NoOp, NoOp, NoOp, Move(W)];0
[NoOp, NoOp, NoOp, Move(W)];0
[NoOp, NoOp, NoOp, Move(W)];0
[NoOp, NoOp, NoOp, Move(W)];0
[NoOp, NoOp, NoOp, Move(W)];0
[NoOp, NoOp, NoOp, Move(W)];0
[NoOp, NoOp, NoOp, Move(W)];0
[NoOp, NoOp, NoOp, Move(W)];0
[NoOp, NoOp, NoOp, Move(W)];0
[NoOp, NoOp, NoOp, Move(W)];0
[NoOp, NoOp, NoOp, Move(W)];0
[NoOp, NoOp, NoOp, Move(W)];0
[NoOp, NoOp, NoOp, Move(W)];0
[NoOp, NoOp, NoOp, Move(W)];0
[NoOp, NoOp, NoOp, Move(W)];0
[NoOp, NoOp, NoOp, Move(W)];0
[NoOp, NoOp, NoOp, Move(W)];0
[NoOp, NoOp, NoOp, Move(W)];0
[NoOp, NoOp, NoOp, Move(W)];0
[NoOp, NoOp, NoOp, Move(W)];0
[NoOp, NoOp, NoOp, Move(W)];0
[NoOp, NoOp, NoOp, Move(W)];0
[NoOp, NoOp, NoOp, Move(W)];0
[NoOp, NoOp, NoOp, Move(W)];0
[NoOp, NoOp, NoOp, Move(W)];0
[NoOp, NoOp, NoOp, Move(S)];0
[NoOp, NoOp, NoOp, Move(S)];0
[NoOp, NoOp, NoOp, Move(S)];0
[NoOp, NoOp, NoOp, Move(S)];0
[NoOp, NoOp, NoOp, Move(S)];0
[NoOp, NoOp, NoOp, Move(S)];0
[NoOp, NoOp, NoOp, Move(S)];0
[NoOp, NoOp, NoOp, Move(S)];0
[NoOp, NoOp, NoOp, Move(S)];0
[NoOp, NoOp, NoOp, Move(S)];0
[NoOp, NoOp, NoOp, Move(S)];0
[NoOp, NoOp, NoOp, Move(S)];0
[NoOp, NoOp, NoOp, Move(S)];0
[NoOp, NoOp, NoOp, Move(S)];0
[NoOp, NoOp, NoOp, Move(S)];0
[NoOp, NoOp, NoOp, Move(S)];0
[NoOp, NoOp, NoOp, Move(S)];0
[NoOp, NoOp, NoOp, Move(S)];0
[NoOp, NoOp, NoOp, Move(E)];0
[NoOp, NoOp, NoOp, Move(E)];0
[NoOp, NoOp, NoOp, Move(N)];0
[NoOp, NoOp, NoOp, Move(N)];0
[NoOp, NoOp, NoOp, Move(N)];0
[NoOp, NoOp, NoOp, Move(N)];0
[NoOp, NoOp, NoOp, Move(N)];0
[NoOp, NoOp, NoOp, Move(N)];0
[NoOp, NoOp, NoOp, Move(N)];0
[NoOp, NoOp, NoOp, Move(N)];0
[NoOp, NoOp, NoOp, Move(E)];0
[NoOp, NoOp, NoOp, Move(N)];0
[NoOp, NoOp, NoOp, Move(N)];0
[NoOp, NoOp, NoOp, Move(N)];0
[NoOp, NoOp, NoOp, Move(E)];0
[NoOp, NoOp, NoOp, Move(N)];0
[NoOp, NoOp, NoOp, Move(E)];0
[NoOp, NoOp, NoOp, Move(E)];0
[NoOp, NoOp, NoOp, Move(E)];0
[NoOp, NoOp, NoOp, Move(E)];0
[NoOp, NoOp, NoOp, Move(N)];0
[NoOp, NoOp, NoOp, Move(E)];0
[NoOp, NoOp, NoOp, Move(N)];0
[NoOp, NoOp, NoOp, Move(N)];0
[NoOp, NoOp, NoOp, Move(N)];0
[NoOp, NoOp, NoOp, Move(E)];0
[NoOp, NoOp, NoOp, Move(E)];0
[NoOp, NoOp, NoOp, Move(E)];0
[NoOp, NoOp, NoOp, Move(E)];0
[NoOp, NoOp, NoOp, Move(S)];0
[NoOp, NoOp, NoOp, Move(S)];0
[NoOp, NoOp, NoOp, Move(S)];0
[NoOp, NoOp, NoOp, Move(S)];0
[NoOp, NoOp, NoOp, Move(S)];0
[NoOp, NoOp, NoOp, Move(S)];0
[NoOp, NoOp, NoOp, Move(S)];0
[NoOp, NoOp, NoOp, Move(S)];0
[NoOp, NoOp, NoOp, Move(E)];0
[NoOp, NoOp, NoOp, Move(S)];0
[NoOp, NoOp, NoOp, Move(S)];0
[NoOp, NoOp, NoOp, Move(E)];0
[NoOp, NoOp, NoOp, Move(S)];0
[NoOp, NoOp, NoOp, Move(E)];0
[NoOp, NoOp, NoOp, Move(S)];0
[NoOp, NoOp, NoOp, Move(S)];0
[NoOp, NoOp, NoOp, Move(E)];0
[NoOp, NoOp, NoOp, Move(S)];0
[NoOp, NoOp, NoOp, Move(S)];0
[NoOp, NoOp, NoOp, Move(E)];0
[NoOp, NoOp, NoOp, Move(E)];0
[NoOp, NoOp, NoOp, Move(E)];0
[NoOp, NoOp, NoOp, Move(E)];0
[NoOp, NoOp, NoOp, Move(E)];0
[NoOp, NoOp, NoOp, Move(E)];0
[NoOp, NoOp, NoOp, Move(E)];0
[NoOp, NoOp, NoOp, Move(E)];0
[NoOp, NoOp, NoOp, Move(E)];0
[NoOp, NoOp, NoOp, Move(E)];0
[NoOp, NoOp, NoOp, Move(E)];0
[NoOp, NoOp, NoOp, Move(E)];0
[NoOp, NoOp, NoOp, Move(E)];0
[NoOp, NoOp, NoOp, Move(E)];0
[NoOp, NoOp, NoOp, Move(E)];0
[NoOp, NoOp, NoOp, Move(E)];0
[NoOp, NoOp, NoOp, Move(E)];0
[NoOp, NoOp, NoOp, Move(E)];0
[NoOp, NoOp, NoOp, Move(E)];0
[NoOp, NoOp, NoOp, Move(E)];0
[NoOp, NoOp, NoOp, Move(S)];0
[NoOp, NoOp, NoOp, Pull(W,E)];0
[NoOp, NoOp, NoOp, Pull(W,E)];0
[NoOp, NoOp, NoOp, Pull(W,E)];0
[NoOp, NoOp, NoOp, Pull(W,E)];0
[NoOp, NoOp, NoOp, Pull(N,E)];0
[NoOp, NoOp, NoOp, Pull(W,S)];0
[NoOp, NoOp, NoOp, Pull(S,E)];0
[NoOp, NoOp, NoOp, Push(N,N)];0
[NoOp, NoOp, NoOp, Push(N,W)];0
[NoOp, NoOp, NoOp, Push(W,W)];0
[NoOp, NoOp, NoOp, Push(W,W)];0
[NoOp, NoOp, NoOp, Push(W,W)];0
[NoOp, NoOp, NoOp, Push(W,W)];0
[NoOp, NoOp, NoOp, Push(W,W)];0
[NoOp, NoOp, NoOp, Push(W,W)];0
[NoOp, NoOp, NoOp, Push(W,W)];0
[NoOp, NoOp, NoOp, Push(W,W)];0
[NoOp, NoOp, NoOp, Push(W,W)];0
[NoOp, NoOp, NoOp, Push(W,W)];0
[NoOp, NoOp, NoOp, Push(W,W)];0
[NoOp, NoOp, NoOp, Push(W,W)];0
[NoOp, NoOp, NoOp, Push(W,W)];0
[NoOp, NoOp, NoOp, Push(W,W)];0
[NoOp, NoOp, NoOp, Push(W,W)];0
[NoOp, NoOp, NoOp, Push(W,N)];0
[NoOp, NoOp, NoOp, Push(N,N)];0
[NoOp, NoOp, NoOp, Push(N,N)];0
[NoOp, NoOp, NoOp, Push(N,N)];0
[NoOp, NoOp, NoOp, Push(N,N)];0
[NoOp, NoOp, NoOp, Push(N,N)];0
[NoOp, NoOp, NoOp, Push(N,N)];0
[NoOp, NoOp, NoOp, Push(N,N)];0
[NoOp, NoOp, NoOp, Push(N,N)];0
[NoOp, NoOp, NoOp, Push(N,N)];0
[NoOp, NoOp, NoOp, Push(N,W)];0
[NoOp, NoOp, NoOp, Push(W,W)];0
[NoOp, NoOp, NoOp, Push(W,W)];0
[NoOp, NoOp, NoOp, Push(W,W)];0
[NoOp, NoOp, NoOp, Push(W,N)];0
[NoOp, NoOp, NoOp, Push(N,N)];0
[NoOp, NoOp, NoOp, Push(N,N)];0
[NoOp, NoOp, NoOp, Push(N,N)];0
[NoOp, NoOp, NoOp, Push(N,W)];0
[NoOp, NoOp, NoOp, Push(W,W)];0
[NoOp, NoOp, NoOp, Push(W,W)];0
[NoOp, NoOp, NoOp, Push(W,W)];0
[NoOp, NoOp, NoOp, Push(W,W)];0
[NoOp, NoOp, NoOp, Push(W,W)];0
[NoOp, NoOp, NoOp, Push(W,W)];0
[NoOp, NoOp, NoOp, Push(W,W)];0
[NoOp, NoOp, NoOp, Push(W,W)];0
[NoOp, NoOp, NoOp, Push(W,W)];0
[NoOp, NoOp, NoOp, Push(W,S)];0
[NoOp, NoOp, NoOp, Push(S,S)];0
[NoOp, NoOp, NoOp, Push(S,S)];0
[NoOp, NoOp, NoOp, Push(S,S)];0
[NoOp, NoOp, NoOp, Push(S,S)];0
[NoOp, NoOp, NoOp, Push(S,S)];0
[NoOp, NoOp, NoOp, Push(S,S)];0
[NoOp, NoOp, NoOp, Push(S,S)];0
[NoOp, NoOp, NoOp, Push(S,S)];0
[NoOp, NoOp, NoOp, Push(S,S)];0
[NoOp, NoOp, NoOp, Push(S,S)];0
[NoOp, NoOp, NoOp, Push(S,S)];0
[NoOp, NoOp, NoOp, Push(S,S)];0
[NoOp, NoOp, NoOp, Push(S,S)];0
[NoOp, NoOp, NoOp, Push(S,S)];0
[NoOp, NoOp, NoOp, Push(S,S)];0
[NoOp, NoOp, NoOp, Push(S,W)];0
[NoOp, NoOp, NoOp, Push(W,W)];0
[NoOp, NoOp, NoOp, Push(W,N)];0
[NoOp, NoOp, NoOp, Push(N,N)];0
[NoOp, NoOp, NoOp, Push(N,N)];0
[NoOp, NoOp, NoOp, Push(N,N)];0
[NoOp, NoOp, NoOp, Push(N,N)];0
[NoOp, NoOp, NoOp, Push(N,N)];0
[NoOp, NoOp, NoOp, Push(N,N)];0
[NoOp, NoOp, NoOp, Push(N,N)];0
[NoOp, NoOp, NoOp, Push(N,N)];0
[NoOp, NoOp, NoOp, Push(N,N)];0
[NoOp, NoOp, NoOp, Push(N,N)];0
[NoOp, NoOp, NoOp, Push(N,N)];0
[NoOp, NoOp, NoOp, Push(N,N)];0
[NoOp, NoOp, NoOp, Push(N,N)];0
[NoOp, NoOp, NoOp, Push(N,N)];0
[NoOp, NoOp, NoOp, Push(N,N)];16
[NoOp, NoOp, NoOp, Push(N,N)];0
[NoOp, NoOp, NoOp, Push(N,N)];0
[NoOp, NoOp, NoOp, Push(N,E)];0
[NoOp, NoOp, NoOp, Push(E,E)];0
[NoOp, NoOp, NoOp, Push(E,E)];0
[NoOp, NoOp, NoOp, Push(E,E)];0
[NoOp, NoOp, NoOp, Push(E,E)];0
[NoOp, NoOp, NoOp, Push(E,E)];0
[NoOp, NoOp, NoOp, Push(E,E)];0
[NoOp, NoOp, NoOp, Push(E,E)];0
[NoOp, NoOp, NoOp, Push(E,E)];0
[NoOp, NoOp, NoOp, Push(E,E)];1
[NoOp, NoOp, NoOp, Push(E,E)];0
[NoOp, NoOp, NoOp, Push(E,E)];0
[NoOp, NoOp, NoOp, Push(E,E)];0
[NoOp, NoOp, NoOp, Push(E,E)];0
[NoOp, NoOp, NoOp, Push(E,E)];0
[NoOp, NoOp, NoOp, Push(E,E)];0
[NoOp, NoOp, NoOp, Push(E,E)];0
[NoOp, NoOp, NoOp, Push(E,E)];0
[NoOp, NoOp, NoOp, Push(E,E)];0
[NoOp, NoOp, NoOp, Push(E,E)];0
[NoOp, NoOp, NoOp, Push(E,E)];0
[NoOp, NoOp, NoOp, Push(E,E)];0
[NoOp, NoOp, NoOp, Push(E,E)];0
[NoOp, NoOp, NoOp, Push(E,E)];0
[NoOp, NoOp, NoOp, Push(E,E)];0
[NoOp, NoOp, NoOp, Push(E,E)];0
[NoOp, NoOp, NoOp, Push(E,E)];0
[NoOp, NoOp, NoOp, Push(E,E)];0
[NoOp, NoOp, NoOp, Push(E,E)];0
[NoOp, NoOp, NoOp, Push(E,E)];0
[NoOp, NoOp, NoOp, Push(E,E)];0
[NoOp, NoOp, NoOp, Push(E,E)];0
[NoOp, NoOp, NoOp, Push(E,E)];0
[NoOp, NoOp, NoOp, Push(E,E)];0
[NoOp, NoOp, NoOp, Push(E,S)];0
[NoOp, NoOp, NoOp, Push(S,S)];0
[NoOp, NoOp, NoOp, Push(S,S)];0
[NoOp, NoOp, NoOp, Push(S,S)];0
[NoOp, NoOp, NoOp, Push(S,W)];0
[NoOp, NoOp, NoOp, Push(W,W)];0
[NoOp, NoOp, NoOp, Push(W,W)];0
[NoOp, NoOp, NoOp, Push(W,W)];0
[NoOp, NoOp, NoOp, Push(W,S)];0
[NoOp, NoOp, NoOp, Push(S,S)];0
[NoOp, NoOp, NoOp, Push(S,S)];1
[NoOp, NoOp, NoOp, Push(S,S)];0
[NoOp, NoOp, NoOp, Push(S,S)];0
[NoOp, NoOp, NoOp, Push(S,S)];0
[NoOp, NoOp, NoOp, Push(S,S)];0
[NoOp, NoOp, NoOp, Push(S,S)];0
[NoOp, NoOp, NoOp, Push(S,E)];0
[NoOp, NoOp, NoOp, Push(E,E)];0
[NoOp, NoOp, NoOp, Push(E,N)];0
b8f8c643bd45d2b30fa2d104aa923fbfdb3fa04a
successful
2073
1563
e8d0955436be06a9d7a0208d55897ab6c965a50c
1495014751468
