red: 0,A
cyan: 1,C
yellow: 2,B
blue: 3,D
magenta: 4,M
orange: 5,I
pink: 6,N
green: 7,J
+++++++++++++++++
+ +1+ +3+ +5+n+7+
+ + + + + + + + +
+ + + + + + + + +++
+0AC B D M I N J a+
+ + + + + + + + +++
+ + + + + + + + +
+ + +2+ +4+ +6+c+
+++++++++++++++++

[NoOp, Move(S), NoOp, NoOp, NoOp, NoOp, Move(N), NoOp];472
[NoOp, Move(S), NoOp, NoOp, NoOp, NoOp, Move(N), NoOp];1
[NoOp, Pull(N,S), NoOp, NoOp, NoOp, NoOp, Push(N,N), NoOp];0
[NoOp, Pull(N,S), NoOp, NoOp, NoOp, NoOp, Push(N,N), NoOp];0
[NoOp, NoOp, NoOp, NoOp, NoOp, NoOp, Push(N,N), NoOp];0
[Push(E,E), NoOp, NoOp, NoOp, NoOp, NoOp, NoOp, NoOp];0
[Push(E,E), NoOp, NoOp, NoOp, NoOp, NoOp, NoOp, NoOp];1
[NoOp, NoOp, Move(N), NoOp, NoOp, NoOp, NoOp, NoOp];0
[NoOp, NoOp, Move(N), NoOp, NoOp, NoOp, NoOp, NoOp];0
[NoOp, NoOp, Pull(S,N), NoOp, NoOp, NoOp, NoOp, NoOp];0
[NoOp, NoOp, NoOp, NoOp, NoOp, NoOp, NoOp, NoOp];0
[Push(E,E), NoOp, NoOp, NoOp, NoOp, NoOp, NoOp, NoOp];0
[Push(E,E), NoOp, NoOp, NoOp, NoOp, NoOp, NoOp, NoOp];1
[NoOp, NoOp, NoOp, Move(S), NoOp, NoOp, NoOp, NoOp];0
[NoOp, NoOp, NoOp, Move(S), NoOp, NoOp, NoOp, NoOp];0
[NoOp, NoOp, NoOp, Pull(N,S), NoOp, NoOp, NoOp, NoOp];0
[NoOp, NoOp, NoOp, Pull(N,S), NoOp, NoOp, NoOp, NoOp];0
[NoOp, NoOp, NoOp, NoOp, NoOp, NoOp, NoOp, NoOp];0
[Push(E,E), NoOp, NoOp, NoOp, NoOp, NoOp, NoOp, NoOp];0
[Push(E,E), NoOp, NoOp, NoOp, NoOp, NoOp, NoOp, NoOp];0
[NoOp, Push(S,S), NoOp, NoOp, Move(N), NoOp, NoOp, NoOp];1
[NoOp, Push(S,S), NoOp, NoOp, Move(N), NoOp, NoOp, NoOp];0
[NoOp, Push(S,E), NoOp, NoOp, Pull(S,N), NoOp, NoOp, NoOp];0
[NoOp, Push(E,E), NoOp, NoOp, NoOp, NoOp, NoOp, NoOp];0
[Push(E,E), Push(E,E), NoOp, NoOp, NoOp, NoOp, NoOp, NoOp];0
[Push(E,E), Push(E,E), NoOp, NoOp, NoOp, NoOp, NoOp, NoOp];0
[NoOp, Push(E,E), NoOp, NoOp, NoOp, Move(S), NoOp, NoOp];0
[NoOp, NoOp, NoOp, NoOp, NoOp, Move(S), NoOp, NoOp];1
[NoOp, NoOp, NoOp, NoOp, NoOp, Pull(N,S), NoOp, NoOp];0
[NoOp, NoOp, NoOp, NoOp, NoOp, Pull(N,S), NoOp, NoOp];0
[NoOp, NoOp, NoOp, NoOp, NoOp, NoOp, NoOp, NoOp];0
[Push(E,E), NoOp, NoOp, NoOp, NoOp, NoOp, NoOp, NoOp];0
[Push(E,E), NoOp, NoOp, NoOp, NoOp, NoOp, NoOp, NoOp];0
[Push(E,E), Push(E,E), NoOp, NoOp, NoOp, NoOp, NoOp, NoOp];0
[Push(E,E), Push(E,E), NoOp, NoOp, NoOp, NoOp, NoOp, NoOp];0
[NoOp, Push(E,E), NoOp, NoOp, NoOp, NoOp, NoOp, Move(S)];0
[NoOp, Push(E,E), NoOp, NoOp, NoOp, NoOp, NoOp, Move(S)];0
[NoOp, NoOp, NoOp, NoOp, NoOp, NoOp, NoOp, Pull(N,S)];0
[NoOp, NoOp, NoOp, NoOp, NoOp, NoOp, NoOp, Pull(N,S)];0
[NoOp, NoOp, NoOp, NoOp, NoOp, NoOp, NoOp, NoOp];0
[Push(E,E), NoOp, NoOp, NoOp, NoOp, NoOp, NoOp, NoOp];0
[Push(E,E), NoOp, NoOp, NoOp, NoOp, NoOp, NoOp, NoOp];1
[Push(E,E), NoOp, NoOp, NoOp, NoOp, NoOp, NoOp, NoOp];0
[NoOp, Push(E,E), NoOp, NoOp, NoOp, NoOp, NoOp, NoOp];0
[NoOp, Push(E,E), NoOp, NoOp, NoOp, NoOp, NoOp, NoOp];0
[NoOp, Push(E,E), NoOp, NoOp, NoOp, NoOp, NoOp, NoOp];0
[NoOp, Push(E,S), NoOp, NoOp, NoOp, NoOp, NoOp, NoOp];0
[NoOp, Push(S,S), NoOp, NoOp, NoOp, NoOp, NoOp, NoOp];0
[NoOp, Push(S,S), NoOp, NoOp, NoOp, NoOp, NoOp, NoOp];0
7c1f45a0600593fa6854169a8f8842953b0f2b53
successful
478
49
f59f374b5e17f6efb68df3234e3f2c2dfbac052b
1495014847149
