++++++++++++++++++++++
+g A +i+h+ E  +P    p+
++     +      a      +
++0    c  F  +++    I+
++G    +B     b  Y  ++
+f   X +S     + H   e+
+++ ++++++z+++++++ +++
+x  p+s      F+w     +
++  +++++         W  +
+P A +ZC    f + WWS A+
++++++++++ +++++++++++
       ++   ++
       ++   ++
      ++++ ++++
       ++   ++
        ++ ++
        ++ ++
    +++++ L +++++
    ++H + l + M++
    ++ V+   +D ++
    +++++++++++++

[Pull(N,S)];634
[Pull(E,S)];0
[Push(N,W)];0
[Pull(E,W)];0
[Pull(S,W)];0
[Move(W)];0
[Push(W,N)];1
[Push(N,W)];0
[Move(E)];0
[Push(E,S)];0
[Push(S,W)];0
[Move(E)];0
[Move(E)];0
[Move(S)];0
[Move(E)];0
[Move(E)];0
[Move(E)];0
[Pull(N,E)];0
[Push(S,W)];0
[Push(W,W)];0
[Push(W,W)];0
[Push(W,W)];1
[Push(W,W)];0
[Push(W,W)];0
[Push(W,W)];0
[Push(W,S)];1
[Push(S,S)];0
[Push(S,W)];0
[Move(E)];0
[Move(S)];0
[Move(S)];0
[Move(S)];0
[Push(S,E)];0
[Pull(W,E)];0
[Pull(N,W)];0
[Pull(N,S)];0
[Pull(W,S)];0
[Push(E,E)];0
[Push(E,E)];0
[Move(N)];0
[Move(N)];0
[Move(E)];0
[Pull(N,E)];0
[Push(S,W)];0
[Push(W,S)];0
[Push(S,S)];0
[Push(S,W)];1
[Push(W,W)];0
[Move(E)];0
[Move(N)];1
[Move(N)];0
[Move(N)];0
[Move(N)];0
[Pull(E,N)];1
[Pull(E,W)];0
[Move(E)];1
[Move(E)];0
[Move(E)];1
[Move(E)];0
[Move(E)];0
[Move(E)];0
[Move(E)];0
[Move(S)];0
[Move(E)];1
[Move(E)];0
[Move(E)];0
[Move(E)];0
[Push(E,E)];0
[Push(E,N)];0
[Push(N,N)];0
[Pull(E,N)];0
[Pull(S,E)];0
[Pull(W,N)];0
[Push(N,E)];0
[Move(S)];0
[Pull(W,E)];1
[Pull(W,E)];0
[Pull(N,E)];0
[Push(S,W)];0
[Push(W,W)];0
[Push(W,W)];0
[Push(W,W)];0
[Push(W,N)];0
[Push(N,W)];0
[Push(W,W)];0
[Push(W,W)];0
[Push(W,W)];0
[Push(W,W)];0
[Push(W,W)];0
[Push(W,N)];0
[Push(N,N)];0
[Move(S)];0
[Move(E)];0
[Move(E)];0
[Move(E)];0
[Move(E)];1
[Move(E)];0
[Move(E)];0
[Move(S)];0
[Move(E)];1
[Move(E)];0
[Move(E)];0
[Move(S)];0
[Pull(N,E)];0
[Pull(W,S)];0
[Pull(W,E)];0
[Pull(S,E)];0
[Push(N,W)];0
[Push(W,W)];0
[Push(W,W)];0
[Push(W,W)];0
[Push(W,N)];0
[Push(N,N)];0
[Push(N,W)];0
[Push(W,N)];0
[Move(E)];1
[Move(S)];0
[Move(E)];0
[Move(S)];0
[Move(S)];0
[Move(S)];0
[Move(S)];0
[Move(W)];0
[Move(S)];0
[Move(S)];0
[Move(W)];0
[Pull(E,W)];0
[Pull(E,W)];0
[Pull(N,W)];0
[Pull(N,S)];0
[Pull(E,S)];0
[Push(W,N)];0
[Push(N,N)];0
[Push(N,N)];0
[Push(N,N)];0
[Push(N,W)];0
[Push(W,W)];0
[Push(W,W)];0
[Move(E)];0
[Move(S)];0
[Move(S)];0
[Pull(N,W)];0
[Push(S,E)];0
[Push(E,S)];0
[Push(S,S)];0
[Push(S,W)];0
[Push(W,W)];1
[Push(W,W)];0
[Push(W,W)];0
[Move(E)];0
[Move(E)];0
[Move(E)];0
[Move(E)];0
[Move(E)];0
[Push(E,S)];0
[Push(S,W)];0
[Push(W,S)];0
[Move(E)];0
[Move(E)];0
[Move(E)];0
[Move(E)];0
[Pull(W,S)];0
[Pull(W,E)];0
[Push(E,N)];0
[Move(W)];0
[Move(W)];0
[Move(N)];0
[Move(W)];0
[Move(W)];1
[Move(W)];0
[Move(N)];0
[Move(N)];0
[Move(N)];0
[Move(N)];0
[Move(N)];0
[Move(N)];0
[Push(E,E)];0
[Push(E,S)];0
[Push(S,S)];0
[Push(S,S)];0
[Push(S,E)];0
[Push(E,E)];0
[Push(E,E)];0
[Push(E,S)];0
[Push(S,E)];0
[Push(E,E)];0
[Push(E,E)];0
[Push(E,E)];0
[Push(E,E)];0
[Move(W)];1
[Move(S)];0
[Move(S)];0
[Push(S,E)];0
[Pull(W,S)];1
[Pull(W,S)];0
[Pull(W,E)];0
[Pull(W,E)];0
[Pull(W,E)];0
[Pull(W,E)];0
[Move(W)];0
[Move(W)];0
[Move(S)];0
[Move(S)];0
[Move(S)];0
[Move(S)];0
[Move(S)];0
[Move(S)];0
[Move(S)];0
[Move(S)];0
[Push(S,S)];0
[Move(N)];0
[Move(N)];0
[Move(N)];0
[Move(N)];0
[Move(N)];0
[Move(N)];0
[Move(N)];0
[Move(N)];0
[Move(N)];0
[Move(N)];0
[Move(N)];0
[Move(N)];0
[Move(N)];0
[Move(W)];1
[Pull(E,W)];0
[Pull(E,W)];0
[Pull(E,W)];0
[Pull(N,W)];0
[Push(S,E)];0
[Push(E,E)];0
[Move(W)];0
[Move(N)];0
[Move(W)];0
[Move(W)];0
[Move(W)];0
[Move(W)];0
[Push(W,W)];0
[Push(W,W)];0
[Move(N)];0
[Move(W)];1
[Move(W)];0
[Push(S,S)];0
[Push(S,E)];0
[Push(E,E)];0
[Push(E,N)];0
[Push(N,E)];0
[Push(E,E)];0
[Push(E,N)];0
[Push(N,E)];0
[Push(E,E)];1
[Push(E,E)];0
[Push(E,E)];0
[Push(E,E)];0
[Push(E,E)];0
[Move(W)];0
[Move(S)];0
[Move(S)];0
[Move(N)];0
[Move(N)];0
[Move(E)];0
[Push(E,E)];0
[Push(E,E)];0
[Push(N,E)];0
[Push(E,E)];0
[Push(E,E)];0
[Push(E,E)];1
[Push(E,E)];0
[Move(S)];0
[Push(S,S)];0
[Push(S,S)];0
[Move(W)];0
[Move(S)];1
[Pull(S,E)];0
[Pull(S,N)];0
[Push(S,S)];0
[Pull(W,E)];0
[Pull(W,E)];0
[Move(W)];0
[Move(W)];0
[Push(W,W)];0
[Push(W,W)];0
[Push(W,N)];0
[Move(W)];1
[Move(W)];0
[Move(S)];0
[Move(W)];0
[Move(W)];0
[Pull(E,W)];0
[Pull(E,W)];0
[Pull(N,W)];0
[Pull(N,S)];0
[Pull(E,S)];0
[Pull(N,W)];0
[Pull(N,S)];0
[Move(N)];0
[Move(E)];0
[Move(N)];0
[Move(E)];0
[Move(N)];0
[Move(E)];0
[Move(E)];1
[Move(E)];0
[Pull(W,E)];0
[Pull(W,E)];0
[Pull(W,E)];0
[Pull(S,E)];0
[Pull(W,N)];0
[Pull(W,E)];0
[Pull(W,E)];0
[Move(W)];0
[Move(W)];0
[Move(W)];0
[Pull(S,W)];0
[Push(N,E)];1
[Push(E,E)];0
[Push(E,S)];0
[Move(E)];0
[Push(E,N)];0
[Push(N,E)];0
[Push(E,E)];0
[Push(E,E)];0
[Push(E,E)];0
[Pull(W,E)];0
[Pull(S,E)];0
[Pull(W,N)];0
[Pull(S,E)];0
[Pull(W,N)];0
[Move(W)];0
[Push(W,N)];0
[Push(N,W)];0
[Move(E)];0
[Move(E)];0
[Move(E)];0
[Pull(E,S)];0
[Pull(N,W)];0
[Pull(N,S)];0
[Push(S,E)];0
[Push(E,E)];0
bf4df3382c5bfcda7d8ebec87fb6648aa171c897
successful
659
338
32ab39aaac8363e69998c50425a414b106da53da
1495018548242
