++++++++++++++++++++
+0            B D  +
+a++++++++b+++++++c+
+ +      + +     + +
+ +      + +     + +
+ +      + +     + +
+ +      + +     + +
+ +      + +     + +
+d++++++++ +++++++e+
+C    A       E    +
++++++++++++++++++++

[Move(E)];2561
[Move(E)];0
[Move(E)];0
[Move(E)];0
[Move(E)];1
[Move(E)];0
[Move(E)];0
[Move(E)];0
[Move(E)];0
[Move(S)];0
[Move(S)];0
[Move(S)];0
[Move(S)];0
[Move(S)];0
[Move(S)];0
[Move(S)];0
[Move(S)];0
[Move(E)];0
[Move(E)];0
[Move(E)];0
[Push(E,E)];0
[Push(E,E)];0
[Push(E,E)];0
[Push(E,E)];0
[Push(E,N)];0
[Move(W)];0
[Move(W)];0
[Move(W)];0
[Move(W)];0
[Move(W)];0
[Move(W)];1
[Move(W)];0
[Move(W)];0
[Move(N)];0
[Move(N)];0
[Move(N)];0
[Move(N)];1
[Move(N)];0
[Move(N)];0
[Move(N)];0
[Move(N)];0
[Move(E)];0
[Move(E)];0
[Move(E)];0
[Pull(W,E)];0
[Pull(W,E)];0
[Pull(W,E)];0
[Pull(W,E)];0
[Push(E,S)];0
[Move(W)];0
[Move(W)];0
[Move(W)];0
[Move(W)];0
[Move(W)];0
[Move(W)];0
[Move(W)];0
[Move(W)];0
[Move(W)];0
[Move(S)];0
[Move(S)];0
[Move(S)];0
[Move(S)];1
[Move(S)];0
[Move(S)];0
[Move(S)];0
[Pull(N,S)];0
[Pull(N,S)];0
[Pull(N,S)];0
[Pull(N,S)];0
[Pull(N,S)];0
[Pull(N,S)];0
[Pull(N,S)];0
[Pull(E,S)];0
[Pull(E,W)];0
[Pull(E,W)];0
[Pull(E,W)];0
[Pull(E,W)];0
[Pull(E,W)];0
[Pull(E,W)];0
[Pull(E,W)];0
[Pull(E,W)];0
[Push(S,S)];0
[Move(N)];0
[Pull(E,W)];0
[Pull(E,W)];0
[Pull(E,W)];0
[Pull(E,W)];1
[Move(E)];0
[Push(E,E)];0
[Push(E,E)];0
[Push(E,S)];0
[Push(S,S)];0
[Move(N)];0
[Move(W)];0
[Move(W)];0
[Move(W)];0
[Move(W)];1
[Push(W,W)];0
[Push(W,W)];0
[Push(W,W)];0
[Push(W,W)];0
[Pull(S,W)];0
[Push(N,E)];0
[Push(E,E)];0
[Push(E,E)];0
[Push(E,E)];0
[Push(E,E)];0
[Push(E,E)];0
[Push(E,E)];1
[Push(E,E)];0
[Push(E,S)];0
[Move(W)];0
[Move(W)];0
[Move(W)];0
[Move(W)];0
[Move(W)];0
[Move(W)];0
[Move(W)];0
[Move(W)];0
[Move(W)];0
[Move(W)];1
[Move(W)];0
[Move(W)];0
[Move(W)];0
[Move(W)];0
[Move(W)];0
[Move(W)];0
[Move(W)];0
[Move(S)];0
[Move(S)];0
[Move(S)];0
[Move(S)];0
[Move(S)];0
[Move(S)];0
[Move(S)];1
[Move(S)];0
[Move(E)];0
[Move(E)];0
[Move(E)];0
[Move(E)];0
[Push(E,E)];0
[Push(E,E)];0
[Push(E,E)];0
[Push(E,E)];0
[Push(E,E)];0
[Pull(N,E)];0
[Push(S,W)];0
[Push(W,W)];0
[Push(W,W)];0
[Push(W,W)];0
[Push(W,W)];0
[Push(W,W)];0
[Push(W,W)];0
[Push(W,W)];0
[Push(W,W)];0
[Push(W,N)];0
[Push(N,N)];0
[Push(N,N)];0
[Push(N,N)];0
[Push(N,N)];0
[Push(N,N)];0
[Push(N,N)];0
[Move(S)];0
[Move(S)];0
[Move(S)];0
[Move(S)];0
[Move(S)];0
[Move(S)];0
[Move(E)];0
[Move(E)];0
[Move(E)];0
[Move(E)];0
[Move(E)];0
[Move(E)];0
[Move(E)];0
[Move(E)];0
[Move(E)];1
[Move(E)];0
[Move(E)];0
[Move(E)];0
[Move(E)];0
[Move(E)];0
[Move(E)];1
[Move(E)];0
[Move(E)];0
[Pull(W,N)];0
[Pull(W,E)];0
[Pull(W,E)];0
[Pull(W,E)];0
[Pull(W,E)];0
[Pull(W,E)];2
[Pull(W,E)];0
[Pull(W,E)];0
[Pull(W,E)];0
[Push(E,N)];0
[Move(E)];0
[Move(E)];0
[Move(E)];0
[Move(E)];0
[Move(E)];0
[Move(E)];1
[Move(E)];0
[Move(E)];0
[Move(N)];0
[Move(N)];0
[Move(N)];0
[Move(N)];0
[Move(N)];0
[Pull(S,N)];0
[Pull(S,N)];0
[Pull(S,N)];1
[Pull(S,N)];0
[Pull(S,N)];0
[Pull(W,N)];0
[Pull(W,E)];0
[Pull(W,E)];0
[Pull(W,E)];0
[Pull(W,E)];1
[Pull(W,E)];0
[Pull(W,E)];0
[Pull(W,E)];0
[Pull(W,E)];0
[Pull(W,E)];0
[Pull(W,E)];1
[Pull(W,E)];0
[Pull(W,E)];0
[Pull(W,E)];0
[Pull(W,E)];0
[Pull(W,E)];0
[Pull(W,E)];0
[Pull(N,E)];1
[Pull(N,S)];0
[Move(N)];0
[Move(N)];0
[Move(N)];0
[Move(N)];0
[Push(N,N)];0
[Push(N,E)];1
[Push(E,E)];0
[Push(E,E)];0
[Push(E,E)];0
[Push(E,E)];0
[Push(E,E)];0
[Push(E,E)];0
[Push(E,E)];0
[Push(E,E)];0
[Push(E,E)];0
[Move(S)];0
[Pull(N,S)];0
[Push(E,E)];0
[Move(W)];0
[Pull(W,S)];0
[Push(E,E)];0
[Move(S)];0
[Move(S)];0
[Move(S)];1
[Move(S)];0
[Move(S)];0
[Move(S)];0
[Push(S,S)];0
[Push(S,E)];0
[Push(E,E)];0
[Push(E,E)];0
[Push(E,E)];0
[Push(E,E)];0
[Push(E,E)];0
[Push(E,E)];0
[Push(E,E)];0
[Push(E,N)];0
[Move(W)];0
[Move(W)];0
[Move(W)];0
[Move(W)];0
[Move(W)];0
[Move(W)];0
[Move(W)];0
[Move(W)];1
[Move(N)];0
[Move(N)];0
[Move(N)];0
[Move(N)];0
[Move(N)];0
[Move(N)];0
[Move(N)];0
[Move(N)];0
[Pull(W,E)];0
[Push(E,S)];0
[Move(E)];0
[Pull(W,E)];0
[Pull(W,E)];0
[Pull(W,E)];0
[Pull(W,E)];0
[Pull(W,E)];0
[Pull(W,E)];0
[Pull(W,E)];0
[Pull(W,E)];0
[Pull(W,E)];0
[Pull(W,E)];0
[Pull(S,E)];0
[Pull(S,N)];0
e970415261451c24ef8a434725c754aaf6e12e26
successful
2582
300
a4ec2a76366e605ff96c97e6e74ac8c6fa5fa29f
1495019174866
