red: 0,B,C,D,E
green: 1,A,F,G,H,I,J
++++++++++++
+     fghij+
+  0  ++++++
+     FGHIJ+
+A+E+a++++++
+B+ +b+
+C+ +c+
+D+1+d+
+++++++

[Move(W), Move(N)];18
[Move(W), Move(N)];0
[Move(S), Move(N)];0
[Move(S), Move(N)];0
[Pull(N,S), Move(E)];0
[Pull(N,S), Move(E)];0
[Pull(E,S), Pull(N,E)];0
[Push(W,N), Push(S,W)];0
[Move(S), Move(E)];1
[Move(S), Pull(W,E)];0
[Move(S), Pull(N,W)];0
[Move(N), Pull(N,S)];0
[Move(N), Pull(W,S)];0
[Move(N), Push(E,E)];0
[Pull(E,N), Move(N)];9
[Pull(E,W), Move(N)];0
[Pull(E,W), Move(E)];0
[Pull(E,W), Move(E)];0
[Pull(N,W), Pull(S,E)];0
[Push(S,S), Push(N,N)];0
[Push(S,S), Move(E)];0
[Push(S,S), Move(W)];0
[Move(S), Push(N,N)];119
[Move(S), Push(N,E)];0
[Move(S), Pull(W,E)];0
[Pull(N,S), Push(E,S)];0
[Pull(N,S), Push(S,S)];0
[Pull(E,S), Push(S,E)];0
[Push(W,N), Pull(N,E)];0
[Move(S), Push(S,S)];0
[Move(S), Move(E)];0
[Move(S), Pull(W,E)];0
[Move(N), Pull(N,E)];0
[Move(N), Push(S,W)];0
[Move(N), Move(E)];0
[Pull(E,N), Move(E)];0
[Pull(E,W), Move(W)];0
[Pull(E,W), Move(W)];0
[Pull(E,W), Pull(N,S)];0
[Pull(N,W), Push(S,E)];0
[Push(S,S), Pull(N,W)];0
[Push(S,S), Pull(N,S)];0
[Push(S,S), Pull(W,S)];0
[Pull(N,S), Push(E,E)];0
[Pull(N,S), Push(E,E)];0
[Push(S,W), Move(N)];115
[Push(W,W), Move(N)];0
[Push(W,N), Move(E)];0
[Push(N,W), Move(E)];0
[Push(W,W), Pull(S,E)];0
[Push(W,S), Push(N,N)];0
[Push(S,S), Move(E)];0
[Push(S,S), Move(W)];0
[Pull(N,S), Push(N,N)];0
[Pull(N,S), Push(N,E)];0
[Pull(E,S), Pull(W,E)];0
[Push(W,N), Push(E,S)];0
[Push(N,E), Push(S,S)];0
[Move(S), Push(S,E)];0
[Move(S), Pull(N,E)];0
[Move(S), Push(S,S)];0
[Move(S), Move(E)];0
[Pull(N,S), Pull(W,E)];0
[Pull(N,S), Pull(N,E)];0
[Pull(N,S), Push(S,W)];0
[Pull(E,S), Move(E)];0
[Push(W,N), Move(E)];0
[Move(S), Move(W)];0
[Move(S), Move(W)];0
[Move(S), Pull(N,S)];0
[Move(S), Push(S,E)];0
[Move(N), Pull(N,W)];0
[Move(N), Pull(N,S)];0
[Move(N), Pull(W,S)];0
[Move(N), Push(E,E)];0
[Move(E), Push(E,E)];0
[Pull(W,N), Pull(W,E)];0
[Pull(S,E), Pull(S,E)];0
[Pull(S,N), Pull(S,N)];0
[Pull(S,N), Pull(S,E)];0
[Pull(S,N), Push(N,W)];0
[Push(N,N), Pull(S,N)];0
[Push(N,N), Push(N,E)];0
[Push(N,N), Push(E,E)];0
[Push(N,E), Pull(W,E)];0
[Push(N,E), Pull(S,E)];0
[Push(E,E), Push(N,N)];1
[Push(E,E), Push(N,W)];0
[Push(E,E), Move(S)];0
[Push(E,S), Move(E)];0
[Push(S,S), Move(E)];0
[Push(S,S), Pull(W,E)];0
[Push(S,S), Pull(W,E)];0
[Push(S,S), Pull(N,E)];0
[Move(W), Push(S,S)];2392
[Move(S), Move(E)];0
[Move(S), Move(E)];0
[Move(S), Move(E)];0
[Pull(N,S), Move(W)];0
[Pull(N,S), Move(W)];0
[Pull(N,S), Move(W)];0
[Push(S,E), Move(N)];0
[Move(S), Pull(N,W)];0
[Move(S), Push(S,S)];0
[Move(S), Push(S,E)];0
[Move(N), Push(E,E)];0
[Move(N), Move(W)];0
[Move(N), Pull(N,W)];1
[Push(E,E), Push(S,E)];0
[Push(E,E), Pull(N,S)];0
[Push(E,S), Pull(N,S)];0
[Push(S,E), Pull(W,S)];0
[Push(E,S), Push(E,E)];0
[Push(S,S), Push(E,E)];0
[Pull(N,S), Push(E,E)];0
[Pull(N,S), Move(N)];2265
[Push(S,W), Move(N)];0
[Push(W,W), Move(E)];0
[Push(W,N), Move(E)];0
[Push(N,W), Pull(S,E)];0
[Push(W,W), Push(N,N)];0
[Push(W,S), Move(E)];1
[Push(S,S), Move(W)];0
[Push(S,S), Push(N,N)];0
[Pull(N,S), Push(N,E)];0
[Pull(N,S), Pull(W,E)];0
[Pull(E,S), Push(E,S)];0
[Push(W,N), Push(S,S)];0
[Push(N,E), Push(S,E)];0
[Move(S), Pull(N,E)];0
[Move(S), Push(S,S)];0
[Move(S), Move(E)];0
[Move(S), Pull(W,E)];0
[Pull(N,S), Pull(N,E)];0
[Pull(N,S), Push(S,W)];0
[Pull(N,S), Move(E)];0
[Pull(E,S), Move(E)];0
[Push(W,N), Move(W)];0
[Move(S), Move(W)];0
[Move(S), Pull(N,S)];0
[Move(S), Push(S,E)];0
[Move(S), Pull(N,W)];0
[Move(N), Pull(N,S)];0
[Move(N), Pull(W,S)];0
[Move(N), Push(E,E)];0
[Move(N), Push(E,E)];0
[Move(E), Pull(W,E)];0
[Pull(W,N), Pull(S,E)];0
[Pull(S,E), Pull(S,N)];0
[Pull(S,N), Pull(S,E)];0
[Pull(S,N), Push(N,W)];0
[Pull(S,N), Pull(S,N)];0
[Push(N,N), Push(N,E)];0
[Push(N,N), Push(E,E)];0
[Push(N,N), Pull(W,E)];0
[Push(N,E), Pull(S,E)];0
[Push(N,E), Push(N,N)];0
[Push(E,E), Push(N,W)];0
[Push(E,E), Move(S)];0
[Push(E,E), Move(E)];0
[Push(E,S), Move(E)];0
[Push(S,S), Pull(W,E)];0
[Push(S,S), Pull(W,E)];0
[Push(S,S), Pull(N,E)];0
[Push(S,S), Push(S,S)];0
[Move(N), Move(E)];0
[Move(N), Move(E)];0
[Move(N), Move(E)];0
[Move(W), Move(W)];0
[Move(W), Move(W)];0
[Push(W,W), Move(W)];0
[Push(W,S), Move(N)];0
[Push(S,S), Pull(N,W)];0
[Push(S,S), Push(S,S)];0
[Move(N), Push(S,E)];0
[Move(N), Push(E,E)];1
[Move(E), Move(W)];0
[Move(E), Pull(N,W)];0
[Move(E), Push(S,E)];0
[Move(E), Pull(N,S)];0
[Move(S), Pull(N,S)];0
[Move(S), Pull(W,S)];0
[Move(S), Push(E,E)];0
[Pull(N,S), Push(E,E)];0
[Pull(N,S), Push(E,E)];0
[Pull(W,S), Pull(W,E)];0
[Pull(W,E), Pull(W,E)];0
[Pull(N,E), Pull(S,E)];0
[Pull(W,S), Pull(S,N)];0
[Pull(W,E), Pull(W,E)];0
[Pull(S,E), Push(E,S)];0
[Move(S), Move(E)];0
[Pull(N,S), Pull(W,E)];1
[Push(N,E), Pull(W,E)];0
[Move(S), Pull(N,E)];0
[Pull(N,S), Push(E,S)];0
[Pull(N,S), Push(S,E)];0
[Pull(E,S), Push(E,E)];0
[Push(S,W), Push(E,E)];0
[Push(W,S), Pull(W,E)];0
[Push(S,S), Pull(W,E)];0
[Push(S,S), Push(S,S)];0
[Push(S,S), Move(N)];0
[Pull(N,S), Pull(N,E)];0
[Pull(N,S), Push(S,S)];0
[Pull(N,S), Push(W,N)];0
[Push(N,E), Move(E)];0
[Move(S), Move(E)];0
[Pull(N,S), Move(E)];0
[Push(S,E), Move(E)];0
[Push(E,E), Pull(W,E)];0
[Move(W), Pull(W,E)];0
[Move(S), Pull(W,E)];0
[Move(S), Pull(N,E)];0
[Move(S), Push(S,W)];0
[Move(S), Move(E)];0
[Pull(N,S), Move(E)];0
[Pull(N,S), Move(E)];0
[Pull(N,S), Move(E)];0
[Pull(N,S), Move(W)];0
[Pull(N,S), Move(W)];0
[Push(S,E), Move(W)];0
[Move(S), Move(W)];0
[Move(S), Pull(N,S)];0
[Move(S), Push(S,E)];0
[Move(S), Push(E,E)];0
[Move(S), Push(E,E)];0
[Move(N), Move(W)];0
[Move(N), Move(W)];0
[Move(N), Move(N)];0
[Move(N), Pull(N,W)];0
[Move(N), Push(S,S)];0
[Move(N), Push(S,E)];0
[Push(E,E), Push(E,E)];0
[Push(E,E), Move(W)];0
[Pull(W,S), Move(S)];0
[Pull(W,E), Pull(N,S)];0
[Pull(S,E), Pull(N,S)];0
[Pull(S,N), Push(S,E)];0
[Pull(S,N), Pull(N,W)];0
[Pull(S,N), Pull(N,S)];0
[Pull(S,N), Pull(W,S)];0
[Pull(S,N), Push(E,E)];0
[Push(N,N), Push(E,E)];0
[Push(N,N), Push(E,E)];0
[Push(N,N), Push(E,E)];0
[Push(N,N), Move(N)];14581
[Push(N,N), Move(N)];0
[Push(N,E), Move(N)];0
[Push(E,E), Move(E)];0
[Push(E,S), Move(E)];0
[Pull(W,E), Pull(S,E)];0
[Pull(W,E), Push(N,N)];0
[Pull(S,E), Move(E)];0
[Pull(S,N), Move(W)];0
[Pull(S,N), Push(N,N)];0
[Pull(S,N), Push(N,E)];0
[Pull(S,N), Pull(S,E)];0
[Push(N,N), Pull(W,N)];0
[Push(N,N), Push(E,S)];0
[Push(N,N), Push(S,E)];0
[Push(N,N), Pull(N,E)];0
[Push(E,N), Push(S,S)];0
[Pull(W,E), Move(E)];0
[Pull(S,E), Pull(W,E)];0
[Pull(S,N), Pull(N,E)];0
[Pull(S,N), Push(S,W)];0
[Pull(S,N), Move(E)];0
[Pull(S,N), Move(E)];0
[Push(N,N), Move(W)];0
[Push(N,N), Move(W)];0
[Push(N,N), Pull(N,S)];1
[Push(N,N), Push(S,E)];0
[Push(N,E), Pull(N,W)];0
[Push(E,E), Pull(N,S)];0
[Push(N,E), Pull(E,S)];0
[Push(E,E), Pull(E,W)];0
[Push(E,E), Pull(E,W)];0
[Push(E,S), Push(W,W)];0
[Push(S,S), Push(W,W)];0
[Push(S,S), Push(W,S)];0
[Push(S,S), Push(S,W)];0
[Push(S,S), Pull(S,W)];0
[Push(S,S), Pull(S,E)];0
[Move(W), Push(N,W)];3802
[Move(W), Pull(S,N)];0
[Move(W), Push(N,E)];0
[Move(S), Push(E,E)];0
[Move(S), Pull(W,E)];1
[Move(W), Pull(S,E)];0
[Move(S), Push(N,N)];0
[Pull(N,S), Push(N,N)];0
[Pull(E,S), Move(S)];0
[Pull(E,W), Move(E)];0
[Push(W,N), Move(E)];0
[Move(W), Pull(W,E)];0
[Move(S), Pull(W,E)];0
[Move(S), Pull(S,E)];0
[Move(N), Push(N,N)];0
[Move(N), Move(E)];0
[Move(E), Move(E)];0
[Push(N,E), Move(E)];0
[Push(E,E), Move(W)];0
[Push(E,S), Move(W)];0
[Push(S,E), Move(W)];0
[Push(E,S), Push(N,W)];0
[Push(S,S), Pull(S,N)];0
[Pull(N,S), Pull(E,N)];0
[Pull(N,S), Pull(E,W)];0
[Push(S,W), Pull(E,W)];0
[Push(W,W), Push(W,W)];0
[Push(W,W), Push(W,W)];0
[Push(W,W), Push(W,N)];0
[Push(W,S), Pull(E,W)];0
[Push(S,S), Pull(E,W)];0
[Pull(N,S), Push(W,W)];0
[Pull(E,S), Push(W,W)];0
[Pull(E,W), Pull(E,N)];0
[Push(W,N), Pull(E,W)];0
[Push(N,E), Pull(E,W)];0
[Move(S), Push(W,W)];0
[Move(W), Push(W,W)];0
[Move(S), Push(W,S)];0
[Move(S), Move(N)];0
[Pull(N,S), Pull(N,W)];0
[Pull(N,S), Pull(E,S)];0
[Pull(E,S), Pull(E,W)];0
[Pull(N,W), Pull(E,W)];0
[Push(S,E), Pull(E,W)];0
[Move(W), Push(W,W)];0
[Move(S), Push(W,W)];0
[Move(S), Push(W,W)];0
[Move(S), Push(W,S)];0
[Move(N), Push(S,W)];0
[Move(N), Push(W,W)];0
[Move(N), Push(S,E)];0
[Move(E), Push(E,E)];0
[Move(N), Pull(W,E)];0
[Pull(N,E), Push(E,N)];1
[Push(S,S), Pull(W,S)];0
[Push(S,W), Push(E,E)];0
[Push(W,S), Push(E,E)];0
[Push(S,S), Pull(W,E)];0
[Move(N), Pull(W,E)];0
[Move(E), Move(N)];0
[Push(E,E), Push(E,N)];0
[Push(E,E), Pull(W,S)];0
[Push(E,S), Push(W,S)];0
[Push(S,S), Push(S,E)];0
[Push(S,S), Push(E,E)];0
[Pull(N,S), Push(E,E)];0
[Pull(N,S), Push(E,E)];0
[Pull(W,S), Push(E,E)];1
[Pull(W,E), Pull(W,E)];0
[Pull(W,E), Pull(W,E)];0
[Pull(W,E), Pull(S,E)];0
[Move(S), Push(N,W)];0
[Pull(N,S), Push(W,N)];0
[Push(E,E), Move(E)];0
[Move(W), Move(E)];0
[Pull(E,S), Move(E)];0
[Pull(N,W), Move(E)];0
[Pull(E,S), Pull(W,E)];0
[Push(S,W), Pull(W,E)];0
[Push(W,W), Pull(W,E)];0
[Push(W,S), Pull(S,E)];0
a4a9e222b70ab32f4a2fa60eec777a68ea0e23ff
unsuccessful
23311
366
3ad4aa1c5ea2be46dbd324b49dd1c416811a36b0
1494957657745
