red: 0,A
green: 1,B
blue: 2,C
yellow: 3,D
orange: 4,E,F,G,H,N
pink: 5,I,J,K,L,M
cyan: 6,Z
magenta: 7,W
++++++++++++
+0 B    C 1+
++++    ++++
+aA       b+
++++    ++++
+2 D      3+
++++++++++++
+i+ N    +e+
+j+      +f+
+k+  M   +g+
+l+ 4  5 +h+
+m       +n+
+          +
+          +
+          +
+ EFGHIJKL +
++++++++++++
+6ZW W W Wz+
++++++ +++++
+    7     +
+          +
+          +
++++++++++++

[Move(E), Move(W), Move(E), Move(W), Move(W), Move(W), Push(E,E), Move(E)];932
[Move(E), Move(W), Move(E), Move(W), Move(S), Move(S), Push(E,E), Move(N)];0
[Move(E), Move(W), Move(E), Move(W), Move(W), Move(S), Push(E,E), Move(N)];0
[Move(S), Move(W), Move(N), Move(W), Move(S), Move(S), Push(E,E), Pull(S,W)];0
[Move(S), Move(W), Move(N), Move(W), Move(S), Move(S), Push(E,E), Pull(S,N)];0
e20c42e74abb015fa067067643fa3e63ce46de6a
unsuccessful
932
5
149d7f3cdb06ee3340c73ad00d6723b5c391bf12
1494957957786
