red: 0,A
blue: 1,B
+++++++++++++++++++
+        0        +
+       +++       +
+   ++++ a   ++   +
+       +++       +
+  +++++++++++++  +
+        +        +
+    +  A B  +    +
+                 +
+  ++++++++++++++++
+     ++++++++    +
+   ++   b   ++   +
+       +++       +
+        1        +
+++++++++++++++++++

[Move(W), Move(W)];302
[Move(W), Move(W)];0
[Move(S), Move(N)];0
[Move(W), Move(W)];0
[Move(W), Move(W)];0
[Move(W), Move(W)];0
[Move(W), Move(W)];0
[Move(S), Move(N)];0
[Move(S), Move(N)];0
[Move(W), Move(W)];0
[Move(S), Move(N)];0
[Move(S), Move(N)];0
[Move(E), Move(E)];0
[Move(E), Move(E)];0
[Move(E), Move(E)];0
[Move(E), Move(E)];0
[Move(E), Move(E)];0
[Move(E), Move(E)];0
[NoOp, NoOp];581
[NoOp, NoOp];570
[NoOp, NoOp];564
[NoOp, NoOp];558
[NoOp, NoOp];554
[NoOp, NoOp];560
[NoOp, NoOp];560
[NoOp, NoOp];566
[NoOp, NoOp];574
[NoOp, NoOp];573
[NoOp, NoOp];565
[NoOp, NoOp];573
[NoOp, NoOp];563
[NoOp, NoOp];557
[NoOp, NoOp];560
[NoOp, NoOp];567
[NoOp, NoOp];567
[NoOp, NoOp];554
[NoOp, NoOp];566
[NoOp, NoOp];585
[NoOp, NoOp];553
[NoOp, NoOp];557
[NoOp, NoOp];568
[NoOp, NoOp];550
[NoOp, NoOp];568
[NoOp, NoOp];575
[NoOp, NoOp];553
[NoOp, NoOp];556
[NoOp, NoOp];578
[NoOp, NoOp];581
[NoOp, NoOp];558
[NoOp, NoOp];557
[NoOp, NoOp];555
[NoOp, NoOp];561
[NoOp, NoOp];569
[NoOp, NoOp];580
[NoOp, NoOp];555
[NoOp, NoOp];551
[NoOp, NoOp];557
[NoOp, NoOp];561
[NoOp, NoOp];552
[NoOp, NoOp];568
[NoOp, NoOp];556
[NoOp, NoOp];564
[NoOp, NoOp];572
[NoOp, NoOp];569
[NoOp, NoOp];558
[NoOp, NoOp];557
[NoOp, NoOp];558
[NoOp, NoOp];562
[NoOp, NoOp];569
[NoOp, NoOp];562
[NoOp, NoOp];568
[NoOp, NoOp];560
[NoOp, NoOp];566
[NoOp, NoOp];563
[NoOp, NoOp];566
[NoOp, NoOp];580
[NoOp, NoOp];569
[NoOp, NoOp];562
[NoOp, NoOp];563
[NoOp, NoOp];556
[NoOp, NoOp];564
[NoOp, NoOp];565
[NoOp, NoOp];553
[NoOp, NoOp];567
[NoOp, NoOp];565
[NoOp, NoOp];580
[NoOp, NoOp];562
[NoOp, NoOp];570
[NoOp, NoOp];557
[NoOp, NoOp];566
[NoOp, NoOp];564
[NoOp, NoOp];557
[NoOp, NoOp];578
[NoOp, NoOp];563
[NoOp, NoOp];559
[NoOp, NoOp];555
[NoOp, NoOp];567
[NoOp, NoOp];564
[NoOp, NoOp];570
[NoOp, NoOp];569
[NoOp, NoOp];559
[NoOp, NoOp];560
[NoOp, NoOp];564
[NoOp, NoOp];573
[NoOp, NoOp];565
[NoOp, NoOp];572
[NoOp, NoOp];555
[NoOp, NoOp];567
[NoOp, NoOp];551
[NoOp, NoOp];561
[NoOp, NoOp];565
[NoOp, NoOp];568
[NoOp, NoOp];556
[NoOp, NoOp];565
[NoOp, NoOp];571
[NoOp, NoOp];568
[NoOp, NoOp];568
[NoOp, NoOp];559
[NoOp, NoOp];562
[NoOp, NoOp];578
[NoOp, NoOp];556
[NoOp, NoOp];559
[NoOp, NoOp];546
[NoOp, NoOp];573
[NoOp, NoOp];566
[NoOp, NoOp];574
[NoOp, NoOp];552
[NoOp, NoOp];561
[NoOp, NoOp];558
[NoOp, NoOp];576
[NoOp, NoOp];560
[NoOp, NoOp];567
[NoOp, NoOp];560
[NoOp, NoOp];564
[NoOp, NoOp];552
[NoOp, NoOp];557
[NoOp, NoOp];566
[NoOp, NoOp];580
[NoOp, NoOp];566
[NoOp, NoOp];565
[NoOp, NoOp];563
[NoOp, NoOp];558
[NoOp, NoOp];554
[NoOp, NoOp];562
[NoOp, NoOp];564
[NoOp, NoOp];571
[NoOp, NoOp];562
[NoOp, NoOp];587
[NoOp, NoOp];558
[NoOp, NoOp];576
[NoOp, NoOp];548
[NoOp, NoOp];555
[NoOp, NoOp];571
[NoOp, NoOp];559
[NoOp, NoOp];547
[NoOp, NoOp];555
[NoOp, NoOp];552
[NoOp, NoOp];565
[NoOp, NoOp];560
[NoOp, NoOp];562
[NoOp, NoOp];570
[NoOp, NoOp];562
[NoOp, NoOp];564
[NoOp, NoOp];544
[NoOp, NoOp];567
[NoOp, NoOp];568
[NoOp, NoOp];565
[NoOp, NoOp];567
[NoOp, NoOp];561
[NoOp, NoOp];571
[NoOp, NoOp];567
[NoOp, NoOp];563
[NoOp, NoOp];572
[NoOp, NoOp];550
[NoOp, NoOp];570
[NoOp, NoOp];553
[NoOp, NoOp];556
[NoOp, NoOp];561
[NoOp, NoOp];558
[NoOp, NoOp];571
[NoOp, NoOp];571
[NoOp, NoOp];560
[NoOp, NoOp];563
[NoOp, NoOp];562
[NoOp, NoOp];561
[NoOp, NoOp];559
[NoOp, NoOp];571
[NoOp, NoOp];589
[NoOp, NoOp];560
[NoOp, NoOp];562
[NoOp, NoOp];565
[NoOp, NoOp];572
[NoOp, NoOp];565
[NoOp, NoOp];574
[NoOp, NoOp];570
[NoOp, NoOp];562
[NoOp, NoOp];571
[NoOp, NoOp];554
[NoOp, NoOp];569
[NoOp, NoOp];566
[NoOp, NoOp];572
[NoOp, NoOp];564
[NoOp, NoOp];564
[NoOp, NoOp];565
[NoOp, NoOp];605
[NoOp, NoOp];569
[NoOp, NoOp];556
[NoOp, NoOp];557
[NoOp, NoOp];546
[NoOp, NoOp];545
[NoOp, NoOp];547
[NoOp, NoOp];545
[NoOp, NoOp];546
[NoOp, NoOp];553
[NoOp, NoOp];562
[NoOp, NoOp];560
[NoOp, NoOp];556
[NoOp, NoOp];560
[NoOp, NoOp];565
[NoOp, NoOp];550
[NoOp, NoOp];571
[NoOp, NoOp];548
[NoOp, NoOp];557
[NoOp, NoOp];541
[NoOp, NoOp];545
[NoOp, NoOp];562
[NoOp, NoOp];565
[NoOp, NoOp];560
[NoOp, NoOp];562
[NoOp, NoOp];547
[NoOp, NoOp];552
[NoOp, NoOp];552
[NoOp, NoOp];539
[NoOp, NoOp];551
[NoOp, NoOp];546
[NoOp, NoOp];567
[NoOp, NoOp];543
[NoOp, NoOp];559
[NoOp, NoOp];552
[NoOp, NoOp];552
[NoOp, NoOp];552
[NoOp, NoOp];551
[NoOp, NoOp];548
[NoOp, NoOp];538
[NoOp, NoOp];554
[NoOp, NoOp];544
[NoOp, NoOp];560
[NoOp, NoOp];565
[NoOp, NoOp];547
[NoOp, NoOp];548
[NoOp, NoOp];563
[NoOp, NoOp];548
[NoOp, NoOp];559
[NoOp, NoOp];553
[NoOp, NoOp];542
[NoOp, NoOp];543
[NoOp, NoOp];542
[NoOp, NoOp];557
[NoOp, NoOp];543
[NoOp, NoOp];571
[NoOp, NoOp];546
[NoOp, NoOp];548
[NoOp, NoOp];555
[NoOp, NoOp];549
[NoOp, NoOp];542
[NoOp, NoOp];557
[NoOp, NoOp];564
[NoOp, NoOp];564
[NoOp, NoOp];568
[NoOp, NoOp];550
[NoOp, NoOp];543
[NoOp, NoOp];555
[NoOp, NoOp];536
[NoOp, NoOp];549
[NoOp, NoOp];551
[NoOp, NoOp];541
[NoOp, NoOp];551
[NoOp, NoOp];560
[NoOp, NoOp];559
[NoOp, NoOp];555
[NoOp, NoOp];545
[NoOp, NoOp];559
[NoOp, NoOp];544
[NoOp, NoOp];553
[NoOp, NoOp];562
[NoOp, NoOp];550
[NoOp, NoOp];543
[NoOp, NoOp];546
[NoOp, NoOp];560
[NoOp, NoOp];543
[NoOp, NoOp];546
[NoOp, NoOp];556
[NoOp, NoOp];547
[NoOp, NoOp];552
[NoOp, NoOp];552
[NoOp, NoOp];559
[NoOp, NoOp];556
[NoOp, NoOp];562
[NoOp, NoOp];555
[NoOp, NoOp];555
[NoOp, NoOp];543
[NoOp, NoOp];540
[NoOp, NoOp];534
[NoOp, NoOp];555
[NoOp, NoOp];543
[NoOp, NoOp];538
[NoOp, NoOp];547
[NoOp, NoOp];549
[NoOp, NoOp];551
[NoOp, NoOp];549
[NoOp, NoOp];555
[NoOp, NoOp];554
[NoOp, NoOp];552
[NoOp, NoOp];543
[NoOp, NoOp];554
[NoOp, NoOp];539
[NoOp, NoOp];546
[NoOp, NoOp];557
[NoOp, NoOp];560
[NoOp, NoOp];538
[NoOp, NoOp];541
[NoOp, NoOp];569
[NoOp, NoOp];558
[NoOp, NoOp];539
[NoOp, NoOp];546
[NoOp, NoOp];551
[NoOp, NoOp];546
[NoOp, NoOp];555
[NoOp, NoOp];536
[NoOp, NoOp];545
[NoOp, NoOp];536
[NoOp, NoOp];546
[NoOp, NoOp];549
[NoOp, NoOp];548
[NoOp, NoOp];544
[NoOp, NoOp];545
[NoOp, NoOp];545
[NoOp, NoOp];547
[NoOp, NoOp];544
[NoOp, NoOp];542
[NoOp, NoOp];554
[NoOp, NoOp];545
[NoOp, NoOp];550
[NoOp, NoOp];529
[NoOp, NoOp];545
[NoOp, NoOp];559
[NoOp, NoOp];545
[NoOp, NoOp];550
[NoOp, NoOp];524
[NoOp, NoOp];546
[NoOp, NoOp];548
[NoOp, NoOp];534
[NoOp, NoOp];546
[NoOp, NoOp];544
[NoOp, NoOp];541
[NoOp, NoOp];554
[NoOp, NoOp];538
[NoOp, NoOp];542
[NoOp, NoOp];567
[NoOp, NoOp];552
[NoOp, NoOp];533
[NoOp, NoOp];543
[NoOp, NoOp];545
[NoOp, NoOp];530
[NoOp, NoOp];542
[NoOp, NoOp];543
[NoOp, NoOp];557
[NoOp, NoOp];540
[NoOp, NoOp];542
[NoOp, NoOp];551
[NoOp, NoOp];538
[NoOp, NoOp];539
[NoOp, NoOp];554
[NoOp, NoOp];558
[NoOp, NoOp];555
[NoOp, NoOp];545
[NoOp, NoOp];556
[NoOp, NoOp];556
[NoOp, NoOp];552
[NoOp, NoOp];536
[NoOp, NoOp];546
[NoOp, NoOp];551
[NoOp, NoOp];555
[NoOp, NoOp];547
[NoOp, NoOp];550
[NoOp, NoOp];545
[NoOp, NoOp];543
[NoOp, NoOp];547
[NoOp, NoOp];556
[NoOp, NoOp];555
[NoOp, NoOp];561
[NoOp, NoOp];555
[NoOp, NoOp];544
[NoOp, NoOp];553
[NoOp, NoOp];549
[NoOp, NoOp];551
[NoOp, NoOp];538
[NoOp, NoOp];536
[NoOp, NoOp];546
[NoOp, NoOp];539
[NoOp, NoOp];554
[NoOp, NoOp];546
[NoOp, NoOp];547
[NoOp, NoOp];540
[NoOp, NoOp];582
[NoOp, NoOp];554
[NoOp, NoOp];559
[NoOp, NoOp];549
[NoOp, NoOp];544
[NoOp, NoOp];545
[NoOp, NoOp];553
[NoOp, NoOp];550
[NoOp, NoOp];565
[NoOp, NoOp];541
[NoOp, NoOp];554
[NoOp, NoOp];539
[NoOp, NoOp];565
[NoOp, NoOp];545
[NoOp, NoOp];539
[NoOp, NoOp];551
[NoOp, NoOp];541
[NoOp, NoOp];543
[NoOp, NoOp];556
[NoOp, NoOp];553
[NoOp, NoOp];553
[NoOp, NoOp];544
[NoOp, NoOp];556
[NoOp, NoOp];550
[NoOp, NoOp];556
[NoOp, NoOp];551
[NoOp, NoOp];563
[NoOp, NoOp];556
[NoOp, NoOp];553
[NoOp, NoOp];548
[NoOp, NoOp];548
[NoOp, NoOp];553
[NoOp, NoOp];562
[NoOp, NoOp];540
[NoOp, NoOp];536
[NoOp, NoOp];538
[NoOp, NoOp];557
[NoOp, NoOp];549
[NoOp, NoOp];546
[NoOp, NoOp];556
[NoOp, NoOp];551
[NoOp, NoOp];552
[NoOp, NoOp];554
[NoOp, NoOp];561
[NoOp, NoOp];545
[NoOp, NoOp];552
[NoOp, NoOp];551
[NoOp, NoOp];551
[NoOp, NoOp];542
[NoOp, NoOp];544
[NoOp, NoOp];550
[NoOp, NoOp];546
[NoOp, NoOp];539
[NoOp, NoOp];530
[NoOp, NoOp];549
[NoOp, NoOp];549
[NoOp, NoOp];528
[NoOp, NoOp];523
[NoOp, NoOp];547
[NoOp, NoOp];552
[NoOp, NoOp];552
[NoOp, NoOp];541
[NoOp, NoOp];548
[NoOp, NoOp];542
[NoOp, NoOp];547
[NoOp, NoOp];549
[NoOp, NoOp];549
[NoOp, NoOp];545
[NoOp, NoOp];552
[NoOp, NoOp];540
[NoOp, NoOp];534
[NoOp, NoOp];539
[NoOp, NoOp];545
[NoOp, NoOp];544
[NoOp, NoOp];548
[NoOp, NoOp];556
[NoOp, NoOp];563
[NoOp, NoOp];544
[NoOp, NoOp];559
[NoOp, NoOp];539
[NoOp, NoOp];545
[NoOp, NoOp];546
[NoOp, NoOp];546
[NoOp, NoOp];544
[NoOp, NoOp];543
[NoOp, NoOp];555
[NoOp, NoOp];555
[NoOp, NoOp];534
[NoOp, NoOp];547
[NoOp, NoOp];548
[NoOp, NoOp];538
[NoOp, NoOp];557
[NoOp, NoOp];549
[NoOp, NoOp];558
[NoOp, NoOp];546
[NoOp, NoOp];550
[NoOp, NoOp];543
[NoOp, NoOp];570
[NoOp, NoOp];560
[NoOp, NoOp];581
[NoOp, NoOp];577
[NoOp, NoOp];587
[NoOp, NoOp];572
[NoOp, NoOp];586
[NoOp, NoOp];544
[NoOp, NoOp];557
[NoOp, NoOp];543
[NoOp, NoOp];549
[NoOp, NoOp];553
[NoOp, NoOp];589
[NoOp, NoOp];558
[NoOp, NoOp];558
[NoOp, NoOp];548
[NoOp, NoOp];564
[NoOp, NoOp];546
[NoOp, NoOp];547
[NoOp, NoOp];547
[NoOp, NoOp];565
[NoOp, NoOp];552
[NoOp, NoOp];539
[NoOp, NoOp];559
[NoOp, NoOp];545
[NoOp, NoOp];548
[NoOp, NoOp];563
[NoOp, NoOp];550
[NoOp, NoOp];543
[NoOp, NoOp];535
[NoOp, NoOp];544
[NoOp, NoOp];546
[NoOp, NoOp];545
[NoOp, NoOp];534
[NoOp, NoOp];553
[NoOp, NoOp];550
[NoOp, NoOp];547
[NoOp, NoOp];543
[NoOp, NoOp];539
[NoOp, NoOp];545
[NoOp, NoOp];552
[NoOp, NoOp];526
[NoOp, NoOp];542
[NoOp, NoOp];544
[NoOp, NoOp];551
[NoOp, NoOp];549
[NoOp, NoOp];546
[NoOp, NoOp];549
[NoOp, NoOp];542
[NoOp, NoOp];552
[NoOp, NoOp];550
[NoOp, NoOp];543
[NoOp, NoOp];565
[NoOp, NoOp];560
[NoOp, NoOp];550
[NoOp, NoOp];541
[NoOp, NoOp];559
468f0de550820ea921f1192b0fccf693ad67b8ac
unsuccessful
299853
558
b594461136b3de516d72ce7370c2e4f82614948c
1494958860228
