red: 0,A
cyan: 1,C
yellow: 2,B
blue: 3,D
magenta: 4,M
orange: 5,I
pink: 6,N
green: 7,J
+++++++++++++++++
+ +1+ +3+ +5+n+7+
+ + + + + + + + +
+ + + + + + + + +++
+0AC B D M I N J a+
+ + + + + + + + +++
+ + + + + + + + +
+ + +2+ +4+ +6+c+
+++++++++++++++++

[Push(E,E), Move(S), Move(N), Move(S), Move(N), Move(S), Move(N), Move(S)];1138
[Push(E,E), Move(S), Move(N), Move(S), Move(N), Move(S), Move(N), Move(S)];0
[Push(E,E), NoOp, Push(N,N), Pull(N,S), Push(N,N), Pull(N,S), Push(N,N), Pull(N,S)];421
[Push(E,E), Push(S,E), NoOp, NoOp, NoOp, NoOp, Push(N,N), NoOp];312
[Push(E,E), NoOp, NoOp, NoOp, NoOp, NoOp, Push(N,N), NoOp];550
[Push(E,E), Push(E,E), NoOp, NoOp, NoOp, NoOp, NoOp, NoOp];299
[NoOp, Push(E,E), NoOp, NoOp, NoOp, NoOp, NoOp, NoOp];491
[NoOp, Push(E,E), NoOp, NoOp, NoOp, NoOp, NoOp, NoOp];489
[NoOp, Push(E,E), NoOp, NoOp, NoOp, NoOp, NoOp, NoOp];486
[NoOp, Push(E,E), NoOp, NoOp, NoOp, NoOp, NoOp, NoOp];498
[NoOp, Push(E,E), NoOp, NoOp, NoOp, NoOp, NoOp, NoOp];476
[NoOp, Push(E,E), NoOp, NoOp, NoOp, NoOp, NoOp, NoOp];478
[NoOp, Push(E,E), NoOp, NoOp, NoOp, NoOp, NoOp, NoOp];493
[NoOp, Push(E,E), NoOp, NoOp, NoOp, NoOp, NoOp, NoOp];493
[NoOp, Push(E,E), NoOp, NoOp, NoOp, NoOp, NoOp, NoOp];486
[NoOp, Push(E,E), NoOp, NoOp, NoOp, NoOp, NoOp, NoOp];486
[NoOp, Push(E,E), NoOp, NoOp, NoOp, NoOp, NoOp, NoOp];496
[NoOp, Push(E,E), NoOp, NoOp, NoOp, NoOp, NoOp, NoOp];478
[NoOp, Push(E,E), NoOp, NoOp, NoOp, NoOp, NoOp, NoOp];486
[NoOp, Push(E,E), NoOp, NoOp, NoOp, NoOp, NoOp, NoOp];496
[NoOp, Push(E,E), NoOp, NoOp, NoOp, NoOp, NoOp, NoOp];488
[NoOp, Push(E,E), NoOp, NoOp, NoOp, NoOp, NoOp, NoOp];501
[NoOp, Push(E,E), NoOp, NoOp, NoOp, NoOp, NoOp, NoOp];496
[NoOp, Push(E,E), NoOp, NoOp, NoOp, NoOp, NoOp, NoOp];488
[NoOp, Push(E,E), NoOp, NoOp, NoOp, NoOp, NoOp, NoOp];484
[NoOp, Push(E,E), NoOp, NoOp, NoOp, NoOp, NoOp, NoOp];491
[NoOp, Push(E,E), NoOp, NoOp, NoOp, NoOp, NoOp, NoOp];474
[NoOp, Push(E,E), NoOp, NoOp, NoOp, NoOp, NoOp, NoOp];497
[NoOp, Push(E,E), NoOp, NoOp, NoOp, NoOp, NoOp, NoOp];487
[NoOp, Push(E,E), NoOp, NoOp, NoOp, NoOp, NoOp, NoOp];496
[NoOp, Push(E,E), NoOp, NoOp, NoOp, NoOp, NoOp, NoOp];482
[NoOp, Push(E,E), NoOp, NoOp, NoOp, NoOp, NoOp, NoOp];489
[NoOp, Push(E,E), NoOp, NoOp, NoOp, NoOp, NoOp, NoOp];492
[NoOp, Push(E,E), NoOp, NoOp, NoOp, NoOp, NoOp, NoOp];497
[NoOp, Push(E,E), NoOp, NoOp, NoOp, NoOp, NoOp, NoOp];495
[NoOp, Push(E,E), NoOp, NoOp, NoOp, NoOp, NoOp, NoOp];512
[NoOp, Push(E,E), NoOp, NoOp, NoOp, NoOp, NoOp, NoOp];507
[NoOp, Push(E,E), NoOp, NoOp, NoOp, NoOp, NoOp, NoOp];482
[NoOp, Push(E,E), NoOp, NoOp, NoOp, NoOp, NoOp, NoOp];485
[NoOp, Push(E,E), NoOp, NoOp, NoOp, NoOp, NoOp, NoOp];491
[NoOp, Push(E,E), NoOp, NoOp, NoOp, NoOp, NoOp, NoOp];484
[NoOp, Push(E,E), NoOp, NoOp, NoOp, NoOp, NoOp, NoOp];480
[NoOp, Push(E,E), NoOp, NoOp, NoOp, NoOp, NoOp, NoOp];486
[NoOp, Push(E,E), NoOp, NoOp, NoOp, NoOp, NoOp, NoOp];498
[NoOp, Push(E,E), NoOp, NoOp, NoOp, NoOp, NoOp, NoOp];481
[NoOp, Push(E,E), NoOp, NoOp, NoOp, NoOp, NoOp, NoOp];492
[NoOp, Push(E,E), NoOp, NoOp, NoOp, NoOp, NoOp, NoOp];502
[NoOp, Push(E,E), NoOp, NoOp, NoOp, NoOp, NoOp, NoOp];499
[NoOp, Push(E,E), NoOp, NoOp, NoOp, NoOp, NoOp, NoOp];496
[NoOp, Push(E,E), NoOp, NoOp, NoOp, NoOp, NoOp, NoOp];502
[NoOp, Push(E,E), NoOp, NoOp, NoOp, NoOp, NoOp, NoOp];477
[NoOp, Push(E,E), NoOp, NoOp, NoOp, NoOp, NoOp, NoOp];496
[NoOp, Push(E,E), NoOp, NoOp, NoOp, NoOp, NoOp, NoOp];499
[NoOp, Push(E,E), NoOp, NoOp, NoOp, NoOp, NoOp, NoOp];484
[NoOp, Push(E,E), NoOp, NoOp, NoOp, NoOp, NoOp, NoOp];485
[NoOp, Push(E,E), NoOp, NoOp, NoOp, NoOp, NoOp, NoOp];480
[NoOp, Push(E,E), NoOp, NoOp, NoOp, NoOp, NoOp, NoOp];494
[NoOp, Push(E,E), NoOp, NoOp, NoOp, NoOp, NoOp, NoOp];501
[NoOp, Push(E,E), NoOp, NoOp, NoOp, NoOp, NoOp, NoOp];522
[NoOp, Push(E,E), NoOp, NoOp, NoOp, NoOp, NoOp, NoOp];497
[NoOp, Push(E,E), NoOp, NoOp, NoOp, NoOp, NoOp, NoOp];482
[NoOp, Push(E,E), NoOp, NoOp, NoOp, NoOp, NoOp, NoOp];482
[NoOp, Push(E,E), NoOp, NoOp, NoOp, NoOp, NoOp, NoOp];498
[NoOp, Push(E,E), NoOp, NoOp, NoOp, NoOp, NoOp, NoOp];501
[NoOp, Push(E,E), NoOp, NoOp, NoOp, NoOp, NoOp, NoOp];502
[NoOp, Push(E,E), NoOp, NoOp, NoOp, NoOp, NoOp, NoOp];514
[NoOp, Push(E,E), NoOp, NoOp, NoOp, NoOp, NoOp, NoOp];519
[NoOp, Push(E,E), NoOp, NoOp, NoOp, NoOp, NoOp, NoOp];507
[NoOp, Push(E,E), NoOp, NoOp, NoOp, NoOp, NoOp, NoOp];503
[NoOp, Push(E,E), NoOp, NoOp, NoOp, NoOp, NoOp, NoOp];532
[NoOp, Push(E,E), NoOp, NoOp, NoOp, NoOp, NoOp, NoOp];493
[NoOp, Push(E,E), NoOp, NoOp, NoOp, NoOp, NoOp, NoOp];496
[NoOp, Push(E,E), NoOp, NoOp, NoOp, NoOp, NoOp, NoOp];485
[NoOp, Push(E,E), NoOp, NoOp, NoOp, NoOp, NoOp, NoOp];497
[NoOp, Push(E,E), NoOp, NoOp, NoOp, NoOp, NoOp, NoOp];501
[NoOp, Push(E,E), NoOp, NoOp, NoOp, NoOp, NoOp, NoOp];506
[NoOp, Push(E,E), NoOp, NoOp, NoOp, NoOp, NoOp, NoOp];485
[NoOp, Push(E,E), NoOp, NoOp, NoOp, NoOp, NoOp, NoOp];480
[NoOp, Push(E,E), NoOp, NoOp, NoOp, NoOp, NoOp, NoOp];489
[NoOp, Push(E,E), NoOp, NoOp, NoOp, NoOp, NoOp, NoOp];492
[NoOp, Push(E,E), NoOp, NoOp, NoOp, NoOp, NoOp, NoOp];489
[NoOp, Push(E,E), NoOp, NoOp, NoOp, NoOp, NoOp, NoOp];483
[NoOp, Push(E,E), NoOp, NoOp, NoOp, NoOp, NoOp, NoOp];485
[NoOp, Push(E,E), NoOp, NoOp, NoOp, NoOp, NoOp, NoOp];482
[NoOp, Push(E,E), NoOp, NoOp, NoOp, NoOp, NoOp, NoOp];481
[NoOp, Push(E,E), NoOp, NoOp, NoOp, NoOp, NoOp, NoOp];492
[NoOp, Push(E,E), NoOp, NoOp, NoOp, NoOp, NoOp, NoOp];478
[NoOp, Push(E,E), NoOp, NoOp, NoOp, NoOp, NoOp, NoOp];485
[NoOp, Push(E,E), NoOp, NoOp, NoOp, NoOp, NoOp, NoOp];481
[NoOp, Push(E,E), NoOp, NoOp, NoOp, NoOp, NoOp, NoOp];482
[NoOp, Push(E,E), NoOp, NoOp, NoOp, NoOp, NoOp, NoOp];483
[NoOp, Push(E,E), NoOp, NoOp, NoOp, NoOp, NoOp, NoOp];486
[NoOp, Push(E,E), NoOp, NoOp, NoOp, NoOp, NoOp, NoOp];479
[NoOp, Push(E,E), NoOp, NoOp, NoOp, NoOp, NoOp, NoOp];485
[NoOp, Push(E,E), NoOp, NoOp, NoOp, NoOp, NoOp, NoOp];494
[NoOp, Push(E,E), NoOp, NoOp, NoOp, NoOp, NoOp, NoOp];494
[NoOp, Push(E,E), NoOp, NoOp, NoOp, NoOp, NoOp, NoOp];488
[NoOp, Push(E,E), NoOp, NoOp, NoOp, NoOp, NoOp, NoOp];488
[NoOp, Push(E,E), NoOp, NoOp, NoOp, NoOp, NoOp, NoOp];489
[NoOp, Push(E,E), NoOp, NoOp, NoOp, NoOp, NoOp, NoOp];483
[NoOp, Push(E,E), NoOp, NoOp, NoOp, NoOp, NoOp, NoOp];482
[NoOp, Push(E,E), NoOp, NoOp, NoOp, NoOp, NoOp, NoOp];479
[NoOp, Push(E,E), NoOp, NoOp, NoOp, NoOp, NoOp, NoOp];484
[NoOp, Push(E,E), NoOp, NoOp, NoOp, NoOp, NoOp, NoOp];489
[NoOp, Push(E,E), NoOp, NoOp, NoOp, NoOp, NoOp, NoOp];503
[NoOp, Push(E,E), NoOp, NoOp, NoOp, NoOp, NoOp, NoOp];511
[NoOp, Push(E,E), NoOp, NoOp, NoOp, NoOp, NoOp, NoOp];513
[NoOp, Push(E,E), NoOp, NoOp, NoOp, NoOp, NoOp, NoOp];482
[NoOp, Push(E,E), NoOp, NoOp, NoOp, NoOp, NoOp, NoOp];504
[NoOp, Push(E,E), NoOp, NoOp, NoOp, NoOp, NoOp, NoOp];491
[NoOp, Push(E,E), NoOp, NoOp, NoOp, NoOp, NoOp, NoOp];483
[NoOp, Push(E,E), NoOp, NoOp, NoOp, NoOp, NoOp, NoOp];474
[NoOp, Push(E,E), NoOp, NoOp, NoOp, NoOp, NoOp, NoOp];488
[NoOp, Push(E,E), NoOp, NoOp, NoOp, NoOp, NoOp, NoOp];502
[NoOp, Push(E,E), NoOp, NoOp, NoOp, NoOp, NoOp, NoOp];488
[NoOp, Push(E,E), NoOp, NoOp, NoOp, NoOp, NoOp, NoOp];473
[NoOp, Push(E,E), NoOp, NoOp, NoOp, NoOp, NoOp, NoOp];495
[NoOp, Push(E,E), NoOp, NoOp, NoOp, NoOp, NoOp, NoOp];479
[NoOp, Push(E,E), NoOp, NoOp, NoOp, NoOp, NoOp, NoOp];503
[NoOp, Push(E,E), NoOp, NoOp, NoOp, NoOp, NoOp, NoOp];540
[NoOp, Push(E,E), NoOp, NoOp, NoOp, NoOp, NoOp, NoOp];528
[NoOp, Push(E,E), NoOp, NoOp, NoOp, NoOp, NoOp, NoOp];511
[NoOp, Push(E,E), NoOp, NoOp, NoOp, NoOp, NoOp, NoOp];506
[NoOp, Push(E,E), NoOp, NoOp, NoOp, NoOp, NoOp, NoOp];524
[NoOp, Push(E,E), NoOp, NoOp, NoOp, NoOp, NoOp, NoOp];502
[NoOp, Push(E,E), NoOp, NoOp, NoOp, NoOp, NoOp, NoOp];495
[NoOp, Push(E,E), NoOp, NoOp, NoOp, NoOp, NoOp, NoOp];501
[NoOp, Push(E,E), NoOp, NoOp, NoOp, NoOp, NoOp, NoOp];501
[NoOp, Push(E,E), NoOp, NoOp, NoOp, NoOp, NoOp, NoOp];499
[NoOp, Push(E,E), NoOp, NoOp, NoOp, NoOp, NoOp, NoOp];507
[NoOp, Push(E,E), NoOp, NoOp, NoOp, NoOp, NoOp, NoOp];511
[NoOp, Push(E,E), NoOp, NoOp, NoOp, NoOp, NoOp, NoOp];515
[NoOp, Push(E,E), NoOp, NoOp, NoOp, NoOp, NoOp, NoOp];522
[NoOp, Push(E,E), NoOp, NoOp, NoOp, NoOp, NoOp, NoOp];497
[NoOp, Push(E,E), NoOp, NoOp, NoOp, NoOp, NoOp, NoOp];508
[NoOp, Push(E,E), NoOp, NoOp, NoOp, NoOp, NoOp, NoOp];510
[NoOp, Push(E,E), NoOp, NoOp, NoOp, NoOp, NoOp, NoOp];510
[NoOp, Push(E,E), NoOp, NoOp, NoOp, NoOp, NoOp, NoOp];491
[NoOp, Push(E,E), NoOp, NoOp, NoOp, NoOp, NoOp, NoOp];479
[NoOp, Push(E,E), NoOp, NoOp, NoOp, NoOp, NoOp, NoOp];486
[NoOp, Push(E,E), NoOp, NoOp, NoOp, NoOp, NoOp, NoOp];487
[NoOp, Push(E,E), NoOp, NoOp, NoOp, NoOp, NoOp, NoOp];494
[NoOp, Push(E,E), NoOp, NoOp, NoOp, NoOp, NoOp, NoOp];498
[NoOp, Push(E,E), NoOp, NoOp, NoOp, NoOp, NoOp, NoOp];518
[NoOp, Push(E,E), NoOp, NoOp, NoOp, NoOp, NoOp, NoOp];523
[NoOp, Push(E,E), NoOp, NoOp, NoOp, NoOp, NoOp, NoOp];496
[NoOp, Push(E,E), NoOp, NoOp, NoOp, NoOp, NoOp, NoOp];486
[NoOp, Push(E,E), NoOp, NoOp, NoOp, NoOp, NoOp, NoOp];492
[NoOp, Push(E,E), NoOp, NoOp, NoOp, NoOp, NoOp, NoOp];485
[NoOp, Push(E,E), NoOp, NoOp, NoOp, NoOp, NoOp, NoOp];493
[NoOp, Push(E,E), NoOp, NoOp, NoOp, NoOp, NoOp, NoOp];488
[NoOp, Push(E,E), NoOp, NoOp, NoOp, NoOp, NoOp, NoOp];492
[NoOp, Push(E,E), NoOp, NoOp, NoOp, NoOp, NoOp, NoOp];484
[NoOp, Push(E,E), NoOp, NoOp, NoOp, NoOp, NoOp, NoOp];507
[NoOp, Push(E,E), NoOp, NoOp, NoOp, NoOp, NoOp, NoOp];512
[NoOp, Push(E,E), NoOp, NoOp, NoOp, NoOp, NoOp, NoOp];513
[NoOp, Push(E,E), NoOp, NoOp, NoOp, NoOp, NoOp, NoOp];531
[NoOp, Push(E,E), NoOp, NoOp, NoOp, NoOp, NoOp, NoOp];525
[NoOp, Push(E,E), NoOp, NoOp, NoOp, NoOp, NoOp, NoOp];511
[NoOp, Push(E,E), NoOp, NoOp, NoOp, NoOp, NoOp, NoOp];499
[NoOp, Push(E,E), NoOp, NoOp, NoOp, NoOp, NoOp, NoOp];509
[NoOp, Push(E,E), NoOp, NoOp, NoOp, NoOp, NoOp, NoOp];494
[NoOp, Push(E,E), NoOp, NoOp, NoOp, NoOp, NoOp, NoOp];485
[NoOp, Push(E,E), NoOp, NoOp, NoOp, NoOp, NoOp, NoOp];488
[NoOp, Push(E,E), NoOp, NoOp, NoOp, NoOp, NoOp, NoOp];485
[NoOp, Push(E,E), NoOp, NoOp, NoOp, NoOp, NoOp, NoOp];498
[NoOp, Push(E,E), NoOp, NoOp, NoOp, NoOp, NoOp, NoOp];481
[NoOp, Push(E,E), NoOp, NoOp, NoOp, NoOp, NoOp, NoOp];481
[NoOp, Push(E,E), NoOp, NoOp, NoOp, NoOp, NoOp, NoOp];491
[NoOp, Push(E,E), NoOp, NoOp, NoOp, NoOp, NoOp, NoOp];483
[NoOp, Push(E,E), NoOp, NoOp, NoOp, NoOp, NoOp, NoOp];498
[NoOp, Push(E,E), NoOp, NoOp, NoOp, NoOp, NoOp, NoOp];521
[NoOp, Push(E,E), NoOp, NoOp, NoOp, NoOp, NoOp, NoOp];493
[NoOp, Push(E,E), NoOp, NoOp, NoOp, NoOp, NoOp, NoOp];504
[NoOp, Push(E,E), NoOp, NoOp, NoOp, NoOp, NoOp, NoOp];503
[NoOp, Push(E,E), NoOp, NoOp, NoOp, NoOp, NoOp, NoOp];484
[NoOp, Push(E,E), NoOp, NoOp, NoOp, NoOp, NoOp, NoOp];480
[NoOp, Push(E,E), NoOp, NoOp, NoOp, NoOp, NoOp, NoOp];497
[NoOp, Push(E,E), NoOp, NoOp, NoOp, NoOp, NoOp, NoOp];505
[NoOp, Push(E,E), NoOp, NoOp, NoOp, NoOp, NoOp, NoOp];492
[NoOp, Push(E,E), NoOp, NoOp, NoOp, NoOp, NoOp, NoOp];481
[NoOp, Push(E,E), NoOp, NoOp, NoOp, NoOp, NoOp, NoOp];493
[NoOp, Push(E,E), NoOp, NoOp, NoOp, NoOp, NoOp, NoOp];490
[NoOp, Push(E,E), NoOp, NoOp, NoOp, NoOp, NoOp, NoOp];494
[NoOp, Push(E,E), NoOp, NoOp, NoOp, NoOp, NoOp, NoOp];477
[NoOp, Push(E,E), NoOp, NoOp, NoOp, NoOp, NoOp, NoOp];491
[NoOp, Push(E,E), NoOp, NoOp, NoOp, NoOp, NoOp, NoOp];478
[NoOp, Push(E,E), NoOp, NoOp, NoOp, NoOp, NoOp, NoOp];488
[NoOp, Push(E,E), NoOp, NoOp, NoOp, NoOp, NoOp, NoOp];489
[NoOp, Push(E,E), NoOp, NoOp, NoOp, NoOp, NoOp, NoOp];492
[NoOp, Push(E,E), NoOp, NoOp, NoOp, NoOp, NoOp, NoOp];515
[NoOp, Push(E,E), NoOp, NoOp, NoOp, NoOp, NoOp, NoOp];481
[NoOp, Push(E,E), NoOp, NoOp, NoOp, NoOp, NoOp, NoOp];486
[NoOp, Push(E,E), NoOp, NoOp, NoOp, NoOp, NoOp, NoOp];481
[NoOp, Push(E,E), NoOp, NoOp, NoOp, NoOp, NoOp, NoOp];498
[NoOp, Push(E,E), NoOp, NoOp, NoOp, NoOp, NoOp, NoOp];478
[NoOp, Push(E,E), NoOp, NoOp, NoOp, NoOp, NoOp, NoOp];496
[NoOp, Push(E,E), NoOp, NoOp, NoOp, NoOp, NoOp, NoOp];489
[NoOp, Push(E,E), NoOp, NoOp, NoOp, NoOp, NoOp, NoOp];500
[NoOp, Push(E,E), NoOp, NoOp, NoOp, NoOp, NoOp, NoOp];476
[NoOp, Push(E,E), NoOp, NoOp, NoOp, NoOp, NoOp, NoOp];481
[NoOp, Push(E,E), NoOp, NoOp, NoOp, NoOp, NoOp, NoOp];481
[NoOp, Push(E,E), NoOp, NoOp, NoOp, NoOp, NoOp, NoOp];483
[NoOp, Push(E,E), NoOp, NoOp, NoOp, NoOp, NoOp, NoOp];485
[NoOp, Push(E,E), NoOp, NoOp, NoOp, NoOp, NoOp, NoOp];485
[NoOp, Push(E,E), NoOp, NoOp, NoOp, NoOp, NoOp, NoOp];489
[NoOp, Push(E,E), NoOp, NoOp, NoOp, NoOp, NoOp, NoOp];479
[NoOp, Push(E,E), NoOp, NoOp, NoOp, NoOp, NoOp, NoOp];469
[NoOp, Push(E,E), NoOp, NoOp, NoOp, NoOp, NoOp, NoOp];487
[NoOp, Push(E,E), NoOp, NoOp, NoOp, NoOp, NoOp, NoOp];515
[NoOp, Push(E,E), NoOp, NoOp, NoOp, NoOp, NoOp, NoOp];481
[NoOp, Push(E,E), NoOp, NoOp, NoOp, NoOp, NoOp, NoOp];486
[NoOp, Push(E,E), NoOp, NoOp, NoOp, NoOp, NoOp, NoOp];470
[NoOp, Push(E,E), NoOp, NoOp, NoOp, NoOp, NoOp, NoOp];491
[NoOp, Push(E,E), NoOp, NoOp, NoOp, NoOp, NoOp, NoOp];485
[NoOp, Push(E,E), NoOp, NoOp, NoOp, NoOp, NoOp, NoOp];484
[NoOp, Push(E,E), NoOp, NoOp, NoOp, NoOp, NoOp, NoOp];477
[NoOp, Push(E,E), NoOp, NoOp, NoOp, NoOp, NoOp, NoOp];490
[NoOp, Push(E,E), NoOp, NoOp, NoOp, NoOp, NoOp, NoOp];479
[NoOp, Push(E,E), NoOp, NoOp, NoOp, NoOp, NoOp, NoOp];490
[NoOp, Push(E,E), NoOp, NoOp, NoOp, NoOp, NoOp, NoOp];482
[NoOp, Push(E,E), NoOp, NoOp, NoOp, NoOp, NoOp, NoOp];476
[NoOp, Push(E,E), NoOp, NoOp, NoOp, NoOp, NoOp, NoOp];480
[NoOp, Push(E,E), NoOp, NoOp, NoOp, NoOp, NoOp, NoOp];483
[NoOp, Push(E,E), NoOp, NoOp, NoOp, NoOp, NoOp, NoOp];480
[NoOp, Push(E,E), NoOp, NoOp, NoOp, NoOp, NoOp, NoOp];477
[NoOp, Push(E,E), NoOp, NoOp, NoOp, NoOp, NoOp, NoOp];483
[NoOp, Push(E,E), NoOp, NoOp, NoOp, NoOp, NoOp, NoOp];482
[NoOp, Push(E,E), NoOp, NoOp, NoOp, NoOp, NoOp, NoOp];485
[NoOp, Push(E,E), NoOp, NoOp, NoOp, NoOp, NoOp, NoOp];479
[NoOp, Push(E,E), NoOp, NoOp, NoOp, NoOp, NoOp, NoOp];480
[NoOp, Push(E,E), NoOp, NoOp, NoOp, NoOp, NoOp, NoOp];492
[NoOp, Push(E,E), NoOp, NoOp, NoOp, NoOp, NoOp, NoOp];497
[NoOp, Push(E,E), NoOp, NoOp, NoOp, NoOp, NoOp, NoOp];476
[NoOp, Push(E,E), NoOp, NoOp, NoOp, NoOp, NoOp, NoOp];481
[NoOp, Push(E,E), NoOp, NoOp, NoOp, NoOp, NoOp, NoOp];508
[NoOp, Push(E,E), NoOp, NoOp, NoOp, NoOp, NoOp, NoOp];478
[NoOp, Push(E,E), NoOp, NoOp, NoOp, NoOp, NoOp, NoOp];479
[NoOp, Push(E,E), NoOp, NoOp, NoOp, NoOp, NoOp, NoOp];484
[NoOp, Push(E,E), NoOp, NoOp, NoOp, NoOp, NoOp, NoOp];482
[NoOp, Push(E,E), NoOp, NoOp, NoOp, NoOp, NoOp, NoOp];485
[NoOp, Push(E,E), NoOp, NoOp, NoOp, NoOp, NoOp, NoOp];483
[NoOp, Push(E,E), NoOp, NoOp, NoOp, NoOp, NoOp, NoOp];493
[NoOp, Push(E,E), NoOp, NoOp, NoOp, NoOp, NoOp, NoOp];487
[NoOp, Push(E,E), NoOp, NoOp, NoOp, NoOp, NoOp, NoOp];482
[NoOp, Push(E,E), NoOp, NoOp, NoOp, NoOp, NoOp, NoOp];481
[NoOp, Push(E,E), NoOp, NoOp, NoOp, NoOp, NoOp, NoOp];475
[NoOp, Push(E,E), NoOp, NoOp, NoOp, NoOp, NoOp, NoOp];489
[NoOp, Push(E,E), NoOp, NoOp, NoOp, NoOp, NoOp, NoOp];493
[NoOp, Push(E,E), NoOp, NoOp, NoOp, NoOp, NoOp, NoOp];487
[NoOp, Push(E,E), NoOp, NoOp, NoOp, NoOp, NoOp, NoOp];483
[NoOp, Push(E,E), NoOp, NoOp, NoOp, NoOp, NoOp, NoOp];484
[NoOp, Push(E,E), NoOp, NoOp, NoOp, NoOp, NoOp, NoOp];483
[NoOp, Push(E,E), NoOp, NoOp, NoOp, NoOp, NoOp, NoOp];474
[NoOp, Push(E,E), NoOp, NoOp, NoOp, NoOp, NoOp, NoOp];482
[NoOp, Push(E,E), NoOp, NoOp, NoOp, NoOp, NoOp, NoOp];495
[NoOp, Push(E,E), NoOp, NoOp, NoOp, NoOp, NoOp, NoOp];484
[NoOp, Push(E,E), NoOp, NoOp, NoOp, NoOp, NoOp, NoOp];480
[NoOp, Push(E,E), NoOp, NoOp, NoOp, NoOp, NoOp, NoOp];481
[NoOp, Push(E,E), NoOp, NoOp, NoOp, NoOp, NoOp, NoOp];480
[NoOp, Push(E,E), NoOp, NoOp, NoOp, NoOp, NoOp, NoOp];483
[NoOp, Push(E,E), NoOp, NoOp, NoOp, NoOp, NoOp, NoOp];485
[NoOp, Push(E,E), NoOp, NoOp, NoOp, NoOp, NoOp, NoOp];496
[NoOp, Push(E,E), NoOp, NoOp, NoOp, NoOp, NoOp, NoOp];502
[NoOp, Push(E,E), NoOp, NoOp, NoOp, NoOp, NoOp, NoOp];498
[NoOp, Push(E,E), NoOp, NoOp, NoOp, NoOp, NoOp, NoOp];494
[NoOp, Push(E,E), NoOp, NoOp, NoOp, NoOp, NoOp, NoOp];499
[NoOp, Push(E,E), NoOp, NoOp, NoOp, NoOp, NoOp, NoOp];498
[NoOp, Push(E,E), NoOp, NoOp, NoOp, NoOp, NoOp, NoOp];504
[NoOp, Push(E,E), NoOp, NoOp, NoOp, NoOp, NoOp, NoOp];483
[NoOp, Push(E,E), NoOp, NoOp, NoOp, NoOp, NoOp, NoOp];480
[NoOp, Push(E,E), NoOp, NoOp, NoOp, NoOp, NoOp, NoOp];473
[NoOp, Push(E,E), NoOp, NoOp, NoOp, NoOp, NoOp, NoOp];483
[NoOp, Push(E,E), NoOp, NoOp, NoOp, NoOp, NoOp, NoOp];488
[NoOp, Push(E,E), NoOp, NoOp, NoOp, NoOp, NoOp, NoOp];490
[NoOp, Push(E,E), NoOp, NoOp, NoOp, NoOp, NoOp, NoOp];481
[NoOp, Push(E,E), NoOp, NoOp, NoOp, NoOp, NoOp, NoOp];496
[NoOp, Push(E,E), NoOp, NoOp, NoOp, NoOp, NoOp, NoOp];478
[NoOp, Push(E,E), NoOp, NoOp, NoOp, NoOp, NoOp, NoOp];495
[NoOp, Push(E,E), NoOp, NoOp, NoOp, NoOp, NoOp, NoOp];472
[NoOp, Push(E,E), NoOp, NoOp, NoOp, NoOp, NoOp, NoOp];494
[NoOp, Push(E,E), NoOp, NoOp, NoOp, NoOp, NoOp, NoOp];477
[NoOp, Push(E,E), NoOp, NoOp, NoOp, NoOp, NoOp, NoOp];492
[NoOp, Push(E,E), NoOp, NoOp, NoOp, NoOp, NoOp, NoOp];478
[NoOp, Push(E,E), NoOp, NoOp, NoOp, NoOp, NoOp, NoOp];492
[NoOp, Push(E,E), NoOp, NoOp, NoOp, NoOp, NoOp, NoOp];490
[NoOp, Push(E,E), NoOp, NoOp, NoOp, NoOp, NoOp, NoOp];485
[NoOp, Push(E,E), NoOp, NoOp, NoOp, NoOp, NoOp, NoOp];497
[NoOp, Push(E,E), NoOp, NoOp, NoOp, NoOp, NoOp, NoOp];482
[NoOp, Push(E,E), NoOp, NoOp, NoOp, NoOp, NoOp, NoOp];486
[NoOp, Push(E,E), NoOp, NoOp, NoOp, NoOp, NoOp, NoOp];482
[NoOp, Push(E,E), NoOp, NoOp, NoOp, NoOp, NoOp, NoOp];482
[NoOp, Push(E,E), NoOp, NoOp, NoOp, NoOp, NoOp, NoOp];474
[NoOp, Push(E,E), NoOp, NoOp, NoOp, NoOp, NoOp, NoOp];461
[NoOp, Push(E,E), NoOp, NoOp, NoOp, NoOp, NoOp, NoOp];471
[NoOp, Push(E,E), NoOp, NoOp, NoOp, NoOp, NoOp, NoOp];487
[NoOp, Push(E,E), NoOp, NoOp, NoOp, NoOp, NoOp, NoOp];477
[NoOp, Push(E,E), NoOp, NoOp, NoOp, NoOp, NoOp, NoOp];481
[NoOp, Push(E,E), NoOp, NoOp, NoOp, NoOp, NoOp, NoOp];475
[NoOp, Push(E,E), NoOp, NoOp, NoOp, NoOp, NoOp, NoOp];479
[NoOp, Push(E,E), NoOp, NoOp, NoOp, NoOp, NoOp, NoOp];465
[NoOp, Push(E,E), NoOp, NoOp, NoOp, NoOp, NoOp, NoOp];485
[NoOp, Push(E,E), NoOp, NoOp, NoOp, NoOp, NoOp, NoOp];478
[NoOp, Push(E,E), NoOp, NoOp, NoOp, NoOp, NoOp, NoOp];485
[NoOp, Push(E,E), NoOp, NoOp, NoOp, NoOp, NoOp, NoOp];473
[NoOp, Push(E,E), NoOp, NoOp, NoOp, NoOp, NoOp, NoOp];466
[NoOp, Push(E,E), NoOp, NoOp, NoOp, NoOp, NoOp, NoOp];481
[NoOp, Push(E,E), NoOp, NoOp, NoOp, NoOp, NoOp, NoOp];473
[NoOp, Push(E,E), NoOp, NoOp, NoOp, NoOp, NoOp, NoOp];470
[NoOp, Push(E,E), NoOp, NoOp, NoOp, NoOp, NoOp, NoOp];490
[NoOp, Push(E,E), NoOp, NoOp, NoOp, NoOp, NoOp, NoOp];486
[NoOp, Push(E,E), NoOp, NoOp, NoOp, NoOp, NoOp, NoOp];486
[NoOp, Push(E,E), NoOp, NoOp, NoOp, NoOp, NoOp, NoOp];471
[NoOp, Push(E,E), NoOp, NoOp, NoOp, NoOp, NoOp, NoOp];473
[NoOp, Push(E,E), NoOp, NoOp, NoOp, NoOp, NoOp, NoOp];482
[NoOp, Push(E,E), NoOp, NoOp, NoOp, NoOp, NoOp, NoOp];468
[NoOp, Push(E,E), NoOp, NoOp, NoOp, NoOp, NoOp, NoOp];471
[NoOp, Push(E,E), NoOp, NoOp, NoOp, NoOp, NoOp, NoOp];475
[NoOp, Push(E,E), NoOp, NoOp, NoOp, NoOp, NoOp, NoOp];481
[NoOp, Push(E,E), NoOp, NoOp, NoOp, NoOp, NoOp, NoOp];470
[NoOp, Push(E,E), NoOp, NoOp, NoOp, NoOp, NoOp, NoOp];478
[NoOp, Push(E,E), NoOp, NoOp, NoOp, NoOp, NoOp, NoOp];474
[NoOp, Push(E,E), NoOp, NoOp, NoOp, NoOp, NoOp, NoOp];471
[NoOp, Push(E,E), NoOp, NoOp, NoOp, NoOp, NoOp, NoOp];460
[NoOp, Push(E,E), NoOp, NoOp, NoOp, NoOp, NoOp, NoOp];467
[NoOp, Push(E,E), NoOp, NoOp, NoOp, NoOp, NoOp, NoOp];465
[NoOp, Push(E,E), NoOp, NoOp, NoOp, NoOp, NoOp, NoOp];481
[NoOp, Push(E,E), NoOp, NoOp, NoOp, NoOp, NoOp, NoOp];471
[NoOp, Push(E,E), NoOp, NoOp, NoOp, NoOp, NoOp, NoOp];465
[NoOp, Push(E,E), NoOp, NoOp, NoOp, NoOp, NoOp, NoOp];481
[NoOp, Push(E,E), NoOp, NoOp, NoOp, NoOp, NoOp, NoOp];482
[NoOp, Push(E,E), NoOp, NoOp, NoOp, NoOp, NoOp, NoOp];476
[NoOp, Push(E,E), NoOp, NoOp, NoOp, NoOp, NoOp, NoOp];490
[NoOp, Push(E,E), NoOp, NoOp, NoOp, NoOp, NoOp, NoOp];492
[NoOp, Push(E,E), NoOp, NoOp, NoOp, NoOp, NoOp, NoOp];466
[NoOp, Push(E,E), NoOp, NoOp, NoOp, NoOp, NoOp, NoOp];475
[NoOp, Push(E,E), NoOp, NoOp, NoOp, NoOp, NoOp, NoOp];480
[NoOp, Push(E,E), NoOp, NoOp, NoOp, NoOp, NoOp, NoOp];473
[NoOp, Push(E,E), NoOp, NoOp, NoOp, NoOp, NoOp, NoOp];479
[NoOp, Push(E,E), NoOp, NoOp, NoOp, NoOp, NoOp, NoOp];471
[NoOp, Push(E,E), NoOp, NoOp, NoOp, NoOp, NoOp, NoOp];475
[NoOp, Push(E,E), NoOp, NoOp, NoOp, NoOp, NoOp, NoOp];478
[NoOp, Push(E,E), NoOp, NoOp, NoOp, NoOp, NoOp, NoOp];470
[NoOp, Push(E,E), NoOp, NoOp, NoOp, NoOp, NoOp, NoOp];470
[NoOp, Push(E,E), NoOp, NoOp, NoOp, NoOp, NoOp, NoOp];467
[NoOp, Push(E,E), NoOp, NoOp, NoOp, NoOp, NoOp, NoOp];468
[NoOp, Push(E,E), NoOp, NoOp, NoOp, NoOp, NoOp, NoOp];464
[NoOp, Push(E,E), NoOp, NoOp, NoOp, NoOp, NoOp, NoOp];467
[NoOp, Push(E,E), NoOp, NoOp, NoOp, NoOp, NoOp, NoOp];463
[NoOp, Push(E,E), NoOp, NoOp, NoOp, NoOp, NoOp, NoOp];468
[NoOp, Push(E,E), NoOp, NoOp, NoOp, NoOp, NoOp, NoOp];477
[NoOp, Push(E,E), NoOp, NoOp, NoOp, NoOp, NoOp, NoOp];470
[NoOp, Push(E,E), NoOp, NoOp, NoOp, NoOp, NoOp, NoOp];479
[NoOp, Push(E,E), NoOp, NoOp, NoOp, NoOp, NoOp, NoOp];481
[NoOp, Push(E,E), NoOp, NoOp, NoOp, NoOp, NoOp, NoOp];477
[NoOp, Push(E,E), NoOp, NoOp, NoOp, NoOp, NoOp, NoOp];476
[NoOp, Push(E,E), NoOp, NoOp, NoOp, NoOp, NoOp, NoOp];484
[NoOp, Push(E,E), NoOp, NoOp, NoOp, NoOp, NoOp, NoOp];466
[NoOp, Push(E,E), NoOp, NoOp, NoOp, NoOp, NoOp, NoOp];478
[NoOp, Push(E,E), NoOp, NoOp, NoOp, NoOp, NoOp, NoOp];483
[NoOp, Push(E,E), NoOp, NoOp, NoOp, NoOp, NoOp, NoOp];478
[NoOp, Push(E,E), NoOp, NoOp, NoOp, NoOp, NoOp, NoOp];463
[NoOp, Push(E,E), NoOp, NoOp, NoOp, NoOp, NoOp, NoOp];468
[NoOp, Push(E,E), NoOp, NoOp, NoOp, NoOp, NoOp, NoOp];472
[NoOp, Push(E,E), NoOp, NoOp, NoOp, NoOp, NoOp, NoOp];477
[NoOp, Push(E,E), NoOp, NoOp, NoOp, NoOp, NoOp, NoOp];477
[NoOp, Push(E,E), NoOp, NoOp, NoOp, NoOp, NoOp, NoOp];479
[NoOp, Push(E,E), NoOp, NoOp, NoOp, NoOp, NoOp, NoOp];466
[NoOp, Push(E,E), NoOp, NoOp, NoOp, NoOp, NoOp, NoOp];466
[NoOp, Push(E,E), NoOp, NoOp, NoOp, NoOp, NoOp, NoOp];468
[NoOp, Push(E,E), NoOp, NoOp, NoOp, NoOp, NoOp, NoOp];465
[NoOp, Push(E,E), NoOp, NoOp, NoOp, NoOp, NoOp, NoOp];454
[NoOp, Push(E,E), NoOp, NoOp, NoOp, NoOp, NoOp, NoOp];474
[NoOp, Push(E,E), NoOp, NoOp, NoOp, NoOp, NoOp, NoOp];465
[NoOp, Push(E,E), NoOp, NoOp, NoOp, NoOp, NoOp, NoOp];480
[NoOp, Push(E,E), NoOp, NoOp, NoOp, NoOp, NoOp, NoOp];476
[NoOp, Push(E,E), NoOp, NoOp, NoOp, NoOp, NoOp, NoOp];487
[NoOp, Push(E,E), NoOp, NoOp, NoOp, NoOp, NoOp, NoOp];494
[NoOp, Push(E,E), NoOp, NoOp, NoOp, NoOp, NoOp, NoOp];467
[NoOp, Push(E,E), NoOp, NoOp, NoOp, NoOp, NoOp, NoOp];467
[NoOp, Push(E,E), NoOp, NoOp, NoOp, NoOp, NoOp, NoOp];461
[NoOp, Push(E,E), NoOp, NoOp, NoOp, NoOp, NoOp, NoOp];474
[NoOp, Push(E,E), NoOp, NoOp, NoOp, NoOp, NoOp, NoOp];474
[NoOp, Push(E,E), NoOp, NoOp, NoOp, NoOp, NoOp, NoOp];467
[NoOp, Push(E,E), NoOp, NoOp, NoOp, NoOp, NoOp, NoOp];479
[NoOp, Push(E,E), NoOp, NoOp, NoOp, NoOp, NoOp, NoOp];485
[NoOp, Push(E,E), NoOp, NoOp, NoOp, NoOp, NoOp, NoOp];460
[NoOp, Push(E,E), NoOp, NoOp, NoOp, NoOp, NoOp, NoOp];476
[NoOp, Push(E,E), NoOp, NoOp, NoOp, NoOp, NoOp, NoOp];485
[NoOp, Push(E,E), NoOp, NoOp, NoOp, NoOp, NoOp, NoOp];474
[NoOp, Push(E,E), NoOp, NoOp, NoOp, NoOp, NoOp, NoOp];471
[NoOp, Push(E,E), NoOp, NoOp, NoOp, NoOp, NoOp, NoOp];459
[NoOp, Push(E,E), NoOp, NoOp, NoOp, NoOp, NoOp, NoOp];479
[NoOp, Push(E,E), NoOp, NoOp, NoOp, NoOp, NoOp, NoOp];473
[NoOp, Push(E,E), NoOp, NoOp, NoOp, NoOp, NoOp, NoOp];466
[NoOp, Push(E,E), NoOp, NoOp, NoOp, NoOp, NoOp, NoOp];476
[NoOp, Push(E,E), NoOp, NoOp, NoOp, NoOp, NoOp, NoOp];478
[NoOp, Push(E,E), NoOp, NoOp, NoOp, NoOp, NoOp, NoOp];460
[NoOp, Push(E,E), NoOp, NoOp, NoOp, NoOp, NoOp, NoOp];470
[NoOp, Push(E,E), NoOp, NoOp, NoOp, NoOp, NoOp, NoOp];472
[NoOp, Push(E,E), NoOp, NoOp, NoOp, NoOp, NoOp, NoOp];481
[NoOp, Push(E,E), NoOp, NoOp, NoOp, NoOp, NoOp, NoOp];461
[NoOp, Push(E,E), NoOp, NoOp, NoOp, NoOp, NoOp, NoOp];474
[NoOp, Push(E,E), NoOp, NoOp, NoOp, NoOp, NoOp, NoOp];465
[NoOp, Push(E,E), NoOp, NoOp, NoOp, NoOp, NoOp, NoOp];468
[NoOp, Push(E,E), NoOp, NoOp, NoOp, NoOp, NoOp, NoOp];479
[NoOp, Push(E,E), NoOp, NoOp, NoOp, NoOp, NoOp, NoOp];474
[NoOp, Push(E,E), NoOp, NoOp, NoOp, NoOp, NoOp, NoOp];460
[NoOp, Push(E,E), NoOp, NoOp, NoOp, NoOp, NoOp, NoOp];484
[NoOp, Push(E,E), NoOp, NoOp, NoOp, NoOp, NoOp, NoOp];470
[NoOp, Push(E,E), NoOp, NoOp, NoOp, NoOp, NoOp, NoOp];484
[NoOp, Push(E,E), NoOp, NoOp, NoOp, NoOp, NoOp, NoOp];480
[NoOp, Push(E,E), NoOp, NoOp, NoOp, NoOp, NoOp, NoOp];471
[NoOp, Push(E,E), NoOp, NoOp, NoOp, NoOp, NoOp, NoOp];484
[NoOp, Push(E,E), NoOp, NoOp, NoOp, NoOp, NoOp, NoOp];486
[NoOp, Push(E,E), NoOp, NoOp, NoOp, NoOp, NoOp, NoOp];493
[NoOp, Push(E,E), NoOp, NoOp, NoOp, NoOp, NoOp, NoOp];481
[NoOp, Push(E,E), NoOp, NoOp, NoOp, NoOp, NoOp, NoOp];496
[NoOp, Push(E,E), NoOp, NoOp, NoOp, NoOp, NoOp, NoOp];472
[NoOp, Push(E,E), NoOp, NoOp, NoOp, NoOp, NoOp, NoOp];469
[NoOp, Push(E,E), NoOp, NoOp, NoOp, NoOp, NoOp, NoOp];478
[NoOp, Push(E,E), NoOp, NoOp, NoOp, NoOp, NoOp, NoOp];483
[NoOp, Push(E,E), NoOp, NoOp, NoOp, NoOp, NoOp, NoOp];468
[NoOp, Push(E,E), NoOp, NoOp, NoOp, NoOp, NoOp, NoOp];466
[NoOp, Push(E,E), NoOp, NoOp, NoOp, NoOp, NoOp, NoOp];473
[NoOp, Push(E,E), NoOp, NoOp, NoOp, NoOp, NoOp, NoOp];474
[NoOp, Push(E,E), NoOp, NoOp, NoOp, NoOp, NoOp, NoOp];465
[NoOp, Push(E,E), NoOp, NoOp, NoOp, NoOp, NoOp, NoOp];460
[NoOp, Push(E,E), NoOp, NoOp, NoOp, NoOp, NoOp, NoOp];471
[NoOp, Push(E,E), NoOp, NoOp, NoOp, NoOp, NoOp, NoOp];468
[NoOp, Push(E,E), NoOp, NoOp, NoOp, NoOp, NoOp, NoOp];470
[NoOp, Push(E,E), NoOp, NoOp, NoOp, NoOp, NoOp, NoOp];464
[NoOp, Push(E,E), NoOp, NoOp, NoOp, NoOp, NoOp, NoOp];475
[NoOp, Push(E,E), NoOp, NoOp, NoOp, NoOp, NoOp, NoOp];466
[NoOp, Push(E,E), NoOp, NoOp, NoOp, NoOp, NoOp, NoOp];468
[NoOp, Push(E,E), NoOp, NoOp, NoOp, NoOp, NoOp, NoOp];463
[NoOp, Push(E,E), NoOp, NoOp, NoOp, NoOp, NoOp, NoOp];487
[NoOp, Push(E,E), NoOp, NoOp, NoOp, NoOp, NoOp, NoOp];465
[NoOp, Push(E,E), NoOp, NoOp, NoOp, NoOp, NoOp, NoOp];485
[NoOp, Push(E,E), NoOp, NoOp, NoOp, NoOp, NoOp, NoOp];489
[NoOp, Push(E,E), NoOp, NoOp, NoOp, NoOp, NoOp, NoOp];480
[NoOp, Push(E,E), NoOp, NoOp, NoOp, NoOp, NoOp, NoOp];486
[NoOp, Push(E,E), NoOp, NoOp, NoOp, NoOp, NoOp, NoOp];480
[NoOp, Push(E,E), NoOp, NoOp, NoOp, NoOp, NoOp, NoOp];491
[NoOp, Push(E,E), NoOp, NoOp, NoOp, NoOp, NoOp, NoOp];480
[NoOp, Push(E,E), NoOp, NoOp, NoOp, NoOp, NoOp, NoOp];487
[NoOp, Push(E,E), NoOp, NoOp, NoOp, NoOp, NoOp, NoOp];471
[NoOp, Push(E,E), NoOp, NoOp, NoOp, NoOp, NoOp, NoOp];471
[NoOp, Push(E,E), NoOp, NoOp, NoOp, NoOp, NoOp, NoOp];484
[NoOp, Push(E,E), NoOp, NoOp, NoOp, NoOp, NoOp, NoOp];470
[NoOp, Push(E,E), NoOp, NoOp, NoOp, NoOp, NoOp, NoOp];463
[NoOp, Push(E,E), NoOp, NoOp, NoOp, NoOp, NoOp, NoOp];479
[NoOp, Push(E,E), NoOp, NoOp, NoOp, NoOp, NoOp, NoOp];472
[NoOp, Push(E,E), NoOp, NoOp, NoOp, NoOp, NoOp, NoOp];471
[NoOp, Push(E,E), NoOp, NoOp, NoOp, NoOp, NoOp, NoOp];475
[NoOp, Push(E,E), NoOp, NoOp, NoOp, NoOp, NoOp, NoOp];476
[NoOp, Push(E,E), NoOp, NoOp, NoOp, NoOp, NoOp, NoOp];471
[NoOp, Push(E,E), NoOp, NoOp, NoOp, NoOp, NoOp, NoOp];463
[NoOp, Push(E,E), NoOp, NoOp, NoOp, NoOp, NoOp, NoOp];483
[NoOp, Push(E,E), NoOp, NoOp, NoOp, NoOp, NoOp, NoOp];476
[NoOp, Push(E,E), NoOp, NoOp, NoOp, NoOp, NoOp, NoOp];472
[NoOp, Push(E,E), NoOp, NoOp, NoOp, NoOp, NoOp, NoOp];465
[NoOp, Push(E,E), NoOp, NoOp, NoOp, NoOp, NoOp, NoOp];476
[NoOp, Push(E,E), NoOp, NoOp, NoOp, NoOp, NoOp, NoOp];471
[NoOp, Push(E,E), NoOp, NoOp, NoOp, NoOp, NoOp, NoOp];483
[NoOp, Push(E,E), NoOp, NoOp, NoOp, NoOp, NoOp, NoOp];510
[NoOp, Push(E,E), NoOp, NoOp, NoOp, NoOp, NoOp, NoOp];506
[NoOp, Push(E,E), NoOp, NoOp, NoOp, NoOp, NoOp, NoOp];496
[NoOp, Push(E,E), NoOp, NoOp, NoOp, NoOp, NoOp, NoOp];500
[NoOp, Push(E,E), NoOp, NoOp, NoOp, NoOp, NoOp, NoOp];468
[NoOp, Push(E,E), NoOp, NoOp, NoOp, NoOp, NoOp, NoOp];474
[NoOp, Push(E,E), NoOp, NoOp, NoOp, NoOp, NoOp, NoOp];471
[NoOp, Push(E,E), NoOp, NoOp, NoOp, NoOp, NoOp, NoOp];502
[NoOp, Push(E,E), NoOp, NoOp, NoOp, NoOp, NoOp, NoOp];486
[NoOp, Push(E,E), NoOp, NoOp, NoOp, NoOp, NoOp, NoOp];462
[NoOp, Push(E,E), NoOp, NoOp, NoOp, NoOp, NoOp, NoOp];470
[NoOp, Push(E,E), NoOp, NoOp, NoOp, NoOp, NoOp, NoOp];471
[NoOp, Push(E,E), NoOp, NoOp, NoOp, NoOp, NoOp, NoOp];478
[NoOp, Push(E,E), NoOp, NoOp, NoOp, NoOp, NoOp, NoOp];473
[NoOp, Push(E,E), NoOp, NoOp, NoOp, NoOp, NoOp, NoOp];467
[NoOp, Push(E,E), NoOp, NoOp, NoOp, NoOp, NoOp, NoOp];469
[NoOp, Push(E,E), NoOp, NoOp, NoOp, NoOp, NoOp, NoOp];470
[NoOp, Push(E,E), NoOp, NoOp, NoOp, NoOp, NoOp, NoOp];457
[NoOp, Push(E,E), NoOp, NoOp, NoOp, NoOp, NoOp, NoOp];477
[NoOp, Push(E,E), NoOp, NoOp, NoOp, NoOp, NoOp, NoOp];480
[NoOp, Push(E,E), NoOp, NoOp, NoOp, NoOp, NoOp, NoOp];476
[NoOp, Push(E,E), NoOp, NoOp, NoOp, NoOp, NoOp, NoOp];462
[NoOp, Push(E,E), NoOp, NoOp, NoOp, NoOp, NoOp, NoOp];465
[NoOp, Push(E,E), NoOp, NoOp, NoOp, NoOp, NoOp, NoOp];488
[NoOp, Push(E,E), NoOp, NoOp, NoOp, NoOp, NoOp, NoOp];475
[NoOp, Push(E,E), NoOp, NoOp, NoOp, NoOp, NoOp, NoOp];471
[NoOp, Push(E,E), NoOp, NoOp, NoOp, NoOp, NoOp, NoOp];484
[NoOp, Push(E,E), NoOp, NoOp, NoOp, NoOp, NoOp, NoOp];470
[NoOp, Push(E,E), NoOp, NoOp, NoOp, NoOp, NoOp, NoOp];468
[NoOp, Push(E,E), NoOp, NoOp, NoOp, NoOp, NoOp, NoOp];483
[NoOp, Push(E,E), NoOp, NoOp, NoOp, NoOp, NoOp, NoOp];482
[NoOp, Push(E,E), NoOp, NoOp, NoOp, NoOp, NoOp, NoOp];492
[NoOp, Push(E,E), NoOp, NoOp, NoOp, NoOp, NoOp, NoOp];493
[NoOp, Push(E,E), NoOp, NoOp, NoOp, NoOp, NoOp, NoOp];486
[NoOp, Push(E,E), NoOp, NoOp, NoOp, NoOp, NoOp, NoOp];483
[NoOp, Push(E,E), NoOp, NoOp, NoOp, NoOp, NoOp, NoOp];485
[NoOp, Push(E,E), NoOp, NoOp, NoOp, NoOp, NoOp, NoOp];481
[NoOp, Push(E,E), NoOp, NoOp, NoOp, NoOp, NoOp, NoOp];480
[NoOp, Push(E,E), NoOp, NoOp, NoOp, NoOp, NoOp, NoOp];488
[NoOp, Push(E,E), NoOp, NoOp, NoOp, NoOp, NoOp, NoOp];468
[NoOp, Push(E,E), NoOp, NoOp, NoOp, NoOp, NoOp, NoOp];471
[NoOp, Push(E,E), NoOp, NoOp, NoOp, NoOp, NoOp, NoOp];476
[NoOp, Push(E,E), NoOp, NoOp, NoOp, NoOp, NoOp, NoOp];481
[NoOp, Push(E,E), NoOp, NoOp, NoOp, NoOp, NoOp, NoOp];478
[NoOp, Push(E,E), NoOp, NoOp, NoOp, NoOp, NoOp, NoOp];494
[NoOp, Push(E,E), NoOp, NoOp, NoOp, NoOp, NoOp, NoOp];490
[NoOp, Push(E,E), NoOp, NoOp, NoOp, NoOp, NoOp, NoOp];468
[NoOp, Push(E,E), NoOp, NoOp, NoOp, NoOp, NoOp, NoOp];488
[NoOp, Push(E,E), NoOp, NoOp, NoOp, NoOp, NoOp, NoOp];468
[NoOp, Push(E,E), NoOp, NoOp, NoOp, NoOp, NoOp, NoOp];478
[NoOp, Push(E,E), NoOp, NoOp, NoOp, NoOp, NoOp, NoOp];478
[NoOp, Push(E,E), NoOp, NoOp, NoOp, NoOp, NoOp, NoOp];470
[NoOp, Push(E,E), NoOp, NoOp, NoOp, NoOp, NoOp, NoOp];473
[NoOp, Push(E,E), NoOp, NoOp, NoOp, NoOp, NoOp, NoOp];467
[NoOp, Push(E,E), NoOp, NoOp, NoOp, NoOp, NoOp, NoOp];479
[NoOp, Push(E,E), NoOp, NoOp, NoOp, NoOp, NoOp, NoOp];482
[NoOp, Push(E,E), NoOp, NoOp, NoOp, NoOp, NoOp, NoOp];469
[NoOp, Push(E,E), NoOp, NoOp, NoOp, NoOp, NoOp, NoOp];482
[NoOp, Push(E,E), NoOp, NoOp, NoOp, NoOp, NoOp, NoOp];484
[NoOp, Push(E,E), NoOp, NoOp, NoOp, NoOp, NoOp, NoOp];475
[NoOp, Push(E,E), NoOp, NoOp, NoOp, NoOp, NoOp, NoOp];483
[NoOp, Push(E,E), NoOp, NoOp, NoOp, NoOp, NoOp, NoOp];486
[NoOp, Push(E,E), NoOp, NoOp, NoOp, NoOp, NoOp, NoOp];488
[NoOp, Push(E,E), NoOp, NoOp, NoOp, NoOp, NoOp, NoOp];478
[NoOp, Push(E,E), NoOp, NoOp, NoOp, NoOp, NoOp, NoOp];487
[NoOp, Push(E,E), NoOp, NoOp, NoOp, NoOp, NoOp, NoOp];494
[NoOp, Push(E,E), NoOp, NoOp, NoOp, NoOp, NoOp, NoOp];488
[NoOp, Push(E,E), NoOp, NoOp, NoOp, NoOp, NoOp, NoOp];480
[NoOp, Push(E,E), NoOp, NoOp, NoOp, NoOp, NoOp, NoOp];471
[NoOp, Push(E,E), NoOp, NoOp, NoOp, NoOp, NoOp, NoOp];480
[NoOp, Push(E,E), NoOp, NoOp, NoOp, NoOp, NoOp, NoOp];496
[NoOp, Push(E,E), NoOp, NoOp, NoOp, NoOp, NoOp, NoOp];487
[NoOp, Push(E,E), NoOp, NoOp, NoOp, NoOp, NoOp, NoOp];466
[NoOp, Push(E,E), NoOp, NoOp, NoOp, NoOp, NoOp, NoOp];474
[NoOp, Push(E,E), NoOp, NoOp, NoOp, NoOp, NoOp, NoOp];478
[NoOp, Push(E,E), NoOp, NoOp, NoOp, NoOp, NoOp, NoOp];482
[NoOp, Push(E,E), NoOp, NoOp, NoOp, NoOp, NoOp, NoOp];483
[NoOp, Push(E,E), NoOp, NoOp, NoOp, NoOp, NoOp, NoOp];495
[NoOp, Push(E,E), NoOp, NoOp, NoOp, NoOp, NoOp, NoOp];489
[NoOp, Push(E,E), NoOp, NoOp, NoOp, NoOp, NoOp, NoOp];483
[NoOp, Push(E,E), NoOp, NoOp, NoOp, NoOp, NoOp, NoOp];461
[NoOp, Push(E,E), NoOp, NoOp, NoOp, NoOp, NoOp, NoOp];483
[NoOp, Push(E,E), NoOp, NoOp, NoOp, NoOp, NoOp, NoOp];468
[NoOp, Push(E,E), NoOp, NoOp, NoOp, NoOp, NoOp, NoOp];471
[NoOp, Push(E,E), NoOp, NoOp, NoOp, NoOp, NoOp, NoOp];485
[NoOp, Push(E,E), NoOp, NoOp, NoOp, NoOp, NoOp, NoOp];476
[NoOp, Push(E,E), NoOp, NoOp, NoOp, NoOp, NoOp, NoOp];478
[NoOp, Push(E,E), NoOp, NoOp, NoOp, NoOp, NoOp, NoOp];485
[NoOp, Push(E,E), NoOp, NoOp, NoOp, NoOp, NoOp, NoOp];477
[NoOp, Push(E,E), NoOp, NoOp, NoOp, NoOp, NoOp, NoOp];480
[NoOp, Push(E,E), NoOp, NoOp, NoOp, NoOp, NoOp, NoOp];477
[NoOp, Push(E,E), NoOp, NoOp, NoOp, NoOp, NoOp, NoOp];482
[NoOp, Push(E,E), NoOp, NoOp, NoOp, NoOp, NoOp, NoOp];486
[NoOp, Push(E,E), NoOp, NoOp, NoOp, NoOp, NoOp, NoOp];473
[NoOp, Push(E,E), NoOp, NoOp, NoOp, NoOp, NoOp, NoOp];464
[NoOp, Push(E,E), NoOp, NoOp, NoOp, NoOp, NoOp, NoOp];473
[NoOp, Push(E,E), NoOp, NoOp, NoOp, NoOp, NoOp, NoOp];480
[NoOp, Push(E,E), NoOp, NoOp, NoOp, NoOp, NoOp, NoOp];468
[NoOp, Push(E,E), NoOp, NoOp, NoOp, NoOp, NoOp, NoOp];475
[NoOp, Push(E,E), NoOp, NoOp, NoOp, NoOp, NoOp, NoOp];465
[NoOp, Push(E,E), NoOp, NoOp, NoOp, NoOp, NoOp, NoOp];480
[NoOp, Push(E,E), NoOp, NoOp, NoOp, NoOp, NoOp, NoOp];486
[NoOp, Push(E,E), NoOp, NoOp, NoOp, NoOp, NoOp, NoOp];475
[NoOp, Push(E,E), NoOp, NoOp, NoOp, NoOp, NoOp, NoOp];480
[NoOp, Push(E,E), NoOp, NoOp, NoOp, NoOp, NoOp, NoOp];470
[NoOp, Push(E,E), NoOp, NoOp, NoOp, NoOp, NoOp, NoOp];468
[NoOp, Push(E,E), NoOp, NoOp, NoOp, NoOp, NoOp, NoOp];472
[NoOp, Push(E,E), NoOp, NoOp, NoOp, NoOp, NoOp, NoOp];475
[NoOp, Push(E,E), NoOp, NoOp, NoOp, NoOp, NoOp, NoOp];475
[NoOp, Push(E,E), NoOp, NoOp, NoOp, NoOp, NoOp, NoOp];471
[NoOp, Push(E,E), NoOp, NoOp, NoOp, NoOp, NoOp, NoOp];477
[NoOp, Push(E,E), NoOp, NoOp, NoOp, NoOp, NoOp, NoOp];484
[NoOp, Push(E,E), NoOp, NoOp, NoOp, NoOp, NoOp, NoOp];490
[NoOp, Push(E,E), NoOp, NoOp, NoOp, NoOp, NoOp, NoOp];472
[NoOp, Push(E,E), NoOp, NoOp, NoOp, NoOp, NoOp, NoOp];475
[NoOp, Push(E,E), NoOp, NoOp, NoOp, NoOp, NoOp, NoOp];470
[NoOp, Push(E,E), NoOp, NoOp, NoOp, NoOp, NoOp, NoOp];479
[NoOp, Push(E,E), NoOp, NoOp, NoOp, NoOp, NoOp, NoOp];465
[NoOp, Push(E,E), NoOp, NoOp, NoOp, NoOp, NoOp, NoOp];470
[NoOp, Push(E,E), NoOp, NoOp, NoOp, NoOp, NoOp, NoOp];469
[NoOp, Push(E,E), NoOp, NoOp, NoOp, NoOp, NoOp, NoOp];482
[NoOp, Push(E,E), NoOp, NoOp, NoOp, NoOp, NoOp, NoOp];471
[NoOp, Push(E,E), NoOp, NoOp, NoOp, NoOp, NoOp, NoOp];493
[NoOp, Push(E,E), NoOp, NoOp, NoOp, NoOp, NoOp, NoOp];478
[NoOp, Push(E,E), NoOp, NoOp, NoOp, NoOp, NoOp, NoOp];487
[NoOp, Push(E,E), NoOp, NoOp, NoOp, NoOp, NoOp, NoOp];487
[NoOp, Push(E,E), NoOp, NoOp, NoOp, NoOp, NoOp, NoOp];482
[NoOp, Push(E,E), NoOp, NoOp, NoOp, NoOp, NoOp, NoOp];493
[NoOp, Push(E,E), NoOp, NoOp, NoOp, NoOp, NoOp, NoOp];489
[NoOp, Push(E,E), NoOp, NoOp, NoOp, NoOp, NoOp, NoOp];482
[NoOp, Push(E,E), NoOp, NoOp, NoOp, NoOp, NoOp, NoOp];483
[NoOp, Push(E,E), NoOp, NoOp, NoOp, NoOp, NoOp, NoOp];479
[NoOp, Push(E,E), NoOp, NoOp, NoOp, NoOp, NoOp, NoOp];481
[NoOp, Push(E,E), NoOp, NoOp, NoOp, NoOp, NoOp, NoOp];470
[NoOp, Push(E,E), NoOp, NoOp, NoOp, NoOp, NoOp, NoOp];486
[NoOp, Push(E,E), NoOp, NoOp, NoOp, NoOp, NoOp, NoOp];488
[NoOp, Push(E,E), NoOp, NoOp, NoOp, NoOp, NoOp, NoOp];475
[NoOp, Push(E,E), NoOp, NoOp, NoOp, NoOp, NoOp, NoOp];478
[NoOp, Push(E,E), NoOp, NoOp, NoOp, NoOp, NoOp, NoOp];481
[NoOp, Push(E,E), NoOp, NoOp, NoOp, NoOp, NoOp, NoOp];471
[NoOp, Push(E,E), NoOp, NoOp, NoOp, NoOp, NoOp, NoOp];472
[NoOp, Push(E,E), NoOp, NoOp, NoOp, NoOp, NoOp, NoOp];469
[NoOp, Push(E,E), NoOp, NoOp, NoOp, NoOp, NoOp, NoOp];469
[NoOp, Push(E,E), NoOp, NoOp, NoOp, NoOp, NoOp, NoOp];473
[NoOp, Push(E,E), NoOp, NoOp, NoOp, NoOp, NoOp, NoOp];481
[NoOp, Push(E,E), NoOp, NoOp, NoOp, NoOp, NoOp, NoOp];461
[NoOp, Push(E,E), NoOp, NoOp, NoOp, NoOp, NoOp, NoOp];470
[NoOp, Push(E,E), NoOp, NoOp, NoOp, NoOp, NoOp, NoOp];478
[NoOp, Push(E,E), NoOp, NoOp, NoOp, NoOp, NoOp, NoOp];486
[NoOp, Push(E,E), NoOp, NoOp, NoOp, NoOp, NoOp, NoOp];472
[NoOp, Push(E,E), NoOp, NoOp, NoOp, NoOp, NoOp, NoOp];478
[NoOp, Push(E,E), NoOp, NoOp, NoOp, NoOp, NoOp, NoOp];475
[NoOp, Push(E,E), NoOp, NoOp, NoOp, NoOp, NoOp, NoOp];484
[NoOp, Push(E,E), NoOp, NoOp, NoOp, NoOp, NoOp, NoOp];470
[NoOp, Push(E,E), NoOp, NoOp, NoOp, NoOp, NoOp, NoOp];467
[NoOp, Push(E,E), NoOp, NoOp, NoOp, NoOp, NoOp, NoOp];477
7c1f45a0600593fa6854169a8f8842953b0f2b53
unsuccessful
299858
621
613f4fed922f82340c393c51b9d3d0bc06f9a07d
1494959761921
