blue: 0,A,E,H,K,N,Q
red: 1,B,F,I,L,O,R
green: 2,C,G,J,M,P,S
+++++++++++++++++++++++++++++
+BAC     +ONP            GEF+
++++     ++++            ++++
+LKM     0  1  2         JHI+
++++                     ++++
+                           ++++++++++
+                            s  r  q +
+S+                         ++++++++++
+Q+                         +
+R+                         +
++++++ +++ +++++++ +++ +++ ++
     + + + +     + + + + + +
     +p+ +m+     +j+ +g+ +c+
     + + + +     + + + + + +
     +o+ +l+     +i+ +f+ +b+
     + + + +     + + + + + +
     +n+ +k+     +h+ +e+ +a+
     + + + +     + + + + + +
     +++ +++     +++ +++ +++

[Move(W), Move(W), Move(W)];2115
[Move(W), Move(W), Move(W)];0
[Move(W), Move(S), Move(S)];0
[Move(W), Move(W), Move(W)];0
[Move(W), Move(W), Move(W)];0
[Move(S), Move(W), Move(W)];0
[Move(S), Move(W), Move(W)];0
[Move(W), Move(W), Move(W)];0
[Move(W), Move(W), Move(W)];0
[Move(W), Move(S), Move(W)];0
[Move(S), Move(W), Move(W)];0
[Move(S), Move(W), Move(W)];0
[Pull(N,S), Move(S), Move(S)];0
[NoOp, Move(W), Move(W)];362
[Pull(N,S), Move(S), Move(W)];0
[Move(N), NoOp, Move(W)];216
1e1371aee37419ef435f269df490828db40b872c
unsuccessful
2693
16
34ddc3e2fe0bb2975f392e44034c82fb92e510b8
1494960061927
