+++++++++++
+AIO     0+
+LIM      +
+ASH      +
+         +
+BBBB BBBB+
+BBBB BBBB+
+++++ +++++
++aaaaaaa++
+++abbbb+++
++++bbb++++
+++++b+++++
+++++ +++++
+         +
+AAAA AAAA+
+AAAA AAAA+
+++++ +++++
++aaaaaaa++
+++abbbb+++
++++bbb++++
+++++b+++++
+++++ +++++
+         +
+AAAA AAAA+
+AAAA AAAA+
+++++ +++++
++aaaaaaa++
+++abbbb+++
++++bbb++++
+++++b+++++
+++++ +++++
+         +
+BBBB BBBB+
+BBBB BBBB+
+++++ +++++
++aaaaaaa++
+++abbbb+++
++++bbb++++
+++++b+++++
+++++ +++++
+aiolimash+
+++++++++++

[Move(W)];51
[Move(W)];0
[Move(W)];0
[Move(W)];0
[Move(W)];0
[Move(S)];0
[Move(S)];0
[Push(W,S)];0
[Push(W,S)];0
[Pull(E,W)];0
[Pull(E,W)];0
[Pull(S,W)];0
[Pull(E,N)];0
[Pull(S,W)];0
[Pull(S,N)];0
[Pull(S,N)];0
[Pull(S,N)];0
[Pull(W,N)];0
[Pull(W,E)];0
[Pull(S,E)];0
[Push(N,W)];0
[Move(S)];6
[Move(E)];0
[Move(S)];0
[Move(E)];0
[Move(S)];0
[Move(S)];0
[Move(S)];0
[Move(W)];0
[Push(S,E)];0
[Push(W,N)];0
[Push(N,E)];0
[Push(E,E)];0
[Push(E,N)];0
[Push(N,N)];0
[Push(N,N)];0
[Push(N,W)];0
[Push(W,N)];0
[Push(N,N)];0
[Push(N,W)];0
[Move(E)];4
[Move(S)];0
[Move(S)];0
[Move(S)];0
[Move(S)];0
[Move(S)];0
[Pull(N,S)];0
[Pull(N,S)];0
[Pull(N,S)];0
[Pull(N,S)];0
[Pull(N,S)];0
[Push(S,W)];0
[Push(W,N)];0
[Move(E)];3
[Move(S)];0
[Move(S)];0
[Move(S)];0
[Move(S)];0
[Move(E)];0
[Pull(W,S)];0
[Pull(N,E)];0
[Pull(N,S)];0
[Pull(N,S)];0
[Pull(N,S)];0
[Pull(N,S)];0
[Pull(N,S)];0
cbb0d7f66f94775b6185a6692b47fdca24a5cb1e
unsuccessful
64
66
b26756e6b3eceb028ae4c725923ae0e92952e142
1494960364880
