++++++++++++++
++a+c+e+g+i+k+
+0KJIHGFEDCBA+
++b+d+f+h+j+++
++++++++++++++

[Push(E,N)];212629
[Pull(W,E)];0
[Push(E,S)];0
[Move(E)];0
[Push(E,N)];0
[Pull(W,E)];0
[Push(E,S)];2
[Pull(E,N)];0
[Push(E,N)];0
[Pull(S,E)];0
[Push(N,W)];0
[Move(E)];0
[Push(E,S)];0
[Pull(N,E)];1
[Push(S,W)];2
[Pull(E,W)];0
[Push(E,N)];0
[Pull(W,E)];2
[Push(E,S)];0
[Move(E)];0
[Pull(W,E)];0
[Pull(W,E)];1
[Push(W,N)];2
[Move(E)];1
[Pull(W,E)];1
[Pull(W,E)];2
[Move(W)];1
[Pull(E,W)];1
[Push(W,S)];0
[Move(E)];1
[Pull(W,E)];0
[Pull(W,E)];0
[Push(W,W)];0
[Move(E)];0
[Pull(W,E)];0
[Push(W,W)];1
[Move(E)];0
[Pull(W,E)];0
[Push(W,W)];0
[Pull(E,N)];0
[Push(E,N)];1
[Pull(W,S)];1
[Push(E,E)];0
[Move(W)];0
[Pull(E,W)];0
[Push(E,E)];0
[Move(W)];0
[Pull(S,W)];0
[Push(N,E)];0
[Pull(S,N)];0
[Push(N,W)];0
[Push(W,W)];1
[Push(W,N)];0
[Move(E)];0
[Move(E)];1
[Pull(N,E)];1
[Push(S,W)];0
[Move(E)];0
[Push(E,E)];0
[Push(E,E)];0
[Push(E,E)];0
[Push(E,E)];0
[Push(E,E)];0
[Pull(W,N)];0
[Pull(W,E)];0
[Pull(W,E)];0
[Pull(W,E)];0
[Pull(W,E)];0
[Pull(W,E)];0
[Pull(S,E)];0
[Push(N,N)];0
[Move(E)];7
[Move(E)];0
[Pull(E,N)];1
[Move(E)];0
[Pull(W,S)];0
[Push(W,W)];0
[Move(E)];0
[Push(E,E)];0
[Pull(S,E)];0
[Push(N,W)];0
[Push(W,W)];0
[Push(W,N)];0
[Pull(E,W)];2
[Pull(E,W)];0
[Pull(S,N)];0
[Push(N,E)];0
[Pull(S,W)];0
[Push(N,N)];1
[Move(W)];3
[Move(W)];0
[Move(W)];0
[Move(W)];0
[Pull(E,W)];0
[Push(W,S)];0
[Move(W)];0
[Move(W)];0
[Pull(E,W)];0
[Pull(E,W)];0
[Pull(E,W)];0
[Pull(E,W)];0
[Pull(E,W)];0
[Move(E)];0
[Pull(W,E)];0
[Push(E,S)];0
[Move(W)];0
[Pull(E,W)];0
[Pull(E,W)];0
[Pull(E,W)];0
[Push(E,E)];0
[Move(W)];0
[Pull(E,W)];0
[Push(W,N)];0
[Pull(W,S)];5147
[Push(E,E)];0
[Pull(S,E)];0
[Push(N,W)];0
[Push(W,W)];0
[Push(W,W)];0
[Push(W,W)];0
[Push(W,W)];0
[Push(W,W)];1
[Push(W,W)];0
[Push(W,W)];0
[Move(E)];0
[Pull(E,S)];0
[Pull(E,W)];0
[Pull(E,W)];0
[Pull(E,W)];0
[Pull(E,W)];0
[Pull(E,W)];0
[Move(E)];0
[Pull(W,E)];0
[Push(W,W)];0
[Move(E)];0
[Pull(W,E)];0
[Push(E,S)];0
[Move(W)];0
[Push(W,W)];0
[Push(W,W)];0
[Push(W,W)];0
[Push(W,W)];0
[Push(W,S)];0
[Pull(W,S)];0
[Push(E,E)];0
[Push(E,E)];0
[Push(E,E)];0
[Push(E,E)];0
[Push(E,E)];0
[Push(E,E)];0
[Push(E,E)];2
[Push(E,E)];0
[Push(E,N)];0
[Move(W)];5
[Move(W)];0
[Move(W)];0
[Move(W)];0
[Move(W)];0
[Move(W)];0
[Move(W)];0
[Move(W)];0
[Move(W)];0
[Pull(E,W)];0
[Pull(E,W)];0
[Push(W,S)];0
[Pull(W,S)];0
[Move(W)];0
[Pull(E,S)];0
[Push(W,W)];0
[Move(E)];0
[Push(E,S)];0
[Pull(E,S)];0
[Push(W,W)];0
[Push(W,W)];0
[Push(W,S)];0
[Move(E)];1
[Move(E)];0
[Move(E)];0
[Move(E)];0
[Move(E)];0
[Move(E)];0
[Pull(W,S)];0
[Pull(W,E)];0
[Pull(W,E)];0
[Pull(W,E)];0
[Pull(W,E)];0
[Push(E,S)];0
[Move(E)];0
[Move(E)];0
[Move(E)];0
[Move(E)];0
[Move(E)];0
[Move(E)];0
[Pull(W,S)];0
[Pull(W,E)];0
[Pull(W,E)];0
[Push(E,S)];0
[Move(W)];0
[Move(W)];0
[Move(W)];0
[Move(W)];0
[Move(W)];0
[Move(W)];1
[Pull(E,W)];0
[Pull(E,W)];0
[Pull(E,W)];0
[Pull(E,W)];0
[Pull(E,W)];0
[Pull(E,W)];0
[Pull(E,W)];0
[Pull(E,W)];0
[Pull(E,W)];0
[Push(W,S)];0
dc0682bc11a36f77421d1442b50cfa14d2413e03
successful
217823
213
98c285f9883eb8ba709ad0213e4efd34846171db
1494961580656
