red: 0,A,E
green: 1,B
cyan: 2,C,D
+++++++++++++++++++++++++++++++++
+0    +               1         +
+ + + +++++++++++++++++++ + + + +
+ a B +         c   +   b     A +
+ + + + +++++++++++++++++ + + + +
+             2C                +
+++ +++++++++++++++++++++++++ +++
+++             Dd            +++
+++ +++++++++++++++++++++++++ +++
+++             eE            +++
+++ +++++++++++++++++++++++++ +++
+++             Bb            +++
+++ +++++++++++++++++++++++++ +++
+++             Bb            +++
+++ +++++++++++++++++++++++++ +++
+++             Bb            +++
+++++++++++++++++++++++++++++++++

[NoOp, NoOp, Move(W)];307
[NoOp, NoOp, Move(W)];1
[NoOp, NoOp, Move(W)];1
[NoOp, NoOp, Move(W)];0
[NoOp, NoOp, Move(W)];0
[NoOp, NoOp, Move(W)];0
[NoOp, NoOp, Move(W)];0
[NoOp, NoOp, Move(W)];0
[NoOp, NoOp, Move(W)];1
[NoOp, NoOp, Move(W)];0
[NoOp, NoOp, Move(W)];0
[NoOp, NoOp, Move(S)];0
[NoOp, NoOp, Move(S)];0
[NoOp, NoOp, Move(E)];0
[NoOp, NoOp, Move(E)];0
[NoOp, NoOp, Move(E)];0
[NoOp, NoOp, Move(E)];0
[NoOp, NoOp, Move(E)];0
[NoOp, NoOp, Move(E)];0
[NoOp, NoOp, Move(E)];0
[NoOp, NoOp, Move(E)];0
[NoOp, NoOp, Move(E)];0
[NoOp, NoOp, Move(E)];0
[NoOp, NoOp, Move(E)];0
[NoOp, NoOp, Move(E)];0
[NoOp, NoOp, Push(E,E)];0
[NoOp, Move(E), NoOp];0
[NoOp, Move(E), NoOp];0
[NoOp, Move(E), NoOp];0
[NoOp, Move(S), NoOp];1
[NoOp, Move(S), NoOp];0
[NoOp, Move(S), NoOp];0
[NoOp, Move(S), NoOp];0
[NoOp, Move(E), NoOp];0
[NoOp, Move(E), NoOp];0
[NoOp, Move(E), NoOp];0
[NoOp, Move(E), NoOp];0
[NoOp, Move(S), NoOp];0
[NoOp, Move(S), NoOp];0
[NoOp, Move(S), NoOp];0
[NoOp, Move(S), NoOp];0
[NoOp, Move(S), NoOp];0
[NoOp, Move(S), NoOp];0
[NoOp, Move(W), NoOp];0
[NoOp, Move(W), NoOp];0
[NoOp, Move(W), NoOp];0
[NoOp, Move(W), NoOp];0
[NoOp, Move(W), NoOp];0
[NoOp, Move(W), NoOp];0
[NoOp, Move(W), NoOp];1
[NoOp, Move(W), NoOp];0
[NoOp, Move(W), NoOp];0
[NoOp, Move(W), NoOp];0
[NoOp, Move(W), NoOp];0
[NoOp, Move(W), NoOp];0
[NoOp, Pull(E,W), NoOp];0
[NoOp, NoOp, Move(W)];0
[NoOp, NoOp, Move(W)];0
[NoOp, NoOp, Move(W)];0
[NoOp, NoOp, Move(W)];0
[NoOp, NoOp, Move(W)];0
[NoOp, NoOp, Move(W)];0
[NoOp, NoOp, Move(W)];0
[NoOp, NoOp, Move(W)];0
[NoOp, NoOp, Move(W)];0
[NoOp, NoOp, Move(W)];0
[NoOp, NoOp, Move(W)];0
[NoOp, NoOp, Move(W)];0
[NoOp, NoOp, Move(W)];0
[NoOp, NoOp, Move(N)];0
[NoOp, NoOp, Move(N)];0
[NoOp, NoOp, Move(E)];0
[NoOp, NoOp, Move(E)];0
[NoOp, NoOp, Move(E)];0
[NoOp, NoOp, Move(E)];0
[NoOp, NoOp, Move(E)];0
[NoOp, NoOp, Move(E)];0
[NoOp, NoOp, Move(E)];0
[NoOp, NoOp, Move(E)];0
[NoOp, NoOp, Move(E)];0
[NoOp, NoOp, Move(E)];0
[NoOp, NoOp, Move(E)];0
[NoOp, NoOp, Pull(W,E)];0
[NoOp, NoOp, Pull(W,E)];0
[NoOp, NoOp, Pull(W,E)];0
[NoOp, NoOp, Pull(W,E)];0
[NoOp, NoOp, Pull(W,E)];0
[NoOp, NoOp, Pull(W,E)];0
[NoOp, NoOp, Pull(W,E)];0
[NoOp, NoOp, Pull(N,E)];0
[NoOp, NoOp, Pull(N,S)];0
[NoOp, NoOp, Pull(E,S)];0
[NoOp, NoOp, Pull(E,W)];0
[NoOp, NoOp, Pull(E,W)];0
[NoOp, NoOp, Pull(E,W)];0
[NoOp, NoOp, Pull(E,W)];2
[NoOp, NoOp, Pull(E,W)];0
[NoOp, NoOp, Pull(E,W)];0
[NoOp, NoOp, Pull(E,W)];0
[NoOp, NoOp, Pull(E,W)];0
[NoOp, NoOp, Pull(E,W)];0
[NoOp, Move(E), NoOp];0
[NoOp, Move(E), NoOp];0
[NoOp, Move(E), NoOp];1
[NoOp, Move(E), NoOp];0
[NoOp, Move(E), NoOp];0
[NoOp, Move(E), NoOp];0
[NoOp, Move(E), NoOp];0
[NoOp, Move(E), NoOp];0
[NoOp, Move(E), NoOp];0
[NoOp, Move(E), NoOp];0
[NoOp, Move(E), NoOp];0
[NoOp, Move(S), NoOp];1
[NoOp, Move(S), NoOp];0
[NoOp, Move(S), NoOp];0
[NoOp, Move(S), NoOp];1
[NoOp, Move(W), NoOp];0
[NoOp, Move(W), NoOp];0
[NoOp, Move(W), NoOp];0
[NoOp, Move(W), NoOp];0
[NoOp, Move(W), NoOp];0
[NoOp, Move(W), NoOp];0
[NoOp, Move(W), NoOp];1
[NoOp, Move(W), NoOp];0
[NoOp, Move(W), NoOp];0
[NoOp, Move(W), NoOp];0
[NoOp, Move(W), NoOp];1
[NoOp, Move(W), NoOp];0
[NoOp, Pull(E,W), NoOp];0
[NoOp, Move(E), NoOp];0
[NoOp, Move(E), NoOp];0
[NoOp, Move(E), NoOp];0
[NoOp, Move(E), NoOp];0
[NoOp, Move(E), NoOp];0
[NoOp, Move(E), NoOp];0
[NoOp, Move(E), NoOp];0
[NoOp, Move(E), NoOp];1
[NoOp, Move(E), NoOp];0
[NoOp, Move(E), NoOp];0
[NoOp, Move(E), NoOp];0
[NoOp, Move(N), NoOp];0
[NoOp, Move(N), NoOp];0
[NoOp, Move(N), NoOp];0
[NoOp, Move(N), NoOp];0
[NoOp, Move(N), NoOp];0
[NoOp, Move(N), NoOp];0
[NoOp, Move(N), NoOp];0
[NoOp, Move(N), NoOp];1
[NoOp, Move(N), NoOp];0
[NoOp, Move(N), NoOp];0
[NoOp, Move(W), NoOp];0
[NoOp, Move(W), NoOp];0
[NoOp, Move(W), NoOp];0
[NoOp, Move(W), NoOp];0
[NoOp, Move(W), NoOp];0
[NoOp, Move(W), NoOp];0
[NoOp, Move(W), NoOp];0
[NoOp, Move(W), NoOp];1
[NoOp, Move(W), NoOp];0
[NoOp, Move(W), NoOp];0
[NoOp, Move(W), NoOp];0
[NoOp, Move(W), NoOp];0
[NoOp, Move(W), NoOp];0
[NoOp, Move(W), NoOp];0
[NoOp, Move(W), NoOp];0
[NoOp, Move(W), NoOp];0
[NoOp, Move(W), NoOp];0
[NoOp, Move(W), NoOp];0
[NoOp, Move(W), NoOp];0
[NoOp, Move(W), NoOp];0
[NoOp, Move(W), NoOp];0
[NoOp, Move(W), NoOp];0
[NoOp, Move(W), NoOp];0
[NoOp, Move(W), NoOp];0
[NoOp, Move(N), NoOp];0
[NoOp, Move(N), NoOp];0
[NoOp, Pull(S,W), NoOp];0
[NoOp, Pull(S,N), NoOp];0
[NoOp, Pull(E,N), NoOp];0
[NoOp, Pull(E,W), NoOp];0
[NoOp, Pull(E,W), NoOp];0
[NoOp, Pull(E,W), NoOp];0
[NoOp, Pull(E,W), NoOp];0
[NoOp, Pull(E,W), NoOp];0
[NoOp, Pull(E,W), NoOp];0
[NoOp, Pull(E,W), NoOp];0
[NoOp, Pull(E,W), NoOp];0
[NoOp, Pull(E,W), NoOp];0
[NoOp, Pull(E,W), NoOp];1
[NoOp, Pull(E,W), NoOp];0
[NoOp, Pull(E,W), NoOp];1
[NoOp, Pull(E,W), NoOp];0
[NoOp, Pull(E,W), NoOp];0
[NoOp, Pull(E,W), NoOp];0
[NoOp, Pull(E,W), NoOp];0
[NoOp, Pull(E,W), NoOp];0
[NoOp, Pull(E,W), NoOp];0
[NoOp, Pull(E,W), NoOp];0
[NoOp, Pull(N,W), NoOp];0
[NoOp, Pull(N,S), NoOp];0
[NoOp, Pull(W,S), NoOp];0
[NoOp, Pull(W,E), NoOp];0
[Move(E), NoOp, NoOp];0
[Move(E), NoOp, NoOp];0
[Move(E), NoOp, NoOp];0
[Move(E), NoOp, NoOp];0
[Move(S), NoOp, NoOp];0
[Move(S), NoOp, NoOp];0
[Move(S), NoOp, NoOp];0
[Move(S), NoOp, NoOp];1
[Move(E), NoOp, NoOp];0
[Move(E), NoOp, NoOp];0
[Move(E), NoOp, NoOp];0
[Move(E), NoOp, NoOp];0
[Move(E), NoOp, NoOp];0
[Move(E), NoOp, NoOp];0
[Move(E), NoOp, NoOp];0
[Move(E), NoOp, NoOp];0
[Move(E), NoOp, NoOp];0
[Move(E), NoOp, NoOp];0
[Move(E), NoOp, NoOp];0
[Move(E), NoOp, NoOp];0
[Move(E), NoOp, NoOp];0
[Move(E), NoOp, NoOp];0
[Move(E), NoOp, NoOp];0
[Move(E), NoOp, NoOp];0
[Move(E), NoOp, NoOp];0
[Move(E), NoOp, NoOp];0
[Move(E), NoOp, NoOp];0
[Move(E), NoOp, NoOp];1
[Move(E), NoOp, NoOp];0
[Move(E), NoOp, NoOp];0
[Move(E), NoOp, NoOp];0
[Move(E), NoOp, NoOp];0
[Move(N), NoOp, NoOp];0
[Move(N), NoOp, NoOp];0
[Pull(W,E), NoOp, NoOp];0
[Pull(W,E), NoOp, NoOp];0
[Pull(W,E), NoOp, NoOp];0
[Pull(W,E), NoOp, NoOp];0
[Pull(S,E), NoOp, NoOp];0
[Pull(S,N), NoOp, NoOp];0
[Pull(W,N), NoOp, NoOp];0
[Pull(W,E), NoOp, NoOp];0
[Pull(W,E), NoOp, NoOp];0
[Pull(W,E), NoOp, NoOp];0
[Pull(W,E), NoOp, NoOp];0
[Pull(W,E), NoOp, NoOp];0
[Pull(W,E), NoOp, NoOp];0
[Pull(W,E), NoOp, NoOp];0
[Pull(W,E), NoOp, NoOp];1
[Pull(W,E), NoOp, NoOp];0
[Pull(W,E), NoOp, NoOp];0
[Pull(W,E), NoOp, NoOp];0
[Pull(W,E), NoOp, NoOp];0
[Pull(W,E), NoOp, NoOp];0
[Pull(W,E), NoOp, NoOp];0
[Pull(W,E), NoOp, NoOp];0
[Pull(W,E), NoOp, NoOp];0
[Pull(W,E), NoOp, NoOp];0
[Pull(W,E), NoOp, NoOp];0
[Pull(W,E), NoOp, NoOp];0
[Pull(W,E), NoOp, NoOp];0
[Pull(W,E), NoOp, NoOp];0
[Pull(S,E), NoOp, NoOp];0
[Push(N,N), NoOp, NoOp];0
[Push(N,N), NoOp, NoOp];0
[Push(N,W), NoOp, NoOp];0
[Move(S), NoOp, NoOp];0
[Move(S), NoOp, NoOp];0
[Move(S), NoOp, NoOp];0
[Move(S), NoOp, NoOp];0
[Move(S), NoOp, NoOp];0
[Move(S), NoOp, NoOp];0
[Move(E), NoOp, NoOp];0
[Move(E), NoOp, NoOp];0
[Move(E), NoOp, NoOp];0
[Move(E), NoOp, NoOp];0
[Move(E), NoOp, NoOp];0
[Move(E), NoOp, NoOp];1
[Move(E), NoOp, NoOp];0
[Move(E), NoOp, NoOp];0
[Move(E), NoOp, NoOp];0
[Move(E), NoOp, NoOp];0
[Move(E), NoOp, NoOp];0
[Move(E), NoOp, NoOp];0
[Move(E), NoOp, NoOp];0
[Pull(W,E), NoOp, NoOp];0
[NoOp, Push(E,E), NoOp];0
[NoOp, Push(E,N), NoOp];0
[NoOp, Move(S), NoOp];0
[NoOp, Move(S), NoOp];0
[NoOp, Move(E), NoOp];0
[NoOp, Move(E), NoOp];0
[NoOp, Move(E), NoOp];0
[NoOp, Move(E), NoOp];0
[NoOp, Move(S), NoOp];0
[NoOp, Move(S), NoOp];0
[NoOp, Move(S), NoOp];0
[NoOp, Move(S), NoOp];0
[NoOp, Move(S), NoOp];0
[NoOp, Move(S), NoOp];1
[NoOp, Move(S), NoOp];0
[NoOp, Move(S), NoOp];0
[NoOp, Move(W), NoOp];1
[NoOp, Move(W), NoOp];0
[NoOp, Move(W), NoOp];0
[NoOp, Move(W), NoOp];0
[NoOp, Move(W), NoOp];0
[NoOp, Move(W), NoOp];0
[NoOp, Move(W), NoOp];0
[NoOp, Move(W), NoOp];0
[NoOp, Move(W), NoOp];0
[NoOp, Move(W), NoOp];0
[NoOp, Move(W), NoOp];0
[NoOp, Move(W), NoOp];0
[NoOp, Pull(E,W), NoOp];0
[NoOp, Move(E), NoOp];0
[NoOp, Move(E), NoOp];0
[NoOp, Move(E), NoOp];0
[NoOp, Move(E), NoOp];0
[NoOp, Move(E), NoOp];0
[NoOp, Move(E), NoOp];0
[NoOp, Move(E), NoOp];0
[NoOp, Move(E), NoOp];0
[NoOp, Move(E), NoOp];0
[NoOp, Move(E), NoOp];0
[NoOp, Move(E), NoOp];0
[NoOp, Move(N), NoOp];0
[NoOp, Move(N), NoOp];0
[NoOp, Move(N), NoOp];1
[NoOp, Move(N), NoOp];0
[NoOp, Move(N), NoOp];0
[NoOp, Move(N), NoOp];0
[NoOp, Move(N), NoOp];0
[NoOp, Move(N), NoOp];0
[NoOp, Move(W), NoOp];0
[NoOp, Move(W), NoOp];0
[NoOp, Move(N), NoOp];0
[NoOp, Move(N), NoOp];0
[NoOp, Move(W), NoOp];0
[NoOp, Move(W), NoOp];0
[NoOp, Pull(W,N), NoOp];0
[NoOp, Pull(W,E), NoOp];0
328dd3d80fc500db0cccdbf10bf522e688f35675
successful
331
344
bd8b4f2a0ffa31472ef7e8da2bbd066b40c28f04
1495029866111
