red: 0,I
green: 1,W
yellow: 2,N
blue: 3,B
++++++++++++++++++++++++++
+0     1     2     3     +
+  I     W     N     B   +
+                        +
+BRiNG+POwER+RAnGERS+bACK+
++++++++++++++++++++++++++

[NoOp, Move(E), NoOp, NoOp];117
[NoOp, Move(S), NoOp, NoOp];0
[NoOp, Push(E,S), NoOp, NoOp];0
[NoOp, Push(S,S), NoOp, NoOp];0
[Move(E), NoOp, NoOp, NoOp];1
[Move(S), NoOp, NoOp, NoOp];0
[Push(E,S), NoOp, NoOp, NoOp];0
[Push(S,S), NoOp, NoOp, NoOp];0
[NoOp, NoOp, NoOp, Move(E)];0
[NoOp, NoOp, NoOp, Move(S)];0
[NoOp, NoOp, NoOp, Push(E,S)];0
[NoOp, NoOp, NoOp, Push(S,S)];0
[NoOp, NoOp, Move(E), NoOp];0
[NoOp, NoOp, Move(S), NoOp];0
[NoOp, NoOp, Push(E,S), NoOp];0
[NoOp, NoOp, Push(S,S), NoOp];0
fde005d0d4904aa16b0e68a269ccd6d34457ce9e
successful
118
16
e2807af3256377daf83e541e0fec9467b2300d71
1495029866457
