red: 0,B,C,D,E
green: 1,A,F,G,H,I,J
++++++++++++
+     fghij+
+  0  ++++++
+     FGHIJ+
+A+E+a++++++
+B+ +b+
+C+ +c+
+D+1+d+
+++++++

[Move(S), NoOp];235
[Pull(N,S), NoOp];0
[Pull(N,S), NoOp];0
[Push(S,E), NoOp];0
[NoOp, Move(N)];0
[NoOp, Move(N)];0
[NoOp, Move(N)];0
[NoOp, Move(N)];0
[NoOp, Move(E)];0
[NoOp, Move(E)];0
[NoOp, Pull(N,E)];0
[NoOp, Push(S,S)];0
[NoOp, Push(S,S)];0
[NoOp, Push(S,S)];0
[NoOp, Push(S,S)];0
[NoOp, Move(N)];0
[NoOp, Move(N)];0
[NoOp, Move(N)];0
[NoOp, Move(E)];0
[NoOp, Pull(W,E)];0
[NoOp, Pull(N,E)];0
[NoOp, Push(S,S)];0
[NoOp, Push(S,S)];0
[NoOp, Push(S,S)];0
[NoOp, Move(N)];0
[NoOp, Move(N)];0
[NoOp, Move(E)];0
[NoOp, Move(E)];0
[NoOp, Pull(W,E)];0
[NoOp, Pull(W,E)];0
[NoOp, Pull(N,E)];0
[NoOp, Push(S,S)];0
[NoOp, Push(S,S)];0
[NoOp, Move(N)];0
[NoOp, Move(E)];0
[NoOp, Move(E)];0
[NoOp, Move(E)];0
[NoOp, Pull(W,E)];0
[NoOp, Pull(W,E)];0
[NoOp, Pull(W,E)];0
[NoOp, Pull(N,E)];1
[NoOp, Push(S,S)];0
[NoOp, Move(E)];0
[NoOp, Move(E)];0
[NoOp, Move(E)];0
[NoOp, Move(E)];0
[NoOp, Pull(W,E)];0
[NoOp, Pull(W,E)];0
[NoOp, Pull(W,E)];0
[NoOp, Pull(W,E)];0
[NoOp, Pull(N,E)];0
[NoOp, Pull(N,S)];0
[NoOp, Pull(W,S)];0
[NoOp, Push(E,E)];0
[NoOp, Push(E,E)];0
[NoOp, Push(E,E)];0
[NoOp, Push(E,E)];0
[NoOp, Push(E,E)];0
[NoOp, Move(W)];0
[NoOp, Move(W)];1
[NoOp, Move(W)];0
[NoOp, Move(W)];0
[NoOp, Move(S)];0
[NoOp, Move(S)];0
[NoOp, Pull(E,S)];0
[NoOp, Push(W,N)];0
[NoOp, Push(N,N)];0
[NoOp, Push(N,E)];0
[NoOp, Push(E,E)];0
[NoOp, Push(E,E)];1
[NoOp, Push(E,E)];0
[NoOp, Move(W)];0
[NoOp, Move(W)];0
[NoOp, Move(W)];0
[NoOp, Move(S)];0
[NoOp, Move(S)];0
[NoOp, Move(S)];0
[NoOp, Pull(N,S)];1
[NoOp, Pull(E,S)];0
[NoOp, Push(W,N)];0
[NoOp, Push(N,N)];0
[NoOp, Push(N,E)];2
[NoOp, Push(E,E)];0
[NoOp, Push(E,E)];0
[NoOp, Move(W)];0
[NoOp, Move(W)];0
[NoOp, Move(S)];0
[NoOp, Move(S)];0
[NoOp, Move(S)];0
[NoOp, Move(S)];0
[NoOp, Pull(N,S)];0
[NoOp, Pull(N,S)];1
[NoOp, Pull(E,S)];0
[NoOp, Push(W,N)];0
[NoOp, Push(N,N)];0
[NoOp, Push(N,E)];0
[NoOp, Push(E,E)];1
[NoOp, Move(W)];0
[NoOp, Move(S)];0
[NoOp, Move(S)];0
[NoOp, Move(S)];0
[NoOp, Move(S)];0
[NoOp, Move(S)];0
[NoOp, Pull(N,S)];0
[NoOp, Pull(N,S)];0
[NoOp, Pull(N,S)];1
[NoOp, Pull(N,S)];0
[NoOp, Pull(N,S)];0
[NoOp, Pull(W,S)];0
[NoOp, Push(E,E)];0
[NoOp, Move(W)];0
[NoOp, Move(W)];0
[NoOp, Move(W)];0
[NoOp, Move(S)];0
[NoOp, Move(S)];0
[NoOp, Move(W)];0
[NoOp, Pull(N,S)];0
[NoOp, Pull(N,S)];0
[NoOp, Pull(E,S)];0
[NoOp, Pull(E,W)];0
[NoOp, Pull(E,W)];0
[Move(S), NoOp];0
[Move(W), NoOp];0
[Move(W), NoOp];0
[Move(S), NoOp];0
[Pull(N,S), NoOp];0
[Pull(N,S), NoOp];0
[Pull(E,S), NoOp];0
[Push(W,N), NoOp];0
[Push(N,E), NoOp];0
[Move(S), NoOp];0
[Move(S), NoOp];1
[Move(S), NoOp];0
[Move(S), NoOp];0
[Pull(N,S), NoOp];0
[Pull(N,S), NoOp];0
[Pull(N,S), NoOp];0
[Pull(E,S), NoOp];0
[Push(W,N), NoOp];0
[Move(S), NoOp];0
[Move(S), NoOp];0
[Move(S), NoOp];0
[Move(S), NoOp];0
[Pull(N,S), NoOp];0
[Pull(N,S), NoOp];1
[Pull(N,S), NoOp];0
[Pull(E,S), NoOp];0
[Pull(E,W), NoOp];0
[Pull(S,W), NoOp];0
[Push(N,E), NoOp];0
[Push(E,E), NoOp];0
[Push(E,S), NoOp];0
[Push(S,S), NoOp];0
[Push(S,S), NoOp];0
[Push(S,S), NoOp];0
[Move(N), NoOp];0
[Move(N), NoOp];0
[Move(N), NoOp];0
[Move(W), NoOp];0
[Move(W), NoOp];0
[Move(W), NoOp];0
[Move(N), NoOp];0
[Move(W), NoOp];0
[Pull(E,N), NoOp];0
[Pull(S,W), NoOp];0
[Pull(E,N), NoOp];0
[Pull(E,W), NoOp];0
[Pull(E,W), NoOp];0
[Pull(E,W), NoOp];0
[Push(W,S), NoOp];0
[Push(S,S), NoOp];1
[Push(S,S), NoOp];0
[Move(N), NoOp];4
[Move(N), NoOp];0
[Move(W), NoOp];1
[Move(W), NoOp];0
[Move(N), NoOp];0
[Move(W), NoOp];0
[Pull(W,N), NoOp];0
[Push(E,S), NoOp];0
[Push(S,E), NoOp];0
[Push(E,E), NoOp];0
[Push(E,E), NoOp];0
[Push(E,S), NoOp];0
[Push(S,S), NoOp];0
[Move(N), NoOp];0
[Move(E), NoOp];0
[NoOp, Push(W,S)];0
[NoOp, Push(S,S)];0
[NoOp, Push(S,E)];0
[NoOp, Push(E,E)];0
[NoOp, Push(E,S)];1
a4a9e222b70ab32f4a2fa60eec777a68ea0e23ff
successful
253
192
c45e7e4726ae6f429b255c85ce602a47349d4895
1495029866580
