red: 0,A
green: 1,2,3,4,5
blue: 6,B
+++++++++++
+6       a+
+++++B+++++
+         +
+ +++3+++ +
+ +     + +
+ + +++ + +
+ + 102 +5+
+ + +++ + +
+ +     + +
+ +++4+++ +
+    A    +
+++++++++++

[NoOp, Move(W), NoOp, NoOp, NoOp, NoOp, NoOp];191
[NoOp, Move(N), NoOp, NoOp, NoOp, NoOp, NoOp];0
[NoOp, Move(N), NoOp, NoOp, NoOp, NoOp, NoOp];0
[NoOp, NoOp, NoOp, NoOp, Move(N), NoOp, NoOp];0
[NoOp, NoOp, NoOp, NoOp, Move(W), NoOp, NoOp];0
[NoOp, NoOp, NoOp, NoOp, Move(W), NoOp, NoOp];0
[NoOp, NoOp, NoOp, NoOp, Move(N), NoOp, NoOp];0
[NoOp, NoOp, NoOp, NoOp, Move(N), NoOp, NoOp];0
[NoOp, NoOp, NoOp, NoOp, Move(N), NoOp, NoOp];0
[NoOp, NoOp, NoOp, Move(N), NoOp, NoOp, NoOp];0
[NoOp, NoOp, NoOp, Move(W), NoOp, NoOp, NoOp];0
[NoOp, NoOp, NoOp, Move(W), NoOp, NoOp, NoOp];0
[NoOp, NoOp, NoOp, NoOp, NoOp, NoOp, Move(E)];0
[NoOp, NoOp, NoOp, NoOp, NoOp, NoOp, Move(E)];0
[NoOp, NoOp, NoOp, NoOp, NoOp, NoOp, Move(E)];0
[NoOp, NoOp, NoOp, NoOp, NoOp, NoOp, Move(E)];0
[NoOp, NoOp, NoOp, NoOp, NoOp, NoOp, Push(S,S)];0
[NoOp, NoOp, NoOp, NoOp, NoOp, NoOp, Push(S,W)];0
[NoOp, NoOp, NoOp, NoOp, NoOp, NoOp, Move(E)];0
[Move(W), NoOp, NoOp, NoOp, NoOp, NoOp, NoOp];0
[Move(W), NoOp, NoOp, NoOp, NoOp, NoOp, NoOp];0
[Move(S), NoOp, NoOp, NoOp, NoOp, NoOp, NoOp];0
[Move(S), NoOp, NoOp, NoOp, NoOp, NoOp, NoOp];0
[Move(E), NoOp, NoOp, NoOp, NoOp, NoOp, NoOp];0
[Move(E), NoOp, NoOp, NoOp, NoOp, NoOp, NoOp];0
[Move(S), NoOp, NoOp, NoOp, NoOp, NoOp, NoOp];0
[Pull(N,S), NoOp, NoOp, NoOp, NoOp, NoOp, NoOp];0
[Pull(E,S), NoOp, NoOp, NoOp, NoOp, NoOp, NoOp];0
[Pull(E,W), NoOp, NoOp, NoOp, NoOp, NoOp, NoOp];0
[Pull(N,W), NoOp, NoOp, NoOp, NoOp, NoOp, NoOp];1
[Pull(N,S), NoOp, NoOp, NoOp, NoOp, NoOp, NoOp];0
[Pull(N,S), NoOp, NoOp, NoOp, NoOp, NoOp, NoOp];0
[Pull(N,S), NoOp, NoOp, NoOp, NoOp, NoOp, NoOp];0
[Pull(W,S), NoOp, NoOp, NoOp, NoOp, NoOp, NoOp];0
[Pull(W,E), NoOp, NoOp, NoOp, NoOp, NoOp, NoOp];0
[Pull(N,E), NoOp, NoOp, NoOp, NoOp, NoOp, NoOp];0
[Pull(N,S), NoOp, NoOp, NoOp, NoOp, NoOp, NoOp];0
[Pull(N,S), NoOp, NoOp, NoOp, NoOp, NoOp, NoOp];0
[Pull(N,S), NoOp, NoOp, NoOp, NoOp, NoOp, NoOp];0
[Pull(W,S), NoOp, NoOp, NoOp, NoOp, NoOp, NoOp];0
[Push(E,E), NoOp, NoOp, NoOp, NoOp, NoOp, NoOp];0
[Push(E,E), NoOp, NoOp, NoOp, NoOp, NoOp, NoOp];0
[Push(E,E), NoOp, NoOp, NoOp, NoOp, NoOp, NoOp];0
[Push(E,E), NoOp, NoOp, NoOp, NoOp, NoOp, NoOp];0
c276a9e5329350f5ca341e52e5e3ad07d6781bc1
successful
192
44
171dd7b30959e501a6ff6cfb692cfa6a88df0faa
1495030468684
