red:0,V
yellow:1,D
magenta:2,W
orange:3,F
green:H
+++++++++++++++++++++++++++++++
+        TEAM LIQUORICE       +
+++++++++++++++++++++++++++++++
+0          M    w           2+
+ + + + + + + + + + + + + + + +
+               H             +
+ + + + + + + + + + + + + + + +
+   H                 W       +
+ + + + + + + + + + + + + + + +
+     D                       +
+ + + + + + + + + + +H+ + + + +
+  v       d     H           V+
+ + + + + + + + + + + + + + + +
+3f              F          V1+
+++++++++++++++++++++++++++++++
+      BOMBERMAN CLASSIC      +
+++++++++++++++++++++++++++++++

[Move(E), NoOp, NoOp, NoOp];193
[Move(E), NoOp, NoOp, NoOp];0
[Move(E), NoOp, NoOp, NoOp];3
[Move(E), NoOp, NoOp, NoOp];0
[Move(E), NoOp, NoOp, NoOp];0
[Move(E), NoOp, NoOp, NoOp];0
[Move(E), NoOp, NoOp, NoOp];0
[Move(E), NoOp, NoOp, NoOp];0
[Move(E), NoOp, NoOp, NoOp];0
[Move(E), NoOp, NoOp, NoOp];1
[Move(S), NoOp, NoOp, NoOp];0
[Move(S), NoOp, NoOp, NoOp];0
[Move(E), NoOp, NoOp, NoOp];0
[Move(E), NoOp, NoOp, NoOp];0
[Move(E), NoOp, NoOp, NoOp];0
[Move(E), NoOp, NoOp, NoOp];0
[Move(S), NoOp, NoOp, NoOp];0
[Move(S), NoOp, NoOp, NoOp];0
[Move(E), NoOp, NoOp, NoOp];0
[Move(E), NoOp, NoOp, NoOp];0
[Move(E), NoOp, NoOp, NoOp];0
[Move(E), NoOp, NoOp, NoOp];0
[Move(S), NoOp, NoOp, NoOp];1
[Move(S), NoOp, NoOp, NoOp];0
[Move(E), NoOp, NoOp, NoOp];0
[Move(E), NoOp, NoOp, NoOp];0
[Move(E), NoOp, NoOp, NoOp];0
[Move(E), NoOp, NoOp, NoOp];0
[Move(S), NoOp, NoOp, NoOp];0
[Move(S), NoOp, NoOp, NoOp];0
[Move(E), NoOp, NoOp, NoOp];0
[Move(E), NoOp, NoOp, NoOp];0
[Move(E), NoOp, NoOp, NoOp];0
[Move(E), NoOp, NoOp, NoOp];0
[Move(S), NoOp, NoOp, NoOp];0
[Move(S), NoOp, NoOp, NoOp];1
[Pull(W,E), NoOp, NoOp, NoOp];0
[Pull(W,E), NoOp, NoOp, NoOp];0
[Pull(W,E), NoOp, NoOp, NoOp];0
[Pull(W,E), NoOp, NoOp, NoOp];0
[Pull(W,E), NoOp, NoOp, NoOp];0
[Pull(W,E), NoOp, NoOp, NoOp];0
[Pull(W,E), NoOp, NoOp, NoOp];0
[Pull(W,E), NoOp, NoOp, NoOp];0
[Pull(N,E), NoOp, NoOp, NoOp];0
[Pull(N,S), NoOp, NoOp, NoOp];0
[Pull(N,S), NoOp, NoOp, NoOp];0
[Pull(N,S), NoOp, NoOp, NoOp];1
[Pull(W,S), NoOp, NoOp, NoOp];0
[Pull(W,E), NoOp, NoOp, NoOp];0
[Pull(W,E), NoOp, NoOp, NoOp];0
[Pull(W,E), NoOp, NoOp, NoOp];0
[Pull(W,E), NoOp, NoOp, NoOp];0
[Pull(W,E), NoOp, NoOp, NoOp];0
[Pull(W,E), NoOp, NoOp, NoOp];0
[Pull(W,E), NoOp, NoOp, NoOp];0
[Pull(W,E), NoOp, NoOp, NoOp];0
[Pull(W,E), NoOp, NoOp, NoOp];0
[Pull(W,E), NoOp, NoOp, NoOp];0
[Pull(W,E), NoOp, NoOp, NoOp];0
[Pull(S,E), NoOp, NoOp, NoOp];1
[Pull(S,N), NoOp, NoOp, NoOp];0
[Pull(W,N), NoOp, NoOp, NoOp];0
[Pull(W,E), NoOp, NoOp, NoOp];0
[Pull(N,E), NoOp, NoOp, NoOp];0
[Push(S,W), NoOp, NoOp, NoOp];0
[Push(W,W), NoOp, NoOp, NoOp];0
[NoOp, NoOp, Move(W), NoOp];0
[NoOp, NoOp, Move(W), NoOp];0
[NoOp, NoOp, Move(W), NoOp];0
[NoOp, NoOp, Move(W), NoOp];0
[NoOp, NoOp, Move(S), NoOp];0
[NoOp, NoOp, Move(S), NoOp];0
[NoOp, NoOp, Move(W), NoOp];0
[NoOp, NoOp, Move(W), NoOp];1
[NoOp, NoOp, Move(S), NoOp];0
[NoOp, NoOp, Move(S), NoOp];0
[NoOp, NoOp, Push(W,W), NoOp];0
[NoOp, NoOp, Push(W,N), NoOp];1
[NoOp, NoOp, Push(N,N), NoOp];0
[NoOp, NoOp, Push(N,W), NoOp];0
[NoOp, NoOp, Push(W,W), NoOp];0
[NoOp, NoOp, Push(W,N), NoOp];0
[NoOp, NoOp, Push(N,N), NoOp];0
[NoOp, NoOp, Push(N,W), NoOp];0
[NoOp, NoOp, Push(W,W), NoOp];0
[NoOp, NoOp, NoOp, Move(E)];0
[NoOp, NoOp, NoOp, Move(E)];0
[NoOp, NoOp, NoOp, Move(E)];0
[NoOp, NoOp, NoOp, Move(E)];1
[NoOp, NoOp, NoOp, Move(E)];0
[NoOp, NoOp, NoOp, Move(E)];0
[NoOp, NoOp, NoOp, Move(E)];0
[NoOp, NoOp, NoOp, Move(E)];0
[NoOp, NoOp, NoOp, Move(E)];0
[NoOp, NoOp, NoOp, Move(E)];0
[NoOp, NoOp, NoOp, Move(E)];0
[NoOp, NoOp, NoOp, Move(E)];0
[NoOp, NoOp, NoOp, Move(E)];0
[NoOp, NoOp, NoOp, Move(E)];0
[NoOp, NoOp, NoOp, Move(E)];0
[NoOp, NoOp, NoOp, Pull(W,E)];0
[NoOp, NoOp, NoOp, Pull(N,E)];0
[NoOp, NoOp, NoOp, Push(S,W)];0
[NoOp, NoOp, NoOp, Push(W,W)];0
[NoOp, NoOp, NoOp, Push(W,W)];0
[NoOp, NoOp, NoOp, Push(W,W)];1
[NoOp, NoOp, NoOp, Push(W,W)];0
[NoOp, NoOp, NoOp, Push(W,W)];0
[NoOp, NoOp, NoOp, Push(W,W)];0
[NoOp, NoOp, NoOp, Push(W,W)];0
[NoOp, NoOp, NoOp, Push(W,W)];0
[NoOp, NoOp, NoOp, Push(W,W)];0
[NoOp, NoOp, NoOp, Push(W,W)];0
[NoOp, NoOp, NoOp, Push(W,W)];1
[NoOp, NoOp, NoOp, Push(W,W)];0
[NoOp, Move(W), NoOp, NoOp];0
[NoOp, Move(W), NoOp, NoOp];0
[NoOp, Move(W), NoOp, NoOp];0
[NoOp, Move(W), NoOp, NoOp];0
[NoOp, Move(W), NoOp, NoOp];0
[NoOp, Move(W), NoOp, NoOp];0
[NoOp, Move(W), NoOp, NoOp];0
[NoOp, Move(W), NoOp, NoOp];0
[NoOp, Move(W), NoOp, NoOp];1
[NoOp, Move(W), NoOp, NoOp];0
[NoOp, Move(W), NoOp, NoOp];0
[NoOp, Move(W), NoOp, NoOp];0
[NoOp, Move(W), NoOp, NoOp];0
[NoOp, Move(W), NoOp, NoOp];0
[NoOp, Move(W), NoOp, NoOp];0
[NoOp, Move(W), NoOp, NoOp];0
[NoOp, Move(W), NoOp, NoOp];0
[NoOp, Move(W), NoOp, NoOp];0
[NoOp, Move(W), NoOp, NoOp];0
[NoOp, Move(W), NoOp, NoOp];0
[NoOp, Move(N), NoOp, NoOp];0
[NoOp, Move(N), NoOp, NoOp];0
[NoOp, Move(W), NoOp, NoOp];0
[NoOp, Move(W), NoOp, NoOp];1
[NoOp, Move(N), NoOp, NoOp];0
[NoOp, Move(N), NoOp, NoOp];0
[NoOp, Pull(E,W), NoOp, NoOp];0
[NoOp, Pull(E,W), NoOp, NoOp];0
[NoOp, Pull(E,W), NoOp, NoOp];0
[NoOp, Pull(E,W), NoOp, NoOp];0
[NoOp, Pull(S,W), NoOp, NoOp];0
[NoOp, Pull(S,N), NoOp, NoOp];0
[NoOp, Pull(S,N), NoOp, NoOp];0
ea47c46412e7bf175bce23836de8e2b44b85274e
successful
208
149
d6f918bdb477ea511f7d2d09052a06cfbcb755c7
1495030469094
