blue: 0,A,E,H,K,N,Q
red: 1,B,F,I,L,O,R
green: 2,C,G,J,M,P,S
+++++++++++++++++++++++++++++
+BAC     +ONP            GEF+
++++     ++++            ++++
+LKM     0  1  2         JHI+
++++                     ++++
+                           ++++++++++
+                            s  r  q +
+S+                         ++++++++++
+Q+                         +
+R+                         +
++++++ +++ +++++++ +++ +++ ++
     + + + +     + + + + + +
     +p+ +m+     +j+ +g+ +c+
     + + + +     + + + + + +
     +o+ +l+     +i+ +f+ +b+
     + + + +     + + + + + +
     +n+ +k+     +h+ +e+ +a+
     + + + +     + + + + + +
     +++ +++     +++ +++ +++

[NoOp, NoOp, Move(W)];25235
[NoOp, NoOp, Move(W)];0
[NoOp, NoOp, Move(S)];0
[NoOp, NoOp, Move(W)];0
[NoOp, NoOp, Move(W)];0
[NoOp, NoOp, Move(W)];0
[NoOp, NoOp, Move(W)];0
[NoOp, NoOp, Move(W)];0
[NoOp, NoOp, Move(W)];0
[NoOp, NoOp, Move(W)];0
[NoOp, NoOp, Move(S)];0
[NoOp, NoOp, Move(W)];0
[NoOp, NoOp, Move(W)];0
[NoOp, NoOp, Move(W)];0
[NoOp, NoOp, Move(S)];0
[NoOp, NoOp, Move(W)];0
[NoOp, NoOp, Move(W)];0
[NoOp, NoOp, Pull(N,S)];0
[NoOp, NoOp, Pull(E,S)];0
[Move(W), NoOp, NoOp];0
[Move(W), NoOp, NoOp];0
[Move(S), NoOp, NoOp];0
[Move(W), NoOp, NoOp];0
[Move(W), NoOp, NoOp];0
[Move(W), NoOp, NoOp];0
[Move(S), NoOp, NoOp];0
[Move(W), NoOp, NoOp];0
[Move(S), NoOp, NoOp];0
[Move(W), NoOp, NoOp];0
[Move(W), NoOp, NoOp];0
[Move(S), NoOp, NoOp];0
[Pull(N,S), NoOp, NoOp];0
[Pull(E,S), NoOp, NoOp];0
[Pull(E,W), NoOp, NoOp];0
[Pull(N,W), NoOp, NoOp];0
[Push(S,E), NoOp, NoOp];0
[Push(E,E), NoOp, NoOp];0
[Push(E,E), NoOp, NoOp];0
[Push(E,E), NoOp, NoOp];0
[Push(E,E), NoOp, NoOp];0
[Push(E,E), NoOp, NoOp];0
[Push(E,E), NoOp, NoOp];0
[Push(E,E), NoOp, NoOp];0
[Push(E,E), NoOp, NoOp];0
[Push(E,E), NoOp, NoOp];0
[Push(E,E), NoOp, NoOp];0
[Push(E,E), NoOp, NoOp];0
[Push(E,E), NoOp, NoOp];0
[Push(E,E), NoOp, NoOp];0
[Push(E,E), NoOp, NoOp];0
[Push(E,E), NoOp, NoOp];0
[Push(E,E), NoOp, NoOp];0
[Push(E,E), NoOp, NoOp];0
[Push(E,E), NoOp, NoOp];0
[Push(E,E), NoOp, NoOp];0
[Push(E,E), NoOp, NoOp];0
[Push(E,E), NoOp, NoOp];0
[Push(E,E), NoOp, NoOp];0
[Push(E,E), NoOp, NoOp];0
[Push(E,E), NoOp, NoOp];0
[Push(E,E), NoOp, NoOp];0
[Push(E,E), NoOp, NoOp];0
[Push(E,E), NoOp, NoOp];0
[Push(E,E), NoOp, NoOp];0
[Push(E,E), NoOp, NoOp];0
[Push(E,E), NoOp, NoOp];0
[Push(E,E), NoOp, NoOp];0
[NoOp, NoOp, Move(E)];0
[NoOp, NoOp, Move(E)];0
[NoOp, NoOp, Move(E)];0
[NoOp, NoOp, Move(E)];0
[NoOp, NoOp, Move(E)];0
[NoOp, NoOp, Move(E)];0
[NoOp, NoOp, Move(E)];1
[NoOp, NoOp, Move(E)];0
[NoOp, NoOp, Move(E)];0
[NoOp, NoOp, Move(E)];0
[NoOp, NoOp, Move(E)];0
[NoOp, NoOp, Move(E)];0
[NoOp, NoOp, Move(E)];0
[NoOp, NoOp, Move(E)];0
[NoOp, NoOp, Move(E)];0
[NoOp, NoOp, Move(E)];0
[NoOp, NoOp, Move(N)];0
[NoOp, NoOp, Move(E)];0
[NoOp, NoOp, Move(E)];0
[NoOp, NoOp, Move(E)];0
[NoOp, NoOp, Move(E)];0
[NoOp, NoOp, Move(N)];0
[NoOp, NoOp, Move(E)];0
[NoOp, NoOp, Move(E)];0
[NoOp, NoOp, Move(N)];0
[NoOp, NoOp, Move(N)];0
[NoOp, NoOp, Pull(W,E)];0
[NoOp, NoOp, Pull(W,E)];0
[Move(W), NoOp, NoOp];0
[Move(W), NoOp, NoOp];0
[Move(W), NoOp, NoOp];0
[Move(W), NoOp, NoOp];0
[Move(W), NoOp, NoOp];0
[Move(W), NoOp, NoOp];0
[Move(W), NoOp, NoOp];0
[Move(N), NoOp, NoOp];0
[Move(W), NoOp, NoOp];0
[Move(W), NoOp, NoOp];0
[Move(W), NoOp, NoOp];0
[Move(N), NoOp, NoOp];0
[Move(N), NoOp, NoOp];0
[Move(N), NoOp, NoOp];0
[Move(N), NoOp, NoOp];0
[Move(E), NoOp, NoOp];0
[Pull(W,E), NoOp, NoOp];0
[Pull(S,E), NoOp, NoOp];0
[Pull(S,N), NoOp, NoOp];0
[Pull(S,N), NoOp, NoOp];0
[Pull(S,N), NoOp, NoOp];0
[Pull(S,N), NoOp, NoOp];0
[Pull(S,N), NoOp, NoOp];0
[Pull(S,N), NoOp, NoOp];0
[Pull(S,N), NoOp, NoOp];0
[Pull(W,N), NoOp, NoOp];0
[Pull(W,E), NoOp, NoOp];0
[Pull(N,E), NoOp, NoOp];0
[Push(S,S), NoOp, NoOp];0
[Push(S,S), NoOp, NoOp];0
[Push(S,S), NoOp, NoOp];0
[Push(S,S), NoOp, NoOp];0
[Push(S,S), NoOp, NoOp];0
[Push(S,S), NoOp, NoOp];0
[Push(S,S), NoOp, NoOp];0
[NoOp, Move(W), NoOp];0
[NoOp, Move(W), NoOp];0
[NoOp, Move(S), NoOp];0
[NoOp, Move(W), NoOp];0
[NoOp, Move(W), NoOp];0
[NoOp, Move(W), NoOp];0
[NoOp, Move(W), NoOp];0
[NoOp, Move(S), NoOp];0
[NoOp, Move(W), NoOp];0
[NoOp, Move(S), NoOp];0
[NoOp, Move(W), NoOp];0
[NoOp, Move(W), NoOp];0
[NoOp, Move(W), NoOp];0
[NoOp, Move(W), NoOp];0
[NoOp, Move(S), NoOp];0
[NoOp, Move(S), NoOp];0
[NoOp, Pull(N,S), NoOp];0
[NoOp, Pull(N,S), NoOp];0
[NoOp, Pull(E,S), NoOp];0
[NoOp, Pull(E,W), NoOp];0
[NoOp, Pull(E,W), NoOp];0
[NoOp, Pull(E,W), NoOp];0
[NoOp, Pull(E,W), NoOp];0
[NoOp, Pull(E,W), NoOp];0
[NoOp, Pull(E,W), NoOp];0
[NoOp, Pull(E,W), NoOp];0
[NoOp, Pull(E,W), NoOp];0
[NoOp, Pull(E,W), NoOp];0
[NoOp, Pull(E,W), NoOp];0
[NoOp, Pull(E,W), NoOp];0
[NoOp, Pull(E,W), NoOp];0
[NoOp, Pull(E,W), NoOp];0
[NoOp, Pull(E,W), NoOp];0
[NoOp, Pull(E,W), NoOp];0
[NoOp, Pull(E,W), NoOp];0
[NoOp, Pull(E,W), NoOp];0
[NoOp, Pull(N,W), NoOp];0
[NoOp, Push(S,E), NoOp];0
[NoOp, Push(E,E), NoOp];0
[NoOp, Push(E,E), NoOp];0
[NoOp, Push(E,E), NoOp];0
[NoOp, Push(E,E), NoOp];0
[NoOp, Push(E,E), NoOp];1
[NoOp, Push(E,E), NoOp];0
[NoOp, Push(E,E), NoOp];0
[NoOp, Push(E,E), NoOp];0
[NoOp, Push(E,E), NoOp];0
[NoOp, Push(E,E), NoOp];0
[NoOp, Push(E,E), NoOp];0
[NoOp, Push(E,E), NoOp];0
[NoOp, NoOp, Move(W)];0
[NoOp, NoOp, Move(W)];0
[NoOp, NoOp, Move(W)];0
[NoOp, NoOp, Move(W)];0
[NoOp, NoOp, Move(W)];0
[NoOp, NoOp, Move(W)];0
[NoOp, NoOp, Move(W)];0
[NoOp, NoOp, Move(W)];0
[NoOp, NoOp, Move(W)];0
[NoOp, NoOp, Move(S)];0
[NoOp, NoOp, Move(S)];0
[NoOp, NoOp, Move(W)];0
[NoOp, NoOp, Move(W)];0
[NoOp, NoOp, Move(W)];0
[NoOp, NoOp, Move(W)];0
[NoOp, NoOp, Move(W)];0
[NoOp, NoOp, Move(W)];0
[NoOp, NoOp, Move(W)];0
[NoOp, NoOp, Move(W)];0
[NoOp, NoOp, Move(N)];0
[NoOp, NoOp, Move(W)];0
[NoOp, NoOp, Move(N)];0
[NoOp, NoOp, Pull(E,W)];0
[NoOp, NoOp, Push(W,S)];0
[NoOp, NoOp, Push(S,E)];0
[Move(N), NoOp, NoOp];0
[Move(N), NoOp, NoOp];0
[Move(N), NoOp, NoOp];0
[Move(N), NoOp, NoOp];0
[Move(N), NoOp, NoOp];0
[Move(N), NoOp, NoOp];0
[Move(W), NoOp, NoOp];0
[Move(W), NoOp, NoOp];0
[Move(W), NoOp, NoOp];0
[Move(W), NoOp, NoOp];0
[Move(W), NoOp, NoOp];0
[Move(W), NoOp, NoOp];0
[Move(W), NoOp, NoOp];0
[Move(W), NoOp, NoOp];0
[Move(W), NoOp, NoOp];0
[Move(W), NoOp, NoOp];0
[Move(W), NoOp, NoOp];0
[Move(N), NoOp, NoOp];0
[Move(W), NoOp, NoOp];0
[Move(W), NoOp, NoOp];0
[Move(N), NoOp, NoOp];0
[Move(N), NoOp, NoOp];0
[Move(N), NoOp, NoOp];0
[Move(N), NoOp, NoOp];0
[Move(W), NoOp, NoOp];0
[Move(W), NoOp, NoOp];0
[Move(W), NoOp, NoOp];0
[Move(N), NoOp, NoOp];0
[Move(N), NoOp, NoOp];0
[Move(N), NoOp, NoOp];0
[Move(W), NoOp, NoOp];0
[Move(W), NoOp, NoOp];0
[Move(W), NoOp, NoOp];0
[Pull(E,W), NoOp, NoOp];0
[Pull(E,W), NoOp, NoOp];0
[Pull(E,W), NoOp, NoOp];0
[Pull(E,W), NoOp, NoOp];0
[Pull(S,W), NoOp, NoOp];1
[Pull(E,N), NoOp, NoOp];0
[Pull(S,W), NoOp, NoOp];0
[Pull(S,N), NoOp, NoOp];0
[Push(N,E), NoOp, NoOp];0
[Push(E,E), NoOp, NoOp];0
[Push(E,E), NoOp, NoOp];0
[Push(E,E), NoOp, NoOp];0
[Push(E,E), NoOp, NoOp];0
[Push(E,E), NoOp, NoOp];0
[Push(E,E), NoOp, NoOp];0
[Push(E,E), NoOp, NoOp];0
[Push(E,E), NoOp, NoOp];0
[Push(E,E), NoOp, NoOp];0
[Push(E,E), NoOp, NoOp];0
[Push(E,E), NoOp, NoOp];0
[Push(E,E), NoOp, NoOp];0
[Push(E,S), NoOp, NoOp];0
[Push(S,S), NoOp, NoOp];0
[Push(S,S), NoOp, NoOp];0
[Push(S,S), NoOp, NoOp];0
[Push(S,E), NoOp, NoOp];0
[Push(E,S), NoOp, NoOp];0
[Push(S,S), NoOp, NoOp];0
[Push(S,E), NoOp, NoOp];0
[Push(E,E), NoOp, NoOp];0
[Push(E,E), NoOp, NoOp];0
[Push(E,E), NoOp, NoOp];0
[Push(E,S), NoOp, NoOp];0
[Push(S,S), NoOp, NoOp];0
[Push(S,S), NoOp, NoOp];0
[Push(S,S), NoOp, NoOp];0
[Push(S,S), NoOp, NoOp];0
[Push(S,S), NoOp, NoOp];0
[Push(S,S), NoOp, NoOp];0
[NoOp, Move(W), NoOp];0
[NoOp, Move(W), NoOp];0
[NoOp, Move(W), NoOp];0
[NoOp, Move(W), NoOp];0
[NoOp, Move(N), NoOp];0
[NoOp, Move(W), NoOp];0
[NoOp, Move(W), NoOp];0
[NoOp, Move(W), NoOp];0
[NoOp, Move(N), NoOp];0
[NoOp, Move(N), NoOp];0
[NoOp, Move(N), NoOp];0
[NoOp, Move(N), NoOp];0
[NoOp, Move(E), NoOp];0
[NoOp, Move(E), NoOp];0
[NoOp, Pull(W,E), NoOp];0
[NoOp, Pull(W,E), NoOp];0
[NoOp, Pull(S,E), NoOp];0
[NoOp, Pull(S,N), NoOp];0
[NoOp, Pull(S,N), NoOp];0
[NoOp, Pull(S,N), NoOp];0
[NoOp, Pull(S,N), NoOp];0
[NoOp, Pull(S,N), NoOp];0
[NoOp, Pull(S,N), NoOp];0
[NoOp, Pull(S,N), NoOp];0
[NoOp, Pull(W,N), NoOp];0
[NoOp, Pull(W,E), NoOp];0
[NoOp, Pull(S,E), NoOp];0
[NoOp, Pull(S,N), NoOp];0
[NoOp, Pull(S,N), NoOp];0
[NoOp, Pull(S,N), NoOp];0
[NoOp, Pull(S,N), NoOp];0
[NoOp, Pull(S,N), NoOp];0
[NoOp, NoOp, Move(S)];0
[NoOp, NoOp, Move(S)];0
[NoOp, NoOp, Move(S)];0
[NoOp, NoOp, Move(W)];0
[NoOp, NoOp, Move(W)];0
[NoOp, NoOp, Pull(E,W)];0
[NoOp, NoOp, Pull(E,W)];0
[NoOp, NoOp, Pull(E,W)];0
[NoOp, NoOp, Pull(E,W)];0
[NoOp, NoOp, Pull(E,W)];0
[NoOp, NoOp, Pull(E,W)];0
[NoOp, NoOp, Pull(E,W)];0
[NoOp, NoOp, Pull(E,W)];0
[NoOp, NoOp, Pull(E,W)];0
[NoOp, NoOp, Pull(E,W)];0
[NoOp, NoOp, Pull(E,W)];0
[NoOp, NoOp, Pull(E,W)];0
[NoOp, NoOp, Pull(E,W)];0
[NoOp, NoOp, Pull(E,W)];0
[NoOp, NoOp, Pull(E,W)];0
[NoOp, NoOp, Pull(E,W)];1
[NoOp, NoOp, Pull(E,W)];0
[NoOp, NoOp, Pull(E,W)];0
[NoOp, NoOp, Pull(E,W)];0
[NoOp, NoOp, Pull(E,W)];0
[NoOp, NoOp, Pull(E,W)];0
[NoOp, NoOp, Pull(E,W)];0
[NoOp, NoOp, Pull(E,W)];0
[NoOp, NoOp, Pull(E,W)];0
[NoOp, NoOp, Pull(E,W)];0
[NoOp, NoOp, Pull(S,W)];0
[NoOp, NoOp, Pull(S,N)];0
[NoOp, NoOp, Push(N,E)];0
[NoOp, NoOp, Push(E,E)];0
[NoOp, NoOp, Move(W)];0
[NoOp, NoOp, Move(W)];0
[NoOp, NoOp, Move(W)];0
[NoOp, NoOp, Move(W)];0
[NoOp, NoOp, Move(W)];0
[NoOp, NoOp, Move(W)];0
[NoOp, NoOp, Move(W)];0
[NoOp, NoOp, Move(W)];0
[NoOp, NoOp, Move(W)];0
[NoOp, NoOp, Move(W)];0
[NoOp, NoOp, Move(N)];0
[NoOp, NoOp, Move(W)];0
[NoOp, NoOp, Move(W)];0
[NoOp, NoOp, Move(W)];0
[NoOp, NoOp, Move(W)];0
[NoOp, NoOp, Move(N)];0
[NoOp, NoOp, Move(N)];0
[NoOp, NoOp, Move(N)];0
[NoOp, NoOp, Move(W)];0
[NoOp, NoOp, Move(N)];0
[NoOp, NoOp, Pull(E,W)];0
[NoOp, NoOp, Pull(E,W)];0
[Move(N), NoOp, NoOp];0
[Move(N), NoOp, NoOp];0
[Move(N), NoOp, NoOp];0
[Move(N), NoOp, NoOp];0
[Move(N), NoOp, NoOp];0
[Move(N), NoOp, NoOp];1
[Move(N), NoOp, NoOp];0
[Move(W), NoOp, NoOp];0
[Move(W), NoOp, NoOp];0
[Move(W), NoOp, NoOp];0
[Move(W), NoOp, NoOp];0
[Move(N), NoOp, NoOp];0
[Move(W), NoOp, NoOp];0
[Move(W), NoOp, NoOp];0
[Move(N), NoOp, NoOp];0
[Move(W), NoOp, NoOp];0
[Move(W), NoOp, NoOp];0
[Move(W), NoOp, NoOp];0
[Move(W), NoOp, NoOp];0
[Move(W), NoOp, NoOp];0
[Move(N), NoOp, NoOp];0
[Move(N), NoOp, NoOp];0
[Move(N), NoOp, NoOp];0
[Move(W), NoOp, NoOp];0
[Move(W), NoOp, NoOp];0
[Move(N), NoOp, NoOp];0
[Move(N), NoOp, NoOp];0
[Move(W), NoOp, NoOp];0
[Pull(E,W), NoOp, NoOp];0
[Pull(S,W), NoOp, NoOp];0
[Pull(S,N), NoOp, NoOp];0
[Pull(S,N), NoOp, NoOp];0
[Pull(S,N), NoOp, NoOp];0
[Pull(S,N), NoOp, NoOp];0
[Pull(S,N), NoOp, NoOp];0
[Pull(W,N), NoOp, NoOp];0
[Pull(W,E), NoOp, NoOp];0
[Pull(S,E), NoOp, NoOp];0
[Pull(S,N), NoOp, NoOp];0
[Pull(W,N), NoOp, NoOp];0
[Pull(W,E), NoOp, NoOp];0
[Pull(W,E), NoOp, NoOp];0
[Pull(W,E), NoOp, NoOp];0
[Pull(W,E), NoOp, NoOp];0
[Pull(N,E), NoOp, NoOp];0
[Push(S,S), NoOp, NoOp];0
[Push(S,S), NoOp, NoOp];0
[Push(S,S), NoOp, NoOp];0
[Push(S,S), NoOp, NoOp];0
[Push(S,S), NoOp, NoOp];0
[Push(S,S), NoOp, NoOp];0
[Push(S,S), NoOp, NoOp];0
[NoOp, NoOp, Move(E)];0
[NoOp, NoOp, Move(E)];0
[NoOp, NoOp, Move(E)];0
[NoOp, NoOp, Move(E)];0
[NoOp, NoOp, Move(E)];0
[NoOp, NoOp, Move(E)];0
[NoOp, NoOp, Move(E)];0
[NoOp, NoOp, Move(S)];0
[NoOp, NoOp, Move(E)];0
[NoOp, NoOp, Move(E)];0
[NoOp, NoOp, Move(S)];0
[NoOp, NoOp, Pull(S,E)];0
[NoOp, NoOp, Pull(W,N)];0
[Move(N), NoOp, NoOp];0
[Move(N), NoOp, NoOp];0
[Move(N), NoOp, NoOp];0
[Move(N), NoOp, NoOp];1
[Move(N), NoOp, NoOp];0
[Move(N), NoOp, NoOp];0
[Move(E), NoOp, NoOp];0
[Move(E), NoOp, NoOp];0
[Move(E), NoOp, NoOp];0
[Move(E), NoOp, NoOp];0
[Move(E), NoOp, NoOp];0
[Move(E), NoOp, NoOp];0
[Move(E), NoOp, NoOp];0
[Move(E), NoOp, NoOp];0
[Move(E), NoOp, NoOp];0
[Move(E), NoOp, NoOp];0
[Move(E), NoOp, NoOp];0
[Move(E), NoOp, NoOp];0
[Move(N), NoOp, NoOp];0
[Move(N), NoOp, NoOp];0
[Move(N), NoOp, NoOp];0
[Move(E), NoOp, NoOp];0
[Move(E), NoOp, NoOp];0
[Move(E), NoOp, NoOp];0
[Move(N), NoOp, NoOp];0
[Move(E), NoOp, NoOp];0
[Move(N), NoOp, NoOp];0
[Move(N), NoOp, NoOp];0
[Move(E), NoOp, NoOp];0
[Move(E), NoOp, NoOp];0
[Move(E), NoOp, NoOp];0
[Pull(W,E), NoOp, NoOp];0
[Pull(W,E), NoOp, NoOp];0
[Pull(W,E), NoOp, NoOp];0
[Pull(S,E), NoOp, NoOp];0
[Pull(S,N), NoOp, NoOp];0
[Pull(S,N), NoOp, NoOp];0
[Pull(S,N), NoOp, NoOp];0
[Pull(S,N), NoOp, NoOp];0
[Pull(W,N), NoOp, NoOp];0
[Pull(S,E), NoOp, NoOp];0
[Pull(W,N), NoOp, NoOp];0
[Pull(W,E), NoOp, NoOp];0
[Pull(W,E), NoOp, NoOp];0
[Pull(S,E), NoOp, NoOp];0
[Pull(S,N), NoOp, NoOp];0
[Pull(S,N), NoOp, NoOp];0
[Pull(S,N), NoOp, NoOp];0
[Pull(S,N), NoOp, NoOp];0
[Pull(S,N), NoOp, NoOp];0
[Pull(S,N), NoOp, NoOp];0
[Pull(S,N), NoOp, NoOp];0
[NoOp, Push(N,N), NoOp];0
[NoOp, Push(N,N), NoOp];0
[NoOp, Push(N,N), NoOp];0
[NoOp, Push(N,N), NoOp];0
[NoOp, Push(N,N), NoOp];0
[NoOp, Push(N,N), NoOp];0
[NoOp, Pull(W,N), NoOp];0
[NoOp, Push(E,S), NoOp];0
[NoOp, Push(S,S), NoOp];0
[NoOp, Push(S,S), NoOp];0
[NoOp, Push(S,S), NoOp];0
[NoOp, Push(S,S), NoOp];0
[NoOp, Move(N), NoOp];0
[NoOp, Move(N), NoOp];0
[NoOp, Move(N), NoOp];0
[NoOp, Move(N), NoOp];0
[NoOp, Move(W), NoOp];0
[NoOp, Move(W), NoOp];0
[NoOp, Move(W), NoOp];0
[NoOp, Move(W), NoOp];0
[NoOp, Move(W), NoOp];0
[NoOp, Move(W), NoOp];0
[NoOp, Move(W), NoOp];0
[NoOp, Move(W), NoOp];0
[NoOp, Move(W), NoOp];0
[NoOp, Move(N), NoOp];0
[NoOp, Move(N), NoOp];0
[NoOp, Move(N), NoOp];0
[NoOp, Move(N), NoOp];0
[NoOp, Move(W), NoOp];0
[NoOp, Move(W), NoOp];0
[NoOp, Move(W), NoOp];0
[NoOp, Move(W), NoOp];0
[NoOp, Move(N), NoOp];0
[NoOp, Move(W), NoOp];0
[NoOp, Move(W), NoOp];0
[NoOp, Move(W), NoOp];0
[NoOp, Move(N), NoOp];0
[NoOp, Move(W), NoOp];0
[NoOp, Move(W), NoOp];0
[NoOp, Move(N), NoOp];0
[NoOp, Move(N), NoOp];0
[NoOp, Move(W), NoOp];0
[NoOp, Move(W), NoOp];0
[NoOp, Pull(E,W), NoOp];0
[NoOp, Pull(E,W), NoOp];0
[NoOp, Pull(E,W), NoOp];0
[NoOp, Pull(E,W), NoOp];0
[NoOp, Pull(E,W), NoOp];0
[NoOp, Pull(E,W), NoOp];0
[NoOp, Pull(S,W), NoOp];0
[NoOp, Pull(S,N), NoOp];0
[NoOp, Pull(E,N), NoOp];0
[NoOp, Pull(E,W), NoOp];0
[NoOp, Pull(E,W), NoOp];0
[NoOp, Pull(E,W), NoOp];0
[NoOp, Pull(E,W), NoOp];0
[NoOp, Pull(N,W), NoOp];0
[NoOp, Push(S,E), NoOp];0
[NoOp, Push(E,E), NoOp];0
[NoOp, Push(E,E), NoOp];0
[NoOp, Push(E,E), NoOp];0
[NoOp, Push(E,E), NoOp];0
[NoOp, Push(E,S), NoOp];0
[NoOp, Push(S,S), NoOp];0
[NoOp, Push(S,E), NoOp];0
[NoOp, Push(E,E), NoOp];0
[NoOp, Push(E,E), NoOp];0
[NoOp, Push(E,E), NoOp];0
[NoOp, Push(E,E), NoOp];1
[NoOp, Push(E,E), NoOp];0
[NoOp, Push(E,E), NoOp];0
[NoOp, Push(E,S), NoOp];0
[NoOp, Push(S,S), NoOp];0
[NoOp, Push(S,S), NoOp];0
[NoOp, Push(S,S), NoOp];0
[NoOp, Push(S,E), NoOp];0
[NoOp, Push(E,S), NoOp];0
[NoOp, Push(S,S), NoOp];0
[NoOp, Push(S,S), NoOp];0
[NoOp, Push(S,S), NoOp];0
[NoOp, Push(S,S), NoOp];0
[NoOp, NoOp, Move(N)];0
[NoOp, NoOp, Move(N)];0
[NoOp, NoOp, Pull(S,N)];0
[NoOp, NoOp, Pull(W,N)];0
[NoOp, NoOp, Push(E,S)];0
[NoOp, NoOp, Push(S,S)];0
[NoOp, NoOp, Push(S,S)];0
[NoOp, NoOp, Push(S,S)];0
[NoOp, NoOp, Push(S,S)];0
[NoOp, NoOp, Push(S,S)];0
[NoOp, NoOp, Push(S,W)];0
[NoOp, NoOp, Push(W,S)];0
[NoOp, NoOp, Push(S,S)];0
[NoOp, NoOp, Push(S,S)];0
[NoOp, Move(N), NoOp];0
[NoOp, Move(N), NoOp];0
[NoOp, Move(N), NoOp];0
[NoOp, Move(N), NoOp];0
[NoOp, Move(W), NoOp];0
[NoOp, Move(W), NoOp];0
[NoOp, Move(W), NoOp];0
[NoOp, Move(W), NoOp];0
[NoOp, Move(W), NoOp];0
[NoOp, Move(W), NoOp];0
[NoOp, Move(W), NoOp];0
[NoOp, Move(W), NoOp];0
[NoOp, Move(W), NoOp];0
[NoOp, Move(N), NoOp];0
[NoOp, Move(W), NoOp];0
[NoOp, Move(W), NoOp];0
[NoOp, Move(N), NoOp];0
[NoOp, Move(N), NoOp];0
[NoOp, Move(W), NoOp];0
[NoOp, Move(W), NoOp];0
[NoOp, Move(N), NoOp];0
[NoOp, Move(N), NoOp];0
[NoOp, Move(N), NoOp];0
[NoOp, Move(N), NoOp];0
[NoOp, Move(N), NoOp];0
[NoOp, Move(W), NoOp];0
[NoOp, Move(W), NoOp];0
[NoOp, Pull(E,W), NoOp];0
[NoOp, Pull(E,W), NoOp];0
[NoOp, Pull(S,W), NoOp];0
[NoOp, Pull(S,N), NoOp];0
[NoOp, Pull(W,N), NoOp];0
[NoOp, Pull(S,E), NoOp];0
[NoOp, Pull(S,N), NoOp];0
[NoOp, Pull(W,N), NoOp];0
[NoOp, Pull(W,E), NoOp];0
[NoOp, Pull(S,E), NoOp];0
[NoOp, Pull(W,N), NoOp];0
[NoOp, Push(E,S), NoOp];0
[NoOp, Push(S,S), NoOp];0
[NoOp, Push(S,W), NoOp];0
[NoOp, Push(W,S), NoOp];0
[NoOp, Push(S,W), NoOp];0
[NoOp, Push(W,W), NoOp];0
[NoOp, Push(W,W), NoOp];0
[NoOp, Push(W,S), NoOp];0
[NoOp, Push(S,S), NoOp];0
[NoOp, Push(S,S), NoOp];0
[NoOp, Push(S,S), NoOp];0
[NoOp, Push(S,S), NoOp];0
[NoOp, NoOp, Move(N)];0
[NoOp, NoOp, Move(N)];0
[NoOp, NoOp, Move(W)];0
[NoOp, NoOp, Move(W)];0
[NoOp, NoOp, Move(W)];0
[NoOp, NoOp, Move(W)];0
[NoOp, NoOp, Move(W)];0
[NoOp, NoOp, Move(W)];0
[NoOp, NoOp, Move(W)];0
[NoOp, NoOp, Move(W)];0
[NoOp, NoOp, Move(W)];1
[NoOp, NoOp, Move(W)];0
[NoOp, NoOp, Move(W)];0
[NoOp, NoOp, Move(N)];0
[NoOp, NoOp, Move(N)];0
[NoOp, NoOp, Move(N)];0
[NoOp, NoOp, Move(W)];0
[NoOp, NoOp, Move(W)];0
[NoOp, NoOp, Move(N)];0
[NoOp, NoOp, Move(W)];0
[NoOp, NoOp, Move(W)];0
[NoOp, NoOp, Move(N)];0
[NoOp, NoOp, Move(N)];0
[NoOp, NoOp, Move(W)];0
[NoOp, NoOp, Move(W)];0
[NoOp, NoOp, Pull(E,N)];0
[NoOp, NoOp, Pull(S,W)];0
[NoOp, NoOp, Pull(E,N)];0
[NoOp, NoOp, Pull(E,W)];0
[NoOp, NoOp, Pull(E,W)];0
[NoOp, NoOp, Pull(E,W)];0
[NoOp, NoOp, Pull(E,W)];0
[NoOp, NoOp, Pull(E,W)];0
[NoOp, NoOp, Pull(E,W)];0
[NoOp, NoOp, Pull(E,W)];0
[NoOp, NoOp, Pull(S,W)];0
[NoOp, NoOp, Pull(S,N)];0
[NoOp, NoOp, Pull(E,N)];0
[NoOp, NoOp, Pull(E,W)];0
[NoOp, NoOp, Pull(S,W)];0
[NoOp, NoOp, Pull(S,N)];0
[NoOp, NoOp, Pull(E,N)];0
[NoOp, NoOp, Pull(E,W)];0
[NoOp, NoOp, Pull(S,W)];0
[NoOp, NoOp, Pull(E,N)];0
[NoOp, NoOp, Pull(E,W)];0
[NoOp, NoOp, Pull(E,W)];0
[NoOp, NoOp, Pull(E,W)];0
[NoOp, NoOp, Pull(S,W)];0
[NoOp, NoOp, Push(N,E)];0
[NoOp, NoOp, Push(E,E)];0
[NoOp, NoOp, Push(E,E)];0
[NoOp, NoOp, Push(E,E)];0
[NoOp, NoOp, Push(E,S)];0
[NoOp, NoOp, Push(S,S)];0
[NoOp, NoOp, Push(S,S)];0
[Push(N,N), NoOp, NoOp];0
[Push(N,N), NoOp, NoOp];0
[Push(N,N), NoOp, NoOp];0
[Push(N,N), NoOp, NoOp];0
[Push(N,N), NoOp, NoOp];0
[Push(N,N), NoOp, NoOp];0
[Push(N,N), NoOp, NoOp];0
[Push(N,N), NoOp, NoOp];0
[Push(N,N), NoOp, NoOp];0
[Pull(W,N), NoOp, NoOp];0
[Push(E,S), NoOp, NoOp];0
[Push(S,S), NoOp, NoOp];0
[Push(S,S), NoOp, NoOp];0
[Push(S,S), NoOp, NoOp];0
[Push(S,S), NoOp, NoOp];0
[Push(S,S), NoOp, NoOp];0
[Push(S,S), NoOp, NoOp];0
[Push(S,S), NoOp, NoOp];0
[NoOp, NoOp, Move(N)];0
[NoOp, NoOp, Move(N)];0
[NoOp, NoOp, Move(W)];0
[NoOp, NoOp, Move(W)];0
[NoOp, NoOp, Move(W)];0
[NoOp, NoOp, Move(W)];0
[NoOp, NoOp, Move(W)];0
[NoOp, NoOp, Move(W)];0
[NoOp, NoOp, Move(W)];0
[NoOp, NoOp, Move(W)];0
[NoOp, NoOp, Move(W)];0
[NoOp, NoOp, Move(W)];0
[NoOp, NoOp, Move(W)];0
[NoOp, NoOp, Move(W)];0
[NoOp, NoOp, Move(W)];0
[NoOp, NoOp, Move(W)];0
[NoOp, NoOp, Move(W)];0
[NoOp, NoOp, Move(W)];0
[NoOp, NoOp, Move(W)];0
[NoOp, NoOp, Move(W)];0
[NoOp, NoOp, Move(W)];0
[NoOp, NoOp, Move(W)];0
[NoOp, NoOp, Move(N)];0
[NoOp, NoOp, Move(W)];0
[NoOp, NoOp, Move(N)];0
[NoOp, NoOp, Move(N)];0
[NoOp, NoOp, Move(N)];0
[NoOp, NoOp, Move(N)];0
[NoOp, NoOp, Move(W)];0
[NoOp, NoOp, Move(N)];0
[NoOp, NoOp, Pull(S,W)];0
[NoOp, NoOp, Pull(E,N)];0
[Move(N), NoOp, NoOp];0
[Move(N), NoOp, NoOp];0
[Move(N), NoOp, NoOp];0
[Move(N), NoOp, NoOp];0
[Move(N), NoOp, NoOp];0
[Move(N), NoOp, NoOp];0
[Move(W), NoOp, NoOp];0
[Move(W), NoOp, NoOp];0
[Move(W), NoOp, NoOp];0
[Move(W), NoOp, NoOp];0
[Move(W), NoOp, NoOp];0
[Move(W), NoOp, NoOp];0
[Move(W), NoOp, NoOp];0
[Move(W), NoOp, NoOp];0
[Move(N), NoOp, NoOp];0
[Move(W), NoOp, NoOp];0
[Move(W), NoOp, NoOp];0
[Move(W), NoOp, NoOp];0
[Move(N), NoOp, NoOp];0
[Move(N), NoOp, NoOp];0
[Move(N), NoOp, NoOp];0
[Move(W), NoOp, NoOp];0
[Move(N), NoOp, NoOp];0
[Move(N), NoOp, NoOp];0
[Move(W), NoOp, NoOp];0
[Move(W), NoOp, NoOp];0
[Move(W), NoOp, NoOp];0
[Pull(E,W), NoOp, NoOp];0
[Pull(E,W), NoOp, NoOp];0
[Pull(E,W), NoOp, NoOp];0
[Pull(S,W), NoOp, NoOp];0
[Pull(S,N), NoOp, NoOp];0
[Pull(S,N), NoOp, NoOp];0
[Pull(S,N), NoOp, NoOp];0
[Pull(S,N), NoOp, NoOp];0
[Pull(E,N), NoOp, NoOp];0
[Pull(S,W), NoOp, NoOp];0
[Pull(E,N), NoOp, NoOp];0
[Pull(E,W), NoOp, NoOp];0
[Pull(N,W), NoOp, NoOp];0
[Push(S,E), NoOp, NoOp];0
[Push(E,S), NoOp, NoOp];0
[Push(S,S), NoOp, NoOp];0
[Push(S,S), NoOp, NoOp];0
[Push(S,S), NoOp, NoOp];0
[Push(S,S), NoOp, NoOp];0
[Push(S,S), NoOp, NoOp];0
[Push(S,S), NoOp, NoOp];0
[NoOp, Move(N), NoOp];0
[NoOp, Move(N), NoOp];0
[NoOp, Move(N), NoOp];0
[NoOp, Move(N), NoOp];0
[NoOp, Move(N), NoOp];0
[NoOp, Move(N), NoOp];0
[NoOp, Move(N), NoOp];0
[NoOp, Move(N), NoOp];0
[NoOp, Move(N), NoOp];0
[NoOp, Move(N), NoOp];0
[NoOp, Move(W), NoOp];0
[NoOp, Move(W), NoOp];0
[NoOp, Move(W), NoOp];0
[NoOp, Move(W), NoOp];0
[NoOp, Pull(E,W), NoOp];0
[NoOp, Pull(E,W), NoOp];0
[NoOp, Pull(E,W), NoOp];1
[NoOp, Pull(E,W), NoOp];0
[NoOp, Pull(S,W), NoOp];0
[NoOp, Pull(S,N), NoOp];0
[NoOp, Pull(S,N), NoOp];0
[NoOp, Pull(S,N), NoOp];0
[NoOp, Pull(S,N), NoOp];0
[NoOp, Pull(S,N), NoOp];0
[NoOp, Pull(E,N), NoOp];0
[NoOp, Pull(E,W), NoOp];0
[NoOp, Pull(E,W), NoOp];0
[NoOp, Pull(E,W), NoOp];0
[NoOp, Pull(N,W), NoOp];0
[NoOp, Push(S,S), NoOp];0
[NoOp, Push(S,S), NoOp];0
[NoOp, Push(S,S), NoOp];0
[NoOp, Push(S,S), NoOp];0
[NoOp, Push(S,S), NoOp];0
[NoOp, Move(N), NoOp];0
[NoOp, Move(N), NoOp];0
[NoOp, Move(N), NoOp];0
[NoOp, Move(N), NoOp];0
[NoOp, Move(E), NoOp];0
[NoOp, Move(E), NoOp];0
[NoOp, Move(E), NoOp];0
[NoOp, Move(E), NoOp];0
[NoOp, Move(E), NoOp];0
[NoOp, Move(E), NoOp];0
[NoOp, Move(E), NoOp];0
[NoOp, Move(E), NoOp];0
[NoOp, Move(N), NoOp];0
[NoOp, Move(E), NoOp];0
[NoOp, Move(E), NoOp];0
[NoOp, Move(E), NoOp];0
[NoOp, Move(E), NoOp];0
[NoOp, Move(N), NoOp];0
[NoOp, Move(N), NoOp];0
[NoOp, Move(N), NoOp];0
[NoOp, Move(E), NoOp];0
[NoOp, Move(N), NoOp];0
[NoOp, Move(N), NoOp];0
[NoOp, Move(E), NoOp];0
[NoOp, Move(E), NoOp];0
[NoOp, Move(E), NoOp];0
[NoOp, Pull(W,E), NoOp];0
[NoOp, Pull(W,E), NoOp];0
[NoOp, Pull(W,E), NoOp];1
[NoOp, Pull(S,E), NoOp];0
[NoOp, Pull(S,N), NoOp];0
[NoOp, Pull(S,N), NoOp];0
[NoOp, Pull(W,N), NoOp];0
[NoOp, Pull(W,E), NoOp];0
[NoOp, Pull(S,E), NoOp];0
[NoOp, Pull(S,N), NoOp];0
[NoOp, Pull(S,N), NoOp];0
[NoOp, Pull(W,N), NoOp];0
[NoOp, Pull(W,E), NoOp];0
[NoOp, Pull(N,E), NoOp];0
[NoOp, Push(S,W), NoOp];0
[NoOp, Push(W,S), NoOp];0
[NoOp, Push(S,S), NoOp];0
[NoOp, Push(S,S), NoOp];0
[NoOp, Push(S,S), NoOp];0
[NoOp, Push(S,S), NoOp];0
[NoOp, NoOp, Pull(E,W)];0
[NoOp, NoOp, Pull(E,W)];0
[NoOp, NoOp, Pull(S,W)];0
[NoOp, NoOp, Pull(S,N)];0
[NoOp, NoOp, Pull(S,N)];0
[NoOp, NoOp, Pull(E,N)];0
[NoOp, NoOp, Pull(N,W)];0
[NoOp, NoOp, Push(S,S)];0
[NoOp, NoOp, Push(S,S)];0
[NoOp, NoOp, Push(S,E)];0
[NoOp, NoOp, Push(E,E)];0
[NoOp, NoOp, Push(E,S)];0
[NoOp, NoOp, Push(S,S)];0
[NoOp, NoOp, Push(S,S)];0
[NoOp, NoOp, Move(N)];0
[NoOp, NoOp, Move(N)];0
[NoOp, NoOp, Move(N)];0
[NoOp, NoOp, Move(E)];0
[NoOp, NoOp, Move(N)];0
[NoOp, NoOp, Move(N)];0
[NoOp, NoOp, Move(N)];0
[NoOp, NoOp, Move(N)];0
[NoOp, NoOp, Move(E)];0
[NoOp, NoOp, Move(N)];0
[NoOp, NoOp, Move(E)];1
[NoOp, NoOp, Move(N)];0
[NoOp, NoOp, Move(E)];0
[NoOp, NoOp, Pull(W,N)];0
[NoOp, NoOp, Pull(S,E)];0
[NoOp, NoOp, Pull(S,N)];0
[NoOp, NoOp, Pull(S,N)];0
[NoOp, NoOp, Pull(W,N)];0
[NoOp, NoOp, Pull(W,E)];0
[NoOp, NoOp, Pull(S,E)];0
[NoOp, NoOp, Pull(S,N)];0
[NoOp, NoOp, Pull(S,N)];0
[NoOp, NoOp, Push(N,W)];0
[NoOp, NoOp, Push(W,S)];0
[NoOp, NoOp, Push(S,W)];0
[NoOp, NoOp, Push(W,W)];0
[NoOp, NoOp, Push(W,W)];0
[NoOp, NoOp, Push(W,W)];0
[NoOp, NoOp, Push(W,S)];0
[NoOp, NoOp, Push(S,S)];0
[NoOp, NoOp, Push(S,S)];0
[NoOp, NoOp, Push(S,S)];0
[NoOp, NoOp, Move(N)];0
[NoOp, NoOp, Move(N)];0
[NoOp, NoOp, Move(E)];0
[NoOp, NoOp, Move(E)];0
[NoOp, NoOp, Move(E)];0
[NoOp, NoOp, Move(E)];0
[NoOp, NoOp, Move(E)];0
[NoOp, NoOp, Move(E)];0
[NoOp, NoOp, Move(E)];0
[NoOp, NoOp, Move(E)];0
[NoOp, NoOp, Move(E)];0
[NoOp, NoOp, Move(E)];0
[NoOp, NoOp, Move(N)];0
[NoOp, NoOp, Move(N)];0
[NoOp, NoOp, Move(E)];0
[NoOp, NoOp, Move(E)];0
[NoOp, NoOp, Move(E)];0
[NoOp, NoOp, Move(E)];0
[NoOp, NoOp, Move(E)];0
[NoOp, NoOp, Move(E)];0
[NoOp, NoOp, Move(N)];0
[NoOp, NoOp, Move(N)];0
[NoOp, NoOp, Move(E)];0
[NoOp, NoOp, Move(E)];0
[NoOp, NoOp, Pull(S,N)];0
[NoOp, NoOp, Pull(W,N)];0
[NoOp, NoOp, Pull(W,E)];0
[NoOp, NoOp, Pull(S,E)];0
[NoOp, NoOp, Pull(W,N)];0
[NoOp, NoOp, Pull(S,E)];0
[NoOp, NoOp, Pull(S,N)];0
[NoOp, NoOp, Pull(W,N)];0
[NoOp, NoOp, Pull(W,E)];1
[NoOp, NoOp, Pull(W,E)];0
[NoOp, NoOp, Pull(N,E)];0
[NoOp, NoOp, Push(S,S)];0
[NoOp, NoOp, Push(S,S)];0
[NoOp, NoOp, Push(S,S)];0
1e1371aee37419ef435f269df490828db40b872c
successful
25247
946
f8c080e39eda20389fcf60c23acec7ac984de446
1495030471682
