++++++            ++++++
++    ++          ++    ++
+      ++++++++++++      +
+  BD  ad        bc  AC  +
+      ++++     +++      +
++    ++  ++   ++ ++    ++
 ++++++    +   +   ++++++
           ++0++
 ++++++    +   +   ++++++
++    ++  ++   ++ ++    ++
+      ++++     +++      +
+  BD  cd        ba  AC  +
+      ++++++++++++      +
++    ++          ++    ++
 ++++++            ++++++

06f45fa82edb8889882d21c49cb15c351ddc944a
unsuccessful
0
0
da0affd92fc64fed7bd259ecbb93a8ac5a30dc1f
1495031418752
