blue: 0,A,I,Q
cyan: 1,B,J,R
magenta: 2,C,K,S
orange: 3,D,L,T
pink: 4,E,M,U
yellow: 5,F,N,V
red: 6,G,O,W
green: 7,H,P,X
    +++          +++          +++
    +3+          +7+          +4+
    +F+          +G+          +B+
+++++ ++++++++++++ ++++++++++++ +++++
+2E                0              C5+
+++++ ++++++++++++ ++++++++++++ +++++
    +A+ +++++    + +    +++++ +D+
    +1+ +BOX+    + +    +TOP+ +6+
    +++ ++++++   + +   ++++++ +++
        +    +   + +   +    +
        + Qu +++++ +++++ qU +
        + Rv             rV +
        + Sw +++++ +++++ sW +
        + Tx +   + +   + tX +
        +    +   + +   +    +
    ++++++++++   + +   ++++++++++
    +BUNNY+      + +      +FUNNY+
+++++++++++      + +      +++++++++++
+ AA aa   +      + +      +p+n+l+j+++
+ +++++++ ++++++++ ++++++++ + + + +++
+ +++++++                  PONMLKJIi+
+ +++++++ ++++++++++++++++++ + + ++++
+         +               ++o+m+k++++
+++++++++++               +++++++++++

[Move(W), NoOp, NoOp, NoOp, NoOp, NoOp, NoOp, NoOp];982
[NoOp, NoOp, NoOp, NoOp, NoOp, NoOp, NoOp, Move(N)];81
[NoOp, NoOp, NoOp, NoOp, NoOp, NoOp, NoOp, NoOp];42
[Move(N), NoOp, NoOp, NoOp, NoOp, NoOp, NoOp, Move(E)];24
[NoOp, NoOp, NoOp, NoOp, NoOp, NoOp, NoOp, Move(E)];16
[NoOp, NoOp, NoOp, NoOp, NoOp, NoOp, NoOp, Move(E)];26
[NoOp, NoOp, NoOp, NoOp, NoOp, NoOp, NoOp, Move(S)];12
[NoOp, NoOp, NoOp, NoOp, Move(N), NoOp, NoOp, Move(W)];22
[NoOp, NoOp, NoOp, NoOp, Move(E), NoOp, NoOp, Move(N)];21
[NoOp, NoOp, NoOp, NoOp, Move(E), NoOp, NoOp, NoOp];45
[NoOp, NoOp, NoOp, NoOp, Move(E), NoOp, NoOp, Move(W)];48
[NoOp, NoOp, NoOp, NoOp, NoOp, NoOp, NoOp, Move(W)];30
[NoOp, NoOp, NoOp, NoOp, Move(S), NoOp, NoOp, Move(W)];31
[NoOp, NoOp, NoOp, NoOp, NoOp, NoOp, NoOp, Move(W)];32
[NoOp, NoOp, NoOp, NoOp, NoOp, NoOp, NoOp, NoOp];8
[NoOp, NoOp, NoOp, NoOp, NoOp, NoOp, NoOp, Move(S)];8
[NoOp, NoOp, NoOp, NoOp, NoOp, NoOp, NoOp, NoOp];8
[NoOp, NoOp, NoOp, NoOp, NoOp, NoOp, NoOp, Move(W)];9
[NoOp, NoOp, NoOp, NoOp, NoOp, NoOp, NoOp, NoOp];7
[NoOp, NoOp, NoOp, NoOp, NoOp, NoOp, NoOp, NoOp];4
[NoOp, NoOp, NoOp, NoOp, NoOp, NoOp, NoOp, NoOp];4
[NoOp, NoOp, NoOp, NoOp, NoOp, NoOp, NoOp, NoOp];4
[NoOp, NoOp, NoOp, NoOp, NoOp, NoOp, NoOp, NoOp];4
[NoOp, NoOp, NoOp, NoOp, NoOp, NoOp, NoOp, NoOp];8
[NoOp, NoOp, NoOp, NoOp, NoOp, NoOp, NoOp, NoOp];3
[NoOp, NoOp, NoOp, NoOp, NoOp, NoOp, NoOp, NoOp];2
[NoOp, NoOp, NoOp, NoOp, NoOp, NoOp, NoOp, NoOp];6
[NoOp, NoOp, NoOp, NoOp, NoOp, NoOp, NoOp, NoOp];12
[NoOp, NoOp, NoOp, NoOp, NoOp, NoOp, NoOp, NoOp];7
[Move(S), NoOp, NoOp, NoOp, Move(W), NoOp, NoOp, Move(E)];724
[NoOp, NoOp, NoOp, NoOp, Move(N), NoOp, NoOp, NoOp];12
[NoOp, NoOp, NoOp, NoOp, NoOp, NoOp, NoOp, Move(N)];19
[NoOp, NoOp, NoOp, NoOp, Move(W), NoOp, NoOp, NoOp];32
[NoOp, NoOp, NoOp, NoOp, Move(W), NoOp, NoOp, Move(E)];53
[NoOp, NoOp, NoOp, NoOp, NoOp, NoOp, NoOp, Move(E)];42
[NoOp, NoOp, NoOp, NoOp, NoOp, NoOp, NoOp, NoOp];29
[NoOp, NoOp, NoOp, NoOp, NoOp, NoOp, NoOp, NoOp];9
[NoOp, NoOp, NoOp, NoOp, NoOp, NoOp, NoOp, NoOp];6
[NoOp, NoOp, NoOp, NoOp, NoOp, NoOp, NoOp, NoOp];6
[NoOp, NoOp, NoOp, NoOp, NoOp, NoOp, NoOp, NoOp];12
[NoOp, NoOp, NoOp, NoOp, NoOp, NoOp, NoOp, NoOp];15
[NoOp, NoOp, NoOp, NoOp, NoOp, NoOp, NoOp, NoOp];8
[NoOp, NoOp, NoOp, NoOp, NoOp, NoOp, NoOp, NoOp];11
[NoOp, NoOp, NoOp, NoOp, NoOp, NoOp, NoOp, NoOp];15
[NoOp, NoOp, NoOp, NoOp, NoOp, NoOp, NoOp, NoOp];13
[NoOp, NoOp, NoOp, NoOp, NoOp, NoOp, NoOp, NoOp];8
[Move(S), NoOp, NoOp, NoOp, Move(S), NoOp, NoOp, Move(S)];2099
[NoOp, NoOp, NoOp, NoOp, NoOp, NoOp, NoOp, NoOp];22
[NoOp, NoOp, NoOp, NoOp, NoOp, NoOp, NoOp, NoOp];39
[NoOp, NoOp, NoOp, NoOp, NoOp, NoOp, NoOp, NoOp];31
[NoOp, NoOp, NoOp, NoOp, NoOp, NoOp, NoOp, NoOp];24
[NoOp, NoOp, NoOp, NoOp, NoOp, NoOp, NoOp, Move(N)];19
[NoOp, NoOp, NoOp, NoOp, NoOp, NoOp, NoOp, NoOp];15
[NoOp, NoOp, NoOp, NoOp, NoOp, NoOp, NoOp, Move(E)];8
[NoOp, NoOp, NoOp, NoOp, NoOp, NoOp, NoOp, NoOp];8
[NoOp, NoOp, NoOp, NoOp, NoOp, NoOp, NoOp, NoOp];10
[NoOp, NoOp, NoOp, NoOp, NoOp, NoOp, NoOp, NoOp];6
[NoOp, NoOp, NoOp, NoOp, NoOp, NoOp, NoOp, NoOp];10
[NoOp, NoOp, NoOp, NoOp, NoOp, NoOp, NoOp, NoOp];10
[NoOp, NoOp, NoOp, NoOp, NoOp, NoOp, NoOp, NoOp];10
[NoOp, NoOp, NoOp, NoOp, NoOp, NoOp, NoOp, NoOp];9
[NoOp, NoOp, NoOp, NoOp, NoOp, NoOp, NoOp, NoOp];9
[NoOp, NoOp, NoOp, NoOp, NoOp, NoOp, NoOp, NoOp];10
[NoOp, NoOp, NoOp, NoOp, NoOp, NoOp, NoOp, NoOp];5
[NoOp, NoOp, NoOp, NoOp, NoOp, NoOp, NoOp, NoOp];10
[Move(S), NoOp, NoOp, NoOp, NoOp, NoOp, NoOp, Move(W)];495
[NoOp, NoOp, NoOp, NoOp, NoOp, NoOp, NoOp, NoOp];9
[NoOp, NoOp, NoOp, NoOp, NoOp, NoOp, NoOp, Move(S)];31
[NoOp, NoOp, NoOp, NoOp, NoOp, NoOp, NoOp, NoOp];10
[NoOp, NoOp, NoOp, NoOp, Move(N), NoOp, NoOp, NoOp];25
[NoOp, NoOp, NoOp, NoOp, NoOp, NoOp, NoOp, NoOp];17
[NoOp, NoOp, NoOp, NoOp, Move(E), NoOp, NoOp, NoOp];20
[NoOp, NoOp, NoOp, NoOp, Move(E), NoOp, NoOp, NoOp];19
[NoOp, NoOp, NoOp, NoOp, NoOp, NoOp, NoOp, NoOp];14
[NoOp, NoOp, NoOp, NoOp, Move(E), NoOp, NoOp, NoOp];21
[NoOp, NoOp, NoOp, NoOp, NoOp, NoOp, NoOp, NoOp];24
[NoOp, NoOp, NoOp, NoOp, NoOp, NoOp, NoOp, NoOp];21
[NoOp, NoOp, NoOp, NoOp, Move(S), NoOp, NoOp, NoOp];22
[NoOp, NoOp, NoOp, NoOp, NoOp, NoOp, NoOp, NoOp];18
[NoOp, NoOp, NoOp, NoOp, NoOp, NoOp, NoOp, NoOp];10
[NoOp, NoOp, NoOp, NoOp, NoOp, NoOp, NoOp, NoOp];9
[NoOp, NoOp, NoOp, NoOp, NoOp, NoOp, NoOp, NoOp];11
[NoOp, NoOp, NoOp, NoOp, NoOp, NoOp, NoOp, NoOp];9
[NoOp, NoOp, NoOp, NoOp, NoOp, NoOp, NoOp, NoOp];13
[NoOp, NoOp, NoOp, NoOp, NoOp, NoOp, NoOp, NoOp];10
[NoOp, NoOp, NoOp, NoOp, NoOp, NoOp, NoOp, NoOp];10
[NoOp, NoOp, NoOp, NoOp, NoOp, NoOp, NoOp, NoOp];10
[NoOp, NoOp, NoOp, NoOp, NoOp, NoOp, NoOp, NoOp];9
[NoOp, NoOp, NoOp, NoOp, NoOp, NoOp, NoOp, NoOp];11
[Move(S), NoOp, NoOp, NoOp, Move(W), NoOp, NoOp, NoOp];454
[NoOp, NoOp, NoOp, NoOp, Move(N), NoOp, NoOp, Move(N)];14
[NoOp, NoOp, NoOp, NoOp, NoOp, NoOp, NoOp, NoOp];5
[NoOp, NoOp, NoOp, NoOp, Move(E), NoOp, NoOp, Move(E)];22
[Move(S), NoOp, NoOp, NoOp, Move(E), NoOp, NoOp, Move(E)];6
[NoOp, NoOp, NoOp, NoOp, Move(S), NoOp, NoOp, NoOp];8
[Move(N), NoOp, NoOp, NoOp, NoOp, NoOp, NoOp, Move(S)];14
[NoOp, NoOp, NoOp, NoOp, Move(W), NoOp, NoOp, Move(E)];7
[Move(N), NoOp, NoOp, NoOp, Move(W), NoOp, NoOp, NoOp];6
[NoOp, NoOp, NoOp, NoOp, Move(N), NoOp, NoOp, NoOp];2
[Move(N), NoOp, NoOp, NoOp, NoOp, NoOp, NoOp, NoOp];6
[Move(N), NoOp, NoOp, NoOp, Move(W), NoOp, NoOp, NoOp];0
[Move(W), NoOp, NoOp, NoOp, NoOp, NoOp, NoOp, NoOp];0
[Move(W), NoOp, NoOp, NoOp, NoOp, NoOp, NoOp, NoOp];0
[Move(W), NoOp, NoOp, NoOp, NoOp, NoOp, NoOp, NoOp];1
[Move(W), NoOp, NoOp, NoOp, NoOp, NoOp, NoOp, NoOp];0
[Move(W), NoOp, NoOp, NoOp, NoOp, NoOp, NoOp, NoOp];0
[Move(W), NoOp, NoOp, NoOp, NoOp, NoOp, NoOp, NoOp];0
[Move(W), NoOp, NoOp, NoOp, NoOp, NoOp, NoOp, NoOp];0
[Move(W), NoOp, NoOp, NoOp, NoOp, NoOp, NoOp, NoOp];0
[Move(W), NoOp, NoOp, NoOp, NoOp, NoOp, NoOp, NoOp];0
[Move(W), NoOp, NoOp, NoOp, NoOp, NoOp, NoOp, NoOp];0
[Move(W), NoOp, NoOp, NoOp, NoOp, NoOp, NoOp, NoOp];0
[Move(W), NoOp, NoOp, NoOp, NoOp, NoOp, NoOp, NoOp];0
[Move(W), NoOp, NoOp, NoOp, NoOp, NoOp, NoOp, NoOp];0
[NoOp, NoOp, NoOp, NoOp, NoOp, NoOp, NoOp, NoOp];0
[Move(S), NoOp, NoOp, NoOp, NoOp, NoOp, NoOp, NoOp];0
[NoOp, NoOp, NoOp, NoOp, NoOp, NoOp, NoOp, NoOp];0
[Pull(N,S), NoOp, NoOp, NoOp, NoOp, NoOp, NoOp, NoOp];0
[Pull(N,S), NoOp, NoOp, NoOp, NoOp, NoOp, NoOp, NoOp];0
[NoOp, NoOp, NoOp, NoOp, NoOp, NoOp, NoOp, NoOp];0
[NoOp, NoOp, NoOp, NoOp, NoOp, NoOp, NoOp, NoOp];1
[NoOp, NoOp, NoOp, NoOp, NoOp, NoOp, NoOp, NoOp];0
[NoOp, NoOp, NoOp, NoOp, NoOp, NoOp, NoOp, NoOp];0
[NoOp, NoOp, NoOp, NoOp, NoOp, NoOp, NoOp, NoOp];0
[NoOp, NoOp, NoOp, NoOp, NoOp, NoOp, NoOp, NoOp];0
[NoOp, NoOp, NoOp, NoOp, NoOp, NoOp, NoOp, NoOp];0
[NoOp, NoOp, NoOp, NoOp, NoOp, NoOp, NoOp, NoOp];0
[NoOp, NoOp, NoOp, NoOp, NoOp, NoOp, NoOp, NoOp];0
[NoOp, NoOp, NoOp, NoOp, NoOp, NoOp, NoOp, NoOp];0
[NoOp, NoOp, NoOp, NoOp, NoOp, NoOp, NoOp, NoOp];0
[Push(S,W), Move(N), NoOp, NoOp, Move(W), NoOp, NoOp, Move(N)];447
[NoOp, Move(N), NoOp, NoOp, Move(S), NoOp, NoOp, Move(W)];8
[NoOp, NoOp, NoOp, NoOp, NoOp, NoOp, NoOp, Move(W)];10
[NoOp, NoOp, NoOp, NoOp, NoOp, NoOp, NoOp, Move(W)];10
[NoOp, NoOp, NoOp, NoOp, NoOp, NoOp, NoOp, NoOp];20
[NoOp, NoOp, NoOp, NoOp, NoOp, NoOp, NoOp, Move(S)];30
[NoOp, NoOp, NoOp, NoOp, NoOp, NoOp, NoOp, NoOp];19
[NoOp, NoOp, NoOp, NoOp, NoOp, NoOp, NoOp, NoOp];22
[NoOp, NoOp, NoOp, NoOp, NoOp, NoOp, NoOp, NoOp];4
[NoOp, NoOp, NoOp, NoOp, NoOp, NoOp, NoOp, NoOp];4
[NoOp, NoOp, NoOp, NoOp, NoOp, NoOp, NoOp, NoOp];8
[NoOp, NoOp, NoOp, NoOp, NoOp, NoOp, NoOp, NoOp];5
[NoOp, NoOp, NoOp, NoOp, NoOp, NoOp, NoOp, NoOp];5
[NoOp, NoOp, NoOp, NoOp, NoOp, NoOp, NoOp, NoOp];5
[NoOp, NoOp, NoOp, NoOp, NoOp, NoOp, NoOp, NoOp];5
[NoOp, NoOp, NoOp, NoOp, NoOp, NoOp, NoOp, NoOp];5
[NoOp, NoOp, NoOp, NoOp, NoOp, NoOp, NoOp, NoOp];5
[Move(E), NoOp, NoOp, NoOp, NoOp, NoOp, NoOp, NoOp];437
[NoOp, NoOp, NoOp, NoOp, NoOp, NoOp, NoOp, Move(N)];13
[NoOp, NoOp, NoOp, NoOp, NoOp, NoOp, NoOp, NoOp];7
[NoOp, NoOp, NoOp, NoOp, NoOp, NoOp, NoOp, Move(E)];7
[NoOp, NoOp, NoOp, NoOp, NoOp, NoOp, NoOp, Move(E)];10
[NoOp, NoOp, NoOp, NoOp, NoOp, NoOp, NoOp, Move(E)];8
[NoOp, NoOp, NoOp, NoOp, NoOp, NoOp, NoOp, Move(S)];8
[NoOp, NoOp, NoOp, NoOp, NoOp, NoOp, NoOp, NoOp];7
[NoOp, NoOp, NoOp, NoOp, NoOp, NoOp, NoOp, NoOp];6
[NoOp, NoOp, NoOp, NoOp, NoOp, NoOp, NoOp, NoOp];8
[NoOp, NoOp, NoOp, NoOp, NoOp, NoOp, NoOp, NoOp];17
[NoOp, NoOp, NoOp, NoOp, NoOp, NoOp, NoOp, NoOp];11
[NoOp, NoOp, NoOp, NoOp, NoOp, NoOp, NoOp, NoOp];10
[NoOp, NoOp, NoOp, NoOp, NoOp, NoOp, NoOp, NoOp];7
[NoOp, NoOp, NoOp, NoOp, NoOp, NoOp, NoOp, NoOp];8
[NoOp, NoOp, NoOp, NoOp, NoOp, NoOp, NoOp, NoOp];9
[NoOp, NoOp, NoOp, NoOp, NoOp, NoOp, NoOp, NoOp];9
[NoOp, NoOp, NoOp, NoOp, NoOp, NoOp, NoOp, NoOp];9
[Move(E), NoOp, NoOp, NoOp, NoOp, NoOp, NoOp, Move(N)];430
[NoOp, NoOp, NoOp, NoOp, NoOp, NoOp, NoOp, NoOp];12
[NoOp, NoOp, NoOp, NoOp, NoOp, NoOp, NoOp, NoOp];11
[NoOp, NoOp, NoOp, NoOp, NoOp, NoOp, NoOp, NoOp];9
[NoOp, NoOp, NoOp, NoOp, NoOp, NoOp, NoOp, NoOp];8
[NoOp, NoOp, NoOp, NoOp, NoOp, NoOp, NoOp, NoOp];10
[NoOp, NoOp, NoOp, NoOp, NoOp, NoOp, NoOp, NoOp];10
[NoOp, NoOp, NoOp, NoOp, NoOp, NoOp, NoOp, NoOp];8
[NoOp, Move(N), NoOp, NoOp, NoOp, NoOp, NoOp, NoOp];16
[NoOp, NoOp, NoOp, NoOp, NoOp, NoOp, NoOp, NoOp];9
[NoOp, NoOp, NoOp, NoOp, NoOp, NoOp, NoOp, NoOp];10
[NoOp, NoOp, NoOp, NoOp, NoOp, NoOp, NoOp, NoOp];9
[NoOp, NoOp, NoOp, NoOp, NoOp, NoOp, NoOp, NoOp];13
[NoOp, NoOp, NoOp, NoOp, NoOp, NoOp, NoOp, NoOp];13
[NoOp, NoOp, NoOp, NoOp, NoOp, NoOp, NoOp, NoOp];17
[NoOp, NoOp, NoOp, NoOp, NoOp, NoOp, NoOp, NoOp];9
[NoOp, NoOp, NoOp, NoOp, NoOp, NoOp, NoOp, NoOp];9
[NoOp, NoOp, NoOp, NoOp, NoOp, NoOp, NoOp, NoOp];18
[NoOp, NoOp, NoOp, NoOp, NoOp, NoOp, NoOp, NoOp];10
[NoOp, NoOp, NoOp, NoOp, NoOp, NoOp, NoOp, NoOp];10
[Move(E), Move(E), NoOp, NoOp, NoOp, NoOp, NoOp, Move(W)];439
[NoOp, NoOp, NoOp, NoOp, NoOp, NoOp, NoOp, Move(W)];10
[NoOp, NoOp, NoOp, NoOp, NoOp, NoOp, NoOp, Move(W)];15
[NoOp, NoOp, NoOp, NoOp, NoOp, NoOp, NoOp, NoOp];13
[NoOp, NoOp, NoOp, NoOp, NoOp, NoOp, NoOp, Move(S)];22
[NoOp, NoOp, NoOp, NoOp, NoOp, NoOp, NoOp, NoOp];12
[NoOp, NoOp, NoOp, NoOp, NoOp, NoOp, NoOp, NoOp];8
[NoOp, NoOp, NoOp, NoOp, NoOp, NoOp, NoOp, NoOp];34
[NoOp, NoOp, NoOp, NoOp, NoOp, NoOp, NoOp, NoOp];10
[NoOp, NoOp, NoOp, NoOp, NoOp, NoOp, NoOp, NoOp];9
[NoOp, NoOp, NoOp, NoOp, NoOp, NoOp, NoOp, NoOp];8
[NoOp, NoOp, NoOp, NoOp, NoOp, NoOp, NoOp, NoOp];10
[NoOp, NoOp, NoOp, NoOp, NoOp, NoOp, NoOp, NoOp];9
[NoOp, NoOp, NoOp, NoOp, NoOp, NoOp, NoOp, NoOp];14
[NoOp, NoOp, NoOp, NoOp, NoOp, NoOp, NoOp, NoOp];30
[NoOp, NoOp, NoOp, NoOp, NoOp, NoOp, NoOp, NoOp];27
[Move(E), Move(E), NoOp, NoOp, NoOp, NoOp, NoOp, NoOp];440
[NoOp, NoOp, NoOp, NoOp, NoOp, NoOp, NoOp, Move(N)];10
[NoOp, NoOp, NoOp, NoOp, NoOp, NoOp, NoOp, NoOp];8
[NoOp, NoOp, NoOp, NoOp, NoOp, NoOp, NoOp, Move(E)];13
[NoOp, NoOp, NoOp, NoOp, NoOp, NoOp, NoOp, Move(E)];7
[NoOp, NoOp, NoOp, NoOp, NoOp, NoOp, NoOp, Move(E)];12
[NoOp, NoOp, NoOp, NoOp, NoOp, NoOp, NoOp, Move(S)];12
[NoOp, NoOp, NoOp, NoOp, NoOp, NoOp, NoOp, NoOp];6
[NoOp, NoOp, NoOp, NoOp, NoOp, NoOp, NoOp, NoOp];6
[NoOp, NoOp, NoOp, NoOp, NoOp, NoOp, NoOp, NoOp];6
[NoOp, NoOp, NoOp, NoOp, NoOp, NoOp, NoOp, NoOp];7
[NoOp, NoOp, NoOp, NoOp, NoOp, NoOp, NoOp, NoOp];6
[NoOp, NoOp, NoOp, NoOp, NoOp, NoOp, NoOp, NoOp];8
[NoOp, NoOp, NoOp, NoOp, NoOp, NoOp, NoOp, NoOp];9
[NoOp, NoOp, NoOp, NoOp, NoOp, NoOp, NoOp, NoOp];4
[NoOp, NoOp, NoOp, NoOp, NoOp, NoOp, NoOp, NoOp];7
[NoOp, NoOp, NoOp, NoOp, NoOp, NoOp, NoOp, NoOp];8
[NoOp, NoOp, NoOp, NoOp, NoOp, NoOp, NoOp, NoOp];8
[Move(E), Move(E), NoOp, NoOp, NoOp, NoOp, NoOp, Move(W)];424
[NoOp, NoOp, NoOp, NoOp, NoOp, NoOp, NoOp, Move(N)];10
[NoOp, NoOp, NoOp, NoOp, NoOp, NoOp, NoOp, NoOp];10
[NoOp, NoOp, NoOp, NoOp, NoOp, NoOp, NoOp, Move(W)];18
[NoOp, NoOp, NoOp, NoOp, NoOp, NoOp, NoOp, NoOp];10
[NoOp, NoOp, NoOp, NoOp, NoOp, NoOp, NoOp, Move(W)];7
[NoOp, NoOp, NoOp, NoOp, NoOp, NoOp, NoOp, NoOp];8
[NoOp, NoOp, NoOp, NoOp, NoOp, NoOp, NoOp, Move(S)];8
[NoOp, NoOp, NoOp, NoOp, NoOp, NoOp, NoOp, NoOp];8
[NoOp, NoOp, NoOp, NoOp, NoOp, NoOp, NoOp, NoOp];11
[NoOp, NoOp, NoOp, NoOp, NoOp, NoOp, NoOp, NoOp];9
[NoOp, NoOp, NoOp, NoOp, NoOp, NoOp, NoOp, NoOp];9
[NoOp, NoOp, NoOp, NoOp, NoOp, NoOp, NoOp, NoOp];7
[NoOp, NoOp, NoOp, NoOp, NoOp, NoOp, NoOp, NoOp];6
[NoOp, NoOp, NoOp, NoOp, NoOp, NoOp, NoOp, NoOp];8
[NoOp, NoOp, NoOp, NoOp, NoOp, NoOp, NoOp, NoOp];4
[NoOp, NoOp, NoOp, NoOp, NoOp, NoOp, NoOp, NoOp];7
[NoOp, NoOp, NoOp, NoOp, NoOp, NoOp, NoOp, NoOp];9
[NoOp, NoOp, NoOp, NoOp, NoOp, NoOp, NoOp, NoOp];7
[Move(E), Move(E), NoOp, NoOp, NoOp, NoOp, NoOp, NoOp];437
[NoOp, NoOp, NoOp, NoOp, NoOp, NoOp, NoOp, NoOp];16
[NoOp, NoOp, NoOp, NoOp, NoOp, NoOp, NoOp, NoOp];10
[NoOp, NoOp, NoOp, NoOp, NoOp, NoOp, NoOp, NoOp];13
[NoOp, NoOp, NoOp, NoOp, NoOp, NoOp, NoOp, NoOp];10
[NoOp, NoOp, NoOp, NoOp, NoOp, NoOp, NoOp, NoOp];8
[NoOp, NoOp, NoOp, NoOp, NoOp, NoOp, NoOp, NoOp];8
[NoOp, NoOp, NoOp, NoOp, NoOp, NoOp, NoOp, NoOp];9
[NoOp, NoOp, NoOp, NoOp, NoOp, NoOp, NoOp, NoOp];9
[NoOp, NoOp, NoOp, NoOp, NoOp, NoOp, NoOp, NoOp];7
[NoOp, NoOp, NoOp, NoOp, NoOp, NoOp, NoOp, NoOp];14
[NoOp, NoOp, NoOp, NoOp, NoOp, NoOp, NoOp, NoOp];11
[Move(E), Move(E), NoOp, NoOp, NoOp, NoOp, NoOp, NoOp];423
[NoOp, NoOp, NoOp, NoOp, NoOp, NoOp, NoOp, NoOp];19
[NoOp, NoOp, NoOp, NoOp, NoOp, NoOp, NoOp, NoOp];16
[NoOp, NoOp, NoOp, NoOp, NoOp, NoOp, NoOp, NoOp];16
[NoOp, NoOp, NoOp, NoOp, Move(N), NoOp, NoOp, NoOp];31
[NoOp, NoOp, NoOp, NoOp, NoOp, NoOp, NoOp, NoOp];11
[NoOp, NoOp, NoOp, NoOp, NoOp, NoOp, NoOp, NoOp];21
[NoOp, NoOp, NoOp, NoOp, NoOp, NoOp, NoOp, NoOp];13
[NoOp, NoOp, NoOp, NoOp, NoOp, NoOp, NoOp, NoOp];12
[NoOp, NoOp, NoOp, NoOp, NoOp, NoOp, NoOp, NoOp];10
[NoOp, NoOp, NoOp, NoOp, NoOp, NoOp, NoOp, NoOp];11
[NoOp, NoOp, NoOp, NoOp, NoOp, NoOp, NoOp, NoOp];12
[NoOp, NoOp, NoOp, NoOp, NoOp, NoOp, NoOp, NoOp];18
[NoOp, NoOp, NoOp, NoOp, NoOp, NoOp, NoOp, NoOp];17
[NoOp, NoOp, NoOp, NoOp, NoOp, NoOp, NoOp, NoOp];10
[NoOp, NoOp, NoOp, NoOp, NoOp, NoOp, NoOp, NoOp];9
[Move(E), Move(E), NoOp, NoOp, Move(S), NoOp, NoOp, NoOp];414
[NoOp, NoOp, NoOp, NoOp, NoOp, NoOp, NoOp, NoOp];17
[NoOp, NoOp, NoOp, NoOp, NoOp, NoOp, NoOp, NoOp];22
[NoOp, NoOp, NoOp, NoOp, NoOp, NoOp, NoOp, NoOp];14
[NoOp, NoOp, NoOp, NoOp, Move(N), NoOp, NoOp, NoOp];17
[NoOp, NoOp, NoOp, NoOp, NoOp, NoOp, NoOp, NoOp];4
[NoOp, NoOp, NoOp, NoOp, Move(E), NoOp, NoOp, NoOp];4
[NoOp, NoOp, NoOp, NoOp, Move(E), NoOp, NoOp, NoOp];5
[NoOp, Move(E), NoOp, NoOp, NoOp, NoOp, NoOp, NoOp];4
[NoOp, NoOp, NoOp, NoOp, NoOp, NoOp, NoOp, NoOp];5
[NoOp, NoOp, NoOp, NoOp, NoOp, NoOp, NoOp, NoOp];5
[NoOp, NoOp, NoOp, NoOp, NoOp, NoOp, NoOp, NoOp];6
[NoOp, NoOp, NoOp, NoOp, NoOp, NoOp, NoOp, NoOp];5
[NoOp, NoOp, NoOp, NoOp, NoOp, NoOp, NoOp, NoOp];4
[NoOp, NoOp, NoOp, NoOp, NoOp, NoOp, NoOp, NoOp];4
[NoOp, NoOp, NoOp, NoOp, NoOp, NoOp, NoOp, NoOp];5
[NoOp, NoOp, NoOp, NoOp, NoOp, NoOp, NoOp, NoOp];5
[NoOp, NoOp, NoOp, NoOp, NoOp, NoOp, NoOp, NoOp];5
[NoOp, NoOp, NoOp, NoOp, NoOp, NoOp, NoOp, NoOp];6
[NoOp, NoOp, NoOp, NoOp, NoOp, NoOp, NoOp, NoOp];6
[Move(E), NoOp, NoOp, NoOp, Move(W), NoOp, NoOp, NoOp];444
[NoOp, NoOp, NoOp, NoOp, Move(W), NoOp, NoOp, NoOp];16
[NoOp, NoOp, NoOp, NoOp, NoOp, NoOp, NoOp, NoOp];11
[NoOp, NoOp, NoOp, NoOp, Move(E), NoOp, NoOp, NoOp];21
[NoOp, NoOp, NoOp, NoOp, NoOp, NoOp, NoOp, NoOp];12
[NoOp, NoOp, NoOp, NoOp, NoOp, NoOp, NoOp, NoOp];21
[NoOp, NoOp, NoOp, NoOp, NoOp, NoOp, NoOp, NoOp];11
[NoOp, NoOp, NoOp, NoOp, NoOp, NoOp, NoOp, NoOp];11
[NoOp, NoOp, NoOp, NoOp, NoOp, NoOp, NoOp, NoOp];10
[NoOp, NoOp, NoOp, NoOp, NoOp, NoOp, NoOp, NoOp];10
[NoOp, NoOp, NoOp, NoOp, NoOp, NoOp, NoOp, NoOp];14
[NoOp, NoOp, NoOp, NoOp, NoOp, NoOp, NoOp, NoOp];11
[NoOp, NoOp, NoOp, NoOp, NoOp, NoOp, NoOp, NoOp];9
[NoOp, NoOp, NoOp, NoOp, NoOp, NoOp, NoOp, NoOp];11
[NoOp, NoOp, NoOp, NoOp, NoOp, NoOp, NoOp, NoOp];15
[Move(E), Move(E), NoOp, NoOp, Move(W), NoOp, NoOp, NoOp];419
[NoOp, NoOp, NoOp, NoOp, NoOp, NoOp, NoOp, NoOp];11
[NoOp, NoOp, NoOp, NoOp, Move(S), NoOp, NoOp, Move(N)];9
[NoOp, NoOp, NoOp, NoOp, NoOp, NoOp, NoOp, NoOp];13
[NoOp, NoOp, NoOp, NoOp, NoOp, NoOp, NoOp, Move(W)];5
[NoOp, NoOp, NoOp, NoOp, NoOp, NoOp, NoOp, Move(W)];4
[NoOp, NoOp, NoOp, NoOp, NoOp, NoOp, NoOp, NoOp];4
[NoOp, NoOp, NoOp, NoOp, NoOp, NoOp, NoOp, Move(S)];4
[NoOp, NoOp, NoOp, NoOp, NoOp, NoOp, NoOp, NoOp];5
[NoOp, NoOp, NoOp, NoOp, NoOp, NoOp, NoOp, Move(W)];9
[NoOp, NoOp, NoOp, NoOp, NoOp, NoOp, NoOp, NoOp];5
[NoOp, NoOp, NoOp, NoOp, NoOp, NoOp, NoOp, NoOp];5
[NoOp, NoOp, NoOp, NoOp, NoOp, NoOp, NoOp, NoOp];5
[NoOp, NoOp, NoOp, NoOp, NoOp, NoOp, NoOp, NoOp];5
[NoOp, NoOp, NoOp, NoOp, NoOp, NoOp, NoOp, NoOp];4
[NoOp, NoOp, NoOp, NoOp, NoOp, NoOp, NoOp, NoOp];4
[NoOp, NoOp, NoOp, NoOp, NoOp, NoOp, NoOp, NoOp];4
[NoOp, NoOp, NoOp, NoOp, NoOp, NoOp, NoOp, NoOp];5
[NoOp, NoOp, NoOp, NoOp, NoOp, NoOp, NoOp, NoOp];5
[NoOp, NoOp, NoOp, NoOp, NoOp, NoOp, NoOp, NoOp];5
[NoOp, NoOp, NoOp, NoOp, NoOp, NoOp, NoOp, NoOp];4
[Move(E), Move(E), NoOp, NoOp, NoOp, NoOp, NoOp, Move(E)];417
[NoOp, NoOp, NoOp, NoOp, NoOp, NoOp, NoOp, NoOp];13
[NoOp, NoOp, NoOp, NoOp, NoOp, NoOp, NoOp, Move(N)];27
[NoOp, NoOp, NoOp, NoOp, NoOp, NoOp, NoOp, NoOp];14
[NoOp, NoOp, NoOp, NoOp, NoOp, NoOp, NoOp, Move(E)];19
[NoOp, NoOp, NoOp, NoOp, NoOp, NoOp, NoOp, Move(E)];9
[NoOp, NoOp, NoOp, NoOp, NoOp, NoOp, NoOp, NoOp];10
[NoOp, NoOp, NoOp, NoOp, NoOp, NoOp, NoOp, Move(S)];16
[NoOp, NoOp, NoOp, NoOp, NoOp, NoOp, NoOp, NoOp];10
[NoOp, NoOp, NoOp, NoOp, NoOp, NoOp, NoOp, NoOp];8
[NoOp, NoOp, NoOp, NoOp, NoOp, NoOp, NoOp, NoOp];12
[NoOp, NoOp, NoOp, NoOp, NoOp, NoOp, NoOp, NoOp];11
[NoOp, NoOp, NoOp, NoOp, NoOp, NoOp, NoOp, NoOp];8
[NoOp, NoOp, NoOp, NoOp, NoOp, NoOp, NoOp, NoOp];8
[NoOp, NoOp, NoOp, NoOp, NoOp, NoOp, NoOp, NoOp];8
[NoOp, NoOp, NoOp, NoOp, NoOp, NoOp, NoOp, NoOp];8
[NoOp, NoOp, NoOp, NoOp, NoOp, NoOp, NoOp, NoOp];9
[NoOp, NoOp, NoOp, NoOp, NoOp, NoOp, NoOp, NoOp];9
[NoOp, NoOp, NoOp, NoOp, NoOp, NoOp, NoOp, NoOp];9
[Move(E), Move(E), NoOp, NoOp, NoOp, NoOp, NoOp, NoOp];423
[NoOp, NoOp, NoOp, NoOp, NoOp, NoOp, NoOp, Move(N)];14
[NoOp, NoOp, NoOp, NoOp, NoOp, NoOp, NoOp, NoOp];5
[NoOp, NoOp, NoOp, NoOp, NoOp, NoOp, NoOp, Move(E)];13
[NoOp, NoOp, NoOp, NoOp, NoOp, NoOp, NoOp, Move(E)];4
[NoOp, NoOp, NoOp, NoOp, NoOp, NoOp, NoOp, NoOp];4
[NoOp, NoOp, NoOp, NoOp, NoOp, NoOp, NoOp, Move(S)];4
[NoOp, NoOp, NoOp, NoOp, NoOp, NoOp, NoOp, Move(E)];4
[NoOp, NoOp, NoOp, NoOp, NoOp, NoOp, NoOp, NoOp];4
[NoOp, NoOp, NoOp, NoOp, NoOp, NoOp, NoOp, NoOp];4
[NoOp, NoOp, NoOp, NoOp, NoOp, NoOp, NoOp, NoOp];4
[NoOp, NoOp, NoOp, NoOp, NoOp, NoOp, NoOp, NoOp];4
[NoOp, NoOp, NoOp, NoOp, NoOp, NoOp, NoOp, NoOp];4
[NoOp, NoOp, NoOp, NoOp, NoOp, NoOp, NoOp, NoOp];4
[NoOp, NoOp, NoOp, NoOp, NoOp, NoOp, NoOp, NoOp];4
[NoOp, NoOp, NoOp, NoOp, NoOp, NoOp, NoOp, NoOp];4
[NoOp, NoOp, NoOp, NoOp, NoOp, NoOp, NoOp, NoOp];3
[NoOp, NoOp, NoOp, NoOp, NoOp, NoOp, NoOp, NoOp];4
[NoOp, NoOp, NoOp, NoOp, NoOp, NoOp, NoOp, NoOp];4
[Move(E), Move(E), NoOp, NoOp, NoOp, NoOp, NoOp, Move(N)];441
[NoOp, NoOp, NoOp, NoOp, NoOp, NoOp, NoOp, NoOp];9
[NoOp, NoOp, NoOp, NoOp, NoOp, NoOp, NoOp, NoOp];9
[NoOp, NoOp, NoOp, NoOp, NoOp, NoOp, NoOp, NoOp];10
[NoOp, NoOp, NoOp, NoOp, NoOp, NoOp, NoOp, NoOp];13
[NoOp, NoOp, NoOp, NoOp, NoOp, NoOp, NoOp, NoOp];9
[NoOp, NoOp, NoOp, NoOp, NoOp, NoOp, NoOp, NoOp];9
[NoOp, NoOp, NoOp, NoOp, NoOp, NoOp, NoOp, NoOp];15
[NoOp, NoOp, NoOp, NoOp, NoOp, NoOp, NoOp, NoOp];12
[NoOp, NoOp, NoOp, NoOp, NoOp, NoOp, NoOp, NoOp];21
[NoOp, NoOp, NoOp, NoOp, NoOp, NoOp, NoOp, NoOp];11
[NoOp, NoOp, NoOp, NoOp, NoOp, NoOp, NoOp, NoOp];9
[Move(S), Move(E), NoOp, NoOp, NoOp, NoOp, NoOp, Move(W)];446
[NoOp, NoOp, NoOp, NoOp, NoOp, NoOp, NoOp, Move(W)];14
[NoOp, NoOp, NoOp, NoOp, NoOp, NoOp, NoOp, Move(W)];15
[NoOp, NoOp, NoOp, NoOp, NoOp, NoOp, NoOp, NoOp];11
[NoOp, NoOp, NoOp, NoOp, NoOp, NoOp, NoOp, Move(S)];15
[NoOp, NoOp, NoOp, NoOp, NoOp, NoOp, NoOp, NoOp];10
[NoOp, NoOp, NoOp, NoOp, NoOp, NoOp, NoOp, NoOp];16
[NoOp, NoOp, NoOp, NoOp, NoOp, NoOp, NoOp, NoOp];18
[NoOp, NoOp, NoOp, NoOp, NoOp, NoOp, NoOp, NoOp];16
[NoOp, NoOp, NoOp, NoOp, NoOp, NoOp, NoOp, NoOp];15
[NoOp, NoOp, NoOp, NoOp, NoOp, NoOp, NoOp, NoOp];10
[NoOp, NoOp, NoOp, NoOp, NoOp, NoOp, NoOp, NoOp];9
[NoOp, NoOp, NoOp, NoOp, NoOp, NoOp, NoOp, NoOp];7
[NoOp, NoOp, NoOp, NoOp, NoOp, NoOp, NoOp, NoOp];6
[NoOp, NoOp, NoOp, NoOp, NoOp, NoOp, NoOp, NoOp];5
[NoOp, NoOp, NoOp, NoOp, NoOp, NoOp, NoOp, NoOp];7
[Move(S), Move(E), NoOp, NoOp, NoOp, NoOp, NoOp, NoOp];421
[NoOp, NoOp, NoOp, NoOp, NoOp, NoOp, NoOp, NoOp];16
[NoOp, NoOp, NoOp, NoOp, NoOp, NoOp, NoOp, NoOp];17
[NoOp, NoOp, NoOp, NoOp, NoOp, NoOp, NoOp, NoOp];23
[Move(N), Move(N), NoOp, NoOp, NoOp, NoOp, NoOp, NoOp];8
[NoOp, NoOp, NoOp, NoOp, NoOp, NoOp, NoOp, NoOp];4
[NoOp, NoOp, NoOp, NoOp, NoOp, NoOp, NoOp, NoOp];5
[NoOp, NoOp, NoOp, NoOp, NoOp, NoOp, NoOp, NoOp];5
[NoOp, NoOp, NoOp, NoOp, NoOp, NoOp, NoOp, NoOp];4
[NoOp, NoOp, NoOp, NoOp, NoOp, NoOp, NoOp, NoOp];5
[NoOp, NoOp, NoOp, NoOp, NoOp, NoOp, NoOp, NoOp];4
[NoOp, NoOp, NoOp, NoOp, NoOp, NoOp, NoOp, NoOp];4
[NoOp, NoOp, NoOp, NoOp, NoOp, NoOp, NoOp, NoOp];5
[NoOp, NoOp, NoOp, NoOp, NoOp, NoOp, NoOp, NoOp];4
[NoOp, NoOp, NoOp, NoOp, NoOp, NoOp, NoOp, NoOp];4
[NoOp, NoOp, NoOp, NoOp, NoOp, NoOp, NoOp, NoOp];4
[Move(S), Move(S), NoOp, NoOp, NoOp, NoOp, NoOp, NoOp];467
[NoOp, NoOp, NoOp, NoOp, NoOp, NoOp, NoOp, Move(N)];12
[NoOp, NoOp, NoOp, NoOp, NoOp, NoOp, NoOp, NoOp];8
[NoOp, NoOp, NoOp, NoOp, NoOp, NoOp, NoOp, Move(E)];11
[NoOp, NoOp, NoOp, NoOp, NoOp, NoOp, NoOp, Move(E)];8
[NoOp, NoOp, NoOp, NoOp, NoOp, NoOp, NoOp, NoOp];8
[NoOp, NoOp, NoOp, NoOp, NoOp, NoOp, NoOp, Move(S)];6
[NoOp, NoOp, NoOp, NoOp, NoOp, NoOp, NoOp, Move(E)];8
[NoOp, NoOp, NoOp, NoOp, NoOp, NoOp, NoOp, NoOp];8
[NoOp, NoOp, NoOp, NoOp, NoOp, NoOp, NoOp, NoOp];7
[NoOp, NoOp, NoOp, NoOp, NoOp, NoOp, NoOp, NoOp];12
[NoOp, NoOp, NoOp, NoOp, NoOp, NoOp, NoOp, NoOp];13
[NoOp, NoOp, NoOp, NoOp, NoOp, NoOp, NoOp, NoOp];8
[NoOp, NoOp, NoOp, NoOp, NoOp, NoOp, NoOp, NoOp];8
[NoOp, NoOp, NoOp, NoOp, NoOp, NoOp, NoOp, NoOp];8
[NoOp, NoOp, NoOp, NoOp, NoOp, NoOp, NoOp, NoOp];8
[NoOp, NoOp, NoOp, NoOp, NoOp, NoOp, NoOp, NoOp];9
[NoOp, NoOp, NoOp, NoOp, NoOp, NoOp, NoOp, NoOp];9
[NoOp, NoOp, NoOp, NoOp, NoOp, NoOp, NoOp, NoOp];8
[Move(S), Move(S), NoOp, NoOp, NoOp, NoOp, NoOp, Move(W)];503
[NoOp, NoOp, NoOp, NoOp, NoOp, NoOp, NoOp, Move(N)];9
[NoOp, NoOp, NoOp, NoOp, NoOp, NoOp, NoOp, NoOp];9
[NoOp, NoOp, NoOp, NoOp, NoOp, NoOp, NoOp, Move(W)];16
[NoOp, NoOp, NoOp, NoOp, Move(N), NoOp, NoOp, Move(W)];16
[NoOp, NoOp, NoOp, NoOp, Move(E), NoOp, NoOp, NoOp];4
[NoOp, NoOp, NoOp, NoOp, NoOp, NoOp, NoOp, Move(S)];13
[NoOp, NoOp, NoOp, NoOp, NoOp, NoOp, NoOp, NoOp];5
[NoOp, NoOp, NoOp, NoOp, NoOp, NoOp, NoOp, NoOp];10
[NoOp, NoOp, NoOp, NoOp, NoOp, NoOp, NoOp, NoOp];21
[NoOp, NoOp, NoOp, NoOp, NoOp, NoOp, NoOp, NoOp];18
[NoOp, NoOp, NoOp, NoOp, NoOp, NoOp, NoOp, NoOp];14
[NoOp, NoOp, NoOp, NoOp, NoOp, NoOp, NoOp, NoOp];10
[NoOp, NoOp, NoOp, NoOp, NoOp, NoOp, NoOp, NoOp];12
[NoOp, NoOp, NoOp, NoOp, NoOp, NoOp, NoOp, NoOp];10
[NoOp, NoOp, NoOp, NoOp, NoOp, NoOp, NoOp, NoOp];12
[NoOp, NoOp, NoOp, NoOp, NoOp, NoOp, NoOp, NoOp];11
[NoOp, NoOp, NoOp, NoOp, NoOp, NoOp, NoOp, NoOp];11
[Move(S), Move(S), NoOp, NoOp, Move(W), NoOp, NoOp, NoOp];438
[NoOp, NoOp, NoOp, NoOp, NoOp, NoOp, NoOp, Move(N)];6
[NoOp, NoOp, NoOp, NoOp, Move(S), NoOp, NoOp, NoOp];6
[NoOp, NoOp, NoOp, NoOp, NoOp, NoOp, NoOp, Move(E)];11
[NoOp, NoOp, NoOp, NoOp, NoOp, NoOp, NoOp, Move(E)];5
[NoOp, NoOp, NoOp, NoOp, NoOp, NoOp, NoOp, Move(E)];5
[NoOp, NoOp, NoOp, NoOp, NoOp, NoOp, NoOp, Move(S)];4
[NoOp, NoOp, NoOp, NoOp, NoOp, NoOp, NoOp, NoOp];5
[NoOp, NoOp, NoOp, NoOp, NoOp, NoOp, NoOp, NoOp];4
[NoOp, NoOp, NoOp, NoOp, NoOp, NoOp, NoOp, NoOp];4
[NoOp, NoOp, NoOp, NoOp, NoOp, NoOp, NoOp, NoOp];5
[NoOp, NoOp, NoOp, NoOp, NoOp, NoOp, NoOp, NoOp];4
[NoOp, NoOp, NoOp, NoOp, NoOp, NoOp, NoOp, NoOp];5
[NoOp, NoOp, NoOp, NoOp, NoOp, NoOp, NoOp, NoOp];4
[NoOp, NoOp, NoOp, NoOp, NoOp, NoOp, NoOp, NoOp];5
[NoOp, NoOp, NoOp, NoOp, NoOp, NoOp, NoOp, NoOp];7
[NoOp, NoOp, NoOp, NoOp, NoOp, NoOp, NoOp, NoOp];5
[NoOp, NoOp, NoOp, NoOp, NoOp, NoOp, NoOp, NoOp];6
[Move(S), Move(S), NoOp, NoOp, NoOp, NoOp, NoOp, Move(N)];442
[NoOp, NoOp, NoOp, NoOp, NoOp, NoOp, NoOp, NoOp];15
[NoOp, NoOp, NoOp, NoOp, NoOp, NoOp, NoOp, Move(W)];15
[NoOp, NoOp, NoOp, NoOp, NoOp, NoOp, NoOp, Move(W)];13
[NoOp, NoOp, NoOp, NoOp, NoOp, NoOp, NoOp, NoOp];11
[NoOp, NoOp, NoOp, NoOp, NoOp, NoOp, NoOp, NoOp];10
[NoOp, NoOp, NoOp, NoOp, NoOp, NoOp, NoOp, NoOp];8
[NoOp, NoOp, NoOp, NoOp, NoOp, NoOp, NoOp, NoOp];12
[NoOp, NoOp, NoOp, NoOp, NoOp, NoOp, NoOp, NoOp];11
[NoOp, NoOp, NoOp, NoOp, NoOp, NoOp, NoOp, NoOp];9
[NoOp, NoOp, NoOp, NoOp, NoOp, NoOp, NoOp, NoOp];8
[NoOp, NoOp, NoOp, NoOp, NoOp, NoOp, NoOp, NoOp];9
[NoOp, NoOp, NoOp, NoOp, NoOp, NoOp, NoOp, NoOp];8
[NoOp, NoOp, NoOp, NoOp, NoOp, NoOp, NoOp, NoOp];9
[NoOp, NoOp, NoOp, NoOp, NoOp, NoOp, NoOp, NoOp];10
[Move(S), Move(S), NoOp, NoOp, NoOp, NoOp, NoOp, Move(W)];421
[NoOp, NoOp, NoOp, NoOp, NoOp, NoOp, NoOp, NoOp];9
[NoOp, NoOp, NoOp, NoOp, NoOp, NoOp, NoOp, Move(S)];17
[NoOp, NoOp, NoOp, NoOp, NoOp, NoOp, NoOp, NoOp];20
[NoOp, NoOp, NoOp, NoOp, NoOp, NoOp, NoOp, NoOp];20
[NoOp, NoOp, NoOp, NoOp, NoOp, NoOp, NoOp, NoOp];19
[Move(N), Move(N), NoOp, NoOp, NoOp, NoOp, NoOp, NoOp];11
[NoOp, NoOp, NoOp, NoOp, NoOp, NoOp, NoOp, NoOp];8
[Move(N), Move(N), NoOp, NoOp, NoOp, NoOp, NoOp, NoOp];10
[NoOp, NoOp, NoOp, NoOp, NoOp, NoOp, NoOp, NoOp];4
[Move(N), Move(N), NoOp, NoOp, NoOp, NoOp, NoOp, NoOp];9
[NoOp, NoOp, NoOp, NoOp, NoOp, NoOp, NoOp, NoOp];5
[Move(N), NoOp, NoOp, NoOp, NoOp, NoOp, NoOp, NoOp];9
[NoOp, NoOp, NoOp, NoOp, NoOp, NoOp, NoOp, NoOp];4
[NoOp, NoOp, NoOp, NoOp, NoOp, NoOp, NoOp, NoOp];9
[NoOp, NoOp, NoOp, NoOp, NoOp, NoOp, NoOp, NoOp];9
[NoOp, NoOp, NoOp, NoOp, NoOp, NoOp, NoOp, NoOp];9
[NoOp, NoOp, NoOp, NoOp, NoOp, NoOp, NoOp, NoOp];9
[NoOp, NoOp, NoOp, NoOp, NoOp, NoOp, NoOp, NoOp];10
[NoOp, NoOp, NoOp, NoOp, NoOp, NoOp, NoOp, NoOp];9
[NoOp, NoOp, NoOp, NoOp, NoOp, NoOp, NoOp, NoOp];20
[NoOp, NoOp, NoOp, NoOp, NoOp, NoOp, NoOp, NoOp];16
[NoOp, NoOp, NoOp, NoOp, NoOp, NoOp, NoOp, NoOp];13
[NoOp, NoOp, NoOp, NoOp, NoOp, NoOp, NoOp, NoOp];9
[Move(S), NoOp, NoOp, NoOp, NoOp, NoOp, NoOp, NoOp];452
[NoOp, NoOp, NoOp, NoOp, NoOp, NoOp, NoOp, NoOp];16
[NoOp, Move(S), NoOp, NoOp, NoOp, NoOp, NoOp, NoOp];14
[NoOp, NoOp, NoOp, NoOp, NoOp, NoOp, NoOp, NoOp];12
[NoOp, NoOp, NoOp, NoOp, NoOp, NoOp, NoOp, NoOp];9
[NoOp, NoOp, NoOp, NoOp, NoOp, NoOp, NoOp, NoOp];12
[NoOp, NoOp, NoOp, NoOp, NoOp, NoOp, NoOp, NoOp];8
[NoOp, NoOp, NoOp, NoOp, NoOp, NoOp, NoOp, NoOp];7
[NoOp, NoOp, NoOp, NoOp, NoOp, NoOp, NoOp, NoOp];9
[NoOp, NoOp, NoOp, NoOp, NoOp, NoOp, NoOp, NoOp];8
[NoOp, NoOp, NoOp, NoOp, NoOp, NoOp, NoOp, NoOp];8
[NoOp, NoOp, NoOp, NoOp, NoOp, NoOp, NoOp, NoOp];9
[NoOp, NoOp, NoOp, NoOp, NoOp, NoOp, NoOp, NoOp];7
[NoOp, NoOp, NoOp, NoOp, NoOp, NoOp, NoOp, NoOp];9
[Move(S), NoOp, NoOp, NoOp, NoOp, NoOp, NoOp, NoOp];562
[NoOp, NoOp, NoOp, NoOp, NoOp, NoOp, NoOp, NoOp];19
[NoOp, NoOp, NoOp, NoOp, NoOp, NoOp, NoOp, Move(N)];9
[NoOp, NoOp, NoOp, NoOp, NoOp, NoOp, NoOp, NoOp];12
[NoOp, NoOp, NoOp, NoOp, NoOp, NoOp, NoOp, Move(E)];13
[NoOp, NoOp, NoOp, NoOp, NoOp, NoOp, NoOp, Move(E)];9
[NoOp, NoOp, NoOp, NoOp, NoOp, NoOp, NoOp, NoOp];8
[NoOp, NoOp, NoOp, NoOp, NoOp, NoOp, NoOp, Move(S)];9
[NoOp, NoOp, NoOp, NoOp, NoOp, NoOp, NoOp, Move(E)];6
[NoOp, NoOp, NoOp, NoOp, NoOp, NoOp, NoOp, Move(E)];8
[NoOp, NoOp, NoOp, NoOp, NoOp, NoOp, NoOp, Move(E)];7
[NoOp, NoOp, NoOp, NoOp, NoOp, NoOp, NoOp, Move(W)];8
[NoOp, NoOp, NoOp, NoOp, NoOp, NoOp, NoOp, Move(S)];7
[NoOp, NoOp, NoOp, NoOp, NoOp, NoOp, NoOp, NoOp];8
[NoOp, NoOp, NoOp, NoOp, NoOp, NoOp, NoOp, NoOp];10
[NoOp, NoOp, NoOp, NoOp, NoOp, NoOp, NoOp, NoOp];8
[NoOp, NoOp, NoOp, NoOp, NoOp, NoOp, NoOp, NoOp];9
[NoOp, NoOp, NoOp, NoOp, NoOp, NoOp, NoOp, NoOp];10
[NoOp, NoOp, NoOp, NoOp, NoOp, NoOp, NoOp, NoOp];12
[NoOp, NoOp, NoOp, NoOp, NoOp, NoOp, NoOp, NoOp];13
[NoOp, NoOp, NoOp, NoOp, NoOp, NoOp, NoOp, NoOp];10
[NoOp, NoOp, NoOp, NoOp, NoOp, NoOp, NoOp, NoOp];9
[NoOp, NoOp, NoOp, NoOp, NoOp, NoOp, NoOp, NoOp];12
[NoOp, NoOp, NoOp, NoOp, NoOp, NoOp, NoOp, NoOp];9
[Move(S), Move(S), NoOp, NoOp, NoOp, NoOp, NoOp, Move(W)];461
[NoOp, NoOp, NoOp, NoOp, NoOp, NoOp, NoOp, Move(W)];14
[NoOp, NoOp, NoOp, NoOp, NoOp, NoOp, NoOp, Move(N)];11
[NoOp, NoOp, NoOp, NoOp, NoOp, NoOp, NoOp, Move(N)];10
[NoOp, NoOp, NoOp, NoOp, NoOp, NoOp, NoOp, NoOp];10
[NoOp, NoOp, NoOp, NoOp, NoOp, NoOp, NoOp, Move(W)];17
[NoOp, NoOp, NoOp, NoOp, Move(N), NoOp, NoOp, Move(W)];14
[NoOp, NoOp, NoOp, NoOp, NoOp, NoOp, NoOp, NoOp];4
[NoOp, NoOp, NoOp, NoOp, NoOp, NoOp, NoOp, Move(S)];12
[NoOp, NoOp, NoOp, NoOp, NoOp, NoOp, NoOp, NoOp];4
[NoOp, NoOp, NoOp, NoOp, NoOp, NoOp, NoOp, NoOp];15
[NoOp, NoOp, NoOp, NoOp, NoOp, NoOp, NoOp, NoOp];12
[NoOp, NoOp, NoOp, NoOp, NoOp, NoOp, NoOp, NoOp];15
[NoOp, NoOp, NoOp, NoOp, NoOp, NoOp, NoOp, NoOp];14
[NoOp, NoOp, NoOp, NoOp, NoOp, NoOp, NoOp, NoOp];14
[NoOp, NoOp, NoOp, NoOp, NoOp, NoOp, NoOp, NoOp];10
[NoOp, NoOp, NoOp, NoOp, NoOp, NoOp, NoOp, NoOp];10
[NoOp, NoOp, NoOp, NoOp, NoOp, NoOp, NoOp, NoOp];11
[NoOp, NoOp, NoOp, NoOp, NoOp, NoOp, NoOp, NoOp];10
[NoOp, NoOp, NoOp, NoOp, NoOp, NoOp, NoOp, NoOp];11
[Move(S), Move(S), NoOp, NoOp, Move(S), NoOp, NoOp, NoOp];479
[NoOp, NoOp, NoOp, NoOp, NoOp, NoOp, NoOp, NoOp];12
[NoOp, NoOp, NoOp, NoOp, NoOp, NoOp, NoOp, Move(N)];8
[NoOp, NoOp, NoOp, NoOp, Move(N), NoOp, NoOp, NoOp];13
[Move(N), Move(N), NoOp, NoOp, NoOp, NoOp, NoOp, NoOp];8
[NoOp, NoOp, NoOp, NoOp, Move(E), NoOp, NoOp, NoOp];3
[Move(N), Move(N), NoOp, NoOp, Move(E), NoOp, NoOp, NoOp];13
[NoOp, NoOp, NoOp, NoOp, Move(E), NoOp, NoOp, NoOp];4
[Move(N), Move(N), NoOp, NoOp, NoOp, NoOp, NoOp, NoOp];10
[NoOp, NoOp, NoOp, NoOp, Move(S), NoOp, NoOp, NoOp];7
[Move(N), NoOp, NoOp, NoOp, Move(W), NoOp, NoOp, NoOp];13
[NoOp, NoOp, NoOp, NoOp, NoOp, NoOp, NoOp, NoOp];5
[NoOp, NoOp, NoOp, NoOp, Move(N), NoOp, NoOp, NoOp];10
[NoOp, NoOp, NoOp, NoOp, NoOp, NoOp, NoOp, NoOp];11
[NoOp, NoOp, NoOp, NoOp, NoOp, NoOp, NoOp, NoOp];10
[NoOp, NoOp, NoOp, NoOp, NoOp, NoOp, NoOp, NoOp];9
[NoOp, NoOp, NoOp, NoOp, NoOp, NoOp, NoOp, NoOp];9
[NoOp, NoOp, NoOp, NoOp, NoOp, NoOp, NoOp, NoOp];10
[NoOp, NoOp, NoOp, NoOp, NoOp, NoOp, NoOp, NoOp];10
[NoOp, NoOp, NoOp, NoOp, NoOp, NoOp, NoOp, NoOp];10
[NoOp, NoOp, NoOp, NoOp, NoOp, NoOp, NoOp, NoOp];17
[NoOp, NoOp, NoOp, NoOp, NoOp, NoOp, NoOp, NoOp];14
[NoOp, NoOp, NoOp, NoOp, NoOp, NoOp, NoOp, NoOp];10
[NoOp, NoOp, NoOp, NoOp, NoOp, NoOp, NoOp, NoOp];18
[Move(S), NoOp, NoOp, NoOp, Move(W), NoOp, NoOp, Move(S)];437
[NoOp, Move(S), NoOp, NoOp, Move(W), NoOp, NoOp, NoOp];5
[NoOp, NoOp, NoOp, NoOp, NoOp, NoOp, NoOp, NoOp];15
[NoOp, NoOp, NoOp, NoOp, NoOp, NoOp, NoOp, NoOp];16
[NoOp, NoOp, NoOp, NoOp, Move(E), NoOp, NoOp, NoOp];4
[NoOp, NoOp, NoOp, NoOp, Move(E), NoOp, NoOp, NoOp];5
[NoOp, NoOp, NoOp, NoOp, NoOp, NoOp, NoOp, NoOp];4
[NoOp, NoOp, NoOp, NoOp, Move(W), NoOp, NoOp, NoOp];6
[NoOp, NoOp, NoOp, NoOp, Move(W), NoOp, NoOp, NoOp];0
[NoOp, NoOp, NoOp, NoOp, NoOp, NoOp, NoOp, NoOp];0
[NoOp, NoOp, NoOp, NoOp, Move(S), NoOp, NoOp, NoOp];0
[NoOp, NoOp, NoOp, NoOp, NoOp, NoOp, NoOp, NoOp];0
[NoOp, NoOp, NoOp, NoOp, NoOp, NoOp, NoOp, NoOp];0
[NoOp, NoOp, NoOp, NoOp, NoOp, NoOp, NoOp, NoOp];0
[NoOp, NoOp, NoOp, NoOp, NoOp, NoOp, NoOp, NoOp];0
[NoOp, NoOp, NoOp, NoOp, NoOp, NoOp, NoOp, NoOp];0
[NoOp, NoOp, NoOp, NoOp, NoOp, NoOp, NoOp, NoOp];0
[NoOp, NoOp, NoOp, NoOp, NoOp, NoOp, NoOp, NoOp];0
[NoOp, NoOp, NoOp, NoOp, NoOp, NoOp, NoOp, NoOp];0
[NoOp, NoOp, NoOp, NoOp, NoOp, NoOp, NoOp, NoOp];0
[NoOp, NoOp, NoOp, NoOp, NoOp, NoOp, NoOp, NoOp];0
[NoOp, NoOp, NoOp, NoOp, NoOp, NoOp, NoOp, NoOp];0
[Move(S), NoOp, NoOp, NoOp, NoOp, NoOp, NoOp, NoOp];416
[NoOp, NoOp, NoOp, NoOp, NoOp, NoOp, NoOp, NoOp];15
[NoOp, Move(S), NoOp, NoOp, NoOp, NoOp, NoOp, NoOp];9
[NoOp, NoOp, NoOp, NoOp, NoOp, NoOp, NoOp, NoOp];8
[NoOp, NoOp, NoOp, NoOp, NoOp, NoOp, NoOp, NoOp];7
[NoOp, NoOp, NoOp, NoOp, NoOp, NoOp, NoOp, NoOp];7
[NoOp, NoOp, NoOp, NoOp, NoOp, NoOp, NoOp, NoOp];9
[NoOp, NoOp, NoOp, NoOp, NoOp, NoOp, NoOp, NoOp];12
[NoOp, NoOp, NoOp, NoOp, NoOp, NoOp, NoOp, NoOp];9
[NoOp, NoOp, NoOp, NoOp, NoOp, NoOp, NoOp, NoOp];8
[NoOp, NoOp, NoOp, NoOp, NoOp, NoOp, NoOp, NoOp];7
[NoOp, NoOp, NoOp, NoOp, NoOp, NoOp, NoOp, NoOp];6
[NoOp, NoOp, NoOp, NoOp, NoOp, NoOp, NoOp, NoOp];8
[NoOp, NoOp, NoOp, NoOp, NoOp, NoOp, NoOp, NoOp];10
[Move(S), NoOp, NoOp, NoOp, NoOp, NoOp, NoOp, NoOp];412
[NoOp, NoOp, NoOp, NoOp, NoOp, NoOp, NoOp, Move(N)];9
[NoOp, Move(S), NoOp, NoOp, NoOp, NoOp, NoOp, NoOp];12
[NoOp, NoOp, NoOp, NoOp, NoOp, NoOp, NoOp, Move(E)];7
[NoOp, NoOp, NoOp, NoOp, NoOp, NoOp, NoOp, Move(E)];9
[NoOp, NoOp, NoOp, NoOp, NoOp, NoOp, NoOp, Move(E)];7
[NoOp, NoOp, NoOp, NoOp, NoOp, NoOp, NoOp, Move(S)];8
[NoOp, NoOp, NoOp, NoOp, NoOp, NoOp, NoOp, NoOp];8
[NoOp, NoOp, NoOp, NoOp, NoOp, NoOp, NoOp, NoOp];8
[NoOp, NoOp, NoOp, NoOp, NoOp, NoOp, NoOp, NoOp];11
[NoOp, NoOp, NoOp, NoOp, NoOp, NoOp, NoOp, NoOp];8
[NoOp, NoOp, NoOp, NoOp, NoOp, NoOp, NoOp, NoOp];8
[NoOp, NoOp, NoOp, NoOp, NoOp, NoOp, NoOp, NoOp];8
[NoOp, NoOp, NoOp, NoOp, NoOp, NoOp, NoOp, NoOp];8
[NoOp, NoOp, NoOp, NoOp, NoOp, NoOp, NoOp, NoOp];7
[NoOp, NoOp, NoOp, NoOp, NoOp, NoOp, NoOp, NoOp];9
[NoOp, NoOp, NoOp, NoOp, NoOp, NoOp, NoOp, NoOp];12
[NoOp, NoOp, NoOp, NoOp, NoOp, NoOp, NoOp, NoOp];14
[Move(S), NoOp, NoOp, NoOp, NoOp, NoOp, NoOp, Move(W)];413
[NoOp, NoOp, NoOp, NoOp, NoOp, NoOp, NoOp, Move(N)];10
[NoOp, NoOp, NoOp, NoOp, NoOp, NoOp, NoOp, NoOp];12
[NoOp, NoOp, NoOp, NoOp, NoOp, NoOp, NoOp, Move(W)];19
[NoOp, NoOp, NoOp, NoOp, NoOp, NoOp, NoOp, Move(W)];4
[NoOp, NoOp, NoOp, NoOp, NoOp, NoOp, NoOp, NoOp];4
[NoOp, NoOp, NoOp, NoOp, NoOp, NoOp, NoOp, Move(S)];12
[NoOp, NoOp, NoOp, NoOp, NoOp, NoOp, NoOp, NoOp];5
[NoOp, NoOp, NoOp, NoOp, NoOp, NoOp, NoOp, NoOp];15
[NoOp, NoOp, NoOp, NoOp, NoOp, NoOp, NoOp, NoOp];9
[NoOp, NoOp, NoOp, NoOp, NoOp, NoOp, NoOp, NoOp];10
[NoOp, NoOp, NoOp, NoOp, NoOp, NoOp, NoOp, NoOp];10
[NoOp, NoOp, NoOp, NoOp, NoOp, NoOp, NoOp, NoOp];9
[NoOp, NoOp, NoOp, NoOp, NoOp, NoOp, NoOp, NoOp];9
[NoOp, NoOp, NoOp, NoOp, NoOp, NoOp, NoOp, NoOp];10
[NoOp, NoOp, NoOp, NoOp, NoOp, NoOp, NoOp, NoOp];11
[NoOp, NoOp, NoOp, NoOp, NoOp, NoOp, NoOp, NoOp];11
[NoOp, NoOp, NoOp, NoOp, NoOp, NoOp, NoOp, NoOp];11
[Move(S), Move(S), NoOp, NoOp, NoOp, NoOp, NoOp, NoOp];439
[NoOp, NoOp, NoOp, NoOp, NoOp, NoOp, NoOp, Move(N)];9
[NoOp, NoOp, NoOp, NoOp, NoOp, NoOp, NoOp, NoOp];10
[NoOp, NoOp, NoOp, NoOp, NoOp, NoOp, NoOp, Move(E)];9
[NoOp, NoOp, NoOp, NoOp, NoOp, NoOp, NoOp, Move(E)];8
[NoOp, NoOp, NoOp, NoOp, NoOp, NoOp, NoOp, Move(E)];7
[NoOp, NoOp, NoOp, NoOp, NoOp, NoOp, NoOp, Move(S)];8
[NoOp, NoOp, NoOp, NoOp, NoOp, NoOp, NoOp, NoOp];12
[NoOp, NoOp, NoOp, NoOp, NoOp, NoOp, NoOp, NoOp];10
[NoOp, NoOp, NoOp, NoOp, NoOp, NoOp, NoOp, NoOp];8
[NoOp, NoOp, NoOp, NoOp, NoOp, NoOp, NoOp, NoOp];8
[NoOp, NoOp, NoOp, NoOp, NoOp, NoOp, NoOp, NoOp];8
[NoOp, NoOp, NoOp, NoOp, NoOp, NoOp, NoOp, NoOp];8
[NoOp, NoOp, NoOp, NoOp, NoOp, NoOp, NoOp, NoOp];8
[NoOp, NoOp, NoOp, NoOp, NoOp, NoOp, NoOp, NoOp];9
[NoOp, NoOp, NoOp, NoOp, NoOp, NoOp, NoOp, NoOp];9
[NoOp, NoOp, NoOp, NoOp, NoOp, NoOp, NoOp, NoOp];7
[NoOp, NoOp, NoOp, NoOp, NoOp, NoOp, NoOp, NoOp];8
[Move(W), Move(S), NoOp, NoOp, NoOp, NoOp, NoOp, Move(W)];421
[NoOp, NoOp, NoOp, NoOp, NoOp, NoOp, NoOp, Move(N)];8
[NoOp, NoOp, NoOp, NoOp, NoOp, NoOp, NoOp, NoOp];9
[NoOp, NoOp, NoOp, NoOp, NoOp, NoOp, NoOp, Move(W)];15
[NoOp, NoOp, NoOp, NoOp, NoOp, NoOp, NoOp, NoOp];8
[NoOp, NoOp, NoOp, NoOp, NoOp, NoOp, NoOp, Move(W)];6
[NoOp, NoOp, NoOp, NoOp, NoOp, NoOp, NoOp, NoOp];6
[NoOp, NoOp, NoOp, NoOp, NoOp, NoOp, NoOp, Move(S)];7
[NoOp, NoOp, NoOp, NoOp, NoOp, NoOp, NoOp, NoOp];8
[NoOp, NoOp, NoOp, NoOp, NoOp, NoOp, NoOp, NoOp];7
[NoOp, NoOp, NoOp, NoOp, NoOp, NoOp, NoOp, NoOp];7
[NoOp, NoOp, NoOp, NoOp, NoOp, NoOp, NoOp, NoOp];10
[NoOp, NoOp, NoOp, NoOp, NoOp, NoOp, NoOp, NoOp];10
[NoOp, NoOp, NoOp, NoOp, NoOp, NoOp, NoOp, NoOp];11
[NoOp, NoOp, NoOp, NoOp, NoOp, NoOp, NoOp, NoOp];9
[NoOp, NoOp, NoOp, NoOp, NoOp, NoOp, NoOp, NoOp];8
[NoOp, NoOp, NoOp, NoOp, NoOp, NoOp, NoOp, NoOp];9
[NoOp, NoOp, NoOp, NoOp, NoOp, NoOp, NoOp, NoOp];13
[NoOp, NoOp, NoOp, NoOp, NoOp, NoOp, NoOp, NoOp];8
[Move(W), Move(S), NoOp, NoOp, NoOp, NoOp, NoOp, NoOp];428
[NoOp, NoOp, NoOp, NoOp, NoOp, NoOp, NoOp, Move(N)];13
[NoOp, NoOp, NoOp, NoOp, NoOp, NoOp, NoOp, NoOp];6
[NoOp, NoOp, NoOp, NoOp, NoOp, NoOp, NoOp, Move(E)];7
[NoOp, NoOp, NoOp, NoOp, NoOp, NoOp, NoOp, Move(E)];7
[NoOp, NoOp, NoOp, NoOp, NoOp, NoOp, NoOp, Move(E)];8
[NoOp, NoOp, NoOp, NoOp, NoOp, NoOp, NoOp, Move(S)];7
[NoOp, NoOp, NoOp, NoOp, NoOp, NoOp, NoOp, NoOp];7
[NoOp, NoOp, NoOp, NoOp, NoOp, NoOp, NoOp, NoOp];7
[NoOp, NoOp, NoOp, NoOp, NoOp, NoOp, NoOp, NoOp];8
[NoOp, NoOp, NoOp, NoOp, NoOp, NoOp, NoOp, NoOp];6
[NoOp, NoOp, NoOp, NoOp, NoOp, NoOp, NoOp, NoOp];7
[NoOp, NoOp, NoOp, NoOp, NoOp, NoOp, NoOp, NoOp];8
[NoOp, NoOp, NoOp, NoOp, NoOp, NoOp, NoOp, NoOp];8
[NoOp, NoOp, NoOp, NoOp, NoOp, NoOp, NoOp, NoOp];9
[NoOp, NoOp, NoOp, NoOp, NoOp, NoOp, NoOp, NoOp];13
[NoOp, NoOp, NoOp, NoOp, NoOp, NoOp, NoOp, NoOp];11
[NoOp, NoOp, NoOp, NoOp, NoOp, NoOp, NoOp, NoOp];8
[Move(W), Move(E), NoOp, NoOp, NoOp, NoOp, NoOp, Move(W)];419
[NoOp, NoOp, NoOp, NoOp, NoOp, NoOp, NoOp, Move(N)];10
[NoOp, NoOp, NoOp, NoOp, NoOp, NoOp, NoOp, NoOp];8
[NoOp, NoOp, NoOp, NoOp, NoOp, NoOp, NoOp, Move(W)];15
[NoOp, NoOp, NoOp, NoOp, NoOp, NoOp, NoOp, NoOp];9
[NoOp, NoOp, NoOp, NoOp, NoOp, NoOp, NoOp, NoOp];11
[NoOp, NoOp, NoOp, NoOp, NoOp, NoOp, NoOp, NoOp];11
[NoOp, NoOp, NoOp, NoOp, NoOp, NoOp, NoOp, NoOp];19
[NoOp, NoOp, NoOp, NoOp, NoOp, NoOp, NoOp, NoOp];13
[NoOp, NoOp, NoOp, NoOp, NoOp, NoOp, NoOp, NoOp];13
[NoOp, NoOp, NoOp, NoOp, NoOp, NoOp, NoOp, NoOp];14
[NoOp, NoOp, NoOp, NoOp, NoOp, NoOp, NoOp, NoOp];13
[NoOp, NoOp, NoOp, NoOp, NoOp, NoOp, NoOp, NoOp];9
[NoOp, NoOp, NoOp, NoOp, NoOp, NoOp, NoOp, Move(W)];8
[NoOp, NoOp, NoOp, NoOp, NoOp, NoOp, NoOp, NoOp];8
[NoOp, NoOp, NoOp, NoOp, NoOp, NoOp, NoOp, Move(S)];7
[NoOp, NoOp, NoOp, NoOp, NoOp, NoOp, NoOp, NoOp];8
[NoOp, NoOp, NoOp, NoOp, NoOp, NoOp, NoOp, NoOp];12
[NoOp, NoOp, NoOp, NoOp, NoOp, NoOp, NoOp, NoOp];12
[NoOp, NoOp, NoOp, NoOp, NoOp, NoOp, NoOp, NoOp];10
[NoOp, NoOp, NoOp, NoOp, NoOp, NoOp, NoOp, NoOp];8
[NoOp, NoOp, NoOp, NoOp, NoOp, NoOp, NoOp, NoOp];8
[NoOp, NoOp, NoOp, NoOp, NoOp, NoOp, NoOp, NoOp];9
[NoOp, NoOp, NoOp, NoOp, NoOp, NoOp, NoOp, NoOp];13
[NoOp, NoOp, NoOp, NoOp, NoOp, NoOp, NoOp, NoOp];8
[NoOp, NoOp, NoOp, NoOp, NoOp, NoOp, NoOp, NoOp];8
[NoOp, NoOp, NoOp, NoOp, NoOp, NoOp, NoOp, NoOp];10
[Move(W), Move(E), NoOp, NoOp, NoOp, NoOp, NoOp, NoOp];417
[NoOp, NoOp, NoOp, NoOp, NoOp, NoOp, NoOp, NoOp];18
[NoOp, NoOp, NoOp, NoOp, NoOp, NoOp, NoOp, NoOp];8
[NoOp, NoOp, NoOp, NoOp, NoOp, NoOp, NoOp, NoOp];8
[NoOp, NoOp, NoOp, NoOp, NoOp, NoOp, NoOp, NoOp];7
[NoOp, NoOp, NoOp, NoOp, NoOp, NoOp, NoOp, NoOp];8
[NoOp, NoOp, NoOp, NoOp, NoOp, NoOp, NoOp, NoOp];7
[NoOp, NoOp, NoOp, NoOp, NoOp, NoOp, NoOp, NoOp];7
[NoOp, NoOp, NoOp, NoOp, NoOp, NoOp, NoOp, NoOp];9
[NoOp, NoOp, NoOp, NoOp, NoOp, NoOp, NoOp, NoOp];10
[NoOp, NoOp, NoOp, NoOp, NoOp, NoOp, NoOp, NoOp];8
[NoOp, NoOp, NoOp, NoOp, NoOp, NoOp, NoOp, NoOp];7
[Move(W), Move(W), NoOp, NoOp, NoOp, NoOp, NoOp, NoOp];415
[NoOp, NoOp, NoOp, NoOp, NoOp, NoOp, NoOp, Move(N)];11
[NoOp, NoOp, NoOp, NoOp, NoOp, NoOp, NoOp, NoOp];7
[NoOp, NoOp, NoOp, NoOp, NoOp, NoOp, NoOp, Move(E)];8
[NoOp, NoOp, NoOp, NoOp, NoOp, NoOp, NoOp, Move(E)];7
[NoOp, NoOp, NoOp, NoOp, NoOp, NoOp, NoOp, NoOp];10
[NoOp, NoOp, NoOp, NoOp, NoOp, NoOp, NoOp, Move(S)];7
[NoOp, NoOp, NoOp, NoOp, NoOp, NoOp, NoOp, Move(E)];7
[NoOp, NoOp, NoOp, NoOp, NoOp, NoOp, NoOp, NoOp];8
[NoOp, NoOp, NoOp, NoOp, NoOp, NoOp, NoOp, NoOp];8
[NoOp, NoOp, NoOp, NoOp, NoOp, NoOp, NoOp, NoOp];11
[NoOp, NoOp, NoOp, NoOp, NoOp, NoOp, NoOp, NoOp];12
[NoOp, NoOp, NoOp, NoOp, NoOp, NoOp, NoOp, NoOp];9
[NoOp, NoOp, NoOp, NoOp, NoOp, NoOp, NoOp, NoOp];9
[NoOp, NoOp, NoOp, NoOp, NoOp, NoOp, NoOp, NoOp];9
[NoOp, NoOp, NoOp, NoOp, NoOp, NoOp, NoOp, NoOp];8
[NoOp, NoOp, NoOp, NoOp, NoOp, NoOp, NoOp, NoOp];8
[NoOp, NoOp, NoOp, NoOp, NoOp, NoOp, NoOp, NoOp];8
[NoOp, NoOp, NoOp, NoOp, NoOp, NoOp, NoOp, NoOp];10
[Move(W), Move(E), NoOp, NoOp, NoOp, NoOp, NoOp, Move(N)];422
[NoOp, NoOp, NoOp, NoOp, NoOp, NoOp, NoOp, Move(W)];17
[NoOp, NoOp, NoOp, NoOp, NoOp, NoOp, NoOp, NoOp];10
[NoOp, NoOp, NoOp, NoOp, NoOp, NoOp, NoOp, NoOp];10
[NoOp, NoOp, NoOp, NoOp, NoOp, NoOp, NoOp, NoOp];8
[NoOp, NoOp, NoOp, NoOp, NoOp, NoOp, NoOp, NoOp];9
[NoOp, NoOp, NoOp, NoOp, NoOp, NoOp, NoOp, NoOp];8
[NoOp, NoOp, NoOp, NoOp, NoOp, NoOp, NoOp, NoOp];8
[NoOp, NoOp, NoOp, NoOp, NoOp, NoOp, NoOp, NoOp];8
[NoOp, NoOp, NoOp, NoOp, NoOp, NoOp, NoOp, NoOp];9
[NoOp, NoOp, NoOp, NoOp, NoOp, NoOp, NoOp, NoOp];8
[NoOp, NoOp, NoOp, NoOp, NoOp, NoOp, NoOp, NoOp];13
[NoOp, NoOp, NoOp, NoOp, NoOp, NoOp, NoOp, NoOp];14
[Move(N), Move(E), NoOp, NoOp, NoOp, NoOp, NoOp, Move(W)];419
[NoOp, NoOp, NoOp, NoOp, NoOp, NoOp, NoOp, Move(W)];9
[Move(S), NoOp, NoOp, NoOp, NoOp, NoOp, NoOp, NoOp];12
[NoOp, NoOp, NoOp, NoOp, NoOp, NoOp, NoOp, Move(S)];25
[NoOp, NoOp, NoOp, NoOp, NoOp, NoOp, NoOp, NoOp];11
[NoOp, NoOp, NoOp, NoOp, NoOp, NoOp, NoOp, NoOp];11
[NoOp, NoOp, NoOp, NoOp, NoOp, NoOp, NoOp, NoOp];9
[NoOp, NoOp, NoOp, NoOp, NoOp, NoOp, NoOp, NoOp];8
[NoOp, NoOp, NoOp, NoOp, NoOp, NoOp, NoOp, NoOp];7
[NoOp, NoOp, NoOp, NoOp, NoOp, NoOp, NoOp, NoOp];8
[NoOp, NoOp, NoOp, NoOp, NoOp, NoOp, NoOp, NoOp];8
[NoOp, NoOp, NoOp, NoOp, NoOp, NoOp, NoOp, NoOp];9
[NoOp, NoOp, NoOp, NoOp, NoOp, NoOp, NoOp, NoOp];15
[NoOp, NoOp, NoOp, NoOp, NoOp, NoOp, NoOp, NoOp];9
[NoOp, NoOp, NoOp, NoOp, NoOp, NoOp, NoOp, NoOp];8
[Move(N), Move(E), NoOp, NoOp, NoOp, NoOp, NoOp, NoOp];424
[NoOp, NoOp, NoOp, NoOp, NoOp, NoOp, NoOp, Move(N)];9
[Move(S), NoOp, NoOp, NoOp, NoOp, NoOp, NoOp, NoOp];11
[NoOp, NoOp, NoOp, NoOp, NoOp, NoOp, NoOp, Move(E)];7
[Move(E), NoOp, NoOp, NoOp, NoOp, NoOp, NoOp, Move(E)];7
[NoOp, NoOp, NoOp, NoOp, NoOp, NoOp, NoOp, NoOp];6
[NoOp, NoOp, NoOp, NoOp, NoOp, NoOp, NoOp, Move(S)];7
[NoOp, NoOp, NoOp, NoOp, NoOp, NoOp, NoOp, Move(E)];9
[NoOp, NoOp, NoOp, NoOp, NoOp, NoOp, NoOp, NoOp];7
[NoOp, NoOp, NoOp, NoOp, NoOp, NoOp, NoOp, NoOp];8
[NoOp, NoOp, NoOp, NoOp, NoOp, NoOp, NoOp, NoOp];8
[NoOp, NoOp, NoOp, NoOp, NoOp, NoOp, NoOp, NoOp];11
[NoOp, NoOp, NoOp, NoOp, NoOp, NoOp, NoOp, NoOp];12
[NoOp, NoOp, NoOp, NoOp, NoOp, NoOp, NoOp, NoOp];9
[NoOp, NoOp, NoOp, NoOp, NoOp, NoOp, NoOp, NoOp];7
[NoOp, NoOp, NoOp, NoOp, NoOp, NoOp, NoOp, NoOp];8
[NoOp, NoOp, NoOp, NoOp, NoOp, NoOp, NoOp, NoOp];9
[NoOp, NoOp, NoOp, NoOp, NoOp, NoOp, NoOp, NoOp];8
[NoOp, NoOp, NoOp, NoOp, NoOp, NoOp, NoOp, NoOp];9
[Move(W), Move(W), NoOp, NoOp, NoOp, NoOp, NoOp, Move(N)];412
[NoOp, NoOp, NoOp, NoOp, NoOp, NoOp, NoOp, NoOp];13
[NoOp, NoOp, NoOp, NoOp, NoOp, NoOp, NoOp, NoOp];10
[NoOp, NoOp, NoOp, NoOp, NoOp, NoOp, NoOp, NoOp];8
[NoOp, NoOp, NoOp, NoOp, NoOp, NoOp, NoOp, NoOp];7
[NoOp, NoOp, NoOp, NoOp, NoOp, NoOp, NoOp, NoOp];7
[NoOp, NoOp, NoOp, NoOp, NoOp, NoOp, NoOp, NoOp];9
[NoOp, NoOp, NoOp, NoOp, NoOp, NoOp, NoOp, NoOp];7
[NoOp, NoOp, NoOp, NoOp, NoOp, NoOp, NoOp, NoOp];7
[NoOp, NoOp, NoOp, NoOp, NoOp, NoOp, NoOp, NoOp];11
[NoOp, NoOp, NoOp, NoOp, NoOp, NoOp, NoOp, NoOp];14
[NoOp, NoOp, NoOp, NoOp, NoOp, NoOp, NoOp, NoOp];9
[Move(W), Move(W), NoOp, NoOp, NoOp, NoOp, NoOp, Move(W)];479
[NoOp, NoOp, NoOp, NoOp, NoOp, NoOp, NoOp, NoOp];8
[NoOp, NoOp, NoOp, NoOp, NoOp, NoOp, NoOp, Move(W)];12
[NoOp, NoOp, NoOp, NoOp, NoOp, NoOp, NoOp, Move(W)];22
[NoOp, NoOp, NoOp, NoOp, NoOp, NoOp, NoOp, NoOp];14
[Move(E), NoOp, NoOp, NoOp, NoOp, NoOp, NoOp, Move(S)];20
[NoOp, NoOp, NoOp, NoOp, NoOp, NoOp, NoOp, NoOp];10
[NoOp, NoOp, NoOp, NoOp, NoOp, NoOp, NoOp, NoOp];9
[NoOp, NoOp, NoOp, NoOp, NoOp, NoOp, NoOp, NoOp];10
[NoOp, NoOp, NoOp, NoOp, NoOp, NoOp, NoOp, NoOp];9
[NoOp, NoOp, NoOp, NoOp, NoOp, NoOp, NoOp, NoOp];10
[NoOp, NoOp, NoOp, NoOp, NoOp, NoOp, NoOp, NoOp];9
[NoOp, NoOp, NoOp, NoOp, NoOp, NoOp, NoOp, NoOp];23
[NoOp, NoOp, NoOp, NoOp, NoOp, NoOp, NoOp, NoOp];10
[NoOp, NoOp, NoOp, NoOp, NoOp, NoOp, NoOp, NoOp];11
[NoOp, NoOp, NoOp, NoOp, NoOp, NoOp, NoOp, NoOp];18
[NoOp, NoOp, NoOp, NoOp, NoOp, NoOp, NoOp, NoOp];19
[Move(W), Move(W), NoOp, NoOp, NoOp, NoOp, NoOp, NoOp];412
[NoOp, NoOp, NoOp, NoOp, NoOp, NoOp, NoOp, NoOp];7
[NoOp, NoOp, NoOp, NoOp, NoOp, NoOp, NoOp, NoOp];7
[NoOp, NoOp, NoOp, NoOp, NoOp, NoOp, NoOp, NoOp];9
[NoOp, NoOp, NoOp, NoOp, NoOp, NoOp, NoOp, NoOp];11
[NoOp, NoOp, NoOp, NoOp, NoOp, NoOp, NoOp, NoOp];2
[NoOp, NoOp, NoOp, NoOp, NoOp, NoOp, NoOp, NoOp];7
[NoOp, NoOp, NoOp, NoOp, NoOp, NoOp, NoOp, NoOp];6
[NoOp, NoOp, NoOp, NoOp, NoOp, NoOp, NoOp, NoOp];10
[NoOp, NoOp, NoOp, NoOp, NoOp, NoOp, NoOp, NoOp];9
[NoOp, NoOp, NoOp, NoOp, NoOp, NoOp, NoOp, NoOp];11
[NoOp, NoOp, NoOp, NoOp, NoOp, NoOp, NoOp, NoOp];7
[NoOp, NoOp, NoOp, NoOp, NoOp, NoOp, NoOp, NoOp];406
[NoOp, NoOp, NoOp, NoOp, NoOp, NoOp, NoOp, NoOp];17
[NoOp, NoOp, NoOp, NoOp, NoOp, NoOp, NoOp, NoOp];16
[NoOp, Move(W), NoOp, NoOp, Move(N), NoOp, NoOp, NoOp];16
[NoOp, NoOp, NoOp, NoOp, NoOp, NoOp, NoOp, NoOp];10
[Move(E), NoOp, NoOp, NoOp, NoOp, NoOp, NoOp, NoOp];14
[NoOp, Move(W), NoOp, NoOp, NoOp, NoOp, NoOp, NoOp];8
[NoOp, NoOp, NoOp, NoOp, NoOp, NoOp, NoOp, NoOp];6
[Move(E), Move(E), NoOp, NoOp, NoOp, NoOp, NoOp, NoOp];11
[NoOp, NoOp, NoOp, NoOp, NoOp, NoOp, NoOp, NoOp];6
[Move(E), NoOp, NoOp, NoOp, NoOp, NoOp, NoOp, NoOp];12
[NoOp, NoOp, NoOp, NoOp, NoOp, NoOp, NoOp, NoOp];6
[Move(E), NoOp, NoOp, NoOp, NoOp, NoOp, NoOp, NoOp];10
[NoOp, NoOp, NoOp, NoOp, NoOp, NoOp, NoOp, NoOp];6
[Move(E), NoOp, NoOp, NoOp, NoOp, NoOp, NoOp, NoOp];12
[NoOp, NoOp, NoOp, NoOp, NoOp, NoOp, NoOp, NoOp];6
[Move(E), NoOp, NoOp, NoOp, NoOp, NoOp, NoOp, NoOp];12
[NoOp, NoOp, NoOp, NoOp, NoOp, NoOp, NoOp, NoOp];10
[NoOp, NoOp, NoOp, NoOp, NoOp, NoOp, NoOp, NoOp];11
[NoOp, NoOp, NoOp, NoOp, NoOp, NoOp, NoOp, NoOp];6
[NoOp, NoOp, NoOp, NoOp, NoOp, NoOp, NoOp, NoOp];6
[NoOp, NoOp, NoOp, NoOp, NoOp, NoOp, NoOp, NoOp];6
[NoOp, NoOp, NoOp, NoOp, NoOp, NoOp, NoOp, NoOp];5
[NoOp, NoOp, NoOp, NoOp, NoOp, NoOp, NoOp, NoOp];6
[NoOp, NoOp, NoOp, NoOp, NoOp, NoOp, NoOp, NoOp];6
[NoOp, NoOp, NoOp, NoOp, NoOp, NoOp, NoOp, NoOp];6
[NoOp, NoOp, NoOp, NoOp, NoOp, NoOp, NoOp, NoOp];5
[NoOp, NoOp, NoOp, NoOp, NoOp, NoOp, NoOp, NoOp];6
[Move(W), NoOp, NoOp, NoOp, Move(S), NoOp, NoOp, NoOp];414
[NoOp, Move(W), NoOp, NoOp, NoOp, NoOp, NoOp, NoOp];15
[NoOp, NoOp, NoOp, NoOp, NoOp, NoOp, NoOp, Move(N)];13
[NoOp, NoOp, NoOp, NoOp, Move(N), NoOp, NoOp, NoOp];13
[NoOp, Move(E), NoOp, NoOp, NoOp, NoOp, NoOp, Move(W)];8
[Move(E), NoOp, NoOp, NoOp, Move(E), NoOp, NoOp, Move(W)];8
[NoOp, Move(N), NoOp, NoOp, NoOp, NoOp, NoOp, NoOp];9
[NoOp, NoOp, NoOp, NoOp, NoOp, NoOp, NoOp, Move(S)];7
[Move(E), NoOp, NoOp, NoOp, NoOp, NoOp, NoOp, NoOp];7
[NoOp, Move(N), NoOp, NoOp, NoOp, NoOp, NoOp, Move(W)];6
[Move(N), NoOp, NoOp, NoOp, NoOp, NoOp, NoOp, NoOp];15
[NoOp, Move(N), NoOp, NoOp, NoOp, NoOp, NoOp, NoOp];9
[NoOp, NoOp, NoOp, NoOp, NoOp, NoOp, NoOp, NoOp];8
[Move(N), NoOp, NoOp, NoOp, NoOp, NoOp, NoOp, NoOp];13
[NoOp, Move(N), NoOp, NoOp, NoOp, NoOp, NoOp, NoOp];7
[NoOp, NoOp, NoOp, NoOp, NoOp, NoOp, NoOp, NoOp];16
[Move(N), NoOp, NoOp, NoOp, NoOp, NoOp, NoOp, NoOp];15
[NoOp, Move(N), NoOp, NoOp, NoOp, NoOp, NoOp, NoOp];12
[NoOp, NoOp, NoOp, NoOp, NoOp, NoOp, NoOp, NoOp];18
[Move(N), NoOp, NoOp, NoOp, NoOp, NoOp, NoOp, NoOp];20
[NoOp, Move(N), NoOp, NoOp, NoOp, NoOp, NoOp, NoOp];14
[NoOp, NoOp, NoOp, NoOp, NoOp, NoOp, NoOp, NoOp];11
[Move(N), NoOp, NoOp, NoOp, NoOp, NoOp, NoOp, Move(S)];17
[NoOp, NoOp, NoOp, NoOp, NoOp, NoOp, NoOp, Move(W)];5
[NoOp, NoOp, NoOp, NoOp, NoOp, NoOp, NoOp, Move(W)];11
[NoOp, NoOp, NoOp, NoOp, NoOp, NoOp, NoOp, Move(W)];11
[NoOp, NoOp, NoOp, NoOp, NoOp, NoOp, NoOp, NoOp];10
[NoOp, NoOp, NoOp, NoOp, NoOp, NoOp, NoOp, NoOp];16
[NoOp, NoOp, NoOp, NoOp, NoOp, NoOp, NoOp, NoOp];10
[NoOp, NoOp, NoOp, NoOp, NoOp, NoOp, NoOp, NoOp];11
[NoOp, NoOp, NoOp, NoOp, NoOp, NoOp, NoOp, NoOp];14
[NoOp, NoOp, NoOp, NoOp, NoOp, NoOp, NoOp, NoOp];12
[NoOp, NoOp, NoOp, NoOp, NoOp, NoOp, NoOp, NoOp];11
[NoOp, NoOp, NoOp, NoOp, NoOp, NoOp, NoOp, NoOp];15
[NoOp, NoOp, NoOp, NoOp, NoOp, NoOp, NoOp, NoOp];14
[NoOp, NoOp, NoOp, NoOp, NoOp, NoOp, NoOp, NoOp];15
[NoOp, NoOp, NoOp, NoOp, NoOp, NoOp, NoOp, NoOp];16
[Move(S), NoOp, NoOp, NoOp, Move(W), NoOp, NoOp, Move(E)];446
[NoOp, NoOp, NoOp, NoOp, Move(S), NoOp, NoOp, Move(N)];10
[NoOp, NoOp, NoOp, NoOp, NoOp, NoOp, NoOp, Move(E)];8
[NoOp, NoOp, NoOp, NoOp, NoOp, NoOp, NoOp, Move(E)];8
[NoOp, NoOp, NoOp, NoOp, NoOp, NoOp, NoOp, Move(E)];16
[NoOp, NoOp, NoOp, NoOp, NoOp, NoOp, NoOp, NoOp];24
[NoOp, NoOp, NoOp, NoOp, NoOp, NoOp, NoOp, Move(N)];21
[NoOp, NoOp, NoOp, NoOp, NoOp, NoOp, NoOp, NoOp];9
[NoOp, NoOp, NoOp, NoOp, NoOp, NoOp, NoOp, Move(E)];17
[NoOp, NoOp, NoOp, NoOp, NoOp, NoOp, NoOp, NoOp];9
[NoOp, NoOp, NoOp, NoOp, NoOp, NoOp, NoOp, Move(E)];6
[NoOp, NoOp, NoOp, NoOp, NoOp, NoOp, NoOp, NoOp];15
[NoOp, NoOp, NoOp, NoOp, NoOp, NoOp, NoOp, Move(S)];7
[NoOp, NoOp, NoOp, NoOp, NoOp, NoOp, NoOp, NoOp];7
[NoOp, NoOp, NoOp, NoOp, NoOp, NoOp, NoOp, NoOp];7
[NoOp, NoOp, NoOp, NoOp, NoOp, NoOp, NoOp, NoOp];8
[NoOp, NoOp, NoOp, NoOp, NoOp, NoOp, NoOp, NoOp];10
[NoOp, NoOp, NoOp, NoOp, NoOp, NoOp, NoOp, NoOp];10
[NoOp, NoOp, NoOp, NoOp, NoOp, NoOp, NoOp, NoOp];11
[NoOp, NoOp, NoOp, NoOp, NoOp, NoOp, NoOp, NoOp];9
[NoOp, NoOp, NoOp, NoOp, NoOp, NoOp, NoOp, NoOp];7
[NoOp, NoOp, NoOp, NoOp, NoOp, NoOp, NoOp, NoOp];8
[NoOp, NoOp, NoOp, NoOp, NoOp, NoOp, NoOp, NoOp];8
[NoOp, NoOp, NoOp, NoOp, NoOp, NoOp, NoOp, NoOp];9
[Move(S), Move(S), NoOp, NoOp, NoOp, NoOp, NoOp, NoOp];492
[NoOp, NoOp, NoOp, NoOp, NoOp, NoOp, NoOp, NoOp];25
[NoOp, NoOp, NoOp, NoOp, NoOp, NoOp, NoOp, NoOp];24
[NoOp, NoOp, NoOp, NoOp, NoOp, NoOp, NoOp, Move(N)];12
[NoOp, NoOp, NoOp, NoOp, NoOp, NoOp, NoOp, NoOp];7
[NoOp, NoOp, NoOp, NoOp, NoOp, NoOp, NoOp, Move(E)];7
[NoOp, NoOp, NoOp, NoOp, NoOp, NoOp, NoOp, NoOp];11
[NoOp, NoOp, NoOp, NoOp, NoOp, NoOp, NoOp, NoOp];8
[NoOp, NoOp, NoOp, NoOp, NoOp, NoOp, NoOp, NoOp];7
[NoOp, NoOp, NoOp, NoOp, NoOp, NoOp, NoOp, NoOp];7
[NoOp, NoOp, NoOp, NoOp, NoOp, NoOp, NoOp, NoOp];9
[NoOp, NoOp, NoOp, NoOp, NoOp, NoOp, NoOp, NoOp];10
[NoOp, NoOp, NoOp, NoOp, NoOp, NoOp, NoOp, NoOp];15
[NoOp, NoOp, NoOp, NoOp, NoOp, NoOp, NoOp, NoOp];18
[NoOp, NoOp, NoOp, NoOp, NoOp, NoOp, NoOp, NoOp];14
[NoOp, NoOp, NoOp, NoOp, NoOp, NoOp, NoOp, NoOp];15
[NoOp, NoOp, NoOp, NoOp, NoOp, NoOp, NoOp, NoOp];13
[Move(S), Move(S), NoOp, NoOp, NoOp, NoOp, NoOp, Move(W)];470
[NoOp, NoOp, NoOp, NoOp, NoOp, NoOp, NoOp, NoOp];15
[NoOp, NoOp, NoOp, NoOp, NoOp, NoOp, NoOp, Move(S)];6
[NoOp, NoOp, NoOp, NoOp, NoOp, NoOp, NoOp, NoOp];14
[NoOp, NoOp, NoOp, NoOp, NoOp, NoOp, NoOp, NoOp];4
[NoOp, NoOp, NoOp, NoOp, Move(N), NoOp, NoOp, NoOp];6
[NoOp, NoOp, NoOp, NoOp, NoOp, NoOp, NoOp, NoOp];3
[NoOp, NoOp, NoOp, NoOp, Move(W), NoOp, NoOp, NoOp];4
[NoOp, NoOp, NoOp, NoOp, Move(W), NoOp, NoOp, NoOp];4
[NoOp, NoOp, NoOp, NoOp, NoOp, NoOp, NoOp, NoOp];6
[NoOp, NoOp, NoOp, NoOp, NoOp, NoOp, NoOp, NoOp];3
[NoOp, NoOp, NoOp, NoOp, Move(S), NoOp, NoOp, NoOp];7
[NoOp, NoOp, NoOp, NoOp, NoOp, NoOp, NoOp, NoOp];8
[NoOp, NoOp, NoOp, NoOp, Move(W), NoOp, NoOp, NoOp];4
[NoOp, NoOp, NoOp, NoOp, Move(W), NoOp, NoOp, NoOp];3
[NoOp, NoOp, NoOp, NoOp, Move(W), NoOp, NoOp, NoOp];4
[NoOp, NoOp, NoOp, NoOp, Move(W), NoOp, NoOp, NoOp];10
[NoOp, NoOp, NoOp, NoOp, Move(W), NoOp, NoOp, NoOp];0
[NoOp, NoOp, NoOp, NoOp, Move(W), NoOp, NoOp, NoOp];0
[NoOp, NoOp, NoOp, NoOp, Move(N), NoOp, NoOp, NoOp];0
[NoOp, NoOp, NoOp, NoOp, Move(W), NoOp, NoOp, NoOp];0
[NoOp, NoOp, NoOp, NoOp, Move(W), NoOp, NoOp, NoOp];0
[NoOp, NoOp, NoOp, NoOp, Move(W), NoOp, NoOp, NoOp];0
[NoOp, NoOp, NoOp, NoOp, Move(W), NoOp, NoOp, NoOp];0
[NoOp, NoOp, NoOp, NoOp, NoOp, NoOp, NoOp, NoOp];1
[NoOp, NoOp, NoOp, NoOp, NoOp, NoOp, NoOp, NoOp];0
[NoOp, NoOp, NoOp, NoOp, NoOp, NoOp, NoOp, NoOp];0
[NoOp, NoOp, NoOp, NoOp, NoOp, NoOp, NoOp, NoOp];0
[NoOp, NoOp, NoOp, NoOp, NoOp, NoOp, NoOp, NoOp];0
[NoOp, NoOp, NoOp, NoOp, NoOp, NoOp, NoOp, NoOp];2
[NoOp, NoOp, NoOp, NoOp, NoOp, NoOp, NoOp, NoOp];0
[NoOp, NoOp, NoOp, NoOp, NoOp, NoOp, NoOp, NoOp];0
[NoOp, NoOp, NoOp, NoOp, NoOp, NoOp, NoOp, NoOp];0
[NoOp, NoOp, NoOp, NoOp, NoOp, NoOp, NoOp, NoOp];0
[NoOp, NoOp, NoOp, NoOp, NoOp, NoOp, NoOp, NoOp];0
[Move(S), Move(S), NoOp, NoOp, Move(W), NoOp, NoOp, NoOp];469
[NoOp, NoOp, NoOp, NoOp, NoOp, NoOp, NoOp, NoOp];4
[NoOp, NoOp, NoOp, NoOp, NoOp, NoOp, NoOp, NoOp];13
[NoOp, NoOp, NoOp, NoOp, NoOp, NoOp, NoOp, NoOp];6
[NoOp, NoOp, NoOp, NoOp, NoOp, NoOp, NoOp, NoOp];6
[NoOp, NoOp, NoOp, NoOp, NoOp, NoOp, NoOp, NoOp];5
[NoOp, NoOp, NoOp, NoOp, NoOp, NoOp, NoOp, NoOp];10
[NoOp, NoOp, NoOp, NoOp, NoOp, NoOp, NoOp, NoOp];10
[NoOp, NoOp, NoOp, NoOp, NoOp, NoOp, NoOp, NoOp];6
[NoOp, NoOp, NoOp, NoOp, NoOp, NoOp, NoOp, NoOp];5
[NoOp, NoOp, NoOp, NoOp, NoOp, NoOp, NoOp, NoOp];6
[NoOp, NoOp, NoOp, NoOp, NoOp, NoOp, NoOp, NoOp];8
[Move(S), Move(S), NoOp, NoOp, NoOp, NoOp, NoOp, NoOp];422
[NoOp, NoOp, NoOp, NoOp, NoOp, NoOp, NoOp, NoOp];4
[NoOp, NoOp, NoOp, NoOp, NoOp, NoOp, NoOp, NoOp];4
[NoOp, NoOp, NoOp, NoOp, NoOp, NoOp, NoOp, NoOp];3
[NoOp, NoOp, NoOp, NoOp, NoOp, NoOp, NoOp, NoOp];4
[NoOp, NoOp, NoOp, NoOp, NoOp, NoOp, NoOp, NoOp];4
[NoOp, NoOp, NoOp, NoOp, NoOp, NoOp, NoOp, NoOp];4
[NoOp, NoOp, NoOp, NoOp, NoOp, NoOp, NoOp, NoOp];5
[NoOp, NoOp, NoOp, NoOp, NoOp, NoOp, NoOp, NoOp];3
[NoOp, NoOp, NoOp, NoOp, NoOp, NoOp, NoOp, NoOp];4
[NoOp, NoOp, NoOp, NoOp, NoOp, NoOp, NoOp, NoOp];4
[NoOp, NoOp, NoOp, NoOp, NoOp, NoOp, NoOp, NoOp];4
[Move(W), Move(S), NoOp, NoOp, NoOp, NoOp, NoOp, NoOp];416
[NoOp, NoOp, NoOp, NoOp, NoOp, NoOp, NoOp, NoOp];3
[NoOp, NoOp, NoOp, NoOp, NoOp, NoOp, NoOp, NoOp];3
[NoOp, NoOp, NoOp, NoOp, NoOp, NoOp, NoOp, NoOp];4
[NoOp, NoOp, NoOp, NoOp, NoOp, NoOp, NoOp, NoOp];3
[NoOp, NoOp, NoOp, NoOp, NoOp, NoOp, NoOp, NoOp];4
[NoOp, NoOp, NoOp, NoOp, NoOp, NoOp, NoOp, NoOp];4
[NoOp, NoOp, NoOp, NoOp, NoOp, NoOp, NoOp, NoOp];4
[NoOp, NoOp, NoOp, NoOp, NoOp, NoOp, NoOp, NoOp];3
[NoOp, NoOp, NoOp, NoOp, NoOp, NoOp, NoOp, NoOp];5
[NoOp, NoOp, NoOp, NoOp, NoOp, NoOp, NoOp, NoOp];3
[NoOp, NoOp, NoOp, NoOp, NoOp, NoOp, NoOp, NoOp];3
[Move(W), Move(S), NoOp, NoOp, NoOp, NoOp, NoOp, NoOp];430
[NoOp, NoOp, NoOp, NoOp, NoOp, NoOp, NoOp, NoOp];7
[NoOp, NoOp, NoOp, NoOp, NoOp, NoOp, NoOp, NoOp];4
[NoOp, NoOp, NoOp, NoOp, NoOp, NoOp, NoOp, NoOp];6
[NoOp, NoOp, NoOp, NoOp, NoOp, NoOp, NoOp, NoOp];3
[NoOp, NoOp, NoOp, NoOp, NoOp, NoOp, NoOp, NoOp];3
[NoOp, NoOp, NoOp, NoOp, NoOp, NoOp, NoOp, NoOp];4
[NoOp, NoOp, NoOp, NoOp, NoOp, NoOp, NoOp, NoOp];4
[NoOp, NoOp, NoOp, NoOp, NoOp, NoOp, NoOp, NoOp];4
[NoOp, NoOp, NoOp, NoOp, NoOp, NoOp, NoOp, NoOp];4
[NoOp, NoOp, NoOp, NoOp, NoOp, NoOp, NoOp, NoOp];4
[NoOp, NoOp, NoOp, NoOp, NoOp, NoOp, NoOp, NoOp];7
[Move(W), Move(W), NoOp, NoOp, NoOp, NoOp, NoOp, NoOp];425
[NoOp, NoOp, NoOp, NoOp, NoOp, NoOp, NoOp, NoOp];3
[NoOp, NoOp, NoOp, NoOp, NoOp, NoOp, NoOp, NoOp];6
[NoOp, NoOp, NoOp, NoOp, NoOp, NoOp, NoOp, NoOp];5
[NoOp, NoOp, NoOp, NoOp, NoOp, NoOp, NoOp, NoOp];5
[NoOp, NoOp, NoOp, NoOp, NoOp, NoOp, NoOp, NoOp];6
[NoOp, NoOp, NoOp, NoOp, NoOp, NoOp, NoOp, NoOp];4
[NoOp, NoOp, NoOp, NoOp, NoOp, NoOp, NoOp, NoOp];4
[NoOp, NoOp, NoOp, NoOp, NoOp, NoOp, NoOp, NoOp];3
[NoOp, NoOp, NoOp, NoOp, NoOp, NoOp, NoOp, NoOp];3
[NoOp, NoOp, NoOp, NoOp, NoOp, NoOp, NoOp, NoOp];3
[NoOp, NoOp, NoOp, NoOp, NoOp, NoOp, NoOp, NoOp];3
[Move(W), Move(E), NoOp, NoOp, NoOp, NoOp, NoOp, NoOp];410
[NoOp, NoOp, NoOp, NoOp, NoOp, NoOp, NoOp, NoOp];3
[NoOp, NoOp, NoOp, NoOp, NoOp, NoOp, NoOp, NoOp];5
[NoOp, NoOp, NoOp, NoOp, NoOp, NoOp, NoOp, NoOp];3
[NoOp, NoOp, NoOp, NoOp, NoOp, NoOp, NoOp, NoOp];3
[NoOp, NoOp, NoOp, NoOp, NoOp, NoOp, NoOp, NoOp];4
[NoOp, NoOp, NoOp, NoOp, NoOp, NoOp, NoOp, NoOp];4
[NoOp, NoOp, NoOp, NoOp, NoOp, NoOp, NoOp, NoOp];4
[NoOp, NoOp, NoOp, NoOp, NoOp, NoOp, NoOp, NoOp];3
[NoOp, NoOp, NoOp, NoOp, NoOp, NoOp, NoOp, NoOp];5
[NoOp, NoOp, NoOp, NoOp, NoOp, NoOp, NoOp, NoOp];5
[NoOp, NoOp, NoOp, NoOp, NoOp, NoOp, NoOp, NoOp];4
[Move(W), Move(E), NoOp, NoOp, NoOp, NoOp, NoOp, NoOp];416
[NoOp, NoOp, NoOp, NoOp, NoOp, NoOp, NoOp, NoOp];4
[NoOp, NoOp, NoOp, NoOp, NoOp, NoOp, NoOp, NoOp];4
[NoOp, NoOp, NoOp, NoOp, NoOp, NoOp, NoOp, NoOp];4
[NoOp, NoOp, NoOp, NoOp, NoOp, NoOp, NoOp, NoOp];4
[NoOp, NoOp, NoOp, NoOp, NoOp, NoOp, NoOp, NoOp];4
[NoOp, NoOp, NoOp, NoOp, NoOp, NoOp, NoOp, NoOp];4
[NoOp, NoOp, NoOp, NoOp, NoOp, NoOp, NoOp, NoOp];4
[NoOp, NoOp, NoOp, NoOp, NoOp, NoOp, NoOp, NoOp];3
[NoOp, NoOp, NoOp, NoOp, NoOp, NoOp, NoOp, NoOp];4
[NoOp, NoOp, NoOp, NoOp, NoOp, NoOp, NoOp, NoOp];4
[NoOp, NoOp, NoOp, NoOp, NoOp, NoOp, NoOp, NoOp];4
[Move(W), Move(E), NoOp, NoOp, NoOp, NoOp, NoOp, NoOp];407
[NoOp, NoOp, NoOp, NoOp, NoOp, NoOp, NoOp, NoOp];5
[NoOp, NoOp, NoOp, NoOp, NoOp, NoOp, NoOp, NoOp];5
[NoOp, NoOp, NoOp, NoOp, NoOp, NoOp, NoOp, NoOp];4
[NoOp, NoOp, NoOp, NoOp, NoOp, NoOp, NoOp, NoOp];4
[NoOp, NoOp, NoOp, NoOp, NoOp, NoOp, NoOp, NoOp];4
[NoOp, NoOp, NoOp, NoOp, NoOp, NoOp, NoOp, NoOp];4
[NoOp, NoOp, NoOp, NoOp, NoOp, NoOp, NoOp, NoOp];3
[NoOp, NoOp, NoOp, NoOp, NoOp, NoOp, NoOp, NoOp];4
[NoOp, NoOp, NoOp, NoOp, NoOp, NoOp, NoOp, NoOp];4
[NoOp, NoOp, NoOp, NoOp, NoOp, NoOp, NoOp, NoOp];3
[NoOp, NoOp, NoOp, NoOp, NoOp, NoOp, NoOp, NoOp];4
[Move(W), Move(W), NoOp, NoOp, NoOp, NoOp, NoOp, NoOp];402
[NoOp, NoOp, NoOp, NoOp, NoOp, NoOp, NoOp, NoOp];4
[Move(E), NoOp, NoOp, NoOp, NoOp, NoOp, NoOp, NoOp];7
[Move(E), NoOp, NoOp, NoOp, NoOp, NoOp, NoOp, NoOp];3
[Move(E), NoOp, NoOp, NoOp, NoOp, NoOp, NoOp, NoOp];3
[Move(E), NoOp, NoOp, NoOp, NoOp, NoOp, NoOp, NoOp];4
[Move(E), NoOp, NoOp, NoOp, NoOp, NoOp, NoOp, NoOp];4
[Move(E), NoOp, NoOp, NoOp, NoOp, NoOp, NoOp, NoOp];6
[Move(E), NoOp, NoOp, NoOp, NoOp, NoOp, NoOp, NoOp];8
[NoOp, NoOp, NoOp, NoOp, NoOp, NoOp, NoOp, NoOp];3
[Move(N), NoOp, NoOp, NoOp, NoOp, NoOp, NoOp, NoOp];5
[Move(N), NoOp, NoOp, NoOp, NoOp, NoOp, NoOp, NoOp];4
[Move(N), NoOp, NoOp, NoOp, NoOp, NoOp, NoOp, NoOp];4
[Move(N), NoOp, NoOp, NoOp, NoOp, NoOp, NoOp, NoOp];3
[Move(N), NoOp, NoOp, NoOp, NoOp, NoOp, NoOp, NoOp];4
[Move(N), NoOp, NoOp, NoOp, NoOp, NoOp, NoOp, NoOp];4
[Move(N), NoOp, NoOp, NoOp, NoOp, NoOp, NoOp, NoOp];4
[NoOp, NoOp, NoOp, NoOp, NoOp, NoOp, NoOp, NoOp];5
[Move(W), NoOp, NoOp, NoOp, NoOp, NoOp, NoOp, NoOp];4
[NoOp, NoOp, NoOp, NoOp, NoOp, NoOp, NoOp, NoOp];4
[NoOp, NoOp, NoOp, NoOp, NoOp, NoOp, NoOp, NoOp];4
[NoOp, NoOp, NoOp, NoOp, NoOp, NoOp, NoOp, NoOp];4
[NoOp, NoOp, NoOp, NoOp, NoOp, NoOp, NoOp, NoOp];4
[NoOp, NoOp, NoOp, NoOp, NoOp, NoOp, NoOp, NoOp];4
[NoOp, NoOp, NoOp, NoOp, NoOp, NoOp, NoOp, NoOp];5
[NoOp, NoOp, NoOp, NoOp, NoOp, NoOp, NoOp, NoOp];4
[NoOp, NoOp, NoOp, NoOp, NoOp, NoOp, NoOp, NoOp];5
[NoOp, NoOp, NoOp, NoOp, NoOp, NoOp, NoOp, NoOp];4
[NoOp, NoOp, NoOp, NoOp, NoOp, NoOp, NoOp, NoOp];5
[NoOp, NoOp, NoOp, NoOp, NoOp, NoOp, NoOp, NoOp];4
[Move(E), Move(E), NoOp, NoOp, NoOp, NoOp, NoOp, NoOp];415
[NoOp, NoOp, NoOp, NoOp, NoOp, NoOp, NoOp, NoOp];4
[NoOp, NoOp, NoOp, NoOp, NoOp, NoOp, NoOp, NoOp];4
[NoOp, NoOp, NoOp, NoOp, NoOp, NoOp, NoOp, NoOp];3
[NoOp, NoOp, NoOp, NoOp, NoOp, NoOp, NoOp, NoOp];4
[NoOp, NoOp, NoOp, NoOp, NoOp, NoOp, NoOp, NoOp];4
[NoOp, NoOp, NoOp, NoOp, NoOp, NoOp, NoOp, NoOp];4
[NoOp, NoOp, NoOp, NoOp, NoOp, NoOp, NoOp, NoOp];4
[NoOp, NoOp, NoOp, NoOp, NoOp, NoOp, NoOp, NoOp];3
[NoOp, NoOp, NoOp, NoOp, NoOp, NoOp, NoOp, NoOp];3
[NoOp, NoOp, NoOp, NoOp, NoOp, NoOp, NoOp, NoOp];3
[NoOp, NoOp, NoOp, NoOp, NoOp, NoOp, NoOp, NoOp];4
[Move(S), Move(W), NoOp, NoOp, NoOp, NoOp, NoOp, NoOp];403
[NoOp, NoOp, NoOp, NoOp, NoOp, NoOp, NoOp, NoOp];4
[NoOp, NoOp, NoOp, NoOp, NoOp, NoOp, NoOp, NoOp];7
[NoOp, NoOp, NoOp, NoOp, NoOp, NoOp, NoOp, NoOp];6
[NoOp, NoOp, NoOp, NoOp, NoOp, NoOp, NoOp, NoOp];5
[NoOp, NoOp, NoOp, NoOp, NoOp, NoOp, NoOp, NoOp];6
[NoOp, NoOp, NoOp, NoOp, NoOp, NoOp, NoOp, NoOp];6
[NoOp, NoOp, NoOp, NoOp, NoOp, NoOp, NoOp, NoOp];4
[NoOp, NoOp, NoOp, NoOp, NoOp, NoOp, NoOp, NoOp];6
[NoOp, NoOp, NoOp, NoOp, NoOp, NoOp, NoOp, NoOp];4
[NoOp, NoOp, NoOp, NoOp, NoOp, NoOp, NoOp, NoOp];3
[NoOp, NoOp, NoOp, NoOp, NoOp, NoOp, NoOp, NoOp];4
[NoOp, NoOp, NoOp, NoOp, NoOp, NoOp, NoOp, NoOp];407
[NoOp, NoOp, NoOp, NoOp, NoOp, NoOp, NoOp, NoOp];4
[NoOp, NoOp, NoOp, NoOp, NoOp, NoOp, NoOp, NoOp];4
[NoOp, NoOp, NoOp, NoOp, NoOp, NoOp, NoOp, NoOp];5
[NoOp, NoOp, NoOp, NoOp, NoOp, NoOp, NoOp, NoOp];4
[NoOp, NoOp, NoOp, NoOp, NoOp, NoOp, NoOp, NoOp];4
[NoOp, NoOp, NoOp, NoOp, NoOp, NoOp, NoOp, NoOp];4
[NoOp, NoOp, NoOp, NoOp, NoOp, NoOp, NoOp, NoOp];3
[NoOp, NoOp, NoOp, NoOp, NoOp, NoOp, NoOp, NoOp];4
[NoOp, NoOp, NoOp, NoOp, NoOp, NoOp, NoOp, NoOp];4
[NoOp, NoOp, NoOp, NoOp, NoOp, NoOp, NoOp, NoOp];4
[Move(S), Move(E), NoOp, NoOp, NoOp, NoOp, NoOp, NoOp];411
[NoOp, NoOp, NoOp, NoOp, NoOp, NoOp, NoOp, NoOp];4
[NoOp, NoOp, NoOp, NoOp, NoOp, NoOp, NoOp, NoOp];4
[NoOp, NoOp, NoOp, NoOp, NoOp, NoOp, NoOp, NoOp];6
[NoOp, NoOp, NoOp, NoOp, NoOp, NoOp, NoOp, NoOp];4
[NoOp, NoOp, NoOp, NoOp, NoOp, NoOp, NoOp, NoOp];4
[NoOp, NoOp, NoOp, NoOp, NoOp, NoOp, NoOp, NoOp];4
[NoOp, NoOp, NoOp, NoOp, NoOp, NoOp, NoOp, NoOp];4
[NoOp, NoOp, NoOp, NoOp, NoOp, NoOp, NoOp, NoOp];4
[NoOp, NoOp, NoOp, NoOp, NoOp, NoOp, NoOp, NoOp];4
[NoOp, NoOp, NoOp, NoOp, NoOp, NoOp, NoOp, NoOp];5
[NoOp, NoOp, NoOp, NoOp, NoOp, NoOp, NoOp, NoOp];3
[NoOp, NoOp, NoOp, NoOp, NoOp, NoOp, NoOp, NoOp];404
[NoOp, NoOp, NoOp, NoOp, NoOp, NoOp, NoOp, NoOp];6
[NoOp, NoOp, NoOp, NoOp, NoOp, NoOp, NoOp, NoOp];7
[NoOp, NoOp, NoOp, NoOp, NoOp, NoOp, NoOp, NoOp];5
[NoOp, NoOp, NoOp, NoOp, NoOp, NoOp, NoOp, NoOp];3
[NoOp, NoOp, NoOp, NoOp, NoOp, NoOp, NoOp, NoOp];4
[NoOp, NoOp, NoOp, NoOp, NoOp, NoOp, NoOp, NoOp];4
[NoOp, NoOp, NoOp, NoOp, NoOp, NoOp, NoOp, NoOp];4
[NoOp, NoOp, NoOp, NoOp, NoOp, NoOp, NoOp, NoOp];4
[NoOp, NoOp, NoOp, NoOp, NoOp, NoOp, NoOp, NoOp];4
[NoOp, NoOp, NoOp, NoOp, NoOp, NoOp, NoOp, NoOp];3
[Move(S), Move(E), NoOp, NoOp, NoOp, NoOp, NoOp, NoOp];401
[NoOp, NoOp, NoOp, NoOp, NoOp, NoOp, NoOp, NoOp];4
[NoOp, NoOp, NoOp, NoOp, NoOp, NoOp, NoOp, NoOp];4
[NoOp, Move(E), NoOp, NoOp, NoOp, NoOp, NoOp, NoOp];4
[NoOp, Move(E), NoOp, NoOp, NoOp, NoOp, NoOp, NoOp];4
[NoOp, Move(E), NoOp, NoOp, NoOp, NoOp, NoOp, NoOp];4
[NoOp, NoOp, NoOp, NoOp, NoOp, NoOp, NoOp, NoOp];4
[NoOp, Move(W), NoOp, NoOp, NoOp, NoOp, NoOp, NoOp];7
[NoOp, Move(W), NoOp, NoOp, NoOp, NoOp, NoOp, NoOp];10
[NoOp, Move(W), NoOp, NoOp, NoOp, NoOp, NoOp, NoOp];1
[NoOp, Move(W), NoOp, NoOp, NoOp, NoOp, NoOp, NoOp];8
[NoOp, Move(W), NoOp, NoOp, NoOp, NoOp, NoOp, NoOp];2
[NoOp, Move(W), NoOp, NoOp, NoOp, NoOp, NoOp, NoOp];6
[NoOp, Move(W), NoOp, NoOp, NoOp, NoOp, NoOp, NoOp];4
[NoOp, Move(W), NoOp, NoOp, NoOp, NoOp, NoOp, NoOp];4
[NoOp, Move(W), NoOp, NoOp, NoOp, NoOp, NoOp, NoOp];3
[NoOp, Move(W), NoOp, NoOp, NoOp, NoOp, NoOp, NoOp];5
[NoOp, Move(W), NoOp, NoOp, NoOp, NoOp, NoOp, NoOp];4
[NoOp, Move(W), NoOp, NoOp, NoOp, NoOp, NoOp, NoOp];4
[NoOp, Move(W), NoOp, NoOp, NoOp, NoOp, NoOp, NoOp];4
[NoOp, NoOp, NoOp, NoOp, NoOp, NoOp, NoOp, NoOp];4
[NoOp, NoOp, NoOp, NoOp, NoOp, NoOp, NoOp, NoOp];4
[NoOp, NoOp, NoOp, NoOp, NoOp, NoOp, NoOp, NoOp];4
[NoOp, NoOp, NoOp, NoOp, NoOp, NoOp, NoOp, NoOp];4
[NoOp, NoOp, NoOp, NoOp, NoOp, NoOp, NoOp, NoOp];3
[NoOp, NoOp, NoOp, NoOp, NoOp, NoOp, NoOp, NoOp];4
[NoOp, NoOp, NoOp, NoOp, NoOp, NoOp, NoOp, NoOp];4
[NoOp, NoOp, NoOp, NoOp, NoOp, NoOp, NoOp, NoOp];4
[NoOp, NoOp, NoOp, NoOp, NoOp, NoOp, NoOp, NoOp];5
[NoOp, NoOp, NoOp, NoOp, NoOp, NoOp, NoOp, NoOp];3
[NoOp, NoOp, NoOp, NoOp, NoOp, NoOp, NoOp, NoOp];4
[Move(S), Pull(S,W), NoOp, NoOp, NoOp, NoOp, NoOp, NoOp];406
[NoOp, NoOp, NoOp, NoOp, NoOp, NoOp, NoOp, NoOp];9
[NoOp, NoOp, NoOp, NoOp, NoOp, NoOp, NoOp, NoOp];4
[NoOp, NoOp, NoOp, NoOp, NoOp, NoOp, NoOp, NoOp];5
[NoOp, NoOp, NoOp, NoOp, NoOp, NoOp, NoOp, NoOp];4
[NoOp, NoOp, NoOp, NoOp, NoOp, NoOp, NoOp, NoOp];3
[NoOp, NoOp, NoOp, NoOp, NoOp, NoOp, NoOp, NoOp];4
[NoOp, NoOp, NoOp, NoOp, NoOp, NoOp, NoOp, NoOp];4
[NoOp, NoOp, NoOp, NoOp, NoOp, NoOp, NoOp, NoOp];4
[NoOp, NoOp, NoOp, NoOp, NoOp, NoOp, NoOp, NoOp];3
[NoOp, NoOp, NoOp, NoOp, NoOp, NoOp, NoOp, NoOp];4
[NoOp, NoOp, NoOp, NoOp, NoOp, NoOp, NoOp, NoOp];4
[Move(S), Push(N,E), NoOp, NoOp, NoOp, NoOp, NoOp, NoOp];406
[NoOp, NoOp, NoOp, NoOp, NoOp, NoOp, NoOp, NoOp];3
[NoOp, Push(E,E), NoOp, NoOp, NoOp, NoOp, NoOp, NoOp];5
[NoOp, Push(E,E), NoOp, NoOp, NoOp, NoOp, NoOp, NoOp];3
[NoOp, Push(E,E), NoOp, NoOp, NoOp, NoOp, NoOp, NoOp];4
[NoOp, Push(E,E), NoOp, NoOp, NoOp, NoOp, NoOp, NoOp];7
[NoOp, Push(E,E), NoOp, NoOp, NoOp, NoOp, NoOp, NoOp];4
[NoOp, Push(E,E), NoOp, NoOp, NoOp, NoOp, NoOp, NoOp];7
[NoOp, Push(E,E), NoOp, NoOp, NoOp, NoOp, NoOp, NoOp];5
[NoOp, Push(E,E), NoOp, NoOp, NoOp, NoOp, NoOp, NoOp];4
[NoOp, Push(E,E), NoOp, NoOp, NoOp, NoOp, NoOp, NoOp];4
[NoOp, Push(E,E), NoOp, NoOp, NoOp, NoOp, NoOp, NoOp];3
[NoOp, Push(E,E), NoOp, NoOp, NoOp, NoOp, NoOp, NoOp];8
[NoOp, Push(E,E), NoOp, NoOp, NoOp, NoOp, NoOp, NoOp];4
[NoOp, Push(E,E), NoOp, NoOp, NoOp, NoOp, NoOp, NoOp];3
[NoOp, Pull(W,E), NoOp, NoOp, NoOp, NoOp, NoOp, NoOp];7
[NoOp, Pull(W,E), NoOp, NoOp, NoOp, NoOp, NoOp, NoOp];4
[NoOp, Pull(W,E), NoOp, NoOp, NoOp, NoOp, NoOp, NoOp];3
[NoOp, Pull(W,E), NoOp, NoOp, NoOp, NoOp, NoOp, NoOp];3
[NoOp, Pull(W,E), NoOp, NoOp, NoOp, NoOp, NoOp, NoOp];5
[NoOp, Pull(W,E), NoOp, NoOp, NoOp, NoOp, NoOp, NoOp];4
[NoOp, Pull(W,E), NoOp, NoOp, NoOp, NoOp, NoOp, NoOp];4
[NoOp, Pull(W,E), NoOp, NoOp, NoOp, NoOp, NoOp, NoOp];4
[NoOp, Pull(W,E), NoOp, NoOp, NoOp, NoOp, NoOp, NoOp];4
[NoOp, Pull(W,E), NoOp, NoOp, NoOp, NoOp, NoOp, NoOp];4
[NoOp, Pull(W,E), NoOp, NoOp, NoOp, NoOp, NoOp, NoOp];4
[NoOp, Pull(W,E), NoOp, NoOp, NoOp, NoOp, NoOp, NoOp];5
[NoOp, Pull(W,E), NoOp, NoOp, NoOp, NoOp, NoOp, NoOp];4
[NoOp, Pull(S,E), NoOp, NoOp, NoOp, NoOp, NoOp, NoOp];4
[NoOp, NoOp, NoOp, NoOp, NoOp, NoOp, NoOp, NoOp];3
[NoOp, Push(N,W), NoOp, NoOp, NoOp, NoOp, NoOp, NoOp];4
[NoOp, NoOp, NoOp, NoOp, NoOp, NoOp, NoOp, NoOp];11
[NoOp, Pull(N,W), NoOp, NoOp, NoOp, NoOp, NoOp, NoOp];5
[NoOp, NoOp, NoOp, NoOp, NoOp, NoOp, NoOp, NoOp];7
[NoOp, NoOp, NoOp, NoOp, NoOp, NoOp, NoOp, NoOp];4
[NoOp, NoOp, NoOp, NoOp, NoOp, NoOp, NoOp, NoOp];4
[NoOp, NoOp, NoOp, NoOp, NoOp, NoOp, NoOp, NoOp];3
[NoOp, NoOp, NoOp, NoOp, NoOp, NoOp, NoOp, NoOp];4
[NoOp, NoOp, NoOp, NoOp, NoOp, NoOp, NoOp, NoOp];4
[NoOp, NoOp, NoOp, NoOp, NoOp, NoOp, NoOp, NoOp];4
[NoOp, NoOp, NoOp, NoOp, NoOp, NoOp, NoOp, NoOp];7
[NoOp, NoOp, NoOp, NoOp, NoOp, NoOp, NoOp, NoOp];3
[NoOp, NoOp, NoOp, NoOp, NoOp, NoOp, NoOp, NoOp];3
[NoOp, NoOp, NoOp, NoOp, NoOp, NoOp, NoOp, NoOp];3
[Move(S), Push(S,E), NoOp, NoOp, NoOp, NoOp, NoOp, NoOp];420
[NoOp, NoOp, NoOp, NoOp, NoOp, NoOp, NoOp, NoOp];4
[NoOp, NoOp, NoOp, NoOp, NoOp, NoOp, NoOp, NoOp];4
[NoOp, NoOp, NoOp, NoOp, NoOp, NoOp, NoOp, NoOp];4
[NoOp, NoOp, NoOp, NoOp, NoOp, NoOp, NoOp, NoOp];4
[NoOp, NoOp, NoOp, NoOp, NoOp, NoOp, NoOp, NoOp];4
[NoOp, NoOp, NoOp, NoOp, NoOp, NoOp, NoOp, NoOp];6
[NoOp, NoOp, NoOp, NoOp, NoOp, NoOp, NoOp, NoOp];4
[NoOp, NoOp, NoOp, NoOp, NoOp, NoOp, NoOp, NoOp];5
[NoOp, NoOp, NoOp, NoOp, NoOp, NoOp, NoOp, NoOp];6
[NoOp, NoOp, NoOp, NoOp, NoOp, NoOp, NoOp, NoOp];6
[NoOp, NoOp, NoOp, NoOp, NoOp, NoOp, NoOp, NoOp];4
[Move(S), Push(E,N), NoOp, NoOp, NoOp, NoOp, NoOp, NoOp];404
[NoOp, NoOp, NoOp, NoOp, NoOp, NoOp, NoOp, NoOp];4
[NoOp, Push(N,W), NoOp, NoOp, NoOp, NoOp, NoOp, NoOp];3
[NoOp, NoOp, NoOp, NoOp, NoOp, NoOp, NoOp, NoOp];6
[NoOp, NoOp, NoOp, NoOp, NoOp, NoOp, NoOp, NoOp];5
[NoOp, NoOp, NoOp, NoOp, NoOp, NoOp, NoOp, NoOp];4
[NoOp, NoOp, NoOp, NoOp, NoOp, NoOp, NoOp, NoOp];8
[NoOp, NoOp, NoOp, NoOp, NoOp, NoOp, NoOp, NoOp];4
[NoOp, NoOp, NoOp, NoOp, NoOp, NoOp, NoOp, NoOp];3
[NoOp, NoOp, NoOp, NoOp, NoOp, NoOp, NoOp, NoOp];4
[NoOp, NoOp, NoOp, NoOp, NoOp, NoOp, NoOp, NoOp];3
[NoOp, NoOp, NoOp, NoOp, NoOp, NoOp, NoOp, NoOp];5
[NoOp, NoOp, NoOp, NoOp, NoOp, NoOp, NoOp, NoOp];4
[NoOp, NoOp, NoOp, NoOp, NoOp, NoOp, NoOp, NoOp];6
[Move(W), Pull(S,W), NoOp, NoOp, NoOp, NoOp, NoOp, NoOp];415
[NoOp, NoOp, NoOp, NoOp, NoOp, NoOp, NoOp, NoOp];3
[NoOp, NoOp, NoOp, NoOp, NoOp, NoOp, NoOp, NoOp];3
[NoOp, NoOp, NoOp, NoOp, NoOp, NoOp, NoOp, NoOp];5
[NoOp, NoOp, NoOp, NoOp, NoOp, NoOp, NoOp, NoOp];4
[NoOp, NoOp, NoOp, NoOp, NoOp, NoOp, NoOp, NoOp];3
[NoOp, NoOp, NoOp, NoOp, NoOp, NoOp, NoOp, NoOp];4
[NoOp, NoOp, NoOp, NoOp, NoOp, NoOp, NoOp, NoOp];5
[NoOp, NoOp, NoOp, NoOp, NoOp, NoOp, NoOp, NoOp];4
[NoOp, NoOp, NoOp, NoOp, NoOp, NoOp, NoOp, NoOp];4
[NoOp, NoOp, NoOp, NoOp, NoOp, NoOp, NoOp, NoOp];4
[NoOp, NoOp, NoOp, NoOp, NoOp, NoOp, NoOp, NoOp];4
[Move(W), Push(N,W), NoOp, NoOp, NoOp, NoOp, NoOp, NoOp];411
[NoOp, NoOp, NoOp, NoOp, NoOp, NoOp, NoOp, NoOp];5
[NoOp, NoOp, NoOp, NoOp, NoOp, NoOp, NoOp, NoOp];6
[NoOp, NoOp, NoOp, NoOp, NoOp, NoOp, NoOp, NoOp];3
[NoOp, NoOp, NoOp, NoOp, NoOp, NoOp, NoOp, NoOp];4
[NoOp, NoOp, NoOp, NoOp, NoOp, NoOp, NoOp, NoOp];3
[NoOp, NoOp, NoOp, NoOp, NoOp, NoOp, NoOp, NoOp];4
[NoOp, NoOp, NoOp, NoOp, NoOp, NoOp, NoOp, NoOp];3
[NoOp, NoOp, NoOp, NoOp, NoOp, NoOp, NoOp, NoOp];4
[NoOp, NoOp, NoOp, NoOp, NoOp, NoOp, NoOp, NoOp];3
[NoOp, NoOp, NoOp, NoOp, NoOp, NoOp, NoOp, NoOp];4
[NoOp, NoOp, NoOp, NoOp, NoOp, NoOp, NoOp, NoOp];4
[Move(W), NoOp, NoOp, NoOp, NoOp, NoOp, NoOp, NoOp];407
[NoOp, NoOp, NoOp, NoOp, NoOp, NoOp, NoOp, NoOp];4
[NoOp, NoOp, NoOp, NoOp, NoOp, NoOp, NoOp, NoOp];4
[NoOp, NoOp, NoOp, NoOp, NoOp, NoOp, NoOp, NoOp];3
[NoOp, NoOp, NoOp, NoOp, NoOp, NoOp, NoOp, NoOp];4
[NoOp, NoOp, NoOp, NoOp, NoOp, NoOp, NoOp, NoOp];5
[NoOp, NoOp, NoOp, NoOp, NoOp, NoOp, NoOp, NoOp];6
[NoOp, NoOp, NoOp, NoOp, NoOp, NoOp, NoOp, NoOp];7
[NoOp, NoOp, NoOp, NoOp, NoOp, NoOp, NoOp, NoOp];4
[NoOp, NoOp, NoOp, NoOp, NoOp, NoOp, NoOp, NoOp];8
[NoOp, NoOp, NoOp, NoOp, NoOp, NoOp, NoOp, NoOp];5
[NoOp, NoOp, NoOp, NoOp, NoOp, NoOp, NoOp, NoOp];6
[Move(W), Pull(N,W), NoOp, NoOp, NoOp, NoOp, NoOp, NoOp];0
[NoOp, NoOp, NoOp, NoOp, NoOp, NoOp, NoOp, NoOp];0
7fc5e7d35350dea89c07427290f1f3fd428ed496
unsuccessful
44598
1329
da334df44541d5be9c4e567ec7ee58fcc87c21d4
1495033762281
