red: 0,A,E
green: 1,B
cyan: 2,C,D
+++++++++++++++++++++++++++++++++
+0    +               1         +
+ + + +++++++++++++++++++ + + + +
+ a B +         c   +   b     A +
+ + + + +++++++++++++++++ + + + +
+             2C                +
+++ +++++++++++++++++++++++++ +++
+++             Dd            +++
+++ +++++++++++++++++++++++++ +++
+++             eE            +++
+++ +++++++++++++++++++++++++ +++
+++             Bb            +++
+++ +++++++++++++++++++++++++ +++
+++             Bb            +++
+++ +++++++++++++++++++++++++ +++
+++             Bb            +++
+++++++++++++++++++++++++++++++++

[Move(S), Move(E), Pull(W,E)];1048
[Move(S), Move(E), Pull(W,E)];0
[Move(E), Move(E), Pull(W,E)];1
[Move(E), Move(E), Pull(W,E)];0
[Move(S), Move(E), Pull(W,E)];0
[Move(S), Move(S), Pull(W,E)];0
[Move(S), Move(S), Pull(W,E)];0
[Move(S), Move(S), Pull(W,E)];1
[Move(S), Move(S), NoOp];3
[Move(S), NoOp, Push(E,N)];6
[Move(E), Move(E), NoOp];10
[Move(E), NoOp, Push(N,N)];4
[Move(E), NoOp, NoOp];0
[Move(E), NoOp, Push(N,E)];2
[Move(E), NoOp, NoOp];0
[Move(E), NoOp, Push(E,E)];2
[Move(E), NoOp, Push(E,E)];1
[Move(E), NoOp, Push(E,E)];0
[Move(E), NoOp, Push(E,E)];0
[Move(E), NoOp, Push(E,E)];0
[Move(E), NoOp, Push(E,E)];0
[Move(E), NoOp, Push(E,E)];1
[Move(E), NoOp, Push(E,E)];0
[Push(E,E), NoOp, NoOp];0
[Push(E,E), NoOp, Move(W)];4
[Push(E,E), NoOp, Move(W)];0
[Push(E,E), NoOp, Move(W)];0
[Push(E,E), NoOp, Move(W)];1
[Push(E,E), NoOp, Move(W)];0
[Push(E,E), NoOp, Move(W)];0
[Push(E,E), NoOp, Move(W)];0
[Push(E,E), NoOp, Move(W)];0
[Push(E,E), NoOp, NoOp];0
[Push(E,E), NoOp, Move(S)];3
[Push(E,E), NoOp, Move(S)];0
[Push(E,N), NoOp, NoOp];0
[NoOp, NoOp, Move(W)];2
[Push(N,N), NoOp, Move(W)];0
[Push(N,W), NoOp, Move(W)];0
[Move(N), NoOp, NoOp];0
[Move(N), NoOp, NoOp];0
[Move(N), NoOp, NoOp];0
[Move(N), NoOp, NoOp];0
[NoOp, NoOp, NoOp];0
[Pull(N,E), NoOp, NoOp];0
[NoOp, NoOp, NoOp];0
[Push(S,S), NoOp, NoOp];0
[Push(S,S), NoOp, NoOp];0
[Push(S,S), NoOp, NoOp];0
[Push(S,S), NoOp, NoOp];1
[Push(S,S), NoOp, NoOp];0
[Push(S,S), NoOp, NoOp];0
[NoOp, NoOp, NoOp];0
[Push(S,W), NoOp, NoOp];0
[NoOp, NoOp, NoOp];0
[Push(W,W), Move(E), NoOp];4
[Push(W,W), NoOp, NoOp];1
[Push(W,W), Move(S), NoOp];9
[Push(W,W), Move(S), NoOp];0
[Push(W,W), Move(S), NoOp];0
[Push(W,W), Move(S), NoOp];0
[Push(W,W), Move(S), NoOp];0
[Push(W,W), Move(S), NoOp];0
[Push(W,W), NoOp, NoOp];0
[Push(W,W), Move(W), NoOp];7
[Push(W,W), Move(W), NoOp];0
[Push(W,W), Move(W), NoOp];0
[Push(W,W), Move(W), NoOp];0
[Push(W,W), Move(W), NoOp];0
[Push(W,W), Move(W), NoOp];6
[Push(W,W), Move(W), NoOp];0
[Push(W,W), Move(W), NoOp];0
[Push(W,W), Move(W), NoOp];0
[Push(W,W), Move(W), NoOp];0
[Push(W,W), Move(W), NoOp];0
[Push(W,W), Move(W), NoOp];0
[Push(W,W), NoOp, NoOp];0
[Push(W,W), Pull(E,W), NoOp];8
[Push(W,W), Pull(E,W), NoOp];1
[Push(W,W), Pull(E,W), NoOp];0
[Push(W,N), Pull(E,W), NoOp];1
[Push(N,N), Pull(E,W), NoOp];0
[Push(N,N), Pull(E,W), NoOp];1
[Push(N,N), Pull(E,W), NoOp];0
[Push(N,N), Pull(E,W), NoOp];1
[Push(N,N), Pull(E,W), NoOp];0
[Push(N,W), Pull(E,W), Move(W)];1
[Move(N), Pull(E,W), NoOp];8
[Move(N), Pull(E,W), Move(S)];2
[Move(E), Pull(S,W), Move(S)];0
[Move(E), Push(N,N), NoOp];0
[Move(S), NoOp, Move(E)];1
[Move(S), NoOp, Move(E)];0
[Move(S), NoOp, Move(E)];0
[Move(S), NoOp, Move(E)];0
[Move(E), NoOp, Move(E)];0
[Move(E), NoOp, Move(E)];0
[Move(E), NoOp, Move(E)];0
[Move(E), NoOp, Move(E)];0
[Move(E), NoOp, Move(E)];0
[Move(E), NoOp, Move(E)];0
[Move(E), NoOp, Move(E)];0
[Move(E), NoOp, Move(E)];1
[Move(E), NoOp, NoOp];0
[Move(E), NoOp, Push(E,E)];0
[Move(E), NoOp, NoOp];0
[Move(E), NoOp, NoOp];0
[Move(E), NoOp, NoOp];0
[Move(E), NoOp, NoOp];1
[Move(E), NoOp, NoOp];1
[Move(E), NoOp, NoOp];0
[Move(E), NoOp, NoOp];0
[Move(E), NoOp, NoOp];1
[Move(E), NoOp, NoOp];0
[Move(E), NoOp, NoOp];1
[Move(E), NoOp, NoOp];0
[Move(E), NoOp, NoOp];0
[Move(E), NoOp, NoOp];1
[Move(E), NoOp, NoOp];0
[NoOp, NoOp, NoOp];1
[Move(S), NoOp, NoOp];0
[Move(S), NoOp, NoOp];1
[NoOp, NoOp, NoOp];0
[Pull(N,W), NoOp, NoOp];0
[NoOp, NoOp, NoOp];0
[Push(S,S), NoOp, NoOp];0
[Push(S,S), NoOp, NoOp];0
[NoOp, NoOp, NoOp];0
[Push(S,W), NoOp, NoOp];1
[NoOp, NoOp, NoOp];0
[Push(W,W), NoOp, NoOp];7
[Push(W,W), NoOp, NoOp];6
[Push(W,W), Push(N,N), NoOp];5
[Push(W,W), Push(N,N), NoOp];1
[Push(W,W), Push(N,N), NoOp];2
[Push(W,W), Push(N,N), NoOp];1
[Push(W,W), Push(N,N), NoOp];0
[Push(W,W), Push(N,N), NoOp];0
[Push(W,W), Push(N,N), NoOp];1
[Push(W,W), NoOp, NoOp];1
[Push(W,W), Push(N,W), NoOp];3
[Push(W,W), NoOp, NoOp];3
[NoOp, Push(W,W), NoOp];2
[NoOp, Push(W,W), NoOp];0
[NoOp, Push(W,W), NoOp];0
[NoOp, Push(W,W), NoOp];2
[NoOp, NoOp, NoOp];1
[NoOp, Pull(N,W), NoOp];8
[NoOp, NoOp, NoOp];0
[NoOp, Push(S,E), NoOp];8
[NoOp, NoOp, NoOp];1
[NoOp, Push(E,E), NoOp];6
[NoOp, Push(E,E), NoOp];0
[NoOp, Push(E,E), NoOp];0
[NoOp, NoOp, NoOp];1
[NoOp, Push(E,S), NoOp];4
[NoOp, NoOp, NoOp];0
[NoOp, Push(S,S), NoOp];3
[NoOp, Push(S,S), NoOp];0
[NoOp, Push(S,S), NoOp];1
[NoOp, Push(S,S), NoOp];0
[NoOp, Push(S,S), NoOp];0
[NoOp, Push(S,S), NoOp];0
[NoOp, Push(S,S), NoOp];0
[NoOp, NoOp, NoOp];0
[NoOp, Push(S,W), NoOp];3
[NoOp, NoOp, NoOp];0
[NoOp, Push(W,W), NoOp];1
[NoOp, Push(W,W), NoOp];0
[NoOp, Push(W,W), NoOp];3
[NoOp, Push(W,W), NoOp];0
[NoOp, Push(W,W), NoOp];0
[NoOp, Push(W,W), NoOp];0
[NoOp, Push(W,W), NoOp];0
[NoOp, Push(W,W), NoOp];0
[NoOp, Push(W,W), NoOp];0
[NoOp, Push(W,W), NoOp];0
[NoOp, Push(W,W), NoOp];0
[NoOp, Push(W,W), NoOp];19
[NoOp, Push(W,W), NoOp];4
[NoOp, Push(W,W), NoOp];0
[NoOp, Push(W,W), NoOp];1
[NoOp, Push(W,W), NoOp];0
[NoOp, Push(W,W), NoOp];1
[NoOp, Push(W,W), NoOp];1
[NoOp, Push(W,W), NoOp];0
[NoOp, Push(W,W), NoOp];1
[NoOp, Push(W,W), NoOp];0
[NoOp, Push(W,W), NoOp];0
[NoOp, Push(W,W), NoOp];8
[NoOp, Push(W,W), NoOp];0
[NoOp, Push(W,W), NoOp];1
[NoOp, NoOp, NoOp];0
[NoOp, Push(W,S), NoOp];0
[NoOp, NoOp, NoOp];0
[NoOp, Move(N), NoOp];7
[NoOp, Move(N), NoOp];0
[NoOp, Move(N), NoOp];0
[NoOp, Move(N), NoOp];0
[NoOp, Move(N), NoOp];0
[NoOp, Move(N), NoOp];0
[NoOp, Move(N), NoOp];0
[NoOp, Move(N), NoOp];0
[NoOp, NoOp, NoOp];0
[NoOp, Pull(N,E), NoOp];8
[NoOp, NoOp, NoOp];0
[NoOp, Push(S,S), NoOp];4
[NoOp, Push(S,S), NoOp];0
[NoOp, Push(S,S), NoOp];0
[NoOp, Push(S,S), NoOp];0
[NoOp, Push(S,S), NoOp];1
[NoOp, Push(S,S), NoOp];3
[NoOp, Push(S,S), NoOp];0
[NoOp, Push(S,S), NoOp];0
[NoOp, NoOp, NoOp];1
[NoOp, Push(S,E), NoOp];3
[NoOp, NoOp, NoOp];0
[NoOp, Push(E,E), NoOp];2
[NoOp, Push(E,E), NoOp];4
[NoOp, Push(E,E), NoOp];0
[NoOp, Push(E,E), NoOp];1
[NoOp, Push(E,E), NoOp];0
[NoOp, Push(E,E), NoOp];0
[NoOp, Push(E,E), NoOp];0
[NoOp, Push(E,E), NoOp];1
[NoOp, Push(E,E), NoOp];0
[NoOp, Push(E,E), NoOp];1
[NoOp, Push(E,E), NoOp];0
[NoOp, Push(E,E), NoOp];1
[NoOp, Push(E,E), NoOp];0
[NoOp, Move(W), NoOp];7
[NoOp, Move(W), NoOp];1
[NoOp, Move(W), NoOp];0
[NoOp, Move(W), NoOp];0
[NoOp, Move(W), NoOp];0
[NoOp, Move(W), NoOp];0
[NoOp, Move(W), NoOp];0
[NoOp, Move(W), NoOp];0
[NoOp, Move(W), NoOp];1
[NoOp, Move(W), NoOp];0
[NoOp, Move(W), NoOp];1
[NoOp, Move(W), NoOp];0
[NoOp, Move(W), NoOp];0
[NoOp, NoOp, NoOp];0
[NoOp, Pull(E,S), NoOp];6
[NoOp, NoOp, NoOp];1
[NoOp, Push(W,N), NoOp];5
[NoOp, NoOp, NoOp];1
[NoOp, Push(N,N), NoOp];5
[NoOp, Push(N,N), NoOp];0
[NoOp, Push(N,N), NoOp];1
[NoOp, Push(N,N), NoOp];0
[NoOp, Push(N,N), NoOp];1
[NoOp, NoOp, NoOp];0
[NoOp, Push(N,E), NoOp];5
[NoOp, NoOp, NoOp];0
[NoOp, Push(E,E), NoOp];4
[NoOp, Push(E,E), NoOp];0
[NoOp, Push(E,E), NoOp];0
[NoOp, Push(E,E), NoOp];0
[NoOp, Push(E,E), NoOp];0
[NoOp, Push(E,E), NoOp];0
[NoOp, Push(E,E), NoOp];0
[NoOp, Push(E,E), NoOp];0
[NoOp, Push(E,E), NoOp];0
[NoOp, Push(E,E), NoOp];0
[NoOp, Push(E,E), NoOp];0
[NoOp, Push(E,E), NoOp];0
[NoOp, Push(E,E), NoOp];1
[NoOp, Push(E,E), NoOp];0
[NoOp, Push(E,E), NoOp];1
[NoOp, Push(E,E), NoOp];0
[NoOp, Push(E,E), NoOp];1
[NoOp, Push(E,E), NoOp];0
[NoOp, Push(E,E), NoOp];0
[NoOp, Push(E,E), NoOp];0
[NoOp, Push(E,E), NoOp];0
[NoOp, NoOp, NoOp];1
[NoOp, Push(E,N), NoOp];1
[NoOp, NoOp, NoOp];0
[NoOp, Push(N,N), NoOp];1
[NoOp, NoOp, NoOp];1
[NoOp, Push(N,W), NoOp];0
[NoOp, NoOp, NoOp];375
[NoOp, Pull(N,W), NoOp];292
[NoOp, NoOp, NoOp];0
[NoOp, Push(S,E), NoOp];262
[NoOp, NoOp, NoOp];1
[NoOp, Push(E,E), NoOp];241
[NoOp, Push(E,E), NoOp];0
[NoOp, Push(E,E), NoOp];0
[NoOp, NoOp, NoOp];0
[NoOp, Push(E,S), NoOp];197
[NoOp, NoOp, NoOp];0
[NoOp, Push(S,S), NoOp];194
[NoOp, Push(S,S), NoOp];0
[NoOp, Push(S,S), NoOp];0
[NoOp, Push(S,S), NoOp];0
[NoOp, Push(S,S), NoOp];0
[NoOp, Push(S,S), NoOp];0
[NoOp, Push(S,S), NoOp];0
[NoOp, Push(S,S), NoOp];0
[NoOp, NoOp, NoOp];0
[NoOp, Pull(W,S), NoOp];42
[NoOp, NoOp, NoOp];0
[NoOp, Pull(W,E), NoOp];32
[NoOp, Pull(W,E), NoOp];0
[NoOp, Pull(W,E), NoOp];0
[NoOp, Pull(W,E), NoOp];0
[NoOp, Pull(W,E), NoOp];0
[NoOp, Pull(W,E), NoOp];0
[NoOp, Pull(W,E), NoOp];0
[NoOp, Pull(W,E), NoOp];0
[NoOp, Pull(W,E), NoOp];0
[NoOp, Pull(W,E), NoOp];0
[NoOp, NoOp, NoOp];0
[NoOp, Push(W,W), NoOp];0
[NoOp, NoOp, NoOp];0
[NoOp, Push(W,W), NoOp];2
[NoOp, Move(E), NoOp];0
[NoOp, Move(E), NoOp];0
[NoOp, NoOp, NoOp];0
[NoOp, Pull(W,E), NoOp];0
[NoOp, Pull(W,E), NoOp];0
[NoOp, NoOp, NoOp];7
[NoOp, Push(W,W), NoOp];8
[NoOp, Push(W,W), NoOp];0
[NoOp, Push(W,W), NoOp];0
[NoOp, Push(W,W), NoOp];0
[NoOp, Push(W,W), NoOp];0
[NoOp, Push(W,W), NoOp];0
[NoOp, Push(W,W), NoOp];0
[NoOp, Push(W,W), NoOp];0
[NoOp, Push(W,W), NoOp];0
[NoOp, Push(W,W), NoOp];0
[NoOp, Push(W,W), NoOp];0
[NoOp, Push(W,W), NoOp];0
[NoOp, NoOp, NoOp];0
[NoOp, Push(W,N), NoOp];0
[NoOp, NoOp, NoOp];1
[NoOp, Push(N,N), NoOp];2
[NoOp, Push(N,N), NoOp];0
[NoOp, Push(N,N), NoOp];0
[NoOp, Push(N,N), NoOp];0
[NoOp, Push(N,N), NoOp];0
[NoOp, NoOp, NoOp];0
[NoOp, Push(N,E), NoOp];0
[NoOp, NoOp, NoOp];0
[NoOp, Push(E,E), NoOp];0
[NoOp, Push(E,E), NoOp];0
[NoOp, Push(E,E), NoOp];0
[NoOp, Push(E,E), NoOp];0
[NoOp, Push(E,E), NoOp];0
[NoOp, Push(E,E), NoOp];0
[NoOp, Push(E,E), NoOp];0
[NoOp, Push(E,E), NoOp];0
[NoOp, Push(E,E), NoOp];0
[NoOp, Push(E,E), NoOp];0
[NoOp, Push(E,E), NoOp];0
[NoOp, Push(E,E), NoOp];0
[NoOp, Push(E,E), NoOp];0
[NoOp, Push(E,E), NoOp];0
[NoOp, Push(E,E), NoOp];0
[NoOp, Push(E,E), NoOp];0
[NoOp, Push(E,E), NoOp];0
[NoOp, Push(E,E), NoOp];0
[NoOp, Push(E,E), NoOp];0
[NoOp, Push(E,E), NoOp];0
[NoOp, Push(E,E), NoOp];0
[NoOp, NoOp, NoOp];0
[NoOp, Push(E,N), NoOp];0
[NoOp, NoOp, NoOp];0
[NoOp, Push(N,N), NoOp];0
[NoOp, NoOp, NoOp];0
[NoOp, Push(N,W), NoOp];0
[NoOp, NoOp, NoOp];231
[NoOp, Pull(E,W), NoOp];224
[NoOp, NoOp, NoOp];0
[NoOp, Push(W,S), NoOp];232
[NoOp, NoOp, NoOp];0
[NoOp, Push(S,S), NoOp];231
[NoOp, NoOp, NoOp];0
[NoOp, Push(S,E), NoOp];201
[NoOp, NoOp, NoOp];0
[NoOp, Push(E,E), NoOp];186
[NoOp, Push(E,E), NoOp];0
[NoOp, Push(E,E), NoOp];0
[NoOp, NoOp, NoOp];0
[NoOp, Push(E,S), NoOp];164
[NoOp, NoOp, NoOp];0
[NoOp, Push(S,S), NoOp];151
[NoOp, Push(S,S), NoOp];1
[NoOp, Push(S,S), NoOp];0
[NoOp, Push(S,S), NoOp];0
[NoOp, Push(S,S), NoOp];0
[NoOp, Push(S,S), NoOp];0
[NoOp, NoOp, NoOp];0
[NoOp, Pull(W,S), NoOp];41
[NoOp, NoOp, NoOp];0
[NoOp, Pull(W,E), NoOp];37
[NoOp, Pull(W,E), NoOp];0
[NoOp, Pull(W,E), NoOp];0
[NoOp, Pull(W,E), NoOp];0
[NoOp, Pull(W,E), NoOp];0
[NoOp, Pull(W,E), NoOp];0
[NoOp, Pull(W,E), NoOp];0
[NoOp, Pull(W,E), NoOp];0
[NoOp, Pull(W,E), NoOp];0
[NoOp, Pull(W,E), NoOp];0
[NoOp, NoOp, NoOp];0
[NoOp, Push(W,W), NoOp];3
[NoOp, NoOp, NoOp];0
[NoOp, Move(E), NoOp];3
[NoOp, NoOp, NoOp];0
[NoOp, Pull(W,E), NoOp];2
[NoOp, NoOp, NoOp];0
[NoOp, Push(W,W), NoOp];0
[NoOp, NoOp, NoOp];0
[NoOp, Move(E), NoOp];0
[NoOp, NoOp, NoOp];0
[NoOp, Pull(W,E), NoOp];0
[NoOp, NoOp, NoOp];7
[NoOp, Push(W,W), NoOp];6
[NoOp, Push(W,W), NoOp];0
[NoOp, Push(W,W), NoOp];0
[NoOp, Push(W,W), NoOp];0
[NoOp, Push(W,W), NoOp];0
[NoOp, Push(W,W), NoOp];0
[NoOp, Push(W,W), NoOp];0
[NoOp, Push(W,W), NoOp];0
[NoOp, Push(W,W), NoOp];0
[NoOp, Push(W,W), NoOp];0
[NoOp, Push(W,W), NoOp];0
[NoOp, Push(W,W), NoOp];0
[NoOp, NoOp, NoOp];0
[NoOp, Push(W,S), NoOp];6
[NoOp, NoOp, NoOp];0
[NoOp, Push(S,S), NoOp];3
[NoOp, Push(S,S), NoOp];0
[NoOp, NoOp, NoOp];0
[NoOp, Move(E), NoOp];2
[NoOp, Move(E), NoOp];0
[NoOp, Move(E), NoOp];0
[NoOp, Move(E), NoOp];0
[NoOp, Move(E), NoOp];0
[NoOp, Move(E), NoOp];0
[NoOp, Move(E), NoOp];0
[NoOp, Move(E), NoOp];0
[NoOp, Move(E), NoOp];0
[NoOp, Move(E), NoOp];0
[NoOp, Move(E), NoOp];0
[NoOp, Move(E), NoOp];0
[NoOp, NoOp, NoOp];0
[NoOp, Push(E,E), NoOp];4
[NoOp, Push(E,E), NoOp];0
[NoOp, Push(E,E), NoOp];0
[NoOp, Push(E,E), NoOp];0
[NoOp, Push(E,E), NoOp];0
[NoOp, Push(E,E), NoOp];0
[NoOp, Push(E,E), NoOp];0
[NoOp, Push(E,E), NoOp];0
[NoOp, Push(E,E), NoOp];0
[NoOp, Push(E,E), NoOp];0
[NoOp, Push(E,E), NoOp];0
[NoOp, Push(E,E), NoOp];0
[NoOp, Push(E,E), NoOp];0
[NoOp, NoOp, NoOp];0
[NoOp, Push(E,N), NoOp];4
[NoOp, NoOp, NoOp];0
[NoOp, Push(N,N), NoOp];0
[NoOp, Push(N,N), NoOp];0
[NoOp, Push(N,N), NoOp];0
[NoOp, Push(N,N), NoOp];0
[NoOp, Push(N,N), NoOp];0
[NoOp, Push(N,N), NoOp];0
[NoOp, Push(N,N), NoOp];0
[NoOp, NoOp, NoOp];0
[NoOp, Push(N,W), NoOp];0
[NoOp, NoOp, NoOp];0
[NoOp, Push(W,W), NoOp];0
[NoOp, Push(W,W), NoOp];0
[NoOp, Push(W,W), NoOp];0
[NoOp, NoOp, NoOp];0
[NoOp, Push(W,N), NoOp];0
[NoOp, NoOp, NoOp];0
[NoOp, Push(N,N), NoOp];0
[NoOp, NoOp, NoOp];0
[NoOp, Push(N,W), NoOp];0
[NoOp, NoOp, NoOp];0
[NoOp, Pull(N,W), NoOp];3
[NoOp, NoOp, NoOp];0
[NoOp, Push(S,E), NoOp];2
[NoOp, NoOp, NoOp];0
[NoOp, Push(E,E), NoOp];3
[NoOp, Push(E,E), NoOp];0
[NoOp, Push(E,E), NoOp];0
[NoOp, NoOp, NoOp];0
[NoOp, Push(E,S), NoOp];1
[NoOp, NoOp, NoOp];0
[NoOp, Push(S,S), NoOp];1
[NoOp, Push(S,S), NoOp];0
[NoOp, Push(S,S), NoOp];0
[NoOp, Push(S,S), NoOp];0
[NoOp, Push(S,S), NoOp];0
[NoOp, Push(S,S), NoOp];0
[NoOp, Push(S,S), NoOp];0
[NoOp, Push(S,S), NoOp];1
[NoOp, Push(S,S), NoOp];0
[NoOp, NoOp, NoOp];0
[NoOp, Push(S,W), NoOp];0
[NoOp, NoOp, NoOp];0
[NoOp, Push(W,W), NoOp];1
[NoOp, Push(W,W), NoOp];0
[NoOp, Push(W,W), NoOp];0
[NoOp, Push(W,W), NoOp];0
[NoOp, Push(W,W), NoOp];0
[NoOp, Push(W,W), NoOp];0
[NoOp, Push(W,W), NoOp];0
[NoOp, Push(W,W), NoOp];0
[NoOp, Push(W,W), NoOp];0
[NoOp, Push(W,W), NoOp];0
[NoOp, Push(W,W), NoOp];0
[NoOp, Push(W,W), NoOp];11
[NoOp, Push(W,W), NoOp];1
[NoOp, Push(W,W), NoOp];0
[NoOp, Push(W,W), NoOp];0
[NoOp, Push(W,W), NoOp];0
[NoOp, Push(W,W), NoOp];0
[NoOp, Push(W,W), NoOp];0
[NoOp, Push(W,W), NoOp];0
[NoOp, Push(W,W), NoOp];0
[NoOp, Push(W,W), NoOp];0
[NoOp, Push(W,W), NoOp];0
[NoOp, Push(W,W), NoOp];0
[NoOp, Push(W,W), NoOp];0
[NoOp, Push(W,W), NoOp];0
[NoOp, NoOp, NoOp];0
[NoOp, Push(W,N), NoOp];4
[NoOp, NoOp, NoOp];0
[NoOp, Pull(E,S), NoOp];10
[NoOp, NoOp, NoOp];0
[NoOp, Pull(E,W), NoOp];7
[NoOp, Pull(E,W), NoOp];0
[NoOp, Pull(E,W), NoOp];0
[NoOp, Pull(E,W), NoOp];0
[NoOp, Pull(E,W), NoOp];0
[NoOp, Pull(E,W), NoOp];0
[NoOp, Pull(E,W), NoOp];0
[NoOp, Pull(E,W), NoOp];0
[NoOp, Pull(E,W), NoOp];0
[NoOp, Pull(E,W), NoOp];0
[NoOp, Pull(E,W), NoOp];0
[NoOp, Pull(E,W), NoOp];0
[NoOp, Pull(E,W), NoOp];0
[NoOp, Pull(E,W), NoOp];0
[NoOp, Pull(E,W), NoOp];0
[NoOp, Pull(E,W), NoOp];1
[NoOp, Pull(E,W), NoOp];0
[NoOp, Pull(E,W), NoOp];0
[NoOp, Pull(E,W), NoOp];0
[NoOp, Pull(E,W), NoOp];0
[NoOp, Pull(E,W), NoOp];0
[NoOp, Pull(E,W), NoOp];0
[NoOp, Pull(E,W), NoOp];0
[NoOp, Pull(E,W), NoOp];0
[NoOp, Pull(E,W), NoOp];0
[NoOp, NoOp, NoOp];0
[NoOp, Pull(S,W), NoOp];0
[NoOp, NoOp, NoOp];0
[NoOp, Push(N,N), NoOp];1
[NoOp, Push(N,N), NoOp];0
[NoOp, Push(N,N), NoOp];0
[NoOp, Push(N,N), NoOp];0
[NoOp, Push(N,N), NoOp];0
[NoOp, Push(N,N), NoOp];0
[NoOp, Push(N,N), NoOp];0
[NoOp, Push(N,N), NoOp];0
[NoOp, Push(N,N), NoOp];0
[NoOp, Push(N,N), NoOp];0
[NoOp, NoOp, NoOp];0
[NoOp, Push(N,W), NoOp];0
[NoOp, NoOp, NoOp];0
[NoOp, Push(W,W), NoOp];1
[NoOp, Push(W,W), NoOp];0
[NoOp, Push(W,W), NoOp];0
[NoOp, Push(W,W), NoOp];0
[NoOp, NoOp, NoOp];249
[NoOp, Pull(N,W), NoOp];228
[NoOp, NoOp, NoOp];0
[NoOp, Push(S,S), NoOp];226
[NoOp, Push(S,S), NoOp];0
[NoOp, NoOp, NoOp];0
[NoOp, Push(S,E), NoOp];209
[NoOp, NoOp, NoOp];0
[NoOp, Push(E,E), NoOp];201
[NoOp, Push(E,E), NoOp];0
[NoOp, Push(E,E), NoOp];0
[NoOp, NoOp, NoOp];0
[NoOp, Push(E,S), NoOp];153
[NoOp, NoOp, NoOp];0
[NoOp, Push(S,S), NoOp];135
[NoOp, Push(S,S), NoOp];0
[NoOp, Push(S,S), NoOp];0
[NoOp, Push(S,S), NoOp];0
[NoOp, Push(S,S), NoOp];0
[NoOp, Push(S,S), NoOp];0
[NoOp, NoOp, NoOp];0
[NoOp, Pull(W,S), NoOp];40
[NoOp, NoOp, NoOp];0
[NoOp, Pull(W,E), NoOp];39
[NoOp, Pull(W,E), NoOp];0
[NoOp, Pull(W,E), NoOp];0
[NoOp, Pull(W,E), NoOp];0
[NoOp, Pull(W,E), NoOp];0
[NoOp, Pull(W,E), NoOp];0
[NoOp, Pull(W,E), NoOp];0
[NoOp, Pull(W,E), NoOp];0
[NoOp, Pull(W,E), NoOp];0
[NoOp, Pull(W,E), NoOp];0
[NoOp, NoOp, NoOp];0
[NoOp, Push(W,W), NoOp];0
[NoOp, Push(W,W), NoOp];0
[NoOp, Move(E), NoOp];0
[NoOp, Move(E), NoOp];0
[NoOp, NoOp, NoOp];0
[NoOp, Pull(W,E), NoOp];0
[NoOp, Pull(W,E), NoOp];0
[NoOp, NoOp, NoOp];0
[NoOp, Push(W,W), NoOp];6
[NoOp, Push(W,W), NoOp];0
[NoOp, Push(W,W), NoOp];0
[NoOp, Push(W,W), NoOp];0
[NoOp, Push(W,W), NoOp];0
[NoOp, Push(W,W), NoOp];0
[NoOp, Push(W,W), NoOp];0
[NoOp, Push(W,W), NoOp];0
[NoOp, Push(W,W), NoOp];0
[NoOp, Push(W,W), NoOp];0
[NoOp, Push(W,W), NoOp];0
[NoOp, Push(W,W), NoOp];0
[NoOp, NoOp, NoOp];0
[NoOp, Push(W,N), NoOp];1
[NoOp, NoOp, NoOp];0
[NoOp, Push(N,N), NoOp];2
[NoOp, Push(N,N), NoOp];0
[NoOp, Push(N,N), NoOp];0
[NoOp, Push(N,N), NoOp];0
[NoOp, Push(N,N), NoOp];0
[NoOp, NoOp, NoOp];0
[NoOp, Push(N,E), NoOp];2
[NoOp, NoOp, NoOp];0
[NoOp, Push(E,E), NoOp];1
[NoOp, Push(E,E), NoOp];0
[NoOp, Push(E,E), NoOp];0
[NoOp, Push(E,E), NoOp];0
[NoOp, Push(E,E), NoOp];0
[NoOp, Push(E,E), NoOp];0
[NoOp, Push(E,E), NoOp];0
[NoOp, Push(E,E), NoOp];0
[NoOp, Push(E,E), NoOp];0
[NoOp, Push(E,E), NoOp];0
[NoOp, Push(E,E), NoOp];0
[NoOp, Push(E,E), NoOp];0
[NoOp, Push(E,E), NoOp];0
[NoOp, Push(E,E), NoOp];0
[NoOp, Push(E,E), NoOp];0
[NoOp, Push(E,E), NoOp];0
[NoOp, Push(E,E), NoOp];0
[NoOp, Push(E,E), NoOp];0
[NoOp, Push(E,E), NoOp];0
[NoOp, Push(E,E), NoOp];0
[NoOp, Push(E,E), NoOp];0
[NoOp, NoOp, NoOp];0
[NoOp, Push(E,N), NoOp];0
[NoOp, NoOp, NoOp];0
[NoOp, Push(N,N), NoOp];0
[NoOp, NoOp, NoOp];0
[NoOp, Push(N,W), NoOp];0
[NoOp, NoOp, NoOp];229
[NoOp, Pull(E,W), NoOp];240
[NoOp, NoOp, NoOp];0
[NoOp, Push(W,S), NoOp];229
[NoOp, NoOp, NoOp];0
[NoOp, Push(S,S), NoOp];203
[NoOp, NoOp, NoOp];0
[NoOp, Push(S,E), NoOp];202
[NoOp, NoOp, NoOp];0
[NoOp, Push(E,E), NoOp];193
[NoOp, Push(E,E), NoOp];0
[NoOp, Push(E,E), NoOp];0
[NoOp, NoOp, NoOp];0
[NoOp, Push(E,S), NoOp];168
[NoOp, NoOp, NoOp];0
[NoOp, Push(S,S), NoOp];136
[NoOp, Push(S,S), NoOp];0
[NoOp, Push(S,S), NoOp];0
[NoOp, Push(S,S), NoOp];0
[NoOp, Push(S,S), NoOp];1
[NoOp, Push(S,S), NoOp];0
[NoOp, NoOp, NoOp];0
[NoOp, Pull(W,S), NoOp];39
[NoOp, NoOp, NoOp];0
[NoOp, Pull(W,E), NoOp];35
[NoOp, Pull(W,E), NoOp];0
[NoOp, Pull(W,E), NoOp];0
[NoOp, Pull(W,E), NoOp];0
[NoOp, Pull(W,E), NoOp];0
[NoOp, Pull(W,E), NoOp];0
[NoOp, Pull(W,E), NoOp];0
[NoOp, Pull(W,E), NoOp];0
[NoOp, Pull(W,E), NoOp];0
[NoOp, Pull(W,E), NoOp];0
[NoOp, NoOp, NoOp];0
[NoOp, Push(W,W), NoOp];3
[NoOp, Push(W,W), NoOp];0
[NoOp, Move(E), NoOp];0
[NoOp, Move(E), NoOp];0
[NoOp, NoOp, NoOp];0
[NoOp, Pull(W,E), NoOp];0
[NoOp, Pull(W,E), NoOp];0
[NoOp, NoOp, NoOp];8
[NoOp, Push(W,W), NoOp];6
[NoOp, Push(W,W), NoOp];0
[NoOp, Push(W,W), NoOp];0
[NoOp, Push(W,W), NoOp];0
[NoOp, Push(W,W), NoOp];0
[NoOp, Push(W,W), NoOp];0
[NoOp, Push(W,W), NoOp];0
[NoOp, Push(W,W), NoOp];0
[NoOp, Push(W,W), NoOp];0
[NoOp, Push(W,W), NoOp];0
[NoOp, Push(W,W), NoOp];0
[NoOp, Push(W,W), NoOp];0
[NoOp, NoOp, NoOp];0
[NoOp, Push(W,N), NoOp];1
[NoOp, NoOp, NoOp];0
[NoOp, Push(S,S), NoOp];1
[NoOp, NoOp, NoOp];0
[NoOp, Push(S,E), NoOp];3
[NoOp, NoOp, NoOp];0
[NoOp, Move(S), NoOp];1
[NoOp, Move(S), NoOp];0
[NoOp, NoOp, NoOp];0
[NoOp, Move(E), NoOp];1
[NoOp, Move(E), NoOp];0
[NoOp, Move(E), NoOp];0
[NoOp, Move(E), NoOp];0
[NoOp, Move(E), NoOp];0
[NoOp, Move(E), NoOp];0
[NoOp, Move(E), NoOp];0
[NoOp, Move(E), NoOp];0
[NoOp, Move(E), NoOp];0
[NoOp, Move(E), NoOp];0
[NoOp, Move(E), NoOp];0
[NoOp, Move(E), NoOp];0
[NoOp, NoOp, NoOp];0
[NoOp, Push(E,E), NoOp];0
[NoOp, Move(W), NoOp];8
[NoOp, Move(W), NoOp];0
[NoOp, Move(W), NoOp];0
[NoOp, Move(W), NoOp];0
[NoOp, Move(W), NoOp];0
[NoOp, Move(W), NoOp];0
[NoOp, Move(W), NoOp];0
[NoOp, Move(W), NoOp];0
[NoOp, Move(W), NoOp];0
[NoOp, Move(W), NoOp];0
[NoOp, Move(W), NoOp];0
[NoOp, Move(W), NoOp];0
[NoOp, Move(W), NoOp];0
[NoOp, NoOp, NoOp];0
[NoOp, Move(N), NoOp];6
[NoOp, Move(N), NoOp];0
[NoOp, NoOp, NoOp];0
[NoOp, Push(E,E), NoOp];8
[NoOp, Push(E,E), NoOp];0
[NoOp, Push(E,E), NoOp];0
[NoOp, Push(E,E), NoOp];0
[NoOp, Push(E,E), NoOp];0
[NoOp, Push(E,E), NoOp];0
[NoOp, Push(E,E), NoOp];0
[NoOp, Push(E,E), NoOp];0
[NoOp, Push(E,E), NoOp];0
[NoOp, Push(E,E), NoOp];0
[NoOp, Push(E,E), NoOp];1
[NoOp, Push(E,E), NoOp];0
[NoOp, Push(E,E), NoOp];0
[NoOp, Push(E,E), NoOp];0
[NoOp, Push(E,E), NoOp];0
[NoOp, Push(E,E), NoOp];0
[NoOp, Push(E,E), NoOp];0
[NoOp, Push(E,E), NoOp];0
[NoOp, Push(E,E), NoOp];0
[NoOp, Push(E,E), NoOp];0
[NoOp, Push(E,E), NoOp];0
[NoOp, Push(E,E), NoOp];0
[NoOp, Push(E,E), NoOp];0
[NoOp, Push(E,E), NoOp];0
[NoOp, Push(E,E), NoOp];0
[NoOp, NoOp, NoOp];0
[NoOp, Push(E,N), NoOp];1
[NoOp, NoOp, NoOp];0
[NoOp, Push(N,N), NoOp];2
[NoOp, Push(N,N), NoOp];0
[NoOp, Push(N,N), NoOp];1
[NoOp, Push(N,N), NoOp];0
[NoOp, Push(N,N), NoOp];0
[NoOp, Push(N,N), NoOp];0
[NoOp, Push(N,N), NoOp];0
[NoOp, NoOp, NoOp];0
[NoOp, Push(N,W), NoOp];1
[NoOp, NoOp, NoOp];0
[NoOp, Push(W,W), NoOp];0
[NoOp, NoOp, NoOp];0
[NoOp, Push(W,W), NoOp];0
[NoOp, Push(W,W), NoOp];0
[NoOp, NoOp, NoOp];0
[NoOp, Push(W,N), NoOp];0
[NoOp, NoOp, NoOp];0
[NoOp, Push(N,N), NoOp];0
[NoOp, NoOp, NoOp];0
[NoOp, Push(N,W), NoOp];0
[NoOp, Move(S), NoOp];2
[NoOp, Move(S), NoOp];0
[NoOp, NoOp, NoOp];0
[NoOp, Move(W), NoOp];2
[NoOp, Move(W), NoOp];0
[NoOp, Move(W), NoOp];0
[NoOp, Move(W), NoOp];0
[NoOp, Move(W), NoOp];0
[NoOp, Move(W), NoOp];0
[NoOp, Move(W), NoOp];0
[NoOp, Move(W), NoOp];0
[NoOp, Move(W), NoOp];0
[NoOp, Move(W), NoOp];0
[NoOp, Move(W), NoOp];0
[NoOp, Move(W), NoOp];0
[NoOp, Move(W), NoOp];0
[NoOp, Move(W), NoOp];0
[NoOp, Move(W), NoOp];0
[NoOp, Move(W), NoOp];0
[NoOp, Move(W), NoOp];0
[NoOp, Move(W), NoOp];0
[NoOp, Move(W), NoOp];0
[NoOp, Move(W), NoOp];0
[NoOp, Move(W), NoOp];0
[NoOp, Move(W), NoOp];0
[NoOp, NoOp, NoOp];0
[NoOp, Move(S), NoOp];1
[NoOp, Move(S), NoOp];0
[NoOp, Move(S), NoOp];0
[NoOp, Move(S), NoOp];1
[NoOp, NoOp, NoOp];0
[NoOp, Push(S,S), NoOp];1
[NoOp, Push(S,S), NoOp];0
[NoOp, Push(S,S), NoOp];0
[NoOp, NoOp, NoOp];0
[NoOp, Push(S,E), NoOp];1
[NoOp, NoOp, NoOp];0
[NoOp, Push(E,E), NoOp];0
[NoOp, Push(E,E), NoOp];1
[NoOp, Push(E,E), NoOp];0
[NoOp, Push(E,E), NoOp];0
[NoOp, Push(E,E), NoOp];0
[NoOp, Push(E,E), NoOp];0
[NoOp, Push(E,E), NoOp];0
[NoOp, Push(E,E), NoOp];0
[NoOp, Push(E,E), NoOp];0
[NoOp, Push(E,E), NoOp];0
[NoOp, Push(E,E), NoOp];0
[NoOp, Push(E,E), NoOp];0
[NoOp, Push(E,E), NoOp];0
328dd3d80fc500db0cccdbf10bf522e688f35675
successful
8014
872
bc8aea46337169016da96d68b1272a4f0db785cc
1495034362635
