red: 0,I
green: 1,W
yellow: 2,N
blue: 3,B
++++++++++++++++++++++++++
+0     1     2     3     +
+  I     W     N     B   +
+                        +
+BRiNG+POwER+RAnGERS+bACK+
++++++++++++++++++++++++++

[Move(E), Move(E), Move(S), Move(E)];298
[Move(E), Move(E), Move(E), Move(S)];1
[Push(S,S), Push(S,S), Push(E,S), NoOp];4
[Push(S,S), Push(S,S), NoOp, Push(E,S)];4
[NoOp, NoOp, Push(S,S), NoOp];1
[NoOp, NoOp, NoOp, Push(S,S)];1
fde005d0d4904aa16b0e68a269ccd6d34457ce9e
successful
309
6
950db4c7b13066b3ffefb1901a6f92d652d7b48d
1495034370846
