red: 0,B,C,D,E
green: 1,A,F,G,H,I,J
++++++++++++
+     fghij+
+  0  ++++++
+     FGHIJ+
+A+E+a++++++
+B+ +b+
+C+ +c+
+D+1+d+
+++++++

[Move(S), Move(N)];1456
[Pull(W,S), Move(N)];3
[Move(W), Move(N)];0
[NoOp, NoOp];1
[NoOp, NoOp];4
[NoOp, NoOp];4
[NoOp, NoOp];3
[NoOp, NoOp];3
[NoOp, NoOp];2
[NoOp, NoOp];2
[NoOp, NoOp];2
[NoOp, NoOp];3
[NoOp, NoOp];2
[NoOp, NoOp];2
[NoOp, NoOp];561
[NoOp, NoOp];1
[NoOp, NoOp];1
[NoOp, NoOp];0
[NoOp, NoOp];1
[NoOp, NoOp];0
[NoOp, NoOp];0
[NoOp, NoOp];0
[NoOp, NoOp];1
[NoOp, NoOp];0
[NoOp, NoOp];0
[NoOp, NoOp];829
[NoOp, NoOp];0
[NoOp, NoOp];0
[NoOp, NoOp];0
[NoOp, NoOp];0
[NoOp, NoOp];0
[NoOp, NoOp];0
[NoOp, NoOp];0
[NoOp, NoOp];0
[NoOp, NoOp];0
[NoOp, NoOp];1
[NoOp, NoOp];843
[NoOp, NoOp];0
[NoOp, NoOp];0
[NoOp, NoOp];0
[NoOp, NoOp];0
[NoOp, NoOp];0
[NoOp, NoOp];0
[NoOp, NoOp];0
[NoOp, NoOp];0
[NoOp, NoOp];0
[NoOp, NoOp];0
[NoOp, NoOp];1470
[NoOp, NoOp];0
[NoOp, NoOp];1
[NoOp, NoOp];0
[NoOp, NoOp];1
[NoOp, NoOp];0
[NoOp, NoOp];0
[NoOp, NoOp];1
[NoOp, NoOp];0
[NoOp, NoOp];0
[NoOp, NoOp];0
[NoOp, NoOp];1001
[NoOp, NoOp];1
[NoOp, NoOp];0
[NoOp, NoOp];0
[NoOp, NoOp];1
[NoOp, NoOp];0
[NoOp, NoOp];0
[NoOp, NoOp];0
[NoOp, NoOp];0
[NoOp, NoOp];0
[NoOp, NoOp];0
[NoOp, NoOp];971
[NoOp, NoOp];1
[NoOp, NoOp];0
[NoOp, NoOp];0
[NoOp, NoOp];1
[NoOp, NoOp];0
[NoOp, NoOp];0
[NoOp, NoOp];1
[NoOp, NoOp];0
[NoOp, NoOp];0
[NoOp, NoOp];1
[NoOp, NoOp];712
[NoOp, NoOp];0
[NoOp, NoOp];0
[NoOp, NoOp];0
[NoOp, NoOp];0
[NoOp, NoOp];0
[NoOp, NoOp];0
[NoOp, NoOp];0
[NoOp, NoOp];0
[NoOp, NoOp];0
[NoOp, NoOp];0
[NoOp, NoOp];911
[NoOp, NoOp];0
[NoOp, NoOp];0
[NoOp, NoOp];0
[NoOp, NoOp];0
[NoOp, NoOp];1
[NoOp, NoOp];0
[NoOp, NoOp];0
[NoOp, NoOp];0
[NoOp, NoOp];1
[NoOp, NoOp];0
[NoOp, NoOp];476
[NoOp, NoOp];1
[NoOp, NoOp];0
[NoOp, NoOp];0
[NoOp, NoOp];0
[NoOp, NoOp];0
[NoOp, NoOp];1
[NoOp, NoOp];0
[NoOp, NoOp];1
[NoOp, NoOp];0
[NoOp, NoOp];1
[NoOp, NoOp];460
[NoOp, NoOp];1
[NoOp, NoOp];0
[NoOp, NoOp];0
[NoOp, NoOp];0
[NoOp, NoOp];0
[NoOp, NoOp];0
[NoOp, NoOp];1
[NoOp, NoOp];0
[NoOp, NoOp];0
[NoOp, NoOp];0
[NoOp, NoOp];782
[NoOp, NoOp];1
[NoOp, NoOp];0
[NoOp, NoOp];0
[NoOp, NoOp];1
[NoOp, NoOp];0
[NoOp, NoOp];0
[NoOp, NoOp];1
[NoOp, NoOp];0
[NoOp, NoOp];0
[NoOp, NoOp];0
a4a9e222b70ab32f4a2fa60eec777a68ea0e23ff
unsuccessful
10528
135
03d33e70f43d1d7475ac7d95c9bde910c727dd05
1495034371175
