red: 0,A
green: 1,B
blue: 2,C
yellow: 3,D
orange: 4,E,F,G,H,N
pink: 5,I,J,K,L,M
cyan: 6,Z
magenta: 7,W
++++++++++++
+0 B    C 1+
++++    ++++
+aA       b+
++++    ++++
+2 D      3+
++++++++++++
+i+ N    +e+
+j+      +f+
+k+  M   +g+
+l+ 4  5 +h+
+m       +n+
+          +
+          +
+          +
+ EFGHIJKL +
++++++++++++
+6ZW W W Wz+
++++++ +++++
+    7     +
+          +
+          +
++++++++++++

[Move(E), Move(W), Move(E), Move(W), Move(S), Move(W), NoOp, Move(E)];489
[NoOp, NoOp, NoOp, Move(W), Move(W), Move(S), NoOp, NoOp];3
[NoOp, NoOp, NoOp, Move(W), Move(W), NoOp, NoOp, Move(N)];45
[NoOp, NoOp, NoOp, Move(W), Move(S), NoOp, NoOp, Move(N)];6
[NoOp, NoOp, NoOp, Move(W), Move(S), NoOp, NoOp, NoOp];0
[NoOp, NoOp, NoOp, Move(W), Move(S), NoOp, NoOp, Push(W,W)];0
[NoOp, NoOp, NoOp, Pull(N,W), Move(W), NoOp, NoOp, NoOp];0
[NoOp, NoOp, Move(E), Push(S,E), NoOp, NoOp, NoOp, Move(E)];0
[NoOp, NoOp, NoOp, NoOp, Move(S), NoOp, NoOp, NoOp];19
[NoOp, NoOp, NoOp, Push(E,E), NoOp, NoOp, NoOp, Pull(S,E)];7
[NoOp, NoOp, Move(E), NoOp, Push(E,N), Move(S), NoOp, NoOp];22
[NoOp, NoOp, Move(N), NoOp, Push(N,E), Move(S), NoOp, Push(N,W)];1
[NoOp, NoOp, Move(E), NoOp, Push(E,E), NoOp, NoOp, NoOp];1
[NoOp, NoOp, Move(N), NoOp, Push(E,E), NoOp, NoOp, Move(E)];1
[NoOp, NoOp, Move(N), NoOp, Push(E,E), NoOp, NoOp, Move(E)];1
[NoOp, NoOp, Move(E), NoOp, Push(E,E), NoOp, NoOp, NoOp];0
[NoOp, NoOp, Move(N), NoOp, NoOp, NoOp, NoOp, Pull(W,E)];1
[NoOp, NoOp, Move(E), NoOp, Push(E,N), NoOp, NoOp, Pull(W,E)];7
[NoOp, NoOp, Pull(W,E), NoOp, Push(N,E), Move(S), NoOp, NoOp];11
[NoOp, Move(W), Push(E,S), NoOp, Push(E,E), NoOp, NoOp, Pull(S,E)];1
[NoOp, NoOp, NoOp, NoOp, Push(E,E), Pull(N,S), NoOp, NoOp];13
[NoOp, NoOp, Push(S,S), NoOp, Push(E,N), NoOp, NoOp, Pull(S,N)];5
[NoOp, Move(W), NoOp, NoOp, Push(N,N), Push(S,W), NoOp, NoOp];15
[NoOp, Move(W), NoOp, NoOp, Push(N,N), NoOp, NoOp, Pull(W,N)];3
[NoOp, Move(W), NoOp, NoOp, Push(N,N), Push(W,N), NoOp, NoOp];11
[NoOp, Move(W), NoOp, NoOp, Push(N,N), NoOp, NoOp, Push(E,E)];2
[NoOp, Pull(E,W), NoOp, NoOp, Push(N,N), Push(N,W), NoOp, Push(E,E)];9
[NoOp, Pull(S,W), NoOp, NoOp, NoOp, Push(W,W), NoOp, Move(W)];2
[Move(E), Push(N,E), Push(S,S), NoOp, Move(S), Push(W,W), NoOp, NoOp];21
[Move(E), Push(E,E), NoOp, NoOp, Move(S), Push(W,N), NoOp, Move(N)];1
[Move(S), Push(E,S), NoOp, NoOp, Move(S), Push(N,N), NoOp, Move(N)];5
[Move(S), NoOp, NoOp, NoOp, Move(S), Push(N,W), NoOp, NoOp];2
[Move(W), NoOp, Push(S,W), NoOp, Move(S), NoOp, NoOp, Pull(E,W)];3
[Push(W,W), Push(S,S), NoOp, NoOp, Move(W), Push(W,N), NoOp, NoOp];2
[NoOp, Push(S,E), NoOp, NoOp, Move(W), NoOp, NoOp, Push(W,S)];0
[NoOp, Push(E,E), NoOp, NoOp, Move(W), Push(N,N), NoOp, NoOp];6
[NoOp, Push(E,E), NoOp, NoOp, Move(W), Push(N,N), NoOp, Push(S,S)];0
[NoOp, NoOp, NoOp, NoOp, Move(W), Push(N,N), NoOp, NoOp];1
[NoOp, NoOp, NoOp, NoOp, Move(S), NoOp, NoOp, Push(S,W)];5
[NoOp, NoOp, NoOp, NoOp, Move(W), Move(S), NoOp, Move(N)];24
[NoOp, NoOp, NoOp, NoOp, Move(W), Move(S), NoOp, Move(N)];1
[NoOp, NoOp, NoOp, NoOp, Pull(E,S), Move(S), NoOp, NoOp];2
[NoOp, NoOp, NoOp, NoOp, Pull(E,W), NoOp, NoOp, Move(W)];2
[NoOp, NoOp, NoOp, NoOp, Pull(N,W), Move(E), NoOp, NoOp];15
[NoOp, NoOp, NoOp, NoOp, Push(S,E), Move(E), NoOp, Pull(E,W)];2
[NoOp, NoOp, NoOp, NoOp, Push(E,E), Move(E), NoOp, NoOp];2
[NoOp, NoOp, NoOp, NoOp, Push(E,N), Move(S), NoOp, Pull(S,W)];1
[NoOp, NoOp, NoOp, NoOp, Push(N,E), Move(E), NoOp, NoOp];1
[NoOp, NoOp, NoOp, NoOp, Push(E,E), Move(E), NoOp, Pull(S,N)];3
[NoOp, NoOp, NoOp, NoOp, Push(E,E), Move(E), NoOp, Pull(S,N)];1
[NoOp, NoOp, NoOp, NoOp, Push(E,N), NoOp, NoOp, Pull(S,N)];1
[NoOp, NoOp, NoOp, NoOp, Push(N,N), NoOp, NoOp, Move(E)];5
[NoOp, NoOp, NoOp, NoOp, Push(N,N), NoOp, NoOp, NoOp];1
[NoOp, NoOp, NoOp, NoOp, Push(N,N), NoOp, NoOp, Move(N)];4
[NoOp, NoOp, NoOp, NoOp, Push(N,N), Move(S), NoOp, Move(N)];1
[NoOp, NoOp, NoOp, NoOp, NoOp, Move(S), NoOp, NoOp];0
[NoOp, NoOp, NoOp, NoOp, Move(S), NoOp, NoOp, Move(W)];16
[NoOp, NoOp, NoOp, NoOp, Move(S), Push(S,W), NoOp, NoOp];14
[NoOp, NoOp, NoOp, NoOp, Move(S), NoOp, NoOp, Move(N)];2
[NoOp, NoOp, NoOp, NoOp, Move(W), NoOp, NoOp, Move(N)];0
[NoOp, NoOp, NoOp, NoOp, Move(W), NoOp, NoOp, NoOp];0
[NoOp, NoOp, NoOp, NoOp, Move(S), NoOp, NoOp, Move(W)];1
[NoOp, NoOp, NoOp, NoOp, Move(W), NoOp, NoOp, Move(W)];1
[NoOp, NoOp, NoOp, NoOp, Move(W), NoOp, NoOp, NoOp];0
[NoOp, NoOp, NoOp, NoOp, Move(S), NoOp, NoOp, Pull(E,W)];1
[NoOp, NoOp, NoOp, NoOp, Move(W), NoOp, NoOp, Pull(E,W)];0
[NoOp, NoOp, NoOp, NoOp, Move(W), NoOp, NoOp, Pull(E,W)];1
[NoOp, NoOp, NoOp, NoOp, Pull(W,S), NoOp, NoOp, NoOp];1
[NoOp, NoOp, NoOp, NoOp, NoOp, NoOp, NoOp, Push(W,S)];1
[NoOp, NoOp, NoOp, NoOp, Push(E,N), NoOp, NoOp, NoOp];1
[NoOp, NoOp, NoOp, NoOp, NoOp, NoOp, Push(E,E), Push(S,S)];1
[NoOp, NoOp, NoOp, NoOp, Push(N,E), NoOp, Push(E,E), NoOp];1
[NoOp, NoOp, NoOp, NoOp, Push(E,E), NoOp, Push(E,E), Push(S,E)];0
[NoOp, NoOp, NoOp, NoOp, Push(E,N), NoOp, Push(E,E), NoOp];1
[NoOp, NoOp, NoOp, NoOp, Push(N,E), NoOp, Push(E,E), NoOp];0
[NoOp, NoOp, NoOp, NoOp, Push(E,E), NoOp, Push(E,E), NoOp];0
[NoOp, NoOp, NoOp, NoOp, Push(E,E), NoOp, Push(E,E), NoOp];0
[NoOp, NoOp, NoOp, NoOp, Push(E,E), NoOp, Push(E,E), NoOp];0
[NoOp, NoOp, NoOp, NoOp, Push(E,N), NoOp, NoOp, NoOp];1
[NoOp, NoOp, NoOp, NoOp, NoOp, NoOp, NoOp, NoOp];1
[NoOp, NoOp, NoOp, NoOp, Push(N,N), Push(W,N), NoOp, NoOp];0
[NoOp, NoOp, NoOp, NoOp, Push(N,N), NoOp, NoOp, NoOp];0
[NoOp, NoOp, NoOp, NoOp, NoOp, Push(N,N), NoOp, NoOp];17
[NoOp, NoOp, NoOp, NoOp, Move(S), NoOp, NoOp, NoOp];4
[NoOp, NoOp, NoOp, NoOp, Move(S), NoOp, NoOp, NoOp];1
[NoOp, NoOp, NoOp, NoOp, NoOp, NoOp, NoOp, NoOp];1
[NoOp, NoOp, NoOp, NoOp, Move(W), NoOp, NoOp, NoOp];13
[NoOp, NoOp, NoOp, NoOp, Move(W), NoOp, NoOp, NoOp];1
[NoOp, NoOp, NoOp, NoOp, Move(W), NoOp, NoOp, NoOp];0
[NoOp, NoOp, NoOp, NoOp, Move(W), NoOp, NoOp, NoOp];1
[NoOp, NoOp, NoOp, NoOp, Move(W), NoOp, NoOp, NoOp];0
[NoOp, NoOp, NoOp, NoOp, NoOp, NoOp, NoOp, NoOp];0
[NoOp, NoOp, NoOp, NoOp, Move(S), Push(N,N), NoOp, NoOp];4
[NoOp, NoOp, NoOp, NoOp, Move(S), NoOp, NoOp, NoOp];1
[NoOp, NoOp, NoOp, NoOp, NoOp, Push(N,N), NoOp, NoOp];6
[NoOp, NoOp, NoOp, NoOp, Push(S,E), Push(N,W), NoOp, NoOp];7
[NoOp, NoOp, NoOp, NoOp, Push(E,N), NoOp, NoOp, NoOp];0
[NoOp, NoOp, NoOp, NoOp, NoOp, Push(W,W), NoOp, NoOp];1
[NoOp, NoOp, NoOp, NoOp, Push(N,E), Push(W,W), NoOp, NoOp];4
[NoOp, NoOp, NoOp, NoOp, Push(E,E), Push(W,W), NoOp, NoOp];0
[NoOp, NoOp, NoOp, NoOp, Push(E,E), Push(W,W), NoOp, NoOp];0
[NoOp, NoOp, NoOp, NoOp, Push(E,E), NoOp, NoOp, NoOp];1
[NoOp, NoOp, NoOp, NoOp, Push(E,N), Push(W,N), NoOp, NoOp];1
[NoOp, NoOp, NoOp, NoOp, Push(N,N), NoOp, NoOp, NoOp];1
[NoOp, NoOp, NoOp, NoOp, Push(N,N), Push(N,N), NoOp, NoOp];1
[NoOp, NoOp, NoOp, NoOp, Push(N,N), Push(N,N), NoOp, NoOp];1
[NoOp, NoOp, NoOp, NoOp, NoOp, NoOp, NoOp, NoOp];0
[NoOp, NoOp, NoOp, NoOp, Move(S), Move(S), NoOp, NoOp];27
[NoOp, NoOp, NoOp, NoOp, Move(W), Move(S), NoOp, NoOp];1
[NoOp, NoOp, NoOp, NoOp, Move(W), Move(S), NoOp, NoOp];0
[NoOp, NoOp, NoOp, NoOp, Move(N), Move(E), NoOp, NoOp];1
[NoOp, NoOp, NoOp, NoOp, Move(N), Move(E), NoOp, NoOp];0
[NoOp, NoOp, NoOp, NoOp, Move(N), Move(E), NoOp, NoOp];0
[NoOp, NoOp, NoOp, NoOp, Move(W), Move(S), NoOp, NoOp];1
[NoOp, NoOp, NoOp, NoOp, Move(N), Move(S), NoOp, NoOp];0
[NoOp, NoOp, NoOp, NoOp, Move(W), Move(E), NoOp, NoOp];1
[NoOp, NoOp, NoOp, NoOp, Move(W), Move(S), NoOp, NoOp];0
[NoOp, NoOp, NoOp, NoOp, Move(N), Move(E), NoOp, NoOp];1
[NoOp, NoOp, NoOp, NoOp, Push(W,S), Move(E), NoOp, NoOp];0
[NoOp, NoOp, NoOp, NoOp, Push(S,S), NoOp, NoOp, NoOp];1
[NoOp, NoOp, NoOp, NoOp, Push(S,S), Push(E,N), NoOp, NoOp];11
[NoOp, NoOp, NoOp, NoOp, Push(S,S), NoOp, NoOp, NoOp];0
[NoOp, NoOp, NoOp, NoOp, Push(S,E), Push(N,W), NoOp, NoOp];8
[NoOp, NoOp, NoOp, NoOp, Push(E,E), NoOp, NoOp, NoOp];0
[NoOp, NoOp, NoOp, NoOp, Push(E,S), Push(W,W), NoOp, NoOp];11
[NoOp, NoOp, NoOp, NoOp, Push(S,E), Push(W,W), NoOp, NoOp];1
[NoOp, NoOp, NoOp, NoOp, Push(E,E), Push(W,N), NoOp, NoOp];0
[NoOp, NoOp, NoOp, NoOp, Push(E,E), NoOp, NoOp, NoOp];0
[NoOp, NoOp, NoOp, NoOp, Push(E,E), Push(N,W), NoOp, NoOp];8
[NoOp, NoOp, NoOp, NoOp, Push(E,N), NoOp, NoOp, NoOp];2
[NoOp, NoOp, NoOp, NoOp, NoOp, Push(W,W), NoOp, NoOp];4
[NoOp, NoOp, NoOp, NoOp, NoOp, Push(W,N), NoOp, NoOp];0
[NoOp, NoOp, NoOp, NoOp, NoOp, NoOp, NoOp, NoOp];0
[NoOp, NoOp, NoOp, NoOp, NoOp, Push(N,W), NoOp, NoOp];12
[NoOp, NoOp, NoOp, NoOp, NoOp, NoOp, NoOp, NoOp];0
[NoOp, NoOp, NoOp, NoOp, NoOp, Push(W,W), NoOp, NoOp];0
[NoOp, NoOp, NoOp, NoOp, NoOp, Push(W,N), NoOp, NoOp];0
[NoOp, NoOp, NoOp, NoOp, NoOp, NoOp, NoOp, NoOp];0
[NoOp, NoOp, NoOp, NoOp, NoOp, Push(N,N), NoOp, NoOp];0
[NoOp, NoOp, NoOp, NoOp, NoOp, Push(N,N), NoOp, NoOp];0
[NoOp, NoOp, NoOp, NoOp, NoOp, NoOp, NoOp, NoOp];0
[NoOp, NoOp, NoOp, NoOp, NoOp, Move(S), NoOp, NoOp];11
[NoOp, NoOp, NoOp, NoOp, NoOp, Move(S), NoOp, NoOp];0
[NoOp, NoOp, NoOp, NoOp, NoOp, Move(E), NoOp, NoOp];0
[NoOp, NoOp, NoOp, NoOp, NoOp, Move(E), NoOp, NoOp];5
[NoOp, NoOp, NoOp, NoOp, NoOp, Move(E), NoOp, NoOp];0
[NoOp, NoOp, NoOp, NoOp, NoOp, Move(E), NoOp, NoOp];0
[NoOp, NoOp, NoOp, NoOp, NoOp, Move(E), NoOp, NoOp];0
[NoOp, NoOp, NoOp, NoOp, NoOp, Move(S), NoOp, NoOp];0
[NoOp, NoOp, NoOp, NoOp, NoOp, Move(S), NoOp, NoOp];0
[NoOp, NoOp, NoOp, NoOp, NoOp, Move(E), NoOp, NoOp];0
[NoOp, NoOp, NoOp, NoOp, NoOp, Move(E), NoOp, NoOp];0
[NoOp, NoOp, NoOp, NoOp, NoOp, Move(E), NoOp, NoOp];0
[NoOp, NoOp, NoOp, NoOp, NoOp, NoOp, NoOp, NoOp];0
[NoOp, NoOp, NoOp, NoOp, NoOp, Push(S,W), NoOp, NoOp];14
[NoOp, NoOp, NoOp, NoOp, NoOp, NoOp, NoOp, NoOp];1
[NoOp, NoOp, NoOp, NoOp, NoOp, Push(W,N), NoOp, NoOp];15
[NoOp, NoOp, NoOp, NoOp, NoOp, NoOp, NoOp, NoOp];0
[NoOp, NoOp, NoOp, NoOp, NoOp, Push(N,N), NoOp, NoOp];27
[NoOp, NoOp, NoOp, NoOp, NoOp, Push(N,N), NoOp, NoOp];0
[NoOp, NoOp, NoOp, NoOp, NoOp, Push(N,W), NoOp, NoOp];2
[NoOp, NoOp, NoOp, NoOp, NoOp, NoOp, NoOp, NoOp];0
[NoOp, NoOp, NoOp, NoOp, NoOp, Push(W,W), NoOp, NoOp];23
[NoOp, NoOp, NoOp, NoOp, NoOp, Push(W,W), NoOp, NoOp];0
[NoOp, NoOp, NoOp, NoOp, NoOp, Push(W,W), NoOp, NoOp];1
[NoOp, NoOp, NoOp, NoOp, NoOp, Push(W,W), NoOp, NoOp];0
[NoOp, NoOp, NoOp, NoOp, NoOp, Push(W,N), NoOp, NoOp];0
[NoOp, NoOp, NoOp, NoOp, NoOp, NoOp, NoOp, NoOp];0
[NoOp, NoOp, NoOp, NoOp, NoOp, Push(N,W), NoOp, NoOp];0
[NoOp, NoOp, NoOp, NoOp, NoOp, NoOp, NoOp, NoOp];0
[NoOp, NoOp, NoOp, NoOp, NoOp, Push(W,W), NoOp, NoOp];0
[NoOp, NoOp, NoOp, NoOp, NoOp, NoOp, NoOp, NoOp];0
[NoOp, NoOp, NoOp, NoOp, NoOp, Push(W,N), NoOp, NoOp];0
[NoOp, NoOp, NoOp, NoOp, NoOp, NoOp, NoOp, NoOp];0
[NoOp, NoOp, NoOp, NoOp, NoOp, Move(E), NoOp, NoOp];4
[NoOp, NoOp, NoOp, NoOp, NoOp, Move(E), NoOp, NoOp];0
[NoOp, NoOp, NoOp, NoOp, NoOp, Move(E), NoOp, NoOp];1
[NoOp, NoOp, NoOp, NoOp, NoOp, Move(N), NoOp, NoOp];0
[NoOp, NoOp, NoOp, NoOp, NoOp, Move(N), NoOp, NoOp];0
[NoOp, NoOp, NoOp, NoOp, NoOp, NoOp, NoOp, NoOp];0
[NoOp, NoOp, NoOp, NoOp, NoOp, Push(E,S), NoOp, NoOp];3
[NoOp, NoOp, NoOp, NoOp, NoOp, NoOp, NoOp, NoOp];6
[NoOp, NoOp, NoOp, NoOp, NoOp, Push(S,W), NoOp, NoOp];5
[NoOp, NoOp, NoOp, NoOp, NoOp, NoOp, NoOp, NoOp];0
[NoOp, NoOp, NoOp, NoOp, NoOp, Push(W,W), NoOp, NoOp];1
[NoOp, NoOp, NoOp, NoOp, NoOp, Push(W,S), NoOp, NoOp];0
[NoOp, NoOp, NoOp, NoOp, NoOp, NoOp, NoOp, NoOp];0
[NoOp, NoOp, NoOp, NoOp, NoOp, Push(S,W), NoOp, NoOp];0
[NoOp, NoOp, NoOp, NoOp, NoOp, NoOp, NoOp, NoOp];0
[NoOp, NoOp, NoOp, NoOp, NoOp, Push(W,W), NoOp, NoOp];0
e20c42e74abb015fa067067643fa3e63ce46de6a
successful
1106
190
03c8e0e730c239c074054f3f25684ba2323d9604
1495034695439
