blue: 0,1,7,A,B,T,W
red: 2,9,C,D,G,L
green: 3,8,E,H
magenta: 4,F,U
orange: 5,6,P,S,J
+++++++++++++++++++++++++++++++++++
+a       A+1dD    +a++++  s+   J  +
+         +        C+      +      +
+3        +       +++             +
+         +    A    +    0 +      +
+E        +        2+  WW  +      +
+e        +Bb      c+5WWWWS+     j+
+++++ +++++++ +++ +++++++++++++ +++
++f     C +D       +++e  H +      +
++                  h      +      +
++c    F  +d      E+++     +      +
+++++ +++++++++ ++++++++++++      +
+ d     a   h       +   P  ++++  ++
+   D 4 A         H +6 FFFF+++  +++
+++++++++++++++++++++++++++++ s++++
+t      l  9          e   e+  +++++
+      THE JUNGLE          +     W+
+ 7     h     8    g       + S   w+
+++++++++++++++++++++++++++++++++++

[Move(N), Move(S), Move(N), Move(S), Move(N), Move(N), NoOp, Move(E), Move(W), Move(E)];1157
[Move(E), Move(S), Move(W), Push(S,S), Move(W), Move(E), NoOp, Move(E), Move(W), Move(E)];5
[Move(E), Move(S), Move(W), NoOp, Move(N), Move(N), NoOp, Move(N), Move(W), Move(E)];2
[Move(E), Move(S), Move(N), Move(E), Move(N), Move(E), NoOp, Move(E), Move(W), Move(E)];31
[Move(S), Push(S,E), Move(N), Move(S), Move(E), Move(E), NoOp, Move(E), Move(W), Pull(W,S)];2
[Move(S), NoOp, Move(E), Move(E), Pull(N,E), Move(N), NoOp, Pull(W,E), Move(W), NoOp];4
[Move(S), Move(N), Pull(W,E), Move(E), NoOp, NoOp, NoOp, Pull(W,E), Pull(W,N), Pull(W,E)];42
[Move(E), Move(E), Pull(W,E), Move(E), NoOp, NoOp, NoOp, Pull(W,E), NoOp, Pull(W,E)];3
[Move(E), Move(E), Push(E,S), Move(S), NoOp, NoOp, NoOp, Pull(S,E), NoOp, Pull(W,E)];25
[Move(E), Move(E), Push(S,S), Move(S), NoOp, NoOp, NoOp, Push(N,N), NoOp, NoOp];2
[Move(S), Move(E), Push(S,E), Move(E), NoOp, NoOp, NoOp, Push(N,W), NoOp, NoOp];3
[Move(S), Push(N,N), Push(E,E), Move(E), NoOp, NoOp, NoOp, NoOp, NoOp, NoOp];2
[Move(S), Push(N,N), Push(E,S), NoOp, NoOp, NoOp, NoOp, Push(W,W), Move(N), NoOp];3
[Move(S), NoOp, Push(S,S), Move(S), Pull(N,S), NoOp, NoOp, NoOp, NoOp, NoOp];26
[Move(S), NoOp, Push(S,W), Move(E), Pull(W,S), NoOp, NoOp, NoOp, Move(E), NoOp];23
[Move(S), NoOp, Push(W,W), Move(E), Pull(W,E), NoOp, NoOp, NoOp, Move(N), NoOp];4
[Move(S), NoOp, Push(W,N), Move(E), Pull(S,E), NoOp, NoOp, NoOp, NoOp, NoOp];0
[Move(W), NoOp, Push(N,N), Move(E), NoOp, NoOp, NoOp, NoOp, Move(E), NoOp];0
[Move(S), NoOp, Push(N,N), Move(S), Push(N,W), NoOp, NoOp, NoOp, Move(E), NoOp];3
[Move(W), NoOp, Push(N,W), Move(E), Push(W,W), NoOp, NoOp, NoOp, NoOp, NoOp];7
[Move(S), NoOp, Push(W,N), Move(E), NoOp, NoOp, NoOp, NoOp, Move(S), NoOp];0
[Move(S), NoOp, Push(N,N), Move(E), NoOp, NoOp, NoOp, NoOp, Move(S), NoOp];0
[Move(E), NoOp, Pull(S,N), Move(E), NoOp, NoOp, NoOp, NoOp, NoOp, NoOp];11
[Move(E), NoOp, Pull(E,N), NoOp, NoOp, NoOp, NoOp, NoOp, Move(E), Pull(W,E)];15
[Move(E), NoOp, Push(W,S), Move(S), NoOp, NoOp, NoOp, NoOp, Move(E), NoOp];17
[Push(E,S), NoOp, Push(S,E), Move(S), NoOp, Move(E), NoOp, NoOp, Move(E), Pull(W,E)];4
[NoOp, NoOp, Push(E,E), Move(S), NoOp, Move(E), NoOp, NoOp, Move(E), Pull(W,E)];2
[NoOp, NoOp, Push(E,S), Move(E), NoOp, Move(S), NoOp, NoOp, Move(E), Pull(W,E)];2
[NoOp, NoOp, Push(S,S), Move(E), NoOp, Move(S), NoOp, NoOp, Move(N), NoOp];2
[NoOp, NoOp, Push(S,E), Pull(N,E), NoOp, Pull(N,S), NoOp, NoOp, NoOp, Push(E,E)];13
[NoOp, Push(N,E), Move(W), Push(S,W), NoOp, Pull(N,S), NoOp, NoOp, Push(E,N), Push(E,E)];14
[NoOp, NoOp, Move(N), Push(W,W), NoOp, Pull(W,S), NoOp, NoOp, Push(N,E), Push(E,E)];1
[NoOp, NoOp, Move(N), Push(W,N), NoOp, Push(E,N), NoOp, NoOp, Push(E,E), NoOp];2
[NoOp, NoOp, Move(N), Push(N,W), NoOp, Push(N,N), NoOp, NoOp, Push(E,E), Move(S)];6
[NoOp, NoOp, Move(N), Push(W,W), NoOp, NoOp, NoOp, NoOp, Push(E,E), Move(S)];1
[NoOp, NoOp, Move(N), Push(W,W), NoOp, Move(S), NoOp, NoOp, Push(E,E), NoOp];16
[NoOp, NoOp, Move(W), NoOp, NoOp, Move(E), NoOp, NoOp, Push(E,E), Move(E)];6
[NoOp, NoOp, Move(W), Move(E), NoOp, Move(E), NoOp, NoOp, NoOp, Move(E)];13
648f731f9fc3b4c68f6e65b36a5ca74986bf9e78
unsuccessful
1469
38
08d19ba4579c7a7c8f921dc1bdf84d88d8c7c1d9
1495035300421
