red: 0,A
blue: 1,B
+++++++++++++++++++
+        0        +
+       +++       +
+   ++++ a   ++   +
+       +++       +
+  +++++++++++++  +
+        +        +
+    +  A B  +    +
+                 +
+  ++++++++++++++++
+     ++++++++    +
+   ++   b   ++   +
+       +++       +
+        1        +
+++++++++++++++++++

[Move(W), Move(W)];427
[Move(W), Move(W)];0
[Move(W), NoOp];1
[Move(W), Move(N)];16
[Move(W), Move(W)];0
[Move(S), Move(W)];0
[Move(W), Move(W)];1
[Move(S), Move(W)];0
[Move(W), NoOp];0
[Move(S), Move(W)];10
[Move(S), Move(N)];0
[Move(S), Move(N)];0
[Move(E), Move(N)];0
[Move(E), Move(N)];0
[Move(E), NoOp];0
[Move(E), Move(E)];7
[Move(S), Move(E)];0
[Move(E), Move(E)];0
[Push(E,S), Move(E)];0
[Push(S,E), Move(E)];0
[Push(E,E), NoOp];0
[Push(E,E), NoOp];0
[NoOp, NoOp];0
[Push(E,E), Move(E)];6
[Push(E,E), Move(E)];0
[Push(E,E), Move(N)];0
[Push(E,E), NoOp];0
[Push(E,N), Push(E,S)];13
[Push(N,N), NoOp];0
[Push(N,E), Push(S,W)];8
[Push(E,N), NoOp];0
[NoOp, Push(W,W)];6
[Push(N,N), Push(W,W)];2
[Push(N,W), Push(W,W)];0
[Push(W,W), Push(W,W)];0
[Push(W,W), Push(W,W)];0
[Push(W,W), Push(W,W)];1
[Push(W,N), Push(W,W)];0
[Push(N,W), NoOp];0
[NoOp, Push(W,S)];7
[Push(W,W), NoOp];0
[Push(W,W), Push(S,S)];5
[NoOp, Push(S,S)];0
[NoOp, Push(S,E)];1
[NoOp, NoOp];0
[NoOp, Push(E,S)];4
[NoOp, NoOp];0
[NoOp, Push(S,E)];3
[NoOp, NoOp];1
[NoOp, Push(E,E)];2
[NoOp, Push(E,E)];1
[NoOp, NoOp];0
[NoOp, Push(E,E)];2
[NoOp, Push(E,N)];1
[NoOp, NoOp];0
[NoOp, Push(N,E)];1
[NoOp, NoOp];0
[NoOp, Push(E,E)];1
468f0de550820ea921f1192b0fccf693ad67b8ac
successful
527
58
c622170bbd1d2920e1b62acc1b93f06edb87902f
1495035900482
