red: 0,A
green: 1,2,3,4,5
blue: 6,B
+++++++++++
+6       a+
+++++B+++++
+         +
+ +++3+++ +
+ +     + +
+ + +++ + +
+ + 102 +5+
+ + +++ + +
+ +     + +
+ +++4+++ +
+    A    +
+++++++++++

[NoOp, NoOp, NoOp, NoOp, NoOp, NoOp, NoOp];235
[NoOp, NoOp, NoOp, NoOp, NoOp, NoOp, NoOp];1
[NoOp, NoOp, NoOp, NoOp, NoOp, NoOp, NoOp];0
[NoOp, NoOp, NoOp, NoOp, NoOp, NoOp, NoOp];0
[NoOp, NoOp, NoOp, NoOp, NoOp, NoOp, NoOp];1
[NoOp, NoOp, NoOp, NoOp, NoOp, NoOp, NoOp];0
[NoOp, NoOp, NoOp, NoOp, NoOp, NoOp, NoOp];1
[NoOp, NoOp, NoOp, NoOp, NoOp, NoOp, NoOp];0
[NoOp, NoOp, NoOp, NoOp, NoOp, NoOp, NoOp];1
[NoOp, NoOp, NoOp, NoOp, NoOp, NoOp, NoOp];2
[NoOp, NoOp, NoOp, NoOp, NoOp, NoOp, NoOp];0
[NoOp, NoOp, NoOp, NoOp, NoOp, NoOp, NoOp];11
[NoOp, NoOp, NoOp, NoOp, NoOp, NoOp, NoOp];0
[NoOp, NoOp, NoOp, NoOp, NoOp, NoOp, NoOp];0
[NoOp, NoOp, NoOp, NoOp, NoOp, NoOp, NoOp];0
[NoOp, NoOp, NoOp, NoOp, NoOp, NoOp, NoOp];0
[NoOp, NoOp, NoOp, NoOp, NoOp, NoOp, NoOp];0
[NoOp, NoOp, NoOp, NoOp, NoOp, NoOp, NoOp];0
[NoOp, NoOp, NoOp, NoOp, NoOp, NoOp, NoOp];1
[NoOp, NoOp, NoOp, NoOp, NoOp, NoOp, NoOp];1
[NoOp, NoOp, NoOp, NoOp, NoOp, NoOp, NoOp];0
[NoOp, NoOp, NoOp, NoOp, NoOp, NoOp, NoOp];0
[NoOp, NoOp, NoOp, NoOp, NoOp, NoOp, NoOp];12
[NoOp, NoOp, NoOp, NoOp, NoOp, NoOp, NoOp];0
[NoOp, NoOp, NoOp, NoOp, NoOp, NoOp, NoOp];0
[NoOp, NoOp, NoOp, NoOp, NoOp, NoOp, NoOp];0
[NoOp, NoOp, NoOp, NoOp, NoOp, NoOp, NoOp];0
[NoOp, NoOp, NoOp, NoOp, NoOp, NoOp, NoOp];0
[NoOp, NoOp, NoOp, NoOp, NoOp, NoOp, NoOp];0
[NoOp, NoOp, NoOp, NoOp, NoOp, NoOp, NoOp];0
[NoOp, NoOp, NoOp, NoOp, NoOp, NoOp, NoOp];0
[NoOp, NoOp, NoOp, NoOp, NoOp, NoOp, NoOp];0
[NoOp, NoOp, NoOp, NoOp, NoOp, NoOp, NoOp];0
[NoOp, NoOp, NoOp, NoOp, NoOp, NoOp, NoOp];3
[NoOp, NoOp, NoOp, NoOp, NoOp, NoOp, NoOp];1
[NoOp, NoOp, NoOp, NoOp, NoOp, NoOp, NoOp];0
[NoOp, NoOp, NoOp, NoOp, NoOp, NoOp, NoOp];0
[NoOp, NoOp, NoOp, NoOp, NoOp, NoOp, NoOp];0
[NoOp, NoOp, NoOp, NoOp, NoOp, NoOp, NoOp];0
[NoOp, NoOp, NoOp, NoOp, NoOp, NoOp, NoOp];0
[NoOp, NoOp, NoOp, NoOp, NoOp, NoOp, NoOp];0
[NoOp, NoOp, NoOp, NoOp, NoOp, NoOp, NoOp];0
[NoOp, NoOp, NoOp, NoOp, NoOp, NoOp, NoOp];0
[NoOp, NoOp, NoOp, NoOp, NoOp, NoOp, NoOp];0
[NoOp, NoOp, NoOp, NoOp, NoOp, NoOp, NoOp];2
[NoOp, NoOp, NoOp, NoOp, NoOp, NoOp, NoOp];0
[NoOp, NoOp, NoOp, NoOp, NoOp, NoOp, NoOp];0
[NoOp, NoOp, NoOp, NoOp, NoOp, NoOp, NoOp];0
[NoOp, NoOp, NoOp, NoOp, NoOp, NoOp, NoOp];1
[NoOp, NoOp, NoOp, NoOp, NoOp, NoOp, NoOp];0
[NoOp, NoOp, NoOp, NoOp, NoOp, NoOp, NoOp];0
[NoOp, NoOp, NoOp, NoOp, NoOp, NoOp, NoOp];0
[NoOp, NoOp, NoOp, NoOp, NoOp, NoOp, NoOp];0
[NoOp, NoOp, NoOp, NoOp, NoOp, NoOp, NoOp];0
[NoOp, NoOp, NoOp, NoOp, NoOp, NoOp, NoOp];0
[NoOp, NoOp, NoOp, NoOp, NoOp, NoOp, NoOp];2
[NoOp, NoOp, NoOp, NoOp, NoOp, NoOp, NoOp];0
[NoOp, NoOp, NoOp, NoOp, NoOp, NoOp, NoOp];0
[NoOp, NoOp, NoOp, NoOp, NoOp, NoOp, NoOp];0
[NoOp, NoOp, NoOp, NoOp, NoOp, NoOp, NoOp];0
[NoOp, NoOp, NoOp, NoOp, NoOp, NoOp, NoOp];0
[NoOp, NoOp, NoOp, NoOp, NoOp, NoOp, NoOp];0
[NoOp, NoOp, NoOp, NoOp, NoOp, NoOp, NoOp];0
[NoOp, NoOp, NoOp, NoOp, NoOp, NoOp, NoOp];1
[NoOp, NoOp, NoOp, NoOp, NoOp, NoOp, NoOp];0
[NoOp, NoOp, NoOp, NoOp, NoOp, NoOp, NoOp];0
[NoOp, NoOp, NoOp, NoOp, NoOp, NoOp, NoOp];2
[NoOp, NoOp, NoOp, NoOp, NoOp, NoOp, NoOp];0
[NoOp, NoOp, NoOp, NoOp, NoOp, NoOp, NoOp];0
[NoOp, NoOp, NoOp, NoOp, NoOp, NoOp, NoOp];0
[NoOp, NoOp, NoOp, NoOp, NoOp, NoOp, NoOp];1
[NoOp, NoOp, NoOp, NoOp, NoOp, NoOp, NoOp];0
[NoOp, NoOp, NoOp, NoOp, NoOp, NoOp, NoOp];0
[NoOp, NoOp, NoOp, NoOp, NoOp, NoOp, NoOp];0
[NoOp, NoOp, NoOp, NoOp, NoOp, NoOp, NoOp];0
[NoOp, NoOp, NoOp, NoOp, NoOp, NoOp, NoOp];0
[NoOp, NoOp, NoOp, NoOp, NoOp, NoOp, NoOp];0
[NoOp, NoOp, NoOp, NoOp, NoOp, NoOp, NoOp];4
[NoOp, NoOp, NoOp, NoOp, NoOp, NoOp, NoOp];0
[NoOp, NoOp, NoOp, NoOp, NoOp, NoOp, NoOp];0
[NoOp, NoOp, NoOp, NoOp, NoOp, NoOp, NoOp];0
[NoOp, NoOp, NoOp, NoOp, NoOp, NoOp, NoOp];0
[NoOp, NoOp, NoOp, NoOp, NoOp, NoOp, NoOp];0
[NoOp, NoOp, NoOp, NoOp, NoOp, NoOp, NoOp];0
[NoOp, NoOp, NoOp, NoOp, NoOp, NoOp, NoOp];0
[NoOp, NoOp, NoOp, NoOp, NoOp, NoOp, NoOp];0
[NoOp, NoOp, NoOp, NoOp, NoOp, NoOp, NoOp];0
[NoOp, NoOp, NoOp, NoOp, NoOp, NoOp, NoOp];0
[NoOp, NoOp, NoOp, NoOp, NoOp, NoOp, NoOp];3
[NoOp, NoOp, NoOp, NoOp, NoOp, NoOp, NoOp];0
[NoOp, NoOp, NoOp, NoOp, NoOp, NoOp, NoOp];0
[NoOp, NoOp, NoOp, NoOp, NoOp, NoOp, NoOp];0
[NoOp, NoOp, NoOp, NoOp, NoOp, NoOp, NoOp];0
[NoOp, NoOp, NoOp, NoOp, NoOp, NoOp, NoOp];0
[NoOp, NoOp, NoOp, NoOp, NoOp, NoOp, NoOp];0
[NoOp, NoOp, NoOp, NoOp, NoOp, NoOp, NoOp];0
[NoOp, NoOp, NoOp, NoOp, NoOp, NoOp, NoOp];0
[NoOp, NoOp, NoOp, NoOp, NoOp, NoOp, NoOp];0
[NoOp, NoOp, NoOp, NoOp, NoOp, NoOp, NoOp];1
[NoOp, NoOp, NoOp, NoOp, NoOp, NoOp, NoOp];3
[NoOp, NoOp, NoOp, NoOp, NoOp, NoOp, NoOp];0
[NoOp, NoOp, NoOp, NoOp, NoOp, NoOp, NoOp];0
[NoOp, NoOp, NoOp, NoOp, NoOp, NoOp, NoOp];0
[NoOp, NoOp, NoOp, NoOp, NoOp, NoOp, NoOp];0
[NoOp, NoOp, NoOp, NoOp, NoOp, NoOp, NoOp];1
[NoOp, NoOp, NoOp, NoOp, NoOp, NoOp, NoOp];0
[NoOp, NoOp, NoOp, NoOp, NoOp, NoOp, NoOp];0
[NoOp, NoOp, NoOp, NoOp, NoOp, NoOp, NoOp];0
[NoOp, NoOp, NoOp, NoOp, NoOp, NoOp, NoOp];0
[NoOp, NoOp, NoOp, NoOp, NoOp, NoOp, NoOp];0
[NoOp, NoOp, NoOp, NoOp, NoOp, NoOp, NoOp];3
[NoOp, NoOp, NoOp, NoOp, NoOp, NoOp, NoOp];0
[NoOp, NoOp, NoOp, NoOp, NoOp, NoOp, NoOp];0
[NoOp, NoOp, NoOp, NoOp, NoOp, NoOp, NoOp];0
[NoOp, NoOp, NoOp, NoOp, NoOp, NoOp, NoOp];0
[NoOp, NoOp, NoOp, NoOp, NoOp, NoOp, NoOp];0
[NoOp, NoOp, NoOp, NoOp, NoOp, NoOp, NoOp];0
[NoOp, NoOp, NoOp, NoOp, NoOp, NoOp, NoOp];0
[NoOp, NoOp, NoOp, NoOp, NoOp, NoOp, NoOp];0
[NoOp, NoOp, NoOp, NoOp, NoOp, NoOp, NoOp];0
[NoOp, NoOp, NoOp, NoOp, NoOp, NoOp, NoOp];0
[NoOp, NoOp, NoOp, NoOp, NoOp, NoOp, NoOp];3
[NoOp, NoOp, NoOp, NoOp, NoOp, NoOp, NoOp];0
[NoOp, NoOp, NoOp, NoOp, NoOp, NoOp, NoOp];0
[NoOp, NoOp, NoOp, NoOp, NoOp, NoOp, NoOp];0
[NoOp, NoOp, NoOp, NoOp, NoOp, NoOp, NoOp];0
[NoOp, NoOp, NoOp, NoOp, NoOp, NoOp, NoOp];0
[NoOp, NoOp, NoOp, NoOp, NoOp, NoOp, NoOp];0
[NoOp, NoOp, NoOp, NoOp, NoOp, NoOp, NoOp];0
[NoOp, NoOp, NoOp, NoOp, NoOp, NoOp, NoOp];0
[NoOp, NoOp, NoOp, NoOp, NoOp, NoOp, NoOp];0
[NoOp, NoOp, NoOp, NoOp, NoOp, NoOp, NoOp];0
c276a9e5329350f5ca341e52e5e3ad07d6781bc1
unsuccessful
297
132
d1fabc656e722bf08d47bdc8a22086a375fa845b
1495035901159
