red:0,V
yellow:1,D
magenta:2,W
orange:3,F
green:H
+++++++++++++++++++++++++++++++
+        TEAM LIQUORICE       +
+++++++++++++++++++++++++++++++
+0          M    w           2+
+ + + + + + + + + + + + + + + +
+               H             +
+ + + + + + + + + + + + + + + +
+   H                 W       +
+ + + + + + + + + + + + + + + +
+     D                       +
+ + + + + + + + + + +H+ + + + +
+  v       d     H           V+
+ + + + + + + + + + + + + + + +
+3f              F          V1+
+++++++++++++++++++++++++++++++
+      BOMBERMAN CLASSIC      +
+++++++++++++++++++++++++++++++

[Move(E), NoOp, Move(W), Move(E)];940
[NoOp, NoOp, Move(W), Move(E)];9
[NoOp, NoOp, Move(S), Move(E)];8
[NoOp, NoOp, Move(S), Move(E)];12
[NoOp, NoOp, Move(S), Move(E)];12
[NoOp, NoOp, Move(S), Move(E)];11
[NoOp, NoOp, Move(W), Move(E)];7
[NoOp, NoOp, Move(W), Move(E)];10
[NoOp, NoOp, Move(W), Move(E)];8
[NoOp, NoOp, Move(W), Move(E)];15
[NoOp, NoOp, Push(W,W), Move(E)];17
[NoOp, NoOp, Push(W,W), Move(E)];9
[NoOp, Move(N), Push(W,W), Move(E)];20
[NoOp, NoOp, Push(W,N), Move(E)];5
[NoOp, NoOp, Push(N,N), Move(E)];21
[NoOp, NoOp, Push(N,W), NoOp];10
[NoOp, NoOp, NoOp, Pull(W,E)];24
[Move(E), NoOp, Push(W,W), Pull(W,E)];51
[NoOp, NoOp, Push(W,N), NoOp];14
[Move(E), NoOp, NoOp, Push(E,N)];75
[NoOp, NoOp, Push(N,N), NoOp];4
[Move(E), NoOp, NoOp, Push(N,N)];61
[Move(E), NoOp, NoOp, NoOp];4
[Move(E), NoOp, NoOp, Push(N,W)];30
[Move(E), NoOp, NoOp, NoOp];2
[Move(E), NoOp, NoOp, Push(W,W)];15
[Move(S), NoOp, NoOp, NoOp];5
[Move(S), NoOp, NoOp, Push(W,N)];15
[Move(S), NoOp, NoOp, NoOp];0
[NoOp, NoOp, NoOp, Push(N,N)];1
[NoOp, NoOp, NoOp, NoOp];0
[NoOp, NoOp, NoOp, Push(N,W)];0
[NoOp, NoOp, NoOp, NoOp];0
[NoOp, NoOp, NoOp, Push(W,W)];0
[NoOp, NoOp, NoOp, NoOp];0
[NoOp, NoOp, NoOp, Push(W,N)];1
[NoOp, NoOp, NoOp, NoOp];0
[NoOp, NoOp, NoOp, Push(N,N)];0
[NoOp, NoOp, NoOp, NoOp];0
[NoOp, NoOp, NoOp, Push(N,W)];0
[NoOp, NoOp, NoOp, NoOp];0
[NoOp, NoOp, NoOp, Push(W,W)];0
[NoOp, NoOp, NoOp, Push(W,W)];0
[NoOp, NoOp, NoOp, Push(W,W)];0
[NoOp, NoOp, NoOp, Push(W,W)];0
[NoOp, NoOp, NoOp, Push(W,W)];0
[NoOp, NoOp, NoOp, NoOp];0
[Move(S), NoOp, NoOp, Push(W,N)];0
[Move(E), NoOp, NoOp, NoOp];1
[Move(E), NoOp, NoOp, Push(N,N)];0
[Move(E), NoOp, NoOp, NoOp];0
[Move(E), NoOp, NoOp, Push(N,W)];0
[Move(E), NoOp, NoOp, NoOp];0
[Move(E), NoOp, NoOp, Push(W,W)];0
[Move(E), NoOp, NoOp, Push(W,W)];1
[Move(E), NoOp, NoOp, Push(W,W)];0
[Move(S), NoOp, NoOp, NoOp];0
[Move(S), NoOp, NoOp, Push(W,S)];0
[Move(E), NoOp, NoOp, NoOp];0
[Move(E), NoOp, NoOp, Push(S,S)];0
[Move(E), NoOp, NoOp, Push(S,S)];0
[Move(E), NoOp, NoOp, Push(S,S)];0
[Move(E), NoOp, NoOp, Push(S,S)];0
[Move(E), NoOp, NoOp, Push(S,S)];1
[Move(E), NoOp, NoOp, Push(S,S)];1
[Move(E), NoOp, NoOp, Push(S,S)];1
[Move(S), NoOp, NoOp, NoOp];0
[Move(S), NoOp, NoOp, Push(S,E)];0
[Move(E), NoOp, NoOp, NoOp];0
[Move(E), NoOp, NoOp, NoOp];0
[Move(E), NoOp, NoOp, NoOp];0
[NoOp, NoOp, NoOp, NoOp];0
[Push(E,N), NoOp, NoOp, NoOp];1
[NoOp, NoOp, NoOp, NoOp];0
[Push(N,N), NoOp, NoOp, NoOp];0
[Push(N,N), NoOp, NoOp, NoOp];0
[Push(N,N), NoOp, NoOp, NoOp];0
[NoOp, NoOp, NoOp, NoOp];10
[Push(N,W), Move(N), NoOp, NoOp];0
[Push(W,W), Move(N), NoOp, NoOp];0
[Push(W,W), Move(N), NoOp, NoOp];0
[Push(W,W), NoOp, NoOp, NoOp];0
[Push(W,W), Move(W), NoOp, NoOp];0
[Push(W,W), Move(W), NoOp, NoOp];0
[Push(W,W), Move(W), NoOp, NoOp];0
[Push(W,W), Move(W), NoOp, NoOp];0
[Push(W,W), Move(W), NoOp, NoOp];0
[Push(W,W), Move(W), NoOp, NoOp];0
[Push(W,W), Move(W), NoOp, NoOp];0
[Push(W,W), Move(W), NoOp, NoOp];0
[Push(W,W), Move(W), NoOp, NoOp];0
[Push(W,W), Move(W), NoOp, NoOp];0
[Push(W,W), Move(W), NoOp, NoOp];0
[Push(W,W), Move(W), NoOp, NoOp];0
[Push(W,W), Move(W), NoOp, NoOp];0
[Push(W,W), Move(W), NoOp, NoOp];0
[Push(W,W), Move(W), NoOp, NoOp];0
[Push(W,W), Move(W), NoOp, NoOp];0
[Push(W,W), Move(W), NoOp, NoOp];0
[Push(W,W), Move(W), NoOp, NoOp];0
[Push(W,N), Move(W), NoOp, NoOp];0
[Push(N,N), Move(W), NoOp, NoOp];1
[Push(N,W), Move(W), NoOp, NoOp];0
[Push(W,W), Move(W), NoOp, NoOp];0
[Push(W,W), NoOp, NoOp, NoOp];0
[Push(W,W), Pull(E,W), NoOp, NoOp];0
[Push(W,N), NoOp, NoOp, NoOp];0
[Move(E), Push(W,S), NoOp, NoOp];0
[Move(E), NoOp, NoOp, NoOp];0
[NoOp, Push(S,S), NoOp, NoOp];0
[Move(S), NoOp, NoOp, NoOp];8
[Move(S), Push(S,E), NoOp, NoOp];5
[Move(E), NoOp, NoOp, NoOp];0
[Move(E), NoOp, NoOp, NoOp];0
[NoOp, NoOp, NoOp, NoOp];0
[Move(E), Push(E,E), NoOp, NoOp];22
[Move(E), Push(E,E), NoOp, NoOp];0
[Move(E), Push(E,E), NoOp, NoOp];0
[Move(E), NoOp, NoOp, NoOp];0
[Move(E), NoOp, NoOp, NoOp];0
[Move(E), NoOp, NoOp, NoOp];0
[Move(E), NoOp, NoOp, NoOp];0
[Move(E), NoOp, NoOp, NoOp];0
[Move(E), NoOp, NoOp, NoOp];0
[Move(E), NoOp, NoOp, NoOp];0
[Move(E), NoOp, NoOp, NoOp];1
[Move(E), NoOp, NoOp, NoOp];0
[Move(E), NoOp, NoOp, NoOp];0
[Move(E), NoOp, NoOp, NoOp];0
[Move(E), NoOp, NoOp, NoOp];0
[Move(E), NoOp, NoOp, NoOp];0
[Move(E), NoOp, NoOp, NoOp];0
[Move(E), NoOp, NoOp, NoOp];0
[Move(E), NoOp, NoOp, NoOp];0
[Move(E), NoOp, NoOp, NoOp];0
[Move(E), NoOp, NoOp, NoOp];1
[Move(E), NoOp, NoOp, NoOp];0
[NoOp, NoOp, NoOp, NoOp];0
[Move(S), NoOp, NoOp, NoOp];9
[Move(S), NoOp, NoOp, NoOp];1
[Move(S), NoOp, NoOp, NoOp];1
[Move(S), NoOp, NoOp, NoOp];1
[Move(S), NoOp, NoOp, NoOp];1
[Move(S), NoOp, NoOp, NoOp];0
[NoOp, NoOp, NoOp, NoOp];1
[Push(W,W), NoOp, NoOp, NoOp];1
[Push(W,W), NoOp, NoOp, NoOp];0
[Push(W,W), NoOp, NoOp, NoOp];0
[Push(W,W), NoOp, NoOp, NoOp];0
[Push(W,W), NoOp, NoOp, NoOp];1
[Push(W,W), NoOp, NoOp, NoOp];1
[Push(W,W), NoOp, NoOp, NoOp];1
[Push(W,W), NoOp, NoOp, NoOp];1
[Push(W,W), NoOp, NoOp, NoOp];6
[Push(W,W), NoOp, NoOp, NoOp];1
[Push(W,W), NoOp, NoOp, NoOp];1
[Push(W,W), NoOp, NoOp, NoOp];1
[Push(W,W), NoOp, NoOp, NoOp];1
[Push(W,W), NoOp, NoOp, NoOp];0
[Push(W,W), NoOp, NoOp, NoOp];0
[Push(W,W), NoOp, NoOp, NoOp];0
[Push(W,W), NoOp, NoOp, NoOp];1
[Push(W,W), NoOp, NoOp, NoOp];1
[Push(W,W), NoOp, NoOp, NoOp];0
[Push(W,W), NoOp, NoOp, NoOp];0
[Push(W,W), NoOp, NoOp, NoOp];1
[Push(W,W), NoOp, NoOp, NoOp];1
[Push(W,W), NoOp, NoOp, NoOp];1
[Push(W,W), NoOp, NoOp, NoOp];0
[Push(W,W), NoOp, NoOp, NoOp];1
[NoOp, NoOp, NoOp, NoOp];1
[Push(W,N), NoOp, NoOp, NoOp];0
[NoOp, NoOp, NoOp, NoOp];0
[Push(N,N), NoOp, NoOp, NoOp];1
ea47c46412e7bf175bce23836de8e2b44b85274e
successful
1507
174
77fd04b4c65e23c6420f9b87939ed0712d5e8abe
1495033454026
