red: 0,1,2,3,A,B,D,E,H,I,L,M,N,O,R,S,T,X,V
+++++++++++++++++++++++++++++++++++++++++++++++++++++++++++
+      t   h  o   m   as  x +      b  ol  an    der       +
+ +++++++++++++++++++++++++ + +++++++++++++++++++++++++++x+
+ +        H  O   M   AS  +++ +        L  A     D       +++
+ +                        0+ +                          1+
+ +                         + +                           +
+ +                         + +         T                 +
+ +                         + +                           +
+ +                         + +              T            +
+ +              A          + +                           +
+ +              R          + +                           +
+ +              N          + +            HOV            +
+ +              E          + +            AAAV           +
+ +                         + +                           +
+ +                         + +                           +
+ +T                        + +B                          +
+ +H                        + +O                          +
+ +O                        + +L                          +
+ +M                        + +A                          +
+ +A                        + +N                          +
+ +S                        + +D                          +
+ +X                        + +ERX                        +
+                           +                             +
+++++++++++++++++++++++++++++++++++++++++++++++++++++++++++
+                                      +AIARNE            +
+                                      +             +    +
+  +++++++++++++++++++++++++++++++++   +             +    +
+  +                               +   +             +    +
+  +        +           ++++++++++++   +             +    +
+  +        +           +     +        +             +    +
+  +        +           +   +a+  +++++++             +    +
+  +        +           +   +i+  +a+                 +    +
+  +        +           +   +a+  +i+                 +    +
+  +        +           +   +r+  +a+                 +    +
+  +        +           +   +n+  +r+                 +    +
+  +        +           +   +e+  +n+                 +    +
+  +        +           +   +++  +e+                 +    +
+  +        +           +     +    +                 +    +
+  +        +           +     ++++++++++++++++++++++++    +
+  +        +           +                                 +
+  +        +           +++++++++++++++++++++++++++++     +
+  +        +                                      3+     +
+  +        +                                 +++++++     +
+           +                      AIARNE     +2          +
+++++++++++++++++++++++++++++++++++++++++++++++++++++++++++

[Move(W), Move(W), Move(E), Move(W)];13448
[Move(W), Move(W), Move(E), Move(W)];2
[Move(S), Move(S), Move(E), Move(W)];0
[Move(S), Move(W), Move(E), Move(W)];0
[Move(W), Move(S), Move(E), Move(W)];1
[Move(W), Move(S), Move(E), Move(W)];0
[Move(W), Move(S), Move(E), Move(W)];1
[Move(W), Move(S), Move(N), Move(W)];1
[Move(W), Move(W), Move(N), Move(W)];0
[Move(W), Move(W), Move(N), Move(S)];1
[Move(S), Move(S), Move(N), Move(W)];0
[Move(W), Move(W), Move(N), Move(W)];0
[Move(W), Move(W), Move(N), Move(W)];1
[Move(W), Move(W), Move(N), Move(W)];0
[Move(W), Move(W), Move(N), Move(W)];1
[Move(W), Move(S), Move(N), Move(W)];0
[Move(S), Move(S), Move(N), Move(W)];0
[Move(W), Move(S), Move(N), NoOp];1
[Move(W), Move(S), Move(N), Push(S,W)];823
[Move(S), Move(W), Move(N), NoOp];0
[Move(W), Move(W), Move(N), Push(W,N)];702
[Move(S), Move(W), Move(N), NoOp];0
[Move(W), Move(W), Move(N), Push(N,W)];659
[Move(W), Move(S), Move(N), NoOp];0
[Move(S), Move(S), Move(N), Push(W,N)];578
[Move(W), Move(S), Move(N), NoOp];0
[Move(S), Move(S), NoOp, Push(N,W)];519
[Move(S), Move(W), Move(W), NoOp];23
[Move(S), Move(W), Move(W), Push(W,W)];585
[Move(S), Move(S), Move(W), Push(W,W)];0
[Move(S), Move(S), Move(W), Push(W,W)];0
[Move(S), Move(W), Move(W), Push(W,W)];0
[Move(S), Move(W), Move(W), Push(W,W)];1
[Move(S), Move(W), Move(W), Push(W,W)];0
[Move(S), Move(W), Move(W), Push(W,W)];0
[Move(W), Move(W), Pull(S,W), Push(W,W)];0
[Move(S), Move(S), Push(N,E), Push(W,W)];0
[Move(W), Move(W), Push(E,E), Push(W,W)];0
[Move(W), Move(W), Push(E,E), Push(W,W)];0
[Move(W), Move(W), Push(E,E), Push(W,N)];0
[Push(W,S), Push(W,S), Push(E,E), NoOp];1
[Push(S,W), Push(S,W), Push(E,E), Push(N,W)];419
[Push(W,W), Push(W,W), Push(E,E), NoOp];0
[Push(W,N), Push(W,W), Push(E,E), Push(W,N)];364
[Push(N,N), Push(W,W), Push(E,S), NoOp];0
[Push(N,N), Push(W,N), NoOp, Push(N,N)];360
[Push(N,N), Push(N,N), Push(S,S), Push(N,N)];13
[Push(N,N), Push(N,N), Push(S,S), Push(N,W)];0
[Push(N,N), Push(N,N), Push(S,S), NoOp];0
[Push(N,N), Push(N,N), Push(S,S), Push(W,N)];322
[Push(N,N), Push(N,N), Push(S,S), NoOp];0
[Push(N,N), Push(N,N), Push(S,S), Push(N,N)];303
[Push(N,N), Push(N,N), Push(S,S), Push(N,N)];0
[Push(N,N), Push(N,N), Push(S,S), Push(N,N)];0
[Push(N,N), Push(N,N), Push(S,S), Push(N,N)];0
[Push(N,N), Push(N,N), Push(S,S), Push(N,W)];0
[Push(N,N), Push(N,N), Push(S,S), NoOp];0
[Push(N,N), Push(N,N), Push(S,S), Push(W,N)];223
[Push(N,N), Push(N,N), Push(S,S), NoOp];0
[Push(N,N), Push(N,N), Push(S,S), Push(N,N)];207
[Push(N,N), Push(N,N), Push(S,W), Push(N,N)];0
[Push(N,N), Push(N,N), Push(W,W), Push(N,W)];0
[Push(N,N), Push(N,N), Push(W,W), NoOp];0
[Push(N,N), Push(N,N), Push(W,W), Push(W,W)];182
[Push(N,E), Push(N,N), Push(W,W), Push(W,N)];0
[Push(E,E), Push(N,N), Push(W,W), NoOp];0
[Push(E,E), Push(N,E), Push(W,W), Push(N,W)];165
[Push(E,E), Push(E,E), Push(W,W), NoOp];0
[Push(E,E), Push(E,E), Push(W,W), Push(W,W)];175
[Push(E,E), Push(E,E), Push(W,W), Push(W,N)];0
[Push(E,E), Push(E,E), Push(W,W), NoOp];0
[Push(E,E), Push(E,E), Push(W,W), Push(N,W)];158
[Push(E,E), Push(E,E), Push(W,W), NoOp];0
[Push(E,E), Push(E,E), Push(W,W), Push(W,W)];152
[Push(E,E), Push(E,E), Push(W,W), Push(W,W)];0
[Push(E,E), Push(E,E), Push(W,W), Push(W,W)];0
[Push(E,E), Push(E,E), Push(W,W), Push(W,W)];0
[Push(E,E), Push(E,E), Push(W,W), Push(W,W)];0
[Push(E,E), Push(E,E), Push(W,W), Push(W,W)];0
[Push(E,E), Push(E,E), Push(W,W), Push(W,W)];0
[Push(E,E), Push(E,E), Push(W,W), Push(W,W)];1
[Push(E,E), Push(E,E), Push(W,W), Push(W,W)];0
[Push(E,E), Push(E,E), Push(W,W), Push(W,S)];0
[Push(E,E), Push(E,E), Push(W,W), NoOp];0
[Push(E,E), Push(E,E), Push(W,W), Push(S,S)];26
[Push(E,E), Push(E,E), Push(W,W), Push(S,S)];0
[Push(E,E), Push(E,E), Push(W,W), Push(S,S)];0
[Push(E,E), Push(E,E), Push(W,N), Push(S,S)];0
[Push(E,E), Push(E,E), Push(N,N), Push(S,S)];0
[NoOp, Push(E,E), Push(N,N), Push(S,S)];1
[Move(W), Push(E,E), Push(N,N), Push(S,S)];24
[Move(W), Push(E,E), Push(N,N), Push(S,S)];0
[Move(W), Push(E,E), Push(N,N), Push(S,S)];0
[Move(W), Push(E,E), Push(N,N), Push(S,S)];0
[Move(W), Push(E,S), Push(N,N), Push(S,S)];0
[Move(W), NoOp, Push(N,N), Push(S,S)];0
[Move(W), Move(W), Push(N,N), Push(S,S)];21
[Move(W), Move(W), Push(N,E), Push(S,S)];0
[Move(W), Move(W), Push(E,E), Push(S,S)];0
[Move(W), Move(W), Push(E,S), NoOp];0
[Move(W), Move(W), NoOp, Push(S,W)];22
[Move(W), Move(W), Push(S,S), NoOp];1
[Move(W), Move(W), Push(S,S), Push(W,W)];21
[Move(W), Move(W), Push(S,S), NoOp];0
[Move(W), Move(W), Push(S,S), Push(W,N)];21
[Move(W), Move(W), Push(S,S), NoOp];1
[Move(W), Move(W), NoOp, Push(N,N)];20
[Move(W), Move(W), Move(N), Push(N,N)];36
[Move(W), Move(W), Move(N), Push(N,N)];0
[Move(W), Move(W), Move(N), Push(N,N)];0
[Move(W), Move(W), Move(N), Push(N,N)];0
[Move(W), Move(W), Move(N), Push(N,N)];0
[Move(W), Move(W), Move(W), Push(N,N)];0
[Move(W), Move(W), Move(W), Push(N,N)];0
[Move(S), Move(W), Move(S), Push(N,N)];0
[Move(S), Move(W), Move(S), Push(N,N)];0
[Move(S), Move(W), Move(S), Push(N,N)];0
[Move(S), Move(W), Move(S), Push(N,N)];0
[Move(S), Move(W), Move(S), Push(N,N)];0
[Move(S), Move(W), Move(S), Push(N,N)];0
[Move(S), Move(W), Move(S), Push(N,N)];0
[Move(S), Move(W), Move(S), Push(N,N)];0
[Move(S), Move(W), Move(S), Push(N,N)];0
[Move(S), Move(W), Move(S), NoOp];0
[Move(S), Move(S), Move(E), Push(N,E)];15
[Move(S), Move(S), Move(E), NoOp];0
[Move(S), Move(S), Move(E), Push(E,E)];15
[Move(S), Move(S), Move(E), Push(E,E)];0
[Move(S), Move(S), Move(E), Push(E,E)];0
[Move(S), Move(S), Move(E), Push(E,E)];0
[Move(S), Move(S), Move(E), Push(E,E)];0
[Move(S), Move(S), Move(E), Push(E,E)];1
[Move(S), Move(S), Move(E), Push(E,E)];0
[Move(S), Move(S), Move(E), Push(E,E)];0
[Move(S), Move(S), Move(E), Push(E,E)];0
[Move(E), Move(S), Move(E), Push(E,E)];0
[Move(E), Move(S), Move(E), Push(E,E)];0
[Move(N), Move(S), Move(E), Push(E,E)];0
[Pull(E,N), Move(S), Move(E), Push(E,E)];0
[Push(W,S), Move(S), Move(E), Push(E,E)];0
[Push(S,W), Move(S), Move(E), Push(E,E)];0
[Push(W,W), Move(S), Move(E), Push(E,E)];0
[Push(W,N), Move(S), Move(E), Push(E,E)];0
[Push(N,N), Move(S), Move(E), Push(E,E)];0
[Push(N,N), Move(S), Move(E), Push(E,E)];0
[Push(N,N), Move(E), Move(E), Push(E,E)];0
[Push(N,N), Move(E), Move(E), Push(E,E)];0
[Push(N,N), Move(E), Move(E), Push(E,E)];0
[Push(N,N), Pull(E,N), Move(E), Push(E,E)];0
[Push(N,N), Push(W,W), Move(E), Push(E,E)];0
[Push(N,N), Push(W,W), Move(E), Push(E,E)];0
[Push(N,N), Push(W,W), Move(N), Push(E,E)];0
[Push(N,N), Push(W,N), Move(N), Push(E,E)];0
[Push(N,N), Push(N,N), Move(N), Push(E,E)];0
[Push(N,N), Push(N,N), Move(N), Push(E,E)];0
[Push(N,N), Push(N,N), Move(N), Push(E,E)];0
[Push(N,N), Push(N,N), Move(N), Push(E,E)];0
[Push(N,N), Push(N,N), Move(N), Push(E,E)];0
[Push(N,N), Push(N,N), Move(N), Push(E,E)];0
[Push(N,N), Push(N,N), Move(N), NoOp];0
[Push(N,N), Push(N,N), Move(N), Push(E,S)];8
[Push(N,N), Push(N,N), Move(N), NoOp];0
[Push(N,N), Push(N,N), Move(N), Push(S,S)];5
[Push(N,E), Push(N,N), Move(N), Push(S,S)];0
[Push(E,E), Push(N,N), Move(N), Push(S,S)];0
[Push(E,E), Push(N,N), Move(N), NoOp];1
[Push(E,E), Push(N,N), NoOp, Push(S,W)];4
[Push(E,E), Push(N,N), Move(W), NoOp];25
[Push(E,E), Push(N,N), Move(W), Push(W,W)];6
[Push(E,E), Push(N,N), Move(W), Push(W,W)];0
[Push(E,E), Push(N,N), Move(W), Push(W,W)];0
[Push(E,E), Push(N,N), Move(W), NoOp];0
[Push(E,E), Push(N,N), Move(W), Push(W,S)];5
[Push(E,E), Push(N,E), Move(W), NoOp];0
[Push(E,E), Push(E,E), Move(W), Push(S,S)];6
[Push(E,E), Push(E,E), Move(W), Push(S,S)];0
[Push(E,E), Push(E,E), Pull(S,W), Push(S,S)];0
[Push(E,E), Push(E,E), Push(N,E), Push(S,S)];0
[Push(E,E), Push(E,E), Push(E,E), Push(S,S)];0
[Push(E,E), Push(E,E), Push(E,E), Push(S,S)];0
[Push(E,E), Push(E,E), Push(E,E), Push(S,S)];0
[Push(E,E), Push(E,E), Push(E,E), NoOp];0
[Push(E,E), Push(E,E), Push(E,E), Push(S,E)];2
[Push(E,E), Push(E,E), Push(E,E), NoOp];0
[Push(E,E), Push(E,E), Push(E,E), Push(E,E)];2
[NoOp, Push(E,E), Push(E,E), NoOp];0
[Move(W), Push(E,E), NoOp, Push(E,N)];20
[Move(W), Push(E,E), Push(E,S), NoOp];12
[Move(W), Push(E,E), NoOp, Push(N,N)];1
[Move(W), Push(E,E), Push(S,S), Push(N,N)];11
[Move(W), Push(E,E), Push(S,S), Push(N,N)];0
[Move(W), Push(E,E), Push(S,S), Push(N,N)];0
[Move(W), Push(E,E), Push(S,S), Push(N,N)];0
[Move(W), Push(E,E), Push(S,S), NoOp];1
[Move(W), NoOp, Push(S,S), Move(S)];879
[Move(W), Move(W), Push(S,S), Move(S)];18
[Move(W), Move(W), Push(S,S), Move(S)];0
[Move(W), Move(W), Push(S,S), Move(S)];0
[Move(W), Move(W), Push(S,S), Move(S)];0
[Move(W), Move(W), Push(S,S), NoOp];0
[Move(W), Move(W), Push(S,S), Move(W)];880
[Move(W), Move(W), Push(S,S), Move(W)];0
[Move(W), Move(W), Push(S,S), NoOp];0
[Move(W), Move(W), NoOp, Move(N)];932
[Move(W), Move(W), Push(S,W), Move(N)];9
[Move(W), Move(W), Push(W,W), Move(N)];0
[Move(W), Move(W), Push(W,W), Move(N)];0
[Move(S), Move(W), Push(W,W), Move(N)];0
[Move(S), Move(W), Push(W,W), Move(N)];0
[Move(S), Move(W), Push(W,W), Move(N)];0
[Move(S), Move(W), Push(W,W), Move(N)];0
[Move(S), Move(W), Push(W,W), NoOp];0
[Move(S), Move(W), Push(W,W), Move(E)];882
[Move(S), Move(W), Push(W,W), Move(E)];0
[Move(S), Move(W), Push(W,W), Move(E)];0
[Move(S), Move(S), Push(W,W), Move(E)];0
[Move(S), Move(S), Push(W,W), NoOp];0
[Move(S), Move(S), Push(W,W), Move(N)];848
[Move(S), Move(S), Push(W,W), Move(N)];0
[Move(S), Move(S), Push(W,W), Move(N)];0
[Move(S), Move(S), Push(W,W), Move(N)];0
[Move(S), Move(S), Push(W,W), NoOp];0
[Move(S), Move(S), Push(W,W), Move(W)];753
[Move(S), Move(S), Push(W,W), Move(W)];0
[Move(S), Move(S), Push(W,W), Move(W)];0
[Move(S), Move(S), Push(W,W), Move(W)];0
[Move(S), Move(S), Push(W,W), Move(W)];0
[Move(S), Move(S), Push(W,W), Move(W)];0
[Move(E), Move(S), Push(W,W), Move(W)];0
[Move(E), Move(S), Push(W,N), Move(W)];0
[Move(N), Move(S), Push(N,W), Move(W)];0
[Move(N), Move(S), Push(W,W), Move(W)];0
[Pull(E,N), Move(S), Push(W,N), Move(W)];0
[Push(W,S), Move(S), Push(N,N), Move(W)];0
[Push(S,S), Move(S), Push(N,N), Move(W)];0
[Push(S,W), Move(S), Push(N,N), Move(W)];0
[Push(W,W), Move(E), Push(N,N), Move(W)];0
[Push(W,N), Move(E), Push(N,N), Move(W)];0
[Push(N,N), Pull(E,N), Push(N,N), Move(W)];0
[Push(N,N), Push(W,W), Push(N,N), Move(W)];0
[Push(N,N), Push(W,W), Push(N,N), Move(W)];0
[Push(N,N), Push(W,N), Push(N,E), Move(W)];0
[Push(N,N), Push(N,N), Push(E,E), Move(W)];0
[Push(N,N), Push(N,N), Push(E,S), Move(W)];0
[Push(N,N), Push(N,N), Push(S,S), Move(W)];0
[Push(N,N), Push(N,N), Push(S,S), Move(W)];0
[Push(N,N), Push(N,N), Push(S,S), Move(W)];0
[Push(N,N), Push(N,N), Push(S,S), Move(W)];0
[Push(N,N), Push(N,N), NoOp, Move(W)];0
[Push(N,N), Push(N,N), Move(N), Move(W)];25
[Push(N,N), Push(N,N), Move(N), Move(W)];0
[Push(N,N), Push(N,N), Move(N), Move(W)];0
[Push(N,N), Push(N,N), Move(N), Move(W)];0
[Push(N,N), Push(N,N), Move(W), Move(W)];0
[Push(N,N), Push(N,N), Move(W), Move(W)];0
[Push(N,N), Push(N,N), Move(S), Move(W)];1
[Push(N,N), Push(N,N), Move(S), NoOp];0
[Push(N,N), Push(N,N), Move(S), Move(S)];844
[Push(N,E), Push(N,N), Move(S), Move(S)];0
[Push(E,E), Push(N,N), Move(S), Move(S)];0
[Push(E,E), Push(N,N), Move(S), Move(S)];0
[Push(E,E), Push(N,N), Move(S), Move(S)];0
[Push(E,E), Push(N,E), Move(S), Move(S)];0
[Push(E,E), Push(E,E), Move(S), Move(S)];0
[Push(E,E), Push(E,E), Move(E), Move(S)];0
[Push(E,E), Push(E,E), Move(S), Move(S)];0
[Push(E,E), Push(E,E), Move(E), Move(S)];0
[Push(E,E), Push(E,E), Move(E), Move(S)];0
[Push(E,E), Push(E,E), Move(E), Move(S)];0
[Push(E,E), Push(E,E), Move(E), Move(S)];0
[Push(E,E), Push(E,E), Move(E), Move(S)];0
[Push(E,E), Push(E,E), Move(E), Move(S)];0
[Push(E,E), Push(E,E), Move(E), Move(S)];0
[Push(E,E), Push(E,E), Move(E), Move(S)];0
[Push(E,E), Push(E,E), Move(E), Move(S)];0
[Push(E,E), Push(E,E), Move(E), NoOp];0
[Push(E,E), Push(E,E), Move(E), Move(E)];813
[Push(E,E), Push(E,E), Move(E), Move(E)];0
[Push(E,E), Push(E,E), Move(E), NoOp];0
[NoOp, Push(E,E), Move(E), Move(N)];752
[Move(W), Push(E,E), Move(E), Move(N)];21
[Move(W), Push(E,E), Move(E), Move(E)];0
[Move(W), NoOp, Move(E), Move(E)];0
[Move(W), Move(W), Move(E), Move(N)];17
[Move(W), Move(W), Move(E), Move(N)];0
[Move(W), Move(W), Move(E), Move(E)];0
[Move(W), Move(W), Move(E), Move(N)];0
[Move(W), Move(W), Move(E), Move(N)];0
[Move(W), Move(W), Move(E), Move(N)];0
[Move(W), Move(W), Move(E), Move(N)];0
[Move(W), Move(W), Move(E), Move(N)];0
[Move(W), Move(W), Move(E), Move(N)];0
[Move(W), Move(W), Move(N), Move(E)];0
[Move(W), Move(W), Move(N), Move(E)];0
[Move(W), Move(W), Move(N), Move(N)];0
[Move(W), Move(W), Move(N), Move(E)];1
[Move(W), Move(W), Move(N), Move(N)];0
[Move(W), Move(W), Move(N), Move(N)];0
[Move(W), Move(W), Move(N), Move(N)];0
[Move(W), Move(W), Move(N), Move(E)];0
[Move(S), Move(W), Move(N), Move(N)];0
[Move(S), Move(W), Move(N), Move(N)];0
[Move(S), Move(S), Move(N), NoOp];0
[Move(S), Move(S), Move(N), Move(E)];737
[Move(S), Move(S), Move(N), Move(E)];0
[Move(S), Move(S), Move(N), NoOp];0
[Move(S), Move(S), Move(N), Move(S)];785
[Move(S), Move(S), Move(W), Move(S)];0
[Move(S), Move(S), Move(W), Move(S)];0
[Move(S), Move(S), Move(W), Move(S)];0
[Move(S), Move(S), Move(W), Move(E)];1
[Move(S), Move(S), Move(W), Move(E)];0
[Move(S), Move(S), Move(W), Move(S)];0
[Move(S), Move(S), Move(W), Move(S)];0
[Move(S), Move(S), Move(W), Move(E)];0
[Move(S), Move(S), Move(W), Move(S)];0
[Move(S), Move(S), Move(W), Move(E)];0
[Move(S), Move(S), Pull(S,W), Move(S)];0
[Move(S), Move(S), Push(N,E), Move(S)];0
[Move(S), Move(S), Push(E,E), Move(S)];0
[Move(S), Move(S), Push(E,E), Move(S)];0
[Move(E), Move(S), Push(E,E), Move(E)];0
[Move(E), Move(S), Push(E,E), Move(S)];0
[Move(N), Move(E), Push(E,E), Move(S)];0
[Move(N), Move(E), Push(E,E), Move(S)];0
[Move(N), Move(N), Push(E,E), Move(E)];0
[Pull(E,N), Pull(E,N), Push(E,E), Move(E)];0
[Push(W,S), Push(W,S), Push(E,E), Move(E)];0
[Push(S,S), Push(S,W), Push(E,S), Move(E)];0
[Push(S,S), Push(W,W), Push(S,S), Move(E)];0
[Push(S,W), Push(W,N), Push(S,S), Move(E)];0
[Push(W,W), Push(N,N), Push(S,S), Move(E)];0
[Push(W,N), Push(N,N), Push(S,S), Move(S)];0
[Push(N,N), Push(N,N), Push(S,S), Move(E)];0
[Push(N,N), Push(N,N), Push(S,S), Move(E)];0
[Push(N,N), Push(N,N), Push(S,S), Move(E)];0
[Push(N,N), Push(N,N), Push(S,S), Move(E)];0
[Push(N,N), Push(N,N), Push(S,S), Move(E)];0
[Push(N,N), Push(N,N), Push(S,S), Move(E)];0
[Push(N,N), Push(N,N), Push(S,S), Move(S)];0
[Push(N,N), Push(N,N), Push(S,S), Move(E)];0
[Push(N,N), Push(N,N), Push(S,S), Move(E)];0
[Push(N,N), Push(N,N), Push(S,S), Move(E)];0
[Push(N,N), Push(N,N), Push(S,W), Move(E)];0
[Push(N,N), Push(N,N), Push(W,W), NoOp];0
[Push(N,N), Push(N,N), Push(W,W), Push(E,N)];682
[Push(N,N), Push(N,N), Push(W,W), NoOp];0
[Push(N,N), Push(N,N), Push(W,W), Push(N,W)];685
[Push(N,N), Push(N,N), Push(W,W), NoOp];0
[Push(N,N), Push(N,N), Push(W,W), Push(W,W)];631
[Push(N,N), Push(N,N), Push(W,W), Push(W,W)];0
[Push(N,N), Push(N,E), Push(W,W), Push(W,W)];0
[Push(N,N), Push(E,E), Push(W,W), Push(W,W)];0
[Push(N,E), Push(E,E), Push(W,W), Push(W,W)];0
[Push(E,E), Push(E,E), Push(W,W), Push(W,W)];0
[Push(E,E), Push(E,E), Push(W,W), Push(W,W)];0
[Push(E,E), Push(E,E), Push(W,W), Push(W,N)];0
[Push(E,E), Push(E,E), Push(W,W), NoOp];0
[Push(E,E), Push(E,E), Push(W,W), Push(N,W)];532
[Push(E,E), Push(E,E), Push(W,W), NoOp];0
[Push(E,E), Push(E,E), Push(W,W), Push(W,W)];520
[Push(E,E), Push(E,E), Push(W,W), Push(W,W)];0
[Push(E,E), Push(E,E), Push(W,W), Push(W,W)];0
[Push(E,E), Push(E,E), Push(W,W), Push(W,W)];0
[Push(E,E), Push(E,E), Push(W,W), Push(W,W)];0
[Push(E,E), Push(E,E), Push(W,W), Push(W,W)];0
[Push(E,E), Push(E,E), Push(W,W), Push(W,N)];0
[Push(E,E), Push(E,E), Push(W,W), NoOp];0
[Push(E,E), Push(E,E), Push(W,W), Push(N,N)];415
[Push(E,E), Push(E,E), Push(W,N), Push(N,W)];0
[NoOp, NoOp, Push(N,N), NoOp];0
[Move(W), Move(W), Push(N,W), Push(W,W)];407
[Move(W), Move(W), Push(W,N), Push(W,W)];0
[Move(W), Move(W), Push(N,N), Push(W,W)];0
[Move(W), Move(W), Push(N,N), Push(W,W)];0
[Move(W), Move(W), Push(N,N), Push(W,W)];0
[Move(W), Move(W), Push(N,N), Push(W,W)];0
[Move(W), Move(W), Push(N,N), Push(W,W)];0
[Move(W), Move(W), Push(N,N), Push(W,N)];0
[Move(W), Move(W), Push(N,N), NoOp];0
[Move(W), Move(W), NoOp, Push(N,N)];182
[Move(W), Move(W), Push(N,E), Push(N,N)];1
[Move(W), Move(W), Push(E,E), Push(N,N)];0
[Move(W), Move(W), Push(E,S), Push(N,N)];0
[Move(W), Move(W), Push(S,S), Push(N,N)];0
[Move(W), Move(W), Push(S,S), Push(N,N)];0
[Move(W), Move(W), Push(S,S), Push(N,N)];0
[Move(S), Move(W), NoOp, Push(N,N)];0
[Move(S), Move(W), Move(N), Push(N,N)];31
[Move(S), Move(S), Move(N), Push(N,N)];0
[Move(S), Move(S), Move(N), Push(N,N)];0
[Move(S), Move(S), Move(W), NoOp];0
[Move(S), Move(S), Move(W), Push(N,W)];160
[Move(S), Move(S), Move(S), NoOp];0
[Move(S), Move(S), Move(S), Push(W,W)];164
[Move(S), Move(S), Move(S), Push(W,W)];0
[Move(S), Move(S), Move(S), Push(W,S)];0
[Move(S), Move(S), Move(S), NoOp];0
[Move(S), Move(S), Move(S), Push(S,S)];145
[Move(S), Move(S), Move(S), Push(S,S)];0
[Move(S), Move(S), Move(S), Push(S,S)];0
[Move(S), Move(S), Move(E), Push(S,W)];0
[Move(S), Move(S), Move(E), NoOp];0
[Move(S), Move(S), Move(S), Push(W,W)];83
[Move(S), Move(S), Move(S), Push(W,W)];0
[Move(S), Move(S), Move(E), Push(W,W)];0
[Move(S), Move(S), Move(E), Push(W,S)];0
[Move(S), Move(S), Move(E), NoOp];0
[Move(E), Move(S), Move(E), Push(S,S)];52
[Move(E), Move(S), Move(E), Push(S,S)];0
[Move(N), Move(E), Move(E), Push(S,S)];0
[Move(N), Move(E), Move(E), Push(S,W)];0
[Move(N), Move(N), Move(E), NoOp];0
[Move(N), Move(N), Move(E), Push(W,W)];26
[Pull(E,N), Pull(E,N), Move(E), Push(W,S)];0
[Push(W,S), Push(W,S), Move(E), NoOp];0
[Push(S,S), Push(S,S), Move(E), Push(S,S)];27
[Push(S,S), Push(S,W), Move(E), Push(S,S)];0
[Push(S,S), Push(W,W), Move(E), Push(S,S)];0
[Push(S,W), Push(W,N), Move(E), Push(S,S)];0
[Push(W,W), Push(N,N), Move(E), Push(S,S)];0
[Push(W,N), Push(N,N), Move(E), Push(S,S)];0
[Push(N,N), Push(N,N), Move(E), Push(S,S)];0
[Push(N,N), Push(N,N), Move(E), NoOp];0
[Push(N,N), Push(N,N), Move(E), Push(S,W)];25
[Push(N,N), Push(N,N), Move(E), NoOp];0
[Push(N,N), Push(N,N), Move(E), Push(W,W)];30
[Push(N,N), Push(N,N), Move(E), NoOp];0
[Push(N,N), Push(N,N), Move(E), Push(W,N)];21
[Push(N,N), Push(N,N), Move(E), NoOp];1
[Push(N,N), Push(N,N), NoOp, Push(N,N)];21
[Push(N,N), Push(N,N), Move(N), Push(N,N)];20
[Push(N,N), Push(N,N), Move(N), Push(N,N)];0
[Push(N,N), Push(N,N), Move(N), Push(N,N)];0
[Push(N,N), Push(N,N), Move(N), Push(N,N)];0
[Push(N,N), Push(N,N), Move(N), Push(N,N)];0
[Push(N,N), Push(N,N), Move(N), Push(N,N)];0
[Push(N,N), Push(N,N), Move(N), Push(N,N)];0
[Push(N,N), Push(N,N), Move(N), Push(N,N)];0
[Push(N,N), Push(N,N), Move(N), Push(N,N)];0
[Push(N,N), Push(N,E), Move(N), Push(N,N)];0
[Push(N,N), Push(E,E), Move(N), Push(N,N)];1
[Push(N,E), Push(E,E), Move(N), Push(N,N)];0
[Push(E,E), Push(E,E), Move(N), Push(N,N)];0
[Push(E,E), Push(E,E), Move(N), Push(N,N)];0
[Push(E,E), Push(E,E), Move(N), Push(N,N)];0
[Push(E,E), Push(E,E), Move(W), Push(N,N)];0
[Push(E,E), Push(E,E), Move(W), NoOp];1
[Push(E,E), Push(E,E), Move(W), Push(N,E)];15
[Push(E,E), Push(E,E), Move(W), NoOp];0
[Push(E,E), Push(E,E), Move(W), Push(E,E)];15
[Push(E,E), Push(E,E), Move(W), Push(E,E)];0
[Push(E,E), Push(E,E), Move(W), Push(E,E)];0
[Push(E,E), Push(E,E), Move(W), Push(E,E)];0
[Push(E,E), NoOp, Move(W), Push(E,E)];0
[NoOp, Move(W), Move(W), Push(E,E)];26
[Move(W), Move(W), Move(W), Push(E,E)];15
[Move(W), Move(W), Pull(S,W), Push(E,E)];0
[Move(W), Move(W), Push(N,E), Push(E,E)];0
[Move(W), Move(W), Push(E,E), Push(E,E)];0
[Move(W), Move(W), Push(E,E), Push(E,E)];1
[Move(W), Move(W), Push(E,E), Push(E,E)];0
[Move(W), Move(W), Push(E,E), Push(E,E)];0
[Move(W), Move(W), Push(E,E), Push(E,E)];0
[Move(W), Move(W), Push(E,E), Push(E,E)];0
[Move(W), Move(W), Push(E,E), Push(E,E)];0
[Move(W), Move(W), Push(E,E), Push(E,E)];0
[Move(W), Move(W), Push(E,E), Push(E,E)];0
[Move(S), Move(S), Push(E,E), Push(E,E)];0
[Move(S), Move(S), Push(E,S), Push(E,E)];0
[Move(S), Move(S), Push(S,S), Push(E,E)];0
[Move(S), Move(S), Push(S,S), Push(E,E)];0
[Move(S), Move(S), Push(S,S), Push(E,E)];0
[Move(S), Move(S), Push(S,S), Push(E,E)];0
[Move(S), Move(S), Push(S,S), Push(E,E)];0
[Move(S), Move(S), Push(S,S), Push(E,E)];0
[Move(S), Move(S), Push(S,S), Push(E,E)];0
[Move(S), Move(S), Push(S,S), Push(E,E)];0
[Move(S), Move(S), Push(S,S), Push(E,E)];0
[Move(S), Move(S), Push(S,S), Push(E,E)];1
[Move(S), Move(S), Push(S,S), Push(E,E)];0
[Move(S), Move(S), Push(S,S), Push(E,E)];0
[Move(S), Move(S), Push(S,S), Push(E,E)];0
[Move(S), Move(S), Push(S,S), NoOp];0
[Move(S), Move(S), NoOp, Push(E,S)];5
[Move(S), Move(S), Push(S,W), NoOp];9
[Move(S), Move(S), NoOp, Push(S,S)];5
[Move(S), Move(S), Push(W,W), Push(S,S)];18
[Move(S), Move(S), Push(W,W), Push(S,S)];0
[Move(E), Move(E), Push(W,W), NoOp];0
[Move(E), Move(E), Push(W,W), Push(S,W)];4
[Move(N), Move(N), Push(W,W), NoOp];0
[Move(N), Move(N), Push(W,W), Push(W,W)];4
[Move(N), Move(N), Push(W,W), Push(W,W)];0
[Move(N), Pull(S,N), Push(W,W), Push(W,W)];0
[Move(N), Pull(E,N), Push(W,W), NoOp];1
[Pull(E,N), Push(W,S), Push(W,W), Push(W,S)];3
[Push(W,S), Push(S,S), Push(W,W), NoOp];0
[Push(S,S), Push(S,W), Push(W,W), Push(S,S)];3
[Push(S,S), Push(W,W), Push(W,W), Push(S,S)];0
[Push(S,S), Push(W,N), Push(W,W), Push(S,S)];0
[Push(S,S), Push(N,N), Push(W,W), Push(S,S)];0
[Push(S,W), Push(N,N), Push(W,W), Push(S,S)];0
[Push(W,W), Push(N,N), Push(W,W), Push(S,S)];0
[Push(W,N), Push(N,N), Push(W,W), Push(S,S)];0
[Push(N,N), Push(N,N), Push(W,W), NoOp];0
[Push(N,N), Push(N,N), Push(W,W), Push(S,E)];2
[Push(N,N), Push(N,N), Push(W,W), NoOp];0
[Push(N,N), Push(N,N), Push(W,W), Push(E,E)];1
[Push(N,N), Push(N,N), Push(W,W), NoOp];0
[Push(N,N), Push(N,N), Push(W,W), Push(E,N)];1
[Push(N,N), Push(N,N), Push(W,N), NoOp];0
[Push(N,N), Push(N,N), NoOp, Push(N,N)];1
[Push(N,N), Push(N,N), Push(N,W), Push(N,N)];4
[Push(N,N), Push(N,N), Push(W,W), Push(N,N)];0
[Push(N,N), Push(N,N), Push(W,N), Push(N,N)];0
[Push(N,N), Push(N,N), Push(N,N), NoOp];0
[Push(N,N), Push(N,N), Push(N,N), Move(S)];932
[Push(N,N), Push(N,N), Push(N,N), Move(S)];0
[Push(N,N), Push(N,N), Push(N,N), Move(S)];0
[Push(N,N), Push(N,N), Push(N,N), Move(S)];0
[Push(N,N), Push(N,E), Push(N,N), NoOp];0
[Push(N,N), Push(E,E), Push(N,N), Move(W)];893
[Push(N,N), Push(E,E), Push(N,N), Move(W)];0
[Push(N,N), Push(E,E), Push(N,E), NoOp];0
[Push(N,E), Push(E,E), NoOp, Move(N)];903
[Push(E,E), Push(E,E), Push(E,E), Move(N)];1
[Push(E,E), Push(E,E), Push(E,S), Move(N)];0
[Push(E,E), Push(E,E), Push(S,S), Move(N)];0
[Push(E,E), Push(E,E), Push(S,S), Move(N)];0
[Push(E,E), Push(E,E), NoOp, Move(N)];0
[Push(E,E), Push(E,E), Move(N), Move(N)];29
[Push(E,E), Push(E,E), Move(N), Move(N)];0
[Push(E,E), Push(E,E), Move(W), NoOp];0
[Push(E,E), NoOp, Move(W), Move(E)];901
[NoOp, Move(W), Move(S), Move(E)];17
[Move(W), Move(W), Move(S), Move(E)];17
[Move(W), Move(W), Move(S), Move(E)];0
[Move(W), Move(W), Move(S), NoOp];0
[Move(W), Move(W), Move(S), Move(N)];869
[Move(W), Move(W), Move(S), Move(N)];0
[Move(W), Move(W), Move(S), Move(N)];0
[Move(W), Move(W), Move(S), Move(N)];0
[Move(W), Move(W), Move(E), NoOp];0
[Move(W), Move(W), Move(E), Move(W)];875
[Move(S), Move(W), Move(S), Move(W)];0
[Move(S), Move(W), Move(S), Move(W)];0
[Move(S), Move(S), Move(E), Move(W)];0
[Move(S), Move(S), Move(E), Move(W)];0
[Move(S), Move(S), Move(E), Move(W)];0
[Move(S), Move(S), Move(E), Move(W)];0
[Move(S), Move(S), Move(E), Move(W)];0
[Move(S), Move(S), Move(E), Move(W)];0
[Move(S), Move(S), Move(E), Move(W)];0
[Move(S), Move(S), Move(E), Move(W)];0
[Move(S), Move(S), Move(E), Move(W)];0
[Move(S), Move(S), Move(E), Move(W)];0
[Move(S), Move(S), Move(E), Move(W)];0
[Move(S), Move(S), Move(E), Move(W)];0
[Move(S), Move(S), Move(E), Move(W)];0
[Move(S), Move(S), Move(E), Move(W)];0
[Move(S), Move(S), Move(E), Move(W)];0
[Move(S), Move(S), Move(E), Move(W)];0
[Move(S), Move(S), Move(E), Move(W)];0
[Move(S), Move(S), Move(E), Move(W)];0
[Move(S), Move(S), Move(E), Move(W)];0
[Move(E), Move(S), Move(E), Move(W)];0
[Move(E), Move(S), Move(E), Move(W)];0
[Move(N), Move(E), Move(E), Move(W)];0
[Move(N), Move(E), Move(E), Move(W)];0
[Move(N), Move(N), Move(E), Move(W)];0
[Move(N), Move(N), Move(E), Move(W)];0
[Move(N), Move(N), Move(N), Move(W)];0
[Move(N), Move(N), Move(N), Move(W)];0
[Pull(S,N), Pull(S,N), Move(N), Move(W)];0
[Pull(E,N), Pull(E,N), Move(N), Move(W)];0
[Push(W,S), Push(W,S), Move(N), Move(W)];0
[Push(S,S), Push(S,S), Move(N), Move(W)];0
[Push(S,S), Push(S,S), Move(N), NoOp];0
[Push(S,S), Push(S,W), Move(N), Move(S)];843
[Push(S,S), Push(W,W), Move(N), Move(S)];0
[Push(S,W), Push(W,N), Move(N), Move(S)];0
[Push(W,W), Push(N,N), Move(N), Move(S)];0
[Push(W,N), Push(N,N), Move(N), Move(S)];0
[Push(N,N), Push(N,N), Move(N), Move(S)];0
[Push(N,N), Push(N,N), Move(N), Move(S)];0
[Push(N,N), Push(N,N), Move(N), Move(S)];0
[Push(N,N), Push(N,N), Move(W), Move(S)];0
[Push(N,N), Push(N,N), Move(W), Move(S)];0
[Push(N,N), Push(N,N), Move(W), Move(S)];0
[Push(N,N), Push(N,N), Move(W), Move(S)];0
[Push(N,N), Push(N,N), Move(W), Move(S)];0
[Push(N,N), Push(N,N), Move(W), Move(S)];0
[Push(N,N), Push(N,N), Move(W), Move(S)];0
[Push(N,N), Push(N,N), Move(W), Move(S)];0
[Push(N,N), Push(N,N), Move(W), Move(S)];0
[Push(N,N), Push(N,N), Move(W), Move(S)];0
[Push(N,N), Push(N,N), Move(W), NoOp];0
[Push(N,N), Push(N,N), Move(W), Move(E)];762
[Push(N,N), Push(N,N), Pull(S,W), Move(E)];0
[Push(N,N), Push(N,N), Push(N,E), NoOp];0
[Push(N,N), Push(N,N), NoOp, Move(N)];858
[Push(N,N), Push(N,E), Push(E,E), Move(N)];13
[Push(N,N), Push(E,E), Push(E,E), Move(N)];0
[Push(N,E), Push(E,E), Push(E,E), Move(N)];0
[Push(E,E), Push(E,E), Push(E,E), Move(N)];0
[Push(E,E), Push(E,E), Push(E,E), Move(E)];0
[Push(E,E), Push(E,E), Push(E,E), Move(N)];0
[Push(E,E), Push(E,E), Push(E,E), Move(N)];0
[Push(E,E), Push(E,E), Push(E,E), Move(N)];0
[NoOp, Push(E,E), Push(E,E), Move(N)];0
[NoOp, Push(E,E), Push(E,E), Move(N)];0
[NoOp, NoOp, Push(E,E), Move(N)];0
[NoOp, Move(W), Push(E,S), Move(N)];15
[NoOp, Move(W), Push(S,S), Move(N)];0
[NoOp, Move(W), Push(S,S), Move(N)];0
[NoOp, Move(W), Push(S,S), Move(E)];0
[NoOp, Move(W), Push(S,S), Move(N)];0
[NoOp, Move(W), Push(S,S), Move(N)];0
[NoOp, Move(W), Push(S,S), Move(E)];0
[NoOp, Move(W), Push(S,S), Move(E)];0
[NoOp, Move(W), Push(S,S), Move(E)];0
[NoOp, Move(S), Push(S,S), Move(E)];0
[NoOp, Move(S), Push(S,S), Move(E)];0
[NoOp, Move(S), Push(S,S), Move(E)];0
[NoOp, Move(S), Push(S,S), Move(E)];0
[NoOp, Move(S), Push(S,S), NoOp];0
[NoOp, Move(S), Push(S,S), Move(E)];728
[NoOp, Move(S), Push(S,W), Move(E)];0
[NoOp, Move(S), Push(W,W), Move(S)];1
[NoOp, Move(S), Push(W,W), Move(S)];0
[NoOp, Move(S), Push(W,W), Move(E)];0
[NoOp, Move(S), Push(W,W), Move(S)];1
[NoOp, Move(S), Push(W,W), Move(E)];0
[NoOp, Move(S), Push(W,W), Move(S)];0
[NoOp, Move(S), Push(W,W), Move(S)];1
[NoOp, Move(S), Push(W,W), Move(S)];0
[NoOp, Move(S), Push(W,W), Move(S)];1
[NoOp, Move(S), Push(W,W), Move(E)];0
[NoOp, Move(S), Push(W,W), Move(E)];0
[NoOp, Move(S), Push(W,W), Move(E)];1
[NoOp, Move(S), Push(W,W), Move(S)];1
[NoOp, Move(S), Push(W,W), Move(S)];0
[NoOp, Move(E), Push(W,W), Move(S)];0
[NoOp, Move(E), Push(W,W), Move(S)];0
[NoOp, Move(N), Push(W,W), Move(S)];0
[NoOp, Move(N), Push(W,W), Move(E)];1
[NoOp, Move(N), Push(W,W), Move(E)];0
[NoOp, Move(N), Push(W,W), Move(S)];1
[NoOp, Move(N), Push(W,W), Move(E)];0
[NoOp, Pull(E,N), Push(W,W), Move(S)];1
[NoOp, Push(W,S), Push(W,W), NoOp];0
[NoOp, Push(S,S), Push(W,W), Move(E)];709
[NoOp, Push(S,S), Push(W,W), Move(E)];0
[NoOp, Push(S,S), Push(W,N), Move(E)];0
[NoOp, Push(S,S), Push(N,N), Move(S)];0
[NoOp, Push(S,W), Push(N,W), Move(E)];1
[NoOp, Push(W,W), Push(W,N), Move(E)];0
[NoOp, Push(W,N), Push(N,N), Move(E)];0
[NoOp, Push(N,N), Push(N,N), Move(E)];1
[NoOp, Push(N,N), Push(N,N), Move(E)];0
[NoOp, Push(N,N), Push(N,N), Move(E)];0
[NoOp, Push(N,N), Push(N,N), Move(E)];0
[NoOp, Push(N,N), Push(N,N), Move(E)];0
[NoOp, Push(N,N), Push(N,N), Move(E)];0
[NoOp, Push(N,N), Push(N,E), Move(E)];0
[NoOp, Push(N,N), Push(E,E), Move(E)];0
[NoOp, Push(N,N), Push(E,S), NoOp];0
[NoOp, Push(N,N), NoOp, Push(S,W)];810
[NoOp, Push(N,N), Push(S,S), NoOp];1
[NoOp, Push(N,N), NoOp, Push(W,W)];689
[NoOp, Push(N,N), Move(N), Push(W,W)];27
[NoOp, Push(N,N), Move(W), Push(W,N)];0
[NoOp, Push(N,N), Move(W), NoOp];0
[NoOp, Push(N,N), NoOp, Push(N,N)];672
[NoOp, Push(N,N), Move(S), Push(N,W)];30
[NoOp, Push(N,N), Move(S), NoOp];0
[NoOp, Push(N,N), Move(S), Push(W,W)];538
[NoOp, Push(N,N), Move(S), Push(W,W)];0
[NoOp, Push(N,E), Move(S), Push(W,W)];0
[NoOp, Push(E,E), Move(S), Push(W,W)];1
[NoOp, Push(E,E), Move(S), Push(W,W)];0
[NoOp, Push(E,E), Move(S), Push(W,W)];0
[NoOp, Push(E,E), Move(E), Push(W,W)];1
[NoOp, Push(E,E), Move(S), Push(W,W)];0
[NoOp, Push(E,E), Move(E), Push(W,W)];0
[NoOp, Push(E,E), Move(S), Push(W,W)];1
[NoOp, Push(E,E), Move(E), Push(W,W)];0
[NoOp, NoOp, Move(E), Push(W,W)];0
[NoOp, Move(W), Move(E), Push(W,W)];25
[NoOp, Move(W), Move(E), Push(W,W)];0
[NoOp, Move(W), Move(E), Push(W,N)];0
[NoOp, Move(W), Move(E), NoOp];0
[NoOp, Move(W), Move(E), Push(N,W)];331
[NoOp, Move(W), Move(E), NoOp];0
[NoOp, Move(W), Move(E), Push(W,N)];332
[NoOp, Move(W), Move(E), NoOp];0
[NoOp, Move(S), Move(E), Push(N,N)];308
[NoOp, Move(S), Move(E), Push(N,N)];0
[NoOp, Move(S), Move(E), Push(N,N)];0
[NoOp, Move(S), Move(E), Push(N,N)];0
[NoOp, Move(S), Move(E), Push(N,N)];0
[NoOp, Move(S), Move(E), Push(N,N)];0
[NoOp, Move(S), Move(E), Push(N,N)];0
[NoOp, Move(S), Move(E), Push(N,W)];0
[NoOp, Move(S), Move(E), NoOp];0
[NoOp, Move(S), Move(E), Push(W,W)];222
[NoOp, Move(S), Move(E), Push(W,W)];0
[NoOp, Move(S), Move(E), Push(W,W)];0
[NoOp, Move(S), Move(E), Push(W,N)];0
[NoOp, Move(S), Move(E), NoOp];0
[NoOp, Move(S), Move(E), Push(N,W)];185
[NoOp, Move(S), Move(N), NoOp];0
[NoOp, Move(S), Move(N), Push(W,N)];166
[NoOp, Move(S), Move(N), NoOp];0
[NoOp, Move(S), Move(N), Push(N,N)];162
[NoOp, Move(S), Move(N), Push(N,N)];0
[NoOp, Move(S), Move(N), Push(N,N)];0
[NoOp, Move(E), Move(N), NoOp];0
[NoOp, Move(E), Move(N), Push(N,W)];154
[NoOp, Move(N), Move(N), NoOp];0
[NoOp, Move(N), Move(N), Push(W,W)];156
[NoOp, Move(N), Move(N), Push(W,W)];0
[NoOp, Move(N), Move(N), Push(W,W)];0
[NoOp, Move(N), Move(N), Push(W,W)];0
[NoOp, Move(N), Move(N), Push(W,W)];0
[NoOp, Pull(E,N), Move(N), Push(W,W)];0
[NoOp, Push(W,S), Move(W), Push(W,W)];0
[NoOp, Push(S,S), Move(W), Push(W,W)];0
[NoOp, Push(S,S), Move(W), Push(W,S)];0
[NoOp, Push(S,S), Move(W), NoOp];0
[NoOp, Push(S,S), Move(W), Push(S,S)];31
[NoOp, Push(S,S), Move(W), Push(S,S)];0
[NoOp, Push(S,W), Move(W), Push(S,S)];0
[NoOp, Push(W,W), Move(W), Push(S,S)];0
[NoOp, Push(W,N), Move(W), Push(S,S)];0
[NoOp, Push(N,N), Move(W), Push(S,S)];0
[NoOp, Push(N,N), Move(W), Push(S,S)];0
[NoOp, Push(N,N), Move(W), Push(S,S)];0
[NoOp, Push(N,N), Move(W), Push(S,S)];0
[NoOp, Push(N,N), Pull(E,W), Push(S,S)];0
[NoOp, Push(N,N), Pull(S,W), Push(S,S)];0
[NoOp, Push(N,N), Push(N,E), Push(S,S)];0
[NoOp, Push(N,N), Push(E,E), Push(S,S)];0
[NoOp, Push(N,N), Push(E,E), Push(S,S)];0
[NoOp, Push(N,N), Push(E,E), Push(S,S)];0
[NoOp, Push(N,N), Push(E,E), NoOp];0
[NoOp, Push(N,N), Push(E,E), Push(S,W)];34
[NoOp, Push(N,N), Push(E,E), NoOp];0
[NoOp, Push(N,N), Push(E,E), Push(W,W)];21
[NoOp, Push(N,N), Push(E,E), NoOp];0
[NoOp, Push(N,N), Push(E,E), Push(W,N)];21
[NoOp, Push(N,N), Push(E,E), NoOp];0
[NoOp, Push(N,N), Push(E,E), Push(N,N)];23
[NoOp, Push(N,N), Push(E,S), Push(N,N)];0
[NoOp, Push(N,N), Push(S,S), Push(N,N)];0
[NoOp, Push(N,E), Push(S,S), Push(N,N)];0
[NoOp, Push(E,E), Push(S,S), Push(N,N)];0
[NoOp, Push(E,E), Push(S,S), Push(N,N)];0
[NoOp, Push(E,E), Push(S,S), Push(N,N)];0
[NoOp, Push(E,E), Push(S,S), Push(N,N)];0
[NoOp, Push(E,E), Push(S,S), Push(N,N)];0
[NoOp, NoOp, Push(S,S), Push(N,N)];0
[NoOp, NoOp, Push(S,S), Push(N,N)];0
[NoOp, NoOp, Push(S,S), Push(N,N)];0
[NoOp, NoOp, Push(S,S), Push(N,N)];0
[NoOp, NoOp, Push(S,S), Push(N,N)];0
[NoOp, NoOp, Push(S,S), Push(N,N)];0
[NoOp, NoOp, Push(S,S), Push(N,N)];0
[NoOp, NoOp, Push(S,W), Push(N,N)];0
[NoOp, NoOp, Push(W,W), NoOp];0
[NoOp, NoOp, Push(W,W), Push(N,E)];17
[NoOp, NoOp, Push(W,W), NoOp];0
[NoOp, NoOp, Push(W,W), Push(E,E)];14
[NoOp, NoOp, Push(W,W), Push(E,E)];0
[NoOp, NoOp, Push(W,W), Push(E,E)];0
[NoOp, NoOp, Push(W,W), Push(E,E)];0
[NoOp, NoOp, Push(W,W), Push(E,E)];0
[NoOp, NoOp, Push(W,W), Push(E,E)];0
[NoOp, NoOp, Push(W,W), Push(E,E)];0
[NoOp, NoOp, Push(W,W), Push(E,E)];1
[NoOp, NoOp, Push(W,W), Push(E,E)];0
[NoOp, NoOp, Push(W,W), Push(E,E)];0
[NoOp, NoOp, Push(W,W), Push(E,E)];0
[NoOp, NoOp, Push(W,W), Push(E,E)];0
[NoOp, NoOp, Push(W,W), Push(E,E)];0
[NoOp, NoOp, Push(W,W), Push(E,E)];0
[NoOp, NoOp, Push(W,W), Push(E,E)];0
[NoOp, NoOp, Push(W,W), Push(E,E)];0
[NoOp, NoOp, Push(W,W), Push(E,E)];0
[NoOp, NoOp, Push(W,W), Push(E,E)];0
[NoOp, NoOp, Push(W,W), Push(E,E)];0
[NoOp, NoOp, Push(W,W), Push(E,E)];0
[NoOp, NoOp, Push(W,W), Push(E,E)];0
[NoOp, NoOp, Push(W,N), Push(E,E)];0
[NoOp, NoOp, Push(N,W), Push(E,E)];0
[NoOp, NoOp, Push(W,W), Push(E,E)];0
[NoOp, NoOp, Push(W,N), Push(E,E)];1
[NoOp, NoOp, Push(N,N), Push(E,E)];0
[NoOp, NoOp, Push(N,N), Push(E,E)];0
[NoOp, NoOp, Push(N,N), Push(E,E)];1
[NoOp, NoOp, Push(N,N), Push(E,E)];0
[NoOp, NoOp, Push(N,N), Push(E,E)];0
[NoOp, NoOp, Push(N,N), Push(E,E)];0
[NoOp, NoOp, Push(N,N), Push(E,E)];1
[NoOp, NoOp, Push(N,N), Push(E,E)];0
[NoOp, NoOp, Push(N,E), NoOp];0
[NoOp, NoOp, NoOp, Push(E,S)];9
[NoOp, NoOp, Push(E,E), NoOp];1
[NoOp, NoOp, NoOp, Push(S,S)];8
[NoOp, NoOp, Push(E,S), Push(S,S)];1
[NoOp, NoOp, NoOp, Push(S,S)];0
[NoOp, NoOp, NoOp, NoOp];0
[NoOp, NoOp, NoOp, Push(S,W)];7
[NoOp, NoOp, NoOp, NoOp];0
[NoOp, NoOp, NoOp, Push(W,W)];7
[NoOp, NoOp, NoOp, Push(W,W)];0
[NoOp, NoOp, NoOp, Push(W,W)];0
[NoOp, NoOp, NoOp, NoOp];0
[NoOp, NoOp, NoOp, Push(W,S)];6
[NoOp, NoOp, NoOp, NoOp];0
[NoOp, NoOp, NoOp, Push(S,S)];4
[NoOp, NoOp, NoOp, Push(S,S)];0
[NoOp, NoOp, NoOp, Push(S,S)];0
[NoOp, NoOp, NoOp, Push(S,S)];0
[NoOp, NoOp, NoOp, Push(S,S)];0
[NoOp, NoOp, NoOp, Push(S,S)];0
[NoOp, NoOp, NoOp, Push(S,S)];0
[NoOp, NoOp, NoOp, NoOp];0
[NoOp, NoOp, NoOp, Push(S,E)];1
[NoOp, NoOp, NoOp, NoOp];0
[NoOp, NoOp, NoOp, Push(E,E)];1
[NoOp, NoOp, NoOp, NoOp];0
[NoOp, NoOp, NoOp, Push(E,N)];1
[NoOp, NoOp, NoOp, NoOp];0
[NoOp, NoOp, NoOp, Push(N,N)];0
[NoOp, NoOp, NoOp, Push(N,N)];0
[NoOp, NoOp, NoOp, Push(N,N)];0
[NoOp, NoOp, NoOp, NoOp];0
[NoOp, NoOp, NoOp, Move(S)];920
[NoOp, NoOp, NoOp, Move(S)];0
[NoOp, NoOp, NoOp, Move(S)];0
[NoOp, NoOp, NoOp, NoOp];0
[NoOp, NoOp, NoOp, Move(W)];910
[NoOp, NoOp, NoOp, Move(W)];0
[NoOp, NoOp, NoOp, NoOp];0
[NoOp, NoOp, NoOp, Move(N)];957
[NoOp, NoOp, NoOp, Move(N)];0
[NoOp, NoOp, NoOp, Move(N)];0
[NoOp, NoOp, NoOp, Move(N)];0
[NoOp, NoOp, NoOp, Move(N)];0
[NoOp, NoOp, NoOp, Move(N)];0
[NoOp, NoOp, NoOp, Move(N)];0
[NoOp, NoOp, NoOp, Move(N)];0
[NoOp, NoOp, NoOp, NoOp];0
[NoOp, NoOp, NoOp, Move(E)];835
[NoOp, NoOp, NoOp, Move(E)];0
[NoOp, NoOp, NoOp, Move(E)];0
[NoOp, NoOp, NoOp, Move(E)];0
[NoOp, NoOp, NoOp, NoOp];0
[NoOp, NoOp, NoOp, Move(N)];916
[NoOp, NoOp, NoOp, Move(N)];0
[NoOp, NoOp, NoOp, Move(N)];0
[NoOp, NoOp, NoOp, Move(N)];0
[NoOp, NoOp, NoOp, NoOp];0
[NoOp, NoOp, NoOp, Move(W)];878
[NoOp, NoOp, NoOp, Move(W)];0
[NoOp, NoOp, NoOp, Move(W)];0
[NoOp, NoOp, NoOp, Move(W)];0
[NoOp, NoOp, NoOp, Move(W)];0
[NoOp, NoOp, NoOp, Move(W)];0
[NoOp, NoOp, NoOp, Move(W)];0
[NoOp, NoOp, NoOp, Move(W)];0
[NoOp, NoOp, NoOp, Move(W)];0
[NoOp, NoOp, NoOp, Move(W)];0
[NoOp, NoOp, NoOp, Move(W)];0
[NoOp, NoOp, NoOp, Move(W)];0
[NoOp, NoOp, NoOp, Move(W)];0
[NoOp, NoOp, NoOp, Move(W)];0
[NoOp, NoOp, NoOp, Move(W)];0
[NoOp, NoOp, NoOp, Move(W)];0
[NoOp, NoOp, NoOp, Move(W)];0
[NoOp, NoOp, NoOp, Move(W)];0
[NoOp, NoOp, NoOp, Move(W)];0
[NoOp, NoOp, NoOp, Move(W)];0
[NoOp, NoOp, NoOp, Move(W)];0
[NoOp, NoOp, NoOp, Move(W)];0
[NoOp, NoOp, NoOp, Move(W)];0
[NoOp, NoOp, NoOp, Move(W)];0
[NoOp, NoOp, NoOp, Move(W)];0
[NoOp, NoOp, NoOp, Move(W)];0
[NoOp, NoOp, NoOp, Move(W)];0
[NoOp, NoOp, NoOp, Move(W)];0
[NoOp, NoOp, NoOp, Move(W)];0
[NoOp, NoOp, NoOp, Move(W)];0
[NoOp, NoOp, NoOp, Move(W)];0
[NoOp, NoOp, NoOp, Move(W)];0
[NoOp, NoOp, NoOp, Move(W)];0
[NoOp, NoOp, NoOp, Move(W)];0
[NoOp, NoOp, NoOp, NoOp];0
[NoOp, NoOp, NoOp, Move(S)];995
[NoOp, NoOp, NoOp, Move(S)];0
[NoOp, NoOp, NoOp, Move(S)];0
[NoOp, NoOp, NoOp, Move(S)];0
[NoOp, NoOp, NoOp, Move(S)];0
[NoOp, NoOp, NoOp, Move(S)];0
[NoOp, NoOp, NoOp, Move(S)];0
[NoOp, NoOp, NoOp, Move(S)];0
[NoOp, NoOp, NoOp, Move(S)];1
[NoOp, NoOp, NoOp, Move(S)];0
[NoOp, NoOp, NoOp, Move(S)];0
[NoOp, NoOp, NoOp, Move(S)];0
[NoOp, NoOp, NoOp, Move(S)];0
[NoOp, NoOp, NoOp, Move(S)];0
[NoOp, NoOp, NoOp, Move(S)];0
[NoOp, NoOp, NoOp, Move(S)];0
[NoOp, NoOp, NoOp, Move(S)];0
[NoOp, NoOp, NoOp, Move(S)];0
[NoOp, NoOp, NoOp, NoOp];0
[NoOp, NoOp, NoOp, Move(E)];1003
[NoOp, NoOp, NoOp, Move(E)];1
[NoOp, NoOp, NoOp, NoOp];0
[NoOp, NoOp, NoOp, Move(N)];850
[NoOp, NoOp, NoOp, Move(N)];0
[NoOp, NoOp, NoOp, Move(N)];0
[NoOp, NoOp, NoOp, Move(N)];0
[NoOp, NoOp, NoOp, Move(N)];0
[NoOp, NoOp, NoOp, Move(E)];0
[NoOp, NoOp, NoOp, Move(N)];0
[NoOp, NoOp, NoOp, Move(N)];0
[NoOp, NoOp, NoOp, Move(N)];0
[NoOp, NoOp, NoOp, Move(N)];0
[NoOp, NoOp, NoOp, Move(N)];0
[NoOp, NoOp, NoOp, Move(E)];0
[NoOp, NoOp, NoOp, Move(N)];0
[NoOp, NoOp, NoOp, Move(N)];0
[NoOp, NoOp, NoOp, Move(N)];1
[NoOp, NoOp, NoOp, Move(N)];0
[NoOp, NoOp, NoOp, Move(N)];0
[NoOp, NoOp, NoOp, Move(N)];0
[NoOp, NoOp, NoOp, Move(E)];0
[NoOp, NoOp, NoOp, Move(E)];0
[NoOp, NoOp, NoOp, Move(E)];0
[NoOp, NoOp, NoOp, Move(E)];0
[NoOp, NoOp, NoOp, Move(E)];0
[NoOp, NoOp, NoOp, Move(E)];0
[NoOp, NoOp, NoOp, Move(E)];0
[NoOp, NoOp, NoOp, NoOp];0
[NoOp, NoOp, NoOp, Move(E)];739
[NoOp, NoOp, NoOp, Move(S)];0
[NoOp, NoOp, NoOp, Move(E)];0
[NoOp, NoOp, NoOp, Move(S)];0
[NoOp, NoOp, NoOp, Move(S)];0
[NoOp, NoOp, NoOp, Move(S)];0
[NoOp, NoOp, NoOp, Move(E)];0
[NoOp, NoOp, NoOp, Move(E)];0
[NoOp, NoOp, NoOp, Move(E)];0
[NoOp, NoOp, NoOp, Move(S)];0
[NoOp, NoOp, NoOp, Move(E)];0
[NoOp, NoOp, NoOp, Move(S)];0
[NoOp, NoOp, NoOp, Move(S)];0
[NoOp, NoOp, NoOp, Move(E)];0
[NoOp, NoOp, NoOp, Move(S)];0
[NoOp, NoOp, NoOp, Move(E)];0
[NoOp, NoOp, NoOp, Move(S)];0
[NoOp, NoOp, NoOp, Move(E)];0
[NoOp, NoOp, NoOp, Move(S)];0
[NoOp, NoOp, NoOp, Move(S)];1
[NoOp, NoOp, NoOp, Move(S)];0
[NoOp, NoOp, NoOp, Move(S)];0
[NoOp, NoOp, NoOp, Move(S)];0
[NoOp, NoOp, NoOp, Move(E)];0
[NoOp, NoOp, NoOp, Move(E)];0
[NoOp, NoOp, NoOp, Move(E)];0
[NoOp, NoOp, NoOp, Move(E)];0
[NoOp, NoOp, NoOp, Move(S)];0
[NoOp, NoOp, NoOp, Move(E)];0
[NoOp, NoOp, NoOp, Move(E)];0
[NoOp, NoOp, NoOp, Move(S)];0
[NoOp, NoOp, NoOp, Move(E)];0
[NoOp, NoOp, NoOp, Move(E)];0
[NoOp, NoOp, NoOp, Move(E)];0
[NoOp, NoOp, NoOp, Move(E)];0
[NoOp, NoOp, NoOp, Move(E)];0
[NoOp, NoOp, NoOp, Move(E)];0
[NoOp, NoOp, NoOp, Move(E)];0
[NoOp, NoOp, NoOp, Move(E)];0
[NoOp, NoOp, NoOp, Move(E)];0
[NoOp, NoOp, NoOp, NoOp];0
[NoOp, NoOp, NoOp, Push(E,N)];700
[NoOp, NoOp, NoOp, NoOp];0
[NoOp, NoOp, NoOp, Push(N,W)];725
[NoOp, NoOp, NoOp, NoOp];0
[NoOp, NoOp, NoOp, Push(W,W)];686
[NoOp, NoOp, NoOp, Push(W,W)];0
[NoOp, NoOp, NoOp, Push(W,W)];0
[NoOp, NoOp, NoOp, Push(W,W)];0
[NoOp, NoOp, NoOp, Push(W,W)];0
[NoOp, NoOp, NoOp, Push(W,W)];0
[NoOp, NoOp, NoOp, Push(W,W)];0
[NoOp, NoOp, NoOp, Push(W,W)];0
[NoOp, NoOp, NoOp, Push(W,W)];0
[NoOp, NoOp, NoOp, Push(W,W)];1
[NoOp, NoOp, NoOp, Push(W,W)];0
[NoOp, NoOp, NoOp, Push(W,W)];0
[NoOp, NoOp, NoOp, Push(W,W)];0
[NoOp, NoOp, NoOp, Push(W,W)];0
[NoOp, NoOp, NoOp, Push(W,W)];0
[NoOp, NoOp, NoOp, Push(W,W)];1
[NoOp, NoOp, NoOp, Push(W,W)];0
[NoOp, NoOp, NoOp, Push(W,W)];0
[NoOp, NoOp, NoOp, Push(W,W)];0
[NoOp, NoOp, NoOp, Push(W,W)];0
[NoOp, NoOp, NoOp, Push(W,W)];0
[NoOp, NoOp, NoOp, Push(W,W)];0
[NoOp, NoOp, NoOp, Push(W,N)];0
[NoOp, NoOp, NoOp, NoOp];0
[NoOp, NoOp, NoOp, Push(N,N)];224
[NoOp, NoOp, NoOp, Push(N,N)];0
[NoOp, NoOp, NoOp, Push(N,N)];0
[NoOp, NoOp, NoOp, Push(N,N)];0
[NoOp, NoOp, NoOp, Push(N,N)];0
[NoOp, NoOp, NoOp, Push(N,N)];0
[NoOp, NoOp, NoOp, Push(N,N)];0
[NoOp, NoOp, NoOp, Push(N,W)];0
[NoOp, NoOp, NoOp, NoOp];0
[NoOp, NoOp, NoOp, Push(W,N)];194
[NoOp, NoOp, NoOp, NoOp];0
[NoOp, NoOp, NoOp, Push(N,W)];170
[NoOp, NoOp, NoOp, NoOp];0
[NoOp, NoOp, NoOp, Push(W,N)];162
[NoOp, NoOp, NoOp, NoOp];0
[NoOp, NoOp, NoOp, Push(N,N)];160
[NoOp, NoOp, NoOp, Push(N,N)];0
[NoOp, NoOp, NoOp, Push(N,N)];0
[NoOp, NoOp, NoOp, Push(N,N)];0
[NoOp, NoOp, NoOp, Push(N,N)];0
[NoOp, NoOp, NoOp, NoOp];0
[NoOp, NoOp, NoOp, Push(N,W)];154
[NoOp, NoOp, NoOp, NoOp];0
[NoOp, NoOp, NoOp, Push(W,W)];164
[NoOp, NoOp, NoOp, Push(W,W)];0
[NoOp, NoOp, NoOp, Push(W,S)];0
[NoOp, NoOp, NoOp, NoOp];0
[NoOp, NoOp, NoOp, Push(S,S)];141
[NoOp, NoOp, NoOp, Push(S,S)];0
[NoOp, NoOp, NoOp, Push(S,S)];0
[NoOp, NoOp, NoOp, Push(S,W)];0
[NoOp, NoOp, NoOp, NoOp];0
[NoOp, NoOp, NoOp, Push(W,W)];77
[NoOp, NoOp, NoOp, Push(W,W)];0
[NoOp, NoOp, NoOp, Push(W,W)];0
[NoOp, NoOp, NoOp, Push(W,S)];0
[NoOp, NoOp, NoOp, NoOp];0
[NoOp, NoOp, NoOp, Push(S,S)];51
[NoOp, NoOp, NoOp, Push(S,S)];0
[NoOp, NoOp, NoOp, Push(S,S)];0
[NoOp, NoOp, NoOp, Push(S,S)];0
[NoOp, NoOp, NoOp, Push(S,S)];0
[NoOp, NoOp, NoOp, Push(S,S)];0
[NoOp, NoOp, NoOp, Push(S,S)];0
[NoOp, NoOp, NoOp, Push(S,W)];0
[NoOp, NoOp, NoOp, NoOp];0
[NoOp, NoOp, NoOp, Push(W,S)];27
[NoOp, NoOp, NoOp, NoOp];0
[NoOp, NoOp, NoOp, Push(S,W)];24
[NoOp, NoOp, NoOp, NoOp];0
[NoOp, NoOp, NoOp, Push(W,S)];22
[NoOp, NoOp, NoOp, NoOp];1
[NoOp, NoOp, NoOp, Push(S,S)];24
[NoOp, NoOp, NoOp, Push(S,S)];0
[NoOp, NoOp, NoOp, NoOp];0
[NoOp, NoOp, NoOp, Push(S,W)];25
[NoOp, NoOp, NoOp, NoOp];0
[NoOp, NoOp, NoOp, Push(W,W)];21
[NoOp, NoOp, NoOp, NoOp];0
[NoOp, NoOp, NoOp, Push(W,N)];20
[NoOp, NoOp, NoOp, NoOp];0
[NoOp, NoOp, NoOp, Push(N,N)];20
[NoOp, NoOp, NoOp, Push(N,N)];0
[NoOp, NoOp, NoOp, Push(N,N)];0
[NoOp, NoOp, NoOp, Push(N,N)];0
[NoOp, NoOp, NoOp, Push(N,N)];0
[NoOp, NoOp, NoOp, Push(N,N)];0
[NoOp, NoOp, NoOp, Push(N,N)];0
[NoOp, NoOp, NoOp, Push(N,N)];0
[NoOp, NoOp, NoOp, Push(N,N)];0
[NoOp, NoOp, NoOp, Push(N,N)];0
[NoOp, NoOp, NoOp, Push(N,N)];0
[NoOp, NoOp, NoOp, Push(N,N)];0
[NoOp, NoOp, NoOp, Push(N,N)];0
[NoOp, NoOp, NoOp, Push(N,N)];0
[NoOp, NoOp, NoOp, Push(N,N)];0
[NoOp, NoOp, NoOp, Push(N,N)];0
[NoOp, NoOp, NoOp, Push(N,N)];0
[NoOp, NoOp, NoOp, NoOp];0
[NoOp, NoOp, NoOp, Push(N,E)];14
[NoOp, NoOp, NoOp, NoOp];0
[NoOp, NoOp, NoOp, Push(E,E)];16
[NoOp, NoOp, NoOp, Push(E,E)];0
[NoOp, NoOp, NoOp, Push(E,E)];0
[NoOp, NoOp, NoOp, Push(E,E)];0
[NoOp, NoOp, NoOp, Push(E,E)];0
[NoOp, NoOp, NoOp, Push(E,E)];0
[NoOp, NoOp, NoOp, Push(E,E)];0
[NoOp, NoOp, NoOp, Push(E,E)];0
[NoOp, NoOp, NoOp, Push(E,E)];0
[NoOp, NoOp, NoOp, Push(E,E)];0
[NoOp, NoOp, NoOp, Push(E,E)];0
[NoOp, NoOp, NoOp, Push(E,E)];0
[NoOp, NoOp, NoOp, Push(E,E)];0
[NoOp, NoOp, NoOp, Push(E,E)];0
[NoOp, NoOp, NoOp, Push(E,E)];0
[NoOp, NoOp, NoOp, Push(E,E)];0
[NoOp, NoOp, NoOp, Push(E,E)];0
[NoOp, NoOp, NoOp, Push(E,E)];1
[NoOp, NoOp, NoOp, Push(E,E)];0
[NoOp, NoOp, NoOp, Push(E,E)];0
[NoOp, NoOp, NoOp, Push(E,E)];0
[NoOp, NoOp, NoOp, Push(E,E)];0
[NoOp, NoOp, NoOp, Push(E,E)];0
[NoOp, NoOp, NoOp, Push(E,E)];0
[NoOp, NoOp, NoOp, Push(E,E)];0
[NoOp, NoOp, NoOp, Push(E,E)];0
[NoOp, NoOp, NoOp, Push(E,E)];0
[NoOp, NoOp, NoOp, Push(E,E)];0
[NoOp, NoOp, NoOp, Push(E,E)];0
[NoOp, NoOp, NoOp, Push(E,E)];0
[NoOp, NoOp, NoOp, Push(E,E)];0
[NoOp, NoOp, NoOp, Push(E,E)];0
[NoOp, NoOp, NoOp, Push(E,E)];0
[NoOp, NoOp, NoOp, NoOp];0
[NoOp, NoOp, NoOp, Push(E,S)];2
[NoOp, NoOp, NoOp, NoOp];0
[NoOp, NoOp, NoOp, Push(S,S)];6
[NoOp, NoOp, NoOp, Push(S,S)];0
[NoOp, NoOp, NoOp, Push(S,S)];0
[NoOp, NoOp, NoOp, NoOp];0
[NoOp, NoOp, NoOp, Push(S,W)];5
[NoOp, NoOp, NoOp, NoOp];0
[NoOp, NoOp, NoOp, Push(W,W)];4
[NoOp, NoOp, NoOp, Push(W,W)];0
[NoOp, NoOp, NoOp, Push(W,W)];0
[NoOp, NoOp, NoOp, NoOp];1
[NoOp, NoOp, NoOp, Push(W,S)];2
[NoOp, NoOp, NoOp, NoOp];0
[NoOp, NoOp, NoOp, Push(S,S)];3
[NoOp, NoOp, NoOp, Push(S,S)];0
[NoOp, NoOp, NoOp, Push(S,S)];0
[NoOp, NoOp, NoOp, Push(S,S)];0
[NoOp, NoOp, NoOp, Push(S,S)];0
[NoOp, NoOp, NoOp, Push(S,S)];0
[NoOp, NoOp, NoOp, Push(S,S)];0
[NoOp, NoOp, NoOp, NoOp];0
[NoOp, NoOp, NoOp, Push(S,E)];1
[NoOp, NoOp, NoOp, NoOp];0
[NoOp, NoOp, NoOp, Push(E,E)];1
[NoOp, NoOp, NoOp, NoOp];0
[NoOp, NoOp, NoOp, Push(E,N)];1
[NoOp, NoOp, NoOp, NoOp];0
[NoOp, NoOp, NoOp, Push(N,N)];1
[NoOp, NoOp, NoOp, Push(N,N)];0
[NoOp, NoOp, NoOp, NoOp];0
[NoOp, NoOp, NoOp, Move(S)];935
[NoOp, NoOp, NoOp, Move(S)];0
[NoOp, NoOp, NoOp, NoOp];0
[NoOp, NoOp, NoOp, Move(W)];889
[NoOp, NoOp, NoOp, Move(W)];0
[NoOp, NoOp, NoOp, NoOp];0
[NoOp, NoOp, NoOp, Move(N)];876
[NoOp, NoOp, NoOp, Move(N)];0
[NoOp, NoOp, NoOp, Move(N)];0
[NoOp, NoOp, NoOp, Move(N)];0
[NoOp, NoOp, NoOp, Move(N)];0
[NoOp, NoOp, NoOp, Move(N)];0
[NoOp, NoOp, NoOp, Move(N)];0
[NoOp, NoOp, NoOp, Move(N)];0
[NoOp, NoOp, NoOp, NoOp];0
[NoOp, NoOp, NoOp, Move(E)];927
[NoOp, NoOp, NoOp, Move(E)];0
[NoOp, NoOp, NoOp, Move(E)];0
[NoOp, NoOp, NoOp, Move(E)];0
[NoOp, NoOp, NoOp, NoOp];0
[NoOp, NoOp, NoOp, Move(N)];922
[NoOp, NoOp, NoOp, Move(N)];0
[NoOp, NoOp, NoOp, Move(N)];0
[NoOp, NoOp, NoOp, Move(N)];0
[NoOp, NoOp, NoOp, NoOp];0
[NoOp, NoOp, NoOp, Move(W)];816
[NoOp, NoOp, NoOp, Move(W)];0
[NoOp, NoOp, NoOp, Move(W)];0
[NoOp, NoOp, NoOp, Move(W)];0
[NoOp, NoOp, NoOp, Move(W)];0
[NoOp, NoOp, NoOp, Move(W)];0
[NoOp, NoOp, NoOp, Move(W)];0
[NoOp, NoOp, NoOp, Move(W)];0
[NoOp, NoOp, NoOp, Move(W)];0
[NoOp, NoOp, NoOp, Move(W)];0
[NoOp, NoOp, NoOp, Move(W)];0
[NoOp, NoOp, NoOp, Move(W)];0
[NoOp, NoOp, NoOp, Move(W)];0
[NoOp, NoOp, NoOp, Move(W)];0
[NoOp, NoOp, NoOp, Move(W)];0
[NoOp, NoOp, NoOp, Move(W)];0
[NoOp, NoOp, NoOp, Move(W)];0
[NoOp, NoOp, NoOp, Move(W)];0
[NoOp, NoOp, NoOp, Move(W)];1
[NoOp, NoOp, NoOp, Move(W)];0
[NoOp, NoOp, NoOp, Move(W)];0
[NoOp, NoOp, NoOp, Move(W)];0
[NoOp, NoOp, NoOp, Move(W)];0
[NoOp, NoOp, NoOp, Move(W)];0
[NoOp, NoOp, NoOp, Move(W)];1
[NoOp, NoOp, NoOp, Move(W)];0
[NoOp, NoOp, NoOp, Move(W)];0
[NoOp, NoOp, NoOp, Move(W)];0
[NoOp, NoOp, NoOp, Move(W)];0
[NoOp, NoOp, NoOp, Move(W)];0
[NoOp, NoOp, NoOp, Move(W)];0
[NoOp, NoOp, NoOp, Move(W)];0
[NoOp, NoOp, NoOp, Move(W)];0
[NoOp, NoOp, NoOp, Move(W)];0
[NoOp, NoOp, NoOp, NoOp];0
[NoOp, NoOp, NoOp, Move(S)];854
[NoOp, NoOp, NoOp, Move(S)];0
[NoOp, NoOp, NoOp, Move(S)];0
[NoOp, NoOp, NoOp, Move(S)];0
[NoOp, NoOp, NoOp, Move(S)];1
[NoOp, NoOp, NoOp, Move(S)];0
[NoOp, NoOp, NoOp, Move(S)];0
[NoOp, NoOp, NoOp, Move(S)];0
[NoOp, NoOp, NoOp, Move(S)];0
[NoOp, NoOp, NoOp, Move(S)];0
[NoOp, NoOp, NoOp, Move(S)];0
[NoOp, NoOp, NoOp, Move(S)];0
[NoOp, NoOp, NoOp, Move(S)];0
[NoOp, NoOp, NoOp, Move(S)];0
[NoOp, NoOp, NoOp, Move(S)];0
[NoOp, NoOp, NoOp, Move(S)];0
[NoOp, NoOp, NoOp, Move(S)];0
[NoOp, NoOp, NoOp, Move(S)];4
[NoOp, NoOp, NoOp, NoOp];0
[NoOp, NoOp, NoOp, Move(E)];886
[NoOp, NoOp, NoOp, Move(E)];0
[NoOp, NoOp, NoOp, NoOp];0
[NoOp, NoOp, NoOp, Move(N)];796
[NoOp, NoOp, NoOp, Move(N)];0
[NoOp, NoOp, NoOp, Move(E)];0
[NoOp, NoOp, NoOp, Move(E)];0
[NoOp, NoOp, NoOp, Move(N)];0
[NoOp, NoOp, NoOp, Move(E)];0
[NoOp, NoOp, NoOp, Move(N)];0
[NoOp, NoOp, NoOp, Move(N)];0
[NoOp, NoOp, NoOp, Move(N)];0
[NoOp, NoOp, NoOp, Move(N)];0
[NoOp, NoOp, NoOp, Move(N)];0
[NoOp, NoOp, NoOp, Move(E)];0
[NoOp, NoOp, NoOp, Move(E)];0
[NoOp, NoOp, NoOp, Move(N)];0
[NoOp, NoOp, NoOp, Move(N)];0
[NoOp, NoOp, NoOp, Move(N)];0
[NoOp, NoOp, NoOp, Move(N)];0
[NoOp, NoOp, NoOp, Move(N)];0
[NoOp, NoOp, NoOp, Move(E)];0
[NoOp, NoOp, NoOp, Move(E)];0
[NoOp, NoOp, NoOp, Move(N)];0
[NoOp, NoOp, NoOp, Move(N)];0
[NoOp, NoOp, NoOp, Move(N)];0
[NoOp, NoOp, NoOp, NoOp];0
[NoOp, NoOp, NoOp, Move(E)];866
[NoOp, NoOp, NoOp, Move(E)];0
[NoOp, NoOp, NoOp, NoOp];0
[NoOp, NoOp, NoOp, Move(S)];708
[NoOp, NoOp, NoOp, Move(E)];1
[NoOp, NoOp, NoOp, Move(S)];0
[NoOp, NoOp, NoOp, Move(E)];0
[NoOp, NoOp, NoOp, Move(S)];0
[NoOp, NoOp, NoOp, Move(S)];0
[NoOp, NoOp, NoOp, Move(E)];0
[NoOp, NoOp, NoOp, Move(S)];0
[NoOp, NoOp, NoOp, Move(S)];0
[NoOp, NoOp, NoOp, Move(S)];0
[NoOp, NoOp, NoOp, Move(E)];0
[NoOp, NoOp, NoOp, Move(E)];0
[NoOp, NoOp, NoOp, Move(S)];0
[NoOp, NoOp, NoOp, Move(E)];0
[NoOp, NoOp, NoOp, Move(S)];0
[NoOp, NoOp, NoOp, Move(S)];0
[NoOp, NoOp, NoOp, Move(E)];0
[NoOp, NoOp, NoOp, Move(S)];0
[NoOp, NoOp, NoOp, Move(E)];0
[NoOp, NoOp, NoOp, Move(E)];0
[NoOp, NoOp, NoOp, Move(S)];0
[NoOp, NoOp, NoOp, Move(S)];0
[NoOp, NoOp, NoOp, Move(S)];0
[NoOp, NoOp, NoOp, Move(S)];0
[NoOp, NoOp, NoOp, Move(E)];0
[NoOp, NoOp, NoOp, Move(E)];0
[NoOp, NoOp, NoOp, Move(E)];0
[NoOp, NoOp, NoOp, Move(E)];0
[NoOp, NoOp, NoOp, Move(E)];0
[NoOp, NoOp, NoOp, Move(S)];0
[NoOp, NoOp, NoOp, Move(E)];0
[NoOp, NoOp, NoOp, Move(E)];0
[NoOp, NoOp, NoOp, Move(E)];0
[NoOp, NoOp, NoOp, Move(E)];0
[NoOp, NoOp, NoOp, Move(E)];0
[NoOp, NoOp, NoOp, Move(E)];0
[NoOp, NoOp, NoOp, Move(E)];0
[NoOp, NoOp, NoOp, Move(E)];0
[NoOp, NoOp, NoOp, Move(E)];0
[NoOp, NoOp, NoOp, Move(E)];0
[NoOp, NoOp, NoOp, Move(E)];0
[NoOp, NoOp, NoOp, NoOp];0
[NoOp, NoOp, NoOp, Push(E,N)];732
[NoOp, NoOp, NoOp, NoOp];0
[NoOp, NoOp, NoOp, Push(N,N)];706
[NoOp, NoOp, NoOp, Push(N,W)];0
[NoOp, NoOp, NoOp, NoOp];0
[NoOp, NoOp, NoOp, Push(W,W)];577
[NoOp, NoOp, NoOp, Push(W,W)];0
[NoOp, NoOp, NoOp, Push(W,W)];0
[NoOp, NoOp, NoOp, Push(W,W)];0
[NoOp, NoOp, NoOp, Push(W,W)];0
[NoOp, NoOp, NoOp, Push(W,W)];0
[NoOp, NoOp, NoOp, Push(W,W)];0
[NoOp, NoOp, NoOp, Push(W,W)];0
[NoOp, NoOp, NoOp, Push(W,W)];0
[NoOp, NoOp, NoOp, Push(W,W)];0
[NoOp, NoOp, NoOp, Push(W,W)];0
[NoOp, NoOp, NoOp, Push(W,W)];0
[NoOp, NoOp, NoOp, Push(W,W)];0
[NoOp, NoOp, NoOp, Push(W,W)];0
[NoOp, NoOp, NoOp, Push(W,W)];0
[NoOp, NoOp, NoOp, Push(W,W)];0
[NoOp, NoOp, NoOp, Push(W,N)];0
[NoOp, NoOp, NoOp, NoOp];0
[NoOp, NoOp, NoOp, Push(N,N)];479
[NoOp, NoOp, NoOp, Push(N,N)];0
[NoOp, NoOp, NoOp, Push(N,N)];0
[NoOp, NoOp, NoOp, Push(N,N)];0
[NoOp, NoOp, NoOp, Push(N,N)];0
[NoOp, NoOp, NoOp, Push(N,N)];0
[NoOp, NoOp, NoOp, Push(N,N)];0
[NoOp, NoOp, NoOp, Push(N,W)];0
[NoOp, NoOp, NoOp, NoOp];0
[NoOp, NoOp, NoOp, Push(W,N)];291
[NoOp, NoOp, NoOp, NoOp];0
[NoOp, NoOp, NoOp, Push(N,N)];258
[NoOp, NoOp, NoOp, Push(N,W)];0
[NoOp, NoOp, NoOp, NoOp];0
[NoOp, NoOp, NoOp, Push(W,W)];238
[NoOp, NoOp, NoOp, Push(W,N)];0
[NoOp, NoOp, NoOp, NoOp];0
[NoOp, NoOp, NoOp, Push(N,N)];207
[NoOp, NoOp, NoOp, Push(N,W)];0
[NoOp, NoOp, NoOp, NoOp];0
[NoOp, NoOp, NoOp, Push(W,N)];180
[NoOp, NoOp, NoOp, NoOp];0
[NoOp, NoOp, NoOp, Push(N,N)];175
[NoOp, NoOp, NoOp, Push(N,W)];0
[NoOp, NoOp, NoOp, NoOp];0
[NoOp, NoOp, NoOp, Push(W,W)];155
[NoOp, NoOp, NoOp, Push(W,W)];0
[NoOp, NoOp, NoOp, Push(W,W)];0
[NoOp, NoOp, NoOp, Push(W,W)];0
[NoOp, NoOp, NoOp, Push(W,W)];0
[NoOp, NoOp, NoOp, Push(W,W)];0
[NoOp, NoOp, NoOp, Push(W,W)];0
[NoOp, NoOp, NoOp, Push(W,W)];0
[NoOp, NoOp, NoOp, Push(W,S)];1
[NoOp, NoOp, NoOp, NoOp];0
[NoOp, NoOp, NoOp, Push(S,W)];120
[NoOp, NoOp, NoOp, NoOp];0
[NoOp, NoOp, NoOp, Push(W,S)];98
[NoOp, NoOp, NoOp, NoOp];0
[NoOp, NoOp, NoOp, Push(S,S)];81
[NoOp, NoOp, NoOp, Push(S,S)];0
[NoOp, NoOp, NoOp, Push(S,S)];0
[NoOp, NoOp, NoOp, Push(S,W)];0
[NoOp, NoOp, NoOp, NoOp];0
[NoOp, NoOp, NoOp, Push(W,W)];60
[NoOp, NoOp, NoOp, Push(W,W)];0
[NoOp, NoOp, NoOp, Push(W,S)];0
[NoOp, NoOp, NoOp, NoOp];0
[NoOp, NoOp, NoOp, Push(S,W)];34
[NoOp, NoOp, NoOp, NoOp];0
[NoOp, NoOp, NoOp, Push(W,S)];25
[NoOp, NoOp, NoOp, NoOp];0
[NoOp, NoOp, NoOp, Push(S,S)];33
[NoOp, NoOp, NoOp, Push(S,S)];0
[NoOp, NoOp, NoOp, Push(S,S)];0
[NoOp, NoOp, NoOp, Push(S,S)];0
[NoOp, NoOp, NoOp, Push(S,S)];0
[NoOp, NoOp, NoOp, Push(S,S)];0
[NoOp, NoOp, NoOp, Push(S,S)];0
[NoOp, NoOp, NoOp, Push(S,S)];0
[NoOp, NoOp, NoOp, Push(S,S)];0
[NoOp, NoOp, NoOp, NoOp];0
[NoOp, NoOp, NoOp, Push(S,W)];21
[NoOp, NoOp, NoOp, NoOp];0
[NoOp, NoOp, NoOp, Push(W,W)];22
[NoOp, NoOp, NoOp, NoOp];0
[NoOp, NoOp, NoOp, Push(W,N)];19
[NoOp, NoOp, NoOp, NoOp];0
[NoOp, NoOp, NoOp, Push(N,N)];20
[NoOp, NoOp, NoOp, Push(N,N)];0
[NoOp, NoOp, NoOp, Push(N,N)];0
[NoOp, NoOp, NoOp, Push(N,N)];0
[NoOp, NoOp, NoOp, Push(N,N)];0
[NoOp, NoOp, NoOp, Push(N,N)];0
[NoOp, NoOp, NoOp, Push(N,N)];0
[NoOp, NoOp, NoOp, Push(N,N)];0
[NoOp, NoOp, NoOp, Push(N,N)];0
[NoOp, NoOp, NoOp, Push(N,N)];0
[NoOp, NoOp, NoOp, Push(N,N)];0
[NoOp, NoOp, NoOp, Push(N,N)];0
[NoOp, NoOp, NoOp, Push(N,N)];0
[NoOp, NoOp, NoOp, Push(N,N)];0
[NoOp, NoOp, NoOp, Push(N,N)];0
[NoOp, NoOp, NoOp, Push(N,N)];0
[NoOp, NoOp, NoOp, Push(N,N)];0
[NoOp, NoOp, NoOp, NoOp];0
[NoOp, NoOp, NoOp, Push(N,E)];17
[NoOp, NoOp, NoOp, NoOp];0
[NoOp, NoOp, NoOp, Push(E,E)];19
[NoOp, NoOp, NoOp, Push(E,E)];0
[NoOp, NoOp, NoOp, Push(E,E)];0
[NoOp, NoOp, NoOp, Push(E,E)];0
[NoOp, NoOp, NoOp, Push(E,E)];0
[NoOp, NoOp, NoOp, Push(E,E)];0
[NoOp, NoOp, NoOp, Push(E,E)];0
[NoOp, NoOp, NoOp, Push(E,E)];0
[NoOp, NoOp, NoOp, Push(E,E)];0
[NoOp, NoOp, NoOp, Push(E,E)];0
[NoOp, NoOp, NoOp, Push(E,E)];0
[NoOp, NoOp, NoOp, Push(E,E)];0
[NoOp, NoOp, NoOp, Push(E,E)];0
[NoOp, NoOp, NoOp, Push(E,E)];0
[NoOp, NoOp, NoOp, Push(E,E)];0
[NoOp, NoOp, NoOp, Push(E,E)];0
[NoOp, NoOp, NoOp, Push(E,E)];0
[NoOp, NoOp, NoOp, Push(E,E)];0
[NoOp, NoOp, NoOp, Push(E,E)];0
[NoOp, NoOp, NoOp, Push(E,E)];0
[NoOp, NoOp, NoOp, Push(E,E)];0
[NoOp, NoOp, NoOp, Push(E,E)];0
[NoOp, NoOp, NoOp, Push(E,E)];0
[NoOp, NoOp, NoOp, Push(E,E)];0
[NoOp, NoOp, NoOp, Push(E,E)];0
[NoOp, NoOp, NoOp, Push(E,E)];0
[NoOp, NoOp, NoOp, Push(E,E)];0
[NoOp, NoOp, NoOp, Push(E,E)];0
[NoOp, NoOp, NoOp, Push(E,E)];0
[NoOp, NoOp, NoOp, Push(E,E)];0
[NoOp, NoOp, NoOp, Push(E,E)];0
[NoOp, NoOp, NoOp, Push(E,E)];0
[NoOp, NoOp, NoOp, Push(E,E)];0
[NoOp, NoOp, NoOp, NoOp];0
[NoOp, NoOp, NoOp, Push(E,S)];4
[NoOp, NoOp, NoOp, NoOp];0
[NoOp, NoOp, NoOp, Push(S,S)];4
[NoOp, NoOp, NoOp, Push(S,S)];0
[NoOp, NoOp, NoOp, Push(S,S)];0
[NoOp, NoOp, NoOp, NoOp];0
[NoOp, NoOp, NoOp, Push(S,W)];3
[NoOp, NoOp, NoOp, NoOp];0
[NoOp, NoOp, NoOp, Push(W,W)];3
[NoOp, NoOp, NoOp, Push(W,W)];0
[NoOp, NoOp, NoOp, Push(W,W)];0
[NoOp, NoOp, NoOp, NoOp];0
[NoOp, NoOp, NoOp, Push(W,S)];3
[NoOp, NoOp, NoOp, NoOp];0
[NoOp, NoOp, NoOp, Push(S,S)];2
[NoOp, NoOp, NoOp, Push(S,S)];0
[NoOp, NoOp, NoOp, Push(S,S)];0
[NoOp, NoOp, NoOp, Push(S,S)];0
[NoOp, NoOp, NoOp, Push(S,S)];0
[NoOp, NoOp, NoOp, Push(S,S)];0
[NoOp, NoOp, NoOp, Push(S,S)];0
[NoOp, NoOp, NoOp, NoOp];0
[NoOp, NoOp, NoOp, Push(S,E)];1
[NoOp, NoOp, NoOp, NoOp];0
[NoOp, NoOp, NoOp, Push(E,E)];1
[NoOp, NoOp, NoOp, NoOp];0
[NoOp, NoOp, NoOp, Push(E,N)];0
[NoOp, NoOp, NoOp, NoOp];0
[NoOp, NoOp, NoOp, Push(N,N)];1
[NoOp, NoOp, NoOp, NoOp];2
[NoOp, NoOp, NoOp, Move(S)];849
[NoOp, NoOp, NoOp, NoOp];0
[NoOp, NoOp, NoOp, Move(W)];951
[NoOp, NoOp, NoOp, Move(W)];0
[NoOp, NoOp, NoOp, NoOp];0
[NoOp, NoOp, NoOp, Move(N)];931
[NoOp, NoOp, NoOp, Move(N)];0
[NoOp, NoOp, NoOp, Move(N)];0
[NoOp, NoOp, NoOp, Move(N)];0
[NoOp, NoOp, NoOp, Move(N)];0
[NoOp, NoOp, NoOp, Move(N)];0
[NoOp, NoOp, NoOp, Move(N)];0
[NoOp, NoOp, NoOp, Move(N)];0
[NoOp, NoOp, NoOp, NoOp];0
[NoOp, NoOp, NoOp, Move(E)];869
[NoOp, NoOp, NoOp, Move(E)];0
[NoOp, NoOp, NoOp, Move(E)];0
[NoOp, NoOp, NoOp, Move(E)];0
[NoOp, NoOp, NoOp, NoOp];0
[NoOp, NoOp, NoOp, Move(N)];894
[NoOp, NoOp, NoOp, Move(N)];0
[NoOp, NoOp, NoOp, Move(N)];0
[NoOp, NoOp, NoOp, Move(N)];0
[NoOp, NoOp, NoOp, NoOp];0
[NoOp, NoOp, NoOp, Move(W)];889
[NoOp, NoOp, NoOp, Move(W)];0
[NoOp, NoOp, NoOp, Move(W)];0
[NoOp, NoOp, NoOp, Move(W)];0
[NoOp, NoOp, NoOp, Move(W)];0
[NoOp, NoOp, NoOp, Move(W)];0
[NoOp, NoOp, NoOp, Move(W)];0
[NoOp, NoOp, NoOp, Move(W)];0
[NoOp, NoOp, NoOp, Move(W)];0
[NoOp, NoOp, NoOp, Move(W)];0
[NoOp, NoOp, NoOp, Move(W)];0
[NoOp, NoOp, NoOp, Move(W)];0
[NoOp, NoOp, NoOp, Move(W)];0
[NoOp, NoOp, NoOp, Move(W)];0
[NoOp, NoOp, NoOp, Move(W)];0
[NoOp, NoOp, NoOp, Move(W)];0
[NoOp, NoOp, NoOp, Move(W)];0
[NoOp, NoOp, NoOp, Move(W)];0
[NoOp, NoOp, NoOp, Move(W)];0
[NoOp, NoOp, NoOp, Move(W)];0
[NoOp, NoOp, NoOp, Move(W)];0
[NoOp, NoOp, NoOp, Move(W)];0
[NoOp, NoOp, NoOp, Move(W)];0
[NoOp, NoOp, NoOp, Move(W)];0
[NoOp, NoOp, NoOp, Move(W)];0
[NoOp, NoOp, NoOp, Move(W)];0
[NoOp, NoOp, NoOp, Move(W)];0
[NoOp, NoOp, NoOp, Move(W)];0
[NoOp, NoOp, NoOp, Move(W)];0
[NoOp, NoOp, NoOp, Move(W)];0
[NoOp, NoOp, NoOp, Move(W)];0
[NoOp, NoOp, NoOp, Move(W)];0
[NoOp, NoOp, NoOp, Move(W)];0
[NoOp, NoOp, NoOp, Move(W)];0
[NoOp, NoOp, NoOp, NoOp];0
[NoOp, NoOp, NoOp, Move(S)];776
[NoOp, NoOp, NoOp, Move(S)];0
[NoOp, NoOp, NoOp, Move(S)];0
[NoOp, NoOp, NoOp, Move(S)];0
[NoOp, NoOp, NoOp, Move(S)];0
[NoOp, NoOp, NoOp, Move(S)];0
[NoOp, NoOp, NoOp, Move(S)];0
[NoOp, NoOp, NoOp, Move(S)];0
[NoOp, NoOp, NoOp, Move(S)];0
[NoOp, NoOp, NoOp, Move(S)];0
[NoOp, NoOp, NoOp, Move(S)];0
[NoOp, NoOp, NoOp, Move(S)];0
[NoOp, NoOp, NoOp, Move(S)];0
[NoOp, NoOp, NoOp, Move(S)];0
[NoOp, NoOp, NoOp, Move(S)];0
[NoOp, NoOp, NoOp, Move(S)];0
[NoOp, NoOp, NoOp, Move(S)];0
[NoOp, NoOp, NoOp, Move(S)];0
[NoOp, NoOp, NoOp, NoOp];0
[NoOp, NoOp, NoOp, Move(E)];732
[NoOp, NoOp, NoOp, Move(E)];0
[NoOp, NoOp, NoOp, NoOp];0
[NoOp, NoOp, NoOp, Move(N)];846
[NoOp, NoOp, NoOp, Move(N)];0
[NoOp, NoOp, NoOp, Move(E)];0
[NoOp, NoOp, NoOp, Move(N)];0
[NoOp, NoOp, NoOp, Move(N)];0
[NoOp, NoOp, NoOp, Move(N)];0
[NoOp, NoOp, NoOp, Move(N)];0
[NoOp, NoOp, NoOp, Move(N)];0
[NoOp, NoOp, NoOp, Move(E)];0
[NoOp, NoOp, NoOp, Move(N)];0
[NoOp, NoOp, NoOp, Move(E)];0
[NoOp, NoOp, NoOp, Move(N)];0
[NoOp, NoOp, NoOp, Move(N)];0
[NoOp, NoOp, NoOp, Move(E)];0
[NoOp, NoOp, NoOp, Move(E)];0
[NoOp, NoOp, NoOp, Move(E)];0
[NoOp, NoOp, NoOp, Move(E)];0
[NoOp, NoOp, NoOp, Move(N)];0
[NoOp, NoOp, NoOp, Move(N)];0
[NoOp, NoOp, NoOp, Move(N)];0
[NoOp, NoOp, NoOp, Move(N)];0
[NoOp, NoOp, NoOp, Move(N)];0
[NoOp, NoOp, NoOp, Move(N)];0
[NoOp, NoOp, NoOp, NoOp];0
[NoOp, NoOp, NoOp, Move(E)];709
[NoOp, NoOp, NoOp, Move(E)];0
[NoOp, NoOp, NoOp, Move(E)];0
[NoOp, NoOp, NoOp, Move(E)];1
[NoOp, NoOp, NoOp, Move(S)];0
[NoOp, NoOp, NoOp, Move(E)];0
[NoOp, NoOp, NoOp, Move(E)];0
[NoOp, NoOp, NoOp, Move(S)];0
[NoOp, NoOp, NoOp, Move(S)];0
[NoOp, NoOp, NoOp, Move(E)];0
[NoOp, NoOp, NoOp, Move(E)];0
[NoOp, NoOp, NoOp, Move(S)];0
[NoOp, NoOp, NoOp, Move(S)];0
[NoOp, NoOp, NoOp, Move(S)];0
[NoOp, NoOp, NoOp, Move(S)];0
[NoOp, NoOp, NoOp, Move(S)];0
[NoOp, NoOp, NoOp, Move(S)];0
[NoOp, NoOp, NoOp, Move(S)];0
[NoOp, NoOp, NoOp, Move(S)];0
[NoOp, NoOp, NoOp, Move(S)];0
[NoOp, NoOp, NoOp, Move(E)];0
[NoOp, NoOp, NoOp, Move(E)];0
[NoOp, NoOp, NoOp, Move(E)];0
[NoOp, NoOp, NoOp, Move(E)];0
[NoOp, NoOp, NoOp, Move(S)];0
[NoOp, NoOp, NoOp, Move(S)];0
[NoOp, NoOp, NoOp, Move(S)];0
[NoOp, NoOp, NoOp, Move(S)];0
[NoOp, NoOp, NoOp, Move(E)];0
[NoOp, NoOp, NoOp, Move(E)];0
[NoOp, NoOp, NoOp, Move(E)];1
[NoOp, NoOp, NoOp, Move(E)];0
[NoOp, NoOp, NoOp, Move(E)];0
[NoOp, NoOp, NoOp, Move(E)];0
[NoOp, NoOp, NoOp, Move(E)];0
[NoOp, NoOp, NoOp, Move(E)];0
[NoOp, NoOp, NoOp, Move(E)];0
[NoOp, NoOp, NoOp, Move(E)];0
[NoOp, NoOp, NoOp, Move(E)];0
[NoOp, NoOp, NoOp, Move(E)];0
[NoOp, NoOp, NoOp, Move(E)];0
[NoOp, NoOp, NoOp, Move(E)];0
[NoOp, NoOp, NoOp, Move(E)];0
[NoOp, NoOp, NoOp, Move(E)];0
[NoOp, NoOp, NoOp, NoOp];0
[NoOp, NoOp, NoOp, Push(E,N)];694
[NoOp, NoOp, NoOp, NoOp];0
[NoOp, NoOp, NoOp, Push(N,N)];656
[NoOp, NoOp, NoOp, Push(N,W)];0
[NoOp, NoOp, NoOp, NoOp];0
[NoOp, NoOp, NoOp, Push(W,W)];485
[NoOp, NoOp, NoOp, Push(W,W)];0
[NoOp, NoOp, NoOp, Push(W,W)];0
[NoOp, NoOp, NoOp, Push(W,W)];0
[NoOp, NoOp, NoOp, Push(W,W)];0
[NoOp, NoOp, NoOp, Push(W,W)];0
[NoOp, NoOp, NoOp, Push(W,W)];0
[NoOp, NoOp, NoOp, Push(W,W)];0
[NoOp, NoOp, NoOp, Push(W,W)];0
[NoOp, NoOp, NoOp, Push(W,W)];0
[NoOp, NoOp, NoOp, Push(W,W)];0
[NoOp, NoOp, NoOp, Push(W,W)];0
[NoOp, NoOp, NoOp, Push(W,W)];0
[NoOp, NoOp, NoOp, Push(W,W)];0
[NoOp, NoOp, NoOp, Push(W,W)];0
[NoOp, NoOp, NoOp, Push(W,W)];0
[NoOp, NoOp, NoOp, Push(W,W)];0
[NoOp, NoOp, NoOp, Push(W,N)];0
[NoOp, NoOp, NoOp, NoOp];0
[NoOp, NoOp, NoOp, Push(N,N)];486
[NoOp, NoOp, NoOp, Push(N,N)];0
[NoOp, NoOp, NoOp, Push(N,N)];0
[NoOp, NoOp, NoOp, Push(N,N)];0
[NoOp, NoOp, NoOp, Push(N,N)];0
[NoOp, NoOp, NoOp, Push(N,N)];0
[NoOp, NoOp, NoOp, Push(N,N)];0
[NoOp, NoOp, NoOp, Push(N,N)];2
[NoOp, NoOp, NoOp, Push(N,W)];0
[NoOp, NoOp, NoOp, NoOp];0
[NoOp, NoOp, NoOp, Push(W,N)];245
[NoOp, NoOp, NoOp, NoOp];0
[NoOp, NoOp, NoOp, Push(N,N)];232
[NoOp, NoOp, NoOp, Push(N,W)];0
[NoOp, NoOp, NoOp, NoOp];0
[NoOp, NoOp, NoOp, Push(W,W)];210
[NoOp, NoOp, NoOp, Push(W,N)];0
[NoOp, NoOp, NoOp, NoOp];0
[NoOp, NoOp, NoOp, Push(N,W)];189
[NoOp, NoOp, NoOp, NoOp];1
[NoOp, NoOp, NoOp, Push(W,N)];182
[NoOp, NoOp, NoOp, NoOp];0
[NoOp, NoOp, NoOp, Push(N,N)];174
[NoOp, NoOp, NoOp, Push(N,W)];1
[NoOp, NoOp, NoOp, NoOp];0
[NoOp, NoOp, NoOp, Push(W,W)];155
[NoOp, NoOp, NoOp, Push(W,W)];0
[NoOp, NoOp, NoOp, Push(W,W)];0
[NoOp, NoOp, NoOp, Push(W,W)];0
[NoOp, NoOp, NoOp, Push(W,W)];0
[NoOp, NoOp, NoOp, Push(W,W)];0
[NoOp, NoOp, NoOp, Push(W,W)];0
[NoOp, NoOp, NoOp, Push(W,S)];0
[NoOp, NoOp, NoOp, NoOp];0
[NoOp, NoOp, NoOp, Push(S,S)];144
[NoOp, NoOp, NoOp, Push(S,S)];0
[NoOp, NoOp, NoOp, Push(S,S)];0
[NoOp, NoOp, NoOp, Push(S,S)];0
[NoOp, NoOp, NoOp, Push(S,W)];0
[NoOp, NoOp, NoOp, NoOp];0
[NoOp, NoOp, NoOp, Push(W,W)];77
[NoOp, NoOp, NoOp, Push(W,S)];0
[NoOp, NoOp, NoOp, NoOp];0
[NoOp, NoOp, NoOp, Push(S,S)];68
[NoOp, NoOp, NoOp, Push(S,W)];0
[NoOp, NoOp, NoOp, NoOp];0
[NoOp, NoOp, NoOp, Push(W,S)];47
[NoOp, NoOp, NoOp, NoOp];0
[NoOp, NoOp, NoOp, Push(S,W)];47
[NoOp, NoOp, NoOp, NoOp];0
[NoOp, NoOp, NoOp, Push(W,S)];40
[NoOp, NoOp, NoOp, NoOp];0
[NoOp, NoOp, NoOp, Push(S,S)];37
[NoOp, NoOp, NoOp, Push(S,S)];0
[NoOp, NoOp, NoOp, Push(S,W)];0
[NoOp, NoOp, NoOp, NoOp];0
[NoOp, NoOp, NoOp, Push(W,W)];27
[NoOp, NoOp, NoOp, Push(W,S)];0
[NoOp, NoOp, NoOp, NoOp];0
[NoOp, NoOp, NoOp, Push(S,S)];31
[NoOp, NoOp, NoOp, Push(S,S)];0
[NoOp, NoOp, NoOp, Push(S,S)];0
[NoOp, NoOp, NoOp, Push(S,S)];0
[NoOp, NoOp, NoOp, NoOp];0
[NoOp, NoOp, NoOp, Push(S,W)];20
[NoOp, NoOp, NoOp, NoOp];0
[NoOp, NoOp, NoOp, Push(W,W)];19
[NoOp, NoOp, NoOp, NoOp];0
[NoOp, NoOp, NoOp, Push(W,N)];19
[NoOp, NoOp, NoOp, NoOp];0
[NoOp, NoOp, NoOp, Push(N,N)];20
[NoOp, NoOp, NoOp, Push(N,N)];0
[NoOp, NoOp, NoOp, Push(N,N)];0
[NoOp, NoOp, NoOp, Push(N,N)];0
[NoOp, NoOp, NoOp, Push(N,N)];0
[NoOp, NoOp, NoOp, Push(N,N)];0
[NoOp, NoOp, NoOp, Push(N,N)];0
[NoOp, NoOp, NoOp, Push(N,N)];0
[NoOp, NoOp, NoOp, Push(N,N)];0
[NoOp, NoOp, NoOp, Push(N,N)];0
[NoOp, NoOp, NoOp, Push(N,N)];0
[NoOp, NoOp, NoOp, Push(N,N)];0
[NoOp, NoOp, NoOp, Push(N,N)];0
[NoOp, NoOp, NoOp, Push(N,N)];0
[NoOp, NoOp, NoOp, Push(N,N)];0
[NoOp, NoOp, NoOp, Push(N,N)];0
[NoOp, NoOp, NoOp, Push(N,N)];0
[NoOp, NoOp, NoOp, NoOp];0
[NoOp, NoOp, NoOp, Push(N,E)];14
[NoOp, NoOp, NoOp, NoOp];0
[NoOp, NoOp, NoOp, Push(E,E)];19
[NoOp, NoOp, NoOp, Push(E,E)];0
[NoOp, NoOp, NoOp, Push(E,E)];0
[NoOp, NoOp, NoOp, Push(E,E)];0
[NoOp, NoOp, NoOp, Push(E,E)];0
[NoOp, NoOp, NoOp, Push(E,E)];0
[NoOp, NoOp, NoOp, Push(E,E)];0
[NoOp, NoOp, NoOp, Push(E,E)];0
[NoOp, NoOp, NoOp, Push(E,E)];0
[NoOp, NoOp, NoOp, Push(E,E)];0
[NoOp, NoOp, NoOp, Push(E,E)];1
[NoOp, NoOp, NoOp, Push(E,E)];0
[NoOp, NoOp, NoOp, Push(E,E)];0
[NoOp, NoOp, NoOp, Push(E,E)];0
[NoOp, NoOp, NoOp, Push(E,E)];0
[NoOp, NoOp, NoOp, Push(E,E)];0
[NoOp, NoOp, NoOp, Push(E,E)];0
[NoOp, NoOp, NoOp, Push(E,E)];0
[NoOp, NoOp, NoOp, Push(E,E)];0
[NoOp, NoOp, NoOp, Push(E,E)];0
[NoOp, NoOp, NoOp, Push(E,E)];0
[NoOp, NoOp, NoOp, Push(E,E)];0
[NoOp, NoOp, NoOp, Push(E,E)];0
[NoOp, NoOp, NoOp, Push(E,E)];0
[NoOp, NoOp, NoOp, Push(E,E)];0
[NoOp, NoOp, NoOp, Push(E,E)];0
[NoOp, NoOp, NoOp, Push(E,E)];0
[NoOp, NoOp, NoOp, Push(E,E)];0
[NoOp, NoOp, NoOp, Push(E,E)];0
[NoOp, NoOp, NoOp, Push(E,E)];0
[NoOp, NoOp, NoOp, Push(E,E)];0
[NoOp, NoOp, NoOp, Push(E,E)];0
[NoOp, NoOp, NoOp, Push(E,E)];0
[NoOp, NoOp, NoOp, NoOp];0
[NoOp, NoOp, NoOp, Push(E,S)];3
[NoOp, NoOp, NoOp, NoOp];0
[NoOp, NoOp, NoOp, Push(S,S)];4
[NoOp, NoOp, NoOp, Push(S,S)];0
[NoOp, NoOp, NoOp, Push(S,S)];0
[NoOp, NoOp, NoOp, NoOp];0
[NoOp, NoOp, NoOp, Push(S,W)];3
[NoOp, NoOp, NoOp, NoOp];0
[NoOp, NoOp, NoOp, Push(W,W)];2
[NoOp, NoOp, NoOp, Push(W,W)];0
[NoOp, NoOp, NoOp, Push(W,W)];0
[NoOp, NoOp, NoOp, NoOp];0
[NoOp, NoOp, NoOp, Push(W,S)];2
[NoOp, NoOp, NoOp, NoOp];0
[NoOp, NoOp, NoOp, Push(S,S)];2
[NoOp, NoOp, NoOp, Push(S,S)];0
[NoOp, NoOp, NoOp, Push(S,S)];0
[NoOp, NoOp, NoOp, Push(S,S)];0
[NoOp, NoOp, NoOp, Push(S,S)];0
[NoOp, NoOp, NoOp, Push(S,S)];0
[NoOp, NoOp, NoOp, Push(S,S)];0
[NoOp, NoOp, NoOp, NoOp];0
[NoOp, NoOp, NoOp, Push(S,E)];1
[NoOp, NoOp, NoOp, NoOp];0
[NoOp, NoOp, NoOp, Push(E,E)];0
[NoOp, NoOp, NoOp, NoOp];0
[NoOp, NoOp, NoOp, Push(E,N)];1
b8f8c643bd45d2b30fa2d104aa923fbfdb3fa04a
successful
89061
1814
8827653b40f57f1f141ae76cc540328f3fcf4bb2
1495036201698
