red: 1,2,A,B,C
cyan: 3,4,D,E,F
blue: 5,6,0,7,G,H,X,Y
 ++++++++    ++++++++
 +abcg  +    +  hdef+
 +++++ ++    ++ +++++
 +0  + +      + +   +
 +  Y+ +      + +X 7+
 +++++ ++++++++ +++++
    +            +
+++++ ++++++++++ +++++
+1        DA        3+
+     ++++++++++     +
+5       EGHB       6+
+     ++++++++++     +
+2        FC        4+
++++++++++++++++++++++

[NoOp, Move(E), NoOp, Move(W), NoOp, Move(E), Move(W), NoOp];509
[NoOp, NoOp, NoOp, NoOp, NoOp, Move(E), Move(W), NoOp];7
[NoOp, Move(E), NoOp, Move(W), NoOp, NoOp, Move(W), NoOp];46
[NoOp, Move(E), NoOp, Move(W), NoOp, NoOp, Move(W), NoOp];2
[NoOp, NoOp, NoOp, NoOp, NoOp, NoOp, Move(W), NoOp];2
[NoOp, NoOp, NoOp, NoOp, NoOp, NoOp, Move(W), NoOp];2
[NoOp, NoOp, NoOp, NoOp, NoOp, NoOp, Move(W), NoOp];1
[NoOp, NoOp, NoOp, NoOp, NoOp, NoOp, NoOp, NoOp];1
[NoOp, NoOp, NoOp, NoOp, NoOp, NoOp, NoOp, NoOp];2
[NoOp, NoOp, NoOp, NoOp, NoOp, NoOp, NoOp, NoOp];1
[NoOp, NoOp, NoOp, NoOp, NoOp, NoOp, NoOp, NoOp];1
[NoOp, NoOp, NoOp, NoOp, NoOp, NoOp, NoOp, NoOp];1
[NoOp, NoOp, NoOp, NoOp, NoOp, NoOp, NoOp, NoOp];2
[NoOp, NoOp, NoOp, NoOp, NoOp, NoOp, NoOp, NoOp];1
[NoOp, NoOp, NoOp, NoOp, NoOp, NoOp, NoOp, NoOp];1
[NoOp, NoOp, NoOp, NoOp, NoOp, NoOp, NoOp, NoOp];1
[NoOp, NoOp, NoOp, NoOp, NoOp, NoOp, NoOp, NoOp];1
[NoOp, NoOp, NoOp, NoOp, NoOp, NoOp, NoOp, NoOp];1
[NoOp, Move(E), NoOp, Move(W), NoOp, Move(E), NoOp, NoOp];148
[NoOp, NoOp, NoOp, NoOp, NoOp, Move(E), NoOp, NoOp];5
[NoOp, NoOp, NoOp, NoOp, NoOp, Move(E), NoOp, NoOp];6
[NoOp, NoOp, NoOp, NoOp, NoOp, Move(E), NoOp, NoOp];10
[NoOp, NoOp, NoOp, NoOp, NoOp, Move(E), NoOp, NoOp];10
[NoOp, NoOp, NoOp, NoOp, NoOp, NoOp, NoOp, NoOp];10
[NoOp, NoOp, NoOp, NoOp, NoOp, NoOp, NoOp, NoOp];8
[NoOp, NoOp, NoOp, NoOp, NoOp, NoOp, NoOp, NoOp];8
[NoOp, NoOp, NoOp, NoOp, NoOp, NoOp, NoOp, NoOp];11
[NoOp, NoOp, NoOp, NoOp, NoOp, NoOp, NoOp, NoOp];8
[NoOp, NoOp, NoOp, NoOp, NoOp, NoOp, NoOp, NoOp];7
[NoOp, NoOp, NoOp, NoOp, NoOp, NoOp, NoOp, NoOp];7
[NoOp, NoOp, NoOp, NoOp, NoOp, NoOp, NoOp, NoOp];7
[NoOp, NoOp, NoOp, NoOp, NoOp, NoOp, NoOp, NoOp];9
[NoOp, NoOp, NoOp, NoOp, NoOp, NoOp, NoOp, NoOp];7
[NoOp, NoOp, NoOp, NoOp, NoOp, NoOp, NoOp, NoOp];11
[NoOp, Move(E), NoOp, Move(W), NoOp, NoOp, NoOp, NoOp];52
[NoOp, NoOp, NoOp, NoOp, NoOp, NoOp, NoOp, NoOp];6
[NoOp, Move(W), NoOp, Move(E), NoOp, NoOp, NoOp, NoOp];14
[NoOp, NoOp, NoOp, NoOp, NoOp, NoOp, NoOp, NoOp];4
[NoOp, NoOp, NoOp, Move(S), NoOp, NoOp, NoOp, NoOp];22
[NoOp, Move(S), NoOp, NoOp, NoOp, NoOp, NoOp, NoOp];7
[NoOp, NoOp, NoOp, NoOp, NoOp, NoOp, NoOp, NoOp];4
[NoOp, NoOp, NoOp, NoOp, NoOp, NoOp, NoOp, NoOp];3
[NoOp, NoOp, NoOp, NoOp, NoOp, NoOp, NoOp, NoOp];3
[NoOp, NoOp, NoOp, NoOp, NoOp, NoOp, NoOp, NoOp];4
[NoOp, NoOp, NoOp, NoOp, NoOp, NoOp, NoOp, NoOp];3
[NoOp, NoOp, NoOp, NoOp, NoOp, NoOp, NoOp, NoOp];3
[NoOp, NoOp, NoOp, NoOp, NoOp, NoOp, NoOp, NoOp];2
[NoOp, NoOp, NoOp, NoOp, NoOp, NoOp, NoOp, NoOp];3
[NoOp, NoOp, NoOp, NoOp, NoOp, NoOp, NoOp, NoOp];3
[NoOp, NoOp, NoOp, NoOp, NoOp, NoOp, NoOp, NoOp];2
[NoOp, NoOp, NoOp, NoOp, NoOp, NoOp, NoOp, NoOp];3
[NoOp, Move(N), NoOp, Move(N), NoOp, NoOp, NoOp, NoOp];79
[NoOp, NoOp, NoOp, NoOp, NoOp, NoOp, NoOp, NoOp];4
[NoOp, NoOp, NoOp, NoOp, NoOp, NoOp, NoOp, NoOp];6
[NoOp, NoOp, NoOp, NoOp, NoOp, NoOp, NoOp, NoOp];6
[NoOp, NoOp, NoOp, NoOp, NoOp, NoOp, NoOp, NoOp];5
[NoOp, NoOp, NoOp, NoOp, NoOp, NoOp, NoOp, NoOp];6
[NoOp, NoOp, NoOp, NoOp, NoOp, NoOp, NoOp, NoOp];6
[NoOp, NoOp, NoOp, NoOp, NoOp, NoOp, NoOp, NoOp];7
[NoOp, NoOp, NoOp, NoOp, NoOp, NoOp, NoOp, NoOp];5
[NoOp, NoOp, NoOp, NoOp, NoOp, NoOp, NoOp, NoOp];5
[NoOp, NoOp, NoOp, NoOp, NoOp, NoOp, NoOp, NoOp];6
[NoOp, NoOp, NoOp, NoOp, NoOp, NoOp, NoOp, NoOp];5
[NoOp, Move(E), NoOp, Move(W), NoOp, NoOp, NoOp, NoOp];40
[NoOp, NoOp, NoOp, NoOp, NoOp, NoOp, NoOp, NoOp];6
[NoOp, Move(W), NoOp, Move(E), NoOp, NoOp, NoOp, NoOp];8
[NoOp, NoOp, NoOp, NoOp, NoOp, NoOp, NoOp, NoOp];3
[NoOp, Move(S), NoOp, Move(S), NoOp, NoOp, NoOp, NoOp];11
[NoOp, NoOp, NoOp, NoOp, NoOp, NoOp, NoOp, NoOp];3
[NoOp, NoOp, NoOp, NoOp, NoOp, NoOp, NoOp, NoOp];3
[NoOp, NoOp, NoOp, NoOp, NoOp, NoOp, NoOp, NoOp];3
[NoOp, NoOp, NoOp, NoOp, NoOp, NoOp, NoOp, NoOp];3
[NoOp, NoOp, NoOp, NoOp, NoOp, NoOp, NoOp, NoOp];3
[NoOp, NoOp, NoOp, NoOp, NoOp, NoOp, NoOp, NoOp];3
[NoOp, NoOp, NoOp, NoOp, NoOp, NoOp, NoOp, NoOp];3
[NoOp, NoOp, NoOp, NoOp, NoOp, NoOp, NoOp, NoOp];2
[NoOp, NoOp, NoOp, NoOp, NoOp, NoOp, NoOp, NoOp];6
[NoOp, NoOp, NoOp, NoOp, NoOp, NoOp, NoOp, NoOp];0
[NoOp, NoOp, NoOp, NoOp, NoOp, NoOp, NoOp, NoOp];7
[NoOp, Move(N), NoOp, Move(N), NoOp, NoOp, NoOp, NoOp];66
[NoOp, NoOp, NoOp, NoOp, NoOp, NoOp, NoOp, NoOp];4
[NoOp, NoOp, NoOp, NoOp, NoOp, NoOp, NoOp, NoOp];4
[NoOp, NoOp, NoOp, NoOp, NoOp, NoOp, NoOp, NoOp];3
[NoOp, NoOp, NoOp, NoOp, NoOp, NoOp, NoOp, NoOp];4
[NoOp, NoOp, NoOp, NoOp, NoOp, NoOp, NoOp, NoOp];4
[NoOp, NoOp, NoOp, NoOp, NoOp, NoOp, NoOp, NoOp];4
[NoOp, NoOp, NoOp, NoOp, NoOp, NoOp, NoOp, NoOp];4
[NoOp, NoOp, NoOp, NoOp, NoOp, NoOp, NoOp, NoOp];4
[NoOp, NoOp, NoOp, NoOp, NoOp, NoOp, NoOp, NoOp];5
[NoOp, NoOp, NoOp, NoOp, NoOp, NoOp, NoOp, NoOp];7
[NoOp, NoOp, NoOp, NoOp, NoOp, NoOp, NoOp, NoOp];4
[NoOp, Move(E), NoOp, Move(W), NoOp, NoOp, NoOp, NoOp];34
[NoOp, NoOp, NoOp, NoOp, NoOp, NoOp, NoOp, NoOp];5
[NoOp, Move(W), NoOp, Move(E), NoOp, NoOp, NoOp, NoOp];12
[NoOp, NoOp, NoOp, NoOp, NoOp, NoOp, NoOp, NoOp];3
[NoOp, Move(S), NoOp, NoOp, NoOp, NoOp, NoOp, NoOp];14
[NoOp, NoOp, NoOp, NoOp, NoOp, NoOp, NoOp, NoOp];12
[NoOp, NoOp, NoOp, NoOp, NoOp, NoOp, NoOp, NoOp];9
[NoOp, NoOp, NoOp, NoOp, NoOp, NoOp, NoOp, NoOp];14
[NoOp, NoOp, NoOp, NoOp, NoOp, NoOp, NoOp, NoOp];11
[NoOp, NoOp, NoOp, NoOp, NoOp, NoOp, NoOp, NoOp];13
[NoOp, NoOp, NoOp, NoOp, NoOp, NoOp, NoOp, NoOp];18
[NoOp, NoOp, NoOp, NoOp, NoOp, NoOp, NoOp, NoOp];10
[NoOp, NoOp, NoOp, NoOp, NoOp, NoOp, NoOp, NoOp];13
[NoOp, NoOp, NoOp, NoOp, NoOp, NoOp, NoOp, NoOp];16
[NoOp, NoOp, NoOp, NoOp, NoOp, NoOp, NoOp, NoOp];8
[NoOp, NoOp, NoOp, NoOp, NoOp, NoOp, NoOp, NoOp];13
[NoOp, NoOp, NoOp, Move(N), NoOp, NoOp, NoOp, NoOp];35
[NoOp, Move(N), NoOp, NoOp, NoOp, NoOp, NoOp, NoOp];4
[NoOp, NoOp, NoOp, NoOp, NoOp, NoOp, NoOp, NoOp];3
[NoOp, Move(S), NoOp, NoOp, NoOp, NoOp, NoOp, NoOp];14
[NoOp, NoOp, NoOp, Move(N), NoOp, NoOp, NoOp, NoOp];15
[NoOp, NoOp, NoOp, NoOp, NoOp, NoOp, NoOp, NoOp];6
[NoOp, NoOp, NoOp, Move(W), NoOp, NoOp, NoOp, NoOp];25
[NoOp, NoOp, NoOp, NoOp, NoOp, NoOp, NoOp, NoOp];10
[NoOp, NoOp, NoOp, Move(W), NoOp, NoOp, NoOp, NoOp];21
[NoOp, NoOp, NoOp, NoOp, NoOp, NoOp, NoOp, NoOp];5
[NoOp, NoOp, NoOp, Move(W), NoOp, NoOp, NoOp, NoOp];7
[NoOp, NoOp, NoOp, NoOp, NoOp, NoOp, NoOp, NoOp];4
[NoOp, NoOp, NoOp, Move(W), NoOp, NoOp, NoOp, NoOp];11
[NoOp, NoOp, NoOp, Move(W), NoOp, NoOp, NoOp, NoOp];8
[NoOp, NoOp, NoOp, NoOp, Move(N), NoOp, NoOp, NoOp];5
[NoOp, NoOp, NoOp, Move(W), NoOp, NoOp, NoOp, NoOp];15
[NoOp, NoOp, NoOp, Move(W), Move(W), NoOp, NoOp, NoOp];4
[NoOp, NoOp, NoOp, Move(W), NoOp, NoOp, NoOp, NoOp];2
[NoOp, NoOp, NoOp, Move(W), Move(N), NoOp, NoOp, NoOp];8
[NoOp, NoOp, NoOp, Move(W), NoOp, NoOp, NoOp, NoOp];5
[NoOp, NoOp, NoOp, Move(W), Move(S), NoOp, NoOp, NoOp];14
[NoOp, NoOp, NoOp, NoOp, NoOp, NoOp, NoOp, NoOp];12
[NoOp, NoOp, NoOp, Move(S), Move(W), NoOp, NoOp, NoOp];8
[NoOp, NoOp, NoOp, Move(S), Move(W), NoOp, NoOp, NoOp];1
[NoOp, NoOp, NoOp, NoOp, Move(W), NoOp, NoOp, NoOp];1
[NoOp, NoOp, NoOp, NoOp, Move(S), NoOp, NoOp, NoOp];4
[NoOp, NoOp, NoOp, NoOp, NoOp, NoOp, NoOp, NoOp];6
[NoOp, NoOp, NoOp, NoOp, Move(N), NoOp, NoOp, NoOp];4
[NoOp, NoOp, NoOp, NoOp, Move(E), NoOp, NoOp, NoOp];4
[NoOp, NoOp, NoOp, NoOp, Move(N), NoOp, NoOp, NoOp];4
[NoOp, NoOp, NoOp, NoOp, NoOp, NoOp, NoOp, NoOp];3
[NoOp, NoOp, NoOp, NoOp, NoOp, NoOp, NoOp, NoOp];2
[NoOp, NoOp, NoOp, NoOp, NoOp, NoOp, NoOp, NoOp];3
[NoOp, NoOp, NoOp, NoOp, NoOp, NoOp, NoOp, NoOp];3
[NoOp, NoOp, NoOp, NoOp, NoOp, NoOp, NoOp, NoOp];4
[NoOp, NoOp, NoOp, NoOp, NoOp, NoOp, NoOp, NoOp];3
[NoOp, NoOp, NoOp, NoOp, NoOp, NoOp, NoOp, NoOp];4
[NoOp, NoOp, NoOp, NoOp, NoOp, NoOp, NoOp, NoOp];1
[NoOp, NoOp, NoOp, NoOp, NoOp, NoOp, NoOp, NoOp];2
[NoOp, NoOp, NoOp, NoOp, NoOp, NoOp, NoOp, NoOp];3
[NoOp, NoOp, NoOp, NoOp, NoOp, NoOp, NoOp, NoOp];2
[NoOp, NoOp, NoOp, Move(E), NoOp, NoOp, NoOp, NoOp];33
[NoOp, NoOp, NoOp, NoOp, Move(N), NoOp, NoOp, NoOp];3
[NoOp, Move(N), NoOp, NoOp, NoOp, NoOp, NoOp, NoOp];3
[NoOp, NoOp, NoOp, NoOp, NoOp, NoOp, NoOp, NoOp];2
[NoOp, NoOp, NoOp, NoOp, NoOp, NoOp, NoOp, NoOp];5
[NoOp, NoOp, NoOp, NoOp, Move(N), NoOp, NoOp, NoOp];1
[NoOp, NoOp, NoOp, NoOp, NoOp, NoOp, NoOp, NoOp];1
[NoOp, NoOp, NoOp, NoOp, NoOp, NoOp, NoOp, NoOp];1
[NoOp, NoOp, NoOp, NoOp, NoOp, NoOp, NoOp, NoOp];1
[NoOp, NoOp, NoOp, NoOp, NoOp, NoOp, NoOp, NoOp];1
[NoOp, NoOp, NoOp, NoOp, NoOp, NoOp, NoOp, NoOp];2
[NoOp, NoOp, NoOp, NoOp, NoOp, NoOp, NoOp, NoOp];1
[NoOp, NoOp, NoOp, NoOp, NoOp, NoOp, NoOp, NoOp];1
[NoOp, NoOp, NoOp, NoOp, NoOp, NoOp, NoOp, NoOp];2
[NoOp, NoOp, NoOp, NoOp, NoOp, NoOp, NoOp, NoOp];17
[NoOp, NoOp, NoOp, NoOp, NoOp, NoOp, NoOp, NoOp];1
[NoOp, NoOp, NoOp, NoOp, NoOp, NoOp, NoOp, NoOp];2
[NoOp, Move(N), NoOp, NoOp, NoOp, NoOp, NoOp, NoOp];49
[NoOp, NoOp, NoOp, NoOp, NoOp, NoOp, NoOp, NoOp];4
[NoOp, NoOp, NoOp, Move(W), NoOp, NoOp, NoOp, NoOp];5
[NoOp, NoOp, NoOp, NoOp, NoOp, NoOp, NoOp, NoOp];4
[NoOp, NoOp, NoOp, Move(S), NoOp, NoOp, NoOp, NoOp];10
[NoOp, NoOp, NoOp, Move(S), NoOp, NoOp, NoOp, NoOp];4
[NoOp, NoOp, NoOp, NoOp, NoOp, NoOp, NoOp, NoOp];3
[NoOp, NoOp, NoOp, Move(E), NoOp, Move(W), NoOp, NoOp];3
[NoOp, Move(S), NoOp, NoOp, NoOp, NoOp, NoOp, NoOp];1
[NoOp, NoOp, NoOp, NoOp, NoOp, NoOp, NoOp, NoOp];2
[NoOp, Move(S), NoOp, NoOp, NoOp, NoOp, NoOp, NoOp];3
[NoOp, NoOp, NoOp, Move(W), NoOp, NoOp, NoOp, NoOp];1
[NoOp, NoOp, NoOp, NoOp, NoOp, NoOp, NoOp, NoOp];1
[NoOp, NoOp, NoOp, NoOp, NoOp, Move(W), NoOp, NoOp];2
[NoOp, NoOp, NoOp, NoOp, NoOp, NoOp, NoOp, NoOp];0
[NoOp, NoOp, NoOp, NoOp, NoOp, NoOp, NoOp, NoOp];1
[NoOp, NoOp, NoOp, Move(W), NoOp, NoOp, NoOp, NoOp];2
[NoOp, NoOp, NoOp, NoOp, NoOp, NoOp, NoOp, NoOp];1
[NoOp, NoOp, NoOp, NoOp, NoOp, Move(W), NoOp, NoOp];2
[NoOp, NoOp, NoOp, NoOp, NoOp, NoOp, NoOp, NoOp];0
[NoOp, NoOp, NoOp, NoOp, NoOp, Move(S), NoOp, NoOp];1
[NoOp, NoOp, NoOp, NoOp, NoOp, NoOp, NoOp, NoOp];2
[NoOp, Move(S), NoOp, NoOp, NoOp, Move(W), NoOp, NoOp];1
[NoOp, Move(E), NoOp, NoOp, NoOp, Move(W), NoOp, NoOp];1
[NoOp, Move(E), NoOp, NoOp, NoOp, NoOp, NoOp, NoOp];0
[NoOp, Move(E), NoOp, NoOp, NoOp, Move(N), NoOp, NoOp];0
[NoOp, NoOp, NoOp, NoOp, NoOp, Move(N), NoOp, NoOp];3
[NoOp, NoOp, NoOp, NoOp, NoOp, NoOp, NoOp, NoOp];0
[NoOp, NoOp, NoOp, NoOp, NoOp, Move(E), NoOp, NoOp];0
[NoOp, NoOp, NoOp, NoOp, NoOp, NoOp, NoOp, NoOp];0
[NoOp, NoOp, NoOp, Move(E), NoOp, NoOp, NoOp, NoOp];1
[NoOp, NoOp, NoOp, Move(E), NoOp, NoOp, NoOp, NoOp];0
[NoOp, NoOp, NoOp, Move(E), NoOp, NoOp, NoOp, NoOp];1
[NoOp, NoOp, NoOp, NoOp, NoOp, NoOp, NoOp, NoOp];0
[NoOp, NoOp, NoOp, NoOp, NoOp, NoOp, NoOp, NoOp];0
[NoOp, NoOp, NoOp, NoOp, NoOp, NoOp, NoOp, NoOp];1
[NoOp, NoOp, NoOp, NoOp, NoOp, NoOp, NoOp, NoOp];0
[NoOp, NoOp, NoOp, NoOp, NoOp, NoOp, NoOp, NoOp];0
[NoOp, NoOp, NoOp, NoOp, NoOp, NoOp, NoOp, NoOp];1
[NoOp, NoOp, NoOp, NoOp, NoOp, Move(N), NoOp, NoOp];1
[NoOp, NoOp, NoOp, NoOp, NoOp, NoOp, NoOp, NoOp];1
[NoOp, NoOp, NoOp, NoOp, NoOp, NoOp, NoOp, NoOp];0
[NoOp, NoOp, NoOp, NoOp, NoOp, NoOp, NoOp, NoOp];1
[NoOp, NoOp, NoOp, NoOp, NoOp, NoOp, NoOp, NoOp];0
[NoOp, NoOp, NoOp, NoOp, NoOp, NoOp, NoOp, NoOp];1
[NoOp, NoOp, NoOp, NoOp, NoOp, NoOp, NoOp, NoOp];0
[NoOp, NoOp, NoOp, NoOp, NoOp, NoOp, NoOp, NoOp];0
[NoOp, NoOp, NoOp, NoOp, NoOp, NoOp, NoOp, NoOp];1
[NoOp, NoOp, NoOp, NoOp, NoOp, NoOp, NoOp, NoOp];1
[NoOp, NoOp, NoOp, NoOp, NoOp, NoOp, NoOp, NoOp];1
[NoOp, NoOp, NoOp, NoOp, NoOp, NoOp, NoOp, NoOp];1
[NoOp, NoOp, NoOp, Move(W), Move(W), Move(S), NoOp, NoOp];40
[NoOp, NoOp, NoOp, Move(W), Move(W), NoOp, NoOp, NoOp];2
[NoOp, NoOp, NoOp, Move(S), Move(W), NoOp, NoOp, NoOp];2
[NoOp, NoOp, NoOp, Move(N), Move(W), NoOp, NoOp, NoOp];1
[NoOp, NoOp, NoOp, Move(E), Move(W), NoOp, NoOp, NoOp];1
[NoOp, NoOp, NoOp, Move(E), NoOp, NoOp, NoOp, NoOp];0
[NoOp, NoOp, NoOp, NoOp, Move(E), NoOp, NoOp, NoOp];4
[NoOp, NoOp, NoOp, NoOp, Move(E), NoOp, NoOp, NoOp];0
[NoOp, NoOp, NoOp, NoOp, Move(E), NoOp, NoOp, NoOp];1
[NoOp, NoOp, NoOp, NoOp, Move(E), NoOp, NoOp, NoOp];1
[NoOp, NoOp, NoOp, NoOp, NoOp, NoOp, NoOp, NoOp];1
[NoOp, NoOp, NoOp, NoOp, Move(N), NoOp, NoOp, NoOp];5
[NoOp, NoOp, NoOp, NoOp, Move(N), NoOp, NoOp, NoOp];0
[NoOp, NoOp, NoOp, NoOp, NoOp, NoOp, NoOp, NoOp];1
[NoOp, NoOp, NoOp, NoOp, Move(W), NoOp, NoOp, NoOp];5
[NoOp, NoOp, NoOp, NoOp, Move(W), NoOp, NoOp, NoOp];1
[NoOp, NoOp, NoOp, NoOp, Move(W), NoOp, NoOp, NoOp];1
[NoOp, NoOp, NoOp, NoOp, Move(W), NoOp, NoOp, NoOp];0
[NoOp, NoOp, NoOp, NoOp, Move(W), NoOp, NoOp, NoOp];1
[NoOp, NoOp, NoOp, NoOp, Move(W), NoOp, NoOp, NoOp];1
[NoOp, NoOp, NoOp, NoOp, Move(W), NoOp, NoOp, NoOp];1
[NoOp, NoOp, NoOp, NoOp, Move(W), NoOp, NoOp, NoOp];1
[NoOp, NoOp, NoOp, NoOp, Move(W), NoOp, NoOp, NoOp];1
[NoOp, NoOp, NoOp, NoOp, Move(W), NoOp, NoOp, NoOp];1
[NoOp, NoOp, NoOp, NoOp, Move(W), NoOp, NoOp, NoOp];1
[NoOp, NoOp, NoOp, NoOp, NoOp, NoOp, NoOp, NoOp];1
[NoOp, NoOp, NoOp, NoOp, Move(S), NoOp, NoOp, NoOp];2
[NoOp, NoOp, NoOp, NoOp, Move(S), NoOp, NoOp, NoOp];1
[NoOp, NoOp, NoOp, NoOp, NoOp, NoOp, NoOp, NoOp];1
[NoOp, NoOp, NoOp, NoOp, Move(E), NoOp, NoOp, NoOp];1
[NoOp, NoOp, NoOp, NoOp, Move(E), NoOp, NoOp, NoOp];1
[NoOp, NoOp, NoOp, NoOp, Move(E), NoOp, NoOp, NoOp];0
[NoOp, NoOp, NoOp, NoOp, Move(E), NoOp, NoOp, NoOp];0
[NoOp, NoOp, NoOp, NoOp, NoOp, NoOp, NoOp, NoOp];1
[NoOp, NoOp, NoOp, NoOp, Pull(W,E), NoOp, NoOp, NoOp];1
[NoOp, NoOp, NoOp, NoOp, Pull(W,E), NoOp, NoOp, NoOp];0
[NoOp, NoOp, NoOp, NoOp, Pull(W,E), NoOp, NoOp, NoOp];0
[NoOp, NoOp, NoOp, NoOp, Pull(W,E), NoOp, NoOp, NoOp];0
[NoOp, NoOp, NoOp, NoOp, Pull(W,E), NoOp, NoOp, NoOp];1
[NoOp, NoOp, NoOp, NoOp, Pull(W,E), NoOp, NoOp, NoOp];1
[NoOp, NoOp, NoOp, NoOp, NoOp, NoOp, NoOp, NoOp];0
[NoOp, NoOp, NoOp, NoOp, NoOp, NoOp, NoOp, NoOp];1
[NoOp, NoOp, NoOp, NoOp, NoOp, NoOp, NoOp, NoOp];0
[NoOp, NoOp, NoOp, NoOp, NoOp, NoOp, NoOp, NoOp];1
[NoOp, NoOp, NoOp, NoOp, NoOp, NoOp, NoOp, NoOp];1
[NoOp, NoOp, NoOp, NoOp, NoOp, NoOp, NoOp, NoOp];0
[NoOp, NoOp, NoOp, NoOp, NoOp, NoOp, NoOp, NoOp];1
[NoOp, NoOp, NoOp, NoOp, NoOp, NoOp, NoOp, NoOp];0
[NoOp, NoOp, NoOp, NoOp, NoOp, NoOp, NoOp, NoOp];0
[NoOp, NoOp, NoOp, NoOp, NoOp, NoOp, NoOp, NoOp];1
[NoOp, NoOp, NoOp, NoOp, NoOp, NoOp, NoOp, NoOp];0
[NoOp, NoOp, NoOp, Move(W), NoOp, NoOp, NoOp, NoOp];25
[NoOp, NoOp, NoOp, Move(W), NoOp, Move(E), NoOp, NoOp];3
[NoOp, NoOp, NoOp, Move(S), NoOp, NoOp, NoOp, NoOp];1
[NoOp, NoOp, NoOp, NoOp, Push(E,S), NoOp, NoOp, NoOp];1
[NoOp, NoOp, NoOp, Move(N), NoOp, NoOp, NoOp, NoOp];1
[NoOp, NoOp, NoOp, NoOp, NoOp, NoOp, NoOp, NoOp];0
[NoOp, NoOp, NoOp, Move(E), NoOp, NoOp, NoOp, NoOp];1
[NoOp, NoOp, NoOp, Move(E), NoOp, NoOp, NoOp, NoOp];0
[NoOp, NoOp, NoOp, NoOp, NoOp, NoOp, NoOp, NoOp];0
[NoOp, NoOp, NoOp, NoOp, NoOp, NoOp, NoOp, NoOp];1
[NoOp, NoOp, NoOp, NoOp, NoOp, NoOp, NoOp, NoOp];1
[NoOp, NoOp, NoOp, NoOp, NoOp, NoOp, NoOp, NoOp];2
[NoOp, NoOp, NoOp, NoOp, Pull(W,S), NoOp, NoOp, NoOp];1
[NoOp, NoOp, NoOp, NoOp, NoOp, NoOp, NoOp, NoOp];1
[NoOp, NoOp, NoOp, NoOp, NoOp, Move(W), NoOp, NoOp];1
[NoOp, NoOp, NoOp, NoOp, NoOp, NoOp, NoOp, NoOp];1
[NoOp, NoOp, NoOp, NoOp, NoOp, NoOp, NoOp, NoOp];1
[NoOp, NoOp, NoOp, NoOp, NoOp, NoOp, NoOp, NoOp];1
[NoOp, NoOp, NoOp, NoOp, NoOp, NoOp, NoOp, NoOp];1
[NoOp, NoOp, NoOp, NoOp, NoOp, NoOp, NoOp, NoOp];1
[NoOp, NoOp, NoOp, NoOp, NoOp, NoOp, NoOp, NoOp];1
[NoOp, NoOp, NoOp, NoOp, NoOp, NoOp, NoOp, NoOp];1
[NoOp, NoOp, NoOp, NoOp, NoOp, NoOp, NoOp, NoOp];1
[NoOp, NoOp, NoOp, NoOp, NoOp, NoOp, NoOp, NoOp];4
[NoOp, NoOp, NoOp, NoOp, NoOp, NoOp, NoOp, NoOp];1
[NoOp, NoOp, NoOp, NoOp, NoOp, NoOp, NoOp, NoOp];0
[NoOp, NoOp, NoOp, Move(W), NoOp, Move(S), NoOp, NoOp];41
[NoOp, NoOp, NoOp, Move(W), NoOp, Move(E), NoOp, NoOp];5
137393f54979de3b32f36fb66014596453906979
unsuccessful
2231
295
c5440c369b37df5f30fbbd86ed7820e24493badf
1495036291117
