blue: 0,A,E,H,K,N,Q
red: 1,B,F,I,L,O,R
green: 2,C,G,J,M,P,S
+++++++++++++++++++++++++++++
+BAC     +ONP            GEF+
++++     ++++            ++++
+LKM     0  1  2         JHI+
++++                     ++++
+                           ++++++++++
+                            s  r  q +
+S+                         ++++++++++
+Q+                         +
+R+                         +
++++++ +++ +++++++ +++ +++ ++
     + + + +     + + + + + +
     +p+ +m+     +j+ +g+ +c+
     + + + +     + + + + + +
     +o+ +l+     +i+ +f+ +b+
     + + + +     + + + + + +
     +n+ +k+     +h+ +e+ +a+
     + + + +     + + + + + +
     +++ +++     +++ +++ +++

[Move(W), Move(W), Move(W)];679
[Move(W), Move(W), Move(W)];4
[NoOp, Move(W), Move(S)];1
[NoOp, Move(W), Move(W)];0
[NoOp, NoOp, Move(W)];0
[NoOp, NoOp, Move(W)];36
[NoOp, NoOp, Move(W)];47
[NoOp, NoOp, Move(W)];28
[NoOp, NoOp, Move(W)];29
[NoOp, NoOp, Move(W)];33
[NoOp, NoOp, NoOp];25
[NoOp, NoOp, Move(N)];16
[NoOp, NoOp, Move(W)];15
[NoOp, NoOp, Move(W)];14
[NoOp, NoOp, NoOp];14
[NoOp, NoOp, Pull(E,W)];16
[NoOp, NoOp, NoOp];34
[NoOp, NoOp, Push(W,N)];20
[NoOp, NoOp, Move(S)];33
[NoOp, NoOp, Move(S)];27
[NoOp, NoOp, Move(E)];31
[NoOp, NoOp, Move(N)];24
[NoOp, NoOp, Move(N)];19
[NoOp, NoOp, Move(W)];21
[NoOp, NoOp, NoOp];15
[NoOp, NoOp, Pull(S,N)];13
[NoOp, NoOp, Move(S)];15
[NoOp, NoOp, NoOp];14
[NoOp, NoOp, Move(N)];23
[NoOp, NoOp, NoOp];25
[NoOp, NoOp, Pull(S,N)];23
[NoOp, NoOp, Pull(E,N)];21
[NoOp, NoOp, NoOp];28
[NoOp, NoOp, Push(W,S)];26
[NoOp, NoOp, NoOp];18
[NoOp, NoOp, Pull(W,S)];13
[NoOp, NoOp, NoOp];22
[NoOp, NoOp, Move(W)];18
[NoOp, NoOp, NoOp];22
[NoOp, NoOp, Move(E)];20
[NoOp, NoOp, NoOp];13
[NoOp, NoOp, Push(E,E)];13
[NoOp, NoOp, Push(E,E)];14
[NoOp, NoOp, Push(E,S)];22
[NoOp, NoOp, NoOp];20
[NoOp, NoOp, Pull(W,S)];20
[NoOp, NoOp, NoOp];21
[NoOp, NoOp, Push(E,E)];26
[NoOp, NoOp, Push(E,E)];36
[NoOp, NoOp, Push(E,S)];25
[NoOp, NoOp, Move(N)];50
[NoOp, NoOp, Move(E)];26
[NoOp, NoOp, NoOp];21
[NoOp, NoOp, Move(W)];28
[NoOp, NoOp, Move(S)];15
[NoOp, NoOp, NoOp];15
[NoOp, NoOp, Push(S,S)];16
[NoOp, NoOp, Move(E)];57
[NoOp, NoOp, Move(N)];25
[NoOp, NoOp, Move(E)];22
[NoOp, NoOp, Move(N)];16
[NoOp, NoOp, Move(E)];16
[NoOp, NoOp, Move(N)];27
[NoOp, NoOp, Move(E)];24
[NoOp, NoOp, Move(E)];21
[NoOp, NoOp, NoOp];12
[NoOp, NoOp, Move(W)];13
[NoOp, NoOp, Move(S)];11
[NoOp, NoOp, Move(W)];14
[NoOp, NoOp, Move(S)];19
[NoOp, NoOp, Move(W)];22
[NoOp, NoOp, Move(W)];29
[NoOp, NoOp, Move(W)];16
[NoOp, NoOp, Move(S)];16
[NoOp, NoOp, NoOp];19
[NoOp, NoOp, Push(S,E)];25
[NoOp, NoOp, NoOp];24
[NoOp, NoOp, Push(E,N)];30
[NoOp, NoOp, NoOp];37
[NoOp, NoOp, Move(E)];21
[NoOp, NoOp, NoOp];11
[NoOp, NoOp, Move(E)];10
[NoOp, NoOp, Move(W)];19
[NoOp, NoOp, Move(W)];27
[NoOp, NoOp, NoOp];16
[NoOp, NoOp, Push(N,E)];12
[NoOp, NoOp, NoOp];13
[NoOp, NoOp, Push(E,E)];10
[NoOp, NoOp, NoOp];13
[NoOp, NoOp, NoOp];23
[NoOp, NoOp, Move(N)];12
[NoOp, NoOp, NoOp];14
[NoOp, NoOp, NoOp];24
[NoOp, NoOp, NoOp];21
[NoOp, NoOp, NoOp];23
[NoOp, NoOp, NoOp];19
[NoOp, NoOp, NoOp];22
[NoOp, NoOp, NoOp];12
[NoOp, NoOp, NoOp];12
[NoOp, NoOp, NoOp];15
[NoOp, NoOp, Move(E)];21
[NoOp, NoOp, NoOp];22
[NoOp, NoOp, NoOp];22
[NoOp, NoOp, NoOp];20
[NoOp, NoOp, NoOp];20
[NoOp, NoOp, NoOp];16
[NoOp, NoOp, NoOp];15
[NoOp, NoOp, NoOp];16
[NoOp, NoOp, NoOp];15
[NoOp, NoOp, NoOp];14
[NoOp, NoOp, NoOp];13
[NoOp, NoOp, NoOp];6
[NoOp, Move(N), Move(N)];297
[Move(E), NoOp, Move(N)];18
[Move(E), NoOp, Move(E)];0
[Move(E), NoOp, Move(E)];0
[NoOp, NoOp, NoOp];0
[NoOp, NoOp, Move(N)];0
[NoOp, NoOp, Move(N)];0
[NoOp, NoOp, NoOp];0
[NoOp, NoOp, Pull(E,W)];0
[NoOp, NoOp, Pull(E,W)];1
[Move(E), NoOp, NoOp];0
[Move(E), NoOp, NoOp];0
[Move(E), NoOp, Move(E)];11
[Move(N), NoOp, Move(E)];0
[Move(N), NoOp, Move(E)];0
[Move(W), NoOp, Move(E)];0
[Pull(E,W), NoOp, Move(E)];0
[Pull(S,W), NoOp, Move(E)];0
[Pull(E,N), NoOp, Move(E)];1
[Push(W,S), NoOp, Move(S)];0
[Push(S,W), NoOp, Move(E)];0
[Push(W,S), NoOp, Move(E)];0
[Push(S,S), NoOp, Move(S)];0
[Push(S,W), NoOp, NoOp];0
[NoOp, NoOp, Pull(N,E)];22
[Push(W,W), NoOp, NoOp];17
[Push(W,W), NoOp, Push(S,S)];23
[Push(W,S), NoOp, Push(S,S)];0
[Push(S,S), NoOp, Push(S,S)];0
[Push(S,W), NoOp, Push(S,S)];0
[Push(W,S), NoOp, Push(S,S)];0
[Push(S,W), NoOp, Push(S,W)];0
[Push(W,W), NoOp, NoOp];0
[Push(W,S), NoOp, Push(W,W)];4
[Push(S,S), NoOp, Push(W,W)];0
[Push(S,S), NoOp, Push(W,S)];0
[Push(S,S), NoOp, NoOp];0
[Push(S,S), NoOp, Push(S,W)];1
[Push(S,S), NoOp, NoOp];1
[Push(S,S), NoOp, Push(W,W)];1
[Push(S,S), NoOp, Push(W,W)];0
[Move(N), NoOp, NoOp];13
[Move(N), NoOp, Push(W,S)];1
[Move(N), NoOp, NoOp];0
[Move(N), NoOp, Push(S,S)];0
[Move(N), NoOp, Push(S,S)];0
[Move(N), NoOp, NoOp];0
[Move(N), NoOp, Move(N)];11
[Move(N), NoOp, Move(N)];0
[Move(N), NoOp, Move(N)];0
[Move(N), NoOp, Move(E)];0
[Move(N), NoOp, Move(E)];0
[Move(N), NoOp, Move(N)];0
[Move(W), NoOp, Move(E)];0
[Move(W), NoOp, Move(N)];0
[Move(W), NoOp, Move(E)];0
[Pull(E,W), NoOp, Move(E)];0
[Pull(S,W), NoOp, Move(E)];0
[Push(N,E), NoOp, Move(N)];0
[Push(E,E), NoOp, Move(N)];1
[Push(E,E), NoOp, Move(N)];0
[Push(E,E), NoOp, Move(N)];0
[Push(E,E), NoOp, Move(N)];0
[Push(E,E), NoOp, NoOp];0
[Push(E,S), NoOp, Pull(S,E)];6
[Push(S,S), NoOp, NoOp];0
[Push(S,S), NoOp, Push(N,W)];3
[Push(S,S), NoOp, NoOp];0
[Push(S,S), NoOp, Push(W,S)];5
[Push(S,S), NoOp, NoOp];0
[Push(S,S), NoOp, Push(S,S)];4
[Push(S,S), NoOp, Push(S,S)];0
[Push(S,S), NoOp, Push(S,S)];0
[Push(S,S), NoOp, Push(S,W)];0
[Push(S,S), NoOp, NoOp];0
[Push(S,S), NoOp, Push(W,S)];1
[Push(S,S), NoOp, NoOp];0
[NoOp, NoOp, Push(S,S)];1
[Move(N), NoOp, Push(S,S)];19
[Move(N), NoOp, Push(S,S)];0
[Move(N), NoOp, Push(S,S)];0
[Move(N), NoOp, Push(S,S)];0
[Move(N), NoOp, Push(S,S)];0
[Move(N), NoOp, Move(N)];3
[Move(E), NoOp, Move(N)];0
[Move(E), NoOp, NoOp];0
[Move(E), NoOp, Move(W)];1
[Move(E), NoOp, Move(W)];0
[Move(N), NoOp, Move(W)];0
[Move(E), NoOp, Move(W)];0
[Move(E), NoOp, NoOp];0
[Move(E), NoOp, Move(S)];0
[Move(N), NoOp, Move(S)];0
[Move(N), NoOp, NoOp];0
[Move(N), NoOp, Pull(N,S)];0
[Move(E), NoOp, Pull(N,S)];0
[Move(N), NoOp, NoOp];0
[Move(E), NoOp, Pull(W,S)];0
[Move(N), NoOp, NoOp];0
[Move(E), NoOp, Push(E,E)];0
[Move(E), NoOp, NoOp];0
[Move(E), NoOp, NoOp];0
[Move(E), NoOp, NoOp];0
[Move(E), NoOp, NoOp];0
[Move(E), NoOp, NoOp];0
[NoOp, NoOp, NoOp];0
[Pull(W,E), NoOp, Pull(W,E)];16
[Pull(S,E), NoOp, NoOp];2
[NoOp, NoOp, Push(E,S)];2
[Push(N,W), NoOp, NoOp];17
[NoOp, NoOp, Push(S,S)];2
[Push(W,S), NoOp, Push(S,S)];7
[Push(S,W), NoOp, Pull(N,S)];4
[Push(W,S), NoOp, Pull(N,S)];0
[Push(S,S), NoOp, NoOp];0
[Push(S,S), NoOp, Pull(E,S)];0
[Push(S,W), NoOp, NoOp];0
[NoOp, NoOp, Push(W,W)];0
[Push(W,W), NoOp, NoOp];5
[Push(W,W), NoOp, NoOp];2
[Push(W,S), NoOp, NoOp];2
[NoOp, NoOp, NoOp];2
[Push(S,W), NoOp, NoOp];1
[NoOp, NoOp, NoOp];2
[NoOp, NoOp, NoOp];2
[NoOp, NoOp, NoOp];3
[NoOp, NoOp, NoOp];2
[NoOp, NoOp, NoOp];2
[NoOp, NoOp, NoOp];2
[NoOp, NoOp, NoOp];2
[NoOp, NoOp, NoOp];2
[NoOp, NoOp, NoOp];2
[NoOp, NoOp, NoOp];2
[NoOp, NoOp, NoOp];2
[NoOp, Move(W), NoOp];987
[NoOp, Move(W), NoOp];0
[NoOp, Move(S), NoOp];0
[NoOp, Move(W), NoOp];0
[NoOp, Move(W), NoOp];0
[NoOp, Move(W), NoOp];0
[NoOp, Move(W), NoOp];0
[NoOp, NoOp, NoOp];0
[NoOp, Pull(E,W), NoOp];12
[NoOp, Pull(E,W), NoOp];0
[NoOp, NoOp, NoOp];0
[NoOp, Pull(S,W), NoOp];10
[NoOp, NoOp, NoOp];0
[NoOp, Push(N,E), NoOp];10
[NoOp, NoOp, NoOp];0
[NoOp, Push(E,E), NoOp];8
[NoOp, Push(E,S), NoOp];0
[NoOp, NoOp, NoOp];0
[NoOp, Push(S,S), NoOp];11
[NoOp, Push(S,S), NoOp];0
[NoOp, Push(S,S), NoOp];0
[NoOp, Push(S,E), NoOp];0
[NoOp, NoOp, NoOp];0
[NoOp, Push(E,S), NoOp];5
[NoOp, NoOp, NoOp];0
[NoOp, Push(S,S), NoOp];4
[NoOp, Push(S,E), NoOp];0
[NoOp, NoOp, NoOp];0
[NoOp, Push(E,E), NoOp];1
[NoOp, Push(E,E), NoOp];0
[NoOp, NoOp, NoOp];0
[NoOp, Push(E,S), NoOp];1
[NoOp, NoOp, NoOp];0
[NoOp, Push(S,S), NoOp];1
[NoOp, Push(S,S), NoOp];0
[NoOp, Push(S,S), NoOp];0
[NoOp, Push(S,S), NoOp];0
[NoOp, NoOp, NoOp];0
[NoOp, Move(N), NoOp];25
[NoOp, Move(N), NoOp];0
[NoOp, Move(N), NoOp];0
[NoOp, Move(N), NoOp];0
[NoOp, NoOp, NoOp];0
[NoOp, Move(E), NoOp];16
[NoOp, Move(N), NoOp];0
[NoOp, Move(N), NoOp];0
[NoOp, Move(E), NoOp];0
[NoOp, NoOp, NoOp];0
[NoOp, Move(E), NoOp];20
[NoOp, Move(N), NoOp];0
[NoOp, Move(N), NoOp];0
[NoOp, Move(N), NoOp];0
[NoOp, Move(N), NoOp];0
[NoOp, Move(N), NoOp];0
[NoOp, Move(N), NoOp];0
[NoOp, NoOp, NoOp];0
[NoOp, Move(W), NoOp];22
[NoOp, Move(W), NoOp];0
[NoOp, NoOp, NoOp];0
[NoOp, Pull(E,W), NoOp];15
[NoOp, Pull(E,W), NoOp];0
[NoOp, NoOp, NoOp];0
[NoOp, Pull(S,W), NoOp];27
[NoOp, NoOp, NoOp];0
[NoOp, Pull(E,N), NoOp];21
[NoOp, NoOp, NoOp];0
[NoOp, Push(W,S), NoOp];18
[NoOp, NoOp, NoOp];0
[NoOp, Push(S,S), NoOp];13
[NoOp, Push(S,W), NoOp];0
[NoOp, NoOp, NoOp];0
[NoOp, Push(W,S), NoOp];10
[NoOp, NoOp, NoOp];0
[NoOp, Push(S,W), NoOp];6
[NoOp, NoOp, NoOp];0
[NoOp, Push(W,W), NoOp];6
[NoOp, Push(W,W), NoOp];0
[NoOp, Push(W,W), NoOp];0
[NoOp, Push(W,W), NoOp];0
[NoOp, Push(W,S), NoOp];0
[NoOp, NoOp, NoOp];0
[NoOp, Push(S,S), NoOp];2
[NoOp, Push(S,S), NoOp];1
[NoOp, Push(S,S), NoOp];0
[NoOp, Push(S,W), NoOp];0
[NoOp, NoOp, NoOp];0
[NoOp, Push(W,S), NoOp];1
[NoOp, NoOp, NoOp];0
[NoOp, Push(S,S), NoOp];1
[NoOp, Push(S,S), NoOp];0
[NoOp, Push(S,S), NoOp];0
[NoOp, Push(S,S), NoOp];0
[NoOp, NoOp, NoOp];0
[NoOp, Move(N), NoOp];37
[NoOp, Move(N), NoOp];0
[NoOp, Move(N), NoOp];0
[NoOp, Move(N), NoOp];1
[NoOp, NoOp, NoOp];0
[NoOp, Move(E), NoOp];20
[NoOp, Move(E), NoOp];0
[NoOp, Move(E), NoOp];0
[NoOp, Move(E), NoOp];0
[NoOp, Move(E), NoOp];0
[NoOp, Move(E), NoOp];0
[NoOp, Move(E), NoOp];0
[NoOp, Move(E), NoOp];0
[NoOp, Move(E), NoOp];0
[NoOp, Move(E), NoOp];0
[NoOp, Move(N), NoOp];0
[NoOp, NoOp, NoOp];0
[NoOp, Move(E), NoOp];18
[NoOp, NoOp, NoOp];0
[NoOp, NoOp, NoOp];0
[NoOp, NoOp, NoOp];0
[NoOp, NoOp, NoOp];0
[NoOp, NoOp, NoOp];0
[NoOp, NoOp, NoOp];0
[NoOp, NoOp, NoOp];0
[NoOp, NoOp, NoOp];0
[NoOp, NoOp, NoOp];0
[NoOp, NoOp, NoOp];0
[NoOp, NoOp, NoOp];0
[NoOp, Move(N), NoOp];922
[NoOp, Move(N), NoOp];0
[NoOp, Move(E), NoOp];0
[NoOp, Move(N), NoOp];0
[NoOp, Move(N), NoOp];0
[NoOp, Move(E), NoOp];0
[NoOp, Move(E), NoOp];0
[NoOp, Move(N), NoOp];0
[NoOp, Move(E), NoOp];0
[NoOp, Move(E), NoOp];0
[NoOp, Move(E), NoOp];0
[NoOp, Move(E), NoOp];0
[NoOp, Move(E), NoOp];0
[NoOp, Move(E), NoOp];0
[NoOp, NoOp, NoOp];0
[NoOp, Pull(W,E), NoOp];10
[NoOp, Pull(W,E), NoOp];0
[NoOp, Pull(W,E), NoOp];0
[NoOp, NoOp, NoOp];0
[NoOp, Push(E,S), NoOp];12
[NoOp, NoOp, NoOp];0
[NoOp, Push(S,W), NoOp];9
[NoOp, NoOp, NoOp];0
[NoOp, Push(W,S), NoOp];8
[NoOp, NoOp, NoOp];0
[NoOp, Push(S,S), NoOp];7
[NoOp, Push(S,W), NoOp];0
[NoOp, NoOp, NoOp];0
[NoOp, Push(W,S), NoOp];4
[NoOp, NoOp, NoOp];0
[NoOp, Push(S,W), NoOp];3
[NoOp, NoOp, NoOp];0
[NoOp, Push(W,W), NoOp];2
[NoOp, Push(W,W), NoOp];0
[NoOp, NoOp, NoOp];0
[NoOp, NoOp, NoOp];3
[NoOp, NoOp, NoOp];2
[NoOp, NoOp, NoOp];1
[NoOp, NoOp, NoOp];1
[NoOp, NoOp, NoOp];1
[NoOp, NoOp, NoOp];2
[NoOp, NoOp, NoOp];1
[NoOp, Push(W,W), NoOp];1
[NoOp, NoOp, NoOp];0
[NoOp, NoOp, NoOp];0
[NoOp, NoOp, NoOp];0
[NoOp, NoOp, NoOp];0
[NoOp, NoOp, NoOp];0
[NoOp, NoOp, NoOp];0
[NoOp, NoOp, NoOp];0
[NoOp, NoOp, NoOp];0
[NoOp, NoOp, NoOp];0
[NoOp, NoOp, NoOp];0
[NoOp, NoOp, NoOp];0
[NoOp, NoOp, Push(W,W)];212
[NoOp, NoOp, NoOp];0
[Push(W,S), NoOp, NoOp];0
[NoOp, NoOp, NoOp];0
[Push(S,S), NoOp, NoOp];0
[Push(S,S), NoOp, NoOp];0
[Push(S,S), NoOp, NoOp];0
[Push(S,S), NoOp, NoOp];0
[Push(S,S), NoOp, NoOp];0
[Push(S,S), NoOp, NoOp];0
[Push(S,S), Push(W,S), NoOp];0
[Pull(N,S), NoOp, NoOp];0
[Pull(N,S), NoOp, NoOp];0
[Pull(N,S), NoOp, NoOp];0
[Pull(N,S), NoOp, NoOp];0
[Pull(N,S), NoOp, NoOp];0
[Pull(N,S), NoOp, NoOp];0
[NoOp, NoOp, NoOp];0
[Pull(E,S), NoOp, NoOp];0
[NoOp, NoOp, NoOp];0
[Pull(E,W), NoOp, NoOp];0
[NoOp, NoOp, NoOp];0
[Push(W,N), Push(S,S), NoOp];0
[NoOp, Push(S,S), NoOp];0
[NoOp, Push(S,S), NoOp];1
[Push(N,W), Push(S,S), NoOp];1
[Push(W,S), Push(S,S), NoOp];1
[Push(S,S), Push(S,S), NoOp];1
[Push(S,S), Pull(N,S), Move(N)];2
[NoOp, NoOp, NoOp];0
[NoOp, NoOp, NoOp];2
[NoOp, NoOp, NoOp];1
[NoOp, NoOp, NoOp];1
[NoOp, NoOp, NoOp];0
[NoOp, NoOp, NoOp];0
[NoOp, NoOp, NoOp];1
[NoOp, NoOp, NoOp];1
[NoOp, NoOp, NoOp];1
[NoOp, NoOp, NoOp];1
[NoOp, NoOp, NoOp];1
[NoOp, Push(S,S), Move(W)];219
[Push(S,S), NoOp, NoOp];0
[NoOp, NoOp, Push(S,E)];2
[NoOp, NoOp, NoOp];0
[NoOp, NoOp, Push(E,E)];2
[NoOp, NoOp, NoOp];0
[NoOp, NoOp, Push(E,S)];1
[NoOp, NoOp, NoOp];0
[NoOp, NoOp, NoOp];0
[NoOp, NoOp, NoOp];0
[NoOp, NoOp, NoOp];0
[NoOp, NoOp, NoOp];0
[NoOp, NoOp, NoOp];0
[NoOp, NoOp, NoOp];0
[NoOp, NoOp, NoOp];0
[NoOp, NoOp, NoOp];0
[NoOp, NoOp, NoOp];0
[NoOp, NoOp, NoOp];3
[NoOp, NoOp, NoOp];206
[NoOp, NoOp, NoOp];0
[NoOp, NoOp, NoOp];0
[NoOp, NoOp, NoOp];0
[NoOp, NoOp, NoOp];0
[NoOp, NoOp, NoOp];0
[NoOp, NoOp, NoOp];0
[NoOp, NoOp, NoOp];0
[NoOp, NoOp, NoOp];0
[NoOp, NoOp, NoOp];0
[NoOp, NoOp, NoOp];0
[NoOp, NoOp, NoOp];210
[NoOp, NoOp, NoOp];0
[NoOp, NoOp, NoOp];0
[NoOp, NoOp, NoOp];0
[NoOp, NoOp, NoOp];0
[NoOp, NoOp, NoOp];0
[NoOp, NoOp, NoOp];0
[NoOp, NoOp, NoOp];0
[NoOp, NoOp, NoOp];0
[NoOp, NoOp, NoOp];0
[NoOp, NoOp, NoOp];0
[NoOp, NoOp, NoOp];225
[NoOp, NoOp, NoOp];0
[NoOp, NoOp, NoOp];0
[NoOp, NoOp, NoOp];0
[NoOp, NoOp, NoOp];0
[NoOp, NoOp, NoOp];0
[NoOp, NoOp, NoOp];0
[NoOp, NoOp, NoOp];0
[NoOp, NoOp, NoOp];0
[NoOp, NoOp, NoOp];0
[NoOp, NoOp, NoOp];0
[NoOp, NoOp, NoOp];207
[NoOp, NoOp, NoOp];0
[NoOp, NoOp, NoOp];0
[NoOp, NoOp, NoOp];0
[NoOp, NoOp, NoOp];0
[NoOp, NoOp, NoOp];0
[NoOp, NoOp, NoOp];0
[NoOp, NoOp, NoOp];1
[NoOp, NoOp, NoOp];0
[NoOp, NoOp, NoOp];0
[NoOp, NoOp, NoOp];0
[NoOp, NoOp, NoOp];198
[NoOp, NoOp, NoOp];0
[NoOp, NoOp, NoOp];0
[NoOp, NoOp, NoOp];0
[NoOp, NoOp, NoOp];0
[NoOp, NoOp, NoOp];0
[NoOp, NoOp, NoOp];0
[NoOp, NoOp, NoOp];0
[NoOp, NoOp, NoOp];0
[NoOp, NoOp, NoOp];0
[NoOp, NoOp, NoOp];0
[NoOp, NoOp, NoOp];206
[NoOp, NoOp, NoOp];0
[NoOp, NoOp, NoOp];0
[NoOp, NoOp, NoOp];0
[NoOp, NoOp, NoOp];0
[NoOp, NoOp, NoOp];0
[NoOp, NoOp, NoOp];0
[NoOp, NoOp, NoOp];0
[NoOp, NoOp, NoOp];0
[NoOp, NoOp, NoOp];0
[NoOp, NoOp, NoOp];0
[NoOp, NoOp, NoOp];212
[NoOp, NoOp, NoOp];0
[NoOp, NoOp, NoOp];0
[NoOp, NoOp, NoOp];0
[NoOp, NoOp, NoOp];0
[NoOp, NoOp, NoOp];0
[NoOp, NoOp, NoOp];0
[NoOp, NoOp, NoOp];0
[NoOp, NoOp, NoOp];0
[NoOp, NoOp, NoOp];0
[NoOp, NoOp, NoOp];0
[NoOp, NoOp, NoOp];203
[NoOp, NoOp, NoOp];0
[NoOp, NoOp, NoOp];0
[NoOp, NoOp, NoOp];0
[NoOp, NoOp, NoOp];0
[NoOp, NoOp, NoOp];0
[NoOp, NoOp, NoOp];0
[NoOp, NoOp, NoOp];0
[NoOp, NoOp, NoOp];0
[NoOp, NoOp, NoOp];0
[NoOp, NoOp, NoOp];0
[NoOp, NoOp, NoOp];207
[NoOp, NoOp, NoOp];0
[NoOp, NoOp, NoOp];0
[NoOp, NoOp, NoOp];0
[NoOp, NoOp, NoOp];0
[NoOp, NoOp, NoOp];0
[NoOp, NoOp, NoOp];0
[NoOp, NoOp, NoOp];0
[NoOp, NoOp, NoOp];0
[NoOp, NoOp, NoOp];0
[NoOp, NoOp, NoOp];0
[NoOp, NoOp, NoOp];207
[NoOp, NoOp, NoOp];0
[NoOp, NoOp, NoOp];0
[NoOp, NoOp, NoOp];0
[NoOp, NoOp, NoOp];0
[NoOp, NoOp, NoOp];0
[NoOp, NoOp, NoOp];0
[NoOp, NoOp, NoOp];0
[NoOp, NoOp, NoOp];0
[NoOp, NoOp, NoOp];0
[NoOp, NoOp, NoOp];0
[NoOp, NoOp, NoOp];198
[NoOp, NoOp, NoOp];0
[NoOp, NoOp, NoOp];0
[NoOp, NoOp, NoOp];0
[NoOp, NoOp, NoOp];0
[NoOp, NoOp, NoOp];0
[NoOp, NoOp, NoOp];0
[NoOp, NoOp, NoOp];0
[NoOp, NoOp, NoOp];0
[NoOp, NoOp, NoOp];0
[NoOp, NoOp, NoOp];0
1e1371aee37419ef435f269df490828db40b872c
unsuccessful
8511
601
e88321dc63abf8bbc8e93129ca453822b9bc700f
1495036891133
