blue: 0,A,C
red: 1,D
green: 2,E
magenta: 3,F
cyan: 4,B
++++++++++++++++++++++++++
+ aa a  b bbbb           +
++++++++++++++++  ++++++ +
+ bbbb b  a aa    ++++++ +
++++++++++++++++++++++++ +
+0        AAAAAA         +
+                        +
+++                    +++
+1C                    F4+
+++                    +++
+2D                    E3+
+++      BBBBBBBB      +++
++++++++++++++++++++++++++

[Move(E), NoOp, NoOp, NoOp, NoOp];527
[Move(E), NoOp, NoOp, NoOp, NoOp];65
[Move(E), NoOp, NoOp, NoOp, NoOp];24
[Move(E), NoOp, NoOp, NoOp, NoOp];27
[NoOp, NoOp, NoOp, NoOp, NoOp];16
[Move(S), NoOp, NoOp, NoOp, NoOp];38
[NoOp, NoOp, NoOp, NoOp, NoOp];14
[Move(W), NoOp, NoOp, NoOp, NoOp];68
[NoOp, NoOp, NoOp, NoOp, NoOp];20
[Move(W), NoOp, NoOp, NoOp, NoOp];59
[NoOp, NoOp, NoOp, NoOp, NoOp];27
[Move(S), NoOp, NoOp, NoOp, NoOp];46
[NoOp, NoOp, NoOp, NoOp, NoOp];10
[NoOp, NoOp, NoOp, NoOp, NoOp];10
[NoOp, NoOp, NoOp, NoOp, NoOp];7
[NoOp, NoOp, NoOp, NoOp, NoOp];7
[NoOp, NoOp, NoOp, NoOp, NoOp];6
[NoOp, NoOp, NoOp, NoOp, NoOp];10
[Move(S), NoOp, NoOp, NoOp, NoOp];9
[NoOp, NoOp, NoOp, NoOp, NoOp];9
[NoOp, NoOp, NoOp, NoOp, NoOp];4
[NoOp, NoOp, NoOp, NoOp, NoOp];4
[NoOp, NoOp, NoOp, NoOp, NoOp];7
[NoOp, NoOp, NoOp, NoOp, NoOp];7
[NoOp, NoOp, NoOp, NoOp, NoOp];21
[NoOp, NoOp, NoOp, NoOp, NoOp];10
[NoOp, NoOp, NoOp, NoOp, NoOp];8
[NoOp, NoOp, NoOp, NoOp, NoOp];5
[NoOp, NoOp, NoOp, NoOp, NoOp];6
[NoOp, NoOp, NoOp, NoOp, NoOp];7
[Move(E), NoOp, NoOp, NoOp, NoOp];163
[Move(N), NoOp, NoOp, NoOp, NoOp];33
[Move(E), NoOp, NoOp, NoOp, NoOp];7
[Move(E), NoOp, NoOp, NoOp, NoOp];7
[NoOp, NoOp, NoOp, NoOp, NoOp];5
[Move(S), NoOp, NoOp, NoOp, NoOp];17
[NoOp, NoOp, NoOp, NoOp, NoOp];6
[Move(W), NoOp, NoOp, NoOp, NoOp];20
[NoOp, NoOp, NoOp, NoOp, NoOp];8
[NoOp, NoOp, NoOp, NoOp, NoOp];12
[Move(W), NoOp, NoOp, NoOp, NoOp];2
[Move(W), NoOp, NoOp, NoOp, NoOp];0
[NoOp, NoOp, NoOp, NoOp, NoOp];0
[Pull(E,W), NoOp, NoOp, NoOp, NoOp];0
[NoOp, NoOp, NoOp, NoOp, NoOp];0
[Push(W,N), Move(E), NoOp, NoOp, NoOp];0
[Push(N,N), NoOp, NoOp, NoOp, NoOp];0
[Push(N,N), NoOp, NoOp, NoOp, NoOp];0
[Pull(S,N), Move(E), NoOp, NoOp, NoOp];9
[Push(N,E), NoOp, NoOp, NoOp, NoOp];0
[NoOp, Move(S), NoOp, NoOp, NoOp];34
[Move(N), Move(S), NoOp, NoOp, NoOp];12
[Move(E), NoOp, NoOp, NoOp, NoOp];0
[Move(E), Pull(N,W), NoOp, NoOp, NoOp];0
[Move(E), NoOp, NoOp, NoOp, NoOp];0
[Move(E), Push(S,E), Move(E), NoOp, NoOp];8
[Move(E), Push(E,N), NoOp, NoOp, NoOp];0
[Move(E), NoOp, NoOp, NoOp, NoOp];11
[Move(S), NoOp, Move(E), NoOp, NoOp];15
[Move(E), NoOp, NoOp, NoOp, NoOp];0
[Move(E), NoOp, Move(S), NoOp, NoOp];26
[Move(E), NoOp, NoOp, NoOp, NoOp];1
[Move(E), NoOp, Move(E), NoOp, NoOp];12
[Move(E), NoOp, Move(E), NoOp, NoOp];1
[Move(E), NoOp, Move(E), NoOp, NoOp];1
[Push(N,E), NoOp, Move(N), NoOp, NoOp];1
[Push(E,E), NoOp, Move(E), NoOp, NoOp];1
[Push(E,E), NoOp, Move(E), NoOp, NoOp];1
[Push(E,E), NoOp, Move(E), NoOp, NoOp];1
[Push(E,E), NoOp, Move(E), NoOp, NoOp];1
[NoOp, NoOp, Move(E), NoOp, NoOp];1
[NoOp, NoOp, Move(E), NoOp, NoOp];0
[NoOp, NoOp, Move(E), NoOp, NoOp];0
[NoOp, NoOp, Move(E), NoOp, NoOp];1
[NoOp, NoOp, Move(E), NoOp, NoOp];1
[NoOp, NoOp, NoOp, NoOp, NoOp];1
[NoOp, NoOp, NoOp, NoOp, NoOp];0
[NoOp, NoOp, NoOp, NoOp, NoOp];1
[NoOp, NoOp, NoOp, NoOp, NoOp];1
[NoOp, NoOp, NoOp, NoOp, NoOp];0
[NoOp, NoOp, NoOp, NoOp, NoOp];1
[NoOp, NoOp, NoOp, NoOp, NoOp];0
[NoOp, NoOp, NoOp, NoOp, NoOp];0
[NoOp, NoOp, NoOp, NoOp, NoOp];1
[NoOp, NoOp, NoOp, NoOp, NoOp];1
[NoOp, NoOp, NoOp, NoOp, NoOp];1
[Push(E,E), NoOp, NoOp, NoOp, NoOp];77
[Push(E,E), NoOp, NoOp, NoOp, NoOp];30
[Push(E,E), NoOp, Move(E), NoOp, NoOp];18
[Push(E,E), NoOp, NoOp, NoOp, NoOp];3
[NoOp, NoOp, NoOp, NoOp, NoOp];0
[Push(E,N), NoOp, NoOp, NoOp, NoOp];11
[NoOp, NoOp, NoOp, NoOp, NoOp];3
[Push(N,N), NoOp, NoOp, NoOp, NoOp];3
[Push(N,N), NoOp, NoOp, NoOp, NoOp];2
[Push(N,N), NoOp, NoOp, NoOp, NoOp];4
[NoOp, NoOp, NoOp, NoOp, NoOp];3
[Push(N,W), NoOp, NoOp, NoOp, NoOp];3
[NoOp, NoOp, NoOp, NoOp, NoOp];1
[Push(W,W), NoOp, NoOp, NoOp, NoOp];2
[Push(W,W), NoOp, NoOp, NoOp, NoOp];2
[Push(W,W), NoOp, NoOp, NoOp, NoOp];3
[Push(W,W), NoOp, NoOp, NoOp, NoOp];3
[Push(W,W), NoOp, NoOp, NoOp, NoOp];3
[Push(W,W), NoOp, NoOp, NoOp, NoOp];8
[NoOp, NoOp, NoOp, NoOp, NoOp];2
[Push(W,S), NoOp, NoOp, NoOp, NoOp];2
[NoOp, NoOp, NoOp, NoOp, NoOp];2
[Pull(E,S), NoOp, NoOp, NoOp, NoOp];9
[NoOp, NoOp, NoOp, NoOp, NoOp];1
[Pull(E,W), NoOp, NoOp, NoOp, NoOp];2
[Pull(E,W), NoOp, NoOp, NoOp, NoOp];2
[Pull(E,W), NoOp, NoOp, NoOp, NoOp];2
[Pull(E,W), NoOp, NoOp, NoOp, NoOp];1
[Pull(E,W), NoOp, NoOp, NoOp, NoOp];2
[Pull(E,W), NoOp, NoOp, NoOp, NoOp];2
[NoOp, NoOp, NoOp, NoOp, NoOp];2
[Pull(S,W), NoOp, NoOp, NoOp, NoOp];2
[NoOp, NoOp, NoOp, NoOp, NoOp];2
[Pull(S,N), NoOp, NoOp, NoOp, NoOp];2
[Pull(S,N), NoOp, NoOp, NoOp, NoOp];2
[Pull(S,N), NoOp, NoOp, NoOp, NoOp];2
[Pull(S,N), NoOp, NoOp, NoOp, NoOp];2
[Pull(W,N), NoOp, NoOp, NoOp, NoOp];2
[NoOp, NoOp, NoOp, NoOp, NoOp];2
[Pull(W,E), NoOp, NoOp, NoOp, NoOp];2
[Pull(W,E), NoOp, NoOp, NoOp, NoOp];2
[Pull(N,E), NoOp, NoOp, NoOp, NoOp];2
[NoOp, NoOp, NoOp, NoOp, NoOp];1
[Push(S,W), NoOp, NoOp, NoOp, NoOp];1
[NoOp, NoOp, NoOp, NoOp, NoOp];6
[Push(W,N), NoOp, NoOp, NoOp, NoOp];7
[NoOp, NoOp, NoOp, NoOp, NoOp];2
[Push(N,E), NoOp, NoOp, NoOp, NoOp];12
[NoOp, NoOp, NoOp, NoOp, NoOp];1
[Push(E,E), NoOp, NoOp, NoOp, NoOp];4
[Push(E,E), NoOp, NoOp, NoOp, NoOp];2
[Push(E,E), NoOp, NoOp, NoOp, NoOp];1
[NoOp, NoOp, NoOp, NoOp, NoOp];3
[Push(E,N), NoOp, NoOp, NoOp, NoOp];1
[NoOp, NoOp, NoOp, NoOp, NoOp];5
[Push(N,N), NoOp, NoOp, NoOp, NoOp];0
[Push(N,N), NoOp, NoOp, NoOp, NoOp];1
[Push(N,N), NoOp, NoOp, NoOp, NoOp];1
[NoOp, NoOp, NoOp, NoOp, NoOp];1
[Push(N,W), NoOp, NoOp, NoOp, NoOp];1
[NoOp, NoOp, NoOp, NoOp, NoOp];2
[Push(W,W), NoOp, NoOp, NoOp, NoOp];1
[Push(W,W), NoOp, NoOp, NoOp, NoOp];2
[Push(W,W), NoOp, NoOp, NoOp, NoOp];1
[Push(W,W), NoOp, NoOp, NoOp, NoOp];9
[Push(W,W), NoOp, NoOp, NoOp, NoOp];2
[Push(W,W), NoOp, NoOp, NoOp, NoOp];1
[NoOp, NoOp, NoOp, NoOp, NoOp];1
[Push(W,S), NoOp, NoOp, NoOp, NoOp];1
[NoOp, NoOp, NoOp, NoOp, NoOp];1
[Push(S,W), NoOp, NoOp, NoOp, NoOp];4
[NoOp, NoOp, NoOp, NoOp, NoOp];2
[Push(W,S), NoOp, NoOp, NoOp, NoOp];3
[NoOp, NoOp, NoOp, NoOp, NoOp];2
[Push(S,W), NoOp, NoOp, NoOp, NoOp];2
[NoOp, NoOp, NoOp, NoOp, NoOp];1
[Push(W,W), NoOp, NoOp, NoOp, NoOp];3
[Push(W,W), NoOp, NoOp, NoOp, NoOp];2
[Push(W,W), NoOp, NoOp, NoOp, NoOp];2
[Push(W,W), NoOp, NoOp, NoOp, NoOp];2
[Push(W,W), NoOp, NoOp, NoOp, NoOp];1
[NoOp, NoOp, NoOp, NoOp, NoOp];1
[Push(W,W), NoOp, NoOp, NoOp, NoOp];42128
[Move(E), NoOp, NoOp, NoOp, NoOp];2
[Move(E), NoOp, NoOp, NoOp, NoOp];2
[Move(E), NoOp, NoOp, NoOp, NoOp];1
[Move(E), NoOp, NoOp, NoOp, NoOp];1
[Move(E), NoOp, NoOp, NoOp, NoOp];2
[Move(E), NoOp, NoOp, NoOp, NoOp];2
[Move(E), NoOp, NoOp, NoOp, NoOp];2
[Move(N), NoOp, NoOp, NoOp, NoOp];1
[Move(N), NoOp, NoOp, NoOp, NoOp];1
[NoOp, NoOp, NoOp, NoOp, NoOp];1
[Move(E), NoOp, NoOp, NoOp, NoOp];1
[Move(E), NoOp, NoOp, NoOp, NoOp];2
[Move(E), NoOp, NoOp, NoOp, NoOp];1
[Move(E), NoOp, NoOp, NoOp, NoOp];1
[Move(E), NoOp, NoOp, NoOp, NoOp];1
[Move(E), NoOp, NoOp, NoOp, NoOp];1
[Move(E), NoOp, NoOp, NoOp, NoOp];1
[NoOp, NoOp, NoOp, NoOp, NoOp];1
[Move(S), NoOp, NoOp, NoOp, NoOp];2
[Move(S), NoOp, NoOp, NoOp, NoOp];1
[Move(S), NoOp, NoOp, NoOp, NoOp];1
[Move(S), NoOp, NoOp, NoOp, NoOp];2
[NoOp, NoOp, NoOp, NoOp, NoOp];1
[Move(W), NoOp, NoOp, NoOp, NoOp];2
[Move(W), NoOp, NoOp, NoOp, NoOp];1
[Move(W), NoOp, NoOp, NoOp, NoOp];2
[Move(W), NoOp, NoOp, NoOp, NoOp];1
[Move(W), NoOp, NoOp, NoOp, NoOp];1
[Move(W), NoOp, NoOp, NoOp, NoOp];1
[Move(W), NoOp, NoOp, NoOp, NoOp];1
[Move(W), NoOp, NoOp, NoOp, NoOp];1
[Move(W), NoOp, NoOp, NoOp, NoOp];2
[NoOp, NoOp, NoOp, NoOp, NoOp];1
[Pull(S,W), NoOp, NoOp, NoOp, NoOp];7
[NoOp, NoOp, NoOp, NoOp, NoOp];1
[Push(N,E), NoOp, NoOp, NoOp, NoOp];7
[NoOp, NoOp, NoOp, NoOp, NoOp];1
[Push(E,E), NoOp, NoOp, NoOp, NoOp];6
[Push(E,E), NoOp, NoOp, NoOp, NoOp];1
[Push(E,E), NoOp, NoOp, NoOp, NoOp];1
[Push(E,E), NoOp, NoOp, NoOp, NoOp];1
[Push(E,E), NoOp, NoOp, NoOp, NoOp];1
[Push(E,E), NoOp, NoOp, NoOp, NoOp];1
[Push(E,E), NoOp, NoOp, NoOp, NoOp];2
[Push(E,E), NoOp, NoOp, NoOp, NoOp];2
[NoOp, NoOp, NoOp, NoOp, NoOp];1
[Push(E,N), NoOp, NoOp, NoOp, NoOp];1
[NoOp, NoOp, NoOp, NoOp, NoOp];2
[Push(N,N), NoOp, NoOp, NoOp, NoOp];0
[Push(N,N), NoOp, NoOp, NoOp, NoOp];0
[Push(N,N), NoOp, NoOp, NoOp, NoOp];0
[NoOp, NoOp, NoOp, NoOp, NoOp];0
[Push(N,W), NoOp, NoOp, NoOp, NoOp];1
[NoOp, NoOp, NoOp, NoOp, NoOp];0
[Push(W,W), NoOp, NoOp, NoOp, NoOp];1
[Push(W,W), NoOp, NoOp, NoOp, NoOp];2
[Push(W,W), NoOp, NoOp, NoOp, NoOp];1
[Push(W,W), NoOp, NoOp, NoOp, NoOp];0
[Push(W,W), NoOp, NoOp, NoOp, NoOp];1
[Push(W,W), NoOp, NoOp, NoOp, NoOp];1
[NoOp, NoOp, NoOp, NoOp, NoOp];1
[Push(W,S), NoOp, NoOp, NoOp, NoOp];1
[NoOp, NoOp, NoOp, NoOp, NoOp];5
[Push(S,S), NoOp, NoOp, NoOp, NoOp];0
[Push(S,W), NoOp, NoOp, NoOp, NoOp];0
[NoOp, NoOp, NoOp, NoOp, NoOp];1
[Push(W,W), NoOp, NoOp, NoOp, NoOp];5
[Push(W,W), NoOp, NoOp, NoOp, NoOp];0
[Push(W,W), NoOp, NoOp, NoOp, NoOp];0
[Push(W,W), NoOp, NoOp, NoOp, NoOp];0
[Push(W,W), NoOp, NoOp, NoOp, NoOp];4
[Push(W,W), NoOp, NoOp, NoOp, NoOp];0
[Pull(E,W), NoOp, NoOp, NoOp, NoOp];0
[Pull(E,W), NoOp, NoOp, NoOp, NoOp];5
[Pull(E,W), NoOp, NoOp, NoOp, NoOp];0
[Push(W,W), NoOp, NoOp, NoOp, NoOp];0
[Pull(E,W), NoOp, NoOp, NoOp, NoOp];11
[Pull(E,W), NoOp, NoOp, NoOp, NoOp];0
[Pull(E,W), NoOp, NoOp, NoOp, NoOp];0
[Pull(E,W), NoOp, NoOp, NoOp, NoOp];0
[NoOp, NoOp, NoOp, NoOp, NoOp];0
[Push(W,N), NoOp, NoOp, NoOp, NoOp];2
[NoOp, NoOp, NoOp, NoOp, NoOp];1
[Move(W), NoOp, NoOp, NoOp, NoOp];2
[Move(W), NoOp, NoOp, NoOp, NoOp];1
[Move(W), NoOp, NoOp, NoOp, NoOp];1
[Move(W), NoOp, NoOp, NoOp, NoOp];1
[Move(W), NoOp, NoOp, NoOp, NoOp];2
[Move(W), NoOp, NoOp, NoOp, NoOp];1
[NoOp, NoOp, NoOp, NoOp, NoOp];1
[Pull(E,W), NoOp, NoOp, NoOp, NoOp];1
[Pull(E,W), NoOp, NoOp, NoOp, NoOp];2
[Pull(E,W), NoOp, NoOp, NoOp, NoOp];1
[Pull(E,W), NoOp, NoOp, NoOp, NoOp];1
[Push(W,W), NoOp, NoOp, NoOp, NoOp];2
[Push(W,W), NoOp, NoOp, NoOp, NoOp];1
[Push(W,W), NoOp, NoOp, NoOp, NoOp];0
[Move(E), NoOp, NoOp, NoOp, NoOp];1
[Move(E), NoOp, NoOp, NoOp, NoOp];0
[Move(E), NoOp, NoOp, NoOp, NoOp];1
[Move(E), NoOp, NoOp, NoOp, NoOp];1
[Move(E), NoOp, NoOp, NoOp, NoOp];1
[NoOp, NoOp, NoOp, NoOp, NoOp];1
[Pull(E,N), NoOp, NoOp, NoOp, NoOp];2
[NoOp, NoOp, NoOp, NoOp, NoOp];1
[Push(W,W), NoOp, NoOp, NoOp, NoOp];2
[Push(W,W), NoOp, NoOp, NoOp, NoOp];1
[Push(W,W), NoOp, NoOp, NoOp, NoOp];1
[Push(W,W), NoOp, NoOp, NoOp, NoOp];2
[Pull(E,W), NoOp, NoOp, NoOp, NoOp];1
[Pull(E,W), NoOp, NoOp, NoOp, NoOp];40
[Pull(E,W), NoOp, NoOp, NoOp, NoOp];1
[Pull(E,W), NoOp, NoOp, NoOp, NoOp];1
[NoOp, NoOp, NoOp, NoOp, NoOp];7
[Push(W,N), NoOp, NoOp, NoOp, NoOp];25
[NoOp, NoOp, NoOp, NoOp, NoOp];1
[Pull(W,N), NoOp, NoOp, NoOp, NoOp];18
[NoOp, NoOp, NoOp, NoOp, NoOp];0
[Pull(W,E), NoOp, NoOp, NoOp, NoOp];14
[Pull(W,E), NoOp, NoOp, NoOp, NoOp];0
[Pull(W,E), NoOp, NoOp, NoOp, NoOp];0
[Pull(W,E), NoOp, NoOp, NoOp, NoOp];1
[NoOp, NoOp, NoOp, NoOp, NoOp];1
[Push(W,W), NoOp, NoOp, NoOp, NoOp];5
[Push(W,W), NoOp, NoOp, NoOp, NoOp];1
[Move(E), NoOp, NoOp, NoOp, NoOp];1
[Move(E), NoOp, NoOp, NoOp, NoOp];1
[NoOp, NoOp, NoOp, NoOp, NoOp];1
[Pull(W,E), NoOp, NoOp, NoOp, NoOp];1
[Pull(W,E), NoOp, NoOp, NoOp, NoOp];1
[Push(E,E), NoOp, NoOp, NoOp, NoOp];3
[Push(E,E), NoOp, NoOp, NoOp, NoOp];0
[Move(W), NoOp, NoOp, NoOp, NoOp];0
[Move(W), NoOp, NoOp, NoOp, NoOp];1
[NoOp, NoOp, NoOp, NoOp, NoOp];1
[Pull(E,W), NoOp, NoOp, NoOp, NoOp];1
[Pull(E,W), NoOp, NoOp, NoOp, NoOp];1
[NoOp, NoOp, NoOp, NoOp, NoOp];1
[Push(E,E), NoOp, NoOp, NoOp, NoOp];8
[Push(E,E), NoOp, NoOp, NoOp, NoOp];1
[Push(E,E), NoOp, NoOp, NoOp, NoOp];1
[Push(E,E), NoOp, NoOp, NoOp, NoOp];1
[Push(E,E), NoOp, NoOp, NoOp, NoOp];1
[NoOp, NoOp, NoOp, NoOp, NoOp];0
[Move(N), NoOp, NoOp, NoOp, NoOp];5
[Move(N), NoOp, NoOp, NoOp, NoOp];0
[Move(E), NoOp, NoOp, NoOp, NoOp];1
[Move(E), NoOp, NoOp, NoOp, NoOp];1
[Move(E), NoOp, NoOp, NoOp, NoOp];1
[Move(E), NoOp, NoOp, NoOp, NoOp];0
[Move(E), NoOp, NoOp, NoOp, NoOp];0
[Move(E), NoOp, NoOp, NoOp, NoOp];1
[Move(E), NoOp, NoOp, NoOp, NoOp];1
[Move(E), NoOp, NoOp, NoOp, NoOp];1
[NoOp, NoOp, NoOp, NoOp, NoOp];1
[Move(S), NoOp, NoOp, NoOp, NoOp];1
[Move(S), NoOp, NoOp, NoOp, NoOp];0
[Move(S), NoOp, NoOp, NoOp, NoOp];1
[Move(S), NoOp, NoOp, NoOp, NoOp];1
[NoOp, NoOp, NoOp, NoOp, NoOp];0
[Move(W), NoOp, NoOp, NoOp, NoOp];0
[Move(W), NoOp, NoOp, NoOp, NoOp];1
[Move(W), NoOp, NoOp, NoOp, NoOp];1
[Move(W), NoOp, NoOp, NoOp, NoOp];1
[Move(W), NoOp, NoOp, NoOp, NoOp];0
[Move(W), NoOp, NoOp, NoOp, NoOp];1
[Move(W), NoOp, NoOp, NoOp, NoOp];1
[Move(W), NoOp, NoOp, NoOp, NoOp];1
[Move(W), NoOp, NoOp, NoOp, NoOp];1
[Move(W), NoOp, NoOp, NoOp, NoOp];1
[NoOp, NoOp, NoOp, NoOp, NoOp];1
[Pull(S,W), NoOp, NoOp, NoOp, NoOp];7
[NoOp, NoOp, NoOp, NoOp, NoOp];1
[Push(N,E), NoOp, NoOp, NoOp, NoOp];6
[NoOp, NoOp, NoOp, NoOp, NoOp];1
[Push(E,E), NoOp, NoOp, NoOp, NoOp];6
[Push(E,E), NoOp, NoOp, NoOp, NoOp];0
[Push(E,E), NoOp, NoOp, NoOp, NoOp];2
[Push(E,E), NoOp, NoOp, NoOp, NoOp];1
[Push(E,E), NoOp, NoOp, NoOp, NoOp];1
[Push(E,E), NoOp, NoOp, NoOp, NoOp];1
[Push(E,E), NoOp, NoOp, NoOp, NoOp];1
[Push(E,E), NoOp, NoOp, NoOp, NoOp];1
[Push(E,E), NoOp, NoOp, NoOp, NoOp];1
[NoOp, NoOp, NoOp, NoOp, NoOp];1
[Push(E,N), NoOp, NoOp, NoOp, NoOp];1
[NoOp, NoOp, NoOp, NoOp, NoOp];1
[Push(N,N), NoOp, NoOp, NoOp, NoOp];2
[Push(N,N), NoOp, NoOp, NoOp, NoOp];0
[Push(N,N), NoOp, NoOp, NoOp, NoOp];0
[NoOp, NoOp, NoOp, NoOp, NoOp];1
[Push(N,W), NoOp, NoOp, NoOp, NoOp];1
[NoOp, NoOp, NoOp, NoOp, NoOp];1
[Push(W,W), NoOp, NoOp, NoOp, NoOp];1
[Push(W,W), NoOp, NoOp, NoOp, NoOp];1
[Push(W,W), NoOp, NoOp, NoOp, NoOp];1
[Push(W,W), NoOp, NoOp, NoOp, NoOp];1
[Push(W,W), NoOp, NoOp, NoOp, NoOp];1
[Push(W,W), NoOp, NoOp, NoOp, NoOp];1
[Push(W,W), NoOp, NoOp, NoOp, NoOp];1
[Push(W,S), NoOp, NoOp, NoOp, NoOp];0
[NoOp, NoOp, NoOp, NoOp, NoOp];0
[Push(S,S), NoOp, NoOp, NoOp, NoOp];2
[NoOp, NoOp, NoOp, NoOp, NoOp];1
[Push(S,W), NoOp, NoOp, NoOp, NoOp];1
[NoOp, NoOp, NoOp, NoOp, NoOp];2
[Push(W,W), NoOp, NoOp, NoOp, NoOp];2
[Push(W,W), NoOp, NoOp, NoOp, NoOp];5
[Push(W,W), NoOp, NoOp, NoOp, NoOp];0
[Pull(E,W), NoOp, NoOp, NoOp, NoOp];0
[Pull(E,W), NoOp, NoOp, NoOp, NoOp];313
[Pull(E,W), NoOp, NoOp, NoOp, NoOp];0
[NoOp, NoOp, NoOp, NoOp, NoOp];1
[Pull(N,W), NoOp, NoOp, NoOp, NoOp];248
[NoOp, NoOp, NoOp, NoOp, NoOp];1
[Pull(E,S), NoOp, NoOp, NoOp, NoOp];96
[NoOp, NoOp, NoOp, NoOp, NoOp];0
[Push(W,N), NoOp, NoOp, NoOp, NoOp];1
[NoOp, NoOp, NoOp, NoOp, NoOp];1
[Pull(S,N), NoOp, NoOp, NoOp, NoOp];93
[NoOp, NoOp, NoOp, NoOp, NoOp];1
[Pull(W,E), NoOp, NoOp, NoOp, NoOp];18
[Pull(W,E), NoOp, NoOp, NoOp, NoOp];0
[Pull(W,E), NoOp, NoOp, NoOp, NoOp];1
[Pull(W,E), NoOp, NoOp, NoOp, NoOp];1
[Pull(W,E), NoOp, NoOp, NoOp, NoOp];0
[NoOp, NoOp, NoOp, NoOp, NoOp];1
[Push(W,W), NoOp, NoOp, NoOp, NoOp];3
[Push(W,W), NoOp, NoOp, NoOp, NoOp];1
[Move(E), NoOp, NoOp, NoOp, NoOp];1
[Move(E), NoOp, NoOp, NoOp, NoOp];0
[NoOp, NoOp, NoOp, NoOp, NoOp];0
[Pull(W,E), NoOp, NoOp, NoOp, NoOp];1
[Pull(W,E), NoOp, NoOp, NoOp, NoOp];0
[Push(E,E), NoOp, NoOp, NoOp, NoOp];7
[Push(E,E), NoOp, NoOp, NoOp, NoOp];0
[Move(W), NoOp, NoOp, NoOp, NoOp];0
[Move(W), NoOp, NoOp, NoOp, NoOp];2
[NoOp, NoOp, NoOp, NoOp, NoOp];1
[Pull(E,W), NoOp, NoOp, NoOp, NoOp];6
[Pull(E,W), NoOp, NoOp, NoOp, NoOp];1
[NoOp, NoOp, NoOp, NoOp, NoOp];1
[Push(E,E), NoOp, NoOp, NoOp, NoOp];3
[Push(E,E), NoOp, NoOp, NoOp, NoOp];0
[Move(W), NoOp, NoOp, NoOp, NoOp];0
[Move(W), NoOp, NoOp, NoOp, NoOp];1
[NoOp, NoOp, NoOp, NoOp, NoOp];0
[Pull(E,W), NoOp, NoOp, NoOp, NoOp];0
[Pull(E,W), NoOp, NoOp, NoOp, NoOp];1
[Push(W,W), NoOp, NoOp, NoOp, NoOp];1
[Push(W,W), NoOp, NoOp, NoOp, NoOp];1
[Move(E), NoOp, NoOp, NoOp, NoOp];2
[Move(E), NoOp, NoOp, NoOp, NoOp];1
[NoOp, NoOp, NoOp, NoOp, NoOp];1
[Push(E,E), NoOp, NoOp, NoOp, NoOp];3
[Push(E,E), NoOp, NoOp, NoOp, NoOp];1
[Push(E,E), NoOp, NoOp, NoOp, NoOp];1
[NoOp, NoOp, NoOp, NoOp, NoOp];1
[Pull(W,N), NoOp, NoOp, NoOp, NoOp];1
[Pull(W,E), NoOp, NoOp, NoOp, NoOp];1
[Pull(W,E), NoOp, NoOp, NoOp, NoOp];1
[Pull(W,E), NoOp, NoOp, NoOp, NoOp];1
[Pull(W,E), NoOp, NoOp, NoOp, NoOp];1
[Push(E,E), NoOp, NoOp, NoOp, NoOp];2
[Push(E,E), NoOp, NoOp, NoOp, NoOp];0
[Push(E,E), NoOp, NoOp, NoOp, NoOp];1
[Push(E,E), NoOp, NoOp, NoOp, NoOp];1
[NoOp, NoOp, NoOp, NoOp, NoOp];1
[Push(E,N), NoOp, NoOp, NoOp, NoOp];1
[Pull(W,E), NoOp, NoOp, NoOp, NoOp];0
[Pull(W,E), NoOp, NoOp, NoOp, NoOp];0
[Pull(W,E), NoOp, NoOp, NoOp, NoOp];1
[Pull(W,E), NoOp, NoOp, NoOp, NoOp];1
[Pull(W,E), NoOp, NoOp, NoOp, NoOp];1
[Push(E,E), NoOp, NoOp, NoOp, NoOp];1
[Push(E,E), NoOp, NoOp, NoOp, NoOp];3
[Push(E,E), NoOp, NoOp, NoOp, NoOp];1
[Push(E,E), NoOp, NoOp, NoOp, NoOp];0
[Push(E,E), NoOp, NoOp, NoOp, NoOp];0
[NoOp, NoOp, NoOp, NoOp, NoOp];1
[Pull(W,N), NoOp, NoOp, NoOp, NoOp];1
[Pull(W,E), NoOp, NoOp, NoOp, NoOp];0
[Pull(W,E), NoOp, NoOp, NoOp, NoOp];1
[Pull(W,E), NoOp, NoOp, NoOp, NoOp];1
[Push(E,E), NoOp, NoOp, NoOp, NoOp];46
[Push(E,E), NoOp, NoOp, NoOp, NoOp];1
[Push(E,E), NoOp, NoOp, NoOp, NoOp];0
[NoOp, NoOp, NoOp, NoOp, NoOp];0
[Push(E,N), NoOp, NoOp, NoOp, NoOp];27
[Pull(W,E), NoOp, NoOp, NoOp, NoOp];0
[Pull(W,E), NoOp, NoOp, NoOp, NoOp];1
[Pull(W,E), NoOp, NoOp, NoOp, NoOp];1
[Pull(W,E), NoOp, NoOp, NoOp, NoOp];1
[Pull(W,E), NoOp, NoOp, NoOp, NoOp];1
[NoOp, NoOp, NoOp, NoOp, NoOp];0
[Push(W,W), NoOp, NoOp, NoOp, NoOp];3
[Push(W,W), NoOp, NoOp, NoOp, NoOp];1
[Move(E), NoOp, NoOp, NoOp, NoOp];1
[Move(E), NoOp, NoOp, NoOp, NoOp];1
[NoOp, NoOp, NoOp, NoOp, NoOp];1
[Pull(W,E), NoOp, NoOp, NoOp, NoOp];2
[Pull(W,E), NoOp, NoOp, NoOp, NoOp];1
[Push(E,E), NoOp, NoOp, NoOp, NoOp];5
[Push(E,E), NoOp, NoOp, NoOp, NoOp];1
[Move(W), NoOp, NoOp, NoOp, NoOp];1
[Move(W), NoOp, NoOp, NoOp, NoOp];1
[NoOp, NoOp, NoOp, NoOp, NoOp];1
[Pull(E,W), NoOp, NoOp, NoOp, NoOp];1
[Pull(E,W), NoOp, NoOp, NoOp, NoOp];1
[NoOp, NoOp, NoOp, NoOp, NoOp];2
[Push(E,E), NoOp, NoOp, NoOp, NoOp];2
[Push(E,E), NoOp, NoOp, NoOp, NoOp];1
[Push(E,E), NoOp, NoOp, NoOp, NoOp];1
[Push(E,E), NoOp, NoOp, NoOp, NoOp];1
[Push(E,E), NoOp, NoOp, NoOp, NoOp];0
[NoOp, NoOp, NoOp, NoOp, NoOp];1
[Pull(W,N), NoOp, NoOp, NoOp, NoOp];1
[Pull(W,E), NoOp, NoOp, NoOp, NoOp];1
[Pull(W,E), NoOp, NoOp, NoOp, NoOp];1
[Pull(W,E), NoOp, NoOp, NoOp, NoOp];1
[Pull(W,E), NoOp, NoOp, NoOp, NoOp];1
[Push(E,E), NoOp, NoOp, NoOp, NoOp];2
[Push(E,E), NoOp, NoOp, NoOp, NoOp];0
[Push(E,E), NoOp, NoOp, NoOp, NoOp];1
[Push(E,E), NoOp, NoOp, NoOp, NoOp];1
[NoOp, NoOp, NoOp, NoOp, NoOp];0
[Push(E,N), NoOp, NoOp, NoOp, NoOp];2
[Pull(W,E), NoOp, NoOp, NoOp, NoOp];0
[Pull(W,E), NoOp, NoOp, NoOp, NoOp];1
[Pull(W,E), NoOp, NoOp, NoOp, NoOp];1
[Pull(W,E), NoOp, NoOp, NoOp, NoOp];1
[Pull(W,E), NoOp, NoOp, NoOp, NoOp];1
[Push(E,E), NoOp, NoOp, NoOp, NoOp];4
[Push(E,E), NoOp, NoOp, NoOp, NoOp];1
[Push(E,E), NoOp, NoOp, NoOp, NoOp];1
[Push(E,E), NoOp, NoOp, NoOp, NoOp];1
[Push(E,E), NoOp, NoOp, NoOp, NoOp];1
[NoOp, NoOp, NoOp, NoOp, NoOp];1
[Pull(W,N), NoOp, NoOp, NoOp, NoOp];2
[Pull(W,E), NoOp, NoOp, NoOp, NoOp];1
[Pull(W,E), NoOp, NoOp, NoOp, NoOp];1
[Pull(W,E), NoOp, NoOp, NoOp, NoOp];0
[Push(E,E), NoOp, NoOp, NoOp, NoOp];28
[Push(E,E), NoOp, NoOp, NoOp, NoOp];1
[Push(E,E), NoOp, NoOp, NoOp, NoOp];0
[NoOp, NoOp, NoOp, NoOp, NoOp];0
[Push(E,N), NoOp, NoOp, NoOp, NoOp];18
[Pull(W,E), NoOp, NoOp, NoOp, NoOp];1
[Pull(W,E), NoOp, NoOp, NoOp, NoOp];0
[Pull(W,E), NoOp, NoOp, NoOp, NoOp];1
[Pull(W,E), NoOp, NoOp, NoOp, NoOp];1
[Pull(W,E), NoOp, NoOp, NoOp, NoOp];1
[NoOp, NoOp, NoOp, NoOp, NoOp];0
[Push(W,W), NoOp, NoOp, NoOp, NoOp];2
[Push(W,W), NoOp, NoOp, NoOp, NoOp];1
[Move(E), NoOp, NoOp, NoOp, NoOp];1
[Move(E), NoOp, NoOp, NoOp, NoOp];0
[NoOp, NoOp, NoOp, NoOp, NoOp];1
[Pull(W,E), NoOp, NoOp, NoOp, NoOp];1
[Pull(W,E), NoOp, NoOp, NoOp, NoOp];1
[Push(E,E), NoOp, NoOp, NoOp, NoOp];6
[NoOp, NoOp, NoOp, NoOp, NoOp];0
[Push(E,E), NoOp, NoOp, NoOp, NoOp];9
[Move(W), NoOp, NoOp, NoOp, NoOp];0
[Move(W), NoOp, NoOp, NoOp, NoOp];0
[NoOp, NoOp, NoOp, NoOp, NoOp];1
[Pull(E,W), NoOp, NoOp, NoOp, NoOp];3
[Pull(E,W), NoOp, NoOp, NoOp, NoOp];1
[NoOp, NoOp, NoOp, NoOp, NoOp];0
[Push(E,E), NoOp, NoOp, NoOp, NoOp];2
[Push(E,E), NoOp, NoOp, NoOp, NoOp];0
[Move(W), NoOp, NoOp, NoOp, NoOp];1
[Move(W), NoOp, NoOp, NoOp, NoOp];0
[NoOp, NoOp, NoOp, NoOp, NoOp];0
[Pull(E,W), NoOp, NoOp, NoOp, NoOp];1
[Pull(E,W), NoOp, NoOp, NoOp, NoOp];1
[Push(W,W), NoOp, NoOp, NoOp, NoOp];1
[Push(W,W), NoOp, NoOp, NoOp, NoOp];1
[Move(E), NoOp, NoOp, NoOp, NoOp];4
[Move(E), NoOp, NoOp, NoOp, NoOp];1
[NoOp, NoOp, NoOp, NoOp, NoOp];1
[Push(E,E), NoOp, NoOp, NoOp, NoOp];4
[Push(E,E), NoOp, NoOp, NoOp, NoOp];1
[Push(E,E), NoOp, NoOp, NoOp, NoOp];1
[NoOp, NoOp, NoOp, NoOp, NoOp];1
[Pull(W,N), NoOp, NoOp, NoOp, NoOp];2
[Pull(W,E), NoOp, NoOp, NoOp, NoOp];0
[Pull(W,E), NoOp, NoOp, NoOp, NoOp];1
[Pull(W,E), NoOp, NoOp, NoOp, NoOp];1
[Pull(W,E), NoOp, NoOp, NoOp, NoOp];2
[Push(E,E), NoOp, NoOp, NoOp, NoOp];0
[Push(E,E), NoOp, NoOp, NoOp, NoOp];0
[Push(E,E), NoOp, NoOp, NoOp, NoOp];1
[Push(E,E), NoOp, NoOp, NoOp, NoOp];0
[NoOp, NoOp, NoOp, NoOp, NoOp];0
[Push(E,N), NoOp, NoOp, NoOp, NoOp];2
[Pull(W,E), NoOp, NoOp, NoOp, NoOp];0
[Pull(W,E), NoOp, NoOp, NoOp, NoOp];1
[Pull(W,E), NoOp, NoOp, NoOp, NoOp];1
[Pull(W,E), NoOp, NoOp, NoOp, NoOp];2
[Pull(W,E), NoOp, NoOp, NoOp, NoOp];0
[Push(E,E), NoOp, NoOp, NoOp, NoOp];1
[Push(E,E), NoOp, NoOp, NoOp, NoOp];0
[Push(E,E), NoOp, NoOp, NoOp, NoOp];1
[Push(E,E), NoOp, NoOp, NoOp, NoOp];1
[Push(E,E), NoOp, NoOp, NoOp, NoOp];1
[NoOp, NoOp, NoOp, NoOp, NoOp];1
[Pull(W,N), NoOp, NoOp, NoOp, NoOp];3
[Pull(W,E), NoOp, NoOp, NoOp, NoOp];0
[Pull(W,E), NoOp, NoOp, NoOp, NoOp];3
[Pull(W,E), NoOp, NoOp, NoOp, NoOp];0
[Push(E,E), NoOp, NoOp, NoOp, NoOp];24
[Push(E,E), NoOp, NoOp, NoOp, NoOp];0
[Push(E,E), NoOp, NoOp, NoOp, NoOp];1
[NoOp, NoOp, NoOp, NoOp, NoOp];0
[Push(E,N), NoOp, NoOp, NoOp, NoOp];15
[Pull(W,E), NoOp, NoOp, NoOp, NoOp];1
[Pull(W,E), NoOp, NoOp, NoOp, NoOp];0
[Pull(W,E), NoOp, NoOp, NoOp, NoOp];0
[Pull(W,E), NoOp, NoOp, NoOp, NoOp];1
[Pull(W,E), NoOp, NoOp, NoOp, NoOp];1
[NoOp, NoOp, NoOp, NoOp, NoOp];1
[Push(W,W), NoOp, NoOp, NoOp, NoOp];5
[Push(W,W), NoOp, NoOp, NoOp, NoOp];0
[Move(E), NoOp, NoOp, NoOp, NoOp];1
[Move(E), NoOp, NoOp, NoOp, NoOp];1
[NoOp, NoOp, NoOp, NoOp, NoOp];1
[Pull(W,E), NoOp, NoOp, NoOp, NoOp];1
[Pull(W,E), NoOp, NoOp, NoOp, NoOp];1
[Push(E,E), NoOp, NoOp, NoOp, NoOp];5
[Push(E,E), NoOp, NoOp, NoOp, NoOp];1
[Move(W), NoOp, NoOp, NoOp, NoOp];1
[Move(W), NoOp, NoOp, NoOp, NoOp];1
[NoOp, NoOp, NoOp, NoOp, NoOp];0
[Pull(E,W), NoOp, NoOp, NoOp, NoOp];1
[Pull(E,W), NoOp, NoOp, NoOp, NoOp];1
[NoOp, NoOp, NoOp, NoOp, NoOp];2
[Push(E,E), NoOp, NoOp, NoOp, NoOp];2
[Push(E,E), NoOp, NoOp, NoOp, NoOp];0
[Push(E,E), NoOp, NoOp, NoOp, NoOp];1
[Push(E,E), NoOp, NoOp, NoOp, NoOp];0
[Push(E,E), NoOp, NoOp, NoOp, NoOp];1
[NoOp, NoOp, NoOp, NoOp, NoOp];0
[Pull(W,N), NoOp, NoOp, NoOp, NoOp];1
[Pull(W,E), NoOp, NoOp, NoOp, NoOp];2
[Pull(W,E), NoOp, NoOp, NoOp, NoOp];0
[Pull(W,E), NoOp, NoOp, NoOp, NoOp];0
[Pull(W,E), NoOp, NoOp, NoOp, NoOp];0
[Push(E,E), NoOp, NoOp, NoOp, NoOp];4
[Push(E,E), NoOp, NoOp, NoOp, NoOp];1
[Push(E,E), NoOp, NoOp, NoOp, NoOp];1
[Push(E,E), NoOp, NoOp, NoOp, NoOp];1
[NoOp, NoOp, NoOp, NoOp, NoOp];1
[Push(E,N), NoOp, NoOp, NoOp, NoOp];3
[Pull(W,E), NoOp, NoOp, NoOp, NoOp];1
[Pull(W,E), NoOp, NoOp, NoOp, NoOp];1
[Pull(W,E), NoOp, NoOp, NoOp, NoOp];1
[Pull(W,E), NoOp, NoOp, NoOp, NoOp];1
[Pull(W,E), NoOp, NoOp, NoOp, NoOp];14
[Push(E,E), NoOp, NoOp, NoOp, NoOp];4
[Push(E,E), NoOp, NoOp, NoOp, NoOp];2
[Push(E,E), NoOp, NoOp, NoOp, NoOp];0
[Push(E,E), NoOp, NoOp, NoOp, NoOp];3
[Push(E,E), NoOp, NoOp, NoOp, NoOp];0
[NoOp, NoOp, NoOp, NoOp, NoOp];0
[Pull(W,N), NoOp, NoOp, NoOp, NoOp];0
[Pull(W,E), NoOp, NoOp, NoOp, NoOp];0
[Pull(W,E), NoOp, NoOp, NoOp, NoOp];0
[Pull(W,E), NoOp, NoOp, NoOp, NoOp];3
[Push(E,E), NoOp, NoOp, NoOp, NoOp];24
[Push(E,E), NoOp, NoOp, NoOp, NoOp];0
[Push(E,E), NoOp, NoOp, NoOp, NoOp];1
[NoOp, NoOp, NoOp, NoOp, NoOp];1
[Push(E,N), NoOp, NoOp, NoOp, NoOp];15
[Pull(W,E), NoOp, NoOp, NoOp, NoOp];1
[Pull(W,E), NoOp, NoOp, NoOp, NoOp];1
[Pull(W,E), NoOp, NoOp, NoOp, NoOp];0
[Pull(W,E), NoOp, NoOp, NoOp, NoOp];0
[Pull(W,E), NoOp, NoOp, NoOp, NoOp];1
[NoOp, NoOp, NoOp, NoOp, NoOp];1
[Push(W,W), NoOp, NoOp, NoOp, NoOp];2
[Push(W,W), NoOp, NoOp, NoOp, NoOp];1
[Move(E), NoOp, NoOp, NoOp, NoOp];1
[Move(E), NoOp, NoOp, NoOp, NoOp];0
[NoOp, NoOp, NoOp, NoOp, NoOp];1
[Pull(W,E), NoOp, NoOp, NoOp, NoOp];1
[Pull(W,E), NoOp, NoOp, NoOp, NoOp];1
[Push(E,E), NoOp, NoOp, NoOp, NoOp];7
[Push(E,E), NoOp, NoOp, NoOp, NoOp];0
[Move(W), NoOp, NoOp, NoOp, NoOp];1
[Move(W), NoOp, NoOp, NoOp, NoOp];1
[NoOp, NoOp, NoOp, NoOp, NoOp];0
[Pull(E,W), NoOp, NoOp, NoOp, NoOp];4
[Pull(E,W), NoOp, NoOp, NoOp, NoOp];1
[NoOp, NoOp, NoOp, NoOp, NoOp];0
[Push(E,E), NoOp, NoOp, NoOp, NoOp];3
[Push(E,E), NoOp, NoOp, NoOp, NoOp];1
[Move(W), NoOp, NoOp, NoOp, NoOp];0
[Move(W), NoOp, NoOp, NoOp, NoOp];1
[NoOp, NoOp, NoOp, NoOp, NoOp];1
[Pull(E,W), NoOp, NoOp, NoOp, NoOp];1
[Pull(E,W), NoOp, NoOp, NoOp, NoOp];0
[Push(W,W), NoOp, NoOp, NoOp, NoOp];0
[Push(W,W), NoOp, NoOp, NoOp, NoOp];1
[Move(E), NoOp, NoOp, NoOp, NoOp];2
[Move(E), NoOp, NoOp, NoOp, NoOp];1
[NoOp, NoOp, NoOp, NoOp, NoOp];1
[Push(E,E), NoOp, NoOp, NoOp, NoOp];2
[Push(E,E), NoOp, NoOp, NoOp, NoOp];0
[Push(E,E), NoOp, NoOp, NoOp, NoOp];1
[NoOp, NoOp, NoOp, NoOp, NoOp];1
[Pull(W,N), NoOp, NoOp, NoOp, NoOp];1
[Pull(W,E), NoOp, NoOp, NoOp, NoOp];1
[Pull(W,E), NoOp, NoOp, NoOp, NoOp];0
[Pull(W,E), NoOp, NoOp, NoOp, NoOp];0
[Pull(W,E), NoOp, NoOp, NoOp, NoOp];1
[Push(E,E), NoOp, NoOp, NoOp, NoOp];2
[Push(E,E), NoOp, NoOp, NoOp, NoOp];0
[Push(E,E), NoOp, NoOp, NoOp, NoOp];0
[Push(E,E), NoOp, NoOp, NoOp, NoOp];1
[NoOp, NoOp, NoOp, NoOp, NoOp];1
[Push(E,N), NoOp, NoOp, NoOp, NoOp];1
[Pull(W,E), NoOp, NoOp, NoOp, NoOp];1
[Pull(W,E), NoOp, NoOp, NoOp, NoOp];1
[Pull(W,E), NoOp, NoOp, NoOp, NoOp];0
[Pull(W,E), NoOp, NoOp, NoOp, NoOp];0
[Pull(W,E), NoOp, NoOp, NoOp, NoOp];0
[Push(E,E), NoOp, NoOp, NoOp, NoOp];1
[Push(E,E), NoOp, NoOp, NoOp, NoOp];1
[Push(E,E), NoOp, NoOp, NoOp, NoOp];1
[Push(E,E), NoOp, NoOp, NoOp, NoOp];1
[Push(E,E), NoOp, NoOp, NoOp, NoOp];0
[NoOp, NoOp, NoOp, NoOp, NoOp];0
[Pull(W,N), NoOp, NoOp, NoOp, NoOp];2
[Pull(W,E), NoOp, NoOp, NoOp, NoOp];0
[Pull(W,E), NoOp, NoOp, NoOp, NoOp];0
[Pull(W,E), NoOp, NoOp, NoOp, NoOp];1
[Push(E,E), NoOp, NoOp, NoOp, NoOp];25
[Push(E,E), NoOp, NoOp, NoOp, NoOp];0
[Push(E,E), NoOp, NoOp, NoOp, NoOp];0
[NoOp, NoOp, NoOp, NoOp, NoOp];1
[Push(E,N), NoOp, NoOp, NoOp, NoOp];23
[Pull(W,E), NoOp, NoOp, NoOp, NoOp];0
[Pull(W,E), NoOp, NoOp, NoOp, NoOp];0
[Pull(W,E), NoOp, NoOp, NoOp, NoOp];0
[Pull(W,E), NoOp, NoOp, NoOp, NoOp];1
[Pull(W,E), NoOp, NoOp, NoOp, NoOp];0
[NoOp, NoOp, NoOp, NoOp, NoOp];1
[Push(W,W), NoOp, NoOp, NoOp, NoOp];3
[Push(W,W), NoOp, NoOp, NoOp, NoOp];0
[Move(E), NoOp, NoOp, NoOp, NoOp];1
[Move(E), NoOp, NoOp, NoOp, NoOp];0
[NoOp, NoOp, NoOp, NoOp, NoOp];1
[Pull(W,E), NoOp, NoOp, NoOp, NoOp];1
[Pull(W,E), NoOp, NoOp, NoOp, NoOp];1
[Push(E,E), NoOp, NoOp, NoOp, NoOp];2
[Push(E,E), NoOp, NoOp, NoOp, NoOp];1
[Move(W), NoOp, NoOp, NoOp, NoOp];1
[Move(W), NoOp, NoOp, NoOp, NoOp];0
[NoOp, NoOp, NoOp, NoOp, NoOp];1
[Pull(E,W), NoOp, NoOp, NoOp, NoOp];1
[Pull(E,W), NoOp, NoOp, NoOp, NoOp];0
[NoOp, NoOp, NoOp, NoOp, NoOp];2
[Push(E,E), NoOp, NoOp, NoOp, NoOp];2
[Push(E,E), NoOp, NoOp, NoOp, NoOp];1
[Push(E,E), NoOp, NoOp, NoOp, NoOp];0
[Push(E,E), NoOp, NoOp, NoOp, NoOp];1
[Push(E,E), NoOp, NoOp, NoOp, NoOp];1
[NoOp, NoOp, NoOp, NoOp, NoOp];0
[Pull(W,N), NoOp, NoOp, NoOp, NoOp];2
[Pull(W,E), NoOp, NoOp, NoOp, NoOp];0
[Pull(W,E), NoOp, NoOp, NoOp, NoOp];1
[Pull(W,E), NoOp, NoOp, NoOp, NoOp];0
[Pull(W,E), NoOp, NoOp, NoOp, NoOp];1
[Push(E,E), NoOp, NoOp, NoOp, NoOp];2
[Push(E,E), NoOp, NoOp, NoOp, NoOp];1
[Push(E,E), NoOp, NoOp, NoOp, NoOp];0
[Push(E,E), NoOp, NoOp, NoOp, NoOp];1
[NoOp, NoOp, NoOp, NoOp, NoOp];0
[Push(E,N), NoOp, NoOp, NoOp, NoOp];1
[Pull(W,E), NoOp, NoOp, NoOp, NoOp];1
[Pull(W,E), NoOp, NoOp, NoOp, NoOp];0
[Pull(W,E), NoOp, NoOp, NoOp, NoOp];1
[Pull(W,E), NoOp, NoOp, NoOp, NoOp];1
[Pull(W,E), NoOp, NoOp, NoOp, NoOp];0
[Push(E,E), NoOp, NoOp, NoOp, NoOp];2
[Push(E,E), NoOp, NoOp, NoOp, NoOp];0
[Push(E,E), NoOp, NoOp, NoOp, NoOp];1
[Push(E,E), NoOp, NoOp, NoOp, NoOp];0
[Push(E,E), NoOp, NoOp, NoOp, NoOp];1
[NoOp, NoOp, NoOp, NoOp, NoOp];1
[Pull(W,N), NoOp, NoOp, NoOp, NoOp];0
[Pull(W,E), NoOp, NoOp, NoOp, NoOp];0
[Pull(W,E), NoOp, NoOp, NoOp, NoOp];0
[Pull(W,E), NoOp, NoOp, NoOp, NoOp];0
[Push(E,E), NoOp, NoOp, NoOp, NoOp];19
[Push(E,E), NoOp, NoOp, NoOp, NoOp];1
[Push(E,E), NoOp, NoOp, NoOp, NoOp];0
[NoOp, NoOp, NoOp, NoOp, NoOp];1
[Push(E,N), NoOp, NoOp, NoOp, NoOp];18
[Pull(W,E), NoOp, NoOp, NoOp, NoOp];0
[Pull(W,E), NoOp, NoOp, NoOp, NoOp];1
[Pull(W,E), NoOp, NoOp, NoOp, NoOp];1
[Pull(W,E), NoOp, NoOp, NoOp, NoOp];0
[Pull(W,E), NoOp, NoOp, NoOp, NoOp];1
[NoOp, NoOp, NoOp, NoOp, NoOp];0
[Push(W,W), NoOp, NoOp, NoOp, NoOp];5
[Push(W,W), NoOp, NoOp, NoOp, NoOp];1
[Move(E), NoOp, NoOp, NoOp, NoOp];1
[Move(E), NoOp, NoOp, NoOp, NoOp];1
[NoOp, NoOp, NoOp, NoOp, NoOp];1
[Pull(W,E), NoOp, NoOp, NoOp, NoOp];1
[Pull(W,E), NoOp, NoOp, NoOp, NoOp];1
[Push(E,E), NoOp, NoOp, NoOp, NoOp];12
[NoOp, NoOp, NoOp, NoOp, NoOp];0
[Push(E,E), NoOp, NoOp, NoOp, NoOp];5
[Move(W), NoOp, NoOp, NoOp, NoOp];0
[Move(W), NoOp, NoOp, NoOp, NoOp];1
[NoOp, NoOp, NoOp, NoOp, NoOp];0
[Pull(E,W), NoOp, NoOp, NoOp, NoOp];4
[Pull(E,W), NoOp, NoOp, NoOp, NoOp];0
[NoOp, NoOp, NoOp, NoOp, NoOp];1
[Push(E,E), NoOp, NoOp, NoOp, NoOp];3
[Push(E,E), NoOp, NoOp, NoOp, NoOp];0
[Move(W), NoOp, NoOp, NoOp, NoOp];1
[Move(W), NoOp, NoOp, NoOp, NoOp];0
[NoOp, NoOp, NoOp, NoOp, NoOp];0
[Pull(E,W), NoOp, NoOp, NoOp, NoOp];1
[Pull(E,W), NoOp, NoOp, NoOp, NoOp];1
[Push(W,W), NoOp, NoOp, NoOp, NoOp];0
[Push(W,W), NoOp, NoOp, NoOp, NoOp];1
[Move(E), NoOp, NoOp, NoOp, NoOp];2
[Move(E), NoOp, NoOp, NoOp, NoOp];0
[NoOp, NoOp, NoOp, NoOp, NoOp];0
[Push(E,E), NoOp, NoOp, NoOp, NoOp];2
[Push(E,E), NoOp, NoOp, NoOp, NoOp];0
[Push(E,E), NoOp, NoOp, NoOp, NoOp];1
[NoOp, NoOp, NoOp, NoOp, NoOp];0
[Pull(W,N), NoOp, NoOp, NoOp, NoOp];1
[Pull(W,E), NoOp, NoOp, NoOp, NoOp];1
[Pull(W,E), NoOp, NoOp, NoOp, NoOp];0
[Pull(W,E), NoOp, NoOp, NoOp, NoOp];1
[Pull(W,E), NoOp, NoOp, NoOp, NoOp];1
[Push(E,E), NoOp, NoOp, NoOp, NoOp];2
[Push(E,E), NoOp, NoOp, NoOp, NoOp];0
[Push(E,E), NoOp, NoOp, NoOp, NoOp];1
[Push(E,E), NoOp, NoOp, NoOp, NoOp];1
[NoOp, NoOp, NoOp, NoOp, NoOp];1
[Push(E,N), NoOp, NoOp, NoOp, NoOp];1
[Pull(W,E), NoOp, NoOp, NoOp, NoOp];1
[Pull(W,E), NoOp, NoOp, NoOp, NoOp];0
[Pull(W,E), NoOp, NoOp, NoOp, NoOp];1
[Pull(W,E), NoOp, NoOp, NoOp, NoOp];1
[Pull(W,E), NoOp, NoOp, NoOp, NoOp];0
[Push(E,E), NoOp, NoOp, NoOp, NoOp];2
[Push(E,E), NoOp, NoOp, NoOp, NoOp];0
[Push(E,E), NoOp, NoOp, NoOp, NoOp];0
[Push(E,E), NoOp, NoOp, NoOp, NoOp];1
[Push(E,E), NoOp, NoOp, NoOp, NoOp];1
[NoOp, NoOp, NoOp, NoOp, NoOp];0
[Pull(W,N), NoOp, NoOp, NoOp, NoOp];1
[Pull(W,E), NoOp, NoOp, NoOp, NoOp];1
[Pull(W,E), NoOp, NoOp, NoOp, NoOp];1
[Pull(W,E), NoOp, NoOp, NoOp, NoOp];0
[Push(E,E), NoOp, NoOp, NoOp, NoOp];19
[Push(E,E), NoOp, NoOp, NoOp, NoOp];1
[Push(E,E), NoOp, NoOp, NoOp, NoOp];0
[NoOp, NoOp, NoOp, NoOp, NoOp];0
[Push(E,N), NoOp, NoOp, NoOp, NoOp];17
[Pull(W,E), NoOp, NoOp, NoOp, NoOp];0
[Pull(W,E), NoOp, NoOp, NoOp, NoOp];1
[Pull(W,E), NoOp, NoOp, NoOp, NoOp];1
[Pull(W,E), NoOp, NoOp, NoOp, NoOp];0
[Pull(W,E), NoOp, NoOp, NoOp, NoOp];0
[NoOp, NoOp, NoOp, NoOp, NoOp];1
[Push(W,W), NoOp, NoOp, NoOp, NoOp];3
[Push(W,W), NoOp, NoOp, NoOp, NoOp];0
[Move(E), NoOp, NoOp, NoOp, NoOp];1
[Move(E), NoOp, NoOp, NoOp, NoOp];1
[NoOp, NoOp, NoOp, NoOp, NoOp];0
[Pull(W,E), NoOp, NoOp, NoOp, NoOp];1
[Pull(W,E), NoOp, NoOp, NoOp, NoOp];1
[Push(E,E), NoOp, NoOp, NoOp, NoOp];2
[NoOp, NoOp, NoOp, NoOp, NoOp];0
[Move(W), NoOp, NoOp, NoOp, NoOp];4
[NoOp, NoOp, NoOp, NoOp, NoOp];5
[Pull(E,W), NoOp, NoOp, NoOp, NoOp];0
[NoOp, NoOp, NoOp, NoOp, NoOp];0
[Push(E,E), NoOp, NoOp, NoOp, NoOp];2
[NoOp, NoOp, NoOp, NoOp, NoOp];3
[Move(W), NoOp, NoOp, NoOp, NoOp];0
[NoOp, NoOp, NoOp, NoOp, NoOp];0
[Pull(E,W), NoOp, NoOp, NoOp, NoOp];0
[NoOp, NoOp, NoOp, NoOp, NoOp];6
[Push(E,E), NoOp, NoOp, NoOp, NoOp];1
[Push(E,E), NoOp, NoOp, NoOp, NoOp];1
[Push(E,E), NoOp, NoOp, NoOp, NoOp];1
[Push(E,E), NoOp, NoOp, NoOp, NoOp];3
[Push(E,E), NoOp, NoOp, NoOp, NoOp];0
[NoOp, NoOp, NoOp, NoOp, NoOp];0
[Pull(W,N), NoOp, NoOp, NoOp, NoOp];0
[Pull(W,E), NoOp, NoOp, NoOp, NoOp];1
[Pull(W,E), NoOp, NoOp, NoOp, NoOp];0
[Pull(W,E), NoOp, NoOp, NoOp, NoOp];0
[Pull(W,E), NoOp, NoOp, NoOp, NoOp];1
[Push(E,E), NoOp, NoOp, NoOp, NoOp];2
[Push(E,E), NoOp, NoOp, NoOp, NoOp];0
[Push(E,E), NoOp, NoOp, NoOp, NoOp];1
[Push(E,E), NoOp, NoOp, NoOp, NoOp];1
[NoOp, NoOp, NoOp, NoOp, NoOp];0
[Push(E,N), NoOp, NoOp, NoOp, NoOp];2
[Pull(W,E), NoOp, NoOp, NoOp, NoOp];0
[Pull(W,E), NoOp, NoOp, NoOp, NoOp];1
[Pull(W,E), NoOp, NoOp, NoOp, NoOp];1
[Pull(W,E), NoOp, NoOp, NoOp, NoOp];0
[Pull(W,E), NoOp, NoOp, NoOp, NoOp];1
[Push(E,E), NoOp, NoOp, NoOp, NoOp];2
[Push(E,E), NoOp, NoOp, NoOp, NoOp];1
[Push(E,E), NoOp, NoOp, NoOp, NoOp];0
[Push(E,E), NoOp, NoOp, NoOp, NoOp];1
[Push(E,E), NoOp, NoOp, NoOp, NoOp];0
[NoOp, NoOp, NoOp, NoOp, NoOp];0
[Pull(W,N), NoOp, NoOp, NoOp, NoOp];0
[Pull(W,E), NoOp, NoOp, NoOp, NoOp];0
[Pull(W,E), NoOp, NoOp, NoOp, NoOp];0
[Pull(W,E), NoOp, NoOp, NoOp, NoOp];1
[Push(E,E), NoOp, NoOp, NoOp, NoOp];20
[Push(E,E), NoOp, NoOp, NoOp, NoOp];0
[Push(E,E), NoOp, NoOp, NoOp, NoOp];0
[NoOp, NoOp, NoOp, NoOp, NoOp];1
[Push(E,N), NoOp, NoOp, NoOp, NoOp];18
[Pull(W,E), NoOp, NoOp, NoOp, NoOp];0
[Pull(W,E), NoOp, NoOp, NoOp, NoOp];1
[Pull(W,E), NoOp, NoOp, NoOp, NoOp];0
[Pull(W,E), NoOp, NoOp, NoOp, NoOp];0
[Pull(W,E), NoOp, NoOp, NoOp, NoOp];1
[NoOp, NoOp, NoOp, NoOp, NoOp];1
[Push(W,W), NoOp, NoOp, NoOp, NoOp];3
[Push(W,W), NoOp, NoOp, NoOp, NoOp];0
[Move(E), NoOp, NoOp, NoOp, NoOp];0
[Move(E), NoOp, NoOp, NoOp, NoOp];1
[NoOp, NoOp, NoOp, NoOp, NoOp];1
[Pull(W,E), NoOp, NoOp, NoOp, NoOp];1
[Pull(W,E), NoOp, NoOp, NoOp, NoOp];1
[Push(E,E), NoOp, NoOp, NoOp, NoOp];6
[Push(E,E), NoOp, NoOp, NoOp, NoOp];1
[Move(W), NoOp, NoOp, NoOp, NoOp];1
[Move(W), NoOp, NoOp, NoOp, NoOp];1
[NoOp, NoOp, NoOp, NoOp, NoOp];0
[Pull(E,W), NoOp, NoOp, NoOp, NoOp];4
[Pull(E,W), NoOp, NoOp, NoOp, NoOp];1
[NoOp, NoOp, NoOp, NoOp, NoOp];0
[Push(E,E), NoOp, NoOp, NoOp, NoOp];3
[Push(E,E), NoOp, NoOp, NoOp, NoOp];0
[Move(W), NoOp, NoOp, NoOp, NoOp];0
[Move(W), NoOp, NoOp, NoOp, NoOp];1
[NoOp, NoOp, NoOp, NoOp, NoOp];1
[Pull(E,W), NoOp, NoOp, NoOp, NoOp];1
[Pull(E,W), NoOp, NoOp, NoOp, NoOp];1
[Push(W,W), NoOp, NoOp, NoOp, NoOp];1
[Push(W,W), NoOp, NoOp, NoOp, NoOp];0
[Move(E), NoOp, NoOp, NoOp, NoOp];5
[Move(E), NoOp, NoOp, NoOp, NoOp];0
[NoOp, NoOp, NoOp, NoOp, NoOp];0
[Push(E,E), NoOp, NoOp, NoOp, NoOp];3
[Push(E,E), NoOp, NoOp, NoOp, NoOp];0
[Push(E,E), NoOp, NoOp, NoOp, NoOp];4
[NoOp, NoOp, NoOp, NoOp, NoOp];0
[Pull(W,N), NoOp, NoOp, NoOp, NoOp];0
[Pull(W,E), NoOp, NoOp, NoOp, NoOp];1
[Pull(W,E), NoOp, NoOp, NoOp, NoOp];1
[Pull(W,E), NoOp, NoOp, NoOp, NoOp];1
[Pull(W,E), NoOp, NoOp, NoOp, NoOp];0
[Push(E,E), NoOp, NoOp, NoOp, NoOp];5
[Push(E,E), NoOp, NoOp, NoOp, NoOp];0
[Push(E,E), NoOp, NoOp, NoOp, NoOp];0
[Push(E,E), NoOp, NoOp, NoOp, NoOp];0
[NoOp, NoOp, NoOp, NoOp, NoOp];0
[Push(E,N), NoOp, NoOp, NoOp, NoOp];0
[Pull(W,E), NoOp, NoOp, NoOp, NoOp];1
[Pull(W,E), NoOp, NoOp, NoOp, NoOp];3
[Pull(W,E), NoOp, NoOp, NoOp, NoOp];0
[Pull(W,E), NoOp, NoOp, NoOp, NoOp];0
[Pull(W,E), NoOp, NoOp, NoOp, NoOp];0
[Push(E,E), NoOp, NoOp, NoOp, NoOp];3
[Push(E,E), NoOp, NoOp, NoOp, NoOp];1
[Push(E,E), NoOp, NoOp, NoOp, NoOp];1
[Push(E,E), NoOp, NoOp, NoOp, NoOp];2
[Push(E,E), NoOp, NoOp, NoOp, NoOp];1
[NoOp, NoOp, NoOp, NoOp, NoOp];1
[Pull(W,N), NoOp, NoOp, NoOp, NoOp];2
[Pull(W,E), NoOp, NoOp, NoOp, NoOp];1
[Pull(W,E), NoOp, NoOp, NoOp, NoOp];1
[Pull(W,E), NoOp, NoOp, NoOp, NoOp];1
[Push(E,E), NoOp, NoOp, NoOp, NoOp];29
[Push(E,E), NoOp, NoOp, NoOp, NoOp];1
[Push(E,E), NoOp, NoOp, NoOp, NoOp];1
[NoOp, NoOp, NoOp, NoOp, NoOp];0
[Push(E,N), NoOp, NoOp, NoOp, NoOp];15
[Pull(W,E), NoOp, NoOp, NoOp, NoOp];0
[Pull(W,E), NoOp, NoOp, NoOp, NoOp];0
[Pull(W,E), NoOp, NoOp, NoOp, NoOp];1
[Pull(W,E), NoOp, NoOp, NoOp, NoOp];1
[Pull(W,E), NoOp, NoOp, NoOp, NoOp];0
[NoOp, NoOp, NoOp, NoOp, NoOp];1
[Push(W,W), NoOp, NoOp, NoOp, NoOp];3
[Push(W,W), NoOp, NoOp, NoOp, NoOp];1
[Move(E), NoOp, NoOp, NoOp, NoOp];1
[Move(E), NoOp, NoOp, NoOp, NoOp];1
[NoOp, NoOp, NoOp, NoOp, NoOp];1
[Pull(W,E), NoOp, NoOp, NoOp, NoOp];2
[Pull(W,E), NoOp, NoOp, NoOp, NoOp];1
[Push(E,E), NoOp, NoOp, NoOp, NoOp];4
[NoOp, NoOp, NoOp, NoOp, NoOp];1
[Move(W), NoOp, NoOp, NoOp, NoOp];4
[NoOp, NoOp, NoOp, NoOp, NoOp];1
[Pull(E,W), NoOp, NoOp, NoOp, NoOp];3
[NoOp, NoOp, NoOp, NoOp, NoOp];1
[Push(E,E), NoOp, NoOp, NoOp, NoOp];3
[NoOp, NoOp, NoOp, NoOp, NoOp];1
[Move(W), NoOp, NoOp, NoOp, NoOp];0
[NoOp, NoOp, NoOp, NoOp, NoOp];0
[Pull(E,W), NoOp, NoOp, NoOp, NoOp];1
[NoOp, NoOp, NoOp, NoOp, NoOp];2
[Push(E,E), NoOp, NoOp, NoOp, NoOp];2
[Push(E,E), NoOp, NoOp, NoOp, NoOp];1
[Push(E,E), NoOp, NoOp, NoOp, NoOp];1
[Push(E,E), NoOp, NoOp, NoOp, NoOp];0
[Push(E,E), NoOp, NoOp, NoOp, NoOp];1
[NoOp, NoOp, NoOp, NoOp, NoOp];1
[Pull(W,N), NoOp, NoOp, NoOp, NoOp];1
[Pull(W,E), NoOp, NoOp, NoOp, NoOp];0
[Pull(W,E), NoOp, NoOp, NoOp, NoOp];1
[Pull(W,E), NoOp, NoOp, NoOp, NoOp];1
[Pull(W,E), NoOp, NoOp, NoOp, NoOp];0
[Push(E,E), NoOp, NoOp, NoOp, NoOp];2
[Push(E,E), NoOp, NoOp, NoOp, NoOp];0
[Push(E,E), NoOp, NoOp, NoOp, NoOp];0
[Push(E,E), NoOp, NoOp, NoOp, NoOp];1
[NoOp, NoOp, NoOp, NoOp, NoOp];0
[Push(E,N), NoOp, NoOp, NoOp, NoOp];1
[Pull(W,E), NoOp, NoOp, NoOp, NoOp];1
[Pull(W,E), NoOp, NoOp, NoOp, NoOp];1
[Pull(W,E), NoOp, NoOp, NoOp, NoOp];1
[Pull(W,E), NoOp, NoOp, NoOp, NoOp];0
[Pull(W,E), NoOp, NoOp, NoOp, NoOp];0
[Push(E,E), NoOp, NoOp, NoOp, NoOp];0
[Push(E,E), NoOp, NoOp, NoOp, NoOp];1
[Push(E,E), NoOp, NoOp, NoOp, NoOp];1
[Push(E,E), NoOp, NoOp, NoOp, NoOp];2
[Push(E,E), NoOp, NoOp, NoOp, NoOp];1
[NoOp, NoOp, NoOp, NoOp, NoOp];1
[Pull(W,N), NoOp, NoOp, NoOp, NoOp];2
[Pull(W,E), NoOp, NoOp, NoOp, NoOp];0
[Pull(W,E), NoOp, NoOp, NoOp, NoOp];1
[Pull(W,E), NoOp, NoOp, NoOp, NoOp];1
[Push(E,E), NoOp, NoOp, NoOp, NoOp];23
[Push(E,E), NoOp, NoOp, NoOp, NoOp];0
[Push(E,E), NoOp, NoOp, NoOp, NoOp];1
[NoOp, NoOp, NoOp, NoOp, NoOp];1
[Push(E,N), NoOp, NoOp, NoOp, NoOp];19
[Pull(W,E), NoOp, NoOp, NoOp, NoOp];0
[Pull(W,E), NoOp, NoOp, NoOp, NoOp];0
[Pull(W,E), NoOp, NoOp, NoOp, NoOp];1
[Pull(W,E), NoOp, NoOp, NoOp, NoOp];1
[Pull(W,E), NoOp, NoOp, NoOp, NoOp];0
[NoOp, NoOp, NoOp, NoOp, NoOp];0
[Push(W,W), NoOp, NoOp, NoOp, NoOp];3
[Push(W,W), NoOp, NoOp, NoOp, NoOp];1
[Move(E), NoOp, NoOp, NoOp, NoOp];1
[Move(E), NoOp, NoOp, NoOp, NoOp];0
[NoOp, NoOp, NoOp, NoOp, NoOp];1
[Pull(W,E), NoOp, NoOp, NoOp, NoOp];1
[Pull(W,E), NoOp, NoOp, NoOp, NoOp];1
[Push(E,E), NoOp, NoOp, NoOp, NoOp];10
[Push(E,E), NoOp, NoOp, NoOp, NoOp];1
[Move(W), NoOp, NoOp, NoOp, NoOp];1
[Move(W), NoOp, NoOp, NoOp, NoOp];1
[NoOp, NoOp, NoOp, NoOp, NoOp];0
[Pull(E,W), NoOp, NoOp, NoOp, NoOp];3
[Pull(E,W), NoOp, NoOp, NoOp, NoOp];1
[NoOp, NoOp, NoOp, NoOp, NoOp];0
[Push(E,E), NoOp, NoOp, NoOp, NoOp];2
[Push(E,E), NoOp, NoOp, NoOp, NoOp];0
[Move(W), NoOp, NoOp, NoOp, NoOp];1
[Move(W), NoOp, NoOp, NoOp, NoOp];1
[NoOp, NoOp, NoOp, NoOp, NoOp];0
[Pull(E,W), NoOp, NoOp, NoOp, NoOp];0
[Pull(E,W), NoOp, NoOp, NoOp, NoOp];0
[Push(W,W), NoOp, NoOp, NoOp, NoOp];1
[Push(W,W), NoOp, NoOp, NoOp, NoOp];1
[Move(E), NoOp, NoOp, NoOp, NoOp];2
[Move(E), NoOp, NoOp, NoOp, NoOp];0
[NoOp, NoOp, NoOp, NoOp, NoOp];1
[Push(E,E), NoOp, NoOp, NoOp, NoOp];2
[Push(E,E), NoOp, NoOp, NoOp, NoOp];1
[Push(E,E), NoOp, NoOp, NoOp, NoOp];1
[NoOp, NoOp, NoOp, NoOp, NoOp];1
[Pull(W,N), NoOp, NoOp, NoOp, NoOp];1
[Pull(W,E), NoOp, NoOp, NoOp, NoOp];1
[Pull(W,E), NoOp, NoOp, NoOp, NoOp];0
[Pull(W,E), NoOp, NoOp, NoOp, NoOp];0
[Pull(W,E), NoOp, NoOp, NoOp, NoOp];1
[Push(E,E), NoOp, NoOp, NoOp, NoOp];2
[Push(E,E), NoOp, NoOp, NoOp, NoOp];1
[Push(E,E), NoOp, NoOp, NoOp, NoOp];1
[Push(E,E), NoOp, NoOp, NoOp, NoOp];0
[NoOp, NoOp, NoOp, NoOp, NoOp];1
[Push(E,N), NoOp, NoOp, NoOp, NoOp];1
[Pull(W,E), NoOp, NoOp, NoOp, NoOp];0
[Pull(W,E), NoOp, NoOp, NoOp, NoOp];1
[Pull(W,E), NoOp, NoOp, NoOp, NoOp];1
[Pull(W,E), NoOp, NoOp, NoOp, NoOp];0
[Pull(W,E), NoOp, NoOp, NoOp, NoOp];1
[Push(E,E), NoOp, NoOp, NoOp, NoOp];2
[Push(E,E), NoOp, NoOp, NoOp, NoOp];0
[Push(E,E), NoOp, NoOp, NoOp, NoOp];1
[Push(E,E), NoOp, NoOp, NoOp, NoOp];1
[Push(E,E), NoOp, NoOp, NoOp, NoOp];1
[NoOp, NoOp, NoOp, NoOp, NoOp];0
[Pull(W,N), NoOp, NoOp, NoOp, NoOp];1
[Pull(W,E), NoOp, NoOp, NoOp, NoOp];1
[Pull(W,E), NoOp, NoOp, NoOp, NoOp];1
[Pull(W,E), NoOp, NoOp, NoOp, NoOp];0
[Push(E,E), NoOp, NoOp, NoOp, NoOp];28
[Push(E,E), NoOp, NoOp, NoOp, NoOp];0
[Push(E,E), NoOp, NoOp, NoOp, NoOp];1
[NoOp, NoOp, NoOp, NoOp, NoOp];0
[Push(E,N), NoOp, NoOp, NoOp, NoOp];20
[Pull(W,E), NoOp, NoOp, NoOp, NoOp];1
[Pull(W,E), NoOp, NoOp, NoOp, NoOp];0
[Pull(W,E), NoOp, NoOp, NoOp, NoOp];0
[Pull(W,E), NoOp, NoOp, NoOp, NoOp];1
[Pull(W,E), NoOp, NoOp, NoOp, NoOp];0
[NoOp, NoOp, NoOp, NoOp, NoOp];1
[Push(W,W), NoOp, NoOp, NoOp, NoOp];3
[Push(W,W), NoOp, NoOp, NoOp, NoOp];0
[Move(E), NoOp, NoOp, NoOp, NoOp];1
[Move(E), NoOp, NoOp, NoOp, NoOp];1
[NoOp, NoOp, NoOp, NoOp, NoOp];1
[Pull(W,E), NoOp, NoOp, NoOp, NoOp];1
[Pull(W,E), NoOp, NoOp, NoOp, NoOp];1
[Push(E,E), NoOp, NoOp, NoOp, NoOp];2
[Push(E,E), NoOp, NoOp, NoOp, NoOp];0
[Move(W), NoOp, NoOp, NoOp, NoOp];1
[Move(W), NoOp, NoOp, NoOp, NoOp];1
[NoOp, NoOp, NoOp, NoOp, NoOp];0
[Pull(E,W), NoOp, NoOp, NoOp, NoOp];1
[Pull(E,W), NoOp, NoOp, NoOp, NoOp];0
[NoOp, NoOp, NoOp, NoOp, NoOp];3
[Push(E,E), NoOp, NoOp, NoOp, NoOp];2
[Push(E,E), NoOp, NoOp, NoOp, NoOp];0
[Push(E,E), NoOp, NoOp, NoOp, NoOp];1
[Push(E,E), NoOp, NoOp, NoOp, NoOp];1
[Push(E,E), NoOp, NoOp, NoOp, NoOp];1
[NoOp, NoOp, NoOp, NoOp, NoOp];0
[Pull(W,N), NoOp, NoOp, NoOp, NoOp];2
[Pull(W,E), NoOp, NoOp, NoOp, NoOp];1
[Pull(W,E), NoOp, NoOp, NoOp, NoOp];0
[Pull(W,E), NoOp, NoOp, NoOp, NoOp];0
[Pull(W,E), NoOp, NoOp, NoOp, NoOp];1
[Push(E,E), NoOp, NoOp, NoOp, NoOp];2
[Push(E,E), NoOp, NoOp, NoOp, NoOp];0
[Push(E,E), NoOp, NoOp, NoOp, NoOp];1
[Push(E,E), NoOp, NoOp, NoOp, NoOp];1
[NoOp, NoOp, NoOp, NoOp, NoOp];1
[Push(E,N), NoOp, NoOp, NoOp, NoOp];2
[Pull(W,E), NoOp, NoOp, NoOp, NoOp];0
[Pull(W,E), NoOp, NoOp, NoOp, NoOp];0
[Pull(W,E), NoOp, NoOp, NoOp, NoOp];1
[Pull(W,E), NoOp, NoOp, NoOp, NoOp];0
[Pull(W,E), NoOp, NoOp, NoOp, NoOp];0
[Push(E,E), NoOp, NoOp, NoOp, NoOp];3
[Push(E,E), NoOp, NoOp, NoOp, NoOp];0
[Push(E,E), NoOp, NoOp, NoOp, NoOp];0
[Push(E,E), NoOp, NoOp, NoOp, NoOp];1
[Push(E,E), NoOp, NoOp, NoOp, NoOp];1
[NoOp, NoOp, NoOp, NoOp, NoOp];1
[Pull(W,N), NoOp, NoOp, NoOp, NoOp];1
[Pull(W,E), NoOp, NoOp, NoOp, NoOp];1
[Pull(W,E), NoOp, NoOp, NoOp, NoOp];1
[Pull(W,E), NoOp, NoOp, NoOp, NoOp];0
[Push(E,E), NoOp, NoOp, NoOp, NoOp];19
[Push(E,E), NoOp, NoOp, NoOp, NoOp];1
[Push(E,E), NoOp, NoOp, NoOp, NoOp];0
[NoOp, NoOp, NoOp, NoOp, NoOp];1
[Push(E,N), NoOp, NoOp, NoOp, NoOp];28
[Pull(W,E), NoOp, NoOp, NoOp, NoOp];1
[Pull(W,E), NoOp, NoOp, NoOp, NoOp];2
[Pull(W,E), NoOp, NoOp, NoOp, NoOp];1
[Pull(W,E), NoOp, NoOp, NoOp, NoOp];0
[Pull(W,E), NoOp, NoOp, NoOp, NoOp];0
[NoOp, NoOp, NoOp, NoOp, NoOp];1
[Push(W,W), NoOp, NoOp, NoOp, NoOp];5
[Push(W,W), NoOp, NoOp, NoOp, NoOp];1
[Move(E), NoOp, NoOp, NoOp, NoOp];1
[Move(E), NoOp, NoOp, NoOp, NoOp];1
[NoOp, NoOp, NoOp, NoOp, NoOp];1
[Pull(W,E), NoOp, NoOp, NoOp, NoOp];1
[Pull(W,E), NoOp, NoOp, NoOp, NoOp];1
[Push(E,E), NoOp, NoOp, NoOp, NoOp];25
[Push(E,E), NoOp, NoOp, NoOp, NoOp];0
[Move(W), NoOp, NoOp, NoOp, NoOp];0
[Move(W), NoOp, NoOp, NoOp, NoOp];1
[NoOp, NoOp, NoOp, NoOp, NoOp];1
[Pull(E,W), NoOp, NoOp, NoOp, NoOp];10
[Pull(E,W), NoOp, NoOp, NoOp, NoOp];1
[NoOp, NoOp, NoOp, NoOp, NoOp];1
[Push(E,E), NoOp, NoOp, NoOp, NoOp];3
[Push(E,E), NoOp, NoOp, NoOp, NoOp];1
[Move(W), NoOp, NoOp, NoOp, NoOp];0
[Move(W), NoOp, NoOp, NoOp, NoOp];0
[NoOp, NoOp, NoOp, NoOp, NoOp];1
[Pull(E,W), NoOp, NoOp, NoOp, NoOp];1
[Pull(E,W), NoOp, NoOp, NoOp, NoOp];1
[Push(W,W), NoOp, NoOp, NoOp, NoOp];1
[Push(W,W), NoOp, NoOp, NoOp, NoOp];0
[Move(E), NoOp, NoOp, NoOp, NoOp];2
[Move(E), NoOp, NoOp, NoOp, NoOp];0
[NoOp, NoOp, NoOp, NoOp, NoOp];0
[Push(E,E), NoOp, NoOp, NoOp, NoOp];2
[Push(E,E), NoOp, NoOp, NoOp, NoOp];0
[Push(E,E), NoOp, NoOp, NoOp, NoOp];1
[NoOp, NoOp, NoOp, NoOp, NoOp];0
[Pull(W,N), NoOp, NoOp, NoOp, NoOp];1
[Pull(W,E), NoOp, NoOp, NoOp, NoOp];1
[Pull(W,E), NoOp, NoOp, NoOp, NoOp];0
[Pull(W,E), NoOp, NoOp, NoOp, NoOp];0
[Pull(W,E), NoOp, NoOp, NoOp, NoOp];1
[Push(E,E), NoOp, NoOp, NoOp, NoOp];4
[Push(E,E), NoOp, NoOp, NoOp, NoOp];1
[Push(E,E), NoOp, NoOp, NoOp, NoOp];1
[Push(E,E), NoOp, NoOp, NoOp, NoOp];1
[NoOp, NoOp, NoOp, NoOp, NoOp];1
[Push(E,N), NoOp, NoOp, NoOp, NoOp];3
[Pull(W,E), NoOp, NoOp, NoOp, NoOp];1
[Pull(W,E), NoOp, NoOp, NoOp, NoOp];1
[Pull(W,E), NoOp, NoOp, NoOp, NoOp];1
[Pull(W,E), NoOp, NoOp, NoOp, NoOp];1
[Pull(W,E), NoOp, NoOp, NoOp, NoOp];1
[Push(E,E), NoOp, NoOp, NoOp, NoOp];4
[Push(E,E), NoOp, NoOp, NoOp, NoOp];1
[Push(E,E), NoOp, NoOp, NoOp, NoOp];1
[Push(E,E), NoOp, NoOp, NoOp, NoOp];1
[Push(E,E), NoOp, NoOp, NoOp, NoOp];1
[NoOp, NoOp, NoOp, NoOp, NoOp];1
[Pull(W,N), NoOp, NoOp, NoOp, NoOp];3
[Pull(W,E), NoOp, NoOp, NoOp, NoOp];0
[Pull(W,E), NoOp, NoOp, NoOp, NoOp];7
[Pull(W,E), NoOp, NoOp, NoOp, NoOp];0
[Push(E,E), NoOp, NoOp, NoOp, NoOp];34
[Push(E,E), NoOp, NoOp, NoOp, NoOp];0
[Push(E,E), NoOp, NoOp, NoOp, NoOp];0
[NoOp, NoOp, NoOp, NoOp, NoOp];1
[Push(E,N), NoOp, NoOp, NoOp, NoOp];24
[Pull(W,E), NoOp, NoOp, NoOp, NoOp];1
[Pull(W,E), NoOp, NoOp, NoOp, NoOp];0
[Pull(W,E), NoOp, NoOp, NoOp, NoOp];1
[Pull(W,E), NoOp, NoOp, NoOp, NoOp];1
[Pull(W,E), NoOp, NoOp, NoOp, NoOp];0
[NoOp, NoOp, NoOp, NoOp, NoOp];1
[Push(W,W), NoOp, NoOp, NoOp, NoOp];2
[Push(W,W), NoOp, NoOp, NoOp, NoOp];0
[Move(E), NoOp, NoOp, NoOp, NoOp];1
[Move(E), NoOp, NoOp, NoOp, NoOp];0
[NoOp, NoOp, NoOp, NoOp, NoOp];1
[Pull(W,E), NoOp, NoOp, NoOp, NoOp];1
[Pull(W,E), NoOp, NoOp, NoOp, NoOp];1
[Push(E,E), NoOp, NoOp, NoOp, NoOp];2
[Push(E,E), NoOp, NoOp, NoOp, NoOp];1
[Move(W), NoOp, NoOp, NoOp, NoOp];1
[Move(W), NoOp, NoOp, NoOp, NoOp];0
[NoOp, NoOp, NoOp, NoOp, NoOp];1
[Pull(E,W), NoOp, NoOp, NoOp, NoOp];1
[Pull(E,W), NoOp, NoOp, NoOp, NoOp];0
[NoOp, NoOp, NoOp, NoOp, NoOp];3
[Push(E,E), NoOp, NoOp, NoOp, NoOp];2
[Push(E,E), NoOp, NoOp, NoOp, NoOp];0
[Push(E,E), NoOp, NoOp, NoOp, NoOp];0
[Push(E,E), NoOp, NoOp, NoOp, NoOp];1
[Push(E,E), NoOp, NoOp, NoOp, NoOp];1
[NoOp, NoOp, NoOp, NoOp, NoOp];1
[Pull(W,N), NoOp, NoOp, NoOp, NoOp];3
[Pull(W,E), NoOp, NoOp, NoOp, NoOp];1
[Pull(W,E), NoOp, NoOp, NoOp, NoOp];1
[Pull(W,E), NoOp, NoOp, NoOp, NoOp];1
[Pull(W,E), NoOp, NoOp, NoOp, NoOp];1
[Push(E,E), NoOp, NoOp, NoOp, NoOp];4
[Push(E,E), NoOp, NoOp, NoOp, NoOp];1
[Push(E,E), NoOp, NoOp, NoOp, NoOp];1
[Push(E,E), NoOp, NoOp, NoOp, NoOp];1
[NoOp, NoOp, NoOp, NoOp, NoOp];1
[Push(E,N), NoOp, NoOp, NoOp, NoOp];3
[Pull(W,E), NoOp, NoOp, NoOp, NoOp];0
[Pull(W,E), NoOp, NoOp, NoOp, NoOp];1
[Pull(W,E), NoOp, NoOp, NoOp, NoOp];1
[Pull(W,E), NoOp, NoOp, NoOp, NoOp];1
[Pull(W,E), NoOp, NoOp, NoOp, NoOp];1
[Push(E,E), NoOp, NoOp, NoOp, NoOp];4
[Push(E,E), NoOp, NoOp, NoOp, NoOp];1
[Push(E,E), NoOp, NoOp, NoOp, NoOp];1
[Push(E,E), NoOp, NoOp, NoOp, NoOp];1
[Push(E,E), NoOp, NoOp, NoOp, NoOp];1
[NoOp, NoOp, NoOp, NoOp, NoOp];0
[Pull(W,N), NoOp, NoOp, NoOp, NoOp];2
[Pull(W,E), NoOp, NoOp, NoOp, NoOp];1
[Pull(W,E), NoOp, NoOp, NoOp, NoOp];1
[Pull(W,E), NoOp, NoOp, NoOp, NoOp];1
[Push(E,E), NoOp, NoOp, NoOp, NoOp];33
[Push(E,E), NoOp, NoOp, NoOp, NoOp];1
[Push(E,E), NoOp, NoOp, NoOp, NoOp];0
[NoOp, NoOp, NoOp, NoOp, NoOp];0
[Push(E,N), NoOp, NoOp, NoOp, NoOp];28
[Pull(W,E), NoOp, NoOp, NoOp, NoOp];1
[Pull(W,E), NoOp, NoOp, NoOp, NoOp];1
[Pull(W,E), NoOp, NoOp, NoOp, NoOp];1
[Pull(W,E), NoOp, NoOp, NoOp, NoOp];1
[Pull(W,E), NoOp, NoOp, NoOp, NoOp];1
[NoOp, NoOp, NoOp, NoOp, NoOp];1
[Push(W,W), NoOp, NoOp, NoOp, NoOp];4
[Push(W,W), NoOp, NoOp, NoOp, NoOp];1
[Move(E), NoOp, NoOp, NoOp, NoOp];1
[Move(E), NoOp, NoOp, NoOp, NoOp];1
[NoOp, NoOp, NoOp, NoOp, NoOp];1
[Pull(W,E), NoOp, NoOp, NoOp, NoOp];2
[Pull(W,E), NoOp, NoOp, NoOp, NoOp];1
[Push(E,E), NoOp, NoOp, NoOp, NoOp];11
[NoOp, NoOp, NoOp, NoOp, NoOp];1
[Push(E,E), NoOp, NoOp, NoOp, NoOp];11
[Move(W), NoOp, NoOp, NoOp, NoOp];0
[Move(W), NoOp, NoOp, NoOp, NoOp];0
[NoOp, NoOp, NoOp, NoOp, NoOp];0
[Pull(E,W), NoOp, NoOp, NoOp, NoOp];6
[Pull(E,W), NoOp, NoOp, NoOp, NoOp];1
[NoOp, NoOp, NoOp, NoOp, NoOp];1
[Push(E,E), NoOp, NoOp, NoOp, NoOp];5
[Push(E,E), NoOp, NoOp, NoOp, NoOp];1
[Move(W), NoOp, NoOp, NoOp, NoOp];1
[Move(W), NoOp, NoOp, NoOp, NoOp];1
[NoOp, NoOp, NoOp, NoOp, NoOp];1
[Pull(E,W), NoOp, NoOp, NoOp, NoOp];1
[Pull(E,W), NoOp, NoOp, NoOp, NoOp];1
[Push(W,W), NoOp, NoOp, NoOp, NoOp];0
[Push(W,W), NoOp, NoOp, NoOp, NoOp];1
[Move(E), NoOp, NoOp, NoOp, NoOp];2
[Move(E), NoOp, NoOp, NoOp, NoOp];1
[NoOp, NoOp, NoOp, NoOp, NoOp];0
[Push(E,E), NoOp, NoOp, NoOp, NoOp];2
[Push(E,E), NoOp, NoOp, NoOp, NoOp];0
[Push(E,E), NoOp, NoOp, NoOp, NoOp];1
[NoOp, NoOp, NoOp, NoOp, NoOp];0
[Pull(W,N), NoOp, NoOp, NoOp, NoOp];1
[Pull(W,E), NoOp, NoOp, NoOp, NoOp];1
[Pull(W,E), NoOp, NoOp, NoOp, NoOp];0
[Pull(W,E), NoOp, NoOp, NoOp, NoOp];1
[Pull(W,E), NoOp, NoOp, NoOp, NoOp];1
[Push(E,E), NoOp, NoOp, NoOp, NoOp];2
[Push(E,E), NoOp, NoOp, NoOp, NoOp];0
[Push(E,E), NoOp, NoOp, NoOp, NoOp];1
[Push(E,E), NoOp, NoOp, NoOp, NoOp];0
[NoOp, NoOp, NoOp, NoOp, NoOp];0
[Push(E,N), NoOp, NoOp, NoOp, NoOp];1
[Pull(W,E), NoOp, NoOp, NoOp, NoOp];0
[Pull(W,E), NoOp, NoOp, NoOp, NoOp];1
[Pull(W,E), NoOp, NoOp, NoOp, NoOp];0
[Pull(W,E), NoOp, NoOp, NoOp, NoOp];0
[Pull(W,E), NoOp, NoOp, NoOp, NoOp];1
[Push(E,E), NoOp, NoOp, NoOp, NoOp];2
[Push(E,E), NoOp, NoOp, NoOp, NoOp];1
[Push(E,E), NoOp, NoOp, NoOp, NoOp];0
[Push(E,E), NoOp, NoOp, NoOp, NoOp];1
[Push(E,E), NoOp, NoOp, NoOp, NoOp];1
[NoOp, NoOp, NoOp, NoOp, NoOp];4
[Pull(W,N), NoOp, NoOp, NoOp, NoOp];0
[Pull(W,E), NoOp, NoOp, NoOp, NoOp];0
[Pull(W,E), NoOp, NoOp, NoOp, NoOp];4
[Pull(W,E), NoOp, NoOp, NoOp, NoOp];0
[Push(E,E), NoOp, NoOp, NoOp, NoOp];29
[Push(E,E), NoOp, NoOp, NoOp, NoOp];0
[Push(E,E), NoOp, NoOp, NoOp, NoOp];0
[NoOp, NoOp, NoOp, NoOp, NoOp];1
[Push(E,N), NoOp, NoOp, NoOp, NoOp];18
[Pull(W,E), NoOp, NoOp, NoOp, NoOp];0
[Pull(W,E), NoOp, NoOp, NoOp, NoOp];1
[Pull(W,E), NoOp, NoOp, NoOp, NoOp];1
[Pull(W,E), NoOp, NoOp, NoOp, NoOp];0
[Pull(W,E), NoOp, NoOp, NoOp, NoOp];0
[NoOp, NoOp, NoOp, NoOp, NoOp];1
[Push(W,W), NoOp, NoOp, NoOp, NoOp];2
[Push(W,W), NoOp, NoOp, NoOp, NoOp];0
[Move(E), NoOp, NoOp, NoOp, NoOp];1
[Move(E), NoOp, NoOp, NoOp, NoOp];1
[NoOp, NoOp, NoOp, NoOp, NoOp];0
[Pull(W,E), NoOp, NoOp, NoOp, NoOp];1
[Pull(W,E), NoOp, NoOp, NoOp, NoOp];1
[Push(E,E), NoOp, NoOp, NoOp, NoOp];2
[Push(E,E), NoOp, NoOp, NoOp, NoOp];1
[Move(W), NoOp, NoOp, NoOp, NoOp];1
[Move(W), NoOp, NoOp, NoOp, NoOp];1
[NoOp, NoOp, NoOp, NoOp, NoOp];1
[Pull(E,W), NoOp, NoOp, NoOp, NoOp];1
[Pull(E,W), NoOp, NoOp, NoOp, NoOp];1
[NoOp, NoOp, NoOp, NoOp, NoOp];4
[Push(E,E), NoOp, NoOp, NoOp, NoOp];4
[Push(E,E), NoOp, NoOp, NoOp, NoOp];1
[Push(E,E), NoOp, NoOp, NoOp, NoOp];1
[Push(E,E), NoOp, NoOp, NoOp, NoOp];1
[Push(E,E), NoOp, NoOp, NoOp, NoOp];1
[NoOp, NoOp, NoOp, NoOp, NoOp];1
[Pull(W,N), NoOp, NoOp, NoOp, NoOp];2
[Pull(W,E), NoOp, NoOp, NoOp, NoOp];1
[Pull(W,E), NoOp, NoOp, NoOp, NoOp];1
[Pull(W,E), NoOp, NoOp, NoOp, NoOp];1
[Pull(W,E), NoOp, NoOp, NoOp, NoOp];1
[Push(E,E), NoOp, NoOp, NoOp, NoOp];3
[Push(E,E), NoOp, NoOp, NoOp, NoOp];1
[Push(E,E), NoOp, NoOp, NoOp, NoOp];1
[Push(E,E), NoOp, NoOp, NoOp, NoOp];1
[NoOp, NoOp, NoOp, NoOp, NoOp];1
[Push(E,N), NoOp, NoOp, NoOp, NoOp];3
[Pull(W,E), NoOp, NoOp, NoOp, NoOp];1
[Pull(W,E), NoOp, NoOp, NoOp, NoOp];4
[Pull(W,E), NoOp, NoOp, NoOp, NoOp];0
[Pull(W,E), NoOp, NoOp, NoOp, NoOp];0
[Pull(W,E), NoOp, NoOp, NoOp, NoOp];0
[Push(E,E), NoOp, NoOp, NoOp, NoOp];3
[Push(E,E), NoOp, NoOp, NoOp, NoOp];1
[Push(E,E), NoOp, NoOp, NoOp, NoOp];2
[Push(E,E), NoOp, NoOp, NoOp, NoOp];1
[Push(E,E), NoOp, NoOp, NoOp, NoOp];0
[NoOp, NoOp, NoOp, NoOp, NoOp];1
[Pull(W,N), NoOp, NoOp, NoOp, NoOp];2
[Pull(W,E), NoOp, NoOp, NoOp, NoOp];1
[Pull(W,E), NoOp, NoOp, NoOp, NoOp];1
[Pull(W,E), NoOp, NoOp, NoOp, NoOp];1
[Push(E,E), NoOp, NoOp, NoOp, NoOp];36
[Push(E,E), NoOp, NoOp, NoOp, NoOp];1
[Push(E,E), NoOp, NoOp, NoOp, NoOp];1
[NoOp, NoOp, NoOp, NoOp, NoOp];1
[Push(E,N), NoOp, NoOp, NoOp, NoOp];32
[Pull(W,E), NoOp, NoOp, NoOp, NoOp];1
[Pull(W,E), NoOp, NoOp, NoOp, NoOp];1
[Pull(W,E), NoOp, NoOp, NoOp, NoOp];1
[Pull(W,E), NoOp, NoOp, NoOp, NoOp];1
[Pull(W,E), NoOp, NoOp, NoOp, NoOp];1
[NoOp, NoOp, NoOp, NoOp, NoOp];1
[Push(W,W), NoOp, NoOp, NoOp, NoOp];4
[Push(W,W), NoOp, NoOp, NoOp, NoOp];1
[Move(E), NoOp, NoOp, NoOp, NoOp];1
[Move(E), NoOp, NoOp, NoOp, NoOp];1
[NoOp, NoOp, NoOp, NoOp, NoOp];1
[Pull(W,E), NoOp, NoOp, NoOp, NoOp];2
[Pull(W,E), NoOp, NoOp, NoOp, NoOp];1
[Push(E,E), NoOp, NoOp, NoOp, NoOp];11
[Push(E,E), NoOp, NoOp, NoOp, NoOp];1
[Move(W), NoOp, NoOp, NoOp, NoOp];4
[Move(W), NoOp, NoOp, NoOp, NoOp];0
[NoOp, NoOp, NoOp, NoOp, NoOp];0
[Pull(E,W), NoOp, NoOp, NoOp, NoOp];1
[Pull(E,W), NoOp, NoOp, NoOp, NoOp];0
[NoOp, NoOp, NoOp, NoOp, NoOp];1
[Push(E,E), NoOp, NoOp, NoOp, NoOp];2
[Push(E,E), NoOp, NoOp, NoOp, NoOp];0
[Move(W), NoOp, NoOp, NoOp, NoOp];1
[Move(W), NoOp, NoOp, NoOp, NoOp];0
[NoOp, NoOp, NoOp, NoOp, NoOp];1
[Pull(E,W), NoOp, NoOp, NoOp, NoOp];0
[Pull(E,W), NoOp, NoOp, NoOp, NoOp];0
[Push(W,W), NoOp, NoOp, NoOp, NoOp];1
[Push(W,W), NoOp, NoOp, NoOp, NoOp];0
[Move(E), NoOp, NoOp, NoOp, NoOp];3
[Move(E), NoOp, NoOp, NoOp, NoOp];0
[NoOp, NoOp, NoOp, NoOp, NoOp];0
[Push(E,E), NoOp, NoOp, NoOp, NoOp];2
[Push(E,E), NoOp, NoOp, NoOp, NoOp];0
[Push(E,E), NoOp, NoOp, NoOp, NoOp];1
[NoOp, NoOp, NoOp, NoOp, NoOp];1
[Pull(W,N), NoOp, NoOp, NoOp, NoOp];1
[Pull(W,E), NoOp, NoOp, NoOp, NoOp];0
[Pull(W,E), NoOp, NoOp, NoOp, NoOp];1
[Pull(W,E), NoOp, NoOp, NoOp, NoOp];1
[Pull(W,E), NoOp, NoOp, NoOp, NoOp];0
[Push(E,E), NoOp, NoOp, NoOp, NoOp];8
[Push(E,E), NoOp, NoOp, NoOp, NoOp];0
[Push(E,E), NoOp, NoOp, NoOp, NoOp];1
[Push(E,E), NoOp, NoOp, NoOp, NoOp];0
[NoOp, NoOp, NoOp, NoOp, NoOp];0
[Push(E,N), NoOp, NoOp, NoOp, NoOp];0
[Pull(W,E), NoOp, NoOp, NoOp, NoOp];1
[Pull(W,E), NoOp, NoOp, NoOp, NoOp];1
[Pull(W,E), NoOp, NoOp, NoOp, NoOp];3
[Pull(W,E), NoOp, NoOp, NoOp, NoOp];0
[Pull(W,E), NoOp, NoOp, NoOp, NoOp];3
[Push(E,E), NoOp, NoOp, NoOp, NoOp];1
[Push(E,E), NoOp, NoOp, NoOp, NoOp];0
[Push(E,E), NoOp, NoOp, NoOp, NoOp];0
[Push(E,E), NoOp, NoOp, NoOp, NoOp];0
[Push(E,E), NoOp, NoOp, NoOp, NoOp];0
[NoOp, NoOp, NoOp, NoOp, NoOp];1
[Pull(W,N), NoOp, NoOp, NoOp, NoOp];1
[Pull(W,E), NoOp, NoOp, NoOp, NoOp];1
[Pull(W,E), NoOp, NoOp, NoOp, NoOp];1
[Pull(W,E), NoOp, NoOp, NoOp, NoOp];0
[Push(E,E), NoOp, NoOp, NoOp, NoOp];33
[Push(E,E), NoOp, NoOp, NoOp, NoOp];1
[Push(E,E), NoOp, NoOp, NoOp, NoOp];0
[NoOp, NoOp, NoOp, NoOp, NoOp];0
[Push(E,N), NoOp, NoOp, NoOp, NoOp];22
[Pull(W,E), NoOp, NoOp, NoOp, NoOp];0
[Pull(W,E), NoOp, NoOp, NoOp, NoOp];1
[Pull(W,E), NoOp, NoOp, NoOp, NoOp];1
[Pull(W,E), NoOp, NoOp, NoOp, NoOp];0
[Pull(W,E), NoOp, NoOp, NoOp, NoOp];4
[NoOp, NoOp, NoOp, NoOp, NoOp];0
[Push(W,W), NoOp, NoOp, NoOp, NoOp];1
[Push(W,W), NoOp, NoOp, NoOp, NoOp];1
[Move(E), NoOp, NoOp, NoOp, NoOp];1
[Move(E), NoOp, NoOp, NoOp, NoOp];0
[NoOp, NoOp, NoOp, NoOp, NoOp];0
[Pull(W,E), NoOp, NoOp, NoOp, NoOp];1
[Pull(W,E), NoOp, NoOp, NoOp, NoOp];1
[Push(E,E), NoOp, NoOp, NoOp, NoOp];2
[NoOp, NoOp, NoOp, NoOp, NoOp];0
[Push(E,E), NoOp, NoOp, NoOp, NoOp];2
[Move(W), NoOp, NoOp, NoOp, NoOp];1
[Move(W), NoOp, NoOp, NoOp, NoOp];0
[NoOp, NoOp, NoOp, NoOp, NoOp];0
[Pull(E,W), NoOp, NoOp, NoOp, NoOp];1
[Pull(E,W), NoOp, NoOp, NoOp, NoOp];1
[NoOp, NoOp, NoOp, NoOp, NoOp];2
[Push(E,E), NoOp, NoOp, NoOp, NoOp];2
[Push(E,E), NoOp, NoOp, NoOp, NoOp];0
[Push(E,E), NoOp, NoOp, NoOp, NoOp];0
[Push(E,E), NoOp, NoOp, NoOp, NoOp];1
[Push(E,E), NoOp, NoOp, NoOp, NoOp];1
[NoOp, NoOp, NoOp, NoOp, NoOp];0
[Pull(W,N), NoOp, NoOp, NoOp, NoOp];8
[Pull(W,E), NoOp, NoOp, NoOp, NoOp];0
[Pull(W,E), NoOp, NoOp, NoOp, NoOp];0
[Pull(W,E), NoOp, NoOp, NoOp, NoOp];0
[Pull(W,E), NoOp, NoOp, NoOp, NoOp];0
[Push(E,E), NoOp, NoOp, NoOp, NoOp];2
[Push(E,E), NoOp, NoOp, NoOp, NoOp];0
[Push(E,E), NoOp, NoOp, NoOp, NoOp];1
[Push(E,E), NoOp, NoOp, NoOp, NoOp];1
[NoOp, NoOp, NoOp, NoOp, NoOp];0
[Push(E,N), NoOp, NoOp, NoOp, NoOp];1
[Pull(W,E), NoOp, NoOp, NoOp, NoOp];1
[Pull(W,E), NoOp, NoOp, NoOp, NoOp];0
[Pull(W,E), NoOp, NoOp, NoOp, NoOp];0
[Pull(W,E), NoOp, NoOp, NoOp, NoOp];1
[Pull(W,E), NoOp, NoOp, NoOp, NoOp];1
[Push(E,E), NoOp, NoOp, NoOp, NoOp];2
[Push(E,E), NoOp, NoOp, NoOp, NoOp];1
[Push(E,E), NoOp, NoOp, NoOp, NoOp];0
[Push(E,E), NoOp, NoOp, NoOp, NoOp];0
[Push(E,E), NoOp, NoOp, NoOp, NoOp];1
[NoOp, NoOp, NoOp, NoOp, NoOp];0
[Pull(W,N), NoOp, NoOp, NoOp, NoOp];1
[Pull(W,E), NoOp, NoOp, NoOp, NoOp];1
[Pull(W,E), NoOp, NoOp, NoOp, NoOp];0
[Pull(W,E), NoOp, NoOp, NoOp, NoOp];1
[Push(E,E), NoOp, NoOp, NoOp, NoOp];30
[Push(E,E), NoOp, NoOp, NoOp, NoOp];0
[Push(E,E), NoOp, NoOp, NoOp, NoOp];0
[NoOp, NoOp, NoOp, NoOp, NoOp];0
[Push(E,N), NoOp, NoOp, NoOp, NoOp];27
[Pull(W,E), NoOp, NoOp, NoOp, NoOp];1
[Pull(W,E), NoOp, NoOp, NoOp, NoOp];1
[Pull(W,E), NoOp, NoOp, NoOp, NoOp];0
[Pull(W,E), NoOp, NoOp, NoOp, NoOp];0
[Pull(W,E), NoOp, NoOp, NoOp, NoOp];1
[NoOp, NoOp, NoOp, NoOp, NoOp];1
[Push(W,W), NoOp, NoOp, NoOp, NoOp];2
[Push(W,W), NoOp, NoOp, NoOp, NoOp];0
[Move(E), NoOp, NoOp, NoOp, NoOp];1
[Move(E), NoOp, NoOp, NoOp, NoOp];0
[NoOp, NoOp, NoOp, NoOp, NoOp];0
[Pull(W,E), NoOp, NoOp, NoOp, NoOp];1
[Pull(W,E), NoOp, NoOp, NoOp, NoOp];1
[Push(E,E), NoOp, NoOp, NoOp, NoOp];9
[Push(E,E), NoOp, NoOp, NoOp, NoOp];1
[Move(W), NoOp, NoOp, NoOp, NoOp];1
[Move(W), NoOp, NoOp, NoOp, NoOp];1
[NoOp, NoOp, NoOp, NoOp, NoOp];1
[Pull(E,W), NoOp, NoOp, NoOp, NoOp];6
[Pull(E,W), NoOp, NoOp, NoOp, NoOp];1
[NoOp, NoOp, NoOp, NoOp, NoOp];1
[Push(E,E), NoOp, NoOp, NoOp, NoOp];5
[Push(E,E), NoOp, NoOp, NoOp, NoOp];1
[Move(W), NoOp, NoOp, NoOp, NoOp];0
[Move(W), NoOp, NoOp, NoOp, NoOp];0
[NoOp, NoOp, NoOp, NoOp, NoOp];0
[Pull(E,W), NoOp, NoOp, NoOp, NoOp];2
[Pull(E,W), NoOp, NoOp, NoOp, NoOp];1
[Push(W,W), NoOp, NoOp, NoOp, NoOp];2
[Push(W,W), NoOp, NoOp, NoOp, NoOp];1
[Move(E), NoOp, NoOp, NoOp, NoOp];3
[Move(E), NoOp, NoOp, NoOp, NoOp];1
[NoOp, NoOp, NoOp, NoOp, NoOp];1
[Push(E,E), NoOp, NoOp, NoOp, NoOp];4
[Push(E,E), NoOp, NoOp, NoOp, NoOp];1
[Push(E,E), NoOp, NoOp, NoOp, NoOp];1
[NoOp, NoOp, NoOp, NoOp, NoOp];1
[Pull(W,N), NoOp, NoOp, NoOp, NoOp];2
[Pull(W,E), NoOp, NoOp, NoOp, NoOp];1
[Pull(W,E), NoOp, NoOp, NoOp, NoOp];1
[Pull(W,E), NoOp, NoOp, NoOp, NoOp];1
[Pull(W,E), NoOp, NoOp, NoOp, NoOp];1
[Push(E,E), NoOp, NoOp, NoOp, NoOp];4
[Push(E,E), NoOp, NoOp, NoOp, NoOp];1
[Push(E,E), NoOp, NoOp, NoOp, NoOp];1
[Push(E,E), NoOp, NoOp, NoOp, NoOp];1
[NoOp, NoOp, NoOp, NoOp, NoOp];1
[Push(E,N), NoOp, NoOp, NoOp, NoOp];2
[Pull(W,E), NoOp, NoOp, NoOp, NoOp];1
[Pull(W,E), NoOp, NoOp, NoOp, NoOp];1
[Pull(W,E), NoOp, NoOp, NoOp, NoOp];1
[Pull(W,E), NoOp, NoOp, NoOp, NoOp];1
[Pull(W,E), NoOp, NoOp, NoOp, NoOp];1
[Push(E,E), NoOp, NoOp, NoOp, NoOp];9
[Push(E,E), NoOp, NoOp, NoOp, NoOp];0
[Push(E,E), NoOp, NoOp, NoOp, NoOp];0
[Push(E,E), NoOp, NoOp, NoOp, NoOp];0
[Push(E,E), NoOp, NoOp, NoOp, NoOp];0
[NoOp, NoOp, NoOp, NoOp, NoOp];0
[Pull(W,N), NoOp, NoOp, NoOp, NoOp];3
[Pull(W,E), NoOp, NoOp, NoOp, NoOp];0
[Pull(W,E), NoOp, NoOp, NoOp, NoOp];0
[Pull(W,E), NoOp, NoOp, NoOp, NoOp];1
[Push(E,E), NoOp, NoOp, NoOp, NoOp];40
[Push(E,E), NoOp, NoOp, NoOp, NoOp];1
[Push(E,E), NoOp, NoOp, NoOp, NoOp];1
[NoOp, NoOp, NoOp, NoOp, NoOp];1
[Push(E,N), NoOp, NoOp, NoOp, NoOp];36
[Pull(W,E), NoOp, NoOp, NoOp, NoOp];2
[Pull(W,E), NoOp, NoOp, NoOp, NoOp];3
[Pull(W,E), NoOp, NoOp, NoOp, NoOp];0
[Pull(W,E), NoOp, NoOp, NoOp, NoOp];0
[Pull(W,E), NoOp, NoOp, NoOp, NoOp];0
[NoOp, NoOp, NoOp, NoOp, NoOp];1
[Push(W,W), NoOp, NoOp, NoOp, NoOp];5
[Push(W,W), NoOp, NoOp, NoOp, NoOp];1
[Move(E), NoOp, NoOp, NoOp, NoOp];1
[Move(E), NoOp, NoOp, NoOp, NoOp];1
[NoOp, NoOp, NoOp, NoOp, NoOp];2
[Pull(W,E), NoOp, NoOp, NoOp, NoOp];2
[Pull(W,E), NoOp, NoOp, NoOp, NoOp];1
[Push(E,E), NoOp, NoOp, NoOp, NoOp];5
[NoOp, NoOp, NoOp, NoOp, NoOp];2
[Push(E,E), NoOp, NoOp, NoOp, NoOp];3
[Move(W), NoOp, NoOp, NoOp, NoOp];1
[Move(W), NoOp, NoOp, NoOp, NoOp];1
[NoOp, NoOp, NoOp, NoOp, NoOp];1
[Pull(E,W), NoOp, NoOp, NoOp, NoOp];1
[Pull(E,W), NoOp, NoOp, NoOp, NoOp];1
[NoOp, NoOp, NoOp, NoOp, NoOp];4
[Push(E,E), NoOp, NoOp, NoOp, NoOp];4
[Push(E,E), NoOp, NoOp, NoOp, NoOp];0
[Push(E,E), NoOp, NoOp, NoOp, NoOp];7
[Push(E,E), NoOp, NoOp, NoOp, NoOp];0
[Push(E,E), NoOp, NoOp, NoOp, NoOp];0
[NoOp, NoOp, NoOp, NoOp, NoOp];0
[Pull(W,N), NoOp, NoOp, NoOp, NoOp];0
[Pull(W,E), NoOp, NoOp, NoOp, NoOp];0
[Pull(W,E), NoOp, NoOp, NoOp, NoOp];1
[Pull(W,E), NoOp, NoOp, NoOp, NoOp];3
[Pull(W,E), NoOp, NoOp, NoOp, NoOp];0
[Push(E,E), NoOp, NoOp, NoOp, NoOp];6
[Push(E,E), NoOp, NoOp, NoOp, NoOp];1
[Push(E,E), NoOp, NoOp, NoOp, NoOp];1
[Push(E,E), NoOp, NoOp, NoOp, NoOp];1
[NoOp, NoOp, NoOp, NoOp, NoOp];1
[Push(E,N), NoOp, NoOp, NoOp, NoOp];5
[Pull(W,E), NoOp, NoOp, NoOp, NoOp];0
[Pull(W,E), NoOp, NoOp, NoOp, NoOp];0
[Pull(W,E), NoOp, NoOp, NoOp, NoOp];3
[Pull(W,E), NoOp, NoOp, NoOp, NoOp];0
[Pull(W,E), NoOp, NoOp, NoOp, NoOp];0
[Push(E,E), NoOp, NoOp, NoOp, NoOp];8
[Push(E,E), NoOp, NoOp, NoOp, NoOp];1
[Push(E,E), NoOp, NoOp, NoOp, NoOp];1
[Push(E,E), NoOp, NoOp, NoOp, NoOp];0
[Push(E,E), NoOp, NoOp, NoOp, NoOp];1
[NoOp, NoOp, NoOp, NoOp, NoOp];1
[Pull(W,N), NoOp, NoOp, NoOp, NoOp];2
[Pull(W,E), NoOp, NoOp, NoOp, NoOp];1
[Pull(W,E), NoOp, NoOp, NoOp, NoOp];1
[Pull(W,E), NoOp, NoOp, NoOp, NoOp];2
[Push(E,E), NoOp, NoOp, NoOp, NoOp];38
[Push(E,E), NoOp, NoOp, NoOp, NoOp];1
[Push(E,E), NoOp, NoOp, NoOp, NoOp];1
[NoOp, NoOp, NoOp, NoOp, NoOp];0
[Push(E,N), NoOp, NoOp, NoOp, NoOp];37
[Pull(W,E), NoOp, NoOp, NoOp, NoOp];2
[Pull(W,E), NoOp, NoOp, NoOp, NoOp];1
[Pull(W,E), NoOp, NoOp, NoOp, NoOp];1
[Pull(W,E), NoOp, NoOp, NoOp, NoOp];2
[Pull(W,E), NoOp, NoOp, NoOp, NoOp];1
[NoOp, NoOp, NoOp, NoOp, NoOp];1
[Push(W,W), NoOp, NoOp, NoOp, NoOp];5
[Push(W,W), NoOp, NoOp, NoOp, NoOp];1
[Move(E), NoOp, NoOp, NoOp, NoOp];1
[Move(E), NoOp, NoOp, NoOp, NoOp];1
[NoOp, NoOp, NoOp, NoOp, NoOp];1
[Pull(W,E), NoOp, NoOp, NoOp, NoOp];2
[Pull(W,E), NoOp, NoOp, NoOp, NoOp];8
[Push(E,E), NoOp, NoOp, NoOp, NoOp];5
[Push(E,E), NoOp, NoOp, NoOp, NoOp];1
[Move(W), NoOp, NoOp, NoOp, NoOp];1
[Move(W), NoOp, NoOp, NoOp, NoOp];7
[NoOp, NoOp, NoOp, NoOp, NoOp];0
[Pull(E,W), NoOp, NoOp, NoOp, NoOp];7
[Pull(E,W), NoOp, NoOp, NoOp, NoOp];0
[NoOp, NoOp, NoOp, NoOp, NoOp];2
[Push(E,E), NoOp, NoOp, NoOp, NoOp];4
[Push(E,E), NoOp, NoOp, NoOp, NoOp];3
[Move(W), NoOp, NoOp, NoOp, NoOp];0
[Move(W), NoOp, NoOp, NoOp, NoOp];1
[NoOp, NoOp, NoOp, NoOp, NoOp];1
[Pull(E,W), NoOp, NoOp, NoOp, NoOp];1
[Pull(E,W), NoOp, NoOp, NoOp, NoOp];1
[Push(W,W), NoOp, NoOp, NoOp, NoOp];1
[Push(W,W), NoOp, NoOp, NoOp, NoOp];1
[Move(E), NoOp, NoOp, NoOp, NoOp];4
[Move(E), NoOp, NoOp, NoOp, NoOp];1
[NoOp, NoOp, NoOp, NoOp, NoOp];1
[Push(E,E), NoOp, NoOp, NoOp, NoOp];4
[Push(E,E), NoOp, NoOp, NoOp, NoOp];0
[Push(E,E), NoOp, NoOp, NoOp, NoOp];1
[NoOp, NoOp, NoOp, NoOp, NoOp];1
[Pull(W,N), NoOp, NoOp, NoOp, NoOp];3
[Pull(W,E), NoOp, NoOp, NoOp, NoOp];0
[Pull(W,E), NoOp, NoOp, NoOp, NoOp];1
[Pull(W,E), NoOp, NoOp, NoOp, NoOp];1
[Pull(W,E), NoOp, NoOp, NoOp, NoOp];1
[Push(E,E), NoOp, NoOp, NoOp, NoOp];4
[Push(E,E), NoOp, NoOp, NoOp, NoOp];1
[Push(E,E), NoOp, NoOp, NoOp, NoOp];1
[Push(E,E), NoOp, NoOp, NoOp, NoOp];2
[NoOp, NoOp, NoOp, NoOp, NoOp];2
[Push(E,N), NoOp, NoOp, NoOp, NoOp];3
[Pull(W,E), NoOp, NoOp, NoOp, NoOp];0
[Pull(W,E), NoOp, NoOp, NoOp, NoOp];2
[Pull(W,E), NoOp, NoOp, NoOp, NoOp];1
[Pull(W,E), NoOp, NoOp, NoOp, NoOp];2
[Pull(W,E), NoOp, NoOp, NoOp, NoOp];1
[Push(E,E), NoOp, NoOp, NoOp, NoOp];2
[Push(E,E), NoOp, NoOp, NoOp, NoOp];1
[Push(E,E), NoOp, NoOp, NoOp, NoOp];1
[Push(E,E), NoOp, NoOp, NoOp, NoOp];0
[Push(E,E), NoOp, NoOp, NoOp, NoOp];0
[NoOp, NoOp, NoOp, NoOp, NoOp];1
[Pull(W,N), NoOp, NoOp, NoOp, NoOp];1
[Pull(W,E), NoOp, NoOp, NoOp, NoOp];1
[Pull(W,E), NoOp, NoOp, NoOp, NoOp];1
[Pull(W,E), NoOp, NoOp, NoOp, NoOp];0
[Push(E,E), NoOp, NoOp, NoOp, NoOp];20
[Push(E,E), NoOp, NoOp, NoOp, NoOp];27
[Push(E,E), NoOp, NoOp, NoOp, NoOp];1
[NoOp, NoOp, NoOp, NoOp, NoOp];0
[Push(E,N), NoOp, NoOp, NoOp, NoOp];28
[Pull(W,E), NoOp, NoOp, NoOp, NoOp];1
[Pull(W,E), NoOp, NoOp, NoOp, NoOp];1
[Pull(W,E), NoOp, NoOp, NoOp, NoOp];4
[Pull(W,E), NoOp, NoOp, NoOp, NoOp];0
[Pull(W,E), NoOp, NoOp, NoOp, NoOp];1
[NoOp, NoOp, NoOp, NoOp, NoOp];0
[Push(W,W), NoOp, NoOp, NoOp, NoOp];4
[Push(W,W), NoOp, NoOp, NoOp, NoOp];1
[Move(E), NoOp, NoOp, NoOp, NoOp];1
[Move(E), NoOp, NoOp, NoOp, NoOp];0
[NoOp, NoOp, NoOp, NoOp, NoOp];0
[Pull(W,E), NoOp, NoOp, NoOp, NoOp];1
[Pull(W,E), NoOp, NoOp, NoOp, NoOp];0
[Push(E,E), NoOp, NoOp, NoOp, NoOp];4
[Push(E,E), NoOp, NoOp, NoOp, NoOp];2
[Move(W), NoOp, NoOp, NoOp, NoOp];1
[Move(W), NoOp, NoOp, NoOp, NoOp];10
[NoOp, NoOp, NoOp, NoOp, NoOp];0
[Pull(E,W), NoOp, NoOp, NoOp, NoOp];0
[Pull(E,W), NoOp, NoOp, NoOp, NoOp];0
[NoOp, NoOp, NoOp, NoOp, NoOp];0
[Push(E,E), NoOp, NoOp, NoOp, NoOp];0
[Push(E,E), NoOp, NoOp, NoOp, NoOp];1
[Push(E,E), NoOp, NoOp, NoOp, NoOp];1
[Push(E,E), NoOp, NoOp, NoOp, NoOp];1
[Push(E,E), NoOp, NoOp, NoOp, NoOp];1
[NoOp, NoOp, NoOp, NoOp, NoOp];1
[Pull(W,N), NoOp, NoOp, NoOp, NoOp];3
[Pull(W,E), NoOp, NoOp, NoOp, NoOp];1
[Pull(W,E), NoOp, NoOp, NoOp, NoOp];1
[Pull(W,E), NoOp, NoOp, NoOp, NoOp];1
[Pull(W,E), NoOp, NoOp, NoOp, NoOp];1
[Push(E,E), NoOp, NoOp, NoOp, NoOp];4
[Push(E,E), NoOp, NoOp, NoOp, NoOp];1
[Push(E,E), NoOp, NoOp, NoOp, NoOp];1
[Push(E,E), NoOp, NoOp, NoOp, NoOp];1
[NoOp, NoOp, NoOp, NoOp, NoOp];1
[Push(E,N), NoOp, NoOp, NoOp, NoOp];3
[Pull(W,E), NoOp, NoOp, NoOp, NoOp];1
[Pull(W,E), NoOp, NoOp, NoOp, NoOp];1
[Pull(W,E), NoOp, NoOp, NoOp, NoOp];1
[Pull(W,E), NoOp, NoOp, NoOp, NoOp];1
[Pull(W,E), NoOp, NoOp, NoOp, NoOp];1
[Push(E,E), NoOp, NoOp, NoOp, NoOp];4
[Push(E,E), NoOp, NoOp, NoOp, NoOp];1
[Push(E,E), NoOp, NoOp, NoOp, NoOp];1
[Push(E,E), NoOp, NoOp, NoOp, NoOp];1
[Push(E,E), NoOp, NoOp, NoOp, NoOp];0
[NoOp, NoOp, NoOp, NoOp, NoOp];1
[Pull(W,N), NoOp, NoOp, NoOp, NoOp];2
[Pull(W,E), NoOp, NoOp, NoOp, NoOp];1
[Pull(W,E), NoOp, NoOp, NoOp, NoOp];1
[Pull(W,E), NoOp, NoOp, NoOp, NoOp];1
[Push(E,E), NoOp, NoOp, NoOp, NoOp];35
[Push(E,E), NoOp, NoOp, NoOp, NoOp];1
[Push(E,E), NoOp, NoOp, NoOp, NoOp];1
[NoOp, NoOp, NoOp, NoOp, NoOp];6
[Push(E,N), NoOp, NoOp, NoOp, NoOp];40
[Pull(W,E), NoOp, NoOp, NoOp, NoOp];1
[Pull(W,E), NoOp, NoOp, NoOp, NoOp];1
[Pull(W,E), NoOp, NoOp, NoOp, NoOp];1
[Pull(W,E), NoOp, NoOp, NoOp, NoOp];1
[Pull(W,E), NoOp, NoOp, NoOp, NoOp];1
[NoOp, NoOp, NoOp, NoOp, NoOp];1
[Push(W,W), NoOp, NoOp, NoOp, NoOp];4
[Push(W,W), NoOp, NoOp, NoOp, NoOp];1
[Move(E), NoOp, NoOp, NoOp, NoOp];1
[Move(E), NoOp, NoOp, NoOp, NoOp];1
[NoOp, NoOp, NoOp, NoOp, NoOp];1
[Pull(W,E), NoOp, NoOp, NoOp, NoOp];2
[Pull(W,E), NoOp, NoOp, NoOp, NoOp];1
[Push(E,E), NoOp, NoOp, NoOp, NoOp];14
[Push(E,E), NoOp, NoOp, NoOp, NoOp];1
[Move(W), NoOp, NoOp, NoOp, NoOp];1
[Move(W), NoOp, NoOp, NoOp, NoOp];1
[NoOp, NoOp, NoOp, NoOp, NoOp];1
[Pull(E,W), NoOp, NoOp, NoOp, NoOp];7
[Pull(E,W), NoOp, NoOp, NoOp, NoOp];1
[NoOp, NoOp, NoOp, NoOp, NoOp];1
[Push(E,E), NoOp, NoOp, NoOp, NoOp];5
[Push(E,E), NoOp, NoOp, NoOp, NoOp];1
[Move(W), NoOp, NoOp, NoOp, NoOp];1
[Move(W), NoOp, NoOp, NoOp, NoOp];0
[NoOp, NoOp, NoOp, NoOp, NoOp];0
[Pull(E,W), NoOp, NoOp, NoOp, NoOp];1
[Pull(E,W), NoOp, NoOp, NoOp, NoOp];1
[Push(W,W), NoOp, NoOp, NoOp, NoOp];1
[Push(W,W), NoOp, NoOp, NoOp, NoOp];1
[Move(E), NoOp, NoOp, NoOp, NoOp];2
[Move(E), NoOp, NoOp, NoOp, NoOp];1
[NoOp, NoOp, NoOp, NoOp, NoOp];0
[Push(E,E), NoOp, NoOp, NoOp, NoOp];2
[Push(E,E), NoOp, NoOp, NoOp, NoOp];0
[Push(E,E), NoOp, NoOp, NoOp, NoOp];1
[NoOp, NoOp, NoOp, NoOp, NoOp];1
[Pull(W,N), NoOp, NoOp, NoOp, NoOp];1
[Pull(W,E), NoOp, NoOp, NoOp, NoOp];1
[Pull(W,E), NoOp, NoOp, NoOp, NoOp];0
[Pull(W,E), NoOp, NoOp, NoOp, NoOp];0
[Pull(W,E), NoOp, NoOp, NoOp, NoOp];1
[Push(E,E), NoOp, NoOp, NoOp, NoOp];2
[Push(E,E), NoOp, NoOp, NoOp, NoOp];1
[Push(E,E), NoOp, NoOp, NoOp, NoOp];1
[Push(E,E), NoOp, NoOp, NoOp, NoOp];0
[NoOp, NoOp, NoOp, NoOp, NoOp];1
[Push(E,N), NoOp, NoOp, NoOp, NoOp];1
[Pull(W,E), NoOp, NoOp, NoOp, NoOp];0
[Pull(W,E), NoOp, NoOp, NoOp, NoOp];1
[Pull(W,E), NoOp, NoOp, NoOp, NoOp];1
[Pull(W,E), NoOp, NoOp, NoOp, NoOp];0
[Pull(W,E), NoOp, NoOp, NoOp, NoOp];0
[Push(E,E), NoOp, NoOp, NoOp, NoOp];2
[Push(E,E), NoOp, NoOp, NoOp, NoOp];0
[Push(E,E), NoOp, NoOp, NoOp, NoOp];1
[Push(E,E), NoOp, NoOp, NoOp, NoOp];1
[Push(E,E), NoOp, NoOp, NoOp, NoOp];1
[NoOp, NoOp, NoOp, NoOp, NoOp];1
[Pull(W,N), NoOp, NoOp, NoOp, NoOp];2
[Pull(W,E), NoOp, NoOp, NoOp, NoOp];1
[Pull(W,E), NoOp, NoOp, NoOp, NoOp];1
[Pull(W,E), NoOp, NoOp, NoOp, NoOp];1
[Push(E,E), NoOp, NoOp, NoOp, NoOp];42
[Push(E,E), NoOp, NoOp, NoOp, NoOp];1
[Push(E,E), NoOp, NoOp, NoOp, NoOp];0
[NoOp, NoOp, NoOp, NoOp, NoOp];2
[Push(E,N), NoOp, NoOp, NoOp, NoOp];31
[Pull(W,E), NoOp, NoOp, NoOp, NoOp];0
[Pull(W,E), NoOp, NoOp, NoOp, NoOp];1
[Pull(W,E), NoOp, NoOp, NoOp, NoOp];1
[Pull(W,E), NoOp, NoOp, NoOp, NoOp];0
[Pull(W,E), NoOp, NoOp, NoOp, NoOp];0
[NoOp, NoOp, NoOp, NoOp, NoOp];1
[Push(W,W), NoOp, NoOp, NoOp, NoOp];5
[Push(W,W), NoOp, NoOp, NoOp, NoOp];1
[Move(E), NoOp, NoOp, NoOp, NoOp];1
[Move(E), NoOp, NoOp, NoOp, NoOp];1
[NoOp, NoOp, NoOp, NoOp, NoOp];1
[Pull(W,E), NoOp, NoOp, NoOp, NoOp];3
[Pull(W,E), NoOp, NoOp, NoOp, NoOp];2
[Push(E,E), NoOp, NoOp, NoOp, NoOp];3
[NoOp, NoOp, NoOp, NoOp, NoOp];2
[Push(E,E), NoOp, NoOp, NoOp, NoOp];5
[Move(W), NoOp, NoOp, NoOp, NoOp];1
[Move(W), NoOp, NoOp, NoOp, NoOp];1
[NoOp, NoOp, NoOp, NoOp, NoOp];1
[Pull(E,W), NoOp, NoOp, NoOp, NoOp];2
[Pull(E,W), NoOp, NoOp, NoOp, NoOp];1
[NoOp, NoOp, NoOp, NoOp, NoOp];4
[Push(E,E), NoOp, NoOp, NoOp, NoOp];4
[Push(E,E), NoOp, NoOp, NoOp, NoOp];1
[Push(E,E), NoOp, NoOp, NoOp, NoOp];1
[Push(E,E), NoOp, NoOp, NoOp, NoOp];1
[Push(E,E), NoOp, NoOp, NoOp, NoOp];1
[NoOp, NoOp, NoOp, NoOp, NoOp];0
[Pull(W,N), NoOp, NoOp, NoOp, NoOp];2
[Pull(W,E), NoOp, NoOp, NoOp, NoOp];1
[Pull(W,E), NoOp, NoOp, NoOp, NoOp];1
[Pull(W,E), NoOp, NoOp, NoOp, NoOp];1
[Pull(W,E), NoOp, NoOp, NoOp, NoOp];1
[Push(E,E), NoOp, NoOp, NoOp, NoOp];4
[Push(E,E), NoOp, NoOp, NoOp, NoOp];1
[Push(E,E), NoOp, NoOp, NoOp, NoOp];1
[Push(E,E), NoOp, NoOp, NoOp, NoOp];1
[NoOp, NoOp, NoOp, NoOp, NoOp];1
[Push(E,N), NoOp, NoOp, NoOp, NoOp];2
[Pull(W,E), NoOp, NoOp, NoOp, NoOp];4
[Pull(W,E), NoOp, NoOp, NoOp, NoOp];0
[Pull(W,E), NoOp, NoOp, NoOp, NoOp];0
[Pull(W,E), NoOp, NoOp, NoOp, NoOp];0
[Pull(W,E), NoOp, NoOp, NoOp, NoOp];3
[Push(E,E), NoOp, NoOp, NoOp, NoOp];3
[Push(E,E), NoOp, NoOp, NoOp, NoOp];0
[Push(E,E), NoOp, NoOp, NoOp, NoOp];0
[Push(E,E), NoOp, NoOp, NoOp, NoOp];0
[Push(E,E), NoOp, NoOp, NoOp, NoOp];0
[NoOp, NoOp, NoOp, NoOp, NoOp];0
[Pull(W,N), NoOp, NoOp, NoOp, NoOp];0
[Pull(W,E), NoOp, NoOp, NoOp, NoOp];1
[Pull(W,E), NoOp, NoOp, NoOp, NoOp];2
[Pull(W,E), NoOp, NoOp, NoOp, NoOp];2
[Push(E,E), NoOp, NoOp, NoOp, NoOp];26
[Push(E,E), NoOp, NoOp, NoOp, NoOp];1
[Push(E,E), NoOp, NoOp, NoOp, NoOp];0
[NoOp, NoOp, NoOp, NoOp, NoOp];0
[Push(E,N), NoOp, NoOp, NoOp, NoOp];26
[Pull(W,E), NoOp, NoOp, NoOp, NoOp];0
[Pull(W,E), NoOp, NoOp, NoOp, NoOp];1
[Pull(W,E), NoOp, NoOp, NoOp, NoOp];1
[Pull(W,E), NoOp, NoOp, NoOp, NoOp];0
[Pull(W,E), NoOp, NoOp, NoOp, NoOp];1
[NoOp, NoOp, NoOp, NoOp, NoOp];0
[Push(W,W), NoOp, NoOp, NoOp, NoOp];2
[Push(W,W), NoOp, NoOp, NoOp, NoOp];1
[Move(E), NoOp, NoOp, NoOp, NoOp];0
[Move(E), NoOp, NoOp, NoOp, NoOp];1
[NoOp, NoOp, NoOp, NoOp, NoOp];1
[Pull(W,E), NoOp, NoOp, NoOp, NoOp];1
[Pull(W,E), NoOp, NoOp, NoOp, NoOp];0
[Push(E,E), NoOp, NoOp, NoOp, NoOp];6
[NoOp, NoOp, NoOp, NoOp, NoOp];1
[Move(W), NoOp, NoOp, NoOp, NoOp];6
[NoOp, NoOp, NoOp, NoOp, NoOp];0
[Pull(E,W), NoOp, NoOp, NoOp, NoOp];8
[NoOp, NoOp, NoOp, NoOp, NoOp];1
[Push(E,E), NoOp, NoOp, NoOp, NoOp];9
[NoOp, NoOp, NoOp, NoOp, NoOp];1
[Move(W), NoOp, NoOp, NoOp, NoOp];5
[NoOp, NoOp, NoOp, NoOp, NoOp];0
[Pull(E,W), NoOp, NoOp, NoOp, NoOp];3
[NoOp, NoOp, NoOp, NoOp, NoOp];1
[Push(E,E), NoOp, NoOp, NoOp, NoOp];3
[Push(E,E), NoOp, NoOp, NoOp, NoOp];0
[Move(W), NoOp, NoOp, NoOp, NoOp];1
[Move(W), NoOp, NoOp, NoOp, NoOp];1
[NoOp, NoOp, NoOp, NoOp, NoOp];0
[Pull(E,W), NoOp, NoOp, NoOp, NoOp];1
[Pull(E,W), NoOp, NoOp, NoOp, NoOp];1
[Push(W,W), NoOp, NoOp, NoOp, NoOp];1
[Push(W,W), NoOp, NoOp, NoOp, NoOp];0
[Move(E), NoOp, NoOp, NoOp, NoOp];2
[Move(E), NoOp, NoOp, NoOp, NoOp];0
[NoOp, NoOp, NoOp, NoOp, NoOp];1
[Push(E,E), NoOp, NoOp, NoOp, NoOp];2
[Push(E,E), NoOp, NoOp, NoOp, NoOp];1
[Push(E,E), NoOp, NoOp, NoOp, NoOp];0
[NoOp, NoOp, NoOp, NoOp, NoOp];1
[Pull(W,N), NoOp, NoOp, NoOp, NoOp];1
[Pull(W,E), NoOp, NoOp, NoOp, NoOp];0
[Pull(W,E), NoOp, NoOp, NoOp, NoOp];1
[Pull(W,E), NoOp, NoOp, NoOp, NoOp];0
[Pull(W,E), NoOp, NoOp, NoOp, NoOp];1
[Push(E,E), NoOp, NoOp, NoOp, NoOp];2
[Push(E,E), NoOp, NoOp, NoOp, NoOp];1
[Push(E,E), NoOp, NoOp, NoOp, NoOp];1
[Push(E,E), NoOp, NoOp, NoOp, NoOp];0
[NoOp, NoOp, NoOp, NoOp, NoOp];0
[Push(E,N), NoOp, NoOp, NoOp, NoOp];2
[Pull(W,E), NoOp, NoOp, NoOp, NoOp];1
[Pull(W,E), NoOp, NoOp, NoOp, NoOp];1
[Pull(W,E), NoOp, NoOp, NoOp, NoOp];0
[Pull(W,E), NoOp, NoOp, NoOp, NoOp];1
[Pull(W,E), NoOp, NoOp, NoOp, NoOp];2
[Push(E,E), NoOp, NoOp, NoOp, NoOp];3
[Push(E,E), NoOp, NoOp, NoOp, NoOp];4
[Push(E,E), NoOp, NoOp, NoOp, NoOp];1
[Push(E,E), NoOp, NoOp, NoOp, NoOp];1
[Push(E,E), NoOp, NoOp, NoOp, NoOp];1
[NoOp, NoOp, NoOp, NoOp, NoOp];0
[Pull(W,N), NoOp, NoOp, NoOp, NoOp];2
[Pull(W,E), NoOp, NoOp, NoOp, NoOp];1
[Pull(W,E), NoOp, NoOp, NoOp, NoOp];1
[Pull(W,E), NoOp, NoOp, NoOp, NoOp];1
[Push(E,E), NoOp, NoOp, NoOp, NoOp];38
[Push(E,E), NoOp, NoOp, NoOp, NoOp];0
[Push(E,E), NoOp, NoOp, NoOp, NoOp];1
[NoOp, NoOp, NoOp, NoOp, NoOp];1
[Push(E,N), NoOp, NoOp, NoOp, NoOp];36
[Pull(W,E), NoOp, NoOp, NoOp, NoOp];1
[Pull(W,E), NoOp, NoOp, NoOp, NoOp];1
[Pull(W,E), NoOp, NoOp, NoOp, NoOp];1
[Pull(W,E), NoOp, NoOp, NoOp, NoOp];1
[Pull(W,E), NoOp, NoOp, NoOp, NoOp];2
[NoOp, NoOp, NoOp, NoOp, NoOp];1
[Push(W,W), NoOp, NoOp, NoOp, NoOp];5
[Push(W,W), NoOp, NoOp, NoOp, NoOp];1
[Move(E), NoOp, NoOp, NoOp, NoOp];1
[Move(E), NoOp, NoOp, NoOp, NoOp];1
[NoOp, NoOp, NoOp, NoOp, NoOp];1
[Pull(W,E), NoOp, NoOp, NoOp, NoOp];1
[Pull(W,E), NoOp, NoOp, NoOp, NoOp];1
[Push(E,E), NoOp, NoOp, NoOp, NoOp];5
[NoOp, NoOp, NoOp, NoOp, NoOp];1
[Push(E,E), NoOp, NoOp, NoOp, NoOp];3
[Move(W), NoOp, NoOp, NoOp, NoOp];1
[Move(W), NoOp, NoOp, NoOp, NoOp];1
[NoOp, NoOp, NoOp, NoOp, NoOp];1
[Pull(E,W), NoOp, NoOp, NoOp, NoOp];1
[Pull(E,W), NoOp, NoOp, NoOp, NoOp];1
[NoOp, NoOp, NoOp, NoOp, NoOp];4
[Push(E,E), NoOp, NoOp, NoOp, NoOp];4
[Push(E,E), NoOp, NoOp, NoOp, NoOp];0
[Push(E,E), NoOp, NoOp, NoOp, NoOp];1
[Push(E,E), NoOp, NoOp, NoOp, NoOp];1
[Push(E,E), NoOp, NoOp, NoOp, NoOp];1
[NoOp, NoOp, NoOp, NoOp, NoOp];1
[Pull(W,N), NoOp, NoOp, NoOp, NoOp];2
[Pull(W,E), NoOp, NoOp, NoOp, NoOp];1
[Pull(W,E), NoOp, NoOp, NoOp, NoOp];1
[Pull(W,E), NoOp, NoOp, NoOp, NoOp];1
[Pull(W,E), NoOp, NoOp, NoOp, NoOp];1
[Push(E,E), NoOp, NoOp, NoOp, NoOp];8
[Push(E,E), NoOp, NoOp, NoOp, NoOp];1
[Push(E,E), NoOp, NoOp, NoOp, NoOp];1
[Push(E,E), NoOp, NoOp, NoOp, NoOp];1
[NoOp, NoOp, NoOp, NoOp, NoOp];3
[Push(E,N), NoOp, NoOp, NoOp, NoOp];2
[Pull(W,E), NoOp, NoOp, NoOp, NoOp];1
[Pull(W,E), NoOp, NoOp, NoOp, NoOp];1
[Pull(W,E), NoOp, NoOp, NoOp, NoOp];1
[Pull(W,E), NoOp, NoOp, NoOp, NoOp];1
[Pull(W,E), NoOp, NoOp, NoOp, NoOp];4
[Push(E,E), NoOp, NoOp, NoOp, NoOp];2
[Push(E,E), NoOp, NoOp, NoOp, NoOp];0
[Push(E,E), NoOp, NoOp, NoOp, NoOp];0
[Push(E,E), NoOp, NoOp, NoOp, NoOp];1
[Push(E,E), NoOp, NoOp, NoOp, NoOp];1
[NoOp, NoOp, NoOp, NoOp, NoOp];1
[Pull(W,N), NoOp, NoOp, NoOp, NoOp];5
[Pull(W,E), NoOp, NoOp, NoOp, NoOp];0
[Pull(W,E), NoOp, NoOp, NoOp, NoOp];1
[Pull(W,E), NoOp, NoOp, NoOp, NoOp];1
[Push(E,E), NoOp, NoOp, NoOp, NoOp];24
[Push(E,E), NoOp, NoOp, NoOp, NoOp];1
[Push(E,E), NoOp, NoOp, NoOp, NoOp];0
[NoOp, NoOp, NoOp, NoOp, NoOp];0
[Push(E,N), NoOp, NoOp, NoOp, NoOp];19
[Pull(W,E), NoOp, NoOp, NoOp, NoOp];1
[Pull(W,E), NoOp, NoOp, NoOp, NoOp];0
[Pull(W,E), NoOp, NoOp, NoOp, NoOp];1
[Pull(W,E), NoOp, NoOp, NoOp, NoOp];1
[Pull(W,E), NoOp, NoOp, NoOp, NoOp];0
[NoOp, NoOp, NoOp, NoOp, NoOp];0
[Push(W,W), NoOp, NoOp, NoOp, NoOp];4
[Push(W,W), NoOp, NoOp, NoOp, NoOp];1
[Move(E), NoOp, NoOp, NoOp, NoOp];1
[Move(E), NoOp, NoOp, NoOp, NoOp];1
[NoOp, NoOp, NoOp, NoOp, NoOp];1
[Pull(W,E), NoOp, NoOp, NoOp, NoOp];2
[Pull(W,E), NoOp, NoOp, NoOp, NoOp];1
[Push(E,E), NoOp, NoOp, NoOp, NoOp];13
[NoOp, NoOp, NoOp, NoOp, NoOp];1
[Push(E,E), NoOp, NoOp, NoOp, NoOp];12
[Move(W), NoOp, NoOp, NoOp, NoOp];1
[Move(W), NoOp, NoOp, NoOp, NoOp];2
[NoOp, NoOp, NoOp, NoOp, NoOp];1
[Pull(E,W), NoOp, NoOp, NoOp, NoOp];7
[Pull(E,W), NoOp, NoOp, NoOp, NoOp];1
[NoOp, NoOp, NoOp, NoOp, NoOp];1
[Push(E,E), NoOp, NoOp, NoOp, NoOp];5
[Push(E,E), NoOp, NoOp, NoOp, NoOp];9
[Move(W), NoOp, NoOp, NoOp, NoOp];0
[Move(W), NoOp, NoOp, NoOp, NoOp];0
[NoOp, NoOp, NoOp, NoOp, NoOp];0
[Pull(E,W), NoOp, NoOp, NoOp, NoOp];0
[Pull(E,W), NoOp, NoOp, NoOp, NoOp];0
[Push(W,W), NoOp, NoOp, NoOp, NoOp];0
[Push(W,W), NoOp, NoOp, NoOp, NoOp];1
[Move(E), NoOp, NoOp, NoOp, NoOp];8
[Move(E), NoOp, NoOp, NoOp, NoOp];0
[NoOp, NoOp, NoOp, NoOp, NoOp];3
[Push(E,E), NoOp, NoOp, NoOp, NoOp];3
[Push(E,E), NoOp, NoOp, NoOp, NoOp];0
[Push(E,E), NoOp, NoOp, NoOp, NoOp];0
[NoOp, NoOp, NoOp, NoOp, NoOp];1
[Pull(W,N), NoOp, NoOp, NoOp, NoOp];1
[Pull(W,E), NoOp, NoOp, NoOp, NoOp];6
[Pull(W,E), NoOp, NoOp, NoOp, NoOp];0
[Pull(W,E), NoOp, NoOp, NoOp, NoOp];1
[Pull(W,E), NoOp, NoOp, NoOp, NoOp];2
[Push(E,E), NoOp, NoOp, NoOp, NoOp];4
[Push(E,E), NoOp, NoOp, NoOp, NoOp];1
[Push(E,E), NoOp, NoOp, NoOp, NoOp];3
[Push(E,E), NoOp, NoOp, NoOp, NoOp];1
[NoOp, NoOp, NoOp, NoOp, NoOp];1
[Push(E,N), NoOp, NoOp, NoOp, NoOp];3
[Pull(W,E), NoOp, NoOp, NoOp, NoOp];0
[Pull(W,E), NoOp, NoOp, NoOp, NoOp];0
[Pull(W,E), NoOp, NoOp, NoOp, NoOp];1
[Pull(W,E), NoOp, NoOp, NoOp, NoOp];1
[Pull(W,E), NoOp, NoOp, NoOp, NoOp];1
[Push(E,E), NoOp, NoOp, NoOp, NoOp];4
[Push(E,E), NoOp, NoOp, NoOp, NoOp];1
[Push(E,E), NoOp, NoOp, NoOp, NoOp];0
[Push(E,E), NoOp, NoOp, NoOp, NoOp];0
[Push(E,E), NoOp, NoOp, NoOp, NoOp];0
[NoOp, NoOp, NoOp, NoOp, NoOp];0
[Pull(W,N), NoOp, NoOp, NoOp, NoOp];0
[Pull(W,E), NoOp, NoOp, NoOp, NoOp];0
[Pull(W,E), NoOp, NoOp, NoOp, NoOp];0
[Pull(W,E), NoOp, NoOp, NoOp, NoOp];1
[Push(E,E), NoOp, NoOp, NoOp, NoOp];36
[Push(E,E), NoOp, NoOp, NoOp, NoOp];1
[Push(E,E), NoOp, NoOp, NoOp, NoOp];0
[NoOp, NoOp, NoOp, NoOp, NoOp];0
[Push(E,N), NoOp, NoOp, NoOp, NoOp];0
[Pull(W,E), NoOp, NoOp, NoOp, NoOp];0
[Pull(W,E), NoOp, NoOp, NoOp, NoOp];0
[Pull(W,E), NoOp, NoOp, NoOp, NoOp];0
[Pull(W,E), NoOp, NoOp, NoOp, NoOp];0
[Pull(W,E), NoOp, NoOp, NoOp, NoOp];0
[NoOp, NoOp, NoOp, NoOp, NoOp];0
[Push(W,W), NoOp, NoOp, NoOp, NoOp];0
[Push(W,W), NoOp, NoOp, NoOp, NoOp];0
[Move(E), NoOp, NoOp, NoOp, NoOp];0
[Move(E), NoOp, NoOp, NoOp, NoOp];0
[NoOp, NoOp, NoOp, NoOp, NoOp];0
[Pull(W,E), NoOp, NoOp, NoOp, NoOp];0
[Pull(W,E), NoOp, NoOp, NoOp, NoOp];0
[Push(E,E), NoOp, NoOp, NoOp, NoOp];0
[NoOp, NoOp, NoOp, NoOp, NoOp];0
[Push(E,E), NoOp, NoOp, NoOp, NoOp];0
[Move(W), NoOp, NoOp, NoOp, NoOp];0
[Move(W), NoOp, NoOp, NoOp, NoOp];0
[NoOp, NoOp, NoOp, NoOp, NoOp];0
[Pull(E,W), NoOp, NoOp, NoOp, NoOp];0
[Pull(E,W), NoOp, NoOp, NoOp, NoOp];0
[NoOp, NoOp, NoOp, NoOp, NoOp];0
[Push(E,E), NoOp, NoOp, NoOp, NoOp];0
[Push(E,E), NoOp, NoOp, NoOp, NoOp];0
[Push(E,E), NoOp, NoOp, NoOp, NoOp];0
[Push(E,E), NoOp, NoOp, NoOp, NoOp];0
[Push(E,E), NoOp, NoOp, NoOp, NoOp];0
[NoOp, NoOp, NoOp, NoOp, NoOp];0
[Pull(W,N), NoOp, NoOp, NoOp, NoOp];0
[Pull(W,E), NoOp, NoOp, NoOp, NoOp];0
[Pull(W,E), NoOp, NoOp, NoOp, NoOp];0
[Pull(W,E), NoOp, NoOp, NoOp, NoOp];0
[Pull(W,E), NoOp, NoOp, NoOp, NoOp];0
[Push(E,E), NoOp, NoOp, NoOp, NoOp];0
[Push(E,E), NoOp, NoOp, NoOp, NoOp];0
[Push(E,E), NoOp, NoOp, NoOp, NoOp];0
[Push(E,E), NoOp, NoOp, NoOp, NoOp];0
[NoOp, NoOp, NoOp, NoOp, NoOp];0
[Push(E,N), NoOp, NoOp, NoOp, NoOp];0
[Pull(W,E), NoOp, NoOp, NoOp, NoOp];0
[Pull(W,E), NoOp, NoOp, NoOp, NoOp];0
[Pull(W,E), NoOp, NoOp, NoOp, NoOp];0
[Pull(W,E), NoOp, NoOp, NoOp, NoOp];0
[Pull(W,E), NoOp, NoOp, NoOp, NoOp];0
[Push(E,E), NoOp, NoOp, NoOp, NoOp];0
[Push(E,E), NoOp, NoOp, NoOp, NoOp];0
[Push(E,E), NoOp, NoOp, NoOp, NoOp];0
[Push(E,E), NoOp, NoOp, NoOp, NoOp];0
[Push(E,E), NoOp, NoOp, NoOp, NoOp];0
[NoOp, NoOp, NoOp, NoOp, NoOp];0
[Pull(W,N), NoOp, NoOp, NoOp, NoOp];0
[Pull(W,E), NoOp, NoOp, NoOp, NoOp];0
[Pull(W,E), NoOp, NoOp, NoOp, NoOp];0
[Pull(W,E), NoOp, NoOp, NoOp, NoOp];0
[Push(E,E), NoOp, NoOp, NoOp, NoOp];0
[Push(E,E), NoOp, NoOp, NoOp, NoOp];0
[Push(E,E), NoOp, NoOp, NoOp, NoOp];0
[NoOp, NoOp, NoOp, NoOp, NoOp];0
[Push(E,N), NoOp, NoOp, NoOp, NoOp];0
[Pull(W,E), NoOp, NoOp, NoOp, NoOp];0
[Pull(W,E), NoOp, NoOp, NoOp, NoOp];0
[Pull(W,E), NoOp, NoOp, NoOp, NoOp];0
[Pull(W,E), NoOp, NoOp, NoOp, NoOp];0
[Pull(W,E), NoOp, NoOp, NoOp, NoOp];0
[NoOp, NoOp, NoOp, NoOp, NoOp];0
[Push(W,W), NoOp, NoOp, NoOp, NoOp];0
[Push(W,W), NoOp, NoOp, NoOp, NoOp];0
[Move(E), NoOp, NoOp, NoOp, NoOp];0
[Move(E), NoOp, NoOp, NoOp, NoOp];0
[NoOp, NoOp, NoOp, NoOp, NoOp];0
[Pull(W,E), NoOp, NoOp, NoOp, NoOp];0
[Pull(W,E), NoOp, NoOp, NoOp, NoOp];0
[Push(E,E), NoOp, NoOp, NoOp, NoOp];0
[Push(E,E), NoOp, NoOp, NoOp, NoOp];0
[Move(W), NoOp, NoOp, NoOp, NoOp];0
[Move(W), NoOp, NoOp, NoOp, NoOp];0
[NoOp, NoOp, NoOp, NoOp, NoOp];0
[Pull(E,W), NoOp, NoOp, NoOp, NoOp];0
[Pull(E,W), NoOp, NoOp, NoOp, NoOp];0
[NoOp, NoOp, NoOp, NoOp, NoOp];0
[Push(E,E), NoOp, NoOp, NoOp, NoOp];0
[Push(E,E), NoOp, NoOp, NoOp, NoOp];0
[Move(W), NoOp, NoOp, NoOp, NoOp];0
[Move(W), NoOp, NoOp, NoOp, NoOp];0
[NoOp, NoOp, NoOp, NoOp, NoOp];0
[Pull(E,W), NoOp, NoOp, NoOp, NoOp];0
[Pull(E,W), NoOp, NoOp, NoOp, NoOp];0
[Push(W,W), NoOp, NoOp, NoOp, NoOp];0
[Push(W,W), NoOp, NoOp, NoOp, NoOp];0
[Move(E), NoOp, NoOp, NoOp, NoOp];0
[Move(E), NoOp, NoOp, NoOp, NoOp];0
[NoOp, NoOp, NoOp, NoOp, NoOp];0
[Push(E,E), NoOp, NoOp, NoOp, NoOp];0
[Push(E,E), NoOp, NoOp, NoOp, NoOp];0
[Push(E,E), NoOp, NoOp, NoOp, NoOp];0
[NoOp, NoOp, NoOp, NoOp, NoOp];0
[Pull(W,N), NoOp, NoOp, NoOp, NoOp];0
[Pull(W,E), NoOp, NoOp, NoOp, NoOp];1
[Pull(W,E), NoOp, NoOp, NoOp, NoOp];0
[Pull(W,E), NoOp, NoOp, NoOp, NoOp];0
[Pull(W,E), NoOp, NoOp, NoOp, NoOp];0
[Push(E,E), NoOp, NoOp, NoOp, NoOp];0
[Push(E,E), NoOp, NoOp, NoOp, NoOp];0
[Push(E,E), NoOp, NoOp, NoOp, NoOp];0
[Push(E,E), NoOp, NoOp, NoOp, NoOp];0
[NoOp, NoOp, NoOp, NoOp, NoOp];0
[Push(E,N), NoOp, NoOp, NoOp, NoOp];0
[Pull(W,E), NoOp, NoOp, NoOp, NoOp];0
[Pull(W,E), NoOp, NoOp, NoOp, NoOp];0
[Pull(W,E), NoOp, NoOp, NoOp, NoOp];0
[Pull(W,E), NoOp, NoOp, NoOp, NoOp];0
[Pull(W,E), NoOp, NoOp, NoOp, NoOp];0
[Push(E,E), NoOp, NoOp, NoOp, NoOp];0
[Push(E,E), NoOp, NoOp, NoOp, NoOp];0
[Push(E,E), NoOp, NoOp, NoOp, NoOp];0
[Push(E,E), NoOp, NoOp, NoOp, NoOp];0
[Push(E,E), NoOp, NoOp, NoOp, NoOp];0
[NoOp, NoOp, NoOp, NoOp, NoOp];0
[Pull(W,N), NoOp, NoOp, NoOp, NoOp];0
[Pull(W,E), NoOp, NoOp, NoOp, NoOp];0
[Pull(W,E), NoOp, NoOp, NoOp, NoOp];0
[Pull(W,E), NoOp, NoOp, NoOp, NoOp];0
[Push(E,E), NoOp, NoOp, NoOp, NoOp];0
[Push(E,E), NoOp, NoOp, NoOp, NoOp];0
[Push(E,E), NoOp, NoOp, NoOp, NoOp];0
[NoOp, NoOp, NoOp, NoOp, NoOp];0
[Push(E,N), NoOp, NoOp, NoOp, NoOp];0
[Pull(W,E), NoOp, NoOp, NoOp, NoOp];0
[Pull(W,E), NoOp, NoOp, NoOp, NoOp];0
[Pull(W,E), NoOp, NoOp, NoOp, NoOp];0
[Pull(W,E), NoOp, NoOp, NoOp, NoOp];0
[Pull(W,E), NoOp, NoOp, NoOp, NoOp];0
[NoOp, NoOp, NoOp, NoOp, NoOp];0
[Push(W,W), NoOp, NoOp, NoOp, NoOp];0
[Push(W,W), NoOp, NoOp, NoOp, NoOp];0
[Move(E), NoOp, NoOp, NoOp, NoOp];0
[Move(E), NoOp, NoOp, NoOp, NoOp];0
[NoOp, NoOp, NoOp, NoOp, NoOp];0
[Pull(W,E), NoOp, NoOp, NoOp, NoOp];0
[Pull(W,E), NoOp, NoOp, NoOp, NoOp];0
[Push(E,E), NoOp, NoOp, NoOp, NoOp];0
[Push(E,E), NoOp, NoOp, NoOp, NoOp];0
[Move(W), NoOp, NoOp, NoOp, NoOp];0
[Move(W), NoOp, NoOp, NoOp, NoOp];0
[NoOp, NoOp, NoOp, NoOp, NoOp];0
[Pull(E,W), NoOp, NoOp, NoOp, NoOp];0
[Pull(E,W), NoOp, NoOp, NoOp, NoOp];0
[NoOp, NoOp, NoOp, NoOp, NoOp];0
[Push(E,E), NoOp, NoOp, NoOp, NoOp];0
[Push(E,E), NoOp, NoOp, NoOp, NoOp];0
[Push(E,E), NoOp, NoOp, NoOp, NoOp];0
[Push(E,E), NoOp, NoOp, NoOp, NoOp];0
[Push(E,E), NoOp, NoOp, NoOp, NoOp];0
[NoOp, NoOp, NoOp, NoOp, NoOp];0
[Pull(W,N), NoOp, NoOp, NoOp, NoOp];0
[Pull(W,E), NoOp, NoOp, NoOp, NoOp];0
[Pull(W,E), NoOp, NoOp, NoOp, NoOp];0
[Pull(W,E), NoOp, NoOp, NoOp, NoOp];0
[Pull(W,E), NoOp, NoOp, NoOp, NoOp];0
[Push(E,E), NoOp, NoOp, NoOp, NoOp];0
[Push(E,E), NoOp, NoOp, NoOp, NoOp];0
[Push(E,E), NoOp, NoOp, NoOp, NoOp];0
[Push(E,E), NoOp, NoOp, NoOp, NoOp];0
[NoOp, NoOp, NoOp, NoOp, NoOp];0
[Push(E,N), NoOp, NoOp, NoOp, NoOp];0
622a1f41234b9775d02167d502dd2731f9671643
unsuccessful
48596
2281
2a66cd15086e850b0e2c0210058a7702618c9b62
1495037191144
