blue: 0,A,E,J,K,L,F,B,C,D,G,N,H,I,M
+++++++++++++++++++++++++
+  G                A g +
+ b H         h       B +
+  I     a++++      C i +
+         ++++          +
+ d J     ++++    0 D j +
+  K     c++++k      E  +
+ f L    e++++      F l +
+                       +
+  M                 N  +
+  +++++++++++++++++++  +
+          mn           +
+++++++++++++++++++++++++

[Move(W)];589
[Move(N)];0
[Move(W)];0
[Move(N)];0
[Move(N)];0
[Move(W)];0
[Move(W)];1
[Move(W)];0
[Move(W)];0
[Move(W)];0
[Move(W)];0
[Move(W)];0
[Move(W)];0
[Move(S)];1
[Move(W)];0
[Move(W)];0
[Move(S)];0
[Move(W)];0
[Move(S)];1
[Pull(E,W)];0
[Pull(S,W)];0
[Pull(S,N)];0
[Pull(E,N)];1
[Pull(E,W)];0
[Pull(E,W)];0
[Pull(S,W)];0
[Pull(E,N)];0
[Pull(S,W)];1
[Push(N,E)];0
[Push(E,E)];0
[Push(E,E)];0
[Push(E,E)];0
[Push(E,E)];0
[Push(E,E)];0
[Push(E,E)];0
[Push(E,E)];0
[Push(E,E)];0
[Push(E,E)];0
[Push(E,E)];0
[Push(E,E)];0
[Push(E,N)];0
[Push(N,N)];0
[Push(N,N)];1
[NoOp];0
[Move(S)];43
[Move(S)];0
[Move(W)];0
[Move(W)];1
[Move(W)];0
[Move(W)];0
[Move(W)];0
[Move(W)];0
[Move(W)];0
[Move(W)];0
[Move(W)];0
[Move(W)];0
[Move(W)];0
[Move(W)];0
[Move(W)];0
[Move(W)];0
[Move(W)];0
[Move(W)];0
[Move(W)];0
[Move(N)];0
[Pull(E,W)];0
[Pull(S,W)];0
[Pull(E,N)];0
[Pull(E,W)];0
[Pull(E,W)];0
[Pull(E,W)];0
[Pull(E,W)];0
[Pull(E,W)];0
[Pull(E,W)];0
[Pull(E,W)];0
[Pull(E,W)];0
[Pull(E,W)];1
[Pull(E,W)];0
[Pull(E,W)];0
[Pull(N,W)];0
[Push(S,E)];0
[Push(E,E)];0
[Push(E,E)];0
[Push(E,E)];0
[Push(E,N)];0
[NoOp];0
[Move(W)];22
[Move(W)];0
[Move(W)];0
[Move(W)];0
[Move(W)];0
[Move(W)];0
[Move(W)];0
[Move(W)];0
[Move(W)];0
[Move(W)];0
[Move(W)];0
[Move(W)];0
[Move(W)];0
[Move(N)];0
[Move(W)];0
[Move(W)];0
[Move(W)];0
[Move(W)];0
[Move(W)];0
[Move(N)];0
[Move(N)];0
[Move(N)];0
[Move(N)];0
[Pull(E,W)];0
[Pull(E,W)];0
[Pull(N,W)];1
[Pull(N,S)];0
[Push(S,E)];0
[Push(E,E)];0
[Push(E,E)];0
[Push(E,E)];0
[Push(E,E)];0
[Push(E,E)];0
[Push(E,E)];2
[Push(E,E)];0
[Push(E,E)];0
[Push(E,E)];0
[Push(E,E)];0
[Push(E,E)];1
[Push(E,E)];0
[Push(E,E)];0
[Push(E,E)];0
[Push(E,S)];0
[Push(S,E)];0
[NoOp];0
[Move(N)];43
[Move(W)];0
[Move(W)];0
[Move(W)];0
[Move(N)];0
[Move(W)];0
[Move(W)];0
[Move(W)];0
[Move(W)];0
[Move(W)];0
[Move(W)];0
[Move(W)];0
[Move(W)];0
[Move(W)];1
[Move(W)];0
[Move(W)];0
[Move(W)];0
[Move(W)];0
[Move(W)];0
[Pull(E,W)];1
[Pull(E,W)];0
[Pull(S,W)];0
[Push(N,E)];0
[Push(E,E)];0
[Push(E,E)];0
[Push(E,E)];0
[Push(E,E)];0
[Push(E,E)];0
[Push(E,E)];0
[Push(E,E)];0
[Push(E,E)];0
[Push(E,E)];0
[Push(E,E)];0
[Push(E,E)];0
[Push(E,E)];0
[Push(E,S)];6
[Push(S,E)];0
[Push(E,E)];0
[Push(E,N)];0
[Push(N,E)];1
[NoOp];0
[Move(S)];11
[Move(W)];0
[Move(W)];0
[Move(W)];0
[Move(W)];0
[Move(W)];0
[Move(W)];0
[Move(W)];0
[Move(W)];0
[Move(W)];0
[Move(W)];0
[Move(W)];0
[Move(W)];0
[Move(W)];0
[Move(W)];0
[Move(W)];0
[Move(W)];0
[Pull(E,W)];0
[Pull(E,W)];0
[Pull(N,W)];0
[Push(S,E)];0
[Push(E,E)];0
[Push(E,E)];0
[Push(E,E)];0
[Push(E,E)];0
[Push(E,E)];0
[Push(E,E)];0
[NoOp];0
[Move(W)];33
[Move(W)];0
[Move(W)];1
[Move(W)];0
[Move(W)];0
[Move(W)];1
[Move(W)];0
[Move(S)];0
[Move(W)];0
[Move(W)];0
[Move(S)];0
[Move(S)];0
[Move(S)];0
[Pull(E,W)];6
[Pull(E,W)];0
[Pull(S,W)];0
[Pull(E,N)];0
[Pull(S,W)];0
[Pull(S,N)];0
[Push(N,E)];0
[Push(E,E)];0
[Push(E,E)];0
[Push(E,E)];0
[Push(E,E)];0
[Push(E,E)];0
[Push(E,E)];0
[Push(E,N)];0
[Push(N,N)];0
[NoOp];0
[Move(E)];17
[Move(E)];0
[Move(E)];0
[Move(N)];0
[Move(E)];0
[Move(E)];0
[Move(E)];0
[Pull(W,E)];0
[Pull(W,E)];0
[Pull(S,E)];0
[Pull(S,N)];0
[Pull(S,N)];0
[Push(N,W)];0
[Push(W,W)];0
[Push(W,W)];1
[Push(W,W)];0
[Push(W,W)];0
[Push(W,W)];0
[Push(W,W)];0
[Push(W,W)];0
[Push(W,W)];0
[Push(W,N)];0
[NoOp];0
[Move(E)];45
[Move(E)];0
[Move(E)];0
[Move(E)];0
[Move(E)];0
[Move(N)];0
[Move(E)];0
[Move(N)];1
[Move(N)];0
[Move(N)];0
[Move(N)];0
[Move(E)];1
[Move(E)];0
[Move(E)];0
[Move(E)];0
[Pull(N,E)];1
[Pull(W,S)];0
[Pull(W,E)];0
[Pull(W,E)];0
[Pull(W,E)];0
[Pull(N,E)];0
[Pull(W,S)];0
[Pull(W,E)];0
[Pull(S,E)];0
[Pull(W,N)];0
[Pull(W,E)];0
[Pull(W,E)];0
[Pull(N,E)];0
[Push(S,W)];0
[Push(W,S)];0
[Push(S,S)];0
[Push(S,S)];0
[Push(S,S)];0
[NoOp];0
[Move(N)];17
[Move(N)];0
[Move(N)];0
[Move(E)];0
[Move(E)];0
[Move(N)];0
[Move(E)];0
[Move(E)];0
[Move(E)];0
[Move(E)];1
[Move(E)];0
[Move(E)];0
[Move(E)];0
[Move(E)];0
[Pull(S,E)];0
[Push(N,W)];0
[Push(W,W)];0
[Push(W,W)];0
[Push(W,W)];0
[Push(W,W)];0
[Push(W,W)];0
[Push(W,W)];0
[Push(W,S)];0
[Push(S,W)];0
[Push(W,W)];0
[Push(W,W)];0
[Push(W,S)];0
[NoOp];0
[Move(E)];36
[Move(E)];0
[Move(E)];0
[Move(E)];0
[Move(N)];0
[Move(E)];0
[Move(E)];0
[Move(S)];1
[Move(E)];0
[Move(E)];0
[Move(E)];0
[Move(E)];0
[Move(E)];0
[Move(E)];0
[Pull(W,E)];0
[Pull(S,E)];0
[Push(N,W)];0
[Push(W,W)];0
[Push(W,W)];0
[Push(W,W)];0
[Push(W,W)];0
[Push(W,N)];0
[Push(N,W)];0
[Push(W,W)];0
[Push(W,W)];0
[Push(W,S)];0
[Push(S,W)];0
[Push(W,W)];0
[Push(W,W)];0
[Push(W,W)];0
[Push(W,W)];0
[Push(W,W)];0
[Push(W,W)];0
[Push(W,W)];0
[Push(W,W)];0
[Push(W,W)];0
[NoOp];0
[Move(E)];37
[Move(E)];0
[Move(E)];0
[Move(E)];0
[Move(E)];0
[Move(E)];0
[Move(E)];0
[Move(E)];0
[Move(E)];0
[Move(E)];0
[Move(N)];0
[Move(E)];0
[Move(E)];0
[Move(E)];0
[Move(S)];0
[Move(E)];0
[Move(E)];0
[Move(E)];0
[Move(S)];0
[Move(E)];0
[Move(S)];0
[Push(S,W)];0
[Push(W,S)];0
[Push(S,S)];0
[Push(S,W)];0
[Push(W,W)];0
[Push(W,W)];0
[Push(W,W)];0
[Push(W,W)];0
[Push(W,S)];0
[Push(S,W)];0
[Push(W,W)];0
[Push(W,W)];0
[Push(W,W)];0
[Push(W,W)];0
[Push(W,W)];0
[Push(W,W)];0
[Push(W,W)];0
[Push(W,W)];0
[Push(W,W)];0
[Push(W,N)];0
[Push(N,W)];0
[Push(W,N)];0
[Push(N,N)];0
[Push(N,W)];0
[NoOp];0
[Move(S)];29
[Move(E)];0
[Move(E)];0
[Move(E)];0
[Move(E)];0
[Move(S)];0
[Move(E)];0
[Move(S)];0
[Move(E)];0
[Move(E)];0
[Move(E)];0
[Move(E)];0
[Move(E)];0
[Move(E)];0
[Move(E)];0
[Move(N)];0
[Move(E)];0
[Move(E)];0
[Move(E)];0
[Move(E)];0
[Pull(W,E)];0
[Pull(W,E)];0
[Pull(S,E)];0
[Pull(W,N)];0
[Pull(W,E)];0
[Pull(W,E)];0
[Pull(W,E)];0
[Pull(W,E)];0
[Pull(W,E)];0
[Pull(W,E)];0
[Pull(W,E)];0
[Pull(W,E)];0
[Pull(W,E)];0
[Pull(N,E)];0
[Push(S,W)];0
[Push(W,N)];0
[Push(N,W)];0
[Push(W,W)];0
[Push(W,W)];0
[Push(W,W)];0
[NoOp];0
[Move(S)];0
[Push(S,W)];0
[Push(W,S)];0
[Push(S,S)];0
[Push(S,E)];0
[Push(E,E)];0
[Push(E,E)];0
[Push(E,E)];0
[Push(E,E)];0
[Push(E,E)];0
[Push(E,E)];0
[Push(E,E)];0
[Push(E,E)];0
[NoOp];0
[Move(W)];3
[Move(W)];1
[Move(W)];0
[Move(W)];0
[Move(W)];0
[Move(W)];0
[Move(W)];0
[Move(W)];0
[Move(N)];0
[Move(N)];0
[Move(E)];0
[Move(E)];0
[Move(E)];0
[Move(E)];0
[Move(E)];0
[Move(E)];0
[Move(E)];0
[Move(E)];0
[Move(E)];0
[Move(E)];0
[Move(E)];0
[Move(E)];0
[Move(E)];0
[Move(E)];0
[Move(E)];0
[Move(E)];0
[Move(E)];0
[Move(E)];0
[Push(E,E)];0
[Push(E,S)];0
[Push(S,S)];0
[Push(S,W)];0
[Push(W,W)];0
[Push(W,W)];0
[Push(W,W)];0
[Push(W,W)];0
[Push(W,W)];0
[Push(W,W)];0
[Push(W,W)];0
[Push(W,W)];0
[Push(W,W)];0
f7f9caa007f871dec8a4733d5a901a67eaf8ffd4
successful
961
492
3732cb4f2692e295cee34549a18f4352d77e80e0
1495037795244
