++++++++++++++++++++++++++++++++
+k0            W              c+
+                              +
+              E               +
+  ++++++++++++++++++++++++++  +
+  +           R            +  +
+o +                        + r+
+  +           O            +  +
+                              +
+  +           C            +  +
+  +                        +  +
+e ++++++++++++K+++++++++++++ w+
+                              +
++++++++++++++++++++++++++++++++

[Move(S)];658
[Move(S)];5
[Move(S)];0
[Move(S)];0
[Move(S)];0
[Move(S)];0
[Move(S)];0
[Move(E)];0
[Move(E)];0
[Move(E)];0
[Move(S)];1
[Move(E)];0
[Move(E)];0
[Move(E)];1
[Move(E)];0
[Move(S)];0
[Move(E)];0
[Move(E)];0
[Move(E)];1
[Move(E)];0
[Move(E)];0
[Move(E)];2
[Pull(W,S)];0
[Pull(W,E)];0
[Pull(W,E)];1
[Pull(W,E)];0
[Push(E,N)];0
[Push(N,W)];0
[Push(W,W)];1
[Push(W,N)];0
[Push(N,W)];0
[Push(W,W)];2
[Push(W,W)];0
[Push(W,W)];0
[Push(W,W)];0
[Push(W,W)];0
[Push(W,W)];0
[Push(W,W)];0
[Push(W,N)];0
[Push(N,N)];0
[Push(N,N)];0
[Push(N,W)];0
[Push(W,N)];0
[Push(N,N)];0
[Push(N,N)];0
[Push(N,N)];0
[NoOp];0
[Move(S)];54
[Move(E)];0
[Move(S)];0
[Move(S)];0
[Move(S)];0
[Move(S)];0
[Move(S)];0
[Move(E)];0
[Move(E)];0
[Move(N)];0
[Move(E)];0
[Move(E)];0
[Move(E)];0
[Move(E)];0
[Move(E)];0
[Move(E)];0
[Move(E)];0
[Move(E)];1
[Move(E)];0
[Move(E)];0
[Pull(S,E)];0
[Pull(W,N)];0
[Pull(W,E)];0
[Pull(W,E)];0
[Pull(W,E)];0
[Pull(W,E)];0
[Pull(N,E)];0
[Push(S,W)];0
[Push(W,W)];0
[Push(W,W)];0
[Push(W,W)];0
[Push(W,W)];0
[Push(W,W)];0
[Push(W,W)];0
[Push(W,N)];1
[Push(N,W)];0
[Push(W,N)];0
[NoOp];0
[Move(E)];45
[Move(N)];0
[Move(N)];0
[Move(N)];1
[Move(N)];0
[Move(E)];0
[Move(E)];0
[Move(E)];0
[Move(E)];0
[Move(E)];0
[Move(E)];0
[Move(E)];0
[Move(E)];0
[Move(E)];0
[Move(E)];0
[Move(E)];0
[Move(E)];0
[Pull(W,E)];0
[Pull(N,E)];0
[Push(S,W)];0
[Push(W,W)];0
[Push(W,W)];0
[Push(W,W)];0
[Push(W,W)];1
[Push(W,W)];0
[Push(W,W)];0
[Push(W,W)];0
[Push(W,W)];0
[Push(W,W)];0
[Push(W,W)];0
[Push(W,S)];0
[Push(S,S)];0
[Push(S,S)];0
[Push(S,S)];0
[Push(S,S)];0
[Push(S,W)];0
[Push(W,S)];0
[Push(S,S)];0
[Push(S,S)];0
[NoOp];0
[Move(N)];36
[Move(N)];0
[Move(N)];0
[Move(E)];0
[Move(N)];0
[Move(N)];0
[Move(N)];0
[Move(N)];0
[Move(E)];0
[Move(E)];0
[Move(E)];0
[Move(E)];0
[Move(N)];0
[Move(E)];0
[Move(E)];0
[Move(E)];0
[Move(E)];0
[Move(E)];0
[Move(E)];0
[Move(E)];0
[Move(E)];0
[Move(E)];0
[Pull(E,N)];0
[Pull(S,W)];0
[Pull(E,N)];1
[Pull(E,W)];0
[Pull(E,W)];0
[Pull(E,W)];0
[Pull(E,W)];0
[Pull(E,W)];0
[Pull(E,W)];0
[Pull(E,W)];0
[Pull(N,W)];0
[Push(S,E)];0
[Push(E,E)];0
[Push(E,E)];0
[Push(E,E)];0
[Push(E,E)];0
[Push(E,E)];0
[Push(E,S)];0
[Push(S,S)];0
[Push(S,S)];0
[Push(S,S)];0
[Push(S,S)];0
[Push(S,S)];1
[Push(S,S)];0
[Push(S,S)];0
[NoOp];0
[Move(N)];25
[Move(N)];0
[Move(W)];0
[Move(W)];0
[Move(W)];0
[Move(W)];0
[Move(N)];0
[Move(N)];0
[Move(N)];0
[Move(W)];0
[Move(W)];0
[Move(W)];0
[Move(W)];0
[Move(W)];0
[Move(W)];0
[Move(W)];0
[Move(W)];0
[Move(W)];0
[Move(W)];0
[Pull(S,W)];0
[Pull(E,N)];1
[Pull(E,W)];0
[Pull(E,W)];0
[Pull(E,W)];0
[Pull(S,W)];0
[Pull(E,N)];0
[Pull(E,W)];0
[Push(W,S)];0
[Push(S,E)];0
[Push(E,E)];0
[Push(E,E)];0
[Push(E,E)];0
[Push(E,E)];0
[Push(E,E)];0
[Push(E,E)];0
[Push(E,E)];0
[Push(E,E)];0
[Push(E,N)];0
[Push(N,N)];0
[NoOp];0
[Move(S)];35
[Move(W)];0
[Move(W)];0
[Move(W)];0
[Move(S)];0
[Move(W)];0
[Move(W)];0
[Move(W)];0
[Move(W)];0
[Move(W)];0
[Move(W)];0
[Move(W)];0
[Move(W)];0
[Move(W)];0
[Move(W)];0
[Move(W)];0
[Pull(S,W)];0
[Push(N,E)];0
[Push(E,E)];0
[Push(E,E)];0
[Push(E,E)];0
[Push(E,E)];0
[Push(E,E)];0
[Push(E,E)];0
[Push(E,N)];0
[Push(N,E)];0
[Push(E,E)];0
[Push(E,E)];0
[Push(E,E)];0
[Push(E,E)];0
[Push(E,E)];0
[Push(E,N)];0
[Push(N,N)];0
[Push(N,N)];0
[Push(N,N)];0
[Push(N,E)];0
[Push(E,N)];0
[Push(N,N)];0
[Push(N,N)];0
1ecfc96706de7da18ed094747f211732ca5704d1
successful
874
252
cc88500a19911e450a0f98682c9008174803cf03
1495038105463
