++++++++++++++++++++++++++++++++++++++++++++++++++++++++++++++++++++++
+    B+    B+    B+    B+    B+    B+    B+    B+    B+    B+    B++ +
++B +B +B +B +B +B +B +B +B +B +B +B +B +B +B +B +B +B +B +B +B +B + +
+ B+ B+ B+ B+ B+ B+ B+ B+ B+ B+ B+ B+ B+ B+ B+ B+ B+ B+ B+ B+ B+ B+ A+
++B +B +B +B +B +B +B +B +B +B +B +B +B +B +B +B +B +B +B +B +B +B + +
+ B+ B+ B+ B+ B+ B+ B+ B+ B+ B+ B+ B+ B+ B+ B+ B+ B+ B+ B+ B+ B+ B+ B+
++B +B +B +B +B +B +B +B +B +B +B +B +B +B +B +B +B +B +B +B +B +B + +
+ B+ B+ B+ B+ B+ B+ B+ B+ B+ B+ B+ B+ B+ B+ B+ B+ B+ B+ B+ B+ B+ B+ B+
++B +B +B +B +B +B +B +B +B +B +B +B +B +B +B +B +B +B +B +B +B +B + +
+ B+ B+ B+ B+ B+ B+ B+ B+ B+ B+ B+ B+ B+ B+ B+ B+ B+ B+ B+ B+ B+ B+ B+
++B +B +B +B +B +B +B +B +B +B +B +B +B +B +B +B +B +B +B +B +B +B + +
+ B+ B+ B+ B+ B+ B+ B+ B+ B+ B+ B+ B+ B+ B+ B+ B+ B+ B+ B+ B+ B+ B+ B+
++B +B +B +B +B +B +B +B +B +B +B +B +B +B +B +B +B +B +B +B +B +B + +
+ B+ B+ B+ B+ B+ B+ B+ B+ B+ B+ B+ B+ B+ B+ B+ B+ B+ B+ B+ B+ B+ B+ B+
++B +B +B +B +B +B +B +B +B +B +B +B +B +B +B +B +B +B +B +B +B +B + +
+ B+ B+ B+ B+ B+ B+ B+ B+ B+ B+ B+ B+ B+ B+ B+ B+ B+ B+ B+ B+ B+ B+ B+
++B +B +B +B +B +B +B +B +B +B +B +B +B +B +B +B +B +B +B +B +B +B + +
+ B+ B+ B+ B+ B+ B+ B+ B+ B+ B+ B+ B+ B+ B+ B+ B+ B+ B+ B+ B+ B+ B+ B+
++B +B +B +B +B +B +B +B +B +B +B +B +B +B +B +B +B +B +B +B +B +B + +
+ B+ B+ B+ B+ B+ B+ B+ B+ B+ B+ B+ B+ B+ B+ B+ B+ B+ B+ B+ B+ B+ B+ B+
++B +B +B +B +B +B +B +B +B +B +B +B +B +B +B +B +B +B +B +B +B +B + +
+ B+ B+ B+ B+ B+ B+ B+ B+ B+ B+ B+ B+ B+ B+ B+ B+ B+ B+ B+ B+ B+ B+ B+
++B +B +B +B +B +B +B +B +B +B +B +B +B +B +B +B +B +B +B +B +B +B + +
+ B+ B+ B+ B+ B+ B+ B+ B+ B+ B+ B+ B+ B+ B+ B+ B+ B+ B+ B+ B+ B+ B+ B+
++B +B +B +B +B +B +B +B +B +B +B +B +B +B +B +B +B +B +B +B +B +B + +
+ B+ B+ B+ B+ B+ B+ B+ B+ B+ B+ B+ B+ B+ B+ B+ B+ B+ B+ B+ B+ B+ B+ B+
++B +B +B +B +B +B +B +B +B +B +B +B +B +B +B +B +B +B +B +B +B +B + +
+ B+ B+ B+ B+ B+ B+ B+ B+ B+ B+ B+ B+ B+ B+ B+ B+ B+ B+ B+ B+ B+ B+ B+
++B +B +B +B +B +B +B +B +B +B +B +B +B +B +B +B +B +B +B +B +B +B + +
+ B+ B+ B+ B+ B+ B+ B+ B+ B+ B+ B+ B+ B+ B+ B+ B+ B+ B+ B+ B+ B+ B+ B+
++B +B +B +B +B +B +B +B +B +B +B +B +B +B +B +B +B +B +B +B +B +B + +
+ B+ B+ B+ B+ B+ B+ B+ B+ B+ B+ B+ B+ B+ B+ B+ B+ B+ B+ B+ B+ B+ B+ B+
++B +B +B +B +B +B +B +B +B +B +B +B +B +B +B +B +B +B +B +B +B +B + +
+ B+ B+ B+ B+ B+ B+ B+ B+ B+ B+ B+ B+ B+ B+ B+ B+ B+ B+ B+ B+ B+ B+ B+
++B +B +B +B +B +B +B +B +B +B +B +B +B +B +B +B +B +B +B +B +B +B + +
+ B+ B+ B+ B+ B+ B+ B+ B+ B+ B+ B+ B+ B+ B+ B+ B+ B+ B+ B+ B+ B+ B+ B+
++B +B +B +B +B +B +B +B +B +B +B +B +B +B +B +B +B +B +B +B +B +B + +
+ B+ B+ B+ B+ B+ B+ B+ B+ B+ B+ B+ B+ B+ B+ B+ B+ B+ B+ B+ B+ B+ B+ B+
++B +B +B +B +B +B +B +B +B +B +B +B +B +B +B +B +B +B +B +B +B +B + +
+ B+ B+ B+ B+ B+ B+ B+ B+ B+ B+ B+ B+ B+ B+ B+ B+ B+ B+ B+ B+ B+ B+ B+
++B +B +B +B +B +B +B +B +B +B +B +B +B +B +B +B +B +B +B +B +B +B + +
+ B+ B+ B+ B+ B+ B+ B+ B+ B+ B+ B+ B+ B+ B+ B+ B+ B+ B+ B+ B+ B+ B+ B+
++B +B +B +B +B +B +B +B +B +B +B +B +B +B +B +B +B +B +B +B +B +B + +
+ B+ B+ B+ B+ B+ B+ B+ B+ B+ B+ B+ B+ B+ B+ B+ B+ B+ B+ B+ B+ B+ B+ B+
++B +B +B +B +B +B +B +B +B +B +B +B +B +B +B +B +B +B +B +B +B +B + +
+ B+ B+ B+ B+ B+ B+ B+ B+ B+ B+ B+ B+ B+ B+ B+ B+ B+ B+ B+ B+ B+ B+ B+
++B +B +B +B +B +B +B +B +B +B +B +B +B +B +B +B +B +B +B +B +B +B + +
+ B+ B+ B+ B+ B+ B+ B+ B+ B+ B+ B+ B+ B+ B+ B+ B+ B+ B+ B+ B+ B+ B+ B+
++B +B +B +B +B +B +B +B +B +B +B +B +B +B +B +B +B +B +B +B +B +B + +
+ B+ B+ B+ B+ B+ B+ B+ B+ B+ B+ B+ B+ B+ B+ B+ B+ B+ B+ B+ B+ B+ B+ B+
++B +B +B +B +B +B +B +B +B +B +B +B +B +B +B +B +B +B +B +B +B +B + +
+ B+ B+ B+ B+ B+ B+ B+ B+ B+ B+ B+ B+ B+ B+ B+ B+ B+ B+ B+ B+ B+ B+ B+
++B +B +B +B +B +B +B +B +B +B +B +B +B +B +B +B +B +B +B +B +B +B + +
+ B+ B+ B+ B+ B+ B+ B+ B+ B+ B+ B+ B+ B+ B+ B+ B+ B+ B+ B+ B+ B+ B+ B+
++B +B +B +B +B +B +B +B +B +B +B +B +B +B +B +B +B +B +B +B +B +B + +
+ B+ B+ B+ B+ B+ B+ B+ B+ B+ B+ B+ B+ B+ B+ B+ B+ B+ B+ B+ B+ B+ B+ B+
++B +B +B +B +B +B +B +B +B +B +B +B +B +B +B +B +B +B +B +B +B +B + +
+ B+ B+ B+ B+ B+ B+ B+ B+ B+ B+ B+ B+ B+ B+ B+ B+ B+ B+ B+ B+ B+ B+ B+
++B +B +B +B +B +B +B +B +B +B +B +B +B +B +B +B +B +B +B +B +B +B + +
+ B+ B+ B+ B+ B+ B+ B+ B+ B+ B+ B+ B+ B+ B+ B+ B+ B+ B+ B+ B+ B+ B+ B+
++B +B +B +B +B +B +B +B +B +B +B +B +B +B +B +B +B +B +B +B +B +B + +
+ B+ B+ B+ B+ B+ B+ B+ B+ B+ B+ B+ B+ B+ B+ B+ B+ B+ B+ B+ B+ B+ B+ B+
++B +B +B +B +B +B +B +B +B +B +B +B +B +B +B +B +B +B +B +B +B +B + +
+ B+ B+ B+ B+ B+ B+ B+ B+ B+ B+ B+ B+ B+ B+ B+ B+ B+ B+ B+ B+ B+ B+ B+
++B +B +B +B +B +B +B +B +B +B +B +B +B +B +B +B +B +B +B +B +B +B + +
+ B+ B+ B+ B+ B+ B+ B+ B+ B+ B+ B+ B+ B+ B+ B+ B+ B+ B+ B+ B+ B+ B+ B+
++B +B +B +B +B +B +B +B +B +B +B +B +B +B +B +B +B +B +B +B +B +B + +
++0+ B+ B+ B+ B+ B+ B+ B+ B+ B+ B+ B+ B+ B+ B+ B+ B+ B+ B+ B+ B+ B+ B+
++a++   B +   B +   B +   B +   B +   B +   B +   B +   B +   B +    +
++++++++++++++++++++++++++++++++++++++++++++++++++++++++++++++++++++++

[NoOp];71159
[NoOp];6
[NoOp];4
[NoOp];3
[NoOp];2
[NoOp];2
[NoOp];2
[NoOp];1
[NoOp];2
[NoOp];2
[NoOp];2
[NoOp];67342
[NoOp];1
[NoOp];1
[NoOp];1
[NoOp];1
[NoOp];1
[NoOp];5
[NoOp];1
[NoOp];1
[NoOp];1
[NoOp];1
[NoOp];67521
[NoOp];1
[NoOp];1
[NoOp];1
[NoOp];0
[NoOp];0
[NoOp];0
[NoOp];0
[NoOp];0
[NoOp];0
[NoOp];1
[NoOp];67122
[NoOp];1
[NoOp];1
[NoOp];1
[NoOp];0
[NoOp];1
[NoOp];1
[NoOp];1
[NoOp];1
[NoOp];1
[NoOp];1
6e95714da896a37da21b5d80b4f36b460d82aa68
unsuccessful
273197
44
48091222fb3a56e8ca0b405f56751ef4f090715f
1495038106428
