++++++++++++++++++++++++++++++++++++++++++++++++++++++++++++
+ 0        BBB BBB BBB BBB    a+C     c  +                 +
+                              +++++++ + +                 +
+                                  b + + +       Aa        +
+                              +++++ + + +                 +
+                          A         + + +                 +
+b+++++++++++b+++++++ ++++++++++++++++ +             Dd    +
+b+         +b+     +b+    +A          +++++++++++++++++++++
+b+         +b+     + +    +                             Da+
+ +           +            +                             Cb+
+ +           +            +                             Bc+
+ +           +            +                             Ad+
+ +C         c+C          c+                               +
+ ++++++++++++++++++++++++++++++                    Ee     +
+                         AAAAA+                           +
+                              +                           +
+                              +                           +
+                                  Aa                      +
+                              +                           +
+                              +                           +
+                              +                           +
+                         aaaaa+                       a   +
++++++++++++++++++++++++++++++++++++++++++++++++++++++++++++

[Move(E)];2259
[Move(E)];1
[Move(E)];0
[Move(E)];0
[Move(E)];1
[Move(E)];0
[Move(E)];0
[Move(E)];0
[Push(E,S)];1
[Push(S,W)];0
[Push(W,W)];0
[Push(W,W)];1
[Push(W,W)];0
[Push(W,W)];0
[Push(W,S)];1
[Push(S,S)];0
[Push(S,W)];0
[Push(W,S)];0
[Push(S,W)];0
[Push(W,W)];0
[Push(W,W)];0
[Push(W,W)];1
[Push(W,S)];1
[NoOp];0
[NoOp];117
[Pull(N,S)];5
[Pull(E,S)];0
[Pull(E,W)];0
[Move(N)];63
[Move(E)];0
[Move(E)];0
[Move(E)];0
[Move(E)];0
[Move(N)];0
[Move(N)];1
[Move(E)];0
[Move(E)];0
[Move(E)];0
[Move(E)];0
[Push(E,S)];0
[Push(S,S)];0
[Push(S,W)];0
[Push(W,W)];0
[Push(W,W)];0
[Push(W,W)];0
[Push(W,W)];0
[Push(W,S)];0
[Push(S,S)];0
[Push(S,W)];0
[Push(W,W)];0
[Push(W,W)];0
[Push(W,W)];0
[Push(W,W)];0
[Push(W,W)];0
[Push(W,S)];0
[Push(S,S)];0
[NoOp];0
[Move(N)];0
[Move(N)];0
[Push(E,S)];0
[Push(S,W)];0
[Push(W,S)];0
[NoOp];0
[NoOp];79
[Pull(E,S)];5
[Pull(E,W)];0
[Pull(N,W)];0
[Move(W)];12
[Move(W)];0
[Move(S)];0
[Move(S)];0
[Pull(N,S)];0
[Pull(N,S)];0
[Pull(E,S)];0
[Push(W,N)];0
[Push(N,N)];0
[Move(E)];80
[Move(E)];0
[Move(E)];0
[Move(E)];0
[Move(E)];0
[Move(E)];0
[Move(E)];0
[Move(E)];0
[Move(E)];0
[Move(E)];0
[Move(E)];0
[Move(E)];0
[Move(N)];0
[Push(N,W)];0
[Push(W,W)];0
[Push(W,W)];0
[Push(W,W)];0
[Push(W,W)];0
[Push(W,W)];0
[Push(W,S)];0
[Push(S,W)];0
[Push(W,W)];0
[Push(W,S)];0
[Push(S,S)];0
[Push(S,W)];0
[Push(W,W)];0
[Push(W,W)];0
[Push(W,S)];0
[Push(S,W)];0
[Push(W,S)];0
[Push(S,S)];0
[Push(S,S)];0
[NoOp];0
[Move(N)];0
[Move(N)];0
[Move(E)];0
[Pull(N,E)];0
[Push(S,W)];0
[Push(W,S)];0
[Push(S,S)];0
[NoOp];0
[Move(N)];3
[Move(N)];1
[Move(N)];0
[Pull(S,N)];0
[Pull(E,N)];0
[Push(W,S)];0
[Push(S,S)];0
[NoOp];0
[Move(E)];12
[Move(E)];0
[Move(E)];0
[Move(E)];0
[Move(N)];0
[Move(E)];0
[Move(E)];0
[Move(E)];0
[Move(N)];0
[Move(N)];1
[Move(E)];0
[Move(N)];1
[Move(E)];0
[Move(E)];0
[Move(E)];1
[Move(E)];0
[Move(E)];0
[Push(E,S)];1
[Push(S,W)];0
[Push(W,S)];0
[Push(S,S)];1
[Push(S,S)];0
[Push(S,W)];0
[Push(W,S)];1
[NoOp];0
[NoOp];18
[Pull(E,S)];5
[Pull(E,W)];0
[Move(N)];9
[Move(N)];0
[Move(N)];0
[Move(E)];0
[Push(N,W)];0
[Push(W,S)];0
[Push(S,S)];0
[Push(S,S)];1
[Push(S,W)];0
[Push(W,W)];0
[Push(W,S)];0
[Push(S,S)];0
[Push(S,S)];1
[NoOp];0
[Move(N)];2
[Pull(N,E)];0
[Push(S,S)];1
[NoOp];0
[NoOp];43
[Pull(W,S)];2
[Pull(W,E)];0
[Move(N)];4
[Move(E)];0
[Move(E)];0
[Move(S)];0
[Move(S)];0
[Push(S,S)];0
[Push(S,S)];0
[Push(S,S)];0
[Move(N)];16
[Move(N)];1
[Move(N)];0
[Move(N)];0
[Move(E)];0
[Move(E)];0
[Move(E)];0
[Move(N)];0
[Move(N)];0
[Move(N)];0
[Move(E)];0
[Push(N,W)];0
[Push(W,W)];0
[Push(W,S)];1
[Push(S,S)];0
[Push(S,S)];0
[Push(S,W)];0
[Push(W,W)];0
[Push(W,S)];0
[Push(S,S)];0
[Push(S,S)];0
[Push(S,S)];0
[NoOp];0
[Move(N)];2
[Move(N)];0
[Pull(N,W)];0
[Push(S,S)];1
[Push(S,S)];0
[NoOp];1
[NoOp];5
[Pull(N,S)];3
[Pull(N,S)];0
[Pull(N,S)];4
[Move(E)];5
[Move(S)];0
[Move(S)];1
[Move(W)];0
[Move(S)];0
[Move(S)];0
[Push(S,S)];0
[Push(S,W)];0
[Push(W,S)];0
[Move(E)];2
[Pull(N,S)];0
[Pull(N,S)];0
[Pull(N,S)];0
[Pull(N,S)];0
[NoOp];0
[NoOp];7
[Pull(W,S)];2
[Push(E,E)];0
[Move(S)];3
[Move(S)];0
[Move(S)];0
[Move(S)];0
[Move(S)];0
[Push(W,N)];0
[Push(N,E)];0
[Push(E,N)];0
[NoOp];0
[Move(S)];7
[Move(W)];0
[Move(S)];0
[Move(S)];0
[Move(W)];0
[Move(W)];0
[Move(W)];0
[Move(W)];0
[Move(W)];0
[Move(W)];0
[Move(W)];1
[Move(W)];0
[Pull(E,W)];0
[Pull(E,W)];2
[Pull(N,W)];0
[Push(S,E)];0
[Push(E,E)];1
[Push(E,E)];0
[Push(E,E)];0
[Push(E,E)];0
[Push(E,E)];0
[Push(E,E)];0
[NoOp];0
[NoOp];39
[Pull(N,E)];1
[Move(E)];2
[Move(N)];0
[Move(N)];0
[Pull(W,N)];2
[Pull(W,E)];1
[Move(S)];4
[Move(E)];1
[Move(E)];4
[Move(N)];1
[Move(N)];3
[Move(N)];0
[Move(N)];0
[Move(N)];0
[Push(E,N)];0
[Move(E)];6
[Move(E)];0
[Move(E)];0
[Move(E)];1
[Move(N)];0
[Move(N)];0
[Move(N)];0
[Move(E)];1
[Move(E)];0
[Pull(E,N)];0
[Push(W,S)];0
[Move(N)];2
[Push(E,S)];0
[Push(S,S)];1
[Push(S,S)];0
[Push(S,S)];0
[Push(S,S)];0
[Push(S,S)];0
[NoOp];0
[NoOp];23
[Pull(N,S)];2
[Pull(N,S)];0
[Pull(N,S)];0
[Move(E)];14
[Move(S)];0
[Move(S)];0
[Move(W)];0
[Move(S)];0
[Move(S)];0
[Move(S)];0
[Move(S)];0
[Move(S)];0
[Move(S)];0
[Move(W)];0
[Move(W)];0
[Move(S)];0
[Move(W)];0
[Move(W)];0
[Move(W)];1
[Pull(E,W)];0
[Pull(E,W)];0
[Pull(E,W)];0
[Pull(E,W)];0
[Pull(E,W)];0
[Pull(E,W)];0
[Pull(E,W)];0
[Pull(E,W)];0
[Pull(E,W)];0
[Pull(E,W)];1
[Pull(N,W)];0
[NoOp];0
[Move(N)];5
[Move(W)];0
[Move(W)];0
[Move(W)];0
[Move(W)];0
[Move(W)];0
[Move(N)];0
[Move(N)];0
[Move(N)];0
[Move(N)];0
[Move(N)];0
[Pull(E,N)];0
[Push(W,S)];1
[Push(S,S)];0
[NoOp];0
[Move(N)];6
[Move(E)];0
[Move(E)];1
[Move(E)];0
[Move(E)];0
[Move(E)];0
[Push(E,N)];1
[Push(N,N)];0
[Push(N,N)];0
[Push(N,N)];0
[Push(N,E)];0
[Push(E,E)];0
[Push(E,E)];1
[NoOp];0
[Move(W)];5
[Move(W)];0
[Move(W)];0
[Push(W,S)];0
[Push(S,E)];0
[Push(E,E)];0
[Push(E,E)];0
[Push(E,E)];0
[Push(E,E)];0
[Push(E,S)];0
[Push(S,E)];0
[Push(E,E)];0
[Push(E,E)];0
[Push(E,E)];0
[Push(E,E)];0
[NoOp];0
[Move(W)];3
[Move(W)];0
[Move(W)];0
[Move(W)];0
[Move(W)];0
[Move(S)];0
[Move(S)];0
[Move(W)];0
[Move(W)];0
[Move(W)];0
[Move(W)];0
[Move(W)];0
[Move(W)];0
[Move(W)];0
[Move(W)];0
[Move(W)];0
[Move(W)];1
[Move(W)];0
[Move(W)];0
[Move(W)];0
[Move(W)];0
[Move(W)];0
[Move(W)];0
[Move(S)];0
[Move(S)];0
[Move(S)];0
[Move(S)];0
[Move(S)];0
[Move(S)];0
[Move(S)];0
[Pull(N,W)];0
[NoOp];0
[Move(W)];0
[Move(N)];0
[Push(N,E)];0
[Push(E,N)];0
[NoOp];0
[NoOp];0
[Pull(W,N)];1
[Push(E,S)];0
[Move(N)];4
[Move(N)];0
[Move(N)];0
[Move(N)];0
[Pull(E,N)];0
[Push(W,S)];0
[Push(S,S)];0
[NoOp];0
[Move(N)];0
[Move(E)];0
[Push(N,W)];0
[Push(W,S)];0
[Push(S,S)];0
[NoOp];0
[NoOp];7
[Pull(N,S)];1
[Pull(N,S)];0
[Move(W)];3
[Move(S)];0
[Move(S)];0
[Move(E)];0
[Move(S)];0
[Push(S,S)];0
[Push(S,S)];0
[Push(S,W)];0
[Pull(N,S)];0
[Pull(N,S)];0
[NoOp];0
[Move(N)];1
[Move(N)];0
[Pull(E,N)];0
[Push(W,S)];0
[Push(S,S)];0
[NoOp];0
[NoOp];5
[Pull(N,S)];4
[Pull(E,S)];0
[Push(W,W)];1
[Move(S)];0
[Move(S)];0
[Push(S,S)];0
[Push(S,S)];0
[Push(S,S)];0
[Move(W)];2
[Push(N,E)];0
[Push(E,N)];0
[Push(N,N)];0
[Push(N,N)];0
[NoOp];0
[NoOp];3
[Push(N,N)];1
[Push(N,N)];0
[Push(N,N)];0
[Move(W)];1
[Push(S,E)];0
[Push(E,S)];0
[Push(S,S)];0
[NoOp];0
[Move(N)];1
[Move(N)];0
[Pull(W,N)];0
[Push(E,S)];0
[Push(S,S)];0
[NoOp];0
[NoOp];7
[Pull(N,S)];1
[Pull(E,S)];0
[Pull(E,W)];0
[Move(S)];1
[Move(W)];0
[Move(W)];0
[Move(S)];0
[Push(S,S)];0
[Push(S,S)];0
[Push(S,W)];0
[Move(S)];1
[Pull(N,S)];0
[Pull(N,S)];0
[Pull(N,S)];0
[NoOp];0
[NoOp];3
[Push(S,S)];2
[Push(S,S)];0
[Push(S,W)];0
[Push(W,W)];0
[Push(W,N)];0
[Move(E)];0
[Push(N,E)];1
[Push(E,N)];0
[Push(N,N)];0
[NoOp];0
[Move(S)];0
[Move(W)];0
[Pull(S,W)];0
[Push(N,E)];0
[Push(E,N)];0
[NoOp];0
[NoOp];2
[Pull(S,N)];1
[Pull(S,N)];0
[Push(N,W)];0
[Push(W,S)];0
[Move(N)];1
[Move(E)];0
[Move(N)];1
[Push(N,N)];0
[Push(N,N)];0
[Push(N,N)];0
[Push(N,N)];0
[Push(E,S)];1
[Push(S,W)];0
[Push(W,S)];0
[NoOp];0
[NoOp];13
[Pull(W,S)];2
[Push(E,N)];0
[Push(N,W)];0
[Pull(E,N)];3
[Push(W,S)];1
[Push(S,S)];0
[Push(S,S)];0
[NoOp];0
[Move(N)];1
[Move(W)];0
[Push(N,E)];0
[Push(E,S)];0
[Push(S,S)];1
[NoOp];0
[NoOp];9
[Pull(N,S)];3
[Push(S,E)];0
[Push(E,E)];0
[Move(W)];4
[Move(S)];0
[Pull(N,S)];0
[Pull(E,S)];0
[Push(W,W)];0
[Push(W,N)];0
[Move(E)];3
[Move(S)];0
[Move(S)];0
[Move(S)];0
[Move(S)];3
[Move(S)];0
[Move(W)];0
[Push(S,E)];0
[Push(E,N)];0
[Push(N,N)];0
[Push(N,N)];0
[NoOp];0
[NoOp];6
[Push(N,N)];2
[Push(N,N)];0
[Push(N,N)];0
[Push(N,E)];0
[Move(N)];1
[Push(W,S)];0
[Push(S,E)];0
[Push(E,S)];0
[Push(S,S)];1
[NoOp];0
[Move(N)];1
[Pull(N,E)];0
[Push(S,S)];0
[NoOp];0
[NoOp];6
[Pull(E,S)];1
[Push(W,W)];0
[Move(S)];10
[Pull(N,S)];0
[Pull(N,S)];0
[Pull(W,S)];0
[Pull(W,E)];0
[Pull(N,E)];0
[Push(S,S)];0
[Move(E)];2
[Move(E)];0
[Move(E)];0
[Move(E)];0
[Push(S,W)];0
[Push(W,W)];0
[Push(W,S)];0
[Push(S,S)];0
[Push(S,S)];0
[NoOp];0
[Move(N)];0
[Move(N)];1
[Pull(E,W)];0
[Push(W,S)];0
[Push(S,S)];0
[NoOp];0
[Move(N)];0
[Move(W)];0
[Pull(N,W)];0
[Push(S,E)];0
[Push(E,S)];0
[NoOp];0
[NoOp];20
[Move(W)];2
[Move(W)];0
[Move(W)];0
[Move(W)];0
[Move(W)];0
[Move(W)];0
[Move(W)];0
[Move(W)];0
[Move(W)];0
[Move(W)];0
[Move(W)];0
[Move(W)];0
[Pull(E,S)];0
[Push(W,N)];0
[Move(S)];1
[Pull(N,S)];0
[Pull(E,S)];0
[Pull(N,W)];0
[Pull(E,S)];0
[Push(W,N)];0
[Push(N,W)];0
[Move(S)];5
[Move(S)];0
[Move(W)];0
[Move(S)];0
[Move(S)];0
[Pull(N,S)];0
[Pull(N,S)];0
[Pull(E,S)];0
[Pull(N,W)];0
[Pull(N,S)];0
[Move(E)];14
[Move(S)];0
[Move(S)];0
[Move(W)];0
[Move(W)];0
[Move(S)];0
[Move(S)];0
[Move(S)];0
[Move(S)];0
[Move(S)];0
[Move(S)];0
[Move(S)];0
[Move(S)];0
[Move(S)];0
[Move(E)];0
[Move(E)];0
[Move(E)];0
[Move(E)];0
[Move(E)];0
[Move(E)];0
[Move(E)];0
[Move(E)];0
[Move(E)];0
[Move(E)];0
[Move(E)];0
[Move(E)];0
[Move(E)];0
[Move(E)];0
[Move(E)];0
[Move(E)];0
[Move(E)];0
[Move(E)];0
[Move(E)];0
[Move(E)];0
[Move(E)];0
[Move(E)];0
[Move(E)];0
[Move(E)];0
[Push(E,S)];0
[Push(S,S)];0
[Push(S,S)];0
[Push(S,S)];0
[Push(S,S)];1
[Push(S,S)];0
[Push(S,S)];0
[NoOp];0
[Move(N)];12
[Move(N)];0
[Move(N)];0
[Move(E)];0
[Move(N)];0
[Move(N)];0
[Pull(S,N)];0
[Pull(S,N)];0
[Pull(S,N)];0
[Pull(S,N)];0
[Pull(S,N)];0
[Pull(E,N)];0
[Push(W,S)];0
[NoOp];0
[Move(N)];11
[Move(N)];0
[Move(N)];0
[Move(N)];0
[Move(E)];0
[Move(N)];1
[Pull(S,N)];0
[Pull(S,N)];0
[Pull(S,N)];0
[Pull(S,N)];0
[Pull(W,N)];0
[Push(E,S)];0
[Push(S,S)];0
[NoOp];0
[Move(E)];16
[Move(N)];0
[Move(N)];0
[Move(N)];0
[Move(N)];0
[Move(N)];0
[Pull(E,N)];0
[Push(W,S)];0
[Push(S,S)];0
[Push(S,S)];0
[Push(S,S)];0
[Push(S,S)];0
[Push(S,S)];0
[NoOp];0
[Move(N)];12
[Move(N)];0
[Move(N)];0
[Move(N)];0
[Move(E)];0
[Move(N)];0
[Pull(S,N)];0
[Pull(W,N)];0
[Push(E,S)];0
[Push(S,S)];0
[Push(S,S)];0
[Push(S,S)];0
[Push(S,S)];0
[NoOp];0
[Move(N)];2
[Move(N)];0
[Move(N)];0
[Move(E)];0
[Move(E)];0
[Move(E)];0
[Move(E)];0
[Push(E,E)];0
[NoOp];0
[Move(N)];27
[Move(E)];0
[Move(E)];0
[Move(N)];1
[Move(N)];0
[Move(N)];0
[Move(N)];0
[Move(E)];0
[Move(N)];0
[Move(N)];0
[Move(N)];0
[Move(N)];0
[Move(N)];0
[Move(N)];0
[Move(N)];0
[Move(N)];0
[Move(N)];0
[Move(N)];0
[Move(N)];0
[Move(W)];0
[Move(W)];0
[Move(W)];0
[Move(W)];0
[Move(W)];0
[Pull(E,W)];0
[Pull(E,W)];0
[Pull(E,W)];0
[Pull(E,W)];0
[Pull(E,W)];0
[Pull(E,W)];0
[NoOp];0
[Move(E)];0
[Move(S)];0
[Move(S)];0
[Move(S)];0
[Move(S)];0
[Move(S)];0
[Move(E)];0
[Move(E)];0
[Move(E)];0
[Move(E)];0
[Move(N)];0
[Move(E)];0
[Move(E)];0
[Move(N)];0
[Move(E)];0
[Move(N)];0
[Move(E)];0
[Push(E,E)];0
[NoOp];0
[Move(S)];0
[Move(E)];0
[Move(E)];0
[Move(E)];0
[Move(S)];1
[Move(E)];0
[Push(S,E)];0
[NoOp];0
[NoOp];45
[Move(W)];13
[Move(W)];0
[Move(W)];0
[Move(W)];0
[Move(W)];0
[Move(W)];0
[Move(W)];0
[Move(W)];0
[Move(W)];0
[Move(W)];0
[Move(W)];0
[Move(W)];0
[Move(W)];0
[Move(N)];0
[Move(N)];0
[Move(N)];0
[Move(N)];0
[Move(N)];0
[Move(W)];0
[Push(W,S)];0
[Push(S,S)];0
[Push(S,S)];0
[Push(S,S)];0
[Push(S,S)];0
[Push(S,S)];0
[Push(S,W)];0
[Move(S)];16
[Move(S)];0
[Move(E)];0
[Move(E)];0
[Move(E)];0
[Move(E)];0
[Move(E)];0
[Move(E)];0
[Move(E)];0
[Move(E)];0
[Move(S)];0
[Move(E)];0
[Move(E)];0
[Move(E)];0
[Move(E)];0
[Move(E)];0
[Move(E)];0
[Move(E)];0
[Move(E)];0
[Move(E)];0
[Move(E)];0
[Push(E,E)];0
[Push(N,W)];0
[Push(N,W)];0
[Move(S)];2
[Move(S)];0
[Pull(N,S)];0
[Pull(E,S)];0
[Pull(N,W)];0
[Pull(W,S)];1
[NoOp];0
[Move(S)];0
[Move(S)];0
[Push(E,N)];0
[NoOp];0
[Move(W)];3
[Move(N)];0
[Pull(S,W)];0
[Pull(S,N)];0
[Push(N,E)];0
[NoOp];0
[Move(W)];6
[Move(N)];0
[Pull(W,N)];0
[Push(E,E)];0
[Push(E,S)];0
[Push(S,S)];0
[Push(S,E)];0
[NoOp];0
[Move(W)];4
[Move(S)];0
[Move(W)];0
[Move(W)];0
[Move(W)];0
[Move(W)];0
[Push(S,E)];0
[NoOp];0
[Move(W)];607
[Move(N)];0
[Move(N)];0
[Move(N)];0
[Move(N)];0
[Move(N)];0
[Move(W)];0
[Move(W)];0
[Move(W)];0
[Move(W)];0
[Move(W)];0
[Move(W)];0
[Move(W)];0
[Move(W)];0
[Move(W)];0
[Move(W)];0
[Move(W)];0
[Move(W)];0
[Move(W)];0
[Move(W)];0
[Move(W)];0
[Move(N)];0
[Move(W)];0
[Move(W)];0
[Move(W)];1
[Move(W)];0
[Move(W)];0
[Move(W)];0
[Move(W)];0
[Pull(E,W)];0
[Push(W,S)];0
[Push(S,E)];0
[Push(E,E)];0
[Push(E,E)];0
[Push(E,S)];0
[Push(S,E)];0
[Push(E,E)];0
[Push(E,E)];0
[Push(E,E)];0
[Push(E,E)];0
[Push(E,S)];0
[Push(S,S)];0
[Push(S,S)];0
[Push(S,S)];0
[Push(S,S)];0
[Push(S,E)];0
[Push(E,E)];0
[Push(E,E)];0
[Push(E,E)];0
[Push(E,E)];0
[Push(E,E)];0
[Push(E,E)];0
[Push(E,E)];0
[Push(E,E)];0
[Push(E,S)];0
[Push(S,S)];0
[Push(S,S)];0
[Push(S,E)];0
[Push(E,S)];0
[Push(S,E)];0
[Push(E,S)];0
[Push(S,E)];0
[Push(E,E)];0
[Push(E,E)];0
[Push(E,S)];0
[Push(S,E)];1
[Push(E,E)];0
[Push(E,E)];0
[Push(E,E)];0
[Push(E,S)];0
[NoOp];0
[Move(N)];63
[Move(N)];0
[Move(W)];0
[Move(W)];0
[Move(N)];0
[Move(W)];0
[Move(W)];0
[Move(N)];0
[Move(W)];0
[Move(W)];0
[Move(W)];0
[Move(W)];0
[Move(W)];0
[Move(W)];0
[Move(W)];0
[Move(N)];0
[Move(N)];0
[Move(N)];0
[Move(N)];0
[Move(W)];0
[Move(N)];0
[Move(W)];0
[Move(W)];0
[Move(W)];0
[Move(N)];1
[Move(W)];0
[Move(W)];0
[Move(N)];0
[Move(W)];0
[Move(N)];0
[Push(N,E)];0
[Push(E,N)];0
[Push(N,N)];0
[Push(N,N)];0
[Push(N,N)];0
[Push(N,N)];0
[Push(N,N)];0
[NoOp];0
[Move(S)];90
[Move(S)];0
[Move(S)];0
[Move(S)];0
[Move(S)];0
[Move(S)];0
[Move(W)];0
[Move(W)];0
[Move(W)];0
[Move(W)];0
[Move(S)];0
[Move(S)];0
[Move(S)];0
[Move(S)];0
[Move(S)];0
[Move(S)];0
[Move(W)];0
[Move(S)];0
[Move(W)];0
[Move(S)];0
[Move(S)];0
[Move(W)];0
[Move(W)];0
[Move(N)];0
[Move(N)];0
[Move(N)];0
[Move(W)];0
[Move(W)];0
[Move(W)];0
[Move(W)];0
[Move(W)];0
[Move(W)];0
[Move(W)];0
[Move(W)];0
[Move(W)];0
[Move(W)];0
[Move(W)];0
[Move(W)];0
[Move(W)];0
[Move(W)];0
[Move(W)];0
[Move(W)];0
[Move(W)];0
[Move(W)];0
[Move(W)];0
[Move(W)];0
[Move(W)];0
[Move(W)];0
[Move(W)];0
[Move(W)];0
[Move(W)];0
[Move(W)];0
[Move(W)];0
[Move(W)];0
[Move(W)];0
[Move(N)];0
[Move(N)];0
[Move(N)];0
[Move(N)];0
[Move(N)];0
[Move(N)];0
[Move(N)];0
[Move(N)];0
[Move(N)];0
[Pull(S,N)];0
[Pull(S,N)];0
[Pull(S,N)];0
[Pull(S,N)];0
[NoOp];0
[NoOp];2
[Push(N,N)];4
[Push(N,N)];0
[Push(N,N)];0
[Push(N,E)];0
[Push(E,E)];0
[Push(N,W)];1
[Push(W,S)];0
[Push(S,S)];1
[Push(S,S)];0
[NoOp];0
[Move(N)];0
[Move(E)];0
[Pull(N,E)];0
[Push(S,W)];0
[Push(W,S)];0
[NoOp];0
[NoOp];7
[Pull(E,S)];0
[Pull(N,W)];0
[Move(W)];11
[Move(S)];0
[Move(S)];0
[Pull(N,S)];0
[Pull(N,S)];0
[Pull(E,S)];0
[Pull(E,W)];0
[Pull(S,W)];0
[Pull(E,N)];1
[Move(N)];4
[Move(N)];0
[Move(W)];0
[Move(W)];0
[Push(W,S)];0
[Push(S,S)];0
[Push(S,S)];0
[Push(S,S)];0
[Push(S,S)];0
[NoOp];0
[Move(N)];0
[Move(N)];0
[Pull(N,E)];0
[Push(S,S)];0
[Push(S,S)];0
[NoOp];0
[Move(N)];1
[Move(E)];0
[Pull(N,E)];0
[Push(S,W)];0
[Push(W,S)];0
840e5500a20c661c019ed88feb33a6fa2e854722
successful
4077
1127
e6c570bef78ad737e491e7bfaf3964e7363cc2f1
1495039424503
