++++++++++++++
+       KALLE+
+pp        ++++++++
+p p       +q  E  +
+p I       ++++++ +
+0 SISP   Qkalle+ +
+     P    ++++++ +
+   P P           +
+     P           +
+                 +
+++++++++++++++++++

[Move(S)];329
[Move(S)];1
[Move(E)];0
[Move(E)];0
[Pull(N,E)];0
[Pull(W,S)];0
[Pull(N,E)];0
[Pull(N,S)];1
[Pull(N,S)];0
[Push(S,W)];1
[NoOp];0
[Move(N)];35
[Move(E)];0
[Move(E)];0
[Move(E)];0
[Move(S)];1
[Move(E)];0
[Pull(W,S)];0
[Push(E,N)];0
[Push(N,W)];0
[Push(W,W)];0
[Push(W,W)];0
[Push(W,N)];1
[Push(N,W)];0
[NoOp];0
[Move(S)];20
[Move(E)];0
[Move(E)];0
[Move(S)];0
[Move(E)];0
[Move(S)];0
[Pull(E,S)];0
[Push(W,N)];0
[Push(N,N)];0
[Push(N,W)];0
[Push(W,W)];0
[Push(W,W)];0
[NoOp];0
[Move(E)];15
[Move(S)];0
[Move(E)];0
[Move(S)];6
[Move(S)];0
[Pull(E,S)];0
[Push(W,W)];0
[Push(W,W)];0
[Push(W,W)];0
[Push(W,W)];0
[Push(W,N)];0
[Push(N,N)];0
[Push(N,N)];0
[Push(N,W)];0
[NoOp];0
[Move(S)];54
[Move(S)];0
[Move(S)];0
[Move(E)];0
[Move(E)];0
[Move(E)];0
[Move(S)];0
[Move(E)];0
[Pull(N,S)];0
[Pull(W,S)];0
[Push(E,N)];0
[Push(N,N)];0
[Push(N,N)];0
[Push(N,W)];0
[Push(W,W)];0
[Push(W,N)];0
[Push(N,N)];0
[Push(N,W)];0
[Push(W,W)];0
[Push(W,W)];0
[Push(W,S)];0
[NoOp];0
[NoOp];18
[Move(E)];3
[Move(E)];0
[Move(E)];0
[Move(E)];0
[Move(E)];0
[Move(E)];0
[Push(E,S)];0
[Push(E,S)];1
[Push(E,S)];4
[Push(S,S)];1
[Push(S,W)];0
[Move(N)];2
[Move(N)];0
[Pull(W,E)];0
[Push(E,S)];0
[Push(S,S)];0
[Push(S,S)];0
[Push(S,W)];0
[Push(S,S)];0
[Move(N)];5
[Move(N)];0
[Move(N)];0
[Move(N)];0
[Move(E)];0
[Pull(W,E)];0
[Pull(W,E)];0
[Push(E,S)];0
[Push(S,S)];0
[Push(S,S)];0
[Push(S,S)];0
[Push(S,E)];0
[Push(E,E)];0
[Push(E,E)];0
[Push(E,E)];0
[Push(E,E)];0
[NoOp];0
[Move(W)];4
[Move(W)];0
[Move(W)];0
[Move(W)];0
[Move(W)];0
[Push(N,E)];0
[Push(E,S)];0
[Push(S,E)];0
[Push(E,E)];0
[Push(E,E)];0
[Push(E,E)];1
[NoOp];0
[Move(W)];5
[Move(W)];0
[Move(W)];0
[Move(W)];0
[Move(N)];0
[Push(N,E)];0
[Push(E,S)];0
[Push(S,S)];0
[Push(S,E)];0
[Push(E,E)];0
[Push(E,E)];0
[NoOp];0
[Move(W)];14
[Move(W)];0
[Move(W)];0
[Move(N)];0
[Move(N)];0
[Push(N,E)];0
[Push(E,S)];0
[Push(S,S)];0
[Push(S,S)];0
[Push(S,E)];0
[Push(E,E)];0
[NoOp];0
[Move(W)];1
[Move(N)];0
[Move(N)];0
[Move(N)];0
[Move(W)];0
[Push(W,S)];0
[Push(S,S)];0
[Push(S,E)];0
[Push(E,E)];0
[Push(E,S)];0
[Push(S,E)];0
[NoOp];0
[NoOp];9
[Move(W)];5
[Move(S)];0
[Move(S)];0
[Move(E)];0
[Move(E)];0
[Move(E)];0
[Move(E)];0
[Move(E)];0
[Move(E)];0
[Move(E)];0
[Move(E)];0
[Move(N)];0
[Move(N)];0
[Move(N)];0
[Move(N)];0
[Move(W)];0
[Pull(E,W)];0
[Pull(S,W)];0
[Pull(S,N)];0
[Pull(S,N)];0
[Pull(S,N)];0
[Pull(S,N)];0
[Pull(S,N)];0
[Move(W)];4
[Move(W)];0
[Move(N)];0
[Move(N)];0
[Move(W)];0
[Move(W)];0
[Move(W)];0
[Move(W)];0
[Move(W)];0
[Pull(S,N)];0
[Push(N,E)];0
[Push(E,E)];0
[Push(E,E)];0
[Push(E,E)];0
[Push(E,E)];0
[Push(E,E)];0
[Push(E,E)];0
[Push(E,N)];0
[Push(N,N)];0
[Push(N,N)];0
[Push(N,N)];0
[Push(N,W)];0
[Push(W,W)];0
[Push(W,W)];0
[Push(W,W)];0
[Push(W,W)];0
7956be741067b79764e6bace36e6af94dbd0102e
successful
541
210
1f08d5cc337259acd0b14ec689b2b2c0bd51cb1a
1495039429333
