++++++++++++++++++++
+0            B D  +
+a++++++++b+++++++c+
+ +      + +     + +
+ +      + +     + +
+ +      + +     + +
+ +      + +     + +
+ +      + +     + +
+d++++++++ +++++++e+
+C    A       E    +
++++++++++++++++++++

[Move(E)];336
[Move(E)];1
[Move(E)];0
[Move(E)];0
[Move(E)];0
[Move(E)];0
[Move(E)];0
[Move(E)];0
[Move(E)];0
[Move(S)];0
[Move(S)];0
[Move(S)];0
[Move(S)];1
[Move(S)];0
[Move(S)];0
[Move(S)];0
[Move(S)];0
[Move(W)];0
[Move(W)];0
[Move(W)];0
[Pull(E,W)];0
[Pull(E,W)];1
[Pull(E,W)];0
[Pull(E,W)];0
[Push(W,N)];0
[Push(N,N)];0
[Push(N,N)];0
[Push(N,N)];0
[Push(N,N)];0
[Push(N,N)];0
[Push(N,N)];0
[Push(N,N)];0
[Push(N,W)];0
[Push(W,W)];0
[Push(W,W)];0
[Push(W,W)];0
[Push(W,W)];0
[Push(W,W)];0
[Push(W,W)];1
[Push(W,W)];0
[Push(W,W)];0
[Push(W,S)];1
[NoOp];0
[NoOp];22
[Move(E)];8
[Move(E)];0
[Move(E)];0
[Move(E)];0
[Move(E)];0
[Move(E)];0
[Move(E)];0
[Move(E)];0
[Move(E)];0
[Move(E)];0
[Move(E)];0
[Move(E)];4
[Pull(W,E)];0
[Pull(W,E)];0
[Pull(W,E)];0
[Pull(W,E)];0
[Push(E,S)];0
[Push(S,S)];0
[Push(S,S)];0
[Push(S,S)];0
[Push(S,S)];0
[Push(S,S)];0
[Push(S,S)];0
[Push(S,S)];0
[Push(S,W)];0
[Push(W,W)];0
[Push(W,W)];0
[Push(W,W)];0
[Push(W,W)];0
[Push(W,W)];0
[Push(W,W)];0
[Push(W,W)];0
[NoOp];7
[NoOp];4
[NoOp];11
[NoOp];1
[Move(E)];3
[Move(E)];0
[Move(E)];0
[Move(E)];0
[Move(E)];0
[Move(E)];0
[Move(E)];0
[Move(E)];0
[Move(E)];0
[Move(E)];0
[Pull(W,E)];0
[Pull(W,E)];0
[Pull(W,E)];0
[Pull(W,E)];0
[Push(E,N)];0
[Push(N,N)];0
[Push(N,N)];0
[Push(N,N)];0
[Push(N,N)];0
[Push(N,N)];0
[Push(N,N)];0
[Push(N,N)];0
[NoOp];6
[Pull(S,N)];1
[Pull(S,N)];0
[Pull(S,N)];0
[Pull(S,N)];0
[Pull(S,N)];0
[Pull(S,N)];0
[Pull(S,N)];0
[Pull(W,N)];0
[Push(E,E)];0
[NoOp];3
[Pull(W,E)];2
[Push(E,N)];0
[Push(N,N)];0
[Push(N,N)];0
[Push(N,N)];0
[Push(N,N)];0
[Push(N,N)];0
[Push(N,N)];0
[Push(N,N)];0
[Move(S)];5
[Move(S)];0
[Move(S)];0
[Move(S)];0
[Move(S)];0
[Move(S)];0
[Move(S)];0
[Move(W)];0
[Move(W)];0
[Move(W)];0
[Move(W)];0
[Move(W)];0
[Move(W)];0
[Move(W)];0
[Pull(E,W)];0
[Pull(E,W)];0
[Pull(E,W)];0
[Pull(E,W)];0
[Pull(E,W)];0
[Pull(E,W)];0
[Pull(E,W)];0
[Pull(E,W)];0
[Push(W,N)];0
[Push(N,N)];1
[Push(N,N)];0
[Push(N,N)];0
[Push(N,N)];0
[Push(N,N)];0
[Push(N,N)];0
[NoOp];0
[Move(S)];4
[Move(S)];0
[Move(S)];0
[Move(S)];0
[Move(S)];0
[Move(S)];0
[Move(W)];0
[Move(W)];0
[Move(W)];0
[Move(W)];0
[Move(W)];0
[Move(W)];0
[Move(W)];0
[Move(W)];0
[Pull(E,W)];0
[Pull(E,W)];0
[Pull(E,W)];0
[Pull(E,W)];0
[Pull(E,W)];0
[Pull(E,W)];0
[Pull(E,W)];0
[Pull(E,W)];0
[Pull(N,W)];0
[Push(S,E)];0
[Push(E,E)];0
[Push(E,E)];0
[Push(E,E)];0
[Push(E,E)];0
[Push(E,E)];0
[Push(E,E)];0
[Push(E,E)];0
[Push(E,N)];0
[Push(N,N)];0
[Push(N,N)];0
[Push(N,N)];0
[Push(N,N)];0
[Push(N,N)];0
[Push(N,N)];0
[NoOp];0
[NoOp];6
[Pull(S,N)];3
[Pull(S,N)];0
[Pull(S,N)];0
[Pull(S,N)];0
[Pull(S,N)];0
[Pull(S,N)];0
[Pull(W,N)];0
[Pull(W,E)];0
[Pull(W,E)];0
[Pull(W,E)];0
[Pull(W,E)];0
[Pull(W,E)];0
[Pull(W,E)];0
[Pull(W,E)];0
[Pull(W,E)];0
[Push(E,N)];0
[Move(E)];18
[Move(E)];0
[Move(E)];0
[Move(E)];0
[Move(E)];0
[Move(E)];0
[Move(E)];0
[Move(E)];0
[Move(N)];0
[Move(N)];0
[Move(N)];0
[Move(N)];0
[Move(N)];0
[Move(N)];0
[Move(N)];0
[Move(N)];0
[Move(W)];0
[Pull(E,W)];0
[Pull(S,W)];0
[Pull(S,N)];0
[Pull(S,N)];0
[Pull(S,N)];0
[Pull(S,N)];0
[Pull(S,N)];0
[Pull(S,N)];0
[Pull(S,N)];0
[Pull(W,N)];0
[Pull(W,E)];0
[Pull(W,E)];0
[Pull(W,E)];0
[Pull(W,E)];0
[Pull(W,E)];0
[Pull(W,E)];0
[Pull(W,E)];0
[Pull(W,E)];0
[Pull(W,E)];0
[Pull(W,E)];0
[Pull(W,E)];0
[Pull(W,E)];0
[Pull(W,E)];0
[Pull(W,E)];0
[Pull(W,E)];0
[Pull(W,E)];0
[Pull(N,E)];0
[NoOp];26
[Push(S,E)];2
[Push(E,E)];0
[Push(E,E)];0
[Push(E,E)];0
[Push(E,E)];0
[Push(E,E)];0
[Push(E,E)];0
[Push(E,E)];0
[Push(E,E)];0
[Push(E,E)];0
[Push(E,E)];0
[Push(E,E)];0
[Push(E,E)];0
[Push(E,E)];0
[Push(E,E)];0
[Push(E,E)];0
[Push(E,E)];0
[Push(E,N)];0
[Push(N,N)];0
[Push(N,N)];0
[Push(N,N)];0
[Push(N,N)];0
[Push(N,N)];0
[Push(N,N)];0
[Push(N,N)];0
[Pull(S,N)];7
[Pull(S,N)];0
[Pull(S,N)];0
[Pull(S,N)];0
[Pull(S,N)];0
[Pull(S,N)];0
[Pull(S,N)];0
[Pull(W,N)];0
[Pull(W,E)];0
[Pull(W,E)];0
[Pull(W,E)];0
[Pull(W,E)];0
[Pull(W,E)];0
[Pull(W,E)];0
[Pull(W,E)];0
[Pull(W,E)];0
[Pull(W,E)];0
[Pull(W,E)];0
[Pull(W,E)];0
[Pull(W,E)];0
[Pull(W,E)];0
[Pull(W,E)];0
[Pull(W,E)];0
[Pull(W,E)];0
[Pull(N,E)];0
[Pull(N,S)];0
[NoOp];0
[NoOp];1
[Move(N)];1
[Move(N)];0
[Move(N)];0
[Move(N)];0
[Push(N,N)];0
[Push(N,E)];0
[Push(E,E)];0
[Push(E,E)];0
[Push(E,E)];0
[NoOp];1
[Push(E,E)];4
[Pull(W,E)];0
[Pull(W,E)];0
[Pull(W,E)];0
[Pull(W,E)];0
[Pull(S,E)];0
[Pull(S,N)];0
[NoOp];0
[NoOp];0
[Push(N,N)];0
[NoOp];2
[Push(N,E)];1
[Pull(S,E)];0
[Pull(S,N)];0
[NoOp];0
[NoOp];3
[Pull(S,N)];1
[NoOp];2
[Push(N,N)];1
[NoOp];0
[NoOp];2
[Pull(S,N)];0
[Pull(S,N)];0
[NoOp];2
[Pull(S,N)];0
[Push(N,N)];1
[Push(N,N)];0
[Push(N,N)];0
[NoOp];0
[NoOp];2
[Push(N,N)];1
[Push(N,E)];0
[Push(E,E)];0
[Push(E,E)];0
[NoOp];4
[Pull(W,E)];2
[Pull(W,E)];1
[Pull(S,E)];0
[Pull(S,N)];0
[NoOp];1
[NoOp];2
[Pull(S,N)];1
[Pull(S,N)];0
[Pull(S,N)];0
[Pull(S,N)];0
[NoOp];3
[Push(S,S)];1
[Move(N)];0
[Pull(S,N)];1
[NoOp];2
[Push(S,E)];2
[Move(N)];0
[Pull(S,N)];1
[NoOp];0
[Push(N,N)];1
[Push(N,N)];0
[Push(N,N)];0
[Push(N,N)];1
[Push(N,N)];0
[Push(N,N)];0
[Push(N,N)];0
[Push(N,E)];0
[Push(E,E)];0
[Push(E,E)];0
[Push(E,E)];1
[Push(E,E)];0
[Push(E,E)];0
[Move(W)];2
[Move(W)];0
[Move(W)];1
[Move(W)];0
[Move(W)];0
[Move(S)];0
[Move(S)];1
[Move(S)];0
[Move(S)];0
[Move(S)];0
[Move(S)];0
[Move(S)];0
[Move(S)];0
[Pull(N,E)];0
[Pull(N,S)];0
[NoOp];0
[NoOp];3
[Move(N)];1
[Move(N)];0
[Move(N)];0
[Move(N)];0
[Move(N)];0
[Move(N)];0
[Move(E)];0
[Move(E)];0
[Move(E)];0
[Move(E)];0
[Move(E)];0
[Push(E,E)];0
[Push(E,E)];1
[NoOp];1
[Pull(W,E)];0
[NoOp];2
[NoOp];2
[NoOp];1
[NoOp];1
[NoOp];2
[NoOp];2
[NoOp];1
[NoOp];2
[NoOp];2
[NoOp];2
[NoOp];2
[NoOp];56
[Push(E,E)];1
[NoOp];2
[Pull(W,E)];7
[NoOp];1
[Pull(W,E)];1
[NoOp];2
[Pull(W,E)];0
[NoOp];2
[Pull(W,E)];0
[NoOp];1
[Pull(W,E)];0
[NoOp];2
[Pull(W,E)];0
[Pull(W,E)];1
[Pull(S,E)];0
[Pull(S,N)];0
[NoOp];0
[NoOp];2
[Push(N,N)];1
[NoOp];2
[Push(N,E)];0
[Pull(S,E)];0
[Pull(S,N)];0
[NoOp];0
[NoOp];2
[Pull(S,N)];0
[NoOp];2
[Push(N,N)];0
[NoOp];0
[NoOp];2
[Pull(S,N)];1
[Pull(S,N)];0
[NoOp];2
[Pull(S,N)];1
[NoOp];2
[Pull(S,N)];0
[NoOp];2
[Push(S,S)];1
[Move(N)];0
[Pull(S,N)];0
[NoOp];2
[Push(S,E)];1
[Move(N)];0
[Pull(S,N)];0
[NoOp];0
[Push(E,E)];1
[Move(W)];0
[Pull(E,N)];0
[NoOp];0
[Push(E,E)];1
[Move(W)];0
[Pull(E,W)];0
[NoOp];1
[Push(E,E)];1
[Move(W)];0
[Pull(E,W)];0
[NoOp];1
[Push(E,E)];1
[Move(W)];0
[Pull(E,W)];0
[NoOp];0
[Push(E,E)];1
[Move(W)];0
[Pull(E,W)];0
[NoOp];5
[Push(E,E)];1
[Move(W)];0
[Pull(E,W)];0
[NoOp];1
[Push(E,E)];0
[Move(W)];0
[Pull(E,W)];0
[NoOp];1
[Push(E,E)];1
[Move(W)];0
[Pull(E,W)];0
[NoOp];1
[Push(E,E)];1
[Move(W)];0
[Pull(E,W)];0
[NoOp];1
[Push(N,N)];0
[NoOp];1
[Push(N,N)];0
[Push(N,N)];0
[Push(N,N)];0
[Push(N,N)];0
[Move(S)];3
[Move(S)];0
[Move(S)];0
[Move(S)];0
[Move(S)];0
[Push(W,W)];0
[Move(E)];0
[Pull(W,E)];0
[Push(E,N)];0
[Push(N,N)];0
[Push(N,N)];0
[Push(N,N)];0
[Push(N,N)];0
[Move(S)];93
[Move(S)];0
[Move(S)];0
[Move(S)];0
[Move(E)];0
[Move(E)];0
[Move(E)];0
[Move(E)];0
[Move(E)];0
[Move(E)];0
[Move(E)];0
[Move(E)];0
[Move(N)];0
[Move(N)];0
[Move(N)];0
[Move(N)];0
[Move(N)];0
[Move(N)];0
[Move(N)];0
[Move(N)];0
[Move(W)];0
[Move(W)];0
[Move(W)];0
[Move(W)];0
[Move(W)];0
[Move(W)];0
[Move(W)];0
[Pull(E,W)];0
[Pull(E,W)];0
[Pull(E,W)];0
[Pull(E,W)];0
[Pull(E,W)];0
[Pull(E,W)];0
[Pull(E,W)];0
[Pull(S,W)];0
[Pull(S,N)];1
[Pull(S,N)];0
[Pull(S,N)];0
[Pull(S,N)];0
[Pull(S,N)];0
[Pull(S,N)];0
[Pull(S,N)];0
[NoOp];0
[NoOp];547
[Pull(W,N)];71
[Pull(W,E)];0
[Pull(W,E)];0
[Pull(W,E)];0
[Pull(W,E)];0
[Pull(W,E)];0
[Pull(W,E)];0
[Pull(W,E)];0
[Pull(W,E)];0
[Push(E,N)];0
[Move(W)];0
[Pull(E,W)];0
[Pull(E,W)];0
[Pull(E,W)];0
[Pull(E,W)];0
[Pull(E,W)];0
[Pull(E,W)];0
[Pull(E,W)];0
[Pull(E,W)];0
[Pull(E,W)];0
[Pull(N,W)];0
[Pull(N,S)];0
[Pull(N,S)];0
[Pull(N,S)];0
[Pull(N,S)];0
[Pull(N,S)];0
[Pull(N,S)];0
[Pull(N,S)];0
[Pull(W,S)];0
[NoOp];0
[Push(E,S)];0
[Pull(W,S)];106
[Pull(W,E)];0
[Pull(W,E)];0
[Pull(W,E)];0
[Pull(W,E)];0
[Pull(W,E)];0
[Pull(W,E)];0
[Pull(W,E)];0
[Pull(W,E)];0
[Pull(W,E)];0
[Pull(W,E)];0
[Pull(W,E)];0
[Move(W)];0
[Move(W)];0
[Move(W)];0
[Move(W)];0
[Move(W)];0
[Move(S)];0
[Move(S)];0
[Move(S)];0
[Move(S)];0
[Move(S)];0
[Move(S)];0
[Move(S)];0
[Move(S)];0
[Move(E)];0
[Move(E)];0
[Move(E)];0
[Move(E)];0
[Move(E)];0
[Move(E)];0
[Move(E)];0
[Move(E)];0
[Move(E)];0
[Pull(E,N)];0
[Push(W,W)];0
[Push(W,W)];0
[Push(W,W)];0
[Push(W,W)];0
[Push(W,W)];0
[Push(W,W)];0
[Push(W,W)];0
[Push(W,W)];0
[Push(W,W)];0
[Push(W,N)];0
[Push(N,N)];0
[Push(N,N)];0
[Push(N,N)];0
[Push(N,N)];0
[Push(N,N)];0
[Push(N,N)];0
[NoOp];0
[Pull(S,N)];0
[Pull(S,N)];0
[Pull(S,N)];0
[Pull(S,N)];0
[Pull(S,N)];0
[Pull(S,N)];0
[Pull(E,N)];0
[Pull(E,W)];0
[Pull(E,W)];0
[Pull(E,W)];0
[Pull(E,W)];0
[Pull(E,W)];0
[Pull(E,W)];0
[Pull(E,W)];0
[Pull(E,W)];0
[Pull(E,W)];0
[Push(W,N)];0
[Move(W)];0
[Move(W)];0
[Move(W)];0
[Move(W)];0
[Move(W)];0
[Move(W)];0
[Move(W)];0
[Move(W)];0
[Move(W)];0
[Move(N)];0
[Move(N)];0
[Move(N)];0
[Move(N)];0
[Move(N)];0
[Move(N)];0
[Move(N)];0
[Move(N)];0
[Move(E)];0
[Move(E)];0
[Move(E)];0
[Move(E)];0
[Move(E)];0
[Push(E,E)];0
[Push(E,E)];0
[Push(E,E)];0
[Push(E,E)];0
[Push(E,E)];0
[Push(E,E)];0
[Push(E,E)];0
[Push(E,E)];0
[Push(E,E)];0
[Push(E,E)];0
[Push(E,E)];0
[Push(E,S)];0
[Push(S,S)];0
[Push(S,S)];0
[Push(S,S)];0
[Push(S,S)];0
[Push(S,S)];0
[Push(S,S)];0
[Push(S,S)];0
[Move(N)];0
[Move(N)];0
[Move(N)];0
[Move(N)];0
[Move(N)];0
[Move(N)];0
[Move(N)];0
[Move(W)];0
[Move(W)];0
[Move(W)];0
[Move(W)];0
[Move(W)];0
[Move(W)];0
[Move(W)];0
[Move(W)];0
[Pull(W,S)];0
[Push(E,E)];0
[Push(E,E)];0
[Push(E,E)];1
[Push(E,E)];0
[Push(E,E)];0
[Push(E,E)];0
[Push(E,E)];0
[Push(E,E)];0
[Push(E,S)];0
[Push(S,S)];0
[Push(S,S)];0
[Push(S,S)];0
[Push(S,S)];0
[Push(S,S)];0
[Push(S,S)];0
[NoOp];0
[Pull(N,S)];0
[Pull(N,S)];0
[Pull(N,S)];0
[Pull(N,S)];0
[Pull(N,S)];0
[Pull(N,S)];0
[Pull(W,S)];0
[Pull(W,E)];0
[Pull(W,E)];0
[Pull(W,E)];0
[Pull(W,E)];0
[Pull(W,E)];0
[Pull(W,E)];0
[Pull(W,E)];0
[Pull(W,E)];0
[Push(E,S)];0
[Move(E)];0
[Move(E)];0
[Move(E)];0
[Move(E)];0
[Move(E)];0
[Move(E)];0
[Move(E)];0
[Move(E)];0
[Move(S)];0
[Move(S)];0
[Move(S)];0
[Move(S)];0
[Move(S)];0
[Move(S)];0
[Move(S)];0
[Pull(N,S)];0
[Pull(N,S)];0
[Pull(N,S)];599
[Pull(N,S)];0
[Pull(N,S)];0
[Move(N)];0
[Move(N)];0
[Move(W)];0
[Move(W)];0
[Move(W)];0
[Move(W)];0
[Move(W)];0
[Move(W)];0
[Move(W)];0
[Move(W)];0
[Move(W)];0
[Move(W)];0
[Move(W)];0
[Move(W)];0
[Move(W)];0
[Move(W)];0
[Move(W)];0
[Move(W)];0
[Move(W)];0
[Move(S)];0
[Move(S)];0
[Move(S)];0
[Move(S)];0
[Move(S)];0
[Move(S)];0
[Move(S)];0
[Move(S)];0
[Move(E)];0
[Move(E)];0
[Move(E)];0
[Move(E)];0
[Move(E)];0
[Move(E)];0
[Move(E)];0
[Move(E)];0
[Move(E)];0
[Pull(E,N)];0
[Push(W,W)];0
[Push(W,W)];0
[Push(W,W)];0
[Push(W,W)];0
[Push(W,W)];0
[Push(W,W)];0
[Push(W,W)];0
[Push(W,W)];0
[Push(W,W)];0
[Push(W,N)];0
[Push(N,N)];0
[Push(N,N)];0
[Push(N,N)];0
[Push(N,N)];0
[Push(N,N)];0
[Push(N,N)];0
[Push(N,N)];0
[Push(N,E)];0
[Push(E,E)];0
[Push(E,E)];0
[Push(E,E)];0
[Push(E,E)];0
[Push(E,E)];0
[Push(E,E)];0
[Push(E,E)];0
[Push(E,E)];0
[Push(E,E)];0
[Push(E,E)];0
[Push(E,E)];0
[Push(E,E)];0
[Push(E,E)];0
[Push(E,E)];0
[Push(E,E)];0
[Push(E,E)];0
[Push(E,S)];0
[Pull(W,S)];0
[Pull(W,E)];0
[Pull(W,E)];0
[Pull(W,E)];0
[Pull(W,E)];0
[Pull(W,E)];0
[Pull(W,E)];0
[Pull(W,E)];0
[Pull(W,E)];0
[Pull(W,E)];0
[Pull(W,E)];0
[Pull(W,E)];0
[Pull(W,E)];0
[Pull(W,E)];0
[Pull(W,E)];0
[Pull(W,E)];0
[Pull(W,E)];0
[Pull(S,E)];0
[Pull(S,N)];0
[Pull(S,N)];0
[Pull(S,N)];0
[Pull(S,N)];0
[Pull(S,N)];0
[Pull(S,N)];0
[Pull(S,N)];0
[Pull(E,N)];0
[Pull(E,W)];0
[Pull(E,W)];0
[Pull(E,W)];0
[Pull(E,W)];0
[Pull(E,W)];0
[Pull(E,W)];0
[Pull(E,W)];0
[Pull(E,W)];0
[Pull(N,W)];0
[Push(S,E)];0
[Push(E,E)];0
[Push(E,E)];0
[Push(E,E)];0
[Push(E,E)];0
[Push(E,E)];0
[Push(E,E)];0
[Push(E,E)];0
[Push(E,N)];0
[NoOp];0
[NoOp];338
[NoOp];187
[Pull(W,N)];1
[Pull(W,E)];0
[Pull(W,E)];0
[Pull(W,E)];0
[Pull(W,E)];0
[Pull(W,E)];0
[Pull(W,E)];0
[Pull(W,E)];0
[Pull(N,E)];0
[Push(S,W)];0
[Push(W,W)];0
[Push(W,W)];0
[Push(W,W)];0
[Push(W,W)];0
[Push(W,W)];0
[Push(W,W)];0
[Push(W,W)];0
[Push(W,W)];0
[Push(W,N)];0
[Push(N,N)];0
[Push(N,N)];0
[Push(N,N)];0
[Push(N,N)];0
[Push(N,N)];0
[Push(N,N)];0
[NoOp];0
[Pull(S,N)];1
[Pull(S,N)];0
[Pull(S,N)];0
[Pull(S,N)];0
[Pull(S,N)];0
[Pull(S,N)];0
[Pull(E,N)];0
[Pull(E,W)];0
[Pull(E,W)];0
[Pull(E,W)];0
[Pull(E,W)];0
[Pull(E,W)];0
[Pull(E,W)];0
[Pull(E,W)];0
[Pull(E,W)];0
[Pull(N,W)];0
[Push(S,E)];0
[Push(E,E)];0
[Push(E,E)];0
[Push(E,E)];0
[Push(E,E)];0
[Push(E,E)];0
[Push(E,E)];0
[Push(E,E)];0
[Push(E,N)];0
[Move(W)];47
[Move(W)];0
[Move(W)];0
[Move(W)];0
[Move(W)];0
[Move(W)];0
[Move(W)];0
[Move(W)];0
[Move(W)];0
[Move(W)];0
[Move(W)];0
[Move(W)];0
[Move(W)];0
[Move(W)];0
[Move(W)];0
[Move(W)];0
[Move(W)];0
[Move(N)];0
[Move(N)];0
[Move(N)];0
[Move(N)];0
[Move(N)];0
[Move(N)];0
[Move(N)];0
[Move(N)];0
[Move(E)];0
[Move(E)];0
[Move(E)];0
[Move(E)];0
[Move(E)];0
[Move(E)];0
[Move(E)];0
[Move(E)];0
[Move(E)];0
[Pull(E,S)];0
[Push(W,W)];0
[Push(W,W)];0
[Push(W,W)];0
[Push(W,W)];0
[Push(W,W)];0
[Push(W,W)];0
[Push(W,W)];0
[Push(W,W)];0
[Push(W,W)];0
[Push(W,S)];0
[Push(S,S)];0
[Push(S,S)];0
[Push(S,S)];0
[Push(S,S)];0
[Push(S,S)];0
[Push(S,S)];0
[NoOp];0
[Pull(N,S)];0
[Pull(N,S)];0
[Pull(N,S)];0
[Pull(N,S)];0
[Pull(N,S)];0
[Pull(N,S)];0
[Pull(E,S)];0
[Pull(E,W)];0
[Pull(E,W)];0
[Pull(E,W)];0
[Pull(E,W)];0
[Pull(E,W)];0
[Pull(E,W)];0
[Pull(E,W)];0
[Pull(E,W)];0
[Pull(S,W)];0
[Push(N,E)];0
[Push(E,E)];0
[Push(E,E)];0
[Push(E,E)];0
[Push(E,E)];0
[Push(E,E)];0
[Push(E,E)];0
[Push(E,E)];0
[Push(E,S)];0
[Pull(W,S)];5
[Pull(W,E)];0
[Pull(W,E)];0
[Move(W)];0
[Move(W)];0
[Move(W)];0
[Move(W)];0
[Move(W)];0
[Move(S)];0
[Pull(N,S)];0
[Pull(W,S)];0
[Push(E,E)];0
[Move(S)];0
[Move(S)];0
[Push(S,S)];0
[Push(S,S)];0
[Push(S,S)];0
[Push(S,S)];0
[Push(S,S)];0
[Push(S,W)];0
[Push(W,W)];0
[Push(W,W)];0
[Push(W,W)];0
[Push(W,W)];0
[Push(W,W)];1
[Push(W,W)];0
[Push(W,W)];0
[Push(W,W)];0
[Push(W,N)];0
[NoOp];0
[NoOp];0
[Move(E)];0
[Move(E)];0
[Move(E)];0
[Move(E)];0
[Move(E)];0
[Move(E)];0
[Move(E)];0
[Move(E)];0
[Move(E)];0
[Move(N)];0
[Move(N)];0
[Move(N)];1
[Move(N)];1
[Move(N)];0
[Move(N)];0
[Move(N)];0
[Move(N)];0
[Pull(W,E)];0
[Push(E,S)];0
[Push(S,S)];0
[Push(S,S)];0
[Push(S,S)];0
[Push(S,S)];0
[Push(S,S)];0
[Push(S,S)];0
[Push(S,S)];0
[Push(S,W)];0
[Push(W,W)];0
[Push(W,W)];0
[Push(W,W)];0
[Push(W,W)];0
[Push(W,W)];0
[Push(W,W)];0
[Push(W,W)];0
[Move(E)];0
[Move(E)];0
[Move(E)];0
[Move(E)];0
[Move(E)];0
[Move(E)];0
[Move(E)];0
[Move(N)];0
[Move(N)];0
[Move(N)];0
[Move(N)];0
[Move(N)];0
[Move(N)];0
[Move(N)];1
[Move(N)];0
[Move(E)];0
[Move(E)];0
[Move(E)];0
[Move(E)];0
[Move(E)];0
[Pull(W,E)];0
[Pull(W,E)];0
[Pull(W,E)];0
[Pull(W,E)];0
[Pull(W,E)];0
[Pull(S,E)];0
[Pull(S,N)];0
[NoOp];0
[NoOp];0
[NoOp];0
[NoOp];0
[NoOp];0
[NoOp];0
[NoOp];0
[NoOp];2
[NoOp];1
[NoOp];1
[NoOp];1
[NoOp];9
[NoOp];10
[NoOp];0
[NoOp];0
[NoOp];0
[NoOp];0
[NoOp];0
[NoOp];1
[NoOp];2
[NoOp];1
[NoOp];3
[NoOp];14
[NoOp];1
[NoOp];2
[NoOp];1
[NoOp];2
[NoOp];2
[NoOp];1
[NoOp];6
[NoOp];0
[NoOp];1
[NoOp];2
[NoOp];17
[NoOp];1
[NoOp];4
[NoOp];0
[NoOp];3
[NoOp];2
[NoOp];4
[NoOp];2
[NoOp];3
[NoOp];1
[NoOp];2
[NoOp];18
[NoOp];1
[NoOp];2
[NoOp];1
[NoOp];2
[NoOp];1
[NoOp];1
[NoOp];2
[NoOp];3
[NoOp];1
[NoOp];2
[NoOp];9
[NoOp];0
[NoOp];1
[NoOp];0
[NoOp];2
[NoOp];1
[NoOp];1
[NoOp];1
[NoOp];1
[NoOp];1
[NoOp];1
[NoOp];8
[NoOp];0
[NoOp];1
[NoOp];2
[NoOp];1
[NoOp];1
[NoOp];2
[NoOp];2
[NoOp];1
[NoOp];1
[NoOp];1
[NoOp];9
[NoOp];0
[NoOp];0
[NoOp];1
[NoOp];1
[NoOp];1
[NoOp];2
[NoOp];2
[NoOp];1
[NoOp];2
[NoOp];2
[NoOp];13
[NoOp];1
[NoOp];1
[NoOp];1
[NoOp];1
[NoOp];4
[NoOp];0
[NoOp];1
[NoOp];3
[NoOp];0
[NoOp];1
[NoOp];12
[NoOp];1
[NoOp];2
[NoOp];1
[NoOp];1
[NoOp];2
[NoOp];1
[NoOp];1
[NoOp];1
[NoOp];1
[NoOp];1
[NoOp];9
[NoOp];1
[NoOp];1
[NoOp];1
[NoOp];1
[NoOp];1
[NoOp];1
[NoOp];1
[NoOp];1
[NoOp];1
[NoOp];1
[NoOp];10
[NoOp];1
[NoOp];1
[NoOp];1
[NoOp];2
[NoOp];0
[NoOp];1
[NoOp];1
[NoOp];12
[NoOp];0
[NoOp];1
e970415261451c24ef8a434725c754aaf6e12e26
unsuccessful
2980
1251
e1131fc7f645dbc9e320451cf993ced7b2e15a40
1495039445850
