++++++++++++++
+A    ++++AAA+
+ ++        a+
++++  A   + A+
++A+0+++  + ++
++++++aaa  a++
++a+Aa  + + ++
+   +aaaa  A +
+B  +aa   A  +
+cA +  +++   +
+C+ +++      +
+b+  AAA     +
++++++++++++++

[Move(N)];288
[Move(E)];0
[Push(E,E)];0
[Push(E,E)];0
[Push(E,S)];0
[Push(S,S)];1
[NoOp];1
[Move(E)];16
[Move(S)];0
[Move(S)];0
[Move(S)];0
[Move(W)];0
[Move(W)];0
[Move(W)];0
[Move(N)];0
[Move(W)];0
[Pull(S,W)];1
[Push(N,E)];0
[Push(E,N)];0
[Push(N,E)];1
[NoOp];0
[Move(S)];27
[Move(E)];0
[Move(S)];0
[Move(E)];0
[Move(E)];0
[Move(E)];0
[Pull(W,E)];0
[Pull(W,E)];0
[Pull(W,E)];0
[Pull(W,E)];0
[Pull(N,E)];0
[Pull(W,S)];0
[Push(E,N)];0
[NoOp];0
[Move(S)];12
[Move(S)];5
[Move(E)];1
[Move(E)];1
[Move(E)];0
[Push(E,N)];0
[Push(N,W)];0
[Push(W,W)];0
[Push(W,W)];0
[Push(W,W)];0
[Push(W,W)];1
[Push(W,N)];0
[NoOp];0
[Move(E)];18
[Move(E)];0
[Move(E)];0
[Move(E)];0
[Move(N)];1
[Move(N)];0
[Move(N)];0
[Move(N)];0
[Move(N)];0
[Move(E)];1
[Pull(E,N)];0
[Push(W,W)];0
[Push(W,S)];0
[Push(S,S)];0
[Push(S,S)];0
[Push(S,S)];0
[Push(S,S)];0
[Push(S,W)];0
[Push(W,W)];0
[Push(W,W)];0
[Push(W,W)];0
[NoOp];1
[Move(E)];13
[Move(E)];0
[Move(E)];0
[Move(E)];0
[Move(E)];0
[Move(N)];0
[Move(N)];0
[Move(N)];0
[Move(N)];1
[Pull(S,E)];0
[Pull(S,N)];0
[Pull(W,N)];0
[Push(E,S)];0
[Push(S,S)];0
[Push(S,W)];0
[Push(W,W)];0
[Push(W,W)];0
[Push(W,W)];0
[Push(W,W)];1
[NoOp];0
[Move(S)];13
[Move(E)];0
[Move(E)];0
[Move(E)];0
[Move(S)];0
[Move(S)];0
[Move(S)];0
[Move(W)];0
[Move(W)];0
[Pull(N,W)];0
[Pull(W,S)];0
[Push(E,E)];0
[Push(E,E)];0
[Push(E,N)];0
[Push(N,N)];0
[Push(N,N)];0
[Push(N,W)];0
[Push(W,W)];0
[Push(W,W)];0
[NoOp];0
[Move(E)];9
[Move(E)];0
[Move(E)];0
[Move(N)];0
[Move(N)];0
[Move(N)];0
[Move(N)];0
[Move(N)];0
[Pull(S,N)];0
[Pull(S,N)];0
[Pull(S,N)];0
[Pull(W,N)];0
[Pull(W,E)];0
[Pull(N,E)];0
[Push(S,S)];0
[Push(S,S)];0
[Push(S,W)];0
[NoOp];0
[Move(S)];7
[Move(E)];0
[Move(S)];0
[Move(S)];0
[Move(W)];0
[Move(W)];0
[Move(W)];0
[Move(S)];0
[Pull(E,W)];0
[Push(W,N)];0
[Push(N,E)];0
[Push(E,E)];0
[Push(E,E)];0
[Push(E,N)];0
[Push(N,N)];0
[Push(N,W)];0
[Push(W,W)];0
[Push(W,W)];0
[Push(W,W)];0
[NoOp];0
[NoOp];18
[Pull(E,W)];4
[Pull(E,W)];0
[Pull(E,W)];0
[Pull(E,W)];0
[Push(W,N)];0
[Move(S)];9
[Move(S)];0
[Move(S)];0
[Move(W)];0
[Move(W)];0
[Move(W)];0
[Move(W)];0
[Pull(E,W)];0
[Pull(E,W)];0
[Pull(E,W)];0
[Pull(E,W)];0
[Pull(N,W)];0
[Pull(N,S)];0
[Pull(N,S)];0
[Pull(W,S)];0
[Pull(N,E)];0
[Push(S,W)];0
[Push(W,W)];0
[Push(W,W)];0
[Push(W,W)];0
[NoOp];0
[Move(E)];4
[Move(E)];0
[Move(E)];0
[Move(N)];0
[Pull(S,E)];0
[Pull(E,N)];0
[Push(W,W)];0
[Push(W,W)];0
[Push(W,W)];0
[NoOp];0
[Move(E)];5
[Move(E)];0
[Move(N)];0
[Move(N)];0
[Move(N)];0
[Move(N)];0
[Move(N)];0
[Move(N)];1
[Move(E)];0
[Move(E)];0
[Move(N)];0
[Push(E,S)];0
[Push(S,W)];0
[Push(W,S)];0
[Push(S,S)];0
[Push(S,S)];0
[NoOp];0
[Move(N)];8
[Move(N)];0
[Move(W)];0
[Move(W)];0
[Move(W)];0
[Move(W)];0
[Move(W)];1
[Move(W)];0
[Move(W)];0
[Move(N)];0
[Move(W)];0
[Move(W)];0
[Pull(E,W)];0
[Pull(E,W)];0
[Pull(S,W)];0
[Push(N,E)];0
[Push(E,S)];0
[Push(S,E)];0
[Push(E,E)];0
[Push(E,E)];0
[Push(E,E)];0
[Push(E,E)];0
[Push(E,E)];0
[Push(E,E)];3
[NoOp];0
[NoOp];10
[Move(W)];13
[Move(W)];0
[Move(S)];0
[Move(S)];0
[Move(S)];0
[Move(S)];0
[Move(S)];0
[Move(E)];0
[Move(S)];0
[Move(S)];0
[Move(S)];0
[Move(S)];0
[Move(W)];0
[Move(W)];0
[Move(W)];0
[Move(W)];0
[Move(W)];0
[Move(W)];0
[Move(W)];0
[Move(N)];0
[Move(N)];0
[Push(W,N)];0
[Push(N,E)];1
[Move(S)];4
[Move(W)];0
[Pull(E,S)];0
[Pull(E,W)];0
[Push(W,N)];1
[Push(N,N)];0
[Push(N,E)];0
[Move(W)];1
[Push(S,S)];0
[Push(S,S)];0
[Push(S,S)];0
[NoOp];0
[Move(N)];2
[Move(N)];0
[Move(E)];0
[Move(N)];0
[Pull(W,E)];0
[Push(E,S)];0
[Push(S,S)];0
[Push(S,W)];0
[NoOp];0
[Move(E)];1
[Push(N,W)];0
[Push(W,N)];0
[Push(N,N)];0
479c1b98c43f4b5841d835fa5154dc3cbde96e1a
successful
506
276
13a7f37a035a273ec894530b269fe1392ee8e4ca
1495039745859
