blue: 0,A,I,Q
cyan: 1,B,J,R
magenta: 2,C,K,S
orange: 3,D,L,T
pink: 4,E,M,U
yellow: 5,F,N,V
red: 6,G,O,W
green: 7,H,P,X
    +++          +++          +++
    +3+          +7+          +4+
    +F+          +G+          +B+
+++++ ++++++++++++ ++++++++++++ +++++
+2E                0              C5+
+++++ ++++++++++++ ++++++++++++ +++++
    +A+ +++++    + +    +++++ +D+
    +1+ +BOX+    + +    +TOP+ +6+
    +++ ++++++   + +   ++++++ +++
        +    +   + +   +    +
        + Qu +++++ +++++ qU +
        + Rv             rV +
        + Sw +++++ +++++ sW +
        + Tx +   + +   + tX +
        +    +   + +   +    +
    ++++++++++   + +   ++++++++++
    +BUNNY+      + +      +FUNNY+
+++++++++++      + +      +++++++++++
+ AA aa   +      + +      +p+n+l+j+++
+ +++++++ ++++++++ ++++++++ + + + +++
+ +++++++                  PONMLKJIi+
+ +++++++ ++++++++++++++++++ + + ++++
+         +               ++o+m+k++++
+++++++++++               +++++++++++

[Move(W), NoOp, NoOp, NoOp, NoOp, NoOp, NoOp, NoOp];760
[Move(W), NoOp, NoOp, NoOp, NoOp, NoOp, NoOp, NoOp];0
[Move(W), NoOp, NoOp, NoOp, NoOp, NoOp, NoOp, NoOp];0
[Move(W), NoOp, NoOp, NoOp, NoOp, NoOp, NoOp, NoOp];0
[Move(W), NoOp, NoOp, NoOp, NoOp, NoOp, NoOp, NoOp];0
[Move(W), NoOp, NoOp, NoOp, NoOp, NoOp, NoOp, NoOp];0
[Move(W), NoOp, NoOp, NoOp, NoOp, NoOp, NoOp, NoOp];0
[Move(W), NoOp, NoOp, NoOp, NoOp, NoOp, NoOp, NoOp];0
[Move(W), NoOp, NoOp, NoOp, NoOp, NoOp, NoOp, NoOp];0
[Move(W), NoOp, NoOp, NoOp, NoOp, NoOp, NoOp, NoOp];0
[Move(W), NoOp, NoOp, NoOp, NoOp, NoOp, NoOp, NoOp];0
[Move(W), NoOp, NoOp, NoOp, NoOp, NoOp, NoOp, NoOp];0
[Move(W), NoOp, NoOp, NoOp, NoOp, NoOp, NoOp, NoOp];0
[Move(W), NoOp, NoOp, NoOp, NoOp, NoOp, NoOp, NoOp];0
[Move(S), NoOp, NoOp, NoOp, NoOp, NoOp, NoOp, NoOp];0
[Pull(N,S), NoOp, NoOp, NoOp, NoOp, NoOp, NoOp, NoOp];0
[Pull(N,S), NoOp, NoOp, NoOp, NoOp, NoOp, NoOp, NoOp];0
[Push(S,E), NoOp, NoOp, NoOp, NoOp, NoOp, NoOp, NoOp];0
[Push(E,E), Move(N), NoOp, NoOp, NoOp, NoOp, NoOp, NoOp];16
[Push(E,E), Move(N), NoOp, NoOp, NoOp, NoOp, NoOp, NoOp];0
[Push(E,E), Move(N), NoOp, NoOp, NoOp, NoOp, NoOp, NoOp];0
[Push(E,E), Move(E), NoOp, NoOp, NoOp, NoOp, NoOp, NoOp];0
[Push(E,E), Move(E), NoOp, NoOp, NoOp, NoOp, NoOp, NoOp];0
[Push(E,E), Move(E), NoOp, NoOp, NoOp, NoOp, NoOp, NoOp];0
[Push(E,E), Move(E), NoOp, NoOp, NoOp, NoOp, NoOp, NoOp];0
[Push(E,E), Move(E), NoOp, NoOp, NoOp, NoOp, NoOp, NoOp];0
[Push(E,E), Move(E), NoOp, NoOp, NoOp, NoOp, NoOp, NoOp];0
[Push(E,E), Move(E), NoOp, NoOp, NoOp, NoOp, NoOp, NoOp];0
[Push(E,E), Move(E), NoOp, NoOp, NoOp, NoOp, NoOp, NoOp];0
[Push(E,E), Move(E), NoOp, NoOp, NoOp, NoOp, NoOp, NoOp];0
[Push(E,S), Move(E), NoOp, NoOp, NoOp, NoOp, NoOp, NoOp];0
[Push(S,S), Move(E), NoOp, NoOp, NoOp, NoOp, NoOp, NoOp];0
[Push(S,S), Move(E), NoOp, NoOp, NoOp, NoOp, NoOp, NoOp];0
[Push(S,S), Move(E), NoOp, NoOp, NoOp, NoOp, NoOp, NoOp];0
[Push(S,S), Move(E), NoOp, NoOp, NoOp, NoOp, NoOp, NoOp];0
[Push(S,S), Move(E), NoOp, NoOp, NoOp, NoOp, NoOp, NoOp];15
[Push(S,S), Move(E), NoOp, NoOp, NoOp, NoOp, NoOp, NoOp];0
[Push(S,W), Move(E), NoOp, NoOp, NoOp, NoOp, NoOp, NoOp];32
[Push(W,W), Move(E), NoOp, NoOp, NoOp, NoOp, NoOp, NoOp];0
[NoOp, Move(E), NoOp, NoOp, NoOp, NoOp, NoOp, NoOp];0
[NoOp, Move(E), NoOp, NoOp, NoOp, NoOp, NoOp, NoOp];0
[NoOp, Move(E), NoOp, NoOp, NoOp, NoOp, NoOp, NoOp];0
[NoOp, Move(E), NoOp, NoOp, NoOp, NoOp, NoOp, NoOp];0
[NoOp, Move(E), NoOp, NoOp, NoOp, NoOp, NoOp, NoOp];16
[NoOp, Move(E), NoOp, NoOp, NoOp, NoOp, NoOp, NoOp];0
[NoOp, Move(E), NoOp, NoOp, NoOp, NoOp, NoOp, NoOp];0
[NoOp, Move(E), NoOp, NoOp, NoOp, NoOp, NoOp, NoOp];0
[NoOp, Move(N), NoOp, NoOp, NoOp, NoOp, NoOp, NoOp];0
[NoOp, Pull(S,N), NoOp, NoOp, NoOp, NoOp, NoOp, NoOp];0
[NoOp, Pull(E,N), NoOp, NoOp, NoOp, NoOp, NoOp, NoOp];0
[NoOp, Push(W,W), NoOp, NoOp, NoOp, NoOp, NoOp, NoOp];0
[NoOp, Push(W,W), NoOp, NoOp, Move(S), NoOp, NoOp, NoOp];0
[NoOp, Push(W,W), NoOp, NoOp, Move(S), NoOp, NoOp, NoOp];0
[NoOp, Push(W,W), NoOp, NoOp, Move(S), NoOp, NoOp, NoOp];0
[NoOp, Push(W,W), NoOp, NoOp, Move(W), NoOp, NoOp, NoOp];0
[NoOp, Push(W,W), NoOp, NoOp, Move(W), NoOp, NoOp, NoOp];0
[NoOp, Push(W,W), NoOp, NoOp, Move(W), NoOp, NoOp, NoOp];0
[NoOp, Push(W,W), NoOp, NoOp, Move(W), NoOp, NoOp, NoOp];0
[NoOp, Push(W,W), NoOp, NoOp, Move(W), NoOp, NoOp, NoOp];0
[NoOp, Push(W,W), NoOp, NoOp, Move(W), NoOp, NoOp, NoOp];0
[NoOp, Push(W,W), NoOp, NoOp, Move(W), NoOp, NoOp, NoOp];0
[NoOp, Push(W,W), NoOp, NoOp, Move(W), NoOp, NoOp, NoOp];0
[NoOp, Push(W,W), NoOp, NoOp, Move(W), NoOp, NoOp, NoOp];0
[NoOp, Push(W,S), NoOp, NoOp, Move(W), NoOp, NoOp, NoOp];0
[NoOp, Push(S,S), NoOp, NoOp, Move(W), NoOp, NoOp, NoOp];0
[NoOp, Push(S,S), NoOp, NoOp, Move(W), NoOp, NoOp, NoOp];0
[NoOp, Push(S,S), NoOp, NoOp, Move(W), NoOp, NoOp, NoOp];0
[NoOp, Push(S,S), NoOp, NoOp, Move(W), NoOp, NoOp, NoOp];0
[NoOp, Push(S,S), NoOp, NoOp, Move(W), NoOp, NoOp, NoOp];0
[NoOp, Push(S,S), NoOp, NoOp, Move(W), NoOp, NoOp, NoOp];0
[NoOp, Push(S,E), NoOp, NoOp, Move(W), NoOp, NoOp, NoOp];0
[NoOp, Push(E,E), NoOp, NoOp, Move(W), NoOp, NoOp, NoOp];0
[NoOp, NoOp, NoOp, NoOp, Move(W), NoOp, NoOp, NoOp];0
[NoOp, NoOp, NoOp, NoOp, Move(W), NoOp, NoOp, NoOp];0
[NoOp, NoOp, NoOp, NoOp, Move(W), NoOp, NoOp, NoOp];0
[NoOp, NoOp, NoOp, NoOp, Move(W), NoOp, NoOp, NoOp];0
[NoOp, NoOp, NoOp, NoOp, Move(W), NoOp, NoOp, NoOp];0
[NoOp, NoOp, NoOp, NoOp, Move(W), NoOp, NoOp, NoOp];0
[NoOp, NoOp, NoOp, NoOp, Move(W), NoOp, NoOp, NoOp];0
[NoOp, NoOp, NoOp, NoOp, Move(W), NoOp, NoOp, NoOp];0
[NoOp, NoOp, NoOp, NoOp, Move(W), NoOp, NoOp, NoOp];0
[NoOp, NoOp, NoOp, NoOp, Move(W), NoOp, NoOp, NoOp];0
[NoOp, NoOp, NoOp, NoOp, Pull(E,W), NoOp, NoOp, NoOp];0
[NoOp, NoOp, NoOp, NoOp, Pull(E,W), NoOp, NoOp, NoOp];0
[NoOp, NoOp, NoOp, NoOp, Pull(N,W), NoOp, NoOp, NoOp];0
[NoOp, NoOp, NoOp, NoOp, Push(S,S), NoOp, NoOp, NoOp];0
[NoOp, NoOp, Move(E), NoOp, Push(S,S), NoOp, NoOp, NoOp];0
[NoOp, NoOp, Move(E), NoOp, NoOp, NoOp, NoOp, NoOp];0
[NoOp, NoOp, Move(E), NoOp, NoOp, NoOp, NoOp, NoOp];0
[NoOp, NoOp, Move(E), NoOp, NoOp, NoOp, NoOp, NoOp];0
[NoOp, NoOp, Move(E), NoOp, NoOp, NoOp, NoOp, NoOp];0
[NoOp, NoOp, Move(E), NoOp, NoOp, NoOp, NoOp, NoOp];0
[NoOp, NoOp, Move(E), NoOp, NoOp, NoOp, NoOp, NoOp];0
[NoOp, NoOp, Move(E), NoOp, NoOp, NoOp, NoOp, NoOp];0
[NoOp, NoOp, Move(E), NoOp, NoOp, NoOp, NoOp, NoOp];0
[NoOp, NoOp, Move(E), NoOp, NoOp, NoOp, NoOp, NoOp];0
[NoOp, NoOp, Move(E), NoOp, NoOp, NoOp, NoOp, NoOp];0
[NoOp, NoOp, Move(E), NoOp, NoOp, NoOp, NoOp, NoOp];0
[NoOp, NoOp, Move(E), NoOp, NoOp, NoOp, NoOp, NoOp];0
[NoOp, NoOp, Move(E), NoOp, NoOp, NoOp, NoOp, NoOp];0
[NoOp, NoOp, Move(E), NoOp, NoOp, NoOp, NoOp, NoOp];0
[NoOp, NoOp, Move(E), NoOp, NoOp, NoOp, NoOp, NoOp];0
[NoOp, NoOp, Move(E), NoOp, NoOp, NoOp, NoOp, NoOp];0
[NoOp, NoOp, Move(E), NoOp, NoOp, NoOp, NoOp, NoOp];0
[NoOp, NoOp, Move(E), NoOp, NoOp, NoOp, NoOp, NoOp];0
[NoOp, NoOp, Move(E), NoOp, NoOp, NoOp, NoOp, NoOp];0
[NoOp, NoOp, Move(E), NoOp, NoOp, NoOp, NoOp, NoOp];0
[NoOp, NoOp, Move(E), NoOp, NoOp, NoOp, NoOp, NoOp];0
[NoOp, NoOp, Move(E), NoOp, NoOp, NoOp, NoOp, NoOp];0
[NoOp, NoOp, Move(E), NoOp, NoOp, NoOp, NoOp, NoOp];0
[NoOp, NoOp, Move(E), NoOp, NoOp, NoOp, NoOp, NoOp];0
[NoOp, NoOp, Move(E), NoOp, NoOp, NoOp, NoOp, NoOp];0
[NoOp, NoOp, Move(E), NoOp, NoOp, NoOp, NoOp, NoOp];0
[NoOp, NoOp, Move(E), NoOp, NoOp, NoOp, NoOp, NoOp];0
[NoOp, NoOp, Move(E), NoOp, NoOp, NoOp, NoOp, NoOp];0
[NoOp, NoOp, Move(E), NoOp, NoOp, NoOp, NoOp, NoOp];0
[NoOp, NoOp, Move(E), NoOp, NoOp, NoOp, NoOp, NoOp];0
[NoOp, NoOp, Move(E), NoOp, NoOp, NoOp, NoOp, NoOp];0
[NoOp, NoOp, Pull(W,E), NoOp, NoOp, NoOp, NoOp, NoOp];0
[NoOp, NoOp, Pull(W,E), NoOp, NoOp, NoOp, NoOp, NoOp];0
[NoOp, NoOp, Pull(S,E), NoOp, NoOp, NoOp, NoOp, NoOp];0
[NoOp, NoOp, Push(N,N), NoOp, NoOp, NoOp, NoOp, NoOp];0
[NoOp, NoOp, Push(N,N), NoOp, NoOp, Move(W), NoOp, NoOp];0
[NoOp, NoOp, NoOp, NoOp, NoOp, Move(W), NoOp, NoOp];16
[NoOp, NoOp, NoOp, NoOp, NoOp, Move(W), NoOp, NoOp];0
[NoOp, NoOp, NoOp, NoOp, NoOp, Move(W), NoOp, NoOp];0
[NoOp, NoOp, NoOp, NoOp, NoOp, Move(W), NoOp, NoOp];0
[NoOp, NoOp, NoOp, NoOp, NoOp, Move(W), NoOp, NoOp];0
[NoOp, NoOp, NoOp, NoOp, NoOp, Move(W), NoOp, NoOp];0
[NoOp, NoOp, NoOp, NoOp, NoOp, Move(W), NoOp, NoOp];0
[NoOp, NoOp, NoOp, NoOp, NoOp, Move(W), NoOp, NoOp];0
[NoOp, NoOp, NoOp, NoOp, NoOp, Move(W), NoOp, NoOp];0
[NoOp, NoOp, NoOp, NoOp, NoOp, Move(W), NoOp, NoOp];0
[NoOp, NoOp, NoOp, NoOp, NoOp, Move(W), NoOp, NoOp];0
[NoOp, NoOp, NoOp, NoOp, NoOp, Move(W), NoOp, NoOp];0
[NoOp, NoOp, NoOp, NoOp, NoOp, Move(W), NoOp, NoOp];0
[NoOp, NoOp, NoOp, NoOp, NoOp, Move(W), NoOp, NoOp];0
[NoOp, NoOp, NoOp, NoOp, NoOp, Move(W), NoOp, NoOp];0
[NoOp, NoOp, NoOp, NoOp, NoOp, Move(W), NoOp, NoOp];0
[NoOp, NoOp, NoOp, NoOp, NoOp, Move(W), NoOp, NoOp];0
[NoOp, NoOp, NoOp, NoOp, NoOp, Move(W), NoOp, NoOp];0
[NoOp, NoOp, NoOp, NoOp, NoOp, Move(W), NoOp, NoOp];0
[NoOp, NoOp, NoOp, NoOp, NoOp, Move(W), NoOp, NoOp];0
[NoOp, NoOp, NoOp, NoOp, NoOp, Move(W), NoOp, NoOp];0
[NoOp, NoOp, NoOp, NoOp, NoOp, Move(W), NoOp, NoOp];0
[NoOp, NoOp, NoOp, NoOp, NoOp, Move(W), NoOp, NoOp];0
[NoOp, NoOp, NoOp, NoOp, NoOp, Move(W), NoOp, NoOp];0
[NoOp, NoOp, NoOp, NoOp, NoOp, Move(W), NoOp, NoOp];0
[NoOp, NoOp, NoOp, NoOp, NoOp, Move(W), NoOp, NoOp];0
[NoOp, NoOp, NoOp, NoOp, NoOp, Move(W), NoOp, NoOp];0
[NoOp, NoOp, NoOp, NoOp, NoOp, Move(W), NoOp, NoOp];0
[NoOp, NoOp, NoOp, NoOp, NoOp, Move(W), NoOp, NoOp];0
[NoOp, NoOp, NoOp, NoOp, NoOp, Move(N), NoOp, NoOp];0
[NoOp, NoOp, NoOp, NoOp, NoOp, Pull(S,N), NoOp, NoOp];0
[NoOp, NoOp, NoOp, NoOp, NoOp, Pull(E,N), NoOp, NoOp];0
[NoOp, NoOp, NoOp, NoOp, NoOp, Push(W,W), NoOp, NoOp];0
[NoOp, NoOp, NoOp, Move(S), NoOp, Push(W,W), NoOp, NoOp];0
[NoOp, NoOp, NoOp, Move(S), NoOp, NoOp, NoOp, NoOp];0
[NoOp, NoOp, NoOp, Move(S), NoOp, NoOp, NoOp, NoOp];0
[NoOp, NoOp, NoOp, Move(E), NoOp, NoOp, NoOp, NoOp];0
[NoOp, NoOp, NoOp, Move(E), NoOp, NoOp, NoOp, NoOp];0
[NoOp, NoOp, NoOp, Move(E), NoOp, NoOp, NoOp, NoOp];0
[NoOp, NoOp, NoOp, Move(E), NoOp, NoOp, NoOp, NoOp];0
[NoOp, NoOp, NoOp, Move(E), NoOp, NoOp, NoOp, NoOp];0
[NoOp, NoOp, NoOp, Move(E), NoOp, NoOp, NoOp, NoOp];0
[NoOp, NoOp, NoOp, Move(E), NoOp, NoOp, NoOp, NoOp];0
[NoOp, NoOp, NoOp, Move(E), NoOp, NoOp, NoOp, NoOp];0
[NoOp, NoOp, NoOp, Move(E), NoOp, NoOp, NoOp, NoOp];0
[NoOp, NoOp, NoOp, Move(E), NoOp, NoOp, NoOp, NoOp];0
[NoOp, NoOp, NoOp, Move(E), NoOp, NoOp, NoOp, NoOp];0
[NoOp, NoOp, NoOp, Move(E), NoOp, NoOp, NoOp, NoOp];0
[NoOp, NoOp, NoOp, Move(E), NoOp, NoOp, NoOp, NoOp];0
[NoOp, NoOp, NoOp, Move(E), NoOp, NoOp, NoOp, NoOp];0
[NoOp, NoOp, NoOp, Move(E), NoOp, NoOp, NoOp, NoOp];16
[NoOp, NoOp, NoOp, Move(E), NoOp, NoOp, NoOp, NoOp];0
[NoOp, NoOp, NoOp, Move(E), NoOp, NoOp, NoOp, NoOp];0
[NoOp, NoOp, NoOp, Move(E), NoOp, NoOp, NoOp, NoOp];0
[NoOp, NoOp, NoOp, Move(E), NoOp, NoOp, NoOp, NoOp];0
[NoOp, NoOp, NoOp, Move(E), NoOp, NoOp, NoOp, NoOp];0
[NoOp, NoOp, NoOp, Move(E), NoOp, NoOp, NoOp, NoOp];0
[NoOp, NoOp, NoOp, Move(E), NoOp, NoOp, NoOp, NoOp];0
[NoOp, NoOp, NoOp, Move(E), NoOp, NoOp, NoOp, NoOp];0
[NoOp, NoOp, NoOp, Move(E), NoOp, NoOp, NoOp, NoOp];0
[NoOp, NoOp, NoOp, Move(E), NoOp, NoOp, NoOp, NoOp];0
[NoOp, NoOp, NoOp, Move(E), NoOp, NoOp, NoOp, NoOp];0
[NoOp, NoOp, NoOp, Move(S), NoOp, NoOp, NoOp, NoOp];0
[NoOp, NoOp, NoOp, Pull(N,S), NoOp, NoOp, NoOp, NoOp];0
[NoOp, NoOp, NoOp, Pull(E,S), NoOp, NoOp, Move(N), NoOp];0
[NoOp, NoOp, NoOp, Pull(E,W), NoOp, NoOp, Move(N), NoOp];0
[NoOp, NoOp, NoOp, Pull(E,W), NoOp, NoOp, Move(N), NoOp];0
[NoOp, NoOp, NoOp, NoOp, NoOp, NoOp, Move(W), NoOp];0
[NoOp, NoOp, NoOp, NoOp, NoOp, NoOp, Move(W), NoOp];0
[NoOp, NoOp, NoOp, NoOp, NoOp, NoOp, Move(W), NoOp];0
[NoOp, NoOp, NoOp, NoOp, NoOp, NoOp, Move(W), NoOp];0
[NoOp, NoOp, NoOp, NoOp, NoOp, NoOp, Move(W), NoOp];0
[NoOp, NoOp, NoOp, NoOp, NoOp, NoOp, Move(W), NoOp];0
[NoOp, NoOp, NoOp, NoOp, NoOp, NoOp, Move(W), NoOp];0
[NoOp, NoOp, NoOp, NoOp, NoOp, NoOp, Move(W), NoOp];0
[NoOp, NoOp, NoOp, NoOp, NoOp, NoOp, Move(W), NoOp];0
[NoOp, NoOp, NoOp, NoOp, NoOp, NoOp, Move(W), NoOp];0
[NoOp, NoOp, NoOp, NoOp, NoOp, NoOp, Move(W), NoOp];0
[NoOp, NoOp, NoOp, NoOp, NoOp, NoOp, Move(W), NoOp];0
[NoOp, NoOp, NoOp, NoOp, NoOp, NoOp, Move(W), NoOp];0
[NoOp, NoOp, NoOp, NoOp, NoOp, NoOp, Move(N), NoOp];0
[NoOp, NoOp, NoOp, NoOp, NoOp, NoOp, Pull(S,N), NoOp];0
[NoOp, NoOp, NoOp, NoOp, NoOp, NoOp, Pull(S,N), NoOp];0
[NoOp, NoOp, NoOp, NoOp, NoOp, NoOp, Push(N,W), NoOp];16
[NoOp, NoOp, NoOp, NoOp, NoOp, NoOp, Push(W,W), Move(S)];0
[NoOp, NoOp, NoOp, NoOp, NoOp, NoOp, NoOp, Move(S)];0
[NoOp, NoOp, NoOp, NoOp, NoOp, NoOp, NoOp, Move(S)];0
[NoOp, NoOp, NoOp, NoOp, NoOp, NoOp, NoOp, Move(S)];0
[NoOp, NoOp, NoOp, NoOp, NoOp, NoOp, Move(E), Move(S)];0
[NoOp, NoOp, NoOp, NoOp, NoOp, NoOp, Move(S), Move(S)];0
[NoOp, NoOp, NoOp, NoOp, NoOp, NoOp, Move(S), Move(S)];0
[NoOp, NoOp, NoOp, NoOp, NoOp, NoOp, Move(S), Move(S)];0
[NoOp, NoOp, NoOp, NoOp, NoOp, NoOp, Move(S), Move(S)];0
[NoOp, NoOp, NoOp, NoOp, NoOp, NoOp, Move(S), Move(S)];0
[NoOp, NoOp, NoOp, NoOp, NoOp, NoOp, Move(S), Move(S)];0
[NoOp, NoOp, NoOp, NoOp, NoOp, NoOp, Move(S), Move(S)];0
[NoOp, NoOp, NoOp, NoOp, NoOp, NoOp, Move(S), Move(S)];0
[NoOp, NoOp, NoOp, NoOp, NoOp, NoOp, Move(S), Move(S)];0
[NoOp, NoOp, NoOp, NoOp, NoOp, NoOp, Move(S), Move(S)];0
[NoOp, NoOp, NoOp, NoOp, NoOp, NoOp, Move(S), Move(S)];0
[NoOp, NoOp, NoOp, NoOp, NoOp, NoOp, Move(S), Move(S)];0
[NoOp, NoOp, NoOp, NoOp, NoOp, NoOp, Move(S), Move(S)];0
[NoOp, NoOp, NoOp, NoOp, NoOp, NoOp, Move(S), Move(S)];0
[NoOp, NoOp, NoOp, NoOp, NoOp, NoOp, Move(S), Move(E)];0
[NoOp, NoOp, NoOp, NoOp, NoOp, NoOp, Move(S), Move(E)];0
[NoOp, NoOp, NoOp, NoOp, NoOp, NoOp, Move(E), Move(E)];0
[NoOp, NoOp, NoOp, NoOp, NoOp, NoOp, Move(E), Move(E)];0
[NoOp, NoOp, NoOp, NoOp, NoOp, NoOp, Move(E), Move(E)];0
[NoOp, NoOp, NoOp, NoOp, NoOp, NoOp, Move(E), Move(E)];0
[NoOp, NoOp, NoOp, NoOp, NoOp, NoOp, Move(E), Move(E)];0
[NoOp, NoOp, NoOp, NoOp, NoOp, NoOp, Move(E), Move(E)];0
[NoOp, NoOp, NoOp, NoOp, NoOp, NoOp, Move(E), Push(E,N)];0
[NoOp, NoOp, NoOp, NoOp, NoOp, NoOp, Move(E), Push(N,N)];0
[NoOp, NoOp, NoOp, NoOp, NoOp, NoOp, Move(E), NoOp];0
[NoOp, NoOp, NoOp, NoOp, NoOp, NoOp, Push(E,S), NoOp];0
[NoOp, NoOp, NoOp, NoOp, NoOp, NoOp, Push(S,S), NoOp];0
[NoOp, NoOp, NoOp, NoOp, NoOp, NoOp, Move(N), NoOp];0
[NoOp, NoOp, NoOp, NoOp, NoOp, NoOp, Move(W), NoOp];0
[NoOp, NoOp, NoOp, NoOp, NoOp, NoOp, Move(W), NoOp];0
[NoOp, NoOp, NoOp, NoOp, NoOp, NoOp, Move(W), NoOp];0
[NoOp, NoOp, NoOp, NoOp, NoOp, NoOp, Move(W), NoOp];0
[NoOp, NoOp, NoOp, NoOp, NoOp, NoOp, Move(W), NoOp];0
[NoOp, NoOp, NoOp, NoOp, NoOp, NoOp, Move(W), NoOp];0
[NoOp, NoOp, NoOp, NoOp, NoOp, NoOp, Move(W), NoOp];0
[NoOp, NoOp, NoOp, NoOp, NoOp, NoOp, Move(W), NoOp];0
[NoOp, NoOp, NoOp, NoOp, NoOp, NoOp, Move(W), NoOp];0
[NoOp, NoOp, NoOp, NoOp, NoOp, NoOp, Move(W), NoOp];0
[NoOp, NoOp, NoOp, NoOp, NoOp, NoOp, Move(N), NoOp];0
[NoOp, NoOp, NoOp, NoOp, NoOp, NoOp, Move(N), NoOp];0
[NoOp, NoOp, NoOp, NoOp, NoOp, NoOp, Move(N), NoOp];0
[NoOp, NoOp, NoOp, NoOp, NoOp, NoOp, Move(N), NoOp];0
[NoOp, NoOp, NoOp, NoOp, NoOp, NoOp, Move(N), NoOp];0
[NoOp, NoOp, NoOp, NoOp, NoOp, NoOp, Move(N), NoOp];0
[NoOp, NoOp, NoOp, NoOp, NoOp, NoOp, Move(N), NoOp];0
[NoOp, NoOp, NoOp, NoOp, NoOp, NoOp, Move(N), NoOp];0
[NoOp, NoOp, NoOp, NoOp, NoOp, NoOp, Move(N), NoOp];0
[NoOp, NoOp, NoOp, NoOp, NoOp, NoOp, Move(N), NoOp];0
[NoOp, NoOp, NoOp, NoOp, NoOp, NoOp, Move(N), NoOp];0
[NoOp, NoOp, NoOp, NoOp, NoOp, NoOp, Move(N), NoOp];0
[NoOp, NoOp, NoOp, NoOp, NoOp, NoOp, Move(N), NoOp];0
[NoOp, NoOp, NoOp, NoOp, NoOp, NoOp, Move(N), NoOp];0
[NoOp, NoOp, NoOp, NoOp, NoOp, NoOp, Move(N), NoOp];0
[NoOp, NoOp, NoOp, NoOp, NoOp, NoOp, Move(N), NoOp];0
[NoOp, NoOp, NoOp, NoOp, NoOp, NoOp, Move(W), NoOp];0
[NoOp, NoOp, NoOp, NoOp, NoOp, NoOp, Push(W,W), NoOp];0
[NoOp, NoOp, NoOp, NoOp, NoOp, NoOp, Push(W,W), NoOp];0
[NoOp, NoOp, NoOp, NoOp, NoOp, NoOp, Push(W,W), NoOp];0
[NoOp, NoOp, NoOp, NoOp, NoOp, NoOp, Push(W,W), NoOp];0
[NoOp, NoOp, NoOp, NoOp, NoOp, NoOp, Push(W,W), NoOp];0
[NoOp, NoOp, NoOp, NoOp, NoOp, NoOp, Push(W,W), NoOp];0
[NoOp, NoOp, NoOp, NoOp, NoOp, NoOp, Push(W,W), NoOp];0
[NoOp, NoOp, NoOp, NoOp, NoOp, NoOp, Push(W,W), NoOp];0
[NoOp, NoOp, NoOp, NoOp, NoOp, NoOp, Push(W,W), NoOp];0
[NoOp, NoOp, NoOp, NoOp, NoOp, NoOp, Push(W,W), NoOp];0
[NoOp, NoOp, NoOp, NoOp, NoOp, NoOp, Push(W,W), NoOp];0
[NoOp, NoOp, NoOp, NoOp, NoOp, NoOp, Push(W,N), NoOp];0
[NoOp, NoOp, NoOp, NoOp, NoOp, NoOp, Push(N,N), NoOp];0
[NoOp, NoOp, NoOp, NoOp, NoOp, Move(E), NoOp, NoOp];0
[NoOp, NoOp, NoOp, NoOp, NoOp, Move(E), NoOp, NoOp];0
[NoOp, NoOp, NoOp, NoOp, NoOp, Move(E), NoOp, NoOp];0
[NoOp, NoOp, NoOp, NoOp, NoOp, Move(E), NoOp, NoOp];0
[NoOp, NoOp, NoOp, NoOp, NoOp, Move(E), NoOp, NoOp];0
[NoOp, NoOp, NoOp, NoOp, NoOp, Move(E), NoOp, NoOp];0
[NoOp, NoOp, NoOp, NoOp, NoOp, Move(E), NoOp, NoOp];0
[NoOp, NoOp, NoOp, NoOp, NoOp, Move(E), NoOp, NoOp];0
[NoOp, NoOp, NoOp, NoOp, NoOp, Move(E), NoOp, NoOp];0
[NoOp, NoOp, NoOp, NoOp, NoOp, Move(E), NoOp, NoOp];0
[NoOp, NoOp, NoOp, NoOp, NoOp, Move(E), NoOp, NoOp];0
[NoOp, NoOp, NoOp, NoOp, NoOp, Move(E), NoOp, NoOp];0
[NoOp, NoOp, NoOp, NoOp, NoOp, Move(E), NoOp, NoOp];0
[NoOp, NoOp, NoOp, NoOp, NoOp, Move(E), NoOp, NoOp];0
[NoOp, NoOp, NoOp, NoOp, NoOp, Move(S), NoOp, NoOp];0
[NoOp, NoOp, NoOp, NoOp, NoOp, Move(S), NoOp, NoOp];0
[NoOp, NoOp, NoOp, NoOp, NoOp, Move(S), NoOp, NoOp];0
[NoOp, NoOp, NoOp, NoOp, NoOp, Move(S), NoOp, NoOp];0
[NoOp, NoOp, NoOp, NoOp, NoOp, Move(S), NoOp, NoOp];0
[NoOp, NoOp, NoOp, NoOp, NoOp, Move(S), NoOp, NoOp];0
[NoOp, NoOp, NoOp, NoOp, NoOp, Move(S), NoOp, NoOp];0
[NoOp, NoOp, NoOp, NoOp, Move(N), Move(S), NoOp, NoOp];0
[NoOp, NoOp, NoOp, NoOp, Move(E), Move(S), NoOp, NoOp];0
[NoOp, NoOp, NoOp, NoOp, Move(E), Move(S), NoOp, NoOp];0
[NoOp, NoOp, NoOp, NoOp, Move(E), Move(S), NoOp, NoOp];0
[NoOp, NoOp, NoOp, NoOp, Move(E), Move(S), NoOp, NoOp];0
[NoOp, NoOp, NoOp, NoOp, Move(E), Move(S), NoOp, NoOp];0
[NoOp, NoOp, NoOp, NoOp, Move(E), Move(S), NoOp, NoOp];0
[NoOp, NoOp, NoOp, NoOp, Move(E), Move(S), NoOp, NoOp];0
[NoOp, NoOp, NoOp, NoOp, Move(E), Move(S), NoOp, NoOp];0
[NoOp, NoOp, NoOp, NoOp, Move(E), Move(E), NoOp, NoOp];0
[NoOp, NoOp, NoOp, NoOp, Move(E), Move(E), NoOp, NoOp];0
[NoOp, NoOp, NoOp, NoOp, Move(E), Move(E), NoOp, NoOp];0
[NoOp, NoOp, NoOp, NoOp, Move(E), Move(E), NoOp, NoOp];0
[NoOp, NoOp, NoOp, NoOp, Move(E), Move(E), NoOp, NoOp];0
[NoOp, NoOp, NoOp, NoOp, Move(S), Move(E), NoOp, NoOp];0
[NoOp, NoOp, NoOp, NoOp, Move(S), Move(E), NoOp, NoOp];0
[NoOp, NoOp, NoOp, NoOp, Move(S), Move(E), NoOp, NoOp];0
[NoOp, NoOp, NoOp, NoOp, Move(S), Move(E), NoOp, NoOp];0
[NoOp, NoOp, NoOp, NoOp, Move(S), Move(E), NoOp, NoOp];0
[NoOp, NoOp, NoOp, NoOp, Move(S), Push(E,N), NoOp, NoOp];0
[NoOp, NoOp, NoOp, NoOp, Move(S), Push(N,N), NoOp, NoOp];0
[NoOp, NoOp, NoOp, NoOp, Move(S), NoOp, NoOp, NoOp];0
[NoOp, NoOp, NoOp, NoOp, Move(S), NoOp, NoOp, NoOp];0
[NoOp, NoOp, NoOp, NoOp, Move(S), NoOp, NoOp, NoOp];0
[NoOp, NoOp, NoOp, NoOp, Move(S), NoOp, NoOp, NoOp];0
[NoOp, NoOp, NoOp, NoOp, Move(S), NoOp, NoOp, NoOp];0
[NoOp, NoOp, NoOp, NoOp, Move(S), NoOp, NoOp, NoOp];0
[NoOp, NoOp, NoOp, NoOp, Move(S), NoOp, NoOp, NoOp];0
[NoOp, NoOp, NoOp, NoOp, Move(S), NoOp, NoOp, NoOp];0
[NoOp, NoOp, NoOp, NoOp, Move(S), NoOp, NoOp, NoOp];0
[NoOp, NoOp, NoOp, NoOp, Move(E), NoOp, NoOp, NoOp];0
[NoOp, NoOp, NoOp, NoOp, Move(E), NoOp, NoOp, NoOp];0
[NoOp, NoOp, NoOp, NoOp, Move(E), NoOp, NoOp, NoOp];0
[NoOp, NoOp, NoOp, NoOp, Move(E), NoOp, NoOp, NoOp];0
[NoOp, NoOp, NoOp, NoOp, Move(E), NoOp, NoOp, NoOp];0
[NoOp, NoOp, NoOp, NoOp, Move(E), NoOp, NoOp, NoOp];0
[NoOp, NoOp, NoOp, NoOp, Move(E), NoOp, NoOp, NoOp];0
[NoOp, NoOp, NoOp, NoOp, Move(E), NoOp, NoOp, NoOp];0
[NoOp, NoOp, NoOp, NoOp, Move(E), NoOp, NoOp, NoOp];0
[NoOp, NoOp, NoOp, NoOp, Move(E), NoOp, NoOp, NoOp];0
[NoOp, NoOp, NoOp, NoOp, Move(E), NoOp, NoOp, NoOp];0
[NoOp, NoOp, NoOp, NoOp, Push(E,S), NoOp, NoOp, NoOp];0
[NoOp, NoOp, NoOp, NoOp, Push(S,S), NoOp, NoOp, NoOp];0
[NoOp, NoOp, NoOp, Push(W,W), NoOp, NoOp, NoOp, NoOp];0
[NoOp, NoOp, NoOp, Push(W,W), NoOp, NoOp, NoOp, NoOp];0
[NoOp, NoOp, NoOp, Push(W,W), NoOp, NoOp, NoOp, NoOp];0
[NoOp, NoOp, NoOp, Push(W,W), NoOp, NoOp, NoOp, NoOp];0
[NoOp, NoOp, NoOp, Push(W,W), NoOp, NoOp, NoOp, NoOp];0
[NoOp, NoOp, NoOp, Push(W,W), NoOp, NoOp, NoOp, NoOp];0
[NoOp, NoOp, NoOp, Push(W,W), NoOp, NoOp, NoOp, NoOp];0
[NoOp, NoOp, NoOp, Push(W,W), NoOp, NoOp, NoOp, NoOp];0
[NoOp, NoOp, NoOp, Push(W,W), NoOp, NoOp, NoOp, NoOp];0
[NoOp, NoOp, NoOp, Push(W,W), NoOp, NoOp, NoOp, NoOp];0
[NoOp, NoOp, NoOp, Push(W,W), NoOp, NoOp, NoOp, NoOp];0
[NoOp, NoOp, NoOp, Push(W,W), NoOp, NoOp, NoOp, NoOp];0
[NoOp, NoOp, NoOp, Push(W,W), NoOp, NoOp, NoOp, NoOp];0
[NoOp, NoOp, NoOp, Push(W,W), NoOp, NoOp, NoOp, NoOp];0
[NoOp, NoOp, NoOp, Push(W,W), NoOp, NoOp, NoOp, NoOp];0
[NoOp, NoOp, NoOp, Push(W,N), NoOp, NoOp, NoOp, NoOp];0
[NoOp, NoOp, NoOp, Move(S), NoOp, NoOp, NoOp, NoOp];0
[NoOp, NoOp, NoOp, Move(S), NoOp, NoOp, NoOp, NoOp];0
[NoOp, NoOp, NoOp, Move(S), NoOp, NoOp, NoOp, NoOp];0
[NoOp, NoOp, NoOp, Move(S), NoOp, NoOp, NoOp, NoOp];0
[NoOp, NoOp, NoOp, Move(S), NoOp, NoOp, NoOp, NoOp];0
[NoOp, NoOp, NoOp, Move(S), NoOp, NoOp, NoOp, NoOp];0
[NoOp, NoOp, NoOp, Move(S), NoOp, NoOp, NoOp, NoOp];0
[NoOp, NoOp, NoOp, Move(S), NoOp, NoOp, NoOp, NoOp];0
[NoOp, NoOp, NoOp, Move(S), NoOp, NoOp, NoOp, NoOp];0
[NoOp, NoOp, NoOp, Move(S), NoOp, NoOp, NoOp, NoOp];0
[NoOp, NoOp, NoOp, Move(S), NoOp, NoOp, NoOp, NoOp];0
[NoOp, NoOp, NoOp, Move(S), NoOp, NoOp, NoOp, NoOp];0
[NoOp, NoOp, NoOp, Move(S), NoOp, NoOp, NoOp, NoOp];0
[NoOp, NoOp, NoOp, Move(S), NoOp, NoOp, NoOp, NoOp];0
[NoOp, NoOp, Move(S), Move(S), NoOp, NoOp, NoOp, NoOp];0
[NoOp, NoOp, Move(W), Move(S), NoOp, NoOp, NoOp, NoOp];0
[NoOp, NoOp, Move(W), Move(E), NoOp, NoOp, NoOp, NoOp];0
[NoOp, NoOp, Move(W), Move(E), NoOp, NoOp, NoOp, NoOp];0
[NoOp, NoOp, Move(W), Move(E), NoOp, NoOp, NoOp, NoOp];0
[NoOp, NoOp, Move(W), Move(E), NoOp, NoOp, NoOp, NoOp];0
[NoOp, NoOp, Move(W), Move(E), NoOp, NoOp, NoOp, NoOp];0
[NoOp, NoOp, Move(W), Move(E), NoOp, NoOp, NoOp, NoOp];0
[NoOp, NoOp, Move(W), Move(E), NoOp, NoOp, NoOp, NoOp];0
[NoOp, NoOp, Move(W), Move(E), NoOp, NoOp, NoOp, NoOp];0
[NoOp, NoOp, Move(W), Move(E), NoOp, NoOp, NoOp, NoOp];0
[NoOp, NoOp, Move(W), Move(E), NoOp, NoOp, NoOp, NoOp];0
[NoOp, NoOp, Move(W), Move(E), NoOp, NoOp, NoOp, NoOp];0
[NoOp, NoOp, Move(W), Move(E), NoOp, NoOp, NoOp, NoOp];0
[NoOp, NoOp, Move(S), Push(E,N), NoOp, NoOp, NoOp, NoOp];0
[NoOp, NoOp, Move(S), Push(N,N), NoOp, NoOp, NoOp, NoOp];0
[NoOp, NoOp, Move(S), NoOp, NoOp, NoOp, NoOp, NoOp];0
[NoOp, NoOp, Move(S), NoOp, NoOp, NoOp, NoOp, NoOp];0
[NoOp, NoOp, Move(S), NoOp, NoOp, NoOp, NoOp, NoOp];0
[NoOp, NoOp, Move(S), NoOp, NoOp, NoOp, NoOp, NoOp];0
[NoOp, NoOp, Move(S), NoOp, NoOp, NoOp, NoOp, NoOp];0
[NoOp, NoOp, Move(S), NoOp, NoOp, NoOp, NoOp, NoOp];0
[NoOp, Move(W), Move(S), NoOp, NoOp, NoOp, NoOp, NoOp];0
[NoOp, Move(S), Move(S), NoOp, NoOp, NoOp, NoOp, NoOp];0
[NoOp, Move(S), Move(S), NoOp, NoOp, NoOp, NoOp, NoOp];0
[NoOp, Move(S), Move(S), NoOp, NoOp, NoOp, NoOp, NoOp];0
[NoOp, Move(S), Move(S), NoOp, NoOp, NoOp, NoOp, NoOp];0
[NoOp, Move(S), Move(S), NoOp, NoOp, NoOp, NoOp, NoOp];0
[NoOp, Move(S), Move(S), NoOp, NoOp, NoOp, NoOp, NoOp];0
[NoOp, Move(S), Move(S), NoOp, NoOp, NoOp, NoOp, NoOp];0
[NoOp, Move(S), Move(E), NoOp, NoOp, NoOp, NoOp, NoOp];0
[NoOp, Move(S), Move(E), NoOp, NoOp, NoOp, NoOp, NoOp];0
[NoOp, Move(E), Move(E), NoOp, NoOp, NoOp, NoOp, NoOp];0
[NoOp, Move(E), Move(E), NoOp, NoOp, NoOp, NoOp, NoOp];0
[NoOp, Move(E), Move(E), NoOp, NoOp, NoOp, NoOp, NoOp];0
[NoOp, Move(E), Move(E), NoOp, NoOp, NoOp, NoOp, NoOp];0
[NoOp, Move(E), Move(E), NoOp, NoOp, NoOp, NoOp, NoOp];0
[NoOp, Move(E), Move(E), NoOp, NoOp, NoOp, NoOp, NoOp];0
[NoOp, Move(E), Move(E), NoOp, NoOp, NoOp, NoOp, NoOp];0
[NoOp, Move(E), Move(E), NoOp, NoOp, NoOp, NoOp, NoOp];0
[NoOp, Move(E), Move(E), NoOp, NoOp, NoOp, NoOp, NoOp];0
[NoOp, Move(E), Move(E), NoOp, NoOp, NoOp, NoOp, NoOp];0
[NoOp, Move(E), Move(E), NoOp, NoOp, NoOp, NoOp, NoOp];0
[NoOp, Move(E), Push(E,S), NoOp, NoOp, NoOp, NoOp, NoOp];0
[NoOp, Move(E), Push(S,S), NoOp, NoOp, NoOp, NoOp, NoOp];0
[NoOp, Move(E), NoOp, NoOp, NoOp, NoOp, NoOp, NoOp];0
[Move(E), Push(E,N), NoOp, NoOp, NoOp, NoOp, NoOp, NoOp];0
[Move(S), Push(N,N), NoOp, NoOp, NoOp, NoOp, NoOp, NoOp];0
[Move(S), NoOp, NoOp, NoOp, NoOp, NoOp, NoOp, NoOp];0
[Move(S), NoOp, NoOp, NoOp, NoOp, NoOp, NoOp, NoOp];0
[Move(S), NoOp, NoOp, NoOp, NoOp, NoOp, NoOp, NoOp];0
[Move(S), NoOp, NoOp, NoOp, NoOp, NoOp, NoOp, NoOp];0
[Move(S), NoOp, NoOp, NoOp, NoOp, NoOp, NoOp, NoOp];0
[Move(S), NoOp, NoOp, NoOp, NoOp, NoOp, NoOp, NoOp];0
[Move(S), NoOp, NoOp, NoOp, NoOp, NoOp, NoOp, NoOp];0
[Move(S), NoOp, NoOp, NoOp, NoOp, NoOp, NoOp, NoOp];0
[Move(E), NoOp, NoOp, NoOp, NoOp, NoOp, NoOp, NoOp];0
[Move(E), NoOp, NoOp, NoOp, NoOp, NoOp, NoOp, NoOp];0
[Move(E), NoOp, NoOp, NoOp, NoOp, NoOp, NoOp, NoOp];0
[Move(E), NoOp, NoOp, NoOp, NoOp, NoOp, NoOp, NoOp];0
[Move(E), NoOp, NoOp, NoOp, NoOp, NoOp, NoOp, NoOp];0
[Move(E), NoOp, NoOp, NoOp, NoOp, NoOp, NoOp, NoOp];0
[Move(E), NoOp, NoOp, NoOp, NoOp, NoOp, NoOp, NoOp];0
[Move(E), NoOp, NoOp, NoOp, NoOp, NoOp, NoOp, NoOp];0
[Move(E), NoOp, NoOp, NoOp, NoOp, NoOp, NoOp, NoOp];0
[Move(E), NoOp, NoOp, NoOp, NoOp, NoOp, NoOp, NoOp];0
[Move(E), NoOp, NoOp, NoOp, NoOp, NoOp, NoOp, NoOp];0
[Move(E), NoOp, NoOp, NoOp, NoOp, NoOp, NoOp, NoOp];0
[Move(E), NoOp, NoOp, NoOp, NoOp, NoOp, NoOp, NoOp];0
[Move(E), NoOp, NoOp, NoOp, NoOp, NoOp, NoOp, NoOp];0
[Move(E), NoOp, NoOp, NoOp, NoOp, NoOp, NoOp, NoOp];0
[Push(E,E), NoOp, NoOp, NoOp, NoOp, NoOp, NoOp, NoOp];0
[Move(W), NoOp, NoOp, NoOp, NoOp, NoOp, NoOp, NoOp];0
[Move(W), NoOp, NoOp, NoOp, NoOp, NoOp, NoOp, NoOp];0
[Move(W), NoOp, NoOp, NoOp, NoOp, NoOp, NoOp, NoOp];0
[Move(W), NoOp, NoOp, NoOp, NoOp, NoOp, NoOp, NoOp];0
[Move(W), NoOp, NoOp, NoOp, NoOp, NoOp, NoOp, NoOp];0
[Move(W), NoOp, NoOp, NoOp, NoOp, NoOp, NoOp, NoOp];0
[Move(W), NoOp, NoOp, NoOp, NoOp, NoOp, NoOp, NoOp];0
[Move(W), NoOp, NoOp, NoOp, NoOp, NoOp, NoOp, NoOp];0
[Move(W), NoOp, NoOp, NoOp, NoOp, NoOp, NoOp, NoOp];0
[Move(W), NoOp, NoOp, NoOp, NoOp, NoOp, NoOp, NoOp];0
[Move(W), NoOp, NoOp, NoOp, NoOp, NoOp, NoOp, NoOp];0
[Move(W), NoOp, NoOp, NoOp, NoOp, NoOp, NoOp, NoOp];0
[Move(W), NoOp, NoOp, NoOp, NoOp, NoOp, NoOp, NoOp];0
[Move(W), NoOp, NoOp, NoOp, NoOp, NoOp, NoOp, NoOp];0
[Move(W), NoOp, NoOp, NoOp, NoOp, NoOp, NoOp, NoOp];0
[Move(W), NoOp, NoOp, NoOp, NoOp, NoOp, NoOp, NoOp];0
[Move(N), NoOp, NoOp, NoOp, NoOp, NoOp, NoOp, NoOp];0
[Move(N), NoOp, NoOp, NoOp, NoOp, NoOp, NoOp, NoOp];0
[Move(N), NoOp, NoOp, NoOp, NoOp, NoOp, NoOp, NoOp];0
[Move(N), NoOp, NoOp, NoOp, NoOp, NoOp, NoOp, NoOp];0
[Move(N), NoOp, NoOp, NoOp, NoOp, NoOp, NoOp, NoOp];0
[Move(N), NoOp, NoOp, NoOp, NoOp, NoOp, NoOp, NoOp];0
[Move(N), NoOp, NoOp, Move(S), NoOp, NoOp, NoOp, NoOp];0
[Move(N), NoOp, NoOp, Move(W), NoOp, NoOp, NoOp, NoOp];0
[Move(N), NoOp, NoOp, Move(W), NoOp, NoOp, NoOp, NoOp];0
[Move(W), NoOp, NoOp, Move(W), NoOp, NoOp, NoOp, NoOp];0
[Push(W,W), Move(S), NoOp, Move(W), NoOp, NoOp, NoOp, NoOp];0
[Push(W,W), Move(W), NoOp, Move(W), NoOp, NoOp, NoOp, NoOp];0
[Push(W,W), Move(W), NoOp, Move(W), NoOp, NoOp, NoOp, NoOp];0
[Push(W,W), Move(W), NoOp, Move(W), NoOp, NoOp, NoOp, NoOp];0
[Push(W,N), Move(W), NoOp, Move(W), NoOp, NoOp, NoOp, NoOp];0
[Push(N,N), Move(W), NoOp, Move(W), NoOp, NoOp, NoOp, NoOp];0
[NoOp, Move(W), NoOp, Move(W), NoOp, NoOp, NoOp, NoOp];0
[NoOp, Move(W), NoOp, Move(W), NoOp, NoOp, NoOp, NoOp];0
[NoOp, Move(W), NoOp, Move(W), NoOp, NoOp, NoOp, NoOp];0
[NoOp, Move(W), NoOp, Move(W), NoOp, NoOp, NoOp, NoOp];0
[NoOp, Move(W), NoOp, Move(N), NoOp, NoOp, NoOp, NoOp];0
[NoOp, Move(W), NoOp, Move(N), NoOp, NoOp, NoOp, NoOp];0
[NoOp, Move(W), NoOp, Move(N), NoOp, NoOp, NoOp, NoOp];0
[NoOp, Move(W), NoOp, Move(N), NoOp, NoOp, NoOp, NoOp];0
[NoOp, Move(W), NoOp, Move(N), NoOp, NoOp, NoOp, NoOp];0
[NoOp, Move(W), NoOp, Move(N), NoOp, NoOp, NoOp, NoOp];0
[NoOp, Move(N), NoOp, Move(N), NoOp, NoOp, NoOp, NoOp];0
[NoOp, Move(N), NoOp, Move(N), NoOp, NoOp, NoOp, NoOp];0
[NoOp, Move(N), NoOp, Move(N), NoOp, NoOp, NoOp, NoOp];0
[NoOp, Move(N), NoOp, Move(W), NoOp, NoOp, NoOp, NoOp];0
[NoOp, Move(N), NoOp, Move(W), NoOp, NoOp, NoOp, NoOp];0
[NoOp, Move(N), NoOp, Move(W), NoOp, NoOp, NoOp, NoOp];0
[NoOp, Move(N), NoOp, Move(W), NoOp, NoOp, NoOp, NoOp];0
[NoOp, Move(N), NoOp, Move(W), NoOp, NoOp, NoOp, NoOp];0
[NoOp, Move(N), NoOp, Move(W), NoOp, NoOp, NoOp, NoOp];0
[NoOp, Move(W), NoOp, Move(S), NoOp, NoOp, NoOp, NoOp];0
[NoOp, Move(W), NoOp, Move(S), NoOp, NoOp, NoOp, NoOp];0
[NoOp, Move(W), NoOp, Move(W), NoOp, NoOp, NoOp, NoOp];0
[NoOp, Move(W), NoOp, NoOp, NoOp, NoOp, NoOp, NoOp];0
[NoOp, Move(W), NoOp, NoOp, NoOp, NoOp, NoOp, NoOp];0
[NoOp, Move(W), NoOp, NoOp, NoOp, NoOp, NoOp, NoOp];0
[NoOp, Move(W), NoOp, NoOp, NoOp, NoOp, NoOp, NoOp];0
[NoOp, Move(E), NoOp, NoOp, NoOp, NoOp, NoOp, NoOp];0
[NoOp, Move(E), NoOp, NoOp, NoOp, NoOp, NoOp, NoOp];0
[NoOp, Move(E), NoOp, NoOp, NoOp, NoOp, NoOp, NoOp];0
[NoOp, Move(E), NoOp, NoOp, NoOp, NoOp, NoOp, NoOp];0
[NoOp, Move(E), NoOp, NoOp, NoOp, NoOp, NoOp, NoOp];0
[NoOp, Move(E), NoOp, NoOp, NoOp, NoOp, NoOp, NoOp];0
[NoOp, Move(E), NoOp, NoOp, NoOp, NoOp, NoOp, NoOp];0
[NoOp, Move(E), NoOp, NoOp, NoOp, NoOp, NoOp, NoOp];0
[NoOp, Push(E,E), NoOp, NoOp, NoOp, NoOp, NoOp, NoOp];0
[NoOp, Push(E,E), NoOp, NoOp, NoOp, NoOp, NoOp, NoOp];0
[NoOp, Move(W), NoOp, NoOp, NoOp, NoOp, NoOp, NoOp];0
[NoOp, Move(W), NoOp, NoOp, NoOp, NoOp, NoOp, NoOp];0
[NoOp, Move(W), NoOp, NoOp, NoOp, NoOp, NoOp, NoOp];0
[NoOp, Move(W), NoOp, NoOp, NoOp, NoOp, NoOp, NoOp];0
[NoOp, Move(W), NoOp, NoOp, NoOp, NoOp, NoOp, NoOp];0
[NoOp, Move(W), NoOp, NoOp, NoOp, NoOp, NoOp, NoOp];0
[NoOp, Move(W), NoOp, NoOp, NoOp, NoOp, NoOp, NoOp];0
[NoOp, Move(W), NoOp, NoOp, NoOp, NoOp, NoOp, NoOp];0
[NoOp, Move(W), NoOp, NoOp, NoOp, NoOp, NoOp, NoOp];0
[NoOp, Move(W), NoOp, NoOp, NoOp, NoOp, NoOp, NoOp];0
[NoOp, Move(E), NoOp, NoOp, NoOp, NoOp, NoOp, NoOp];0
[NoOp, Move(E), NoOp, NoOp, NoOp, NoOp, NoOp, NoOp];0
[NoOp, Move(E), NoOp, NoOp, NoOp, NoOp, NoOp, NoOp];0
[NoOp, Move(E), NoOp, NoOp, NoOp, NoOp, NoOp, NoOp];0
[NoOp, Move(E), NoOp, NoOp, NoOp, NoOp, NoOp, NoOp];0
[NoOp, Move(E), NoOp, NoOp, NoOp, NoOp, NoOp, NoOp];0
[NoOp, Move(E), NoOp, NoOp, NoOp, NoOp, NoOp, NoOp];0
[NoOp, Move(E), NoOp, NoOp, NoOp, NoOp, NoOp, NoOp];0
[NoOp, Move(E), NoOp, NoOp, NoOp, NoOp, NoOp, NoOp];0
[NoOp, Move(E), NoOp, NoOp, NoOp, NoOp, NoOp, NoOp];0
[NoOp, Push(E,E), NoOp, NoOp, NoOp, NoOp, NoOp, NoOp];0
[NoOp, Push(E,E), NoOp, NoOp, NoOp, NoOp, NoOp, NoOp];0
[NoOp, Push(E,N), NoOp, NoOp, NoOp, NoOp, NoOp, NoOp];0
[NoOp, Move(W), NoOp, NoOp, NoOp, NoOp, NoOp, NoOp];0
[NoOp, Move(W), NoOp, NoOp, NoOp, NoOp, NoOp, NoOp];0
[NoOp, Move(W), NoOp, NoOp, NoOp, NoOp, NoOp, NoOp];0
[NoOp, Move(W), NoOp, NoOp, NoOp, NoOp, NoOp, NoOp];0
[NoOp, Move(W), NoOp, NoOp, NoOp, NoOp, NoOp, NoOp];0
[NoOp, Move(W), NoOp, NoOp, NoOp, NoOp, NoOp, NoOp];0
[NoOp, Move(W), NoOp, NoOp, NoOp, NoOp, Move(S), NoOp];0
[NoOp, Move(W), NoOp, NoOp, NoOp, NoOp, Move(E), NoOp];0
[NoOp, Move(W), NoOp, NoOp, NoOp, NoOp, Move(E), NoOp];0
[NoOp, Move(W), NoOp, NoOp, NoOp, NoOp, Move(E), NoOp];0
[NoOp, Move(W), NoOp, NoOp, NoOp, NoOp, Move(E), NoOp];0
[NoOp, Move(W), NoOp, NoOp, NoOp, NoOp, Move(E), NoOp];0
[NoOp, Move(W), NoOp, NoOp, NoOp, NoOp, Move(E), NoOp];0
[NoOp, Pull(E,W), NoOp, NoOp, NoOp, NoOp, Move(E), NoOp];0
[NoOp, Pull(E,W), NoOp, NoOp, NoOp, NoOp, Move(E), NoOp];0
[NoOp, Pull(E,W), NoOp, NoOp, NoOp, NoOp, Move(E), NoOp];0
[NoOp, Pull(E,W), NoOp, NoOp, NoOp, NoOp, Move(E), NoOp];0
[NoOp, Pull(E,W), NoOp, NoOp, NoOp, NoOp, Move(E), NoOp];0
[NoOp, Pull(E,W), NoOp, NoOp, NoOp, NoOp, Move(E), NoOp];0
[NoOp, Pull(E,W), NoOp, NoOp, NoOp, NoOp, Move(E), NoOp];0
[NoOp, Pull(E,W), NoOp, NoOp, NoOp, NoOp, Move(S), NoOp];0
[NoOp, Pull(E,W), NoOp, NoOp, NoOp, NoOp, Move(S), NoOp];0
[NoOp, Pull(E,W), NoOp, NoOp, NoOp, NoOp, Move(S), NoOp];0
[NoOp, Pull(E,W), NoOp, NoOp, NoOp, NoOp, Move(S), NoOp];0
[NoOp, Pull(E,W), NoOp, NoOp, NoOp, NoOp, Move(S), NoOp];0
[NoOp, Pull(E,W), NoOp, NoOp, NoOp, NoOp, Move(S), NoOp];0
[NoOp, Pull(E,W), NoOp, NoOp, NoOp, NoOp, Move(S), NoOp];0
[NoOp, Pull(S,W), NoOp, NoOp, NoOp, NoOp, Move(E), NoOp];0
[NoOp, NoOp, NoOp, NoOp, NoOp, NoOp, Move(E), NoOp];0
[NoOp, NoOp, NoOp, NoOp, NoOp, NoOp, Move(E), NoOp];0
[NoOp, NoOp, NoOp, NoOp, NoOp, NoOp, Move(E), NoOp];0
[NoOp, NoOp, NoOp, NoOp, NoOp, NoOp, Move(E), NoOp];0
[NoOp, NoOp, NoOp, NoOp, NoOp, NoOp, Move(E), NoOp];0
[NoOp, NoOp, NoOp, NoOp, NoOp, NoOp, Move(S), NoOp];0
[NoOp, NoOp, NoOp, NoOp, NoOp, NoOp, Move(S), NoOp];0
[NoOp, Move(S), NoOp, NoOp, NoOp, NoOp, Move(S), NoOp];0
[NoOp, Move(W), NoOp, NoOp, Move(N), NoOp, Move(E), NoOp];0
[NoOp, NoOp, NoOp, NoOp, Move(W), NoOp, Move(E), NoOp];0
[NoOp, NoOp, NoOp, NoOp, Move(W), NoOp, Move(E), NoOp];0
[NoOp, NoOp, NoOp, NoOp, Move(W), NoOp, Move(N), NoOp];0
[NoOp, NoOp, NoOp, NoOp, Move(W), NoOp, Move(N), NoOp];0
[NoOp, NoOp, NoOp, NoOp, Move(W), NoOp, Push(W,W), NoOp];0
[NoOp, NoOp, NoOp, NoOp, Move(W), NoOp, Push(W,W), NoOp];0
[NoOp, NoOp, NoOp, NoOp, Move(W), NoOp, Push(W,N), NoOp];0
[NoOp, NoOp, NoOp, NoOp, Move(W), NoOp, Push(N,W), NoOp];0
[NoOp, NoOp, NoOp, NoOp, Move(W), NoOp, Push(W,W), NoOp];0
[NoOp, NoOp, NoOp, NoOp, Move(W), NoOp, Push(W,W), NoOp];0
[NoOp, NoOp, NoOp, NoOp, Move(W), NoOp, Push(W,W), NoOp];0
[NoOp, NoOp, NoOp, NoOp, Move(W), NoOp, Push(W,W), NoOp];0
[NoOp, NoOp, NoOp, NoOp, Move(N), NoOp, Push(W,W), NoOp];0
[NoOp, NoOp, NoOp, NoOp, Move(N), NoOp, Push(W,W), NoOp];0
[NoOp, NoOp, NoOp, NoOp, Move(N), NoOp, Push(W,W), NoOp];0
[NoOp, NoOp, NoOp, NoOp, Move(N), NoOp, Push(W,W), NoOp];0
[NoOp, NoOp, NoOp, NoOp, Move(N), NoOp, Push(W,W), NoOp];0
[NoOp, NoOp, NoOp, NoOp, Move(N), NoOp, Push(W,W), NoOp];0
[NoOp, NoOp, NoOp, NoOp, Move(N), NoOp, Push(W,W), NoOp];0
[NoOp, NoOp, NoOp, NoOp, Move(N), NoOp, Push(W,S), NoOp];0
[NoOp, NoOp, NoOp, NoOp, Move(N), NoOp, Push(S,W), NoOp];0
[NoOp, NoOp, NoOp, NoOp, Move(E), NoOp, Move(S), NoOp];0
[NoOp, NoOp, NoOp, NoOp, Move(E), NoOp, Move(S), NoOp];0
[NoOp, NoOp, NoOp, NoOp, Move(E), NoOp, Move(N), NoOp];0
[NoOp, NoOp, NoOp, NoOp, Move(E), NoOp, Move(N), NoOp];0
[NoOp, NoOp, NoOp, NoOp, Move(E), NoOp, Move(N), NoOp];0
[NoOp, NoOp, NoOp, NoOp, Move(E), NoOp, Move(E), NoOp];0
[NoOp, NoOp, NoOp, NoOp, Move(S), NoOp, Move(E), NoOp];0
[NoOp, NoOp, NoOp, NoOp, Move(E), NoOp, Move(E), NoOp];0
[NoOp, Move(N), NoOp, NoOp, Move(E), NoOp, Move(E), NoOp];0
[NoOp, Move(N), NoOp, NoOp, Move(E), NoOp, Move(E), NoOp];0
[NoOp, Push(N,E), NoOp, NoOp, Move(N), NoOp, Move(E), NoOp];0
[NoOp, Push(E,N), NoOp, NoOp, Move(N), NoOp, Move(S), NoOp];0
[NoOp, Move(W), NoOp, NoOp, NoOp, NoOp, Move(S), NoOp];0
[NoOp, Move(N), NoOp, NoOp, NoOp, NoOp, Move(S), NoOp];0
[NoOp, NoOp, NoOp, NoOp, Push(W,W), NoOp, Move(S), NoOp];0
[NoOp, NoOp, NoOp, NoOp, Push(W,W), NoOp, Move(S), NoOp];0
[NoOp, NoOp, NoOp, NoOp, Push(W,S), NoOp, Move(S), NoOp];0
[NoOp, NoOp, NoOp, NoOp, Push(S,W), NoOp, Move(S), NoOp];0
[NoOp, Move(S), NoOp, NoOp, Push(W,W), NoOp, Move(S), NoOp];0
[NoOp, Move(S), NoOp, NoOp, Push(W,W), NoOp, Move(S), NoOp];0
[NoOp, Move(W), NoOp, NoOp, Push(W,W), NoOp, Move(E), NoOp];0
[NoOp, Move(W), NoOp, NoOp, Push(W,W), NoOp, Move(E), NoOp];0
[NoOp, Move(W), NoOp, NoOp, Push(W,W), NoOp, Move(E), NoOp];0
[NoOp, Move(W), NoOp, NoOp, Push(W,W), NoOp, Move(E), NoOp];0
[NoOp, Move(W), NoOp, NoOp, Push(W,W), NoOp, Move(E), NoOp];0
[NoOp, Move(W), NoOp, NoOp, Push(W,W), NoOp, Move(E), NoOp];0
[NoOp, Move(S), NoOp, NoOp, Push(W,W), NoOp, Move(E), NoOp];0
[NoOp, Move(S), NoOp, NoOp, Push(W,W), NoOp, Move(E), NoOp];0
[NoOp, Move(S), NoOp, NoOp, Push(W,W), NoOp, Move(E), NoOp];0
[NoOp, Move(S), NoOp, NoOp, Push(W,W), NoOp, Move(E), NoOp];0
[NoOp, Move(S), NoOp, NoOp, Push(W,N), NoOp, Move(S), NoOp];0
[Move(S), Move(S), NoOp, NoOp, Move(W), NoOp, NoOp, NoOp];0
[Move(W), Move(S), NoOp, NoOp, Move(W), NoOp, NoOp, NoOp];0
[Move(W), Move(S), NoOp, NoOp, NoOp, NoOp, NoOp, NoOp];0
[Move(E), Move(S), NoOp, NoOp, NoOp, NoOp, NoOp, NoOp];0
[Move(E), Move(E), NoOp, NoOp, NoOp, NoOp, NoOp, NoOp];0
[Move(N), Move(E), NoOp, NoOp, NoOp, NoOp, NoOp, NoOp];0
[Push(N,W), Move(E), NoOp, NoOp, NoOp, NoOp, NoOp, NoOp];0
[Push(W,W), Move(E), NoOp, NoOp, NoOp, NoOp, NoOp, NoOp];0
[Move(E), Move(E), NoOp, NoOp, NoOp, NoOp, NoOp, NoOp];0
[Move(S), Move(E), NoOp, NoOp, NoOp, NoOp, NoOp, NoOp];0
[Move(S), Move(E), NoOp, NoOp, NoOp, NoOp, NoOp, NoOp];0
[Move(W), Move(E), NoOp, NoOp, NoOp, NoOp, NoOp, NoOp];0
[Move(W), Move(E), NoOp, NoOp, NoOp, NoOp, NoOp, NoOp];0
[Pull(E,N), Move(E), NoOp, NoOp, NoOp, NoOp, NoOp, NoOp];0
[Pull(E,W), Move(E), NoOp, NoOp, NoOp, NoOp, NoOp, NoOp];0
[Pull(E,W), Move(E), NoOp, NoOp, NoOp, NoOp, NoOp, NoOp];0
[Pull(E,W), Move(E), NoOp, NoOp, NoOp, NoOp, NoOp, NoOp];0
[Pull(E,W), Move(E), NoOp, NoOp, NoOp, NoOp, NoOp, NoOp];0
[Pull(E,W), Move(E), NoOp, NoOp, NoOp, NoOp, NoOp, NoOp];0
[Pull(E,W), Move(N), NoOp, NoOp, NoOp, NoOp, NoOp, NoOp];0
[Pull(E,W), NoOp, NoOp, NoOp, NoOp, NoOp, NoOp, NoOp];0
[Pull(N,W), NoOp, NoOp, NoOp, NoOp, NoOp, NoOp, NoOp];0
[Push(S,E), NoOp, NoOp, NoOp, NoOp, NoOp, NoOp, NoOp];0
[Push(E,E), NoOp, NoOp, NoOp, NoOp, NoOp, NoOp, NoOp];0
[Push(E,E), NoOp, NoOp, NoOp, NoOp, NoOp, NoOp, NoOp];0
[Push(E,E), NoOp, NoOp, NoOp, NoOp, NoOp, NoOp, NoOp];0
[Push(E,E), NoOp, NoOp, NoOp, NoOp, NoOp, NoOp, NoOp];0
[Push(E,E), NoOp, NoOp, NoOp, NoOp, NoOp, NoOp, NoOp];0
[Push(E,N), NoOp, NoOp, NoOp, NoOp, NoOp, NoOp, NoOp];0
[Push(N,E), NoOp, NoOp, NoOp, NoOp, NoOp, NoOp, NoOp];0
[Move(S), NoOp, NoOp, NoOp, NoOp, Move(S), NoOp, NoOp];0
[Move(W), NoOp, NoOp, NoOp, NoOp, Move(W), NoOp, NoOp];0
[Move(W), NoOp, NoOp, NoOp, NoOp, Move(W), NoOp, NoOp];0
[Move(W), NoOp, NoOp, NoOp, NoOp, Move(W), NoOp, NoOp];0
[Move(W), NoOp, NoOp, NoOp, NoOp, Move(W), NoOp, NoOp];0
[Move(W), NoOp, NoOp, NoOp, NoOp, Move(W), NoOp, NoOp];0
[Move(W), NoOp, NoOp, NoOp, NoOp, Move(W), NoOp, NoOp];0
[Move(W), NoOp, NoOp, NoOp, NoOp, Move(W), NoOp, NoOp];0
[Move(W), NoOp, NoOp, NoOp, NoOp, Move(W), NoOp, NoOp];0
[Move(W), NoOp, NoOp, NoOp, NoOp, Move(W), NoOp, NoOp];0
[Move(W), NoOp, NoOp, NoOp, NoOp, Move(W), NoOp, NoOp];0
[Move(W), NoOp, NoOp, NoOp, NoOp, Move(W), NoOp, NoOp];0
[Move(W), NoOp, NoOp, NoOp, NoOp, Move(N), NoOp, NoOp];0
[Move(N), NoOp, NoOp, NoOp, NoOp, Move(N), NoOp, NoOp];0
[Move(N), NoOp, NoOp, NoOp, NoOp, Move(N), NoOp, NoOp];0
[Move(W), NoOp, NoOp, NoOp, NoOp, Move(N), NoOp, NoOp];0
[Push(W,W), NoOp, NoOp, NoOp, NoOp, Move(N), NoOp, NoOp];0
[Move(S), NoOp, NoOp, NoOp, NoOp, Move(N), NoOp, NoOp];0
[Move(W), NoOp, NoOp, NoOp, NoOp, Move(N), NoOp, NoOp];0
[Move(E), NoOp, NoOp, NoOp, NoOp, Move(N), NoOp, NoOp];0
[Move(S), NoOp, NoOp, NoOp, NoOp, Move(N), NoOp, NoOp];0
[Move(E), NoOp, NoOp, NoOp, NoOp, Move(E), NoOp, NoOp];0
[Move(E), NoOp, NoOp, NoOp, Move(E), Move(E), NoOp, NoOp];0
[Move(E), NoOp, NoOp, NoOp, Move(E), Move(E), NoOp, NoOp];0
[Move(E), NoOp, NoOp, NoOp, Move(E), Move(E), NoOp, NoOp];0
[Move(E), NoOp, NoOp, NoOp, Move(E), Move(E), NoOp, NoOp];0
[Move(E), NoOp, NoOp, NoOp, Move(E), Move(E), NoOp, NoOp];0
[Move(E), NoOp, NoOp, NoOp, Move(E), Move(S), NoOp, NoOp];0
[Move(E), NoOp, NoOp, NoOp, Move(E), Move(E), NoOp, NoOp];0
[Move(S), NoOp, NoOp, NoOp, Move(E), Move(E), NoOp, NoOp];0
[Move(S), NoOp, NoOp, NoOp, Move(E), Pull(W,N), NoOp, NoOp];0
[Move(S), NoOp, NoOp, NoOp, Move(S), Pull(W,E), NoOp, NoOp];0
[Move(S), NoOp, NoOp, NoOp, Move(S), Pull(N,E), NoOp, NoOp];0
[Move(S), NoOp, NoOp, NoOp, Move(S), Pull(W,S), NoOp, NoOp];0
[Move(S), NoOp, NoOp, NoOp, Move(S), Pull(W,E), NoOp, NoOp];0
[Move(S), NoOp, NoOp, NoOp, Move(S), Pull(W,E), NoOp, NoOp];0
[Move(S), NoOp, NoOp, NoOp, Move(S), Pull(W,E), NoOp, NoOp];0
[Move(S), NoOp, NoOp, NoOp, Move(S), Pull(W,E), NoOp, NoOp];0
[Move(W), NoOp, NoOp, NoOp, Move(S), Pull(W,E), NoOp, NoOp];0
[Move(W), NoOp, NoOp, NoOp, Move(S), Pull(S,E), NoOp, NoOp];0
[Move(W), NoOp, NoOp, NoOp, Move(E), Push(N,W), NoOp, NoOp];0
[Move(W), NoOp, NoOp, NoOp, Move(E), Push(W,W), NoOp, NoOp];0
[Move(W), NoOp, NoOp, NoOp, Move(E), Push(W,W), NoOp, NoOp];0
[Move(W), NoOp, NoOp, NoOp, Move(E), Push(W,W), NoOp, NoOp];0
[Move(W), NoOp, NoOp, NoOp, Move(E), Push(W,W), NoOp, NoOp];0
[Move(W), NoOp, NoOp, NoOp, Move(E), Push(W,W), NoOp, NoOp];0
[Move(W), NoOp, NoOp, NoOp, Move(E), Push(W,W), NoOp, NoOp];0
[Move(N), NoOp, NoOp, NoOp, Move(E), Move(E), NoOp, NoOp];0
[Move(N), NoOp, NoOp, NoOp, Move(E), Move(E), NoOp, NoOp];0
[Move(W), NoOp, NoOp, NoOp, Move(E), Move(E), NoOp, NoOp];0
[Move(W), NoOp, NoOp, NoOp, Move(E), Move(E), NoOp, NoOp];0
[Move(W), NoOp, NoOp, NoOp, Move(E), Move(E), NoOp, NoOp];0
[Move(W), NoOp, NoOp, NoOp, Move(S), Move(E), NoOp, NoOp];0
[Move(W), NoOp, NoOp, NoOp, NoOp, Move(N), NoOp, NoOp];15
[Pull(E,W), NoOp, Move(N), NoOp, NoOp, NoOp, NoOp, NoOp];0
[Pull(E,W), NoOp, Move(W), NoOp, NoOp, NoOp, NoOp, NoOp];0
[Pull(E,W), NoOp, Move(W), NoOp, NoOp, NoOp, NoOp, NoOp];0
[Move(E), NoOp, Move(W), NoOp, NoOp, NoOp, NoOp, NoOp];0
[Move(E), NoOp, Move(W), NoOp, NoOp, NoOp, NoOp, NoOp];0
[Move(S), NoOp, Move(W), NoOp, NoOp, NoOp, NoOp, NoOp];0
[Move(S), NoOp, Move(W), NoOp, NoOp, NoOp, NoOp, NoOp];0
[Move(S), NoOp, Move(W), NoOp, NoOp, NoOp, NoOp, NoOp];0
[Move(S), NoOp, Move(W), NoOp, NoOp, NoOp, NoOp, NoOp];0
[Move(W), NoOp, Move(W), NoOp, NoOp, NoOp, NoOp, NoOp];0
[Move(W), NoOp, Move(W), NoOp, NoOp, NoOp, NoOp, NoOp];0
[Move(W), NoOp, Move(W), NoOp, NoOp, NoOp, NoOp, NoOp];0
[Move(W), NoOp, Move(W), NoOp, NoOp, NoOp, NoOp, NoOp];0
[Move(W), NoOp, Move(W), NoOp, NoOp, NoOp, NoOp, NoOp];0
[Move(W), NoOp, Move(W), NoOp, NoOp, NoOp, NoOp, NoOp];0
[Move(W), NoOp, Move(N), NoOp, NoOp, NoOp, NoOp, NoOp];0
[Move(W), NoOp, Move(N), NoOp, NoOp, NoOp, NoOp, NoOp];0
[Move(N), NoOp, Move(N), NoOp, NoOp, NoOp, NoOp, NoOp];0
[Move(N), NoOp, Move(N), NoOp, NoOp, NoOp, NoOp, NoOp];0
[Move(N), NoOp, Move(N), NoOp, NoOp, NoOp, NoOp, NoOp];0
[Move(N), NoOp, Move(N), NoOp, NoOp, NoOp, NoOp, NoOp];0
[Push(E,E), NoOp, Move(N), NoOp, NoOp, NoOp, NoOp, NoOp];0
[Push(E,E), NoOp, Move(N), NoOp, NoOp, NoOp, NoOp, NoOp];0
[Push(E,E), NoOp, Move(N), NoOp, NoOp, NoOp, NoOp, NoOp];0
[NoOp, NoOp, Move(W), NoOp, NoOp, NoOp, NoOp, NoOp];0
[NoOp, NoOp, Move(W), NoOp, NoOp, Move(S), NoOp, NoOp];0
[NoOp, NoOp, Move(W), NoOp, NoOp, Move(S), NoOp, NoOp];0
[NoOp, NoOp, Move(W), NoOp, NoOp, Move(S), NoOp, NoOp];0
[NoOp, NoOp, Move(W), NoOp, NoOp, Move(S), NoOp, NoOp];0
[NoOp, NoOp, Move(W), NoOp, NoOp, Move(S), NoOp, NoOp];0
[NoOp, NoOp, Move(N), NoOp, NoOp, Move(S), NoOp, NoOp];0
[NoOp, NoOp, Move(N), NoOp, NoOp, Move(S), NoOp, NoOp];0
[NoOp, NoOp, Move(W), NoOp, NoOp, Move(S), NoOp, NoOp];0
[NoOp, NoOp, Move(W), NoOp, NoOp, Move(S), NoOp, NoOp];0
[NoOp, NoOp, Move(S), NoOp, NoOp, Move(S), NoOp, NoOp];0
[NoOp, NoOp, Move(S), NoOp, NoOp, Move(E), NoOp, NoOp];0
[NoOp, NoOp, Pull(N,S), NoOp, NoOp, Move(E), NoOp, NoOp];0
[NoOp, NoOp, Pull(N,S), NoOp, NoOp, Move(E), NoOp, NoOp];0
[NoOp, NoOp, Pull(E,S), NoOp, NoOp, Move(E), NoOp, NoOp];0
[NoOp, NoOp, Pull(E,W), NoOp, NoOp, Move(E), NoOp, NoOp];0
[NoOp, NoOp, Pull(S,W), NoOp, NoOp, Move(E), NoOp, NoOp];0
[NoOp, NoOp, Pull(S,N), NoOp, NoOp, Move(E), NoOp, NoOp];0
[NoOp, NoOp, Pull(E,N), NoOp, NoOp, Move(E), NoOp, NoOp];0
[NoOp, NoOp, Pull(E,W), NoOp, NoOp, Move(E), NoOp, NoOp];0
[NoOp, NoOp, Pull(E,W), NoOp, NoOp, Move(E), NoOp, NoOp];0
[NoOp, NoOp, Pull(E,W), NoOp, NoOp, Move(E), NoOp, NoOp];0
[NoOp, NoOp, Pull(E,W), NoOp, NoOp, Move(N), NoOp, NoOp];0
[NoOp, NoOp, Pull(E,W), NoOp, NoOp, NoOp, NoOp, NoOp];0
[NoOp, NoOp, Pull(E,W), NoOp, NoOp, NoOp, NoOp, NoOp];0
[NoOp, NoOp, Pull(E,W), NoOp, NoOp, NoOp, NoOp, NoOp];0
[NoOp, NoOp, Pull(E,W), NoOp, NoOp, NoOp, NoOp, NoOp];0
[NoOp, NoOp, Pull(E,W), NoOp, NoOp, NoOp, NoOp, NoOp];0
[NoOp, NoOp, Pull(E,W), NoOp, NoOp, NoOp, NoOp, NoOp];0
[NoOp, NoOp, Pull(E,W), NoOp, NoOp, NoOp, NoOp, NoOp];0
[NoOp, NoOp, Pull(S,W), NoOp, NoOp, NoOp, NoOp, NoOp];0
[NoOp, NoOp, Pull(E,N), NoOp, NoOp, NoOp, NoOp, NoOp];0
[NoOp, NoOp, Pull(S,W), NoOp, NoOp, NoOp, NoOp, NoOp];0
[NoOp, NoOp, Move(S), Pull(E,W), NoOp, NoOp, NoOp, NoOp];0
[NoOp, NoOp, NoOp, Pull(N,W), NoOp, NoOp, NoOp, NoOp];0
[NoOp, NoOp, NoOp, Pull(N,S), NoOp, NoOp, NoOp, NoOp];0
[NoOp, NoOp, NoOp, Pull(E,S), NoOp, NoOp, NoOp, NoOp];0
[NoOp, NoOp, NoOp, Pull(E,W), NoOp, NoOp, NoOp, NoOp];0
[NoOp, NoOp, NoOp, Pull(E,W), NoOp, NoOp, NoOp, NoOp];0
[NoOp, NoOp, NoOp, Pull(E,W), NoOp, NoOp, NoOp, NoOp];0
[NoOp, NoOp, NoOp, Pull(E,W), NoOp, NoOp, NoOp, NoOp];0
[NoOp, NoOp, NoOp, Pull(E,W), NoOp, NoOp, NoOp, NoOp];0
[NoOp, NoOp, NoOp, Pull(E,W), NoOp, NoOp, NoOp, NoOp];0
[NoOp, NoOp, NoOp, Pull(E,W), NoOp, NoOp, NoOp, NoOp];0
[NoOp, NoOp, NoOp, Pull(E,W), NoOp, NoOp, NoOp, NoOp];0
[NoOp, NoOp, NoOp, Pull(E,W), NoOp, NoOp, NoOp, NoOp];0
[NoOp, NoOp, NoOp, Pull(E,W), NoOp, NoOp, NoOp, NoOp];0
[NoOp, NoOp, NoOp, Pull(E,W), NoOp, NoOp, NoOp, NoOp];0
[NoOp, NoOp, NoOp, Pull(S,W), NoOp, NoOp, NoOp, NoOp];0
[NoOp, NoOp, NoOp, Pull(S,N), NoOp, NoOp, NoOp, NoOp];0
[NoOp, NoOp, NoOp, Pull(S,N), NoOp, NoOp, NoOp, NoOp];0
[NoOp, NoOp, NoOp, Push(N,E), NoOp, NoOp, NoOp, NoOp];0
[NoOp, NoOp, Move(E), Move(N), NoOp, NoOp, NoOp, NoOp];0
[NoOp, NoOp, Move(E), Move(N), NoOp, NoOp, NoOp, NoOp];0
[NoOp, NoOp, Move(N), Move(N), NoOp, NoOp, NoOp, NoOp];0
[NoOp, NoOp, Move(N), NoOp, NoOp, NoOp, NoOp, NoOp];0
[NoOp, NoOp, Move(W), NoOp, NoOp, NoOp, NoOp, NoOp];0
[NoOp, NoOp, NoOp, NoOp, NoOp, NoOp, NoOp, Move(S)];0
[NoOp, NoOp, NoOp, NoOp, NoOp, NoOp, NoOp, Move(W)];0
[NoOp, NoOp, NoOp, NoOp, NoOp, NoOp, NoOp, Move(W)];0
[NoOp, NoOp, NoOp, NoOp, NoOp, NoOp, NoOp, Move(W)];0
[NoOp, NoOp, NoOp, NoOp, NoOp, NoOp, NoOp, Move(W)];0
[NoOp, NoOp, NoOp, NoOp, NoOp, NoOp, NoOp, Move(W)];0
[NoOp, NoOp, NoOp, NoOp, NoOp, NoOp, NoOp, Move(W)];0
[NoOp, NoOp, NoOp, NoOp, NoOp, NoOp, NoOp, Move(W)];0
[NoOp, NoOp, NoOp, NoOp, NoOp, NoOp, NoOp, Move(W)];0
[NoOp, NoOp, NoOp, NoOp, NoOp, NoOp, NoOp, Move(W)];0
[NoOp, NoOp, NoOp, NoOp, NoOp, NoOp, NoOp, Move(N)];0
[NoOp, NoOp, NoOp, NoOp, NoOp, NoOp, NoOp, Move(N)];0
[NoOp, NoOp, NoOp, NoOp, NoOp, NoOp, NoOp, Move(N)];0
[NoOp, NoOp, NoOp, NoOp, NoOp, NoOp, NoOp, Move(N)];0
[NoOp, NoOp, NoOp, NoOp, NoOp, NoOp, NoOp, Move(N)];0
[NoOp, NoOp, NoOp, NoOp, NoOp, NoOp, NoOp, Move(N)];0
[NoOp, NoOp, NoOp, NoOp, NoOp, NoOp, NoOp, Move(N)];0
[NoOp, NoOp, NoOp, NoOp, NoOp, NoOp, NoOp, Move(N)];0
[NoOp, NoOp, NoOp, NoOp, NoOp, NoOp, NoOp, Move(N)];0
[NoOp, NoOp, NoOp, NoOp, NoOp, NoOp, NoOp, Move(E)];0
[NoOp, NoOp, NoOp, NoOp, NoOp, NoOp, NoOp, Move(E)];0
[NoOp, NoOp, NoOp, NoOp, NoOp, NoOp, NoOp, Move(E)];0
[NoOp, NoOp, NoOp, NoOp, NoOp, NoOp, NoOp, Move(E)];0
[NoOp, NoOp, NoOp, NoOp, NoOp, NoOp, NoOp, Move(E)];0
[NoOp, NoOp, NoOp, NoOp, NoOp, NoOp, NoOp, Move(E)];0
[NoOp, NoOp, NoOp, NoOp, NoOp, NoOp, NoOp, Move(S)];0
[NoOp, NoOp, NoOp, Move(S), NoOp, NoOp, NoOp, Move(S)];0
[NoOp, NoOp, NoOp, Move(W), NoOp, NoOp, NoOp, Move(S)];0
[NoOp, NoOp, NoOp, Move(W), NoOp, NoOp, NoOp, Move(E)];0
[NoOp, NoOp, NoOp, Move(W), NoOp, NoOp, NoOp, Move(E)];0
[NoOp, NoOp, NoOp, Move(W), NoOp, NoOp, NoOp, Pull(W,N)];0
[NoOp, NoOp, Move(S), Move(W), NoOp, NoOp, NoOp, Pull(W,E)];0
[NoOp, NoOp, Move(S), Move(W), NoOp, NoOp, NoOp, Pull(N,E)];0
[NoOp, NoOp, Move(W), Move(S), NoOp, NoOp, NoOp, Pull(N,S)];0
[NoOp, NoOp, Move(W), Move(S), NoOp, NoOp, NoOp, Pull(N,S)];0
[NoOp, NoOp, Move(N), Move(S), NoOp, NoOp, NoOp, Pull(W,S)];0
[NoOp, NoOp, Move(N), Move(S), NoOp, NoOp, NoOp, Pull(W,E)];0
[NoOp, NoOp, Move(N), Move(S), NoOp, NoOp, NoOp, Pull(W,E)];0
[NoOp, NoOp, Move(W), Move(S), NoOp, NoOp, NoOp, Pull(W,E)];0
[NoOp, NoOp, Move(W), Move(S), NoOp, NoOp, NoOp, Pull(W,E)];0
[NoOp, NoOp, Move(W), Move(S), NoOp, NoOp, NoOp, Pull(W,E)];0
[NoOp, NoOp, Move(W), Move(S), NoOp, NoOp, NoOp, Pull(W,E)];0
[NoOp, NoOp, Move(W), Move(E), NoOp, NoOp, NoOp, Pull(W,E)];0
[NoOp, NoOp, Move(W), Move(E), NoOp, NoOp, NoOp, Pull(W,E)];0
[NoOp, NoOp, Move(S), Move(E), NoOp, NoOp, NoOp, Pull(W,E)];0
[NoOp, NoOp, Move(S), Move(E), NoOp, NoOp, NoOp, Pull(W,E)];0
[NoOp, NoOp, Move(S), Move(E), NoOp, NoOp, NoOp, Pull(W,E)];0
[NoOp, NoOp, Move(S), Move(E), NoOp, NoOp, NoOp, Pull(S,E)];0
[NoOp, NoOp, Move(S), Move(E), NoOp, NoOp, NoOp, Pull(S,N)];0
[NoOp, NoOp, Move(S), Move(E), NoOp, NoOp, NoOp, Pull(W,N)];0
[NoOp, NoOp, Move(S), Move(E), NoOp, NoOp, NoOp, Pull(S,E)];0
119b173b5608596d045f2cd1413709ab72a4db82
successful
902
842
d59990df0d403546e50fc7758dd77ffcab96ff61
1495040455800
