green: 1,A,F,K,P,U
red: 0,B,G,L,Q,V
yellow: 2,C,H,M,R
blue: 3,D,I,N,S
pink: 4,E,J,O,T
++++++++++++++++
+0 A   E    B 2+
++++    O   ++++
+1   G    F    +
+  V    H   T+ +
+ P  K     I +C+
+ L     J    +3+
+    M     N +++
+ S R   Q   U  +
+g+j+m+p+s+v++D+
+f+i+l+o+r+u++ +
+e+h+k+n+q+t++4+
++++++++++++++++

[NoOp, Move(E), NoOp, NoOp, NoOp];567
[NoOp, Move(E), NoOp, NoOp, NoOp];0
[NoOp, Move(E), NoOp, NoOp, NoOp];0
[NoOp, Move(N), NoOp, NoOp, NoOp];0
[NoOp, Move(N), NoOp, NoOp, NoOp];0
[NoOp, Pull(S,W), NoOp, NoOp, NoOp];0
[NoOp, Push(N,E), NoOp, NoOp, NoOp];0
[Move(E), Push(E,E), NoOp, NoOp, NoOp];0
[Move(E), NoOp, NoOp, NoOp, NoOp];0
[Move(E), NoOp, NoOp, NoOp, NoOp];0
[Move(S), NoOp, NoOp, NoOp, NoOp];0
[Move(E), NoOp, NoOp, NoOp, NoOp];0
[Move(E), NoOp, NoOp, NoOp, NoOp];0
[Move(S), NoOp, NoOp, NoOp, NoOp];0
[Move(S), NoOp, NoOp, NoOp, NoOp];0
[Move(S), NoOp, NoOp, NoOp, NoOp];0
[Move(E), Move(S), NoOp, NoOp, NoOp];0
[Move(S), Move(E), NoOp, NoOp, NoOp];0
[Move(S), Move(S), NoOp, NoOp, NoOp];0
[Move(E), Move(S), NoOp, NoOp, NoOp];0
[Push(S,E), Move(S), NoOp, NoOp, NoOp];0
[Push(E,S), Push(W,S), NoOp, NoOp, NoOp];0
[Push(S,S), Push(S,E), NoOp, NoOp, NoOp];0
[Push(S,S), Push(E,S), NoOp, NoOp, NoOp];0
[Move(N), Push(S,S), NoOp, NoOp, NoOp];0
[Move(N), Push(S,W), NoOp, NoOp, NoOp];15
[Move(N), Push(W,S), NoOp, NoOp, NoOp];0
[Move(E), Push(S,S), NoOp, NoOp, NoOp];0
[Move(N), Push(S,S), NoOp, NoOp, NoOp];0
[Move(N), NoOp, NoOp, NoOp, NoOp];0
[Move(N), NoOp, NoOp, NoOp, NoOp];0
[Move(E), NoOp, NoOp, NoOp, NoOp];0
[Move(N), NoOp, NoOp, NoOp, NoOp];0
[Move(N), NoOp, NoOp, NoOp, NoOp];0
[Move(N), NoOp, NoOp, NoOp, NoOp];0
[Pull(W,E), NoOp, Move(W), NoOp, NoOp];0
[Pull(W,E), NoOp, Move(W), NoOp, NoOp];0
[Pull(S,E), NoOp, Move(W), NoOp, NoOp];0
[NoOp, NoOp, Move(S), NoOp, NoOp];0
[NoOp, NoOp, Move(S), NoOp, NoOp];0
[NoOp, NoOp, Move(E), NoOp, NoOp];0
[NoOp, NoOp, Move(E), NoOp, NoOp];0
[NoOp, NoOp, Move(E), NoOp, NoOp];0
[NoOp, NoOp, Move(S), NoOp, NoOp];0
[NoOp, NoOp, Pull(N,S), NoOp, NoOp];0
[NoOp, NoOp, Pull(W,S), Move(N), NoOp];0
[NoOp, NoOp, Pull(W,E), Move(N), NoOp];0
[NoOp, NoOp, Pull(W,E), Move(N), NoOp];0
[NoOp, NoOp, Pull(N,E), Move(W), NoOp];0
[NoOp, NoOp, Pull(N,S), Move(W), NoOp];0
[NoOp, NoOp, Pull(W,S), Move(W), NoOp];0
[NoOp, NoOp, Move(S), Move(S), NoOp];16
[NoOp, NoOp, Move(E), Move(W), NoOp];0
[NoOp, NoOp, Move(S), Move(S), NoOp];0
[NoOp, NoOp, Move(S), Move(S), NoOp];0
[NoOp, NoOp, Move(W), Move(E), NoOp];0
[NoOp, NoOp, Move(W), Push(S,S), NoOp];0
[NoOp, NoOp, Push(W,S), Push(S,W), NoOp];0
[NoOp, NoOp, Push(S,W), Push(W,W), NoOp];0
[NoOp, NoOp, Push(W,S), Push(W,W), NoOp];15
[NoOp, Move(N), Push(S,W), Push(W,W), NoOp];0
[NoOp, Move(N), Push(W,W), Push(W,S), NoOp];16
[NoOp, Move(E), Push(W,W), Push(S,S), NoOp];0
[NoOp, Move(E), Push(W,W), Push(S,S), NoOp];31
[NoOp, Move(E), Push(W,S), NoOp, NoOp];0
[Move(S), Move(E), Push(S,S), NoOp, NoOp];0
[Move(S), Move(E), Push(S,S), NoOp, NoOp];0
[Move(W), Move(E), Push(S,S), NoOp, NoOp];0
[Move(W), Pull(N,E), Push(S,S), Move(N), NoOp];0
[Move(W), Pull(N,S), Move(N), Move(N), NoOp];0
[Move(W), Pull(W,S), Move(N), Move(E), NoOp];0
[Move(W), Pull(N,E), Push(E,E), Move(E), NoOp];0
[Move(S), Pull(N,S), Push(E,E), Move(E), NoOp];0
[Move(W), NoOp, Push(E,E), Move(E), NoOp];0
[Move(S), NoOp, Push(E,E), Move(E), NoOp];0
[Pull(E,W), NoOp, Push(E,E), Move(E), NoOp];0
[Pull(E,W), NoOp, Push(E,S), Move(E), NoOp];0
[Pull(E,W), NoOp, Push(S,S), Pull(W,S), Move(N)];0
[Pull(S,W), NoOp, NoOp, Pull(W,E), Move(N)];0
[Pull(S,N), NoOp, NoOp, Pull(W,E), Move(N)];0
[Pull(E,N), NoOp, NoOp, Pull(S,E), Move(W)];0
[Push(W,W), NoOp, NoOp, Push(N,W), Move(W)];0
[Push(W,S), NoOp, NoOp, Push(W,W), Move(N)];0
[Push(S,S), NoOp, NoOp, Move(N), Move(N)];0
[NoOp, NoOp, NoOp, Move(E), Move(N)];0
[NoOp, NoOp, NoOp, Move(N), NoOp];0
[NoOp, NoOp, NoOp, Pull(W,N), Pull(S,N)];0
[NoOp, NoOp, NoOp, Pull(S,E), Pull(S,N)];0
[NoOp, NoOp, NoOp, Pull(W,N), Pull(W,N)];0
[NoOp, NoOp, NoOp, Pull(W,E), Pull(S,E)];0
[NoOp, NoOp, NoOp, Pull(W,E), Pull(E,N)];0
[NoOp, NoOp, NoOp, Pull(W,E), Push(W,S)];0
[NoOp, NoOp, NoOp, Pull(S,E), Push(S,S)];0
[NoOp, NoOp, NoOp, Pull(W,N), Push(S,S)];0
[NoOp, NoOp, NoOp, Pull(W,E), Move(N)];0
[NoOp, NoOp, NoOp, Pull(N,E), Move(N)];0
[NoOp, NoOp, NoOp, Push(S,W), Move(N)];0
[NoOp, NoOp, NoOp, Push(W,S), Move(W)];0
[NoOp, NoOp, NoOp, Push(S,S), Move(N)];0
[NoOp, NoOp, NoOp, NoOp, Move(W)];0
[NoOp, NoOp, NoOp, NoOp, Move(N)];0
[NoOp, NoOp, NoOp, NoOp, Move(N)];0
[NoOp, NoOp, NoOp, NoOp, Move(N)];0
[NoOp, NoOp, NoOp, NoOp, Move(W)];0
[NoOp, NoOp, NoOp, NoOp, Move(W)];0
[NoOp, NoOp, NoOp, NoOp, Move(N)];0
[NoOp, NoOp, NoOp, NoOp, Pull(S,N)];0
[NoOp, NoOp, NoOp, NoOp, Push(N,W)];0
[NoOp, NoOp, NoOp, NoOp, Push(W,W)];0
[NoOp, NoOp, NoOp, NoOp, Push(W,W)];0
[NoOp, NoOp, NoOp, NoOp, Push(W,S)];0
[NoOp, NoOp, NoOp, NoOp, Push(S,W)];0
[NoOp, NoOp, NoOp, NoOp, Push(W,W)];0
[NoOp, NoOp, NoOp, NoOp, Push(W,W)];0
[NoOp, NoOp, NoOp, NoOp, Push(W,S)];0
[NoOp, NoOp, NoOp, NoOp, Push(S,S)];0
[NoOp, NoOp, NoOp, NoOp, Push(S,S)];0
[NoOp, NoOp, NoOp, NoOp, Push(S,S)];0
[NoOp, NoOp, NoOp, NoOp, Push(S,S)];0
[NoOp, NoOp, NoOp, NoOp, Push(S,S)];0
[NoOp, NoOp, NoOp, NoOp, Push(S,S)];0
[NoOp, NoOp, NoOp, NoOp, Push(S,S)];0
[NoOp, Pull(W,N), NoOp, NoOp, Move(N)];0
[NoOp, Pull(S,E), NoOp, NoOp, Move(N)];0
[NoOp, Pull(W,N), NoOp, NoOp, Move(N)];0
[NoOp, Pull(W,E), NoOp, NoOp, Move(N)];0
[NoOp, Pull(W,E), NoOp, NoOp, Move(E)];0
[NoOp, Pull(S,E), NoOp, NoOp, Move(E)];16
[NoOp, Pull(W,N), NoOp, NoOp, Move(N)];0
[NoOp, Pull(W,E), NoOp, NoOp, Move(E)];0
[NoOp, Pull(W,E), NoOp, NoOp, Move(E)];0
[NoOp, Pull(S,E), NoOp, NoOp, Move(E)];0
[NoOp, Push(N,W), NoOp, NoOp, Move(N)];0
[NoOp, Push(W,S), NoOp, NoOp, Move(N)];0
[NoOp, Push(S,W), NoOp, NoOp, Move(E)];0
[NoOp, Push(W,S), NoOp, NoOp, Move(E)];0
[NoOp, Push(S,S), NoOp, NoOp, Pull(S,N)];0
[NoOp, Push(S,S), NoOp, NoOp, Pull(E,N)];0
[NoOp, Move(N), NoOp, NoOp, Push(W,W)];0
[NoOp, Move(N), NoOp, NoOp, Push(W,S)];0
[NoOp, Move(E), NoOp, NoOp, Push(S,S)];16
[NoOp, Move(E), NoOp, NoOp, Push(S,S)];0
[NoOp, Move(S), NoOp, NoOp, Push(S,S)];0
[NoOp, Move(E), NoOp, NoOp, Push(S,S)];0
[NoOp, Move(E), NoOp, NoOp, Push(S,S)];0
[NoOp, Move(E), NoOp, NoOp, NoOp];0
[NoOp, Move(E), NoOp, NoOp, NoOp];0
[NoOp, Move(E), NoOp, NoOp, NoOp];0
[NoOp, Move(N), NoOp, Move(N), Move(N)];0
[NoOp, Move(E), NoOp, Move(E), Move(N)];0
[NoOp, Move(N), NoOp, Move(E), Move(N)];0
[NoOp, Move(N), NoOp, Move(E), Pull(W,E)];0
[Move(N), Push(E,S), NoOp, Move(E), Pull(S,E)];0
[Move(W), Push(S,E), NoOp, Move(E), Push(N,W)];0
[NoOp, Push(E,S), NoOp, NoOp, Push(W,W)];0
[NoOp, Push(S,S), NoOp, NoOp, Push(W,S)];0
[NoOp, Push(S,S), NoOp, NoOp, Push(S,W)];0
[NoOp, Push(S,S), NoOp, Push(E,E), Push(W,S)];0
[Move(N), NoOp, NoOp, Push(E,E), Push(S,S)];0
[Move(N), NoOp, Move(N), NoOp, NoOp];0
[Move(E), NoOp, Move(N), NoOp, NoOp];0
[Move(N), NoOp, Move(W), Move(W), NoOp];0
[Move(N), NoOp, Move(W), Move(W), NoOp];0
[Pull(S,N), NoOp, Move(W), Move(W), NoOp];0
[Pull(W,N), NoOp, Push(W,S), Move(W), NoOp];0
[Pull(S,E), NoOp, Push(S,S), Move(N), NoOp];0
[Pull(E,N), NoOp, NoOp, Move(W), NoOp];0
[Push(W,W), NoOp, NoOp, Move(W), NoOp];0
[Push(W,W), NoOp, NoOp, Move(W), NoOp];0
[Push(W,W), NoOp, NoOp, Move(W), NoOp];0
[Push(W,S), NoOp, NoOp, Pull(E,S), NoOp];0
[Push(S,S), NoOp, NoOp, Pull(E,W), NoOp];0
[Push(S,S), NoOp, NoOp, Pull(E,W), NoOp];0
[NoOp, NoOp, NoOp, Pull(E,W), NoOp];0
[NoOp, NoOp, NoOp, Pull(N,W), NoOp];0
[NoOp, NoOp, NoOp, Push(S,S), NoOp];0
[NoOp, NoOp, NoOp, Push(S,E), NoOp];0
[NoOp, NoOp, NoOp, Push(E,E), NoOp];0
[NoOp, NoOp, NoOp, Push(E,E), NoOp];0
[NoOp, NoOp, NoOp, Push(E,S), NoOp];0
[NoOp, NoOp, NoOp, Move(E), NoOp];0
[NoOp, NoOp, NoOp, Push(E,E), NoOp];0
[NoOp, NoOp, NoOp, Push(E,E), NoOp];0
[NoOp, Move(N), NoOp, NoOp, NoOp];0
[NoOp, Move(N), NoOp, NoOp, NoOp];0
[NoOp, Move(W), NoOp, NoOp, NoOp];0
[NoOp, Move(W), NoOp, NoOp, NoOp];0
[NoOp, Move(W), NoOp, NoOp, NoOp];0
[NoOp, Move(W), NoOp, NoOp, NoOp];0
[NoOp, Move(W), NoOp, NoOp, NoOp];0
[NoOp, Move(W), NoOp, NoOp, NoOp];0
[NoOp, Move(N), NoOp, NoOp, NoOp];0
[NoOp, Move(N), NoOp, NoOp, NoOp];0
[NoOp, Move(W), NoOp, NoOp, NoOp];0
[NoOp, Move(W), NoOp, NoOp, NoOp];0
[NoOp, Pull(E,W), NoOp, NoOp, NoOp];0
[Move(N), Pull(S,W), NoOp, NoOp, NoOp];0
[Move(E), Push(N,E), NoOp, NoOp, NoOp];0
[Move(N), Push(E,E), NoOp, NoOp, NoOp];0
[Move(E), Push(E,S), NoOp, NoOp, NoOp];0
[Move(N), Push(S,S), NoOp, NoOp, NoOp];0
[Push(N,E), Push(S,S), NoOp, NoOp, NoOp];0
[Push(E,E), Push(S,E), NoOp, NoOp, NoOp];0
[Push(E,E), Push(E,S), NoOp, NoOp, NoOp];0
[Push(E,E), NoOp, NoOp, NoOp, NoOp];0
[Push(E,S), NoOp, NoOp, NoOp, NoOp];0
[Push(S,S), NoOp, NoOp, NoOp, NoOp];0
[Push(S,S), NoOp, NoOp, NoOp, NoOp];0
[Push(S,E), NoOp, NoOp, NoOp, NoOp];0
[Push(E,S), NoOp, NoOp, NoOp, NoOp];0
[Push(S,E), NoOp, NoOp, NoOp, NoOp];0
[Push(E,E), NoOp, NoOp, NoOp, NoOp];0
[Push(E,E), NoOp, NoOp, NoOp, NoOp];0
[Push(E,S), NoOp, NoOp, NoOp, NoOp];0
a6e49be4bf948a07806fefa1c531d2ddbe38aaf0
successful
692
214
20748af8d2742361f5b29526b9dd62392c52c8c7
1495040456982
