red: 0,A,E
green: 1,B
cyan: 2,C,D
+++++++++++++++++++++++++++++++++
+0    +               1         +
+ + + +++++++++++++++++++ + + + +
+ a B +         c   +   b     A +
+ + + + +++++++++++++++++ + + + +
+             2C                +
+++ +++++++++++++++++++++++++ +++
+++             Dd            +++
+++ +++++++++++++++++++++++++ +++
+++             eE            +++
+++ +++++++++++++++++++++++++ +++
+++             Bb            +++
+++ +++++++++++++++++++++++++ +++
+++             Bb            +++
+++ +++++++++++++++++++++++++ +++
+++             Bb            +++
+++++++++++++++++++++++++++++++++

[Move(S), NoOp, Move(W)];509
[Move(S), NoOp, Move(W)];0
[Move(E), NoOp, Move(W)];0
[Move(E), NoOp, Move(W)];0
[Move(S), NoOp, Move(W)];0
[Move(S), NoOp, Move(W)];0
[Move(S), NoOp, Move(W)];0
[Move(S), NoOp, Move(W)];0
[Move(S), NoOp, Move(W)];0
[Move(S), NoOp, Move(W)];0
[Move(E), NoOp, Move(W)];0
[Move(E), NoOp, Move(S)];0
[Move(E), NoOp, Move(S)];0
[Move(E), NoOp, Move(E)];0
[Move(E), NoOp, Move(E)];0
[Move(E), NoOp, Move(E)];0
[Move(E), NoOp, Move(E)];0
[Move(E), NoOp, Move(E)];0
[Move(E), NoOp, Move(E)];0
[Move(E), NoOp, Move(E)];0
[Move(E), NoOp, Move(E)];0
[Move(E), NoOp, Move(E)];0
[Move(E), NoOp, Move(E)];0
[Push(E,E), NoOp, Move(E)];0
[Push(E,E), NoOp, Move(E)];0
[Push(E,E), NoOp, Push(E,E)];0
[Push(E,E), NoOp, Move(W)];0
[Push(E,E), NoOp, Move(W)];0
[Push(E,E), NoOp, Move(W)];0
[Push(E,E), NoOp, Move(W)];0
[Push(E,E), NoOp, Move(W)];0
[Push(E,E), NoOp, Move(W)];0
[Push(E,E), NoOp, Move(W)];0
[Push(E,E), NoOp, Move(W)];0
[Push(E,E), NoOp, Move(W)];0
[Push(E,S), NoOp, Move(W)];0
[Push(S,S), NoOp, Move(W)];0
[NoOp, NoOp, Move(W)];0
[NoOp, NoOp, Move(W)];0
[NoOp, NoOp, Move(N)];0
[NoOp, NoOp, Move(N)];0
[NoOp, NoOp, Move(E)];0
[NoOp, NoOp, Move(E)];0
[NoOp, NoOp, Move(E)];0
[NoOp, NoOp, Move(E)];0
[NoOp, NoOp, Move(E)];0
[NoOp, NoOp, Move(E)];0
[NoOp, NoOp, Move(E)];0
[NoOp, NoOp, Move(E)];0
[NoOp, NoOp, Move(E)];0
[NoOp, NoOp, Move(E)];0
[NoOp, NoOp, Move(E)];0
[NoOp, Move(E), Pull(W,E)];0
[NoOp, Move(E), Pull(W,E)];0
[NoOp, Move(E), Pull(W,E)];0
[NoOp, Move(E), Pull(W,E)];0
[NoOp, Move(E), Pull(W,E)];0
[NoOp, Move(E), Pull(W,E)];0
[NoOp, Move(E), Pull(W,E)];0
[NoOp, Move(S), Pull(N,E)];0
[NoOp, Move(S), Pull(N,S)];0
[NoOp, Move(S), Pull(E,S)];0
[NoOp, Move(S), Pull(E,W)];0
[NoOp, Move(S), Pull(E,W)];0
[NoOp, Move(S), Pull(E,W)];0
[NoOp, Move(S), Pull(E,W)];0
[NoOp, Move(S), Pull(E,W)];0
[NoOp, Move(W), Pull(E,W)];0
[Move(N), Move(W), Pull(E,W)];0
[Move(N), Move(W), Pull(E,W)];0
[Move(N), Move(W), Pull(E,W)];0
[Move(N), Move(W), NoOp];0
[Move(N), Move(W), NoOp];0
[Move(N), Move(W), NoOp];0
[Move(N), Move(W), NoOp];0
[NoOp, Move(W), NoOp];0
[NoOp, Move(W), NoOp];0
[NoOp, Move(W), NoOp];0
[NoOp, Move(W), NoOp];0
[NoOp, Move(W), NoOp];0
[NoOp, Move(W), NoOp];0
[NoOp, Move(W), NoOp];0
[NoOp, Move(W), NoOp];0
[NoOp, Move(W), NoOp];0
[NoOp, Move(W), NoOp];0
[NoOp, Move(W), NoOp];0
[NoOp, Move(W), NoOp];0
[NoOp, Move(W), NoOp];0
[NoOp, Move(W), NoOp];0
[NoOp, Move(W), NoOp];0
[NoOp, Move(W), NoOp];0
[NoOp, Move(W), NoOp];0
[NoOp, Move(W), NoOp];0
[NoOp, Move(N), NoOp];0
[NoOp, Move(N), NoOp];0
[NoOp, Move(N), NoOp];0
[NoOp, Move(N), NoOp];0
[NoOp, Move(N), NoOp];0
[NoOp, Move(N), NoOp];0
[NoOp, Pull(W,E), NoOp];0
[NoOp, Push(E,S), NoOp];0
[NoOp, Push(S,S), NoOp];0
[NoOp, Push(S,S), NoOp];0
[NoOp, Push(S,S), NoOp];0
[NoOp, Push(S,S), NoOp];0
[NoOp, Push(S,S), NoOp];0
[NoOp, Push(S,E), NoOp];0
[NoOp, Push(E,E), NoOp];0
[NoOp, Push(E,E), NoOp];0
[NoOp, Push(E,E), NoOp];0
[NoOp, Push(E,E), NoOp];0
[NoOp, Push(E,E), NoOp];0
[NoOp, Push(E,E), NoOp];0
[NoOp, Push(E,E), NoOp];0
[NoOp, Push(E,E), NoOp];0
[NoOp, Push(E,E), NoOp];0
[NoOp, Push(E,E), NoOp];0
[NoOp, Push(E,E), NoOp];0
[NoOp, Push(E,E), NoOp];0
[NoOp, Push(E,E), NoOp];0
[NoOp, Push(E,E), NoOp];0
[NoOp, Push(E,E), NoOp];0
[NoOp, Push(E,E), NoOp];0
[NoOp, Push(E,E), NoOp];0
[NoOp, Push(E,E), NoOp];0
[NoOp, Push(E,E), NoOp];0
[NoOp, Push(E,E), NoOp];0
[NoOp, Push(E,E), NoOp];0
[NoOp, Push(E,E), NoOp];0
[NoOp, Push(E,E), NoOp];0
[NoOp, Push(E,E), NoOp];0
[NoOp, Push(E,E), NoOp];0
[NoOp, Push(E,N), NoOp];0
[NoOp, Push(N,N), NoOp];0
[NoOp, Push(N,N), NoOp];0
[Push(E,E), Push(N,N), NoOp];0
[Push(E,S), Push(N,W), NoOp];0
[Push(S,S), Push(W,W), NoOp];0
[Push(S,W), Push(W,W), NoOp];0
[Push(W,W), Push(W,W), NoOp];0
[Push(W,S), Push(W,N), NoOp];0
[Push(S,S), Push(N,N), NoOp];0
[Push(S,S), Push(N,W), NoOp];0
[Push(S,S), NoOp, NoOp];0
[Push(S,W), NoOp, NoOp];0
[Push(W,W), NoOp, NoOp];0
[Push(W,W), NoOp, NoOp];0
[Push(W,W), NoOp, NoOp];0
[Push(W,W), NoOp, NoOp];0
[Push(W,W), NoOp, NoOp];0
[Push(W,W), NoOp, NoOp];0
[Push(W,W), NoOp, NoOp];0
[Push(W,W), NoOp, NoOp];0
[Push(W,W), NoOp, NoOp];0
[Push(W,W), NoOp, NoOp];0
[Push(W,W), NoOp, NoOp];0
[Push(W,W), NoOp, NoOp];0
[Push(W,W), NoOp, NoOp];0
[Push(W,W), NoOp, NoOp];0
[Push(W,W), NoOp, NoOp];0
[Push(W,W), NoOp, NoOp];0
[Push(W,W), NoOp, NoOp];0
[Push(W,W), NoOp, NoOp];0
[Push(W,W), NoOp, NoOp];0
[Push(W,W), NoOp, NoOp];0
[Push(W,W), NoOp, NoOp];0
[Push(W,W), NoOp, NoOp];0
[Push(W,W), NoOp, NoOp];0
[Push(W,W), NoOp, NoOp];0
[Push(W,W), NoOp, NoOp];0
[Push(W,N), NoOp, NoOp];0
[Push(N,N), NoOp, NoOp];0
[Push(N,N), NoOp, NoOp];0
[Push(N,N), NoOp, NoOp];0
[Push(N,N), NoOp, NoOp];0
[Push(N,N), NoOp, NoOp];0
[Push(N,W), NoOp, NoOp];0
[Move(S), NoOp, NoOp];0
[Move(S), NoOp, NoOp];0
[Move(S), NoOp, NoOp];0
[Move(S), NoOp, NoOp];0
[Move(S), NoOp, NoOp];0
[Move(S), NoOp, NoOp];0
[Move(E), NoOp, NoOp];0
[Move(E), NoOp, NoOp];0
[Move(E), NoOp, NoOp];0
[Move(E), NoOp, NoOp];0
[Move(E), NoOp, NoOp];0
[Move(E), NoOp, NoOp];0
[Move(E), NoOp, NoOp];0
[Move(E), NoOp, NoOp];0
[Move(E), NoOp, NoOp];0
[Move(E), NoOp, NoOp];0
[Move(E), NoOp, NoOp];0
[Move(E), NoOp, NoOp];0
[Move(E), NoOp, NoOp];0
[Move(E), NoOp, NoOp];0
[Move(E), NoOp, NoOp];0
[Move(E), NoOp, NoOp];0
[Move(E), NoOp, NoOp];0
[Move(E), NoOp, NoOp];0
[Move(E), NoOp, NoOp];0
[Move(E), NoOp, NoOp];0
[Move(E), NoOp, NoOp];0
[Move(E), Move(S), NoOp];0
[Move(E), Move(S), NoOp];0
[Move(E), Move(E), NoOp];0
[Move(E), Move(E), NoOp];0
[Move(E), Move(E), NoOp];0
[Move(S), Move(E), NoOp];0
[NoOp, Move(S), NoOp];0
[NoOp, Move(S), NoOp];0
[NoOp, Move(S), NoOp];0
[NoOp, Move(S), NoOp];0
[NoOp, Move(W), NoOp];0
[NoOp, Move(W), NoOp];0
[NoOp, Move(W), NoOp];0
[NoOp, Move(W), NoOp];0
[NoOp, Move(W), NoOp];0
[NoOp, Move(W), NoOp];0
[NoOp, Move(W), NoOp];0
[NoOp, Move(W), NoOp];0
[NoOp, Move(W), NoOp];0
[NoOp, Move(W), NoOp];0
[NoOp, Move(W), NoOp];0
[NoOp, Move(W), NoOp];0
[Pull(N,S), Move(W), NoOp];0
[Pull(N,S), Move(W), NoOp];0
[Push(S,W), Move(W), NoOp];0
[Push(W,W), Move(W), NoOp];0
[Push(W,W), Move(W), NoOp];0
[Push(W,W), Move(W), NoOp];0
[Push(W,W), Move(W), NoOp];0
[Push(W,W), Move(W), NoOp];0
[Push(W,W), Move(W), NoOp];0
[Push(W,W), Move(W), NoOp];0
[Push(W,W), Move(W), NoOp];0
[Push(W,W), Move(W), NoOp];0
[Push(W,W), Move(W), NoOp];0
[Push(W,W), Move(W), NoOp];0
[Push(W,W), Move(S), NoOp];0
[NoOp, Move(S), NoOp];0
[NoOp, Move(E), NoOp];0
[NoOp, Move(E), NoOp];0
[NoOp, Move(E), NoOp];0
[NoOp, Move(E), NoOp];0
[NoOp, Move(E), NoOp];0
[NoOp, Move(E), NoOp];0
[NoOp, Move(E), NoOp];0
[NoOp, Move(E), NoOp];0
[NoOp, Move(E), NoOp];0
[NoOp, Move(E), NoOp];0
[NoOp, Move(E), NoOp];0
[NoOp, Move(E), NoOp];0
[NoOp, Push(E,E), NoOp];0
[NoOp, Move(W), NoOp];0
[NoOp, Move(W), NoOp];0
[NoOp, Move(W), NoOp];0
[NoOp, Move(W), NoOp];0
[NoOp, Move(W), NoOp];0
[NoOp, Move(W), NoOp];0
[NoOp, Move(W), NoOp];0
[NoOp, Move(W), NoOp];0
[NoOp, Move(W), NoOp];0
[NoOp, Move(W), NoOp];0
[NoOp, Move(W), NoOp];0
[NoOp, Move(W), NoOp];0
[NoOp, Move(W), NoOp];0
[NoOp, Move(S), NoOp];0
[NoOp, Move(S), NoOp];0
[NoOp, Move(E), NoOp];0
[NoOp, Move(E), NoOp];0
[NoOp, Move(E), NoOp];0
[NoOp, Move(E), NoOp];0
[NoOp, Move(E), NoOp];0
[NoOp, Move(E), NoOp];0
[NoOp, Move(E), NoOp];0
[NoOp, Move(E), NoOp];0
[NoOp, Move(E), NoOp];0
[NoOp, Move(E), NoOp];0
[NoOp, Move(E), NoOp];0
[NoOp, Move(E), NoOp];0
[NoOp, Push(E,E), NoOp];0
[NoOp, Move(W), NoOp];0
[NoOp, Move(W), NoOp];0
[NoOp, Move(W), NoOp];0
[NoOp, Move(W), NoOp];0
[NoOp, Move(W), NoOp];15
[NoOp, Move(W), NoOp];0
[NoOp, Move(W), NoOp];0
[NoOp, Move(W), NoOp];0
[NoOp, Move(W), NoOp];0
[NoOp, Move(W), NoOp];0
[NoOp, Move(W), NoOp];0
[NoOp, Move(W), NoOp];0
[NoOp, Move(W), NoOp];0
[NoOp, Move(S), NoOp];0
[NoOp, Move(S), NoOp];0
[NoOp, Move(E), NoOp];0
[NoOp, Move(E), NoOp];0
[NoOp, Move(E), NoOp];0
[NoOp, Move(E), NoOp];0
[NoOp, Move(E), NoOp];0
[NoOp, Move(E), NoOp];0
[NoOp, Move(E), NoOp];0
[NoOp, Move(E), NoOp];0
[NoOp, Move(E), NoOp];0
[NoOp, Move(E), NoOp];0
[NoOp, Move(E), NoOp];0
[NoOp, Move(E), NoOp];0
[NoOp, Push(E,E), NoOp];0
5c61d30fb95eb9b9b4972e625e9263b9dd59f2b9
successful
524
311
69c420e7c0a79f32e9538bdd4a0afc3992f2441e
1495040457689
