red: 0,B,C,D,E
green: 1,A,F,G,H,I,J
++++++++++++
+     fghij+
+  0  ++++++
+     FGHIJ+
+A+E+a++++++
+B+ +b+
+C+ +c+
+D+1+d+
+++++++

[Move(S), NoOp];338
[Pull(E,S), NoOp];0
[Push(W,W), NoOp];0
[Push(W,W), NoOp];0
[NoOp, Move(N)];0
[NoOp, Move(N)];0
[NoOp, Move(N)];16
[NoOp, Move(N)];0
[NoOp, Move(E)];16
[NoOp, Move(E)];0
[NoOp, Pull(N,E)];0
[NoOp, Push(S,W)];0
[NoOp, Push(W,W)];0
[NoOp, Move(E)];0
[NoOp, Move(E)];0
[NoOp, Pull(W,E)];0
[NoOp, Pull(W,E)];0
[NoOp, Pull(N,E)];0
[NoOp, Pull(W,S)];0
[NoOp, Push(E,N)];0
[NoOp, Move(S)];0
[NoOp, Move(E)];0
[NoOp, Move(E)];0
[NoOp, Move(E)];0
[NoOp, Pull(W,E)];0
[NoOp, Pull(W,E)];0
[NoOp, Pull(W,E)];0
[NoOp, Pull(N,E)];0
[NoOp, Pull(E,S)];0
[NoOp, Push(W,W)];0
[NoOp, Move(S)];0
[NoOp, Move(E)];0
[NoOp, Move(E)];0
[NoOp, Move(E)];0
[NoOp, Move(E)];0
[NoOp, Move(W)];0
[NoOp, Move(W)];0
[NoOp, Move(W)];0
[NoOp, Move(W)];0
[NoOp, Push(W,S)];0
[NoOp, Push(S,S)];0
[NoOp, Push(S,S)];0
[NoOp, Push(S,S)];0
[NoOp, Move(N)];0
[NoOp, Move(N)];0
[NoOp, Move(N)];0
[NoOp, Move(E)];0
[NoOp, Move(E)];0
[NoOp, Move(E)];0
[NoOp, Move(E)];0
[NoOp, Move(E)];0
[NoOp, Pull(W,E)];0
[NoOp, Pull(W,E)];0
[NoOp, Pull(W,E)];0
[NoOp, Pull(W,E)];0
[NoOp, Pull(N,E)];0
[NoOp, Push(S,W)];0
[NoOp, Push(W,S)];0
[NoOp, Move(E)];0
[NoOp, Move(E)];0
[NoOp, Move(E)];0
[NoOp, Move(E)];0
[NoOp, Move(E)];0
[NoOp, Move(E)];0
[NoOp, Pull(W,E)];0
[NoOp, Pull(W,E)];0
[NoOp, Pull(W,E)];0
[NoOp, Pull(W,E)];0
[NoOp, Pull(N,E)];0
[NoOp, Pull(W,S)];0
[NoOp, Push(E,N)];0
[NoOp, Push(N,E)];0
[NoOp, Push(E,E)];0
[NoOp, Push(E,E)];0
[NoOp, Push(E,E)];0
[NoOp, Push(E,E)];0
[Pull(N,W), Move(W)];0
[Pull(N,S), Move(W)];0
[Pull(W,S), Move(W)];0
[Push(E,E), Move(W)];0
[NoOp, Move(S)];0
[NoOp, Move(W)];0
[NoOp, Move(S)];0
[NoOp, Move(W)];0
[NoOp, Move(W)];0
[NoOp, Move(W)];0
[NoOp, Pull(N,S)];0
[NoOp, Push(S,E)];0
[NoOp, Push(E,E)];0
[NoOp, Push(E,E)];0
[NoOp, Push(E,N)];0
[NoOp, Push(N,E)];0
[Move(S), NoOp];0
[Move(W), NoOp];0
[Move(S), NoOp];0
[Move(S), NoOp];0
[Pull(N,S), NoOp];0
[Pull(E,S), NoOp];0
[Pull(E,W), NoOp];0
[Push(W,N), NoOp];0
[Move(W), NoOp];0
[Move(S), NoOp];0
[Move(S), NoOp];0
[Pull(N,S), NoOp];0
[Pull(N,S), NoOp];0
[Pull(E,S), NoOp];0
[Push(W,N), NoOp];0
[Push(N,N), NoOp];0
[Move(S), NoOp];0
[Move(S), NoOp];0
[Move(S), NoOp];0
[Move(S), NoOp];0
[Pull(N,S), NoOp];0
[Pull(N,S), NoOp];0
[Pull(N,S), NoOp];0
[Pull(E,S), NoOp];0
[Pull(E,W), NoOp];0
[Pull(E,W), NoOp];0
[Pull(E,W), NoOp];0
[Pull(E,W), NoOp];0
[Push(W,S), NoOp];0
[Push(S,S), Move(S)];0
[Push(S,S), Move(W)];0
[Push(S,S), NoOp];0
[NoOp, Move(E)];0
[NoOp, Move(N)];0
[NoOp, Push(E,N)];0
[NoOp, Move(W)];0
[NoOp, Move(S)];0
[Move(N), Move(W)];0
[Move(N), Move(E)];0
[Move(N), Move(N)];0
[Move(W), Move(E)];0
[Move(W), Push(N,E)];0
[Move(W), Move(S)];0
[Move(W), Move(W)];0
[Move(N), Move(S)];0
[Pull(S,N), Move(W)];0
[Pull(S,N), Move(E)];0
[Push(N,E), Move(N)];0
[Push(E,E), Move(E)];0
[Push(E,E), Move(N)];0
[Push(E,E), Push(E,E)];0
[Push(E,S), Move(W)];0
[Push(S,S), Move(S)];0
[Push(S,S), Move(W)];0
[NoOp, Move(S)];0
[NoOp, Move(W)];0
[NoOp, Move(E)];0
[NoOp, Move(N)];0
[NoOp, Move(E)];0
[NoOp, Move(N)];0
[NoOp, Move(E)];0
[NoOp, Push(E,E)];0
[NoOp, Move(W)];0
[NoOp, Move(W)];0
[NoOp, Move(S)];0
[NoOp, Move(W)];0
[NoOp, Move(S)];0
[NoOp, Move(W)];0
[NoOp, Move(E)];0
[NoOp, Move(N)];0
[NoOp, Move(E)];0
[NoOp, Move(N)];0
[NoOp, Move(E)];0
[NoOp, Move(E)];0
[NoOp, Pull(W,E)];0
[NoOp, Pull(W,E)];0
[NoOp, Pull(S,E)];0
[NoOp, Pull(S,N)];0
[NoOp, Pull(W,N)];0
[NoOp, Move(W)];0
[NoOp, Pull(W,S)];0
[NoOp, Push(E,E)];0
[NoOp, Push(E,N)];0
[NoOp, Push(N,E)];0
[NoOp, Push(E,N)];0
[NoOp, Push(N,E)];0
[NoOp, Push(E,E)];0
[NoOp, Push(E,E)];0
[NoOp, Push(E,E)];0
[NoOp, Move(W)];0
[NoOp, Move(W)];0
[NoOp, Move(W)];0
[NoOp, Move(S)];0
[NoOp, Move(W)];0
[NoOp, Pull(S,W)];0
[NoOp, Push(N,E)];0
[NoOp, Push(E,N)];0
[NoOp, Push(N,E)];0
[NoOp, Push(E,E)];0
[NoOp, Push(E,E)];0
[NoOp, Move(W)];0
[NoOp, Move(W)];0
[NoOp, Move(S)];0
[NoOp, Push(S,E)];0
[Move(N), Move(N)];0
[Move(N), Move(N)];0
[Move(N), NoOp];0
[Move(W), NoOp];0
[Move(W), Pull(S,W)];0
[Push(W,S), Push(N,E)];0
[Push(S,E), Push(E,E)];0
[Push(E,E), NoOp];0
[Push(E,E), NoOp];0
[Push(E,S), NoOp];0
[Push(S,S), Move(W)];0
[NoOp, Move(S)];0
[NoOp, Move(S)];0
[NoOp, Move(W)];0
[Move(N), NoOp];0
[Move(N), NoOp];0
[NoOp, Move(E)];0
[NoOp, Pull(W,E)];0
[NoOp, Push(E,S)];0
[NoOp, Move(W)];0
[NoOp, Move(W)];0
[NoOp, Move(S)];0
[NoOp, Move(S)];0
[NoOp, Move(S)];0
[NoOp, Pull(N,S)];0
[NoOp, Pull(N,S)];0
[NoOp, Pull(N,S)];0
[NoOp, Pull(N,S)];0
[NoOp, Pull(W,S)];0
[NoOp, Push(E,E)];0
[NoOp, Push(E,N)];0
[NoOp, Push(N,E)];0
[NoOp, Push(E,E)];0
726b54302bcf99c117e4ce708d0bd8947c6e326f
successful
370
229
0c8fb6063926e6773e0e16d26749bd1e35b3e6d5
1495040458471
