red: 0,A
+++++++++++
+0A51342 a+
++++++++ ++
       + +
       + +
       + +
       + +
       +++

[NoOp, NoOp, Move(E), NoOp, NoOp, NoOp];292
[NoOp, NoOp, Move(S), NoOp, Move(E), NoOp];0
[NoOp, NoOp, Move(S), Move(E), Move(E), NoOp];0
[NoOp, Move(E), Move(S), Move(E), Move(S), NoOp];0
[NoOp, Move(E), Move(S), Move(E), Move(S), Move(E)];0
[Push(E,E), Move(E), Move(S), Move(S), Move(S), Move(E)];0
[Push(E,E), Move(E), NoOp, Move(S), Move(S), Move(E)];0
[Push(E,E), Move(S), NoOp, Move(S), NoOp, Move(E)];0
[Push(E,E), Move(S), NoOp, NoOp, NoOp, Move(E)];0
[Push(E,E), NoOp, NoOp, NoOp, NoOp, Move(S)];0
[Push(E,E), NoOp, NoOp, NoOp, NoOp, NoOp];0
[Push(E,E), NoOp, NoOp, NoOp, NoOp, NoOp];0
f3bf4f7192ff7598deea5be3f8e3b4fdd156597c
successful
292
12
a31c163a6e3ef208b71cc570ba72caa4c22e01e8
1495040458872
