blue: 0,1,7,A,B,T,W
red: 2,9,C,D,G,L
green: 3,8,E,H
magenta: 4,F,U
orange: 5,6,P,S,J
+++++++++++++++++++++++++++++++++++
+a       A+1dD    +a++++  s+   J  +
+         +        C+      +      +
+3        +       +++             +
+         +    A    +    0 +      +
+E        +        2+  WW  +      +
+e        +Bb      c+5WWWWS+     j+
+++++ +++++++ +++ +++++++++++++ +++
++f     C +D       +++e  H +      +
++                  h      +      +
++c    F  +d      E+++     +      +
+++++ +++++++++ ++++++++++++      +
+ d     a   h       +   P  ++++  ++
+   D 4 A         H +6 FFFF+++  +++
+++++++++++++++++++++++++++++ s++++
+t      l  9          e   e+  +++++
+      THE JUNGLE          +     W+
+ 7     h     8    g       + S   w+
+++++++++++++++++++++++++++++++++++

[Move(E), Move(S), Move(W), Move(S), NoOp, Move(N), NoOp, Move(N), Move(W), Move(E)];341
[Move(N), Move(S), Move(W), Push(S,S), NoOp, Move(E), NoOp, Move(E), NoOp, Move(E)];0
[Move(E), Move(S), Move(W), Move(E), NoOp, Move(N), NoOp, Move(E), NoOp, Move(E)];0
[Move(E), Move(S), Move(N), Move(S), NoOp, Move(E), NoOp, Move(E), NoOp, NoOp];0
[Move(S), Push(S,E), Move(N), Move(E), NoOp, Move(E), NoOp, Move(E), NoOp, NoOp];0
[Move(S), Move(N), Move(W), Move(E), NoOp, Move(E), NoOp, Pull(W,E), NoOp, NoOp];0
[Move(S), Move(E), Move(N), Move(E), NoOp, Move(S), NoOp, Pull(W,E), NoOp, NoOp];0
[Move(E), Move(E), Move(W), Move(S), NoOp, Move(E), NoOp, Push(E,N), NoOp, NoOp];0
[Move(E), Move(S), Move(W), Move(S), NoOp, Pull(N,S), NoOp, Push(N,W), NoOp, NoOp];0
[Move(E), Move(S), Push(N,W), Move(S), NoOp, Pull(N,S), NoOp, Push(W,W), NoOp, NoOp];0
[Move(S), Move(S), Move(S), Move(E), NoOp, Pull(N,S), NoOp, Push(W,W), NoOp, NoOp];0
[Move(S), Move(S), Move(W), Move(E), NoOp, Pull(N,S), NoOp, Push(W,W), NoOp, NoOp];0
[Move(S), Move(S), Move(S), Move(E), NoOp, Pull(W,S), NoOp, NoOp, NoOp, NoOp];0
[Move(S), Move(E), Move(S), Move(E), NoOp, Move(S), NoOp, NoOp, NoOp, NoOp];0
[Move(S), Move(E), Move(S), Move(E), NoOp, Move(S), NoOp, NoOp, NoOp, NoOp];0
[Move(S), Move(S), Move(E), Move(E), NoOp, Move(E), NoOp, NoOp, NoOp, NoOp];0
[Move(S), Move(S), Move(S), Move(S), NoOp, Move(E), NoOp, NoOp, NoOp, NoOp];0
[Move(W), Move(S), Move(S), Move(E), NoOp, Move(E), NoOp, NoOp, NoOp, NoOp];0
[Move(S), Move(W), Move(S), Move(E), NoOp, Move(N), NoOp, NoOp, NoOp, NoOp];0
[Move(W), Move(W), Move(W), Move(E), NoOp, Move(E), NoOp, NoOp, NoOp, NoOp];0
[Move(S), Move(W), Push(W,S), Move(E), NoOp, Move(N), NoOp, NoOp, NoOp, NoOp];0
[Move(S), Move(W), Push(S,S), Move(E), NoOp, Move(E), NoOp, NoOp, NoOp, NoOp];0
[Move(E), Move(W), Move(W), Move(E), NoOp, Push(E,S), NoOp, NoOp, NoOp, NoOp];0
[Move(E), Move(W), Move(W), Push(E,N), NoOp, Push(S,E), NoOp, NoOp, NoOp, NoOp];0
[Move(E), Push(W,N), Move(W), Push(N,E), NoOp, Push(E,S), NoOp, NoOp, NoOp, NoOp];0
[Push(E,S), Move(E), Move(W), Push(E,E), NoOp, Push(S,S), NoOp, NoOp, NoOp, NoOp];16
[NoOp, Move(N), Move(W), Push(E,E), NoOp, Push(S,S), NoOp, NoOp, NoOp, NoOp];0
[NoOp, Move(E), Move(S), Push(E,E), NoOp, Push(S,S), NoOp, NoOp, NoOp, NoOp];0
[NoOp, Move(E), Move(W), Push(E,N), NoOp, Push(S,E), NoOp, NoOp, NoOp, NoOp];0
[NoOp, Move(E), Move(S), Move(W), NoOp, Move(W), NoOp, NoOp, NoOp, NoOp];0
[NoOp, Move(E), Move(S), Move(W), NoOp, Move(S), NoOp, NoOp, NoOp, NoOp];0
[NoOp, Move(E), Move(S), Move(W), NoOp, Move(S), NoOp, NoOp, NoOp, NoOp];0
[NoOp, Move(E), Push(W,N), Move(W), NoOp, Move(S), NoOp, NoOp, NoOp, NoOp];0
[NoOp, Move(N), Push(N,W), Move(S), NoOp, Move(S), NoOp, NoOp, NoOp, NoOp];0
[NoOp, Move(N), Push(W,W), Move(W), NoOp, Move(S), NoOp, NoOp, NoOp, NoOp];0
[NoOp, Move(N), Move(E), Move(W), NoOp, Move(S), NoOp, NoOp, NoOp, NoOp];0
[NoOp, Move(E), Move(E), Move(W), NoOp, Move(S), NoOp, NoOp, NoOp, NoOp];0
[NoOp, Move(E), Move(N), Move(S), NoOp, Move(W), NoOp, NoOp, NoOp, NoOp];0
[NoOp, Move(N), Move(N), Move(S), NoOp, Move(S), NoOp, NoOp, NoOp, NoOp];0
[NoOp, Move(N), Move(E), Move(E), NoOp, Move(W), NoOp, NoOp, NoOp, NoOp];0
[NoOp, Move(N), Move(N), Move(E), Move(N), Move(S), NoOp, NoOp, NoOp, NoOp];0
[NoOp, Move(W), Move(E), Move(E), Move(W), Move(S), NoOp, NoOp, NoOp, NoOp];0
[NoOp, Move(N), Move(E), Push(S,W), Move(N), Pull(N,S), NoOp, NoOp, NoOp, NoOp];0
[NoOp, Move(N), Move(E), Push(W,N), Move(N), Pull(N,S), NoOp, NoOp, NoOp, NoOp];0
[NoOp, NoOp, Move(E), Push(N,W), Move(E), Pull(E,S), NoOp, NoOp, NoOp, NoOp];0
[NoOp, NoOp, Move(E), Push(W,W), Pull(W,E), Pull(N,W), NoOp, NoOp, NoOp, NoOp];0
[NoOp, NoOp, Move(N), Push(W,W), Pull(W,E), NoOp, NoOp, NoOp, NoOp, NoOp];0
[NoOp, NoOp, Move(E), Push(W,W), Pull(W,E), NoOp, NoOp, NoOp, NoOp, NoOp];0
[NoOp, NoOp, Move(E), Push(W,W), Pull(W,E), NoOp, NoOp, NoOp, NoOp, NoOp];0
[NoOp, NoOp, Move(N), Move(E), Pull(N,E), NoOp, NoOp, NoOp, NoOp, NoOp];0
[NoOp, NoOp, Move(N), Move(E), Pull(E,S), NoOp, NoOp, NoOp, NoOp, NoOp];0
[NoOp, NoOp, Move(N), Move(N), Push(W,N), NoOp, NoOp, NoOp, NoOp, NoOp];0
[NoOp, NoOp, Move(N), Move(N), NoOp, NoOp, NoOp, NoOp, NoOp, NoOp];0
[NoOp, NoOp, Move(N), Move(N), NoOp, NoOp, NoOp, NoOp, NoOp, NoOp];0
[NoOp, NoOp, Move(N), Move(E), NoOp, NoOp, NoOp, NoOp, NoOp, NoOp];0
[NoOp, NoOp, Move(E), Move(E), NoOp, NoOp, NoOp, NoOp, NoOp, NoOp];0
[NoOp, NoOp, Move(E), Move(E), NoOp, NoOp, NoOp, NoOp, NoOp, NoOp];0
[NoOp, NoOp, Move(E), Move(E), NoOp, NoOp, NoOp, NoOp, NoOp, NoOp];0
[NoOp, NoOp, Move(E), Move(E), NoOp, NoOp, NoOp, NoOp, NoOp, NoOp];0
[NoOp, NoOp, Move(E), Move(E), NoOp, NoOp, NoOp, NoOp, NoOp, NoOp];0
[NoOp, NoOp, Pull(W,E), Move(E), NoOp, NoOp, NoOp, NoOp, NoOp, NoOp];0
[NoOp, NoOp, Pull(W,E), Move(E), NoOp, NoOp, NoOp, NoOp, NoOp, NoOp];0
[NoOp, NoOp, Push(E,S), Move(N), NoOp, NoOp, NoOp, NoOp, NoOp, NoOp];0
[NoOp, Push(W,N), Push(S,S), Move(E), NoOp, NoOp, NoOp, NoOp, NoOp, NoOp];0
[NoOp, Push(N,N), Push(S,S), Push(E,S), NoOp, NoOp, NoOp, NoOp, NoOp, NoOp];0
[NoOp, Push(N,E), Push(S,S), Push(S,W), NoOp, NoOp, NoOp, NoOp, NoOp, NoOp];16
[NoOp, Push(E,E), Push(S,E), Push(W,W), NoOp, NoOp, NoOp, NoOp, NoOp, NoOp];0
[NoOp, Push(E,E), Push(E,E), Push(W,W), NoOp, NoOp, NoOp, NoOp, NoOp, NoOp];0
[NoOp, Push(E,E), Move(W), Push(W,W), NoOp, NoOp, NoOp, NoOp, NoOp, Push(S,S)];0
[NoOp, Push(E,N), Move(S), Push(W,W), NoOp, NoOp, NoOp, NoOp, NoOp, Push(S,E)];0
[NoOp, Move(W), Move(S), NoOp, NoOp, NoOp, NoOp, NoOp, NoOp, Push(E,E)];0
[NoOp, Move(W), Move(W), NoOp, NoOp, NoOp, NoOp, NoOp, NoOp, Push(E,E)];0
[NoOp, Move(W), Move(W), NoOp, NoOp, NoOp, NoOp, NoOp, NoOp, Push(E,E)];0
[NoOp, Move(W), Move(W), NoOp, NoOp, NoOp, NoOp, NoOp, NoOp, Push(E,E)];0
[NoOp, Move(W), Move(W), NoOp, NoOp, NoOp, NoOp, NoOp, NoOp, Move(W)];0
[NoOp, Move(S), Move(W), NoOp, NoOp, NoOp, NoOp, NoOp, NoOp, Move(W)];0
[NoOp, Move(W), Move(W), NoOp, NoOp, NoOp, NoOp, NoOp, NoOp, Move(W)];0
[NoOp, Move(S), Move(S), NoOp, NoOp, NoOp, NoOp, NoOp, Move(E), Push(N,N)];0
[NoOp, Move(S), Move(W), NoOp, NoOp, NoOp, NoOp, NoOp, Move(E), Push(N,W)];0
[NoOp, Move(S), Move(W), NoOp, NoOp, NoOp, NoOp, NoOp, Move(N), Push(W,W)];0
[NoOp, Move(S), Move(N), NoOp, NoOp, NoOp, NoOp, NoOp, Push(E,N), Push(W,W)];0
[NoOp, Move(S), Push(W,S), NoOp, NoOp, NoOp, NoOp, NoOp, Push(N,E), Push(W,W)];0
[NoOp, Move(W), Push(S,W), NoOp, NoOp, NoOp, NoOp, NoOp, Push(E,E), Push(W,W)];0
[NoOp, Move(S), Push(W,W), NoOp, NoOp, NoOp, NoOp, NoOp, Push(E,E), Push(W,W)];0
[NoOp, Move(W), Push(W,W), NoOp, NoOp, NoOp, NoOp, NoOp, Push(E,E), Push(W,W)];0
[NoOp, Move(W), Push(W,W), NoOp, NoOp, NoOp, NoOp, NoOp, Push(E,E), NoOp];0
[NoOp, Move(W), Push(W,W), NoOp, NoOp, NoOp, NoOp, NoOp, Push(E,E), NoOp];0
[NoOp, Move(W), Push(W,S), NoOp, NoOp, NoOp, NoOp, NoOp, Push(E,E), NoOp];0
[NoOp, Move(W), Push(S,W), NoOp, NoOp, NoOp, NoOp, NoOp, Push(E,E), NoOp];0
[NoOp, Move(N), NoOp, NoOp, NoOp, NoOp, NoOp, NoOp, Push(E,E), NoOp];0
[NoOp, Move(W), NoOp, NoOp, NoOp, NoOp, NoOp, NoOp, Push(E,E), NoOp];0
[NoOp, Move(W), NoOp, NoOp, NoOp, NoOp, NoOp, NoOp, Move(W), NoOp];0
[NoOp, Move(N), NoOp, NoOp, NoOp, NoOp, NoOp, NoOp, Move(W), NoOp];0
[NoOp, Move(N), NoOp, NoOp, NoOp, NoOp, NoOp, NoOp, Move(W), NoOp];0
[NoOp, Move(E), NoOp, NoOp, NoOp, NoOp, NoOp, NoOp, Move(W), NoOp];0
[NoOp, Move(E), NoOp, NoOp, NoOp, NoOp, NoOp, NoOp, Move(W), NoOp];0
[NoOp, Move(N), NoOp, NoOp, NoOp, NoOp, NoOp, NoOp, Move(W), NoOp];0
[NoOp, Move(N), NoOp, NoOp, NoOp, NoOp, NoOp, NoOp, Move(W), NoOp];0
[NoOp, Move(N), NoOp, NoOp, NoOp, NoOp, NoOp, NoOp, Move(W), NoOp];0
[NoOp, Move(N), NoOp, NoOp, NoOp, NoOp, NoOp, NoOp, Move(W), NoOp];0
[NoOp, Move(N), NoOp, NoOp, NoOp, NoOp, NoOp, NoOp, Move(W), NoOp];0
[NoOp, Move(E), NoOp, NoOp, NoOp, NoOp, NoOp, NoOp, Move(W), NoOp];0
[NoOp, Pull(W,E), NoOp, NoOp, NoOp, NoOp, NoOp, NoOp, Move(W), NoOp];0
[NoOp, Pull(W,E), NoOp, NoOp, NoOp, NoOp, NoOp, NoOp, Move(W), NoOp];0
[NoOp, Pull(W,E), NoOp, NoOp, NoOp, NoOp, NoOp, NoOp, Move(W), NoOp];0
[NoOp, Pull(W,E), NoOp, NoOp, NoOp, NoOp, NoOp, NoOp, Move(W), NoOp];0
[NoOp, Pull(S,E), NoOp, NoOp, NoOp, NoOp, NoOp, NoOp, Move(S), NoOp];0
[NoOp, Push(N,W), NoOp, NoOp, NoOp, NoOp, NoOp, NoOp, Pull(N,W), NoOp];0
[NoOp, Push(W,W), NoOp, NoOp, NoOp, NoOp, NoOp, NoOp, Pull(E,S), NoOp];0
[NoOp, Push(W,W), NoOp, NoOp, NoOp, NoOp, NoOp, NoOp, Pull(E,W), NoOp];0
[NoOp, NoOp, NoOp, NoOp, NoOp, NoOp, NoOp, NoOp, Pull(E,W), NoOp];0
[NoOp, NoOp, NoOp, NoOp, NoOp, NoOp, NoOp, NoOp, Pull(E,W), NoOp];0
[NoOp, NoOp, NoOp, NoOp, NoOp, NoOp, NoOp, NoOp, Pull(E,W), NoOp];0
[NoOp, NoOp, NoOp, NoOp, NoOp, NoOp, NoOp, NoOp, Pull(E,W), NoOp];0
[NoOp, NoOp, NoOp, NoOp, NoOp, NoOp, NoOp, NoOp, Pull(E,W), NoOp];0
[NoOp, NoOp, NoOp, NoOp, NoOp, NoOp, NoOp, NoOp, Pull(S,W), NoOp];0
[NoOp, NoOp, NoOp, NoOp, NoOp, NoOp, NoOp, NoOp, Push(N,E), NoOp];0
[NoOp, NoOp, NoOp, NoOp, NoOp, NoOp, NoOp, NoOp, Push(E,E), NoOp];0
[NoOp, NoOp, NoOp, NoOp, NoOp, NoOp, NoOp, NoOp, Push(E,E), NoOp];0
[NoOp, NoOp, NoOp, NoOp, NoOp, NoOp, NoOp, NoOp, Push(E,E), NoOp];0
[NoOp, NoOp, NoOp, NoOp, NoOp, NoOp, NoOp, NoOp, Push(E,E), NoOp];0
[NoOp, NoOp, NoOp, NoOp, NoOp, NoOp, NoOp, NoOp, Move(S), NoOp];0
[NoOp, NoOp, NoOp, NoOp, NoOp, NoOp, NoOp, NoOp, Move(W), NoOp];0
[NoOp, NoOp, NoOp, NoOp, NoOp, NoOp, NoOp, NoOp, Move(W), NoOp];0
[NoOp, NoOp, NoOp, NoOp, NoOp, NoOp, NoOp, NoOp, Move(W), NoOp];0
[NoOp, NoOp, NoOp, NoOp, NoOp, NoOp, NoOp, NoOp, Move(W), NoOp];0
[NoOp, NoOp, NoOp, NoOp, NoOp, NoOp, NoOp, NoOp, Move(W), NoOp];0
[NoOp, NoOp, NoOp, NoOp, NoOp, NoOp, NoOp, NoOp, Move(W), NoOp];0
[NoOp, NoOp, NoOp, NoOp, NoOp, NoOp, NoOp, NoOp, Move(W), NoOp];0
[NoOp, NoOp, NoOp, NoOp, NoOp, NoOp, NoOp, NoOp, Move(S), NoOp];0
[NoOp, NoOp, NoOp, NoOp, NoOp, NoOp, NoOp, NoOp, Move(W), NoOp];0
[NoOp, NoOp, NoOp, NoOp, NoOp, NoOp, NoOp, NoOp, Move(W), NoOp];0
[NoOp, NoOp, NoOp, NoOp, NoOp, NoOp, NoOp, NoOp, Move(W), NoOp];0
[NoOp, NoOp, NoOp, NoOp, NoOp, NoOp, NoOp, NoOp, Move(W), NoOp];0
[NoOp, NoOp, NoOp, NoOp, NoOp, NoOp, NoOp, NoOp, Move(W), NoOp];0
[NoOp, NoOp, NoOp, NoOp, NoOp, NoOp, NoOp, NoOp, Move(W), NoOp];0
[NoOp, NoOp, NoOp, NoOp, NoOp, NoOp, NoOp, NoOp, Pull(W,N), NoOp];0
200499b8e7df9ed0593b447308ec37ae58ce34d9
successful
373
137
270ee637b1690993620bcab3440ea6de60b1f18c
1495040463216
