red: 0,A
blue: 1,B
+++++++++++++++++++
+        0        +
+       +++       +
+   ++++ a   ++   +
+       +++       +
+  +++++++++++++  +
+        +        +
+    +  A B  +    +
+                 +
+  ++++++++++++++++
+     ++++++++    +
+   ++   b   ++   +
+       +++       +
+        1        +
+++++++++++++++++++

[Move(W), Move(W)];214
[Move(W), Move(W)];0
[Move(S), Move(N)];0
[Move(W), Move(W)];0
[Move(W), Move(W)];0
[Move(W), Move(W)];0
[Move(W), Move(W)];0
[Move(S), Move(N)];0
[Move(S), Move(W)];0
[Move(W), Move(N)];0
[Move(S), Move(N)];0
[Move(S), Move(N)];0
[Move(E), Move(E)];0
[Move(E), Move(E)];0
[Move(E), Move(E)];0
[Move(E), Move(E)];0
[Move(S), Move(E)];0
[Move(E), Move(E)];0
[NoOp, Move(E)];0
[Push(E,S), Move(N)];0
[Pull(N,S), Push(E,S)];0
[Push(S,E), Push(S,W)];0
[Push(E,E), Push(W,W)];0
[Push(E,E), Push(W,W)];0
[Push(E,E), Push(W,W)];0
[Push(E,N), Push(W,W)];0
[Push(N,E), Push(W,W)];0
[Push(E,E), Push(W,W)];0
[Push(E,E), Push(W,W)];0
[Push(E,E), Push(W,S)];0
[Push(E,N), Push(S,S)];0
[Push(N,N), Push(S,S)];0
[Push(N,W), Push(S,S)];0
[Push(W,W), Push(S,E)];0
[Push(W,W), Push(E,E)];0
[Push(W,W), Push(E,E)];0
[Push(W,W), Push(E,E)];0
[Push(W,N), Push(E,N)];0
[Push(N,W), Push(N,E)];0
[Push(W,W), Push(E,E)];0
[NoOp, Push(E,E)];0
037a18e7465f5ad5a0a84e50e7cc15ed36a291a4
successful
214
41
80086ec147cc3d3710a0c7a909072261477ab02b
1495040464003
