red: A,R,E,F,U,N,B,0,1
yellow: O,2,3
green: T,S,4,5
++++++++++++++++++++++++++++++++++++++++++++++++++++++++
+              ++++              ++++                  +++
+     +R++O+    +++     +O++T+    +++                  +++++++
++    +++++++    +++    +BO+R++          ++      ++    ++ 135++
  +   ++++++O    ++++   +++++++    +++++++++    +++++++++ 240+++
  +   +++++++    ++++   +++++++    +++++++++    +++++++++ +++++++
  +   +B++T+    +++++   ++++++    ++++++++++    +++++++          +
  +           +++++++           ++++++++++++    +++++             +
  +   ++++++    +++++   ++++++    ++++++++++    ++++      ++++     +
  +   +++++++    ++++   +++++++    ++ROBOT++    +++++     +  S++++++
  +   +++++++    ++++   +++++++                 +++++++      S++++++
  +   +++++++    ++++   +++++++    +++++++++    ++++++++++      ++++
++    +++++++    +++    ++++++     ++++++++      O++++++++++S     ++
+     +++++++    ++               +++++++R        O+     +++S      +
+     +++++++                    ++++++++B        T+              +
++   +++++++++++++++++++++  +++++++++++++++++++++++++           ++
+                                                           +++++
+    robots          robots          robots          robots     +
+++++++++++++++++++++++++++++++++++++++++++++++++++++++++++++++++
                        ++   ARE FUN   ++
                         +++++++++++++++

[NoOp, NoOp, Move(W), NoOp, NoOp, NoOp];1683
[NoOp, NoOp, Move(S), NoOp, NoOp, NoOp];0
[NoOp, NoOp, Move(S), NoOp, NoOp, NoOp];0
[NoOp, NoOp, Move(S), NoOp, NoOp, NoOp];0
[NoOp, NoOp, Move(S), NoOp, NoOp, NoOp];0
[NoOp, NoOp, Move(S), NoOp, NoOp, NoOp];0
[NoOp, NoOp, Move(S), NoOp, NoOp, NoOp];0
[NoOp, NoOp, Move(E), NoOp, NoOp, NoOp];0
[NoOp, NoOp, Move(S), NoOp, NoOp, NoOp];0
[NoOp, NoOp, Move(E), NoOp, NoOp, NoOp];0
[NoOp, NoOp, Move(E), NoOp, NoOp, NoOp];0
[NoOp, NoOp, Move(E), NoOp, NoOp, NoOp];0
[NoOp, NoOp, Move(S), NoOp, NoOp, NoOp];0
[NoOp, NoOp, Move(S), NoOp, NoOp, NoOp];0
[NoOp, NoOp, Move(S), NoOp, NoOp, NoOp];0
[NoOp, NoOp, Move(W), NoOp, NoOp, NoOp];0
[NoOp, NoOp, Move(W), NoOp, NoOp, NoOp];0
[NoOp, NoOp, Move(W), NoOp, NoOp, NoOp];0
[NoOp, NoOp, Move(W), NoOp, NoOp, NoOp];0
[NoOp, NoOp, Move(W), NoOp, NoOp, NoOp];0
[NoOp, NoOp, Move(W), NoOp, NoOp, NoOp];0
[NoOp, NoOp, Move(W), NoOp, NoOp, NoOp];0
[NoOp, NoOp, Move(S), NoOp, NoOp, NoOp];0
[NoOp, NoOp, Move(S), NoOp, NoOp, NoOp];0
[NoOp, NoOp, Move(W), NoOp, NoOp, NoOp];0
[NoOp, NoOp, Move(W), NoOp, NoOp, NoOp];0
[NoOp, NoOp, Move(W), NoOp, NoOp, NoOp];0
[NoOp, NoOp, Move(W), NoOp, NoOp, NoOp];0
[NoOp, NoOp, Move(W), NoOp, NoOp, NoOp];0
[NoOp, NoOp, Move(W), NoOp, NoOp, NoOp];0
[NoOp, NoOp, Move(W), NoOp, NoOp, NoOp];0
[NoOp, NoOp, Move(W), NoOp, NoOp, NoOp];0
[NoOp, NoOp, Move(W), NoOp, NoOp, NoOp];0
[NoOp, NoOp, Move(W), NoOp, NoOp, NoOp];0
[NoOp, NoOp, Move(W), NoOp, NoOp, NoOp];0
[NoOp, NoOp, Move(W), NoOp, NoOp, NoOp];0
[NoOp, NoOp, Move(W), NoOp, NoOp, NoOp];0
[NoOp, NoOp, Move(W), NoOp, NoOp, NoOp];0
[NoOp, NoOp, Move(W), NoOp, NoOp, NoOp];0
[NoOp, NoOp, Move(W), NoOp, NoOp, NoOp];0
[NoOp, NoOp, Move(W), NoOp, NoOp, NoOp];0
[NoOp, NoOp, Move(W), NoOp, NoOp, NoOp];0
[NoOp, NoOp, Move(W), NoOp, NoOp, NoOp];0
[NoOp, NoOp, Move(W), NoOp, NoOp, NoOp];0
[NoOp, NoOp, Move(W), NoOp, NoOp, NoOp];0
[NoOp, NoOp, Move(W), NoOp, NoOp, NoOp];0
[NoOp, NoOp, Move(W), NoOp, NoOp, NoOp];0
[NoOp, NoOp, Move(W), NoOp, NoOp, NoOp];0
[NoOp, NoOp, Move(W), NoOp, NoOp, NoOp];0
[NoOp, NoOp, Move(W), NoOp, NoOp, NoOp];0
[NoOp, NoOp, Move(W), NoOp, NoOp, NoOp];0
[NoOp, NoOp, Move(N), NoOp, NoOp, NoOp];0
[NoOp, NoOp, Move(N), NoOp, NoOp, NoOp];0
[NoOp, NoOp, Move(N), NoOp, NoOp, NoOp];0
[NoOp, NoOp, Move(E), NoOp, NoOp, NoOp];0
[NoOp, NoOp, Move(E), NoOp, NoOp, NoOp];0
[NoOp, NoOp, Move(E), NoOp, NoOp, NoOp];0
[NoOp, NoOp, Move(E), NoOp, NoOp, NoOp];0
[NoOp, NoOp, Move(E), NoOp, NoOp, NoOp];0
[NoOp, NoOp, Move(E), NoOp, NoOp, NoOp];0
[NoOp, NoOp, Move(N), NoOp, NoOp, NoOp];0
[NoOp, NoOp, Move(E), NoOp, NoOp, NoOp];0
[NoOp, NoOp, Move(N), NoOp, NoOp, NoOp];0
[NoOp, NoOp, Move(N), NoOp, NoOp, NoOp];0
[NoOp, NoOp, Move(E), NoOp, NoOp, NoOp];0
[NoOp, NoOp, Move(E), NoOp, NoOp, NoOp];0
[NoOp, NoOp, Move(E), NoOp, NoOp, NoOp];0
[NoOp, NoOp, Move(E), NoOp, NoOp, NoOp];0
[NoOp, NoOp, Move(E), NoOp, NoOp, NoOp];0
[NoOp, NoOp, Move(E), NoOp, NoOp, NoOp];0
[NoOp, NoOp, Move(E), NoOp, NoOp, NoOp];0
[NoOp, NoOp, Move(E), NoOp, NoOp, NoOp];0
[NoOp, NoOp, Move(E), NoOp, NoOp, NoOp];0
[NoOp, NoOp, Move(E), NoOp, NoOp, NoOp];0
[NoOp, NoOp, Move(S), NoOp, NoOp, NoOp];0
[NoOp, NoOp, Move(S), NoOp, NoOp, NoOp];0
[NoOp, NoOp, Move(S), NoOp, NoOp, NoOp];0
[NoOp, NoOp, Move(E), NoOp, NoOp, NoOp];0
[NoOp, NoOp, Move(E), NoOp, NoOp, NoOp];0
[NoOp, NoOp, Move(E), NoOp, NoOp, NoOp];0
[NoOp, NoOp, Move(E), NoOp, NoOp, NoOp];0
[NoOp, NoOp, Move(E), NoOp, NoOp, NoOp];0
[NoOp, NoOp, Pull(W,E), NoOp, NoOp, NoOp];0
[NoOp, NoOp, Pull(N,E), NoOp, NoOp, NoOp];0
[NoOp, NoOp, Pull(W,S), NoOp, NoOp, NoOp];0
[NoOp, NoOp, Pull(W,E), NoOp, NoOp, NoOp];0
[NoOp, NoOp, Pull(N,E), NoOp, NoOp, NoOp];0
[NoOp, NoOp, Pull(W,S), NoOp, NoOp, NoOp];0
[NoOp, NoOp, Pull(N,E), NoOp, NoOp, NoOp];0
[NoOp, NoOp, Pull(W,S), NoOp, NoOp, NoOp];0
[NoOp, NoOp, Pull(W,E), NoOp, NoOp, NoOp];0
[NoOp, NoOp, Pull(W,E), NoOp, NoOp, NoOp];0
[NoOp, NoOp, Pull(W,E), NoOp, NoOp, NoOp];0
[NoOp, NoOp, Pull(W,E), NoOp, NoOp, NoOp];0
[NoOp, NoOp, Pull(W,E), NoOp, Move(W), NoOp];0
[NoOp, NoOp, Pull(W,E), NoOp, Move(W), NoOp];0
[NoOp, NoOp, Pull(W,E), NoOp, Move(S), NoOp];0
[NoOp, NoOp, Pull(W,E), NoOp, Move(S), NoOp];0
[NoOp, NoOp, Pull(W,E), NoOp, Move(S), NoOp];0
[NoOp, NoOp, Pull(W,E), NoOp, Move(S), NoOp];0
[NoOp, NoOp, Pull(S,E), NoOp, Move(S), NoOp];0
[NoOp, NoOp, Pull(W,N), NoOp, Move(S), NoOp];0
[NoOp, NoOp, Pull(S,E), NoOp, Move(E), NoOp];0
[NoOp, NoOp, Pull(S,N), NoOp, Move(E), NoOp];0
[NoOp, NoOp, Pull(W,N), NoOp, Move(E), NoOp];0
[NoOp, NoOp, Pull(W,E), NoOp, Move(S), NoOp];0
[NoOp, NoOp, Pull(W,E), NoOp, Move(E), NoOp];0
[NoOp, NoOp, Pull(W,E), NoOp, Move(S), NoOp];0
[NoOp, NoOp, Pull(W,E), NoOp, Move(S), NoOp];15
[NoOp, NoOp, Pull(S,E), NoOp, Move(S), NoOp];0
[NoOp, NoOp, Pull(W,N), NoOp, Move(W), NoOp];0
[NoOp, NoOp, Pull(S,E), NoOp, Move(W), NoOp];0
[NoOp, NoOp, Pull(S,N), NoOp, Move(W), NoOp];0
[NoOp, NoOp, Pull(S,N), NoOp, Move(W), NoOp];0
[NoOp, NoOp, Pull(E,N), NoOp, Move(W), NoOp];0
[NoOp, NoOp, Pull(E,W), NoOp, Move(W), NoOp];0
[NoOp, NoOp, Pull(E,W), NoOp, Move(W), NoOp];0
[NoOp, NoOp, Pull(E,W), NoOp, Move(S), NoOp];0
[NoOp, NoOp, Pull(E,W), NoOp, Move(S), NoOp];0
[NoOp, NoOp, Pull(E,W), NoOp, Move(W), NoOp];0
[NoOp, NoOp, Pull(E,W), NoOp, Move(W), NoOp];0
[NoOp, NoOp, Pull(E,W), NoOp, Move(W), NoOp];0
[NoOp, NoOp, Pull(E,W), NoOp, Move(W), NoOp];0
[NoOp, NoOp, Pull(E,W), NoOp, Move(W), NoOp];0
[NoOp, NoOp, Pull(E,W), NoOp, Move(W), NoOp];0
[NoOp, NoOp, Pull(E,W), NoOp, Move(W), NoOp];0
[NoOp, NoOp, Pull(E,W), NoOp, Move(W), NoOp];0
[NoOp, NoOp, Pull(E,W), NoOp, Move(W), NoOp];0
[NoOp, NoOp, Pull(E,W), NoOp, Move(W), NoOp];0
[NoOp, NoOp, Pull(E,W), NoOp, Move(W), NoOp];0
[NoOp, NoOp, Pull(E,W), NoOp, Move(W), NoOp];0
[NoOp, NoOp, Pull(E,W), NoOp, Move(W), NoOp];0
[NoOp, NoOp, Pull(E,W), NoOp, Move(W), NoOp];0
[NoOp, NoOp, Pull(N,W), NoOp, Move(W), NoOp];0
[NoOp, NoOp, Push(S,E), NoOp, Move(W), NoOp];0
[NoOp, NoOp, Push(E,E), NoOp, Move(W), NoOp];0
[NoOp, NoOp, Push(E,E), NoOp, Move(W), NoOp];0
[NoOp, NoOp, Push(E,E), NoOp, Move(W), NoOp];0
[NoOp, NoOp, Push(E,E), NoOp, Move(W), NoOp];0
[NoOp, NoOp, Push(E,E), NoOp, Move(W), NoOp];0
[NoOp, NoOp, Push(E,E), NoOp, Move(W), NoOp];0
[NoOp, NoOp, Push(E,E), NoOp, Move(W), NoOp];0
[NoOp, NoOp, NoOp, NoOp, Move(W), NoOp];0
[NoOp, NoOp, NoOp, NoOp, Move(W), NoOp];0
[NoOp, NoOp, NoOp, NoOp, Move(W), NoOp];0
[NoOp, NoOp, NoOp, NoOp, Move(W), NoOp];0
[NoOp, NoOp, NoOp, NoOp, Move(N), NoOp];0
[NoOp, NoOp, NoOp, NoOp, Move(N), NoOp];0
[NoOp, NoOp, NoOp, NoOp, Move(N), NoOp];0
[NoOp, NoOp, NoOp, NoOp, Move(E), NoOp];0
[NoOp, NoOp, NoOp, NoOp, Move(E), NoOp];0
[NoOp, NoOp, NoOp, NoOp, Move(E), NoOp];0
[NoOp, NoOp, NoOp, NoOp, Move(N), NoOp];0
[NoOp, NoOp, NoOp, NoOp, Move(E), NoOp];0
[NoOp, NoOp, NoOp, NoOp, Move(N), NoOp];0
[NoOp, NoOp, NoOp, NoOp, Move(N), NoOp];0
[NoOp, NoOp, NoOp, NoOp, Move(E), NoOp];0
[NoOp, NoOp, NoOp, NoOp, Move(E), NoOp];0
[NoOp, NoOp, NoOp, NoOp, Move(E), NoOp];0
[NoOp, NoOp, NoOp, NoOp, Move(E), NoOp];0
[NoOp, NoOp, NoOp, NoOp, Move(E), NoOp];0
[NoOp, NoOp, NoOp, NoOp, Move(E), NoOp];0
[NoOp, NoOp, NoOp, NoOp, Move(E), NoOp];0
[NoOp, NoOp, NoOp, NoOp, Move(E), NoOp];0
[NoOp, NoOp, NoOp, NoOp, Move(E), NoOp];0
[NoOp, NoOp, NoOp, NoOp, Move(E), NoOp];0
[NoOp, NoOp, NoOp, NoOp, Pull(W,N), NoOp];0
[NoOp, NoOp, NoOp, NoOp, Pull(W,E), NoOp];0
[NoOp, NoOp, NoOp, NoOp, Pull(W,E), NoOp];0
[NoOp, NoOp, NoOp, NoOp, Pull(W,E), NoOp];0
[NoOp, NoOp, NoOp, NoOp, Pull(W,E), NoOp];0
[NoOp, NoOp, NoOp, NoOp, Pull(W,E), NoOp];0
[NoOp, NoOp, NoOp, NoOp, Pull(W,E), NoOp];0
[NoOp, NoOp, NoOp, NoOp, Pull(S,E), NoOp];0
[NoOp, NoOp, NoOp, NoOp, Pull(W,N), NoOp];0
[NoOp, NoOp, NoOp, NoOp, Pull(S,E), NoOp];0
[NoOp, NoOp, NoOp, NoOp, Pull(S,N), NoOp];0
[NoOp, NoOp, NoOp, NoOp, Pull(W,N), NoOp];0
[NoOp, NoOp, NoOp, NoOp, Pull(W,E), NoOp];0
[NoOp, NoOp, NoOp, NoOp, Pull(W,E), NoOp];0
[NoOp, NoOp, NoOp, NoOp, Pull(W,E), NoOp];0
[NoOp, NoOp, NoOp, NoOp, Pull(W,E), NoOp];0
[NoOp, NoOp, NoOp, NoOp, Pull(W,E), NoOp];0
[NoOp, NoOp, NoOp, NoOp, Pull(S,E), NoOp];0
[NoOp, NoOp, NoOp, NoOp, Pull(S,N), NoOp];0
[NoOp, NoOp, NoOp, NoOp, Pull(S,N), NoOp];0
[NoOp, NoOp, NoOp, NoOp, Pull(S,N), NoOp];0
[NoOp, NoOp, NoOp, NoOp, Pull(E,N), NoOp];0
[NoOp, NoOp, NoOp, NoOp, Pull(E,W), NoOp];0
[NoOp, NoOp, NoOp, NoOp, Pull(E,W), NoOp];0
[NoOp, NoOp, NoOp, NoOp, Pull(E,W), NoOp];0
[NoOp, NoOp, NoOp, NoOp, Pull(E,W), NoOp];0
[NoOp, NoOp, NoOp, NoOp, Pull(E,W), NoOp];0
[NoOp, NoOp, NoOp, NoOp, Pull(E,W), NoOp];0
[NoOp, NoOp, NoOp, NoOp, Pull(E,W), NoOp];0
[NoOp, NoOp, NoOp, NoOp, Pull(E,W), NoOp];0
[NoOp, NoOp, NoOp, NoOp, Pull(E,W), NoOp];0
[NoOp, NoOp, NoOp, NoOp, Pull(E,W), NoOp];0
[NoOp, NoOp, NoOp, NoOp, Pull(E,W), NoOp];0
[NoOp, NoOp, NoOp, NoOp, Pull(E,W), NoOp];0
[NoOp, NoOp, NoOp, NoOp, Pull(E,W), NoOp];0
[NoOp, NoOp, NoOp, NoOp, Pull(N,W), NoOp];0
[NoOp, Move(S), NoOp, NoOp, Move(E), NoOp];0
[NoOp, Move(W), NoOp, NoOp, Move(E), NoOp];0
[NoOp, Move(S), NoOp, NoOp, Move(S), NoOp];0
[NoOp, Move(S), NoOp, NoOp, Move(N), NoOp];0
[NoOp, Move(S), NoOp, NoOp, Move(W), NoOp];0
[NoOp, Move(S), NoOp, NoOp, Move(W), NoOp];0
[NoOp, Move(S), NoOp, NoOp, Move(W), NoOp];0
[NoOp, Move(S), NoOp, NoOp, Move(W), NoOp];0
[NoOp, Move(E), NoOp, NoOp, Move(W), NoOp];0
[NoOp, Move(E), NoOp, NoOp, Move(W), NoOp];0
[NoOp, Move(S), NoOp, NoOp, Move(W), NoOp];0
[NoOp, Move(E), NoOp, NoOp, Move(W), NoOp];0
[NoOp, Move(E), NoOp, NoOp, Move(W), NoOp];0
[NoOp, Move(S), NoOp, NoOp, Move(W), NoOp];0
[NoOp, Move(S), NoOp, NoOp, Move(W), NoOp];0
[NoOp, Move(S), NoOp, NoOp, Move(W), NoOp];0
[NoOp, Move(W), NoOp, NoOp, Move(W), NoOp];0
[NoOp, Move(W), NoOp, NoOp, Move(W), NoOp];0
[NoOp, Move(W), NoOp, NoOp, Move(W), NoOp];0
[NoOp, Move(W), NoOp, NoOp, Move(W), NoOp];0
[NoOp, Move(W), NoOp, NoOp, Move(N), NoOp];0
[NoOp, Move(W), NoOp, NoOp, Move(N), NoOp];0
[NoOp, Move(W), NoOp, NoOp, Move(E), NoOp];0
[NoOp, Move(S), NoOp, NoOp, Move(E), NoOp];0
[NoOp, Move(S), NoOp, NoOp, Move(E), NoOp];0
[NoOp, Move(W), NoOp, NoOp, Move(E), NoOp];0
[NoOp, Move(W), NoOp, NoOp, Move(E), NoOp];0
[NoOp, Move(W), NoOp, NoOp, Move(N), NoOp];0
[NoOp, Move(W), NoOp, NoOp, Move(E), NoOp];0
[NoOp, Move(W), NoOp, NoOp, Move(N), NoOp];0
[NoOp, Move(W), NoOp, NoOp, Move(E), NoOp];0
[NoOp, Move(W), NoOp, NoOp, Move(N), NoOp];0
[NoOp, Move(W), NoOp, NoOp, Move(N), NoOp];0
[NoOp, Move(W), NoOp, NoOp, Move(E), NoOp];0
[NoOp, Move(W), NoOp, NoOp, Move(E), NoOp];0
[NoOp, Move(W), NoOp, NoOp, Move(E), NoOp];0
[NoOp, Move(W), NoOp, NoOp, Move(E), NoOp];0
[NoOp, Move(W), NoOp, NoOp, Move(E), NoOp];0
[NoOp, Move(W), NoOp, NoOp, Move(E), NoOp];0
[NoOp, Move(W), NoOp, NoOp, Move(E), NoOp];0
[NoOp, Move(W), NoOp, NoOp, Move(E), NoOp];0
[NoOp, Move(W), NoOp, NoOp, Move(E), NoOp];0
[NoOp, Move(W), NoOp, NoOp, Move(E), NoOp];0
[NoOp, Move(W), NoOp, NoOp, Move(S), NoOp];0
[NoOp, Move(W), NoOp, NoOp, Move(S), NoOp];0
[NoOp, Move(W), NoOp, NoOp, Move(E), NoOp];0
[NoOp, Move(W), NoOp, NoOp, Move(E), NoOp];0
[NoOp, Move(W), NoOp, NoOp, Move(S), NoOp];0
[NoOp, Move(W), NoOp, NoOp, Move(E), NoOp];0
[NoOp, Move(W), NoOp, NoOp, Move(E), NoOp];0
[NoOp, Move(W), NoOp, NoOp, Move(E), NoOp];0
[NoOp, Move(W), NoOp, NoOp, Move(E), NoOp];0
[NoOp, Move(N), NoOp, NoOp, Pull(W,S), NoOp];0
[NoOp, Move(N), NoOp, NoOp, Pull(W,E), NoOp];0
[NoOp, Move(N), NoOp, NoOp, Pull(N,E), NoOp];0
[NoOp, Move(E), NoOp, NoOp, Pull(W,S), NoOp];0
[NoOp, Move(E), NoOp, NoOp, Pull(N,E), NoOp];0
[NoOp, Move(E), NoOp, NoOp, Pull(N,S), NoOp];0
[NoOp, Move(N), NoOp, NoOp, Pull(W,S), NoOp];0
[NoOp, Move(E), NoOp, NoOp, Pull(W,E), NoOp];0
[NoOp, Move(N), NoOp, NoOp, Pull(W,E), NoOp];0
[NoOp, Move(N), NoOp, NoOp, Pull(W,E), NoOp];0
[NoOp, Move(E), NoOp, NoOp, Pull(W,E), NoOp];0
[NoOp, Move(E), NoOp, NoOp, Pull(W,E), NoOp];0
[NoOp, Move(E), NoOp, NoOp, Pull(N,E), NoOp];0
[NoOp, Move(E), NoOp, NoOp, Push(S,W), NoOp];0
[NoOp, Move(E), NoOp, NoOp, Pull(E,W), NoOp];0
[NoOp, Move(E), NoOp, NoOp, Push(W,N), NoOp];0
[NoOp, Move(E), NoOp, NoOp, Pull(W,N), NoOp];0
[NoOp, Move(E), NoOp, NoOp, Push(E,E), NoOp];0
[NoOp, Pull(W,N), NoOp, NoOp, Pull(N,E), NoOp];0
[NoOp, Pull(W,E), NoOp, NoOp, Push(S,W), NoOp];0
[NoOp, Pull(W,E), NoOp, NoOp, Push(W,W), NoOp];0
[NoOp, Pull(W,E), NoOp, NoOp, Push(W,W), NoOp];0
[NoOp, Pull(W,E), NoOp, NoOp, Push(W,W), NoOp];0
[NoOp, Pull(S,E), NoOp, NoOp, Push(W,W), NoOp];0
[NoOp, Pull(S,N), NoOp, NoOp, Push(W,W), NoOp];0
[NoOp, Pull(W,N), NoOp, NoOp, Push(W,W), NoOp];0
[NoOp, Pull(S,E), NoOp, NoOp, Push(W,S), NoOp];0
[NoOp, Pull(W,N), NoOp, NoOp, Push(S,S), NoOp];0
[NoOp, Pull(W,E), NoOp, NoOp, Push(S,W), NoOp];0
[NoOp, Pull(W,E), NoOp, NoOp, Push(W,S), NoOp];0
[NoOp, Pull(W,E), NoOp, NoOp, Push(S,W), NoOp];0
[NoOp, Pull(W,E), NoOp, NoOp, Push(W,S), NoOp];0
[NoOp, Pull(W,E), NoOp, NoOp, Push(S,W), NoOp];0
[NoOp, Pull(S,E), NoOp, NoOp, Push(W,W), NoOp];0
[NoOp, Pull(S,N), NoOp, NoOp, Push(W,W), NoOp];0
[NoOp, Pull(S,N), NoOp, NoOp, Push(W,W), NoOp];0
[NoOp, Pull(E,N), NoOp, NoOp, Push(W,W), NoOp];0
[NoOp, Pull(E,W), NoOp, NoOp, Push(W,S), NoOp];0
[NoOp, Pull(E,W), NoOp, NoOp, Push(S,S), NoOp];0
[NoOp, Pull(E,W), NoOp, NoOp, Push(S,S), NoOp];0
[NoOp, Pull(E,W), NoOp, NoOp, Push(S,E), NoOp];0
[NoOp, Pull(E,W), NoOp, NoOp, Push(E,E), NoOp];0
[NoOp, Pull(E,W), NoOp, NoOp, Push(E,E), NoOp];0
[NoOp, Pull(E,W), NoOp, NoOp, Push(E,E), NoOp];0
[NoOp, Pull(S,W), NoOp, NoOp, Push(E,E), NoOp];0
[NoOp, Pull(W,N), NoOp, NoOp, Push(E,E), NoOp];0
[NoOp, Push(E,E), NoOp, NoOp, Push(E,N), NoOp];0
[NoOp, Push(E,E), NoOp, NoOp, Push(N,E), NoOp];0
[NoOp, Push(E,E), NoOp, NoOp, Push(E,E), NoOp];0
[NoOp, Push(E,E), NoOp, NoOp, Push(E,E), NoOp];0
[NoOp, Move(W), NoOp, NoOp, Push(E,E), NoOp];0
[NoOp, Move(W), NoOp, NoOp, Push(E,E), NoOp];0
[NoOp, Move(W), NoOp, NoOp, Push(E,E), NoOp];0
[NoOp, Move(W), NoOp, NoOp, Push(E,E), NoOp];0
[NoOp, Move(W), NoOp, NoOp, Push(E,E), NoOp];0
[NoOp, Move(W), Move(W), NoOp, Push(E,E), NoOp];0
[NoOp, Move(W), Move(W), NoOp, Push(E,E), NoOp];0
[NoOp, Move(W), Move(W), NoOp, Push(E,E), NoOp];0
[NoOp, Move(N), Move(W), NoOp, Push(E,E), NoOp];0
[NoOp, Move(W), Move(W), NoOp, Push(E,E), NoOp];0
[NoOp, Move(W), Move(W), NoOp, Push(E,E), NoOp];0
[NoOp, Move(W), Move(W), NoOp, Push(E,E), NoOp];0
[NoOp, Move(N), Move(N), NoOp, Push(E,E), NoOp];0
[NoOp, Move(N), Move(W), NoOp, Push(E,E), NoOp];0
[NoOp, Move(N), Move(W), NoOp, Push(E,E), NoOp];0
[NoOp, Move(E), Move(W), NoOp, Push(E,E), NoOp];0
[NoOp, Move(E), Move(W), NoOp, Push(E,E), NoOp];0
[NoOp, Move(E), Move(W), NoOp, Push(E,E), NoOp];0
[NoOp, Move(E), Move(W), NoOp, Push(E,E), NoOp];0
[NoOp, Move(N), Move(W), NoOp, Push(E,E), NoOp];0
[NoOp, Move(N), Move(W), NoOp, Push(E,E), NoOp];0
[NoOp, Move(E), Move(W), NoOp, Push(E,S), NoOp];16
[NoOp, Move(E), Move(W), NoOp, Move(N), NoOp];0
[NoOp, Move(E), Move(W), NoOp, Move(E), NoOp];0
[NoOp, Move(N), Move(W), NoOp, Move(E), NoOp];0
[NoOp, Move(E), Move(W), NoOp, Move(E), NoOp];0
[NoOp, Move(E), Move(W), NoOp, Move(E), NoOp];0
[NoOp, Move(E), Move(W), NoOp, Move(N), NoOp];0
[NoOp, Pull(W,N), Move(W), NoOp, Move(N), NoOp];0
[NoOp, Pull(W,E), Move(W), NoOp, Move(N), NoOp];0
[NoOp, Pull(W,E), Move(W), NoOp, Move(N), NoOp];0
[NoOp, Pull(S,E), Move(W), NoOp, Move(W), NoOp];0
[NoOp, Pull(S,N), Move(N), NoOp, Move(N), NoOp];0
[NoOp, Pull(W,N), Move(N), NoOp, Move(N), NoOp];0
[NoOp, Pull(S,E), Move(E), NoOp, NoOp, NoOp];0
[NoOp, Pull(W,N), Move(E), NoOp, NoOp, NoOp];0
[NoOp, Pull(W,E), Move(E), NoOp, NoOp, NoOp];0
[NoOp, Pull(W,E), Move(E), NoOp, NoOp, NoOp];0
[NoOp, Pull(W,E), Move(E), NoOp, NoOp, NoOp];0
[NoOp, Pull(S,E), Move(N), NoOp, NoOp, NoOp];0
[NoOp, Pull(W,N), Move(N), NoOp, NoOp, NoOp];0
[NoOp, Pull(W,E), Move(E), NoOp, NoOp, NoOp];0
[NoOp, Pull(S,E), Move(E), NoOp, NoOp, NoOp];0
[NoOp, Pull(S,N), Move(N), NoOp, NoOp, NoOp];0
[NoOp, Pull(S,N), Move(N), NoOp, NoOp, NoOp];0
[NoOp, Pull(E,N), Move(E), NoOp, NoOp, NoOp];0
[NoOp, Pull(E,W), Move(E), NoOp, NoOp, NoOp];0
[NoOp, Pull(E,W), Move(E), NoOp, NoOp, NoOp];0
[NoOp, Pull(E,W), Move(E), NoOp, NoOp, NoOp];0
[NoOp, Pull(E,W), Move(E), NoOp, NoOp, NoOp];0
[NoOp, Pull(E,W), Move(E), NoOp, NoOp, NoOp];0
[NoOp, Pull(E,W), Pull(E,N), NoOp, NoOp, NoOp];0
[NoOp, Pull(E,W), Push(W,W), NoOp, NoOp, NoOp];0
[NoOp, Pull(E,W), Push(W,W), NoOp, NoOp, NoOp];0
[NoOp, Pull(N,W), Push(W,W), NoOp, NoOp, NoOp];0
[NoOp, Push(S,E), Push(W,W), NoOp, NoOp, NoOp];0
[NoOp, Move(W), Push(W,W), NoOp, NoOp, NoOp];0
[NoOp, Move(W), Push(W,W), NoOp, NoOp, NoOp];0
[NoOp, Move(W), Push(W,S), NoOp, NoOp, NoOp];0
[NoOp, Move(W), Push(S,S), NoOp, NoOp, NoOp];0
[NoOp, Move(W), Push(S,W), NoOp, NoOp, NoOp];0
[NoOp, Move(W), Push(W,S), NoOp, NoOp, NoOp];0
[NoOp, Move(W), Push(S,W), NoOp, NoOp, NoOp];0
[NoOp, Move(W), Push(W,S), NoOp, NoOp, NoOp];0
[NoOp, Move(W), Push(S,W), NoOp, NoOp, NoOp];0
[NoOp, Move(W), Push(W,W), NoOp, NoOp, NoOp];0
[NoOp, Move(N), Push(W,W), NoOp, NoOp, NoOp];0
[NoOp, Move(N), Push(W,W), NoOp, NoOp, NoOp];0
[NoOp, Move(N), Push(W,W), NoOp, NoOp, NoOp];0
[NoOp, Move(W), Push(W,S), NoOp, NoOp, NoOp];0
[NoOp, Move(W), Push(S,S), NoOp, NoOp, NoOp];0
[NoOp, Move(W), Push(S,E), NoOp, NoOp, NoOp];0
[NoOp, Move(W), Push(E,E), NoOp, NoOp, NoOp];0
[NoOp, Move(W), Push(E,E), NoOp, NoOp, NoOp];0
[NoOp, Move(W), Push(E,E), NoOp, NoOp, NoOp];0
[NoOp, Move(W), Push(E,E), NoOp, NoOp, NoOp];0
[NoOp, Move(W), Push(E,E), NoOp, NoOp, NoOp];0
[NoOp, Move(W), Push(E,E), NoOp, NoOp, NoOp];0
[NoOp, Move(W), Push(E,E), NoOp, NoOp, NoOp];0
[NoOp, Move(W), Push(E,E), NoOp, NoOp, NoOp];0
[NoOp, Move(W), Push(E,E), NoOp, NoOp, NoOp];0
[NoOp, Move(W), Push(E,E), NoOp, NoOp, NoOp];0
[NoOp, Move(N), Push(E,S), NoOp, NoOp, NoOp];0
[NoOp, Move(N), Move(W), NoOp, NoOp, NoOp];0
[NoOp, Move(N), Move(W), NoOp, NoOp, NoOp];0
[NoOp, Move(N), Move(W), NoOp, NoOp, NoOp];0
[NoOp, Move(N), Move(W), NoOp, NoOp, NoOp];0
[NoOp, Move(N), Move(W), NoOp, NoOp, NoOp];0
[NoOp, Move(W), Move(W), NoOp, NoOp, NoOp];0
[NoOp, Move(N), Move(W), NoOp, NoOp, NoOp];0
[NoOp, Move(W), Move(W), NoOp, NoOp, NoOp];0
[NoOp, Move(W), Move(W), NoOp, NoOp, NoOp];0
[NoOp, Move(W), Move(W), NoOp, NoOp, NoOp];0
[NoOp, Move(W), Move(W), NoOp, NoOp, NoOp];0
[NoOp, Move(W), Move(N), NoOp, NoOp, NoOp];0
[NoOp, Pull(W,N), Move(N), NoOp, NoOp, NoOp];0
[NoOp, Pull(W,E), Move(N), NoOp, NoOp, NoOp];0
[NoOp, Pull(S,E), Move(E), NoOp, NoOp, NoOp];0
[NoOp, Pull(S,N), Move(E), NoOp, NoOp, NoOp];0
[NoOp, Pull(S,N), Move(E), NoOp, NoOp, NoOp];0
[NoOp, Pull(S,N), Move(E), NoOp, NoOp, NoOp];0
[NoOp, Pull(W,N), Move(N), NoOp, NoOp, NoOp];0
[NoOp, Push(E,S), Move(N), NoOp, NoOp, NoOp];0
[NoOp, Push(S,S), Move(E), NoOp, NoOp, NoOp];0
[NoOp, Push(S,S), Move(E), NoOp, NoOp, NoOp];0
[NoOp, Push(S,W), Move(N), NoOp, NoOp, NoOp];0
[NoOp, Push(W,S), Move(E), NoOp, NoOp, NoOp];0
[NoOp, Push(S,S), Move(E), NoOp, NoOp, NoOp];0
[NoOp, Push(S,E), Move(E), NoOp, NoOp, NoOp];0
[NoOp, Push(E,E), Move(E), NoOp, NoOp, NoOp];0
[NoOp, Push(E,E), Move(N), NoOp, NoOp, NoOp];0
[NoOp, Push(E,S), Pull(S,E), NoOp, NoOp, NoOp];0
[NoOp, Move(E), Pull(W,N), NoOp, NoOp, NoOp];0
[NoOp, Move(E), Pull(W,E), NoOp, NoOp, NoOp];0
[NoOp, Move(E), Pull(W,E), NoOp, NoOp, NoOp];0
[NoOp, Move(E), Pull(S,E), NoOp, NoOp, NoOp];0
[NoOp, Move(E), Pull(W,N), NoOp, NoOp, NoOp];0
[NoOp, Move(E), Pull(S,E), NoOp, NoOp, NoOp];0
[NoOp, Move(E), Pull(S,N), NoOp, NoOp, NoOp];0
[NoOp, Move(E), Pull(W,N), NoOp, NoOp, NoOp];0
[NoOp, Move(E), Pull(W,E), NoOp, NoOp, NoOp];0
[NoOp, Move(E), Pull(S,E), NoOp, NoOp, NoOp];0
[NoOp, Move(E), Pull(W,N), NoOp, NoOp, NoOp];0
[NoOp, Move(E), Pull(W,E), NoOp, NoOp, NoOp];0
[NoOp, Move(E), Pull(W,E), NoOp, NoOp, NoOp];0
[NoOp, Move(E), Pull(W,E), NoOp, NoOp, NoOp];0
[NoOp, Move(E), Pull(S,E), NoOp, NoOp, NoOp];0
[NoOp, Move(E), Pull(S,N), NoOp, NoOp, NoOp];0
[NoOp, Move(E), Pull(S,N), NoOp, NoOp, NoOp];0
[NoOp, Move(E), Push(N,E), NoOp, NoOp, NoOp];0
[NoOp, Move(E), Push(E,E), NoOp, NoOp, NoOp];0
[NoOp, Move(N), Push(E,E), NoOp, NoOp, NoOp];0
[NoOp, Move(N), Push(E,E), NoOp, NoOp, NoOp];0
[NoOp, Move(E), Push(E,E), NoOp, NoOp, NoOp];0
[NoOp, Move(N), Push(E,E), NoOp, NoOp, NoOp];0
[NoOp, Move(E), Push(E,E), NoOp, NoOp, NoOp];0
[NoOp, Move(E), Push(E,E), NoOp, NoOp, NoOp];0
[NoOp, Move(E), Push(E,E), NoOp, NoOp, NoOp];0
[NoOp, Move(E), Push(E,E), NoOp, NoOp, NoOp];0
[NoOp, Move(E), Push(E,E), NoOp, NoOp, NoOp];0
[NoOp, Move(E), Push(E,E), NoOp, NoOp, NoOp];0
[NoOp, Move(N), Push(E,E), NoOp, NoOp, NoOp];0
[NoOp, Move(E), Push(E,S), NoOp, NoOp, NoOp];0
[NoOp, Move(N), Move(E), NoOp, Move(S), NoOp];0
[NoOp, Move(N), Move(E), NoOp, Push(E,S), NoOp];0
[NoOp, Move(E), Move(S), NoOp, Push(S,E), NoOp];0
[NoOp, Move(E), Move(E), NoOp, Move(N), NoOp];0
[NoOp, Move(E), Move(N), NoOp, Pull(S,N), NoOp];0
[NoOp, Move(E), Move(W), NoOp, Pull(S,N), NoOp];0
[NoOp, Move(E), Move(W), NoOp, Pull(S,N), NoOp];0
[NoOp, Move(E), Move(W), NoOp, Pull(E,N), NoOp];0
[NoOp, Move(E), Move(W), NoOp, Push(W,S), NoOp];0
[NoOp, Move(E), Move(W), NoOp, Push(S,S), NoOp];0
[NoOp, Move(E), Move(W), NoOp, Push(S,W), NoOp];0
[NoOp, Move(E), Move(W), NoOp, Push(W,W), NoOp];0
[NoOp, Move(S), Move(W), NoOp, Push(W,S), NoOp];0
[NoOp, Move(S), Move(W), NoOp, Push(S,S), NoOp];0
[NoOp, Move(S), Move(W), NoOp, Push(S,W), NoOp];0
[NoOp, Move(W), Move(W), NoOp, Move(N), NoOp];0
[NoOp, Move(W), Move(W), NoOp, Move(W), NoOp];0
[NoOp, Pull(E,W), Move(W), NoOp, Move(W), NoOp];0
[NoOp, Pull(E,W), Move(W), NoOp, Move(W), NoOp];0
[NoOp, Pull(N,W), Move(W), NoOp, Move(W), NoOp];0
[NoOp, Pull(N,S), Move(W), NoOp, Move(W), NoOp];0
[NoOp, Pull(N,S), Move(N), NoOp, Move(W), NoOp];0
[NoOp, Pull(W,S), Move(N), NoOp, Move(W), NoOp];0
[NoOp, Pull(W,E), Move(W), NoOp, Move(W), NoOp];0
[NoOp, Pull(W,E), Move(W), NoOp, Move(W), NoOp];0
[NoOp, Pull(W,E), Move(W), NoOp, Move(W), NoOp];0
[NoOp, Pull(W,E), Move(W), NoOp, Move(W), NoOp];0
[NoOp, Pull(W,E), Move(W), NoOp, Move(W), NoOp];0
[NoOp, Pull(W,E), Move(W), NoOp, Move(W), NoOp];0
[NoOp, Pull(W,E), Move(W), NoOp, Move(W), NoOp];0
[NoOp, Pull(W,E), Move(W), NoOp, Move(W), NoOp];0
[NoOp, Pull(W,E), Move(W), NoOp, Move(W), NoOp];0
[NoOp, Pull(S,E), Move(W), NoOp, Move(W), NoOp];0
[NoOp, Pull(W,N), Move(W), NoOp, Move(W), NoOp];0
[NoOp, Pull(S,E), Move(N), NoOp, Move(W), NoOp];0
[NoOp, Pull(W,N), Move(N), NoOp, Move(W), NoOp];0
[NoOp, Pull(W,E), Move(N), NoOp, Move(W), NoOp];0
[NoOp, Pull(W,E), Move(N), NoOp, Move(W), NoOp];0
[NoOp, Pull(S,E), Move(N), NoOp, Move(W), NoOp];0
[NoOp, Pull(W,N), Move(W), NoOp, Move(W), NoOp];0
[NoOp, Pull(W,E), Move(N), NoOp, Move(W), NoOp];0
[NoOp, Pull(S,E), Move(W), NoOp, Move(W), NoOp];0
[NoOp, Pull(W,N), Move(W), NoOp, Move(W), NoOp];0
[NoOp, Pull(S,E), Move(N), NoOp, Move(W), NoOp];0
[NoOp, Pull(S,N), Move(N), NoOp, Move(W), NoOp];0
[NoOp, Pull(S,N), Move(N), NoOp, Move(W), NoOp];0
[NoOp, Pull(E,N), Move(N), NoOp, Move(W), NoOp];0
[NoOp, Pull(E,W), Move(N), NoOp, Move(W), NoOp];0
[NoOp, Pull(E,W), Move(N), NoOp, Move(N), NoOp];0
[NoOp, Pull(E,W), Move(N), NoOp, Move(N), NoOp];0
[NoOp, Pull(E,W), Move(W), NoOp, Move(W), NoOp];0
[NoOp, Pull(E,W), Move(W), NoOp, Move(W), NoOp];0
[NoOp, Pull(E,W), Move(W), NoOp, Move(W), NoOp];0
[NoOp, Pull(E,W), Pull(W,S), NoOp, Move(W), NoOp];0
[NoOp, Pull(E,W), Pull(W,E), NoOp, Move(W), NoOp];0
[NoOp, Pull(N,W), Pull(W,E), NoOp, Move(W), NoOp];0
[NoOp, Pull(E,S), Pull(W,E), NoOp, Move(W), NoOp];0
[NoOp, Pull(E,W), Pull(W,E), NoOp, Move(W), NoOp];0
[NoOp, Pull(E,W), Pull(S,E), NoOp, Move(W), NoOp];0
[NoOp, Pull(E,W), Pull(S,N), NoOp, Move(W), NoOp];0
[NoOp, Pull(E,W), Pull(S,N), NoOp, Move(W), NoOp];0
[NoOp, Pull(E,W), Pull(S,N), NoOp, Move(W), NoOp];0
[NoOp, Pull(S,W), Pull(S,N), NoOp, Move(W), NoOp];0
[NoOp, Push(N,E), Pull(S,N), NoOp, Move(W), NoOp];0
[NoOp, Push(E,E), Pull(S,N), NoOp, Move(N), NoOp];0
[NoOp, Push(E,S), Pull(S,N), NoOp, Move(N), NoOp];0
[NoOp, Push(S,E), Pull(S,N), NoOp, Move(N), NoOp];0
[NoOp, Push(E,E), Pull(S,N), NoOp, Move(N), NoOp];0
[NoOp, Push(E,E), Pull(S,N), NoOp, Move(N), NoOp];0
[NoOp, Push(E,E), Pull(S,N), NoOp, Move(N), NoOp];0
[NoOp, Push(E,E), Pull(W,N), NoOp, Move(N), NoOp];0
[NoOp, Push(E,E), Pull(S,E), NoOp, Move(W), NoOp];0
[NoOp, Push(E,E), Pull(S,N), NoOp, Move(W), NoOp];0
[NoOp, Push(E,E), Pull(S,N), NoOp, Move(W), NoOp];0
[NoOp, Push(E,E), Pull(E,N), NoOp, Pull(E,N), NoOp];0
[NoOp, Move(N), Pull(E,W), NoOp, Pull(E,W), NoOp];0
[NoOp, Move(W), Pull(E,W), NoOp, Pull(E,W), NoOp];0
[NoOp, Move(W), Pull(E,W), NoOp, Pull(S,W), NoOp];0
[NoOp, Move(W), Pull(E,W), NoOp, Pull(S,N), NoOp];0
[NoOp, Move(W), Push(W,S), NoOp, Pull(S,N), NoOp];0
[NoOp, Move(W), NoOp, NoOp, Pull(S,N), NoOp];0
[NoOp, Move(W), NoOp, NoOp, Pull(S,N), NoOp];0
[NoOp, Move(W), NoOp, NoOp, Pull(E,N), NoOp];0
[NoOp, Move(W), NoOp, NoOp, Push(W,S), NoOp];0
[NoOp, Move(W), NoOp, NoOp, Push(S,S), NoOp];0
[NoOp, Move(W), NoOp, NoOp, Push(S,E), NoOp];0
[NoOp, Move(W), NoOp, NoOp, Push(E,E), NoOp];0
[NoOp, Move(W), NoOp, NoOp, Push(E,E), NoOp];0
[NoOp, Move(W), NoOp, NoOp, Push(E,E), NoOp];0
[NoOp, Move(W), NoOp, NoOp, Push(E,E), NoOp];0
[NoOp, Move(W), NoOp, NoOp, Push(E,E), NoOp];0
[NoOp, Move(W), NoOp, NoOp, Push(E,E), NoOp];0
[NoOp, Move(W), NoOp, NoOp, Push(E,E), NoOp];0
[NoOp, Move(W), NoOp, NoOp, Push(E,E), NoOp];0
[NoOp, Move(W), NoOp, NoOp, Push(E,E), NoOp];0
[NoOp, Move(W), NoOp, NoOp, Push(E,E), NoOp];0
[NoOp, Move(W), NoOp, NoOp, Push(E,E), NoOp];0
[NoOp, Move(W), NoOp, NoOp, Push(E,E), NoOp];0
[NoOp, Move(W), NoOp, NoOp, Push(E,S), NoOp];0
[NoOp, Move(W), NoOp, NoOp, Push(S,S), NoOp];0
[NoOp, Move(W), NoOp, NoOp, Push(S,S), NoOp];0
[NoOp, Move(N), NoOp, NoOp, Push(S,W), NoOp];0
[NoOp, Move(N), NoOp, NoOp, Push(W,W), NoOp];0
[NoOp, Move(E), NoOp, NoOp, Push(W,W), NoOp];0
[NoOp, Move(E), NoOp, NoOp, Push(W,W), NoOp];0
[NoOp, Move(E), NoOp, NoOp, Push(W,W), NoOp];0
[NoOp, Move(E), NoOp, NoOp, Push(W,W), NoOp];0
[NoOp, Move(E), NoOp, NoOp, Push(W,W), NoOp];0
[NoOp, Move(N), NoOp, NoOp, Push(W,W), NoOp];0
[NoOp, Move(E), NoOp, NoOp, Push(W,W), NoOp];0
[NoOp, Move(N), NoOp, NoOp, Push(W,W), NoOp];0
[NoOp, Move(E), NoOp, NoOp, Push(W,W), NoOp];0
[NoOp, Move(N), NoOp, NoOp, Push(W,W), NoOp];0
[NoOp, Move(N), NoOp, NoOp, Push(W,W), NoOp];0
[NoOp, Move(E), NoOp, NoOp, Push(W,W), NoOp];0
[NoOp, Move(E), NoOp, NoOp, Push(W,W), NoOp];0
[NoOp, Move(E), NoOp, NoOp, Push(W,W), NoOp];0
[NoOp, Move(E), NoOp, NoOp, Push(W,W), NoOp];0
[NoOp, Move(E), NoOp, NoOp, Move(N), NoOp];0
[NoOp, Move(E), NoOp, NoOp, Move(E), NoOp];0
[NoOp, Move(E), NoOp, NoOp, Move(E), NoOp];0
[NoOp, Move(E), NoOp, NoOp, Move(E), NoOp];0
[NoOp, Move(E), NoOp, NoOp, Move(E), NoOp];0
[NoOp, Move(E), NoOp, NoOp, Move(E), NoOp];0
[NoOp, Move(S), NoOp, NoOp, Move(E), NoOp];0
[NoOp, Move(S), NoOp, NoOp, Move(E), NoOp];0
[NoOp, Move(S), NoOp, NoOp, Move(E), NoOp];0
[NoOp, Move(W), NoOp, NoOp, Move(E), NoOp];0
[NoOp, Move(W), NoOp, NoOp, Move(E), NoOp];0
[NoOp, Move(W), NoOp, NoOp, Move(E), NoOp];0
[NoOp, Push(S,E), NoOp, NoOp, Move(E), NoOp];0
[NoOp, Push(E,E), NoOp, NoOp, Move(E), NoOp];0
[NoOp, Push(E,E), NoOp, NoOp, Move(E), NoOp];0
[NoOp, Push(E,N), NoOp, NoOp, Move(E), NoOp];0
[NoOp, Push(N,N), NoOp, NoOp, Move(E), NoOp];0
[NoOp, Push(N,N), NoOp, NoOp, Move(N), NoOp];0
[NoOp, Push(N,N), NoOp, NoOp, Move(N), NoOp];0
[NoOp, Push(N,W), NoOp, NoOp, Move(E), NoOp];0
[NoOp, Push(W,W), NoOp, NoOp, Move(E), NoOp];0
[NoOp, Push(W,W), NoOp, NoOp, Move(N), NoOp];0
[NoOp, Push(W,W), NoOp, NoOp, Move(E), NoOp];0
[NoOp, Push(W,W), NoOp, NoOp, Move(E), NoOp];0
[NoOp, Push(W,W), NoOp, NoOp, Move(N), NoOp];0
[NoOp, Push(W,W), NoOp, NoOp, Move(E), NoOp];0
[NoOp, Push(W,W), NoOp, NoOp, Move(N), NoOp];0
[NoOp, Push(W,W), NoOp, NoOp, Move(N), NoOp];0
[NoOp, Push(W,W), NoOp, NoOp, Move(N), NoOp];0
[NoOp, Push(W,S), NoOp, NoOp, Move(N), NoOp];0
[NoOp, Push(S,W), NoOp, NoOp, Move(N), NoOp];0
[NoOp, Push(W,S), NoOp, NoOp, Move(N), NoOp];0
[NoOp, Push(S,W), NoOp, NoOp, Move(N), NoOp];0
[NoOp, Push(W,S), NoOp, NoOp, Move(N), NoOp];0
[NoOp, Push(S,W), NoOp, NoOp, Move(N), NoOp];0
[NoOp, Push(W,S), NoOp, NoOp, Move(N), NoOp];0
[NoOp, Push(S,W), NoOp, NoOp, Move(W), NoOp];0
[NoOp, Push(W,W), NoOp, NoOp, Move(N), NoOp];0
[NoOp, Push(W,W), NoOp, NoOp, Move(W), NoOp];0
[NoOp, Push(W,W), NoOp, NoOp, Move(W), NoOp];0
[NoOp, Push(W,S), NoOp, NoOp, Pull(E,S), NoOp];0
[NoOp, Push(S,S), NoOp, NoOp, Pull(E,W), NoOp];0
[NoOp, Push(S,S), NoOp, NoOp, Pull(E,W), NoOp];0
[NoOp, Push(S,E), NoOp, NoOp, Pull(E,W), NoOp];0
[NoOp, Push(E,E), NoOp, NoOp, Pull(S,W), NoOp];0
[NoOp, Push(E,E), NoOp, NoOp, Move(S), NoOp];0
[NoOp, Push(E,E), NoOp, NoOp, Move(S), NoOp];0
[NoOp, Push(E,E), NoOp, NoOp, Move(S), NoOp];0
[NoOp, Push(E,E), NoOp, NoOp, Move(W), NoOp];0
[NoOp, Push(E,E), NoOp, NoOp, Move(S), NoOp];0
[NoOp, Push(E,E), NoOp, NoOp, Move(S), NoOp];0
[NoOp, Push(E,E), NoOp, NoOp, Move(S), NoOp];0
[NoOp, Push(E,N), NoOp, NoOp, Move(S), NoOp];0
[NoOp, Push(N,E), NoOp, NoOp, Move(S), NoOp];0
[NoOp, Push(E,E), NoOp, NoOp, Move(S), NoOp];0
[NoOp, Push(E,E), NoOp, NoOp, Move(S), NoOp];0
[NoOp, Push(E,E), NoOp, NoOp, Move(S), NoOp];0
[NoOp, Push(E,E), NoOp, NoOp, Move(W), NoOp];0
[NoOp, Push(E,E), NoOp, NoOp, Move(W), NoOp];0
[NoOp, Push(E,E), NoOp, NoOp, Move(W), NoOp];0
[NoOp, Push(E,E), NoOp, NoOp, Move(S), NoOp];0
[NoOp, Push(E,E), NoOp, NoOp, Move(W), NoOp];0
[NoOp, Push(E,E), NoOp, NoOp, Move(S), NoOp];0
[NoOp, Push(E,E), NoOp, NoOp, Move(S), NoOp];0
[NoOp, Push(E,E), NoOp, NoOp, Move(E), NoOp];0
[NoOp, Push(E,E), NoOp, NoOp, Move(E), NoOp];0
[NoOp, Push(E,E), NoOp, NoOp, Move(E), NoOp];0
[NoOp, Push(E,E), NoOp, NoOp, Move(E), NoOp];0
[NoOp, Push(E,E), NoOp, NoOp, Move(E), NoOp];0
[NoOp, Push(E,E), NoOp, NoOp, Move(E), NoOp];0
[NoOp, Push(E,E), NoOp, NoOp, Move(E), NoOp];0
[NoOp, Push(E,E), NoOp, NoOp, Move(E), NoOp];0
[NoOp, Push(E,S), NoOp, NoOp, Move(E), NoOp];0
[NoOp, Move(W), NoOp, NoOp, Move(E), NoOp];0
[NoOp, Move(W), NoOp, NoOp, Move(E), NoOp];0
[NoOp, Move(W), NoOp, NoOp, Move(E), NoOp];0
[NoOp, Move(W), NoOp, NoOp, Move(E), NoOp];0
[NoOp, Move(W), NoOp, NoOp, Move(E), NoOp];0
[NoOp, Move(W), NoOp, NoOp, Move(E), NoOp];0
[NoOp, Move(W), NoOp, NoOp, Move(E), NoOp];0
[NoOp, Move(W), NoOp, NoOp, Move(E), NoOp];0
[NoOp, Move(W), NoOp, NoOp, Move(S), NoOp];0
[NoOp, Move(W), NoOp, NoOp, Move(E), NoOp];0
[NoOp, Move(W), NoOp, NoOp, Move(E), NoOp];0
[NoOp, Move(W), NoOp, NoOp, Move(N), NoOp];0
[NoOp, Move(W), NoOp, NoOp, Move(E), NoOp];0
[NoOp, Move(W), NoOp, NoOp, Move(E), NoOp];0
[NoOp, Move(W), NoOp, NoOp, Move(E), NoOp];0
[NoOp, Move(W), NoOp, NoOp, Move(E), NoOp];0
[NoOp, Move(W), NoOp, NoOp, Move(E), NoOp];0
[NoOp, Move(W), NoOp, NoOp, Move(E), NoOp];0
[NoOp, Move(W), NoOp, NoOp, Move(E), NoOp];0
[NoOp, Move(W), NoOp, NoOp, Move(N), NoOp];0
[NoOp, Move(W), NoOp, NoOp, Move(E), NoOp];0
[NoOp, Move(W), NoOp, NoOp, Move(E), NoOp];0
[NoOp, Move(W), NoOp, NoOp, Move(E), NoOp];0
[NoOp, Move(W), NoOp, NoOp, Move(E), NoOp];0
[NoOp, Move(W), NoOp, NoOp, Move(E), NoOp];0
[NoOp, Move(W), NoOp, NoOp, Move(E), NoOp];0
[NoOp, Move(W), NoOp, NoOp, Move(E), NoOp];0
[NoOp, Move(W), NoOp, NoOp, Move(E), NoOp];0
[NoOp, Move(N), NoOp, NoOp, Move(N), NoOp];0
[NoOp, Move(N), NoOp, NoOp, Move(N), NoOp];0
[NoOp, Move(W), NoOp, NoOp, Move(N), NoOp];0
[NoOp, Move(W), NoOp, NoOp, NoOp, NoOp];0
[NoOp, Move(W), NoOp, NoOp, NoOp, NoOp];0
[NoOp, Move(W), NoOp, NoOp, NoOp, NoOp];0
[NoOp, Move(W), NoOp, NoOp, NoOp, NoOp];0
[NoOp, Move(W), NoOp, NoOp, NoOp, NoOp];0
[NoOp, Move(W), NoOp, NoOp, NoOp, NoOp];0
[NoOp, Move(W), NoOp, NoOp, NoOp, NoOp];0
[NoOp, Move(W), NoOp, NoOp, NoOp, NoOp];0
[NoOp, Move(W), NoOp, NoOp, NoOp, NoOp];0
[NoOp, Move(W), NoOp, NoOp, NoOp, NoOp];0
[NoOp, Move(W), NoOp, NoOp, NoOp, NoOp];0
[NoOp, Move(N), NoOp, NoOp, NoOp, NoOp];0
[NoOp, Move(N), NoOp, NoOp, NoOp, NoOp];0
[NoOp, Move(W), NoOp, NoOp, NoOp, NoOp];0
[NoOp, Move(N), NoOp, NoOp, NoOp, NoOp];0
[NoOp, Move(N), NoOp, NoOp, NoOp, NoOp];0
[NoOp, Move(N), NoOp, NoOp, NoOp, NoOp];0
[NoOp, Move(W), NoOp, NoOp, NoOp, NoOp];0
[NoOp, Move(N), NoOp, NoOp, NoOp, NoOp];0
[NoOp, Move(N), NoOp, NoOp, NoOp, NoOp];0
[NoOp, Move(N), NoOp, NoOp, NoOp, NoOp];0
[NoOp, Move(N), NoOp, NoOp, NoOp, NoOp];0
[NoOp, Move(N), NoOp, NoOp, NoOp, NoOp];0
[NoOp, Move(N), Move(W), NoOp, NoOp, NoOp];0
[NoOp, Move(N), Move(W), NoOp, NoOp, NoOp];0
[NoOp, Move(N), Move(W), NoOp, NoOp, NoOp];0
[NoOp, Move(W), Move(W), NoOp, NoOp, NoOp];0
[NoOp, Move(W), Move(N), NoOp, NoOp, NoOp];0
[NoOp, Move(W), Move(N), NoOp, NoOp, NoOp];0
[NoOp, Move(W), Move(N), NoOp, NoOp, NoOp];0
[NoOp, Move(W), Move(N), NoOp, NoOp, NoOp];0
[NoOp, Move(W), Move(N), NoOp, NoOp, NoOp];0
[NoOp, Pull(W,S), Move(N), NoOp, NoOp, NoOp];0
[NoOp, Pull(W,E), Move(N), NoOp, NoOp, NoOp];0
[NoOp, Pull(S,E), Move(N), NoOp, NoOp, NoOp];0
[NoOp, Pull(S,N), Move(N), NoOp, NoOp, NoOp];0
[NoOp, Pull(S,N), Move(E), NoOp, NoOp, NoOp];0
[NoOp, Pull(S,N), Move(E), NoOp, NoOp, NoOp];0
[NoOp, Pull(S,N), Move(E), NoOp, NoOp, NoOp];0
[NoOp, Pull(S,N), Move(E), NoOp, NoOp, NoOp];0
[NoOp, Pull(S,N), Move(E), NoOp, NoOp, NoOp];0
[NoOp, Pull(W,N), Move(E), NoOp, NoOp, NoOp];0
[NoOp, Push(E,S), Move(E), NoOp, NoOp, NoOp];0
[NoOp, Push(S,S), Move(E), NoOp, NoOp, NoOp];0
[NoOp, Push(S,S), Move(N), NoOp, NoOp, NoOp];0
[NoOp, Push(S,S), Move(E), NoOp, NoOp, NoOp];0
[NoOp, Push(S,S), Move(N), NoOp, NoOp, NoOp];0
[NoOp, Push(S,S), Move(N), NoOp, NoOp, NoOp];0
[NoOp, Push(S,W), Pull(S,W), NoOp, NoOp, NoOp];0
[NoOp, Push(W,S), Pull(S,N), NoOp, NoOp, NoOp];0
[NoOp, Push(S,S), Pull(S,N), NoOp, NoOp, NoOp];0
[NoOp, Push(S,S), Pull(W,N), NoOp, NoOp, NoOp];0
[NoOp, Push(S,E), Pull(W,E), NoOp, NoOp, NoOp];0
[NoOp, NoOp, Pull(W,E), NoOp, NoOp, NoOp];0
[NoOp, NoOp, Pull(W,E), NoOp, NoOp, NoOp];0
[NoOp, NoOp, Pull(W,E), NoOp, NoOp, NoOp];0
[NoOp, NoOp, Pull(W,E), NoOp, NoOp, NoOp];0
[NoOp, NoOp, Pull(W,E), NoOp, NoOp, NoOp];0
[NoOp, NoOp, Pull(W,E), NoOp, NoOp, NoOp];0
[NoOp, NoOp, Pull(S,E), NoOp, NoOp, NoOp];0
[NoOp, NoOp, Pull(S,N), NoOp, NoOp, NoOp];0
[NoOp, NoOp, Pull(S,N), NoOp, NoOp, NoOp];0
[NoOp, NoOp, Pull(S,N), NoOp, NoOp, NoOp];0
[NoOp, NoOp, Pull(S,N), NoOp, NoOp, NoOp];0
[NoOp, NoOp, Pull(S,N), NoOp, NoOp, NoOp];0
[NoOp, NoOp, Pull(W,N), NoOp, NoOp, NoOp];0
[NoOp, NoOp, Pull(S,E), NoOp, NoOp, NoOp];0
[NoOp, NoOp, Pull(S,N), NoOp, NoOp, NoOp];0
[NoOp, NoOp, Pull(S,N), NoOp, NoOp, NoOp];0
[NoOp, NoOp, Pull(E,N), NoOp, NoOp, NoOp];0
[NoOp, NoOp, Pull(E,W), NoOp, NoOp, NoOp];0
[NoOp, NoOp, Pull(E,W), NoOp, NoOp, NoOp];0
[NoOp, NoOp, Push(W,S), NoOp, NoOp, NoOp];0
[NoOp, Move(N), Move(E), NoOp, NoOp, NoOp];0
[NoOp, Move(N), Move(E), NoOp, NoOp, NoOp];0
[NoOp, Move(N), Move(E), NoOp, NoOp, NoOp];0
[NoOp, Move(N), Move(E), NoOp, NoOp, NoOp];0
[NoOp, Move(N), Move(E), NoOp, NoOp, NoOp];0
[NoOp, Move(N), Move(E), NoOp, NoOp, NoOp];0
[NoOp, Move(N), Move(E), NoOp, NoOp, NoOp];0
[NoOp, Move(N), Move(E), NoOp, NoOp, NoOp];0
[NoOp, Move(N), Move(E), NoOp, NoOp, NoOp];0
[NoOp, Move(N), Move(E), NoOp, NoOp, NoOp];0
[NoOp, Move(E), Move(E), NoOp, NoOp, NoOp];0
[NoOp, Move(E), Move(E), NoOp, NoOp, NoOp];0
[NoOp, Move(E), Move(E), NoOp, NoOp, NoOp];0
[NoOp, Move(E), Move(E), NoOp, NoOp, NoOp];0
[NoOp, Move(E), Move(E), NoOp, NoOp, NoOp];0
[NoOp, Move(E), Move(E), NoOp, NoOp, NoOp];0
[NoOp, Move(E), Move(E), NoOp, NoOp, NoOp];0
[NoOp, Move(E), Move(E), NoOp, NoOp, NoOp];0
[NoOp, Move(S), Move(E), NoOp, NoOp, NoOp];0
[NoOp, Move(E), Move(E), NoOp, NoOp, NoOp];0
[NoOp, Move(S), Move(N), NoOp, NoOp, NoOp];0
[NoOp, Move(S), Move(N), NoOp, NoOp, NoOp];0
[NoOp, Move(S), Move(E), NoOp, NoOp, NoOp];0
[NoOp, Move(E), Move(E), NoOp, NoOp, NoOp];0
[NoOp, Move(S), Move(N), NoOp, NoOp, NoOp];0
[NoOp, Move(S), Move(E), NoOp, NoOp, NoOp];0
[NoOp, Move(S), Move(E), NoOp, NoOp, NoOp];0
[NoOp, Move(E), Move(E), NoOp, NoOp, NoOp];0
[NoOp, Move(E), Move(E), NoOp, NoOp, NoOp];0
[NoOp, Move(E), Move(E), NoOp, NoOp, NoOp];0
[NoOp, Move(E), Move(N), NoOp, NoOp, NoOp];0
[NoOp, Move(E), Move(E), NoOp, NoOp, NoOp];0
[NoOp, Move(E), Move(N), NoOp, NoOp, NoOp];0
[NoOp, Move(N), Move(N), NoOp, NoOp, NoOp];0
[NoOp, Move(N), Move(E), NoOp, NoOp, NoOp];0
[NoOp, Move(E), Move(E), NoOp, NoOp, NoOp];0
[NoOp, Move(N), Move(E), NoOp, NoOp, NoOp];0
[NoOp, Move(N), Move(E), NoOp, NoOp, NoOp];0
[NoOp, Move(E), Move(E), NoOp, NoOp, NoOp];0
[NoOp, Move(N), Move(E), NoOp, NoOp, NoOp];0
[NoOp, Move(N), Move(E), NoOp, NoOp, NoOp];0
[NoOp, Move(N), Move(E), NoOp, NoOp, NoOp];0
[NoOp, Move(N), Move(E), NoOp, NoOp, NoOp];0
[NoOp, Move(N), Move(E), NoOp, NoOp, NoOp];0
[NoOp, Move(N), Move(S), NoOp, NoOp, NoOp];0
[NoOp, Move(N), Move(S), NoOp, NoOp, NoOp];0
[NoOp, Move(N), Move(E), NoOp, NoOp, NoOp];0
[NoOp, Move(N), Move(E), NoOp, NoOp, NoOp];0
[NoOp, Move(E), Move(E), NoOp, NoOp, NoOp];0
[NoOp, Move(E), Move(E), NoOp, NoOp, NoOp];0
[NoOp, Move(E), NoOp, NoOp, NoOp, NoOp];0
[NoOp, Move(E), NoOp, NoOp, NoOp, NoOp];0
[NoOp, Move(E), NoOp, NoOp, NoOp, NoOp];0
[NoOp, Move(E), NoOp, NoOp, NoOp, NoOp];0
[NoOp, Move(S), NoOp, NoOp, NoOp, NoOp];0
[NoOp, Pull(N,S), NoOp, NoOp, NoOp, NoOp];0
[NoOp, Pull(E,S), NoOp, NoOp, NoOp, NoOp];0
[NoOp, Pull(E,W), NoOp, NoOp, NoOp, NoOp];0
[NoOp, Pull(E,W), NoOp, NoOp, NoOp, NoOp];0
[NoOp, Pull(S,W), NoOp, NoOp, NoOp, NoOp];0
[NoOp, Pull(S,N), NoOp, NoOp, NoOp, NoOp];0
[NoOp, Pull(S,N), NoOp, NoOp, NoOp, NoOp];0
[NoOp, Pull(S,N), NoOp, NoOp, NoOp, NoOp];0
[NoOp, Pull(S,N), NoOp, NoOp, NoOp, NoOp];0
[NoOp, Pull(S,N), NoOp, NoOp, NoOp, NoOp];0
[NoOp, Pull(S,N), NoOp, NoOp, NoOp, NoOp];0
[NoOp, Pull(S,N), NoOp, NoOp, NoOp, NoOp];0
[NoOp, Pull(S,N), NoOp, NoOp, NoOp, NoOp];0
[NoOp, Pull(S,N), NoOp, NoOp, NoOp, NoOp];0
[NoOp, Pull(S,N), NoOp, NoOp, NoOp, NoOp];0
[NoOp, Pull(S,N), NoOp, NoOp, NoOp, NoOp];0
[NoOp, Pull(S,N), NoOp, NoOp, NoOp, NoOp];0
[NoOp, Pull(W,N), NoOp, NoOp, NoOp, NoOp];0
[NoOp, Pull(W,E), NoOp, NoOp, NoOp, NoOp];0
[NoOp, Pull(W,E), NoOp, NoOp, NoOp, NoOp];0
[NoOp, Pull(W,E), NoOp, NoOp, NoOp, NoOp];0
[NoOp, Pull(N,E), NoOp, NoOp, NoOp, NoOp];0
[NoOp, Push(S,S), NoOp, NoOp, NoOp, NoOp];0
[NoOp, Push(S,S), NoOp, NoOp, NoOp, NoOp];0
[NoOp, Push(S,S), NoOp, NoOp, NoOp, NoOp];0
[NoOp, Push(S,W), NoOp, NoOp, NoOp, NoOp];0
[NoOp, Push(W,W), NoOp, NoOp, NoOp, NoOp];0
[NoOp, Push(W,W), NoOp, NoOp, NoOp, NoOp];0
[NoOp, Push(W,W), NoOp, NoOp, NoOp, NoOp];0
[NoOp, Push(W,W), NoOp, NoOp, NoOp, NoOp];0
[NoOp, Push(W,W), NoOp, NoOp, NoOp, NoOp];0
[NoOp, Move(N), NoOp, NoOp, Move(S), NoOp];0
[NoOp, NoOp, NoOp, NoOp, Pull(N,W), NoOp];0
[NoOp, NoOp, NoOp, NoOp, Push(S,S), NoOp];0
[NoOp, NoOp, NoOp, NoOp, Move(N), NoOp];0
[NoOp, NoOp, NoOp, NoOp, Push(W,S), NoOp];0
[NoOp, NoOp, NoOp, NoOp, Push(S,S), NoOp];0
[NoOp, NoOp, NoOp, NoOp, Push(S,W), NoOp];0
[NoOp, NoOp, NoOp, NoOp, Push(W,W), NoOp];0
[NoOp, NoOp, NoOp, NoOp, Push(W,W), NoOp];0
[NoOp, NoOp, NoOp, NoOp, Push(W,W), NoOp];0
[NoOp, NoOp, NoOp, NoOp, Push(W,W), NoOp];0
[NoOp, NoOp, NoOp, NoOp, Push(W,W), NoOp];0
[NoOp, NoOp, NoOp, NoOp, Push(W,W), NoOp];0
[NoOp, NoOp, NoOp, NoOp, Push(W,S), NoOp];0
[NoOp, NoOp, NoOp, NoOp, Push(S,S), NoOp];0
[NoOp, NoOp, NoOp, NoOp, Push(S,W), NoOp];0
[NoOp, NoOp, NoOp, NoOp, Push(W,S), NoOp];0
[NoOp, NoOp, NoOp, NoOp, Push(S,W), NoOp];0
[NoOp, NoOp, NoOp, NoOp, Push(W,W), NoOp];0
[NoOp, NoOp, NoOp, NoOp, Push(W,W), NoOp];0
[NoOp, NoOp, NoOp, NoOp, Push(W,W), NoOp];0
[NoOp, NoOp, NoOp, NoOp, Push(W,W), NoOp];0
[NoOp, NoOp, NoOp, NoOp, Push(W,W), NoOp];0
[NoOp, NoOp, NoOp, NoOp, Push(W,W), NoOp];0
[NoOp, NoOp, NoOp, NoOp, Push(W,W), NoOp];0
[NoOp, NoOp, NoOp, NoOp, Push(W,W), NoOp];0
[NoOp, NoOp, NoOp, NoOp, Push(W,W), NoOp];0
[NoOp, NoOp, Pull(W,E), NoOp, Move(N), NoOp];0
[NoOp, NoOp, Pull(W,E), NoOp, Move(E), NoOp];0
[NoOp, NoOp, Pull(W,E), NoOp, Move(E), NoOp];0
[NoOp, NoOp, Pull(W,E), NoOp, Move(E), NoOp];0
[NoOp, NoOp, Pull(N,E), NoOp, Move(E), NoOp];0
[NoOp, NoOp, Pull(N,S), NoOp, Move(E), NoOp];0
[NoOp, NoOp, Pull(W,S), NoOp, Move(E), NoOp];0
[NoOp, NoOp, Pull(W,E), NoOp, Move(E), NoOp];0
[NoOp, NoOp, Pull(W,E), NoOp, Move(E), NoOp];0
[NoOp, NoOp, Pull(N,E), NoOp, Move(E), NoOp];0
[NoOp, NoOp, Push(S,W), NoOp, Move(E), NoOp];0
[NoOp, NoOp, Push(W,W), NoOp, Move(N), NoOp];0
[NoOp, NoOp, Push(W,W), NoOp, Move(E), NoOp];0
[NoOp, NoOp, Push(W,W), NoOp, Move(E), NoOp];0
[NoOp, NoOp, Push(W,W), NoOp, Move(E), NoOp];0
[NoOp, NoOp, Push(W,W), NoOp, Move(E), NoOp];0
[NoOp, NoOp, Push(W,W), NoOp, Move(E), NoOp];0
[NoOp, NoOp, Push(W,S), NoOp, Move(E), NoOp];0
[NoOp, NoOp, Push(S,W), NoOp, Move(E), NoOp];0
[NoOp, NoOp, Push(W,W), NoOp, Move(E), NoOp];0
[NoOp, NoOp, Push(W,S), NoOp, Move(E), NoOp];0
[NoOp, NoOp, Push(S,S), NoOp, Move(N), NoOp];0
[NoOp, NoOp, Push(S,S), NoOp, Move(N), NoOp];0
[NoOp, NoOp, Push(S,W), NoOp, Move(N), NoOp];0
[NoOp, NoOp, Push(W,W), NoOp, Pull(W,N), NoOp];0
[NoOp, NoOp, Push(W,W), NoOp, Pull(S,E), NoOp];0
[NoOp, NoOp, Push(W,W), NoOp, Pull(W,N), NoOp];0
[NoOp, NoOp, Push(W,W), NoOp, Pull(S,E), NoOp];0
[NoOp, NoOp, Push(W,S), NoOp, Pull(W,N), NoOp];0
[NoOp, NoOp, Push(S,S), NoOp, Pull(W,E), NoOp];0
[NoOp, NoOp, Push(S,S), NoOp, Pull(W,E), NoOp];0
[NoOp, NoOp, Push(S,W), NoOp, Pull(S,E), NoOp];0
[NoOp, NoOp, Push(W,W), NoOp, Pull(S,N), NoOp];0
[NoOp, NoOp, Push(W,W), NoOp, Pull(W,N), NoOp];0
[NoOp, NoOp, Push(W,W), NoOp, Pull(S,E), NoOp];0
[NoOp, NoOp, Push(W,W), NoOp, Push(N,W), NoOp];0
[NoOp, NoOp, NoOp, NoOp, Push(W,W), NoOp];0
[NoOp, NoOp, NoOp, NoOp, Push(W,W), NoOp];0
[NoOp, NoOp, NoOp, NoOp, Push(W,W), NoOp];0
[NoOp, NoOp, NoOp, NoOp, Push(W,W), NoOp];0
[NoOp, NoOp, NoOp, NoOp, Push(W,W), NoOp];0
[NoOp, NoOp, NoOp, NoOp, Push(W,W), NoOp];0
[NoOp, NoOp, NoOp, NoOp, Push(W,W), NoOp];0
[NoOp, NoOp, NoOp, NoOp, Push(W,W), NoOp];0
[NoOp, NoOp, NoOp, NoOp, Push(W,W), NoOp];0
[NoOp, NoOp, NoOp, NoOp, Push(W,W), NoOp];0
[NoOp, NoOp, NoOp, NoOp, Push(W,W), NoOp];0
[NoOp, NoOp, NoOp, NoOp, Push(W,W), NoOp];0
[NoOp, NoOp, NoOp, NoOp, Push(W,W), NoOp];0
[NoOp, NoOp, NoOp, NoOp, Push(W,W), NoOp];0
[NoOp, NoOp, NoOp, NoOp, Push(W,W), NoOp];0
[NoOp, NoOp, NoOp, NoOp, Push(W,W), NoOp];0
[NoOp, NoOp, NoOp, NoOp, Push(W,W), NoOp];0
[NoOp, NoOp, NoOp, NoOp, Push(W,W), NoOp];0
[NoOp, NoOp, NoOp, NoOp, Push(W,W), NoOp];0
[NoOp, NoOp, NoOp, NoOp, Push(W,S), NoOp];0
[NoOp, NoOp, NoOp, NoOp, Push(S,W), NoOp];0
[NoOp, NoOp, NoOp, NoOp, Push(W,W), NoOp];0
[NoOp, NoOp, NoOp, NoOp, Push(W,W), NoOp];0
[NoOp, NoOp, NoOp, NoOp, Push(W,W), NoOp];0
[NoOp, NoOp, NoOp, NoOp, Push(W,W), NoOp];0
[NoOp, NoOp, NoOp, NoOp, Push(W,W), NoOp];0
[NoOp, NoOp, NoOp, NoOp, Push(W,W), NoOp];0
[NoOp, NoOp, NoOp, NoOp, Push(W,W), NoOp];0
[NoOp, NoOp, NoOp, NoOp, Push(W,W), NoOp];0
[NoOp, NoOp, NoOp, NoOp, Push(W,W), NoOp];0
[NoOp, NoOp, Move(N), NoOp, Move(N), NoOp];0
[NoOp, NoOp, Move(E), NoOp, Move(E), NoOp];0
[NoOp, NoOp, Move(E), NoOp, Move(E), NoOp];0
[NoOp, NoOp, Move(E), NoOp, Move(E), NoOp];0
[NoOp, NoOp, Move(N), NoOp, Move(E), NoOp];0
[NoOp, NoOp, Move(N), NoOp, Move(E), NoOp];0
[NoOp, NoOp, Move(W), NoOp, Move(E), NoOp];0
[NoOp, NoOp, Move(W), NoOp, Move(E), NoOp];0
[NoOp, NoOp, Move(W), NoOp, Move(E), NoOp];0
[NoOp, NoOp, Move(N), NoOp, Move(E), NoOp];0
[NoOp, NoOp, Move(N), NoOp, Move(E), NoOp];0
[NoOp, NoOp, Move(N), NoOp, Move(E), NoOp];0
[NoOp, NoOp, Move(N), NoOp, Move(E), NoOp];0
[NoOp, NoOp, Move(N), NoOp, Move(E), NoOp];0
[NoOp, NoOp, Move(N), NoOp, Move(E), NoOp];0
[NoOp, NoOp, Move(N), NoOp, Move(E), NoOp];0
[NoOp, NoOp, Move(N), NoOp, Move(E), NoOp];0
[NoOp, NoOp, Move(N), NoOp, Move(E), NoOp];0
[NoOp, NoOp, Move(N), NoOp, Move(E), NoOp];0
[NoOp, NoOp, Move(N), NoOp, Move(E), NoOp];0
[NoOp, NoOp, Move(N), NoOp, Move(E), NoOp];0
[NoOp, NoOp, Move(N), NoOp, Move(E), NoOp];0
[NoOp, NoOp, Move(E), NoOp, Move(E), NoOp];0
[NoOp, NoOp, Move(E), NoOp, Move(E), NoOp];0
[NoOp, Move(E), Pull(W,S), NoOp, Move(E), NoOp];0
[NoOp, Move(E), Push(E,E), NoOp, Move(E), NoOp];0
[NoOp, Move(E), Push(E,E), NoOp, Move(E), NoOp];0
[NoOp, Move(E), NoOp, NoOp, Move(N), NoOp];0
[NoOp, Move(N), NoOp, NoOp, Move(E), NoOp];0
[NoOp, Move(N), NoOp, NoOp, Move(E), NoOp];0
[NoOp, Move(W), NoOp, NoOp, Move(E), NoOp];0
[NoOp, Move(W), NoOp, NoOp, Move(E), NoOp];0
[NoOp, Move(W), NoOp, NoOp, Move(E), NoOp];0
[NoOp, Move(N), NoOp, NoOp, Move(E), NoOp];0
[NoOp, Move(N), NoOp, NoOp, Move(E), NoOp];0
[NoOp, Move(N), NoOp, NoOp, Move(N), NoOp];0
[NoOp, Move(N), NoOp, NoOp, Pull(W,E), NoOp];0
[NoOp, Move(N), NoOp, NoOp, Pull(W,E), NoOp];0
[NoOp, Move(N), NoOp, NoOp, Pull(W,E), NoOp];0
[NoOp, Move(N), NoOp, NoOp, Pull(W,E), NoOp];0
[NoOp, Move(N), NoOp, NoOp, Pull(S,E), NoOp];0
[NoOp, Move(N), NoOp, NoOp, Pull(W,N), NoOp];0
[NoOp, Move(N), NoOp, NoOp, Pull(S,E), NoOp];0
[NoOp, Move(N), NoOp, NoOp, Push(N,W), NoOp];0
[NoOp, Move(N), NoOp, NoOp, Push(W,S), NoOp];0
[NoOp, Move(N), NoOp, NoOp, Push(S,W), NoOp];0
[NoOp, Move(E), NoOp, NoOp, Push(W,W), NoOp];0
[NoOp, Move(E), NoOp, NoOp, Push(W,W), NoOp];0
[NoOp, Move(S), NoOp, NoOp, Push(W,W), NoOp];0
[NoOp, Pull(N,S), NoOp, NoOp, Push(W,W), NoOp];0
[NoOp, Pull(W,S), NoOp, NoOp, Push(W,W), NoOp];0
[NoOp, Pull(W,E), NoOp, NoOp, Push(W,W), NoOp];0
[NoOp, Pull(W,E), Move(W), NoOp, Push(W,W), NoOp];0
[NoOp, Pull(W,E), Move(S), NoOp, Push(W,W), NoOp];0
[NoOp, Pull(S,E), Move(S), NoOp, Push(W,W), NoOp];0
[NoOp, NoOp, Pull(N,E), NoOp, Push(W,W), NoOp];0
[NoOp, NoOp, Pull(N,S), NoOp, Push(W,W), NoOp];0
[NoOp, NoOp, Pull(W,S), NoOp, Push(W,W), NoOp];0
[NoOp, NoOp, Pull(W,E), NoOp, Push(W,W), NoOp];0
[NoOp, NoOp, Pull(S,E), NoOp, Push(W,W), NoOp];0
[NoOp, NoOp, Pull(S,N), NoOp, Push(W,W), NoOp];0
[NoOp, NoOp, Pull(S,N), NoOp, Push(W,W), NoOp];0
[NoOp, NoOp, Pull(S,N), NoOp, Push(W,W), NoOp];0
[NoOp, NoOp, Pull(S,N), NoOp, Push(W,W), NoOp];0
[NoOp, NoOp, Pull(S,N), NoOp, Push(W,W), NoOp];0
[NoOp, NoOp, Pull(S,N), NoOp, Push(W,W), NoOp];0
[NoOp, NoOp, Pull(S,N), NoOp, Push(W,W), NoOp];0
[NoOp, NoOp, Pull(S,N), NoOp, Push(W,W), NoOp];0
[NoOp, NoOp, Pull(S,N), NoOp, Push(W,W), NoOp];0
[NoOp, NoOp, Pull(S,N), NoOp, Push(W,W), NoOp];0
[NoOp, NoOp, Pull(S,N), NoOp, Push(W,W), NoOp];0
[NoOp, NoOp, Pull(S,N), NoOp, Push(W,W), NoOp];0
[NoOp, NoOp, Pull(E,N), NoOp, Push(W,W), NoOp];0
[NoOp, NoOp, Pull(E,W), NoOp, Push(W,W), NoOp];0
[NoOp, NoOp, Pull(E,W), NoOp, Push(W,W), NoOp];0
[NoOp, NoOp, Pull(S,W), NoOp, Push(W,W), NoOp];0
[NoOp, NoOp, Pull(S,N), NoOp, Push(W,W), NoOp];0
[NoOp, NoOp, Pull(E,N), NoOp, Push(W,W), NoOp];0
[NoOp, NoOp, Pull(E,W), NoOp, Push(W,W), NoOp];0
[NoOp, Pull(E,N), Pull(E,W), NoOp, Push(W,W), NoOp];0
[NoOp, Pull(S,W), Pull(E,W), NoOp, Push(W,W), NoOp];0
[NoOp, Pull(E,N), Pull(E,W), NoOp, Push(W,W), NoOp];0
[NoOp, Pull(N,W), Pull(E,W), NoOp, Push(W,W), NoOp];0
[NoOp, Push(S,S), Pull(E,W), NoOp, Push(W,S), NoOp];0
[NoOp, Push(S,S), Pull(E,W), NoOp, Push(S,W), NoOp];0
[NoOp, Push(S,S), Pull(E,W), NoOp, Push(W,W), NoOp];0
[NoOp, Push(S,S), Pull(E,W), NoOp, Push(W,W), NoOp];0
[NoOp, Push(S,S), Pull(E,W), NoOp, Push(W,W), NoOp];0
[NoOp, Push(S,S), Pull(E,W), NoOp, Push(W,W), NoOp];0
[NoOp, Push(S,S), Pull(E,W), NoOp, Push(W,W), NoOp];0
[NoOp, Push(S,S), Pull(E,W), NoOp, Move(E), NoOp];0
[NoOp, Push(S,S), Pull(E,W), NoOp, Move(E), NoOp];0
[NoOp, Push(S,S), Pull(E,W), NoOp, Move(E), NoOp];0
[NoOp, Push(S,S), Pull(E,W), NoOp, Move(E), NoOp];0
[NoOp, Push(S,E), Pull(E,W), NoOp, Move(E), NoOp];0
[NoOp, Push(E,E), Pull(E,W), NoOp, Move(E), NoOp];0
[NoOp, Push(E,E), Pull(E,W), NoOp, Move(E), NoOp];0
[NoOp, Push(E,S), Pull(E,W), NoOp, Move(E), NoOp];0
[NoOp, Push(S,S), Pull(E,W), NoOp, Move(N), NoOp];0
[NoOp, Push(S,W), Pull(E,W), NoOp, Move(E), NoOp];0
[NoOp, Push(W,S), Pull(E,W), NoOp, Move(E), NoOp];0
[NoOp, Push(S,W), Pull(E,W), NoOp, Move(E), NoOp];0
[NoOp, Push(W,W), Pull(S,W), NoOp, Move(E), NoOp];0
[NoOp, NoOp, Push(N,E), NoOp, Move(E), NoOp];0
[NoOp, NoOp, Push(E,E), NoOp, Move(E), NoOp];0
[NoOp, NoOp, Push(E,E), NoOp, Move(E), NoOp];0
[NoOp, NoOp, Push(E,E), NoOp, Move(N), NoOp];0
[NoOp, NoOp, Push(E,E), NoOp, Move(N), NoOp];0
[NoOp, NoOp, Push(E,S), NoOp, Move(N), NoOp];0
[NoOp, NoOp, Move(W), NoOp, Move(E), NoOp];0
[NoOp, NoOp, Move(W), NoOp, Move(E), NoOp];0
[NoOp, NoOp, Move(W), NoOp, Move(E), NoOp];0
[NoOp, NoOp, Move(W), NoOp, Move(E), NoOp];0
[NoOp, NoOp, Move(W), NoOp, Move(N), NoOp];0
[NoOp, NoOp, Move(W), NoOp, Move(E), NoOp];0
[NoOp, NoOp, Move(W), NoOp, Move(N), NoOp];0
[NoOp, NoOp, Move(W), NoOp, Move(N), NoOp];0
[NoOp, NoOp, Move(W), NoOp, Move(N), NoOp];0
[NoOp, NoOp, Move(W), NoOp, Move(N), NoOp];0
[NoOp, NoOp, Move(W), NoOp, Move(N), NoOp];0
[NoOp, NoOp, Move(W), NoOp, Move(N), NoOp];0
[NoOp, NoOp, Move(W), NoOp, Move(N), NoOp];0
[NoOp, NoOp, Move(W), NoOp, Move(N), NoOp];0
[NoOp, NoOp, Move(W), NoOp, Move(N), NoOp];0
[NoOp, NoOp, Move(W), NoOp, Move(N), NoOp];0
[NoOp, NoOp, Move(W), NoOp, Move(N), NoOp];0
[NoOp, NoOp, Move(W), NoOp, Push(E,S), NoOp];0
[NoOp, NoOp, Move(W), NoOp, Push(S,S), NoOp];0
[NoOp, NoOp, Move(W), NoOp, Push(S,S), NoOp];0
[NoOp, NoOp, Move(W), NoOp, Push(S,W), NoOp];0
[NoOp, NoOp, Move(W), NoOp, Push(W,S), NoOp];0
[NoOp, NoOp, Move(W), NoOp, Push(S,S), NoOp];0
[NoOp, NoOp, Move(W), NoOp, Push(S,S), NoOp];0
[NoOp, NoOp, Move(W), NoOp, Push(S,S), NoOp];0
[NoOp, NoOp, Move(W), NoOp, Push(S,S), NoOp];0
[NoOp, NoOp, Move(W), NoOp, Push(S,S), NoOp];0
[NoOp, NoOp, Move(W), NoOp, Push(S,S), NoOp];0
[NoOp, NoOp, Move(W), NoOp, Push(S,S), NoOp];0
[NoOp, NoOp, Move(N), NoOp, Push(S,S), NoOp];0
[NoOp, NoOp, Move(N), NoOp, Push(S,W), NoOp];0
[NoOp, NoOp, Move(N), NoOp, Push(W,S), NoOp];0
[NoOp, NoOp, Move(W), NoOp, Push(S,W), NoOp];0
[NoOp, NoOp, Move(W), NoOp, Push(W,W), NoOp];0
[NoOp, NoOp, Move(W), NoOp, Push(W,W), NoOp];0
[NoOp, NoOp, Move(W), NoOp, Push(W,W), NoOp];0
[NoOp, NoOp, Move(N), NoOp, Push(W,S), NoOp];0
[NoOp, NoOp, Move(N), NoOp, Push(S,S), NoOp];0
[NoOp, NoOp, Move(N), NoOp, Push(S,W), NoOp];0
[NoOp, NoOp, Move(N), NoOp, Push(W,S), NoOp];0
[NoOp, NoOp, Move(N), NoOp, Move(W), NoOp];0
[NoOp, NoOp, Move(N), NoOp, Move(W), NoOp];0
[NoOp, Move(N), Move(N), NoOp, NoOp, NoOp];0
[NoOp, Move(E), Move(N), NoOp, NoOp, NoOp];0
[NoOp, Move(E), Move(N), NoOp, NoOp, NoOp];0
[NoOp, Move(N), Move(N), NoOp, NoOp, NoOp];0
[NoOp, NoOp, Move(N), NoOp, NoOp, NoOp];0
[NoOp, NoOp, Move(N), NoOp, NoOp, NoOp];0
[NoOp, NoOp, Move(E), NoOp, NoOp, NoOp];0
[NoOp, NoOp, Move(E), NoOp, NoOp, NoOp];0
[NoOp, NoOp, Move(E), NoOp, NoOp, NoOp];0
[NoOp, NoOp, Pull(W,E), NoOp, NoOp, NoOp];0
[NoOp, NoOp, Pull(W,E), NoOp, NoOp, NoOp];0
[NoOp, NoOp, Pull(W,E), NoOp, NoOp, NoOp];0
[NoOp, NoOp, Pull(S,E), NoOp, NoOp, NoOp];0
[NoOp, NoOp, Pull(S,N), NoOp, NoOp, NoOp];0
[NoOp, NoOp, Pull(S,N), NoOp, NoOp, NoOp];0
[NoOp, NoOp, Pull(S,N), NoOp, NoOp, NoOp];0
[NoOp, NoOp, Pull(S,N), NoOp, NoOp, NoOp];0
[NoOp, NoOp, Pull(S,N), NoOp, NoOp, NoOp];0
[NoOp, NoOp, Pull(S,N), NoOp, NoOp, NoOp];0
[NoOp, NoOp, Pull(S,N), NoOp, NoOp, NoOp];0
[NoOp, NoOp, Pull(S,N), NoOp, NoOp, NoOp];0
[NoOp, NoOp, Pull(S,N), NoOp, NoOp, NoOp];0
[NoOp, NoOp, Pull(S,N), NoOp, NoOp, NoOp];0
[NoOp, NoOp, Pull(S,N), NoOp, NoOp, NoOp];0
[NoOp, NoOp, Pull(S,N), NoOp, NoOp, NoOp];0
[NoOp, NoOp, Pull(E,N), NoOp, NoOp, NoOp];0
[NoOp, NoOp, Pull(E,W), NoOp, NoOp, NoOp];0
[NoOp, NoOp, Pull(E,W), NoOp, NoOp, NoOp];0
[NoOp, NoOp, Pull(E,W), NoOp, NoOp, NoOp];0
[NoOp, NoOp, Pull(S,W), NoOp, NoOp, NoOp];0
[NoOp, NoOp, Pull(S,N), NoOp, NoOp, NoOp];0
[NoOp, NoOp, Pull(E,N), NoOp, NoOp, NoOp];0
[NoOp, NoOp, Push(W,W), NoOp, NoOp, NoOp];0
[NoOp, NoOp, Push(W,W), NoOp, NoOp, NoOp];0
[NoOp, NoOp, Push(W,W), NoOp, NoOp, NoOp];0
[NoOp, NoOp, Push(W,S), NoOp, NoOp, NoOp];0
40e1e349a72d054ec7c7a8205dbb584d0588a050
successful
1714
1108
023efc23d83b5e1ff7fc72a58a2b87978429b909
1495040469220
