++++++++++++++++++++++++++
+0                     aA+
++++++++++  ++++++++++ +++
+           +C  dc   + +b+
+        +  +        + + +
+        +  +        + + +
+        +  +        + + +
+E       +  +        + + +
+        +  +        + + +
+        +  +       D+ + +
+B       +  +        + + +
+        +  +        + + +
+        +  +          + +
+                   ++++ +
+        +          +  + +
+                   +  + +
+        +  + + + + ++++ +
+e      E+              B+
++++++++++++++++++++++++++

[Move(E)];249
[Move(E)];0
[Move(E)];0
[Move(E)];0
[Move(E)];0
[Move(E)];0
[Move(E)];0
[Move(E)];0
[Move(E)];0
[Move(S)];0
[Move(S)];0
[Move(S)];0
[Move(S)];0
[Move(S)];0
[Move(S)];0
[Move(S)];0
[Move(S)];0
[Move(S)];0
[Move(S)];0
[Move(S)];0
[Move(E)];0
[Move(S)];0
[Move(E)];0
[Move(E)];0
[Move(N)];0
[Move(N)];0
[Move(N)];0
[Move(N)];0
[Move(N)];0
[Move(N)];0
[Move(N)];0
[Move(N)];0
[Move(N)];0
[Push(N,E)];0
[Push(E,E)];0
[Push(E,E)];0
[Push(E,E)];0
[Move(S)];0
[Move(W)];0
[Move(W)];0
[Move(W)];0
[Move(S)];0
[Move(S)];0
[Move(S)];0
[Move(S)];0
[Move(S)];0
[Move(S)];0
[Move(S)];0
[Move(S)];0
[Move(S)];0
[Move(W)];0
[Move(W)];0
[Move(W)];0
[Move(W)];0
[Move(W)];0
[Move(S)];0
[Move(S)];0
[Move(S)];0
[Push(S,W)];0
[Push(W,W)];0
[Push(W,W)];0
[Push(W,W)];15
[Push(W,W)];0
[Push(W,W)];0
[Push(W,W)];0
[Move(N)];0
[Move(E)];0
[Move(E)];0
[Move(E)];0
[Move(N)];0
[Move(N)];0
[Move(E)];0
[Move(E)];0
[Move(N)];0
[Move(E)];0
[Move(E)];0
[Move(E)];0
[Move(E)];0
[Move(E)];0
[Move(E)];0
[Move(N)];0
[Move(N)];0
[Move(N)];0
[Move(E)];0
[Move(N)];0
[Move(E)];0
[Move(E)];0
[Move(E)];0
[Move(E)];0
[Move(E)];0
[Pull(N,E)];0
[Pull(N,S)];0
[Pull(E,S)];0
[Push(W,N)];0
[Push(N,W)];0
[Push(W,N)];0
[Push(N,N)];0
[Push(N,W)];0
[Push(W,W)];0
[Push(W,N)];0
[Move(S)];0
[Move(S)];0
[Move(E)];0
[Move(E)];0
[Move(S)];0
[Move(S)];0
[Move(S)];0
[Move(S)];0
[Move(S)];0
[Move(S)];0
[Move(S)];0
[Move(S)];0
[Move(S)];0
[Move(E)];0
[Move(S)];0
[Move(S)];0
[Move(E)];0
[Move(E)];0
[Move(E)];0
[Move(E)];0
[Push(E,N)];0
[Push(N,N)];0
[Push(N,N)];0
[Push(N,N)];0
[Push(N,N)];0
[Push(N,N)];0
[Push(N,N)];0
[Push(N,N)];0
[Push(N,N)];0
[Push(N,N)];0
[Push(N,N)];0
[Push(N,N)];0
[Push(N,N)];0
[Push(N,N)];0
[Move(S)];0
[Move(S)];0
[Move(S)];0
[Move(S)];0
[Move(S)];0
[Move(S)];0
[Move(S)];0
[Move(S)];0
[Move(S)];0
[Move(S)];0
[Move(S)];0
[Move(S)];0
[Move(S)];0
[Move(W)];0
[Move(W)];0
[Move(W)];0
[Move(W)];0
[Move(W)];0
[Move(N)];0
[Move(N)];0
[Move(N)];0
[Move(N)];0
[Move(N)];0
[Move(E)];0
[Move(E)];0
[Move(E)];0
[Move(N)];0
[Move(N)];0
[Move(N)];0
[Move(N)];0
[Move(N)];0
[Move(N)];0
[Move(N)];0
[Move(N)];0
[Move(N)];0
[Move(N)];0
[Move(N)];0
[Move(E)];0
[Pull(W,E)];0
c90fe5d28ea8778e786e9a50aa59cd9b9e67fcee
successful
264
173
f746f430f7ced2aeece2e54ad9411d7b50a6ad14
1495040474351
