blue: 4,0,5,6,A,E,J,K,L,F
red: 1,B
yellow: 2,C
magenta: 3,7,D,G,N
cyan: 8,9,H,I,M
+++++++++++++++++++++++++
+  G 1            7 A g +
+ b H 2       h    8  B +
+  I 3   a++++    9 C i +
+         ++++          +
+ d J 4   ++++    0 D j +
+  K 5   c++++k      E  +
+ f L 6  e++++      F l +
+                       +
+  M                 N  +
+  +++++++++++++++++++  +
+          mn           +
+++++++++++++++++++++++++

[Move(E), Move(E), Move(E), Move(W), Move(E), Move(W), Move(W), Move(S), Move(W), Move(W)];257
bba1f8f55ba186a9bbf677b67f39779598fac054
unsuccessful
257
1
1f280633df66bdc57d9212c4c1308a75af89066e
1495034021438
