red: 0,1,A,B
blue: 2,C
+++++++++++++++++++++++++++
+           c+b           +
+      +++++ ++++++++++++ +
+      +  C+ +            +
+a     +     ++ +++B+++++++
+++++ ++++++++            +
+A          C++++++++++++ +
+ ++++       +            +
+ ++++       + ++++++++++++
+    12      +       B   0+
+++++++++++++++++++++++++++

[Move(W), Move(W), Move(E)];233
[Move(W), Move(W), Move(E)];5
[Move(W), Move(W), Move(E)];1
[Push(W,W), Move(W), Move(N)];2
[Push(W,W), Move(N), Move(N)];3
[Push(W,W), Move(N), Move(E)];0
[Push(W,W), Push(N,E), Move(E)];0
[Push(W,W), Push(E,E), Move(E)];1
[Push(W,W), Push(E,E), Push(N,W)];0
[Push(W,W), Push(E,E), Push(W,W)];1
[Push(W,N), Push(E,N), Push(W,W)];1
[Push(N,N), Push(N,N), Push(W,W)];1
[Push(N,E), Push(N,W), Push(W,W)];2
[Push(E,E), Push(W,W), Push(W,W)];2
[Push(E,E), Push(W,W), Push(W,W)];1
[Push(E,E), Push(W,W), Push(W,N)];1
[Push(E,E), NoOp, Push(N,N)];2
[Push(E,E), NoOp, Push(N,E)];0
[Push(E,E), NoOp, Push(E,N)];0
[Push(E,E), NoOp, Push(N,N)];1
[Push(E,E), NoOp, Push(N,N)];0
[Push(E,E), NoOp, Push(N,E)];2
[Push(E,E), NoOp, Push(E,E)];0
[Push(E,N), NoOp, Push(E,E)];2
[Push(N,N), NoOp, Push(E,E)];0
[Push(N,W), NoOp, Push(E,E)];1
[Push(W,W), NoOp, Push(E,E)];0
[Push(W,W), NoOp, NoOp];0
[Push(W,W), NoOp, NoOp];0
[Push(W,W), NoOp, NoOp];3
[Push(W,W), NoOp, NoOp];1
[Push(W,W), NoOp, NoOp];0
[Push(W,W), NoOp, NoOp];0
[Push(W,W), NoOp, NoOp];0
[Push(W,W), NoOp, NoOp];0
[Push(W,N), NoOp, NoOp];1
[Push(N,N), NoOp, NoOp];0
[Push(N,E), NoOp, NoOp];0
[Push(E,E), NoOp, NoOp];0
[Push(E,E), NoOp, NoOp];1
[Push(E,E), NoOp, NoOp];0
[Push(E,E), NoOp, NoOp];0
[Push(E,E), NoOp, NoOp];0
[Push(E,E), NoOp, NoOp];0
[Push(E,E), NoOp, NoOp];1
[Push(E,E), NoOp, NoOp];0
[Push(E,E), NoOp, NoOp];1
[Push(E,N), NoOp, NoOp];0
[Push(N,N), NoOp, NoOp];0
[Push(N,W), NoOp, NoOp];0
[Push(W,W), NoOp, NoOp];0
[Push(W,W), NoOp, NoOp];0
[Push(W,W), NoOp, NoOp];0
[Push(W,W), NoOp, NoOp];0
[Push(W,W), NoOp, NoOp];0
[Push(W,W), NoOp, NoOp];0
[Push(W,W), NoOp, NoOp];1
[Push(W,W), NoOp, NoOp];1
[Push(W,W), NoOp, NoOp];0
[Push(W,W), NoOp, NoOp];0
12d7766fed7bb54915ca8486b1d717182092904c
successful
272
60
e65d1e03ac549f1902fa9db85fe451fdc46d2256
1495034021718
