red: 0,I
green: 1,W
yellow: 2,N
blue: 3,B
++++++++++++++++++++++++++
+0     1     2     3     +
+  I     W     N     B   +
+                        +
+BRiNG+POwER+RAnGERS+bACK+
++++++++++++++++++++++++++

[Move(E), Move(S), Move(S), Move(S)];255
[Move(S), Move(E), Move(E), Move(E)];1
[Push(E,S), Push(E,S), Push(E,S), Push(E,S)];0
[Push(S,S), Push(S,S), Push(S,S), Push(S,S)];0
fde005d0d4904aa16b0e68a269ccd6d34457ce9e
successful
256
4
22ecbec51ebc350a00b0971b01ff299511bb053e
1495034023033
