blue: 0,3,A,B,E
red: 1,4,D
green: 2,5,C,V,G,N,M,H
orange: F
++++++++++++++++++++++++++++++++++++++++++++++++++++++++++++++++++
+a  A  +  0      1     2        FFa  A  +  3      4     5        +
+++++  +                     +++FF++++  +                     ++++
+a  A  + BA     D  D    CC      FFa  A  + BA     D   D   CC      +
++++++ ++++a++d+++d++c++++++++++FF+++++ ++++a++d+++d++c+++++++++++
+         +b++ + + ++c++        FF         +b++ + + ++c++        +
+            +     +            FF            +     +            +
+            +D   D+            FF            +D   D+            +
+  +++++++++++D    +            FF  +++++++++++D    +            +
+A           +d   d+            FFA           +d   d+            +
+a++       + +++ +++            FFa++       + +++ +++            +
+b+B       + +++D+++            FFb+B       + +++D+++            +
+e+E       + +++d+++CVGNMH      FFe+E       + +++d+++CVGNMH      +
++++++++++++ +++d++++++++++++++hFF+++++++++++ +++d++++++++++++++h+
+            +++     DD      ++mFF            +++     DD      ++m+
+            +++             ++nFF            +++             ++n+
+            +++     dd      ++gFF            +++     dd      ++g+
+            +++     dd      ++vFF            +++     dd      ++v+
+            +++     DD      ++cFF            +++     DD      ++c+
++++++++++++++++++++++++++++++++++++++++++++++++++++++++++++++++++

[NoOp, Move(W), Move(E), NoOp, Move(W), Move(E)];643
[NoOp, Move(S), Move(S), NoOp, Move(S), Move(S)];0
[NoOp, Push(S,W), Push(S,W), NoOp, Push(S,W), Push(S,W)];1
[NoOp, Push(W,W), Push(W,W), NoOp, Push(W,W), Push(W,W)];0
[NoOp, Push(W,S), Push(W,W), NoOp, Push(W,S), Push(W,W)];0
[NoOp, Push(S,S), Push(W,S), NoOp, Push(S,S), Push(W,S)];0
[NoOp, Push(S,S), NoOp, NoOp, Push(S,S), Push(S,S)];0
[NoOp, Push(S,E), NoOp, Move(W), Push(S,E), Push(S,S)];27
[NoOp, Push(E,S), NoOp, Move(S), Push(E,S), Push(S,S)];13
[NoOp, Push(S,S), NoOp, Push(S,W), Push(S,S), Push(S,E)];19
[NoOp, Push(S,S), NoOp, Push(W,N), Push(S,S), Push(E,E)];8
[NoOp, Push(S,W), NoOp, Push(N,N), Push(S,W), Push(E,S)];9
[NoOp, NoOp, NoOp, Push(N,E), NoOp, Push(S,E)];8
[NoOp, Move(N), NoOp, Push(E,E), NoOp, Push(E,S)];17
[NoOp, Pull(E,W), NoOp, Push(E,S), Move(N), Push(S,S)];8
[NoOp, Push(W,S), NoOp, Push(S,E), Pull(S,W), Push(S,S)];12
[NoOp, Push(S,E), NoOp, Push(E,S), Push(N,E), Push(S,E)];7
[NoOp, Push(E,E), NoOp, Push(S,S), Push(E,S), Push(E,E)];8
[NoOp, Push(E,E), NoOp, Push(S,S), Push(S,E), Push(E,S)];8
[NoOp, NoOp, NoOp, Push(S,S), Push(E,E), Push(S,E)];7
[NoOp, Move(W), NoOp, Push(S,E), NoOp, Push(E,E)];16
[NoOp, Move(S), NoOp, NoOp, NoOp, Push(E,E)];8
[NoOp, Pull(N,S), NoOp, NoOp, Move(W), Push(E,E)];29
[NoOp, Pull(E,S), NoOp, Move(S), Move(S), Push(E,E)];11
[NoOp, Push(W,N), NoOp, Move(W), Pull(N,S), Push(E,S)];10
[NoOp, Push(N,W), NoOp, Move(W), Pull(W,S), Push(S,S)];11
[NoOp, Push(W,N), NoOp, Move(W), Push(E,N), Push(S,S)];7
[NoOp, Push(N,N), NoOp, Move(W), Push(N,W), Push(S,S)];6
[NoOp, Push(N,W), NoOp, Move(W), Push(W,N), Push(S,S)];7
[NoOp, Push(W,N), NoOp, Move(W), Push(N,N), Push(S,S)];6
[NoOp, Push(N,N), NoOp, Move(W), Push(N,W), NoOp];12
[NoOp, NoOp, NoOp, Move(W), Push(W,N), NoOp];14
[NoOp, Move(S), NoOp, Move(W), Push(N,N), NoOp];101
[NoOp, Push(S,E), NoOp, Move(S), NoOp, NoOp];11
[NoOp, Push(E,E), NoOp, Move(S), Move(S), NoOp];78
[NoOp, Push(E,S), NoOp, Push(W,N), Push(S,E), NoOp];10
[NoOp, Push(S,S), NoOp, Push(N,E), Push(E,S), NoOp];10
[NoOp, Push(S,S), NoOp, Push(E,N), Push(S,E), NoOp];10
[NoOp, Push(S,S), NoOp, Push(N,E), Push(E,S), NoOp];10
[NoOp, Push(S,S), NoOp, NoOp, Push(S,S), NoOp];10
[NoOp, Push(S,S), NoOp, NoOp, Push(S,S), NoOp];15
[NoOp, Push(S,S), NoOp, NoOp, Push(S,S), NoOp];4
[NoOp, Push(S,S), NoOp, Move(W), Push(S,S), NoOp];0
[NoOp, Push(S,S), NoOp, Move(N), Push(S,S), NoOp];0
[NoOp, Push(S,E), NoOp, Move(N), Push(S,E), NoOp];16
[NoOp, Push(E,E), NoOp, Move(E), Push(E,S), NoOp];0
[NoOp, Push(E,E), NoOp, Move(E), Push(S,S), NoOp];0
[NoOp, Push(E,E), NoOp, Move(E), Push(S,S), NoOp];0
[NoOp, Push(E,E), NoOp, Move(E), Push(S,E), NoOp];15
[NoOp, NoOp, NoOp, Move(E), Push(E,E), NoOp];0
[NoOp, NoOp, NoOp, Move(N), Push(E,E), NoOp];0
[NoOp, NoOp, NoOp, Move(N), Push(E,E), NoOp];16
[NoOp, NoOp, NoOp, Move(W), Push(E,E), NoOp];0
[NoOp, NoOp, NoOp, Pull(N,W), NoOp, NoOp];15
[NoOp, NoOp, NoOp, Push(S,E), NoOp, NoOp];0
[NoOp, NoOp, NoOp, Pull(N,E), NoOp, NoOp];116
[NoOp, NoOp, NoOp, Push(S,W), NoOp, NoOp];17
[NoOp, NoOp, NoOp, Push(W,W), NoOp, NoOp];4
[NoOp, NoOp, NoOp, Push(W,W), NoOp, NoOp];0
[NoOp, NoOp, NoOp, Push(W,W), NoOp, NoOp];16
[NoOp, NoOp, NoOp, Move(E), NoOp, NoOp];100
[NoOp, NoOp, NoOp, Move(E), NoOp, NoOp];16
[NoOp, NoOp, NoOp, Move(E), NoOp, NoOp];0
[NoOp, NoOp, NoOp, Move(N), NoOp, NoOp];0
[NoOp, NoOp, NoOp, Move(N), NoOp, NoOp];16
[NoOp, NoOp, NoOp, Push(W,W), NoOp, NoOp];18
[NoOp, NoOp, NoOp, Push(W,W), NoOp, NoOp];0
[NoOp, NoOp, NoOp, Push(W,W), NoOp, NoOp];0
[NoOp, NoOp, NoOp, Move(E), NoOp, NoOp];135
[NoOp, NoOp, NoOp, Move(E), NoOp, NoOp];0
[NoOp, NoOp, NoOp, Move(E), NoOp, NoOp];0
[NoOp, NoOp, NoOp, Move(E), NoOp, NoOp];16
[NoOp, NoOp, NoOp, Move(S), NoOp, NoOp];0
[NoOp, NoOp, NoOp, Move(S), NoOp, NoOp];16
[NoOp, NoOp, NoOp, Move(S), NoOp, NoOp];0
[NoOp, NoOp, NoOp, Move(S), NoOp, NoOp];15
[NoOp, NoOp, NoOp, Move(W), NoOp, NoOp];0
[NoOp, NoOp, NoOp, Move(S), NoOp, NoOp];16
[NoOp, NoOp, NoOp, Move(S), NoOp, NoOp];0
[NoOp, NoOp, NoOp, Move(W), NoOp, NoOp];15
[NoOp, NoOp, NoOp, Push(W,W), NoOp, NoOp];0
[NoOp, NoOp, NoOp, Push(W,W), NoOp, NoOp];19
[NoOp, NoOp, NoOp, Push(W,S), NoOp, NoOp];4
[NoOp, NoOp, NoOp, Push(S,S), NoOp, NoOp];0
[NoOp, NoOp, NoOp, Push(S,S), NoOp, NoOp];15
ced3614253d5f258466b8503c00d2f80b92ba780
unsuccessful
1807
85
64973436494f509f36ea86395580040df3ec8e5f
1495034624177
