red: 0,A
blue: 1,B
+++++++++++++++++++
+        0        +
+       +++       +
+   ++++ a   ++   +
+       +++       +
+  +++++++++++++  +
+        +        +
+    +  A B  +    +
+                 +
+  ++++++++++++++++
+     ++++++++    +
+   ++   b   ++   +
+       +++       +
+        1        +
+++++++++++++++++++

[Move(W), Move(W)];216
[Move(W), Move(W)];0
[Move(W), Move(W)];0
[Move(S), Move(W)];0
[Move(W), Move(W)];0
[Move(W), Move(N)];0
[Move(W), Move(W)];0
[Move(S), Move(N)];0
[Move(S), Move(N)];0
[Move(W), Move(W)];0
[Move(S), Move(N)];0
[Move(S), Move(N)];0
[Move(E), Move(N)];0
[Move(E), Move(E)];0
[Move(E), Move(N)];0
[Move(E), Move(E)];0
[Move(S), Move(E)];0
[Move(E), Move(E)];0
[Push(E,E), Move(S)];0
[Push(E,S), Move(E)];0
[Push(S,E), Move(S)];0
[Push(E,E), Move(E)];0
[Push(E,E), Move(E)];0
[Push(E,N), Move(E)];0
[Push(N,N), Push(N,W)];0
[Push(N,E), Push(W,S)];0
[Push(E,E), Push(S,W)];0
[Push(E,E), Push(W,W)];0
[Push(E,E), Push(W,W)];0
[Push(E,N), Push(W,W)];0
[Push(N,N), Push(W,W)];0
[Push(N,W), Push(W,W)];0
[Push(W,W), Push(W,W)];0
[Push(W,W), Push(W,S)];0
[Push(W,W), Push(S,S)];0
[Push(W,N), Push(S,E)];0
[Push(N,W), Push(E,S)];0
[Push(W,W), Push(S,S)];0
[Push(W,W), Push(S,E)];0
[NoOp, Push(E,E)];0
[NoOp, Push(E,E)];0
[NoOp, Push(E,E)];0
[NoOp, Push(E,N)];0
[NoOp, Push(N,E)];0
[NoOp, Push(E,E)];0
468f0de550820ea921f1192b0fccf693ad67b8ac
successful
216
45
1e1e63ca824530a1b4a88b86c3a6a8f581e0fcec
1495034626196
