+++++++++++++++++++++++++++++
+B b                       A+
+                           +
+   a   0                   +
+++++++++++++++++++++++++++++
+   A                   a  B+
+                           +
+                           +
+       1                  b+
+++++++++++++++++++++++++++++

[Move(W), Move(N)];201
[Move(N), Move(E)];0
[Move(N), Move(N)];0
[Move(W), Move(E)];0
[Move(W), Move(E)];0
[Move(W), Move(E)];0
[Move(W), Move(E)];0
[Move(W), Move(E)];0
[Pull(S,W), Move(E)];0
[Push(N,E), Move(E)];0
[NoOp, Move(N)];0
[NoOp, Move(E)];0
[NoOp, Move(E)];0
[NoOp, Move(E)];0
[NoOp, Move(E)];0
[NoOp, Move(E)];0
[NoOp, Move(E)];0
[NoOp, Move(E)];0
[NoOp, Move(E)];0
[NoOp, Move(E)];0
[NoOp, Move(E)];0
[NoOp, Push(E,S)];0
[NoOp, Push(S,S)];0
[NoOp, Push(S,S)];0
[Move(S), NoOp];101
[Move(E), NoOp];0
[Move(E), NoOp];0
[Move(N), NoOp];0
[Move(E), NoOp];0
[Move(E), NoOp];0
[Move(E), NoOp];0
[Move(E), NoOp];0
[Move(E), NoOp];0
[Move(E), NoOp];0
[Move(E), NoOp];0
[Move(E), NoOp];0
[Move(E), NoOp];0
[Move(E), NoOp];0
[Move(E), NoOp];0
[Move(E), NoOp];0
[Move(E), NoOp];0
[Move(E), NoOp];0
[Move(E), NoOp];0
[Move(E), NoOp];0
[Move(E), NoOp];0
[Move(E), NoOp];0
[Move(E), NoOp];0
[Move(E), NoOp];0
[Move(E), NoOp];0
[Move(E), NoOp];0
[Push(E,S), NoOp];0
[Push(S,S), NoOp];0
[Push(S,W), NoOp];0
[Push(W,W), NoOp];0
[Push(W,W), NoOp];0
[Push(W,W), NoOp];0
[Push(W,W), NoOp];0
[Push(W,W), NoOp];0
[Push(W,W), NoOp];0
[Push(W,W), NoOp];0
[Push(W,W), NoOp];0
[Push(W,W), NoOp];0
[Push(W,W), NoOp];0
[Push(W,W), NoOp];0
[Push(W,W), NoOp];0
[Push(W,W), NoOp];0
[Push(W,W), NoOp];0
[Push(W,W), NoOp];0
[Push(W,W), NoOp];0
[Push(W,W), NoOp];0
[Push(W,W), NoOp];0
[Push(W,W), NoOp];0
[Push(W,W), NoOp];0
[Push(W,W), NoOp];0
[Push(W,W), NoOp];0
[NoOp, Move(W)];100
[NoOp, Move(N)];0
[NoOp, Move(N)];0
[NoOp, Move(W)];0
[NoOp, Move(W)];0
[NoOp, Move(W)];0
[NoOp, Move(W)];0
[NoOp, Move(W)];0
[NoOp, Move(W)];0
[NoOp, Move(W)];0
[NoOp, Move(W)];0
[NoOp, Move(W)];0
[NoOp, Move(W)];0
[NoOp, Move(W)];0
[NoOp, Move(W)];0
[NoOp, Move(W)];0
[NoOp, Move(W)];0
[NoOp, Move(W)];0
[NoOp, Move(W)];0
[NoOp, Move(W)];0
[NoOp, Move(W)];0
[NoOp, Move(W)];0
[NoOp, Move(W)];0
[NoOp, Move(W)];0
[NoOp, Pull(S,W)];0
[NoOp, Push(N,E)];0
[NoOp, Push(E,E)];0
[NoOp, Push(E,E)];0
[NoOp, Push(E,E)];0
[NoOp, Push(E,E)];0
[NoOp, Push(E,E)];0
[NoOp, Push(E,E)];0
[NoOp, Push(E,E)];0
[NoOp, Push(E,E)];0
[NoOp, Push(E,E)];0
[NoOp, Push(E,E)];0
[NoOp, Push(E,E)];0
[NoOp, Push(E,E)];0
[NoOp, Push(E,E)];0
[NoOp, Push(E,E)];0
[NoOp, Push(E,E)];0
[NoOp, Push(E,E)];0
[NoOp, Push(E,E)];0
[NoOp, Push(E,E)];0
3f6351c51866644b64183bf7e631a86c7e531e2f
successful
402
119
ff29195a5e3feb2e2a28c90fda9f3369190e2786
1495034626481
