red: 0,1,2,3,A,B,D,E,H,I,L,M,N,O,R,S,T,X,V
+++++++++++++++++++++++++++++++++++++++++++++++++++++++++++
+      t   h  o   m   as  x +      b  ol  an    der       +
+ +++++++++++++++++++++++++ + +++++++++++++++++++++++++++x+
+ +        H  O   M   AS  +++ +        L  A     D       +++
+ +                        0+ +                          1+
+ +                         + +                           +
+ +                         + +         T                 +
+ +                         + +                           +
+ +                         + +              T            +
+ +              A          + +                           +
+ +              R          + +                           +
+ +              N          + +            HOV            +
+ +              E          + +            AAAV           +
+ +                         + +                           +
+ +                         + +                           +
+ +T                        + +B                          +
+ +H                        + +O                          +
+ +O                        + +L                          +
+ +M                        + +A                          +
+ +A                        + +N                          +
+ +S                        + +D                          +
+ +X                        + +ERX                        +
+                           +                             +
+++++++++++++++++++++++++++++++++++++++++++++++++++++++++++
+                                      +AIARNE            +
+                                      +             +    +
+  +++++++++++++++++++++++++++++++++   +             +    +
+  +                               +   +             +    +
+  +        +           ++++++++++++   +             +    +
+  +        +           +     +        +             +    +
+  +        +           +   +a+  +++++++             +    +
+  +        +           +   +i+  +a+                 +    +
+  +        +           +   +a+  +i+                 +    +
+  +        +           +   +r+  +a+                 +    +
+  +        +           +   +n+  +r+                 +    +
+  +        +           +   +e+  +n+                 +    +
+  +        +           +   +++  +e+                 +    +
+  +        +           +     +    +                 +    +
+  +        +           +     ++++++++++++++++++++++++    +
+  +        +           +                                 +
+  +        +           +++++++++++++++++++++++++++++     +
+  +        +                                      3+     +
+  +        +                                 +++++++     +
+           +                      AIARNE     +2          +
+++++++++++++++++++++++++++++++++++++++++++++++++++++++++++

[Move(S), Move(S), Move(E), NoOp];636
[Move(W), Move(S), Move(E), NoOp];0
[Move(W), Move(S), Move(E), NoOp];0
[Move(W), Move(S), Move(E), NoOp];0
[Move(S), Move(S), Move(E), NoOp];0
[Move(W), Move(S), Move(E), NoOp];0
[Move(S), Move(S), Move(N), NoOp];0
[Move(W), Move(S), Move(N), NoOp];1
[Move(S), Move(S), Move(E), NoOp];0
[Move(S), Move(W), Move(N), NoOp];0
[Move(W), Move(W), Move(N), NoOp];0
[Move(W), Move(W), Move(N), NoOp];0
[Move(S), Move(S), Move(N), NoOp];0
[Move(W), Move(S), Move(N), NoOp];0
[Move(W), Move(W), Move(N), NoOp];0
[Move(S), Move(W), Move(N), NoOp];0
[Move(S), Move(S), Move(N), NoOp];1
[Move(S), Move(W), Move(N), NoOp];0
[Move(W), Move(W), Move(N), NoOp];0
[Move(S), Move(S), Move(N), NoOp];0
[Move(S), Move(S), Move(N), NoOp];0
[Move(W), Move(W), Move(N), NoOp];0
[Move(S), Move(W), Move(N), NoOp];0
[Move(W), Move(S), Move(N), NoOp];0
[Move(S), Move(S), Move(N), NoOp];1
[Move(S), Move(W), Move(N), NoOp];0
[Move(S), Move(S), Move(W), NoOp];0
[Move(S), Move(W), Move(W), NoOp];0
[Move(S), Move(W), Move(W), NoOp];0
[Move(W), Move(W), Move(W), NoOp];0
[Move(W), Move(W), Move(W), NoOp];0
[Move(W), Move(W), Move(W), NoOp];0
[Move(W), Move(W), Move(W), NoOp];0
[Move(W), Move(W), Move(W), NoOp];0
[Move(W), Move(W), Pull(S,W), NoOp];0
[Move(W), Move(W), Push(N,E), NoOp];1
[Move(W), Move(W), Push(E,E), NoOp];0
[Move(W), Move(W), Push(E,E), NoOp];0
[Move(W), Move(W), Push(E,E), NoOp];0
[Move(W), Move(W), Push(E,E), NoOp];0
[Push(W,S), Push(W,S), Push(E,E), NoOp];0
[Push(S,W), Push(S,W), Push(E,E), NoOp];0
[Push(W,W), Push(W,W), Push(E,E), NoOp];0
[Push(W,N), Push(W,W), Push(E,S), NoOp];0
[Push(N,N), Push(W,W), Push(S,S), NoOp];0
[Push(N,N), Push(W,N), Push(S,S), NoOp];0
[Push(N,N), Push(N,N), Push(S,S), NoOp];0
[Push(N,N), Push(N,N), Push(S,S), NoOp];0
[Push(N,N), Push(N,N), Push(S,S), NoOp];0
[Push(N,N), Push(N,N), Push(S,S), NoOp];0
[Push(N,N), Push(N,N), Push(S,S), NoOp];0
[Push(N,N), Push(N,N), Push(S,S), NoOp];0
[Push(N,N), Push(N,N), Push(S,S), NoOp];0
[Push(N,N), Push(N,N), Push(S,S), NoOp];0
[Push(N,N), Push(N,N), Push(S,S), NoOp];0
[Push(N,N), Push(N,N), Push(S,S), NoOp];0
[Push(N,N), Push(N,N), Push(S,S), NoOp];0
[Push(N,N), Push(N,N), Push(S,S), NoOp];0
[Push(N,N), Push(N,N), Push(S,W), NoOp];0
[Push(N,N), Push(N,N), Push(W,W), NoOp];0
[Push(N,N), Push(N,N), Push(W,W), NoOp];1
[Push(N,N), Push(N,N), Push(W,W), NoOp];1
[Push(N,N), Push(N,N), Push(W,W), NoOp];2
[Push(N,N), Push(N,N), Push(W,W), NoOp];0
[Push(N,E), Push(N,N), Push(W,W), NoOp];0
[Push(E,E), Push(N,N), Push(W,W), NoOp];0
[Push(E,E), Push(N,E), Push(W,W), NoOp];1
[Push(E,E), Push(E,E), Push(W,W), NoOp];0
[Push(E,E), Push(E,E), Push(W,W), NoOp];0
[Push(E,E), Push(E,E), Push(W,W), NoOp];0
[Push(E,E), Push(E,E), Push(W,W), NoOp];0
[Push(E,E), Push(E,E), Push(W,W), NoOp];4
[Push(E,E), Push(E,E), Push(W,W), NoOp];0
[Push(E,E), Push(E,E), Push(W,W), NoOp];0
[Push(E,E), Push(E,E), Push(W,W), NoOp];0
[Push(E,E), Push(E,E), Push(W,W), NoOp];0
[Push(E,E), Push(E,E), Push(W,W), NoOp];0
[Push(E,E), Push(E,E), Push(W,W), NoOp];0
[Push(E,E), Push(E,E), Push(W,W), NoOp];0
[Push(E,E), Push(E,E), Push(W,W), NoOp];1
[Push(E,E), Push(E,E), Push(W,W), NoOp];0
[Push(E,E), Push(E,E), Push(W,W), NoOp];0
[Push(E,E), Push(E,E), Push(W,W), NoOp];0
[Push(E,E), Push(E,E), Push(W,N), NoOp];3
[Push(E,E), Push(E,E), Push(N,W), NoOp];0
[Push(E,E), Push(E,E), Push(W,N), NoOp];1
[Push(E,E), Push(E,E), Push(N,W), NoOp];0
[Push(E,E), Push(E,E), Push(W,N), NoOp];0
[Push(E,E), Push(E,E), Push(N,N), NoOp];0
[NoOp, Push(E,E), Push(N,N), NoOp];0
[NoOp, Push(E,E), Push(N,N), NoOp];50
[NoOp, Push(E,E), Push(N,N), NoOp];0
[NoOp, Push(E,E), Push(N,N), NoOp];0
[Move(W), Push(E,E), Push(N,N), NoOp];12
[Move(W), Push(E,S), Push(N,N), NoOp];0
[Move(W), NoOp, Push(N,E), NoOp];0
[Move(W), NoOp, Push(E,E), Move(W)];74
[Move(W), NoOp, Push(E,S), Move(W)];0
[Move(W), NoOp, Push(S,S), Move(W)];1
[Move(W), NoOp, Push(S,S), Move(W)];0
[Move(W), NoOp, Push(S,S), Move(W)];0
[Move(W), NoOp, Push(S,S), Move(W)];0
[Move(W), NoOp, Push(S,S), Move(S)];0
[Move(W), NoOp, NoOp, Move(S)];0
[Move(W), Move(W), NoOp, Move(W)];10
[Move(W), Move(W), NoOp, Move(W)];0
[Move(W), Move(W), NoOp, Move(W)];0
[Move(W), Move(W), NoOp, Move(W)];0
[Move(W), Move(W), NoOp, Move(N)];0
[Move(W), Move(W), NoOp, Move(W)];0
[Move(W), Move(W), NoOp, Move(W)];0
[Move(W), Move(W), NoOp, Move(W)];0
[Move(W), Move(W), NoOp, Move(W)];0
[Move(W), Move(W), NoOp, Pull(N,S)];1
[Move(W), Move(W), NoOp, Push(S,W)];0
[Move(W), Move(W), NoOp, Push(W,N)];0
[Move(W), Move(W), NoOp, Push(N,W)];1
[Move(S), Move(W), NoOp, Push(W,W)];0
[Move(S), Move(W), NoOp, Push(W,W)];0
[Move(S), Move(W), NoOp, Push(W,W)];0
[Move(S), Move(W), NoOp, Push(W,W)];0
[Move(S), Move(W), NoOp, Push(W,W)];0
[Move(S), Move(W), NoOp, Push(W,W)];0
[Move(S), Move(W), NoOp, Push(W,W)];0
[Move(S), Move(W), NoOp, Push(W,W)];0
[Move(S), Move(W), NoOp, Push(W,W)];1
[Move(S), Move(W), NoOp, Push(W,W)];1
[Move(S), Move(W), NoOp, Push(W,W)];0
[Move(S), Move(W), NoOp, Push(W,W)];1
[Move(S), Move(W), NoOp, Push(W,N)];0
[Move(S), Move(W), NoOp, Push(N,N)];0
[Move(S), Move(W), NoOp, Push(N,W)];0
[Move(S), Move(S), NoOp, Push(W,N)];0
[Move(S), Move(S), NoOp, Push(N,W)];0
[Move(S), Move(S), NoOp, Push(W,W)];0
[Move(S), Move(S), NoOp, Push(W,W)];0
[Move(S), Move(S), NoOp, Push(W,N)];0
[Move(S), Move(S), NoOp, Push(N,W)];0
[Move(E), Move(S), NoOp, Push(W,N)];0
[Move(E), Move(S), NoOp, Push(N,N)];0
[Move(N), Move(S), NoOp, Push(N,W)];0
[Pull(E,N), Move(S), NoOp, Push(W,N)];0
[Push(W,S), Move(S), NoOp, Push(N,N)];0
[Push(S,W), Move(S), NoOp, Push(N,N)];0
[Push(W,W), Move(S), NoOp, Push(N,N)];0
[Push(W,N), Move(S), NoOp, Push(N,W)];0
[Push(N,N), Move(S), NoOp, Push(W,W)];0
[Push(N,N), Move(S), NoOp, Push(W,W)];0
[Push(N,N), Move(S), NoOp, Push(W,N)];1
[Push(N,N), Move(S), NoOp, Push(N,W)];0
[Push(N,N), Move(S), NoOp, Push(W,N)];5
[Push(N,N), Move(S), NoOp, Push(N,N)];1
[Push(N,N), Move(S), NoOp, Push(N,N)];0
[Push(N,N), Move(E), NoOp, Push(N,W)];0
[Push(N,N), Move(E), NoOp, Push(W,W)];0
[Push(N,N), Move(E), NoOp, Push(W,W)];0
[Push(N,N), Pull(E,N), NoOp, Push(W,W)];1
[Push(N,N), Push(W,W), NoOp, Push(W,W)];0
[Push(N,N), Push(W,W), NoOp, Push(W,S)];0
[Push(N,N), Push(W,W), NoOp, Push(S,S)];0
[Push(N,N), Push(W,N), NoOp, Push(S,W)];0
[Push(N,N), Push(N,N), NoOp, Push(W,S)];0
[Push(N,N), Push(N,N), NoOp, Push(S,S)];0
[Push(N,N), Push(N,N), NoOp, Push(S,W)];0
[Push(N,N), Push(N,N), NoOp, Push(W,W)];0
[Push(N,N), Push(N,N), NoOp, Push(W,W)];0
[Push(N,E), Push(N,N), NoOp, Push(W,S)];2
[Push(E,E), Push(N,N), NoOp, Push(S,S)];1
[Push(E,E), Push(N,N), NoOp, Push(S,S)];0
[Push(E,E), Push(N,N), NoOp, Push(S,S)];0
[Push(E,E), Push(N,N), NoOp, Push(S,S)];0
[Push(E,E), Push(N,N), NoOp, Push(S,S)];0
[Push(E,E), Push(N,N), NoOp, Push(S,S)];0
[Push(E,E), Push(N,N), NoOp, Push(S,S)];0
[Push(E,E), Push(N,N), NoOp, Push(S,S)];0
[Push(E,E), Push(N,N), NoOp, Push(S,S)];1
[Push(E,E), Push(N,N), NoOp, Push(S,S)];0
[Push(E,E), Push(N,N), NoOp, Push(S,S)];0
[Push(E,E), Push(N,N), NoOp, Push(S,W)];0
[Push(E,E), Push(N,N), NoOp, Push(W,W)];0
[Push(E,E), Push(N,N), NoOp, Push(W,N)];0
[Push(E,E), Push(N,E), NoOp, Push(N,N)];0
[Push(E,E), Push(E,E), NoOp, Push(N,N)];0
[Push(E,E), Push(E,E), NoOp, Push(N,N)];0
[Push(E,E), Push(E,E), NoOp, Push(N,N)];0
[Push(E,E), Push(E,E), NoOp, Push(N,N)];0
[Push(E,E), Push(E,E), NoOp, Push(N,N)];0
[Push(E,E), Push(E,E), NoOp, Push(N,N)];0
[NoOp, Push(E,E), NoOp, Push(N,N)];0
[Move(W), Push(E,E), Move(N), Push(N,N)];51
[Move(W), Push(E,E), Move(N), Push(N,N)];0
[Move(W), Push(E,E), Move(N), Push(N,N)];0
[Move(W), Push(E,E), Move(N), Push(N,N)];3
[Move(W), Push(E,E), Move(N), Push(N,N)];0
[Move(W), Push(E,E), Move(W), Push(N,N)];0
[Move(W), Push(E,E), Move(W), Push(N,N)];0
[Move(W), Push(E,E), Move(S), Push(N,N)];2
[Move(W), Push(E,E), Move(S), Push(N,N)];0
[Move(W), Push(E,E), Move(S), Push(N,E)];0
[Move(W), Push(E,E), Move(S), Push(E,E)];0
[Move(W), Push(E,E), Move(S), Push(E,E)];0
[Move(W), Push(E,E), Move(S), Push(E,E)];0
[Move(W), NoOp, Move(S), Push(E,E)];2
[Move(W), NoOp, Move(S), Push(E,E)];19
[Move(W), NoOp, Move(E), Push(E,E)];1
[Move(W), NoOp, Move(S), Push(E,E)];0
[Move(W), NoOp, Move(E), Push(E,E)];0
[Move(W), NoOp, Move(S), Push(E,E)];0
[Move(W), NoOp, Move(E), Push(E,E)];0
[Move(W), NoOp, Move(E), Push(E,E)];0
[Move(S), NoOp, Move(E), Push(E,E)];0
[Move(S), NoOp, Move(E), Push(E,E)];1
[Move(S), NoOp, Move(E), Push(E,E)];0
[Move(S), NoOp, Move(E), Push(E,E)];0
[Move(S), NoOp, Move(E), Push(E,E)];0
[Move(S), NoOp, Move(E), Push(E,E)];0
[Move(S), NoOp, Move(E), Push(E,E)];0
[Move(S), NoOp, Move(E), Push(E,E)];0
[Move(S), NoOp, Move(E), Push(E,E)];0
[Move(S), NoOp, Move(E), Push(E,E)];0
[Move(S), NoOp, Move(E), Push(E,E)];0
[Move(S), NoOp, Move(E), Push(E,E)];0
[Move(S), NoOp, Move(E), Push(E,E)];0
[Move(S), NoOp, Move(E), Push(E,E)];0
[Move(S), NoOp, Move(E), Push(E,E)];0
[Move(S), NoOp, Move(E), Push(E,E)];0
[Move(S), NoOp, Move(E), Push(E,E)];0
[Move(S), NoOp, Move(E), Push(E,E)];0
[Move(S), NoOp, Move(E), Push(E,E)];0
[Move(S), NoOp, Move(E), Push(E,E)];0
[Move(S), NoOp, Move(E), Push(E,E)];0
[Move(E), NoOp, Move(E), Push(E,E)];0
[Move(E), NoOp, Move(E), Push(E,S)];0
[Move(N), NoOp, Move(N), Push(S,S)];0
[Move(N), NoOp, Move(N), Push(S,S)];0
[Pull(E,N), NoOp, Move(N), Push(S,S)];0
[Push(W,S), NoOp, Move(N), Push(S,W)];0
[Push(S,S), NoOp, Move(N), Push(W,W)];0
[Push(S,W), NoOp, Move(N), Push(W,W)];0
[Push(W,W), NoOp, Move(N), Push(W,W)];0
[Push(W,N), NoOp, Move(N), Push(W,S)];0
[Push(N,N), NoOp, Move(N), Push(S,S)];0
[Push(N,N), NoOp, Move(N), Push(S,S)];0
[Push(N,N), NoOp, Move(N), Push(S,S)];0
[Push(N,N), NoOp, Move(N), Push(S,S)];0
[Push(N,N), NoOp, Move(N), Push(S,S)];0
[Push(N,N), NoOp, Move(N), Push(S,S)];0
[Push(N,N), NoOp, Move(N), Push(S,S)];0
[Push(N,N), NoOp, Move(W), Push(S,E)];0
[Push(N,N), NoOp, Move(W), Push(E,E)];0
[Push(N,N), NoOp, Move(W), Push(E,N)];0
[Push(N,N), NoOp, Move(W), Push(N,N)];0
[Push(N,N), NoOp, Move(W), Push(N,N)];0
[Push(N,N), NoOp, Move(W), Push(N,N)];0
[Push(N,N), NoOp, Move(W), Push(N,N)];0
[Push(N,N), NoOp, Move(W), Push(N,N)];0
[Push(N,N), NoOp, Move(W), NoOp];0
[Push(N,N), Move(W), Pull(S,W), NoOp];25
[Push(N,N), Move(W), Push(N,E), NoOp];1
[Push(N,N), Move(W), Push(E,E), NoOp];0
[Push(N,N), Move(W), Push(E,E), NoOp];0
[Push(N,E), Move(W), Push(E,E), NoOp];0
[Push(E,E), Move(W), Push(E,E), NoOp];0
[Push(E,E), Move(W), Push(E,E), NoOp];0
[Push(E,E), Move(W), Push(E,E), NoOp];0
[Push(E,E), Move(W), Push(E,E), NoOp];0
[Push(E,E), Move(W), Push(E,E), NoOp];0
[Push(E,E), Move(W), Push(E,S), NoOp];0
[Push(E,E), Move(W), Push(S,S), NoOp];0
[Push(E,E), Move(W), Push(S,S), NoOp];0
[Push(E,E), Move(W), Push(S,S), NoOp];0
[Push(E,E), Move(W), Push(S,S), NoOp];0
[Push(E,E), Move(W), Push(S,S), NoOp];0
[Push(E,E), Move(W), Push(S,S), NoOp];0
[Push(E,E), Move(W), Push(S,S), NoOp];0
[Push(E,E), Move(W), Push(S,S), NoOp];0
[Push(E,E), Move(W), Push(S,S), NoOp];0
[Push(E,E), Move(S), Push(S,S), NoOp];0
[Push(E,E), Move(S), Push(S,S), NoOp];0
[Push(E,E), Move(S), Push(S,S), NoOp];0
[Push(E,E), Move(S), Push(S,S), NoOp];0
[Push(E,E), Move(S), Push(S,S), NoOp];0
[NoOp, Move(S), Push(S,W), NoOp];0
[NoOp, Move(S), Push(W,W), NoOp];30
[NoOp, Move(S), Push(W,W), NoOp];0
[NoOp, Move(S), Push(W,W), NoOp];0
[NoOp, Move(S), Push(W,W), NoOp];0
[NoOp, Move(S), Push(W,W), NoOp];0
[NoOp, Move(S), Push(W,W), NoOp];0
[NoOp, Move(S), Push(W,W), NoOp];0
[NoOp, Move(S), Push(W,W), NoOp];0
[NoOp, Move(S), Push(W,W), NoOp];0
[NoOp, Move(S), Push(W,W), NoOp];0
[NoOp, Move(S), Push(W,W), NoOp];0
[NoOp, Move(S), Push(W,W), NoOp];0
[NoOp, Move(S), Push(W,W), NoOp];0
[NoOp, Move(S), Push(W,W), NoOp];0
[NoOp, Move(S), Push(W,W), NoOp];0
[NoOp, Move(E), Push(W,W), NoOp];1
[NoOp, Move(E), Push(W,W), NoOp];0
[NoOp, Pull(E,N), Push(W,W), NoOp];0
[NoOp, Push(W,W), Push(W,W), NoOp];0
[NoOp, Push(W,W), Push(W,W), NoOp];0
[NoOp, Push(W,N), Push(W,W), NoOp];0
[NoOp, Push(N,N), Push(W,W), NoOp];0
[NoOp, Push(N,N), Push(W,W), NoOp];0
[NoOp, Push(N,N), Push(W,W), NoOp];0
[NoOp, Push(N,N), Push(W,W), NoOp];0
[NoOp, Push(N,N), Push(W,N), NoOp];0
[NoOp, Push(N,N), Push(N,N), NoOp];0
[NoOp, Push(N,N), Push(N,W), NoOp];0
[NoOp, Push(N,N), Push(W,N), NoOp];0
[NoOp, Push(N,N), Push(N,N), NoOp];0
[NoOp, Push(N,N), Push(N,N), NoOp];0
[NoOp, Push(N,N), Push(N,N), NoOp];1
[NoOp, Push(N,N), Push(N,N), NoOp];0
[NoOp, Push(N,N), Push(N,N), NoOp];0
[NoOp, Push(N,N), Push(N,N), NoOp];0
[NoOp, Push(N,N), Push(N,N), NoOp];0
[NoOp, Push(N,N), Push(N,E), NoOp];0
[NoOp, Push(N,N), Push(E,E), NoOp];0
[NoOp, Push(N,N), Push(E,S), NoOp];0
[NoOp, Push(N,N), Push(S,S), NoOp];0
[NoOp, Push(N,N), Push(S,S), NoOp];0
[NoOp, Push(N,E), Push(S,S), NoOp];0
[NoOp, Push(E,E), Push(S,S), NoOp];0
[NoOp, Push(E,E), NoOp, NoOp];0
[Move(W), Push(E,E), NoOp, NoOp];9
[Move(W), Push(E,E), NoOp, NoOp];0
[Move(W), Push(E,E), NoOp, NoOp];0
[Move(W), Push(E,E), NoOp, NoOp];0
[Move(W), Push(E,E), NoOp, NoOp];0
[Move(W), Push(E,E), NoOp, NoOp];0
[Move(W), Push(E,E), NoOp, NoOp];0
[Move(W), Push(E,E), NoOp, NoOp];0
[Move(W), Push(E,E), NoOp, NoOp];0
[Move(W), Push(E,E), NoOp, NoOp];0
[Move(W), Push(E,E), NoOp, NoOp];0
[Move(W), Push(E,E), NoOp, NoOp];0
[Move(W), Push(E,E), NoOp, NoOp];0
[Move(W), Push(E,E), NoOp, NoOp];0
[Move(W), Push(E,E), NoOp, NoOp];0
[Move(W), Push(E,E), NoOp, NoOp];0
[Move(W), Push(E,E), NoOp, NoOp];0
[Move(W), NoOp, NoOp, NoOp];0
[Move(W), NoOp, Move(N), NoOp];57
[Move(W), NoOp, Move(N), NoOp];0
[Move(S), NoOp, Move(N), NoOp];0
[Move(S), NoOp, Move(N), NoOp];0
[Move(S), NoOp, Move(W), NoOp];0
[Move(S), NoOp, Move(W), NoOp];0
[Move(S), NoOp, Move(S), NoOp];0
[Move(S), NoOp, Move(S), NoOp];0
[Move(S), NoOp, Move(S), NoOp];0
[Move(S), NoOp, Move(S), NoOp];0
[Move(S), NoOp, Move(S), NoOp];1
[Move(S), NoOp, Move(S), NoOp];0
[Move(S), NoOp, Move(S), NoOp];0
[Move(S), NoOp, Move(S), NoOp];0
[Move(S), NoOp, Move(S), NoOp];0
[Move(S), NoOp, Move(S), NoOp];0
[Move(S), NoOp, Move(E), NoOp];0
[Move(S), NoOp, Move(E), NoOp];0
[Move(S), NoOp, Move(E), NoOp];0
[Move(S), NoOp, Move(E), NoOp];0
[Move(S), NoOp, Move(E), NoOp];0
[Move(S), NoOp, Move(E), NoOp];0
[Move(S), NoOp, Move(E), NoOp];0
[Move(E), NoOp, Move(E), NoOp];0
[Move(E), NoOp, Move(E), NoOp];0
[Move(N), NoOp, Move(E), NoOp];0
[Move(N), NoOp, Move(E), NoOp];0
[Move(N), NoOp, Move(E), NoOp];0
[Pull(E,N), NoOp, Move(E), NoOp];0
[Push(W,S), NoOp, Move(E), NoOp];1
[Push(S,S), NoOp, Move(E), NoOp];0
[Push(S,S), NoOp, Move(E), NoOp];0
[Push(S,W), NoOp, Move(E), NoOp];0
[Push(W,W), NoOp, Move(E), NoOp];0
[Push(W,N), NoOp, Move(E), NoOp];0
[Push(N,N), NoOp, Move(E), NoOp];0
[Push(N,N), NoOp, Move(E), NoOp];0
[Push(N,N), NoOp, Move(E), NoOp];3
[Push(N,N), NoOp, Move(E), NoOp];0
[Push(N,N), NoOp, Move(E), NoOp];0
[Push(N,N), NoOp, Move(E), NoOp];0
[Push(N,N), NoOp, Move(E), NoOp];0
[Push(N,N), NoOp, Move(E), NoOp];0
[Push(N,N), NoOp, Move(N), NoOp];1
[Push(N,N), NoOp, Move(N), NoOp];0
[Push(N,N), NoOp, Move(N), NoOp];0
[Push(N,N), NoOp, Move(N), NoOp];0
[Push(N,N), NoOp, Move(N), NoOp];0
[Push(N,N), NoOp, Move(N), NoOp];0
[Push(N,N), NoOp, Move(N), NoOp];0
[Push(N,N), NoOp, Move(N), NoOp];0
[Push(N,N), NoOp, Move(N), NoOp];0
[Push(N,N), NoOp, Move(N), NoOp];0
[Push(N,N), NoOp, Move(N), NoOp];0
[Push(N,N), NoOp, Move(N), NoOp];0
[Push(N,E), NoOp, Move(N), NoOp];0
[Push(E,E), NoOp, Move(N), NoOp];0
[Push(E,E), NoOp, Move(N), NoOp];0
[Push(E,E), NoOp, Move(W), NoOp];2
[Push(E,E), NoOp, Move(W), NoOp];0
[Push(E,E), NoOp, Move(W), NoOp];0
[Push(E,E), NoOp, Move(W), NoOp];0
[Push(E,E), NoOp, Move(W), NoOp];0
[Push(E,E), NoOp, Move(W), NoOp];0
[Push(E,E), NoOp, Move(W), NoOp];0
[Push(E,E), NoOp, Move(W), NoOp];0
[Push(E,E), NoOp, Move(W), NoOp];0
[Push(E,E), NoOp, Move(W), NoOp];0
[Push(E,E), NoOp, Pull(S,W), NoOp];1
[Push(E,E), NoOp, Push(N,E), NoOp];0
[Push(E,E), NoOp, Push(E,E), NoOp];0
[Push(E,E), NoOp, Push(E,E), NoOp];0
[NoOp, NoOp, Push(E,E), NoOp];0
[NoOp, NoOp, Push(E,E), NoOp];73
[NoOp, NoOp, Push(E,E), NoOp];0
[NoOp, NoOp, Push(E,E), NoOp];0
[NoOp, NoOp, Push(E,E), NoOp];0
[NoOp, NoOp, Push(E,E), NoOp];1
[NoOp, NoOp, Push(E,E), NoOp];0
[NoOp, NoOp, Push(E,S), NoOp];0
[NoOp, NoOp, Push(S,S), NoOp];0
[NoOp, NoOp, Push(S,S), NoOp];0
[NoOp, NoOp, Push(S,S), NoOp];0
[NoOp, NoOp, Push(S,S), NoOp];0
[NoOp, NoOp, Push(S,S), NoOp];0
[NoOp, NoOp, Push(S,S), NoOp];0
[NoOp, NoOp, Push(S,S), NoOp];0
[NoOp, NoOp, Push(S,S), NoOp];0
[NoOp, NoOp, Push(S,S), NoOp];0
[NoOp, NoOp, Push(S,S), NoOp];0
[NoOp, NoOp, Push(S,S), NoOp];0
[NoOp, NoOp, Push(S,S), NoOp];0
[NoOp, NoOp, Push(S,S), NoOp];0
[NoOp, NoOp, Push(S,S), NoOp];0
[NoOp, NoOp, Push(S,W), NoOp];0
[NoOp, NoOp, Push(W,W), NoOp];0
[NoOp, NoOp, Push(W,W), NoOp];0
[NoOp, NoOp, Push(W,W), NoOp];0
[NoOp, NoOp, Push(W,W), NoOp];0
[Move(W), NoOp, Push(W,W), NoOp];0
[Move(W), NoOp, Push(W,W), NoOp];0
[Move(W), NoOp, Push(W,W), NoOp];0
[Move(W), NoOp, Push(W,W), NoOp];0
[Move(W), NoOp, Push(W,W), NoOp];0
[Move(W), NoOp, Push(W,W), NoOp];0
[Move(W), NoOp, Push(W,W), NoOp];0
[Move(W), NoOp, Push(W,W), NoOp];0
[Move(W), NoOp, Push(W,W), NoOp];0
[Move(W), NoOp, Push(W,W), NoOp];0
[Move(W), NoOp, Push(W,W), NoOp];0
[Move(W), NoOp, Push(W,W), NoOp];0
[Move(W), NoOp, Push(W,W), NoOp];1
[Move(W), NoOp, Push(W,W), NoOp];0
[Move(W), NoOp, Push(W,W), NoOp];0
[Move(W), NoOp, Push(W,W), NoOp];0
[Move(S), NoOp, Push(W,W), NoOp];0
[Move(S), NoOp, Push(W,W), NoOp];0
[Move(S), NoOp, Push(W,W), NoOp];0
[Move(S), NoOp, Push(W,W), NoOp];0
[Move(S), NoOp, Push(W,W), NoOp];2
[Move(S), NoOp, Push(W,N), NoOp];0
[Move(S), NoOp, Push(N,N), NoOp];0
[Move(S), NoOp, Push(N,W), NoOp];0
[Move(S), NoOp, Push(W,N), NoOp];0
[Move(S), NoOp, Push(N,N), NoOp];0
[Move(S), NoOp, Push(N,N), NoOp];0
[Move(S), NoOp, Push(N,N), NoOp];0
[Move(S), NoOp, Push(N,N), NoOp];0
[Move(S), NoOp, Push(N,N), NoOp];0
[Move(S), NoOp, Push(N,N), NoOp];0
[Move(S), NoOp, Push(N,N), NoOp];0
[Move(S), NoOp, Push(N,E), NoOp];0
[Move(S), NoOp, Push(E,E), NoOp];0
[Move(S), NoOp, Push(E,S), NoOp];0
[Move(S), NoOp, Push(S,S), NoOp];0
[Move(S), NoOp, Push(S,S), NoOp];0
[Move(E), NoOp, Push(S,S), NoOp];0
[Move(E), NoOp, NoOp, NoOp];0
[Move(N), NoOp, NoOp, NoOp];13
[Move(N), NoOp, NoOp, NoOp];0
[Move(N), NoOp, NoOp, NoOp];0
[Move(N), NoOp, NoOp, NoOp];0
[Pull(E,N), NoOp, NoOp, NoOp];0
[Push(W,S), NoOp, NoOp, NoOp];0
[Push(S,S), NoOp, NoOp, NoOp];0
[Push(S,S), NoOp, NoOp, NoOp];0
[Push(S,S), NoOp, NoOp, NoOp];0
[Push(S,W), NoOp, NoOp, NoOp];0
[Push(W,W), NoOp, NoOp, NoOp];0
[Push(W,N), NoOp, NoOp, NoOp];0
[Push(N,N), NoOp, NoOp, NoOp];0
[Push(N,N), NoOp, NoOp, NoOp];0
[Push(N,N), NoOp, NoOp, NoOp];0
[Push(N,N), NoOp, NoOp, NoOp];0
[Push(N,N), NoOp, NoOp, NoOp];0
[Push(N,N), NoOp, NoOp, NoOp];0
[Push(N,N), NoOp, NoOp, NoOp];0
[Push(N,N), NoOp, NoOp, NoOp];0
[Push(N,N), NoOp, NoOp, NoOp];0
[Push(N,N), NoOp, NoOp, NoOp];0
[Push(N,N), NoOp, NoOp, NoOp];0
[Push(N,N), NoOp, NoOp, NoOp];0
[Push(N,N), NoOp, NoOp, NoOp];0
[Push(N,N), NoOp, NoOp, NoOp];0
[Push(N,N), NoOp, NoOp, NoOp];0
[Push(N,N), NoOp, NoOp, NoOp];0
[Push(N,N), NoOp, NoOp, NoOp];0
[Push(N,N), NoOp, NoOp, NoOp];0
[Push(N,N), NoOp, NoOp, NoOp];0
[Push(N,N), NoOp, NoOp, NoOp];0
[Push(N,E), NoOp, NoOp, NoOp];0
[Push(E,E), NoOp, NoOp, NoOp];0
[Push(E,E), NoOp, NoOp, NoOp];0
[Push(E,E), NoOp, NoOp, NoOp];0
[Push(E,E), NoOp, NoOp, NoOp];0
[Push(E,E), NoOp, NoOp, NoOp];0
[Push(E,E), NoOp, NoOp, NoOp];0
[Push(E,E), NoOp, NoOp, NoOp];0
[Push(E,E), NoOp, NoOp, NoOp];0
[Push(E,E), NoOp, NoOp, NoOp];0
[Push(E,E), NoOp, NoOp, NoOp];0
[Push(E,E), NoOp, NoOp, NoOp];1
[Push(E,E), NoOp, NoOp, NoOp];0
[NoOp, Move(W), Move(N), NoOp];151
[NoOp, Move(W), Move(N), NoOp];0
[NoOp, Move(W), Move(N), NoOp];0
[NoOp, Move(W), Move(W), NoOp];0
[NoOp, Move(W), Move(W), NoOp];0
[NoOp, Move(W), Move(S), NoOp];0
[NoOp, Move(W), Move(S), NoOp];0
[NoOp, Move(W), Move(S), NoOp];0
[NoOp, Move(W), Move(S), NoOp];1
[NoOp, Move(W), Move(S), NoOp];0
[NoOp, Move(W), Move(S), NoOp];0
[NoOp, Move(W), Move(S), NoOp];0
[NoOp, Move(W), Move(S), NoOp];0
[NoOp, Move(W), Move(E), NoOp];0
[NoOp, Move(W), Move(E), NoOp];0
[NoOp, Move(W), Move(S), NoOp];0
[NoOp, Move(W), Move(S), NoOp];0
[NoOp, Move(W), Move(E), NoOp];0
[NoOp, Move(W), Move(E), NoOp];0
[NoOp, Move(S), Move(E), NoOp];0
[NoOp, Move(S), Move(E), NoOp];0
[NoOp, Move(S), Move(E), NoOp];0
[NoOp, Move(S), Move(E), NoOp];0
[NoOp, Move(S), Move(E), NoOp];0
[NoOp, Move(S), Move(E), NoOp];0
[NoOp, Move(S), Move(E), NoOp];0
[NoOp, Move(S), Move(E), NoOp];0
[NoOp, Move(S), Move(E), NoOp];0
[NoOp, Move(S), Move(E), NoOp];0
[NoOp, Move(S), Move(E), NoOp];0
[NoOp, Move(S), Move(E), NoOp];0
[NoOp, Move(S), Move(E), NoOp];0
[NoOp, Move(S), Move(E), NoOp];0
[NoOp, Move(S), Move(E), NoOp];0
[NoOp, Move(S), Move(E), NoOp];0
[NoOp, Move(S), Move(E), NoOp];0
[NoOp, Move(S), Move(E), NoOp];0
[NoOp, Move(S), Move(E), NoOp];0
[NoOp, Move(S), Move(E), NoOp];0
[NoOp, Move(S), Move(E), NoOp];0
[NoOp, Move(E), Move(E), NoOp];0
[NoOp, Move(E), Move(E), NoOp];0
[NoOp, Move(N), Move(N), NoOp];0
[NoOp, Pull(E,N), Move(N), NoOp];0
[NoOp, Push(W,S), Move(N), NoOp];0
[NoOp, Push(S,W), Move(N), NoOp];0
[NoOp, Push(W,W), Move(N), NoOp];0
[NoOp, Push(W,N), Move(N), NoOp];0
[NoOp, Push(N,N), Move(N), NoOp];0
[NoOp, Push(N,N), Move(N), NoOp];0
[NoOp, Push(N,N), Move(N), NoOp];0
[NoOp, Push(N,N), Move(N), NoOp];0
[NoOp, Push(N,N), Move(N), NoOp];0
[NoOp, Push(N,N), Move(N), NoOp];0
[NoOp, Push(N,N), Move(N), NoOp];0
[NoOp, Push(N,N), Move(N), NoOp];0
[NoOp, Push(N,N), Move(N), NoOp];0
[NoOp, Push(N,N), Move(W), NoOp];0
[NoOp, Push(N,N), Move(W), NoOp];0
[NoOp, Push(N,N), Move(W), NoOp];0
[NoOp, Push(N,N), Move(W), NoOp];0
[NoOp, Push(N,N), Move(W), NoOp];0
[NoOp, Push(N,N), Move(W), NoOp];0
[NoOp, Push(N,N), Move(W), NoOp];0
[NoOp, Push(N,N), Move(W), NoOp];0
[NoOp, Push(N,N), Move(W), NoOp];0
[NoOp, Push(N,N), Move(W), NoOp];0
[NoOp, Push(N,N), Move(W), NoOp];0
[NoOp, Push(N,E), Pull(S,W), NoOp];0
[NoOp, Push(E,E), Push(N,E), NoOp];0
[NoOp, Push(E,E), Push(E,E), NoOp];0
[NoOp, Push(E,E), Push(E,E), NoOp];0
[NoOp, Push(E,E), Push(E,E), NoOp];0
[NoOp, Push(E,E), Push(E,E), NoOp];0
[NoOp, Push(E,E), Push(E,E), NoOp];0
[NoOp, Push(E,E), Push(E,E), NoOp];0
[NoOp, Push(E,E), Push(E,E), NoOp];0
[NoOp, Push(E,E), Push(E,E), NoOp];0
[NoOp, Push(E,E), Push(E,E), NoOp];0
[NoOp, Push(E,E), Push(E,E), NoOp];0
[NoOp, Push(E,E), Push(E,S), NoOp];0
[NoOp, Push(E,E), Push(S,S), NoOp];1
[NoOp, Push(E,E), Push(S,S), NoOp];0
[NoOp, Push(E,E), Push(S,S), NoOp];0
[NoOp, Push(E,E), Push(S,S), NoOp];0
[NoOp, Push(E,E), Push(S,S), NoOp];0
[NoOp, Push(E,E), Push(S,S), NoOp];0
[NoOp, NoOp, Push(S,S), NoOp];0
[Move(W), NoOp, Push(S,S), Move(S)];32
[Move(W), NoOp, Push(S,S), Move(S)];0
[Move(W), NoOp, Push(S,S), Move(S)];0
[Move(W), NoOp, Push(S,S), Move(S)];0
[Move(W), NoOp, Push(S,S), Move(S)];0
[Move(W), NoOp, Push(S,S), Move(W)];0
[Move(W), NoOp, Push(S,S), Move(W)];0
[Move(W), NoOp, Push(S,W), Move(N)];0
[Move(W), NoOp, Push(W,W), Move(N)];1
[Move(W), NoOp, Push(W,W), Move(N)];0
[Move(W), NoOp, Push(W,W), Move(N)];0
[Move(W), NoOp, Push(W,W), Move(N)];0
[Move(S), NoOp, Push(W,W), Move(N)];0
[Move(S), NoOp, Push(W,W), Move(N)];0
[Move(S), NoOp, Push(W,W), Move(N)];1
[Move(S), NoOp, Push(W,W), Move(E)];0
[Move(S), NoOp, Push(W,W), Move(E)];0
[Move(S), NoOp, Push(W,W), Move(E)];0
[Move(S), NoOp, Push(W,W), Move(E)];0
[Move(S), NoOp, Push(W,W), Move(N)];0
[Move(S), NoOp, Push(W,W), Move(N)];0
[Move(S), NoOp, Push(W,W), Move(N)];0
[Move(S), NoOp, Push(W,W), Move(N)];0
[Move(S), NoOp, Push(W,W), Move(W)];0
[Move(S), NoOp, Push(W,W), Move(W)];0
[Move(S), NoOp, Push(W,W), Move(W)];0
[Move(S), NoOp, Push(W,W), Move(W)];0
[Move(S), NoOp, Push(W,W), Move(W)];0
[Move(S), NoOp, Push(W,W), Move(W)];0
[Move(S), NoOp, Push(W,W), Move(W)];0
[Move(S), NoOp, Push(W,W), Move(W)];0
[Move(S), NoOp, Push(W,W), Move(W)];1
[Move(S), NoOp, Push(W,N), Move(W)];0
[Move(E), NoOp, Push(N,N), Move(W)];0
[Move(E), NoOp, Push(N,W), Move(W)];0
[Move(N), NoOp, Push(W,W), Move(W)];0
[Move(N), NoOp, Push(W,N), Move(W)];0
[Move(N), NoOp, Push(N,N), Move(W)];0
[Move(N), NoOp, Push(N,N), Move(W)];0
[Move(N), NoOp, Push(N,N), Move(W)];0
[Pull(E,N), NoOp, Push(N,N), Move(W)];0
[Push(W,S), NoOp, Push(N,N), Move(W)];0
[Push(S,S), NoOp, Push(N,N), Move(W)];0
[Push(S,S), NoOp, Push(N,N), Move(W)];0
[Push(S,S), NoOp, Push(N,E), Move(W)];0
[Push(S,S), NoOp, Push(E,E), Move(W)];0
[Push(S,W), NoOp, Push(E,S), Move(W)];1
[Push(W,W), NoOp, Push(S,S), Move(W)];0
[Push(W,N), NoOp, Push(S,S), Move(W)];0
[Push(N,N), NoOp, NoOp, Move(W)];0
[Push(N,N), NoOp, NoOp, Move(W)];8
[Push(N,N), NoOp, NoOp, Move(W)];0
[Push(N,N), NoOp, NoOp, Move(W)];0
[Push(N,N), NoOp, NoOp, Move(W)];0
[Push(N,N), NoOp, NoOp, Move(W)];0
[Push(N,N), NoOp, NoOp, Move(W)];0
[Push(N,N), NoOp, NoOp, Move(W)];0
[Push(N,N), NoOp, NoOp, Move(S)];0
[Push(N,N), NoOp, NoOp, Move(S)];0
[Push(N,N), NoOp, NoOp, Move(S)];0
[Push(N,N), NoOp, NoOp, Move(S)];0
[Push(N,N), NoOp, NoOp, Move(S)];0
[Push(N,N), NoOp, NoOp, Move(S)];0
[Push(N,N), NoOp, NoOp, Move(S)];0
[Push(N,N), NoOp, NoOp, Move(S)];1
[Push(N,N), NoOp, NoOp, Move(S)];0
[Push(N,N), NoOp, NoOp, Move(S)];0
[Push(N,N), NoOp, NoOp, Move(S)];0
[Push(N,N), NoOp, NoOp, Move(S)];0
[Push(N,E), NoOp, NoOp, Move(S)];0
[Push(E,E), NoOp, NoOp, Move(S)];0
[Push(E,E), NoOp, NoOp, Move(S)];0
[Push(E,E), NoOp, NoOp, Move(S)];0
[Push(E,E), NoOp, NoOp, Move(S)];0
[Push(E,E), NoOp, NoOp, Move(S)];0
[Push(E,E), NoOp, NoOp, Move(E)];0
[Push(E,E), NoOp, NoOp, Move(E)];0
[Push(E,E), NoOp, NoOp, Move(N)];0
[Push(E,E), NoOp, NoOp, Move(E)];0
[NoOp, NoOp, NoOp, Move(E)];0
[NoOp, NoOp, Move(N), Move(N)];26
[NoOp, NoOp, Move(N), Move(E)];0
[NoOp, NoOp, Move(W), Move(N)];0
[NoOp, NoOp, Move(W), Move(E)];0
[NoOp, NoOp, Move(S), Move(N)];0
[NoOp, NoOp, Move(S), Move(E)];0
[NoOp, NoOp, Move(S), Move(N)];0
[NoOp, NoOp, Move(S), Move(N)];0
[NoOp, NoOp, Move(S), Move(N)];0
[NoOp, NoOp, Move(S), Move(N)];0
[NoOp, NoOp, Move(S), Move(N)];0
[NoOp, NoOp, Move(S), Move(E)];0
[NoOp, NoOp, Move(S), Move(E)];0
[NoOp, NoOp, Move(S), Move(N)];0
[NoOp, NoOp, Move(E), Move(N)];0
[NoOp, NoOp, Move(E), Move(N)];0
[NoOp, NoOp, Move(E), Move(N)];10
[Move(W), Move(W), Move(E), Move(N)];1
[Move(W), Move(W), Move(E), Move(N)];0
[Move(W), Move(W), Move(E), Move(N)];0
[Move(W), Move(W), Move(E), Move(E)];0
[Move(W), Move(W), Move(E), Move(E)];1
[Move(W), Move(W), Move(E), Move(E)];0
[Move(W), Move(W), Move(E), Move(E)];0
[Move(W), Move(W), Move(E), Move(S)];0
[Move(W), Move(W), Move(E), Move(S)];0
[Move(S), Move(W), Move(E), Move(E)];0
[Move(S), Move(W), Move(E), Move(S)];0
[Move(S), Move(W), Move(E), Move(S)];0
[Move(S), Move(W), Move(E), Move(E)];0
[Move(S), Move(W), Move(E), Move(E)];0
[Move(S), Move(W), Move(E), Move(S)];0
[Move(S), Move(W), Move(E), Move(S)];0
[Move(S), Move(W), Move(E), Move(E)];0
[Move(S), Move(W), Move(E), Move(S)];0
[Move(S), Move(S), Move(E), Move(S)];0
[Move(S), Move(S), Move(E), Move(E)];0
[Move(S), Move(S), Move(E), Move(E)];0
[Move(S), Move(S), Move(E), Move(S)];0
[Move(S), Move(S), Move(E), Move(E)];0
[Move(S), Move(S), Move(E), Move(S)];0
[Move(S), Move(S), Move(N), Move(S)];0
[Move(S), Move(S), Move(N), Move(S)];0
[Move(S), Move(S), Move(N), Move(S)];0
[Move(S), Move(S), Move(N), Move(S)];0
[Move(S), Move(S), Move(N), Move(E)];0
[Move(S), Move(S), Move(N), Move(E)];0
[Move(E), Move(S), Move(N), Move(S)];0
[Move(E), Move(S), Move(N), Move(S)];0
[Move(N), Move(S), Move(N), Move(E)];0
[Move(N), Move(S), Move(N), Move(E)];0
[Move(N), Move(S), Move(N), Move(E)];0
[Move(N), Move(S), Move(N), Move(E)];0
[Move(N), Move(S), Move(N), Move(E)];0
[Move(N), Move(S), Move(N), Move(E)];0
[Pull(E,N), Move(S), Move(N), Move(E)];1
[Push(W,S), Move(E), Move(W), Move(E)];0
[Push(S,S), Move(E), Move(W), Move(E)];0
[Push(S,S), Move(N), Move(W), Move(E)];0
[Push(S,S), Move(N), Move(W), Move(N)];1
[Push(S,S), Pull(E,N), Move(W), Move(E)];0
[Push(S,S), Push(W,S), Move(W), Move(E)];0
[Push(S,W), Push(S,S), Move(W), Pull(W,S)];0
[Push(W,W), Push(S,W), Move(W), Push(E,N)];0
[Push(W,N), Push(W,W), Move(W), Push(N,W)];0
[Push(N,N), Push(W,N), Move(W), Push(W,W)];0
[Push(N,N), Push(N,N), Move(W), Push(W,W)];0
[Push(N,N), Push(N,N), Move(W), Push(W,W)];0
[Push(N,N), Push(N,N), Pull(S,W), Push(W,W)];0
[Push(N,N), Push(N,N), Push(N,E), Push(W,W)];0
[Push(N,N), Push(N,N), Push(E,E), Push(W,W)];0
[Push(N,N), Push(N,N), Push(E,E), Push(W,W)];0
[Push(N,N), Push(N,N), Push(E,E), Push(W,W)];0
[Push(N,N), Push(N,N), Push(E,E), Push(W,W)];0
[Push(N,N), Push(N,N), Push(E,E), Push(W,W)];0
[Push(N,N), Push(N,N), Push(E,E), Push(W,W)];0
[Push(N,N), Push(N,N), Push(E,E), Push(W,W)];0
[Push(N,N), Push(N,N), Push(E,E), Push(W,W)];0
[Push(N,N), Push(N,N), Push(E,E), Push(W,W)];0
[Push(N,N), Push(N,N), Push(E,E), Push(W,W)];0
[Push(N,N), Push(N,N), Push(E,E), Push(W,W)];0
[Push(N,N), Push(N,N), Push(E,S), Push(W,N)];0
[Push(N,N), Push(N,N), Push(S,S), Push(N,W)];0
[Push(N,N), Push(N,N), Push(S,S), Push(W,N)];0
[Push(N,N), Push(N,N), Push(S,S), Push(N,N)];1
[Push(N,E), Push(N,N), Push(S,S), Push(N,N)];0
[Push(E,E), Push(N,E), Push(S,S), Push(N,W)];0
[Push(E,E), Push(E,E), Push(S,S), Push(W,W)];0
[Push(E,E), Push(E,E), Push(S,S), Push(W,W)];0
[Push(E,E), Push(E,E), Push(S,S), Push(W,W)];0
[Push(E,E), Push(E,E), Push(S,S), Push(W,W)];0
[NoOp, Push(E,E), Push(S,S), Push(W,N)];0
[NoOp, Push(E,E), Push(S,S), Push(N,N)];1
[NoOp, Push(E,E), Push(S,S), Push(N,N)];0
[NoOp, Push(E,E), Push(S,S), Push(N,N)];0
[NoOp, Push(E,E), Push(S,S), Push(N,N)];0
[NoOp, Push(E,E), Push(S,W), Push(N,N)];0
[NoOp, Push(E,E), Push(W,W), Push(N,N)];0
[NoOp, Push(E,E), Push(W,W), Push(N,N)];0
[NoOp, Push(E,E), Push(W,W), Push(N,N)];0
[NoOp, NoOp, Push(W,W), Push(N,N)];0
[NoOp, NoOp, Push(W,W), Push(N,W)];10
[NoOp, NoOp, Push(W,W), Push(W,W)];0
[NoOp, NoOp, Push(W,W), Push(W,S)];1
[NoOp, NoOp, Push(W,W), Push(S,S)];0
[NoOp, NoOp, Push(W,W), Push(S,S)];0
[NoOp, NoOp, Push(W,W), Push(S,W)];0
[NoOp, NoOp, Push(W,W), Push(W,W)];0
[NoOp, NoOp, Push(W,W), Push(W,S)];1
[NoOp, NoOp, Push(W,W), Push(S,S)];0
[NoOp, NoOp, Push(W,W), Push(S,S)];0
[NoOp, NoOp, Push(W,W), Push(S,W)];0
[NoOp, NoOp, Push(W,W), Push(W,S)];1
[NoOp, NoOp, Push(W,W), Push(S,S)];0
[NoOp, NoOp, Push(W,W), Push(S,S)];0
[NoOp, NoOp, Push(W,W), Push(S,W)];0
[NoOp, NoOp, Push(W,W), Push(W,S)];0
[NoOp, NoOp, Push(W,W), Push(S,W)];1
[NoOp, NoOp, Push(W,W), Push(W,S)];0
[NoOp, NoOp, Push(W,W), Push(S,S)];1
[NoOp, NoOp, Push(W,W), Push(S,S)];0
[NoOp, NoOp, Push(W,N), Push(S,W)];0
[NoOp, NoOp, Push(N,N), Push(W,W)];1
[NoOp, NoOp, Push(N,W), Push(W,S)];0
[NoOp, NoOp, Push(W,W), Push(S,S)];0
[NoOp, NoOp, Push(W,N), Push(S,S)];0
[NoOp, NoOp, Push(N,N), Push(S,W)];0
[NoOp, NoOp, Push(N,N), Push(W,W)];0
[NoOp, NoOp, Push(N,N), Push(W,N)];0
[NoOp, NoOp, Push(N,N), Push(N,N)];0
[NoOp, NoOp, Push(N,N), Push(N,N)];0
[NoOp, NoOp, Push(N,N), Push(N,N)];1
[NoOp, NoOp, Push(N,N), Push(N,N)];0
[NoOp, NoOp, Push(N,E), Push(N,N)];0
[NoOp, NoOp, Push(E,E), Push(N,N)];0
[NoOp, NoOp, Push(E,S), Push(N,N)];0
[NoOp, NoOp, Push(S,S), Push(N,N)];1
[NoOp, NoOp, NoOp, Push(N,N)];0
[NoOp, NoOp, NoOp, Push(N,N)];7
[NoOp, NoOp, NoOp, Push(N,N)];0
[NoOp, NoOp, NoOp, Push(N,N)];0
[NoOp, NoOp, NoOp, Push(N,N)];1
[NoOp, NoOp, NoOp, Push(N,N)];0
[NoOp, NoOp, NoOp, Push(N,N)];0
[NoOp, NoOp, NoOp, Push(N,N)];0
[NoOp, NoOp, NoOp, Push(N,N)];0
[NoOp, NoOp, NoOp, Push(N,E)];0
[NoOp, NoOp, NoOp, Push(E,E)];1
[NoOp, NoOp, NoOp, Push(E,E)];0
[NoOp, NoOp, NoOp, Push(E,E)];0
[NoOp, NoOp, NoOp, Push(E,E)];0
[NoOp, NoOp, NoOp, Push(E,E)];0
[NoOp, NoOp, NoOp, Push(E,E)];0
[NoOp, NoOp, NoOp, Push(E,E)];1
[NoOp, NoOp, NoOp, Push(E,E)];0
[NoOp, NoOp, NoOp, Push(E,E)];0
[NoOp, NoOp, NoOp, Push(E,E)];0
[NoOp, NoOp, NoOp, Push(E,E)];0
[NoOp, NoOp, NoOp, Push(E,E)];1
[NoOp, NoOp, NoOp, Push(E,E)];0
[NoOp, NoOp, NoOp, Push(E,E)];0
[NoOp, NoOp, NoOp, Push(E,E)];0
[NoOp, NoOp, NoOp, Push(E,E)];0
[NoOp, NoOp, NoOp, Push(E,E)];1
[NoOp, NoOp, NoOp, Push(E,E)];0
[NoOp, NoOp, NoOp, Push(E,E)];0
[NoOp, NoOp, NoOp, Push(E,E)];0
[NoOp, NoOp, NoOp, Push(E,E)];0
[NoOp, NoOp, NoOp, Push(E,E)];0
[NoOp, NoOp, NoOp, Push(E,E)];0
[NoOp, NoOp, NoOp, Push(E,E)];0
[NoOp, Move(W), NoOp, Push(E,E)];0
[NoOp, Move(W), NoOp, Push(E,E)];0
[NoOp, Move(W), NoOp, Push(E,E)];1
[NoOp, Move(W), NoOp, Push(E,E)];0
[NoOp, Move(W), NoOp, Push(E,E)];0
[NoOp, Move(W), NoOp, Push(E,E)];0
[NoOp, Move(W), NoOp, Push(E,E)];0
[NoOp, Move(W), NoOp, Push(E,E)];1
[NoOp, Move(W), NoOp, Push(E,E)];0
[NoOp, Move(W), NoOp, Push(E,S)];0
[NoOp, Move(W), NoOp, Push(S,S)];0
[NoOp, Move(W), NoOp, Push(S,S)];0
[NoOp, Move(W), NoOp, Push(S,S)];0
[NoOp, Move(S), NoOp, Push(S,W)];1
[NoOp, Move(S), NoOp, Push(W,W)];0
[NoOp, Move(S), NoOp, Push(W,W)];0
[NoOp, Move(S), NoOp, Push(W,W)];0
[NoOp, Move(S), NoOp, Push(W,S)];0
[NoOp, Move(S), NoOp, Push(S,S)];0
[NoOp, Move(S), NoOp, Push(S,S)];1
[NoOp, Move(S), NoOp, Push(S,S)];0
[NoOp, Move(S), NoOp, Push(S,S)];0
[NoOp, Move(S), NoOp, Push(S,S)];0
[NoOp, Move(S), NoOp, Push(S,S)];0
[NoOp, Move(S), NoOp, Push(S,S)];0
[NoOp, Move(S), NoOp, Push(S,E)];1
[NoOp, Move(S), NoOp, Push(E,E)];0
[NoOp, Move(S), NoOp, Push(E,N)];0
[NoOp, Move(S), NoOp, Push(N,N)];0
[NoOp, Move(S), NoOp, Push(N,N)];0
[NoOp, Move(S), NoOp, Push(N,N)];0
[NoOp, Move(S), NoOp, Push(N,N)];1
[NoOp, Move(S), NoOp, NoOp];0
[NoOp, Move(S), Move(N), NoOp];16
[NoOp, Move(E), Move(W), NoOp];0
[NoOp, Move(E), Move(W), NoOp];0
[NoOp, Move(N), Move(S), NoOp];0
[NoOp, Move(N), Move(S), NoOp];1
[NoOp, Move(N), Move(S), NoOp];0
[NoOp, Pull(E,N), Move(S), NoOp];0
[NoOp, Push(W,S), Move(S), NoOp];0
[NoOp, Push(S,S), Move(S), NoOp];0
[NoOp, Push(S,S), Move(S), NoOp];0
[NoOp, Push(S,W), Move(S), NoOp];1
[NoOp, Push(W,W), Move(E), NoOp];0
[NoOp, Push(W,N), Move(S), NoOp];0
[NoOp, Push(N,N), Move(E), NoOp];0
[NoOp, Push(N,N), Move(S), NoOp];0
[NoOp, Push(N,N), Move(E), NoOp];0
[NoOp, Push(N,N), Move(E), NoOp];0
[NoOp, Push(N,N), Move(E), NoOp];0
[NoOp, Push(N,N), Move(E), NoOp];0
[NoOp, Push(N,N), Move(E), NoOp];0
[NoOp, Push(N,N), Move(E), NoOp];0
[NoOp, Push(N,N), Move(E), NoOp];0
[NoOp, Push(N,N), Move(E), NoOp];0
[NoOp, Push(N,N), Move(E), NoOp];0
[NoOp, Push(N,N), Move(E), NoOp];0
[NoOp, Push(N,N), Move(E), NoOp];0
[NoOp, Push(N,N), Move(E), NoOp];0
[NoOp, Push(N,N), Move(E), NoOp];0
[NoOp, Push(N,N), Move(E), NoOp];0
[NoOp, Push(N,N), Move(E), NoOp];1
[NoOp, Push(N,N), Move(E), NoOp];0
[NoOp, Push(N,N), Move(E), NoOp];0
[NoOp, Push(N,N), Move(E), NoOp];0
[NoOp, Push(N,E), Move(E), NoOp];0
[NoOp, Push(E,E), Move(E), NoOp];0
[NoOp, Push(E,E), Move(E), NoOp];1
[NoOp, Push(E,E), Move(E), NoOp];0
[NoOp, Push(E,E), Move(E), NoOp];0
[NoOp, Push(E,E), Move(E), NoOp];0
[NoOp, Push(E,E), Move(E), NoOp];0
[NoOp, Push(E,E), Move(N), NoOp];0
[NoOp, Push(E,E), Move(N), NoOp];0
[NoOp, Push(E,E), Move(N), NoOp];0
[NoOp, Push(E,E), Move(N), NoOp];0
[NoOp, Push(E,E), Move(N), NoOp];1
[NoOp, Push(E,E), Move(N), NoOp];0
[NoOp, NoOp, Move(N), NoOp];0
[NoOp, NoOp, Move(N), NoOp];20
[NoOp, NoOp, Move(N), NoOp];1
[NoOp, NoOp, Move(N), NoOp];0
[NoOp, NoOp, Move(N), NoOp];0
[NoOp, NoOp, Move(N), NoOp];0
[NoOp, NoOp, Move(N), NoOp];0
[NoOp, NoOp, Move(N), NoOp];0
[NoOp, NoOp, Move(N), NoOp];0
[NoOp, NoOp, Move(W), NoOp];0
[NoOp, NoOp, Move(W), NoOp];1
[NoOp, NoOp, Move(W), NoOp];0
[NoOp, NoOp, Move(W), NoOp];0
[NoOp, NoOp, Move(W), NoOp];0
[NoOp, NoOp, Move(W), NoOp];0
[NoOp, NoOp, Move(W), NoOp];0
[NoOp, NoOp, Move(W), NoOp];0
[NoOp, NoOp, Move(W), NoOp];0
[NoOp, NoOp, Move(W), NoOp];1
[NoOp, NoOp, Move(W), NoOp];0
[NoOp, NoOp, Move(W), NoOp];0
[NoOp, NoOp, Move(W), NoOp];0
[NoOp, NoOp, Pull(S,W), NoOp];0
[NoOp, NoOp, Push(N,E), NoOp];0
[NoOp, NoOp, Push(E,E), NoOp];0
[NoOp, NoOp, Push(E,E), NoOp];0
[NoOp, NoOp, Push(E,E), NoOp];1
[NoOp, NoOp, Push(E,E), NoOp];0
[NoOp, NoOp, Push(E,E), NoOp];0
[NoOp, NoOp, Push(E,E), NoOp];0
[NoOp, NoOp, Push(E,E), NoOp];0
[NoOp, NoOp, Push(E,E), NoOp];0
[NoOp, NoOp, Push(E,E), NoOp];0
[NoOp, NoOp, Push(E,E), NoOp];0
[NoOp, NoOp, Push(E,E), NoOp];0
[NoOp, NoOp, Push(E,E), NoOp];0
[NoOp, NoOp, Push(E,S), NoOp];0
[NoOp, NoOp, Push(S,S), NoOp];0
[NoOp, NoOp, Push(S,S), NoOp];0
[NoOp, NoOp, Push(S,S), NoOp];0
[NoOp, NoOp, Push(S,S), NoOp];0
[NoOp, NoOp, Push(S,S), NoOp];0
[NoOp, NoOp, Push(S,S), NoOp];1
[NoOp, NoOp, Push(S,S), NoOp];0
[NoOp, NoOp, Push(S,S), NoOp];0
[NoOp, NoOp, Push(S,S), NoOp];0
[NoOp, NoOp, Push(S,S), NoOp];0
[NoOp, NoOp, Push(S,S), NoOp];0
[NoOp, NoOp, Push(S,S), NoOp];0
[NoOp, NoOp, Push(S,S), NoOp];0
[NoOp, NoOp, Push(S,S), NoOp];8
[NoOp, NoOp, Push(S,W), NoOp];1
[NoOp, NoOp, Push(W,W), NoOp];0
[NoOp, NoOp, Push(W,W), NoOp];0
[NoOp, NoOp, Push(W,W), NoOp];0
[NoOp, NoOp, Push(W,W), NoOp];0
[NoOp, NoOp, Push(W,W), NoOp];0
[NoOp, NoOp, Push(W,W), NoOp];0
[NoOp, Move(W), Push(W,W), NoOp];1
[NoOp, Move(W), Push(W,W), NoOp];0
[NoOp, Move(W), Push(W,W), NoOp];0
[NoOp, Move(W), Push(W,W), NoOp];0
[NoOp, Move(W), Push(W,W), NoOp];0
[NoOp, Move(W), Push(W,W), NoOp];0
[NoOp, Move(W), Push(W,W), NoOp];0
[NoOp, Move(W), Push(W,W), NoOp];1
[NoOp, Move(W), Push(W,W), NoOp];0
[NoOp, Move(W), Push(W,W), NoOp];0
[NoOp, Move(W), Push(W,W), NoOp];0
[NoOp, Move(W), Push(W,W), NoOp];0
[NoOp, Move(S), Push(W,W), NoOp];0
[NoOp, Move(S), Push(W,W), NoOp];0
[NoOp, Move(S), Push(W,W), NoOp];0
[NoOp, Move(S), Push(W,W), NoOp];1
[NoOp, Move(S), Push(W,W), NoOp];0
[NoOp, Move(S), Push(W,W), NoOp];0
[NoOp, Move(S), Push(W,W), NoOp];0
[NoOp, Move(S), Push(W,N), NoOp];0
[NoOp, Move(S), Push(N,W), NoOp];0
[NoOp, Move(S), Push(W,N), NoOp];0
[NoOp, Move(S), Push(N,N), NoOp];1
[NoOp, Move(S), Push(N,N), NoOp];0
[NoOp, Move(S), Push(N,N), NoOp];0
[NoOp, Move(S), Push(N,N), NoOp];0
[NoOp, Move(S), Push(N,N), NoOp];0
[NoOp, Move(S), Push(N,N), NoOp];0
[NoOp, Move(S), Push(N,N), NoOp];0
[NoOp, Move(S), Push(N,N), NoOp];0
[NoOp, Move(S), Push(N,E), NoOp];1
[NoOp, Move(S), Push(E,E), NoOp];0
[NoOp, Move(S), Push(E,S), NoOp];0
[NoOp, Move(E), NoOp, NoOp];0
[NoOp, Move(E), NoOp, NoOp];0
[NoOp, Move(N), NoOp, NoOp];0
[NoOp, Move(N), NoOp, NoOp];1
[NoOp, Move(N), NoOp, NoOp];0
[NoOp, Move(N), NoOp, NoOp];0
[NoOp, Pull(E,N), NoOp, NoOp];0
[NoOp, Push(W,S), NoOp, NoOp];0
[NoOp, Push(S,S), NoOp, NoOp];1
[NoOp, Push(S,S), NoOp, NoOp];0
[NoOp, Push(S,S), NoOp, NoOp];0
[NoOp, Push(S,W), NoOp, NoOp];0
[NoOp, Push(W,W), NoOp, NoOp];0
[NoOp, Push(W,N), NoOp, NoOp];1
[NoOp, Push(N,N), NoOp, NoOp];0
[NoOp, Push(N,N), NoOp, NoOp];0
[NoOp, Push(N,N), NoOp, NoOp];0
[NoOp, Push(N,N), NoOp, NoOp];0
[NoOp, Push(N,N), NoOp, NoOp];1
[NoOp, Push(N,N), NoOp, NoOp];0
[NoOp, Push(N,N), NoOp, NoOp];0
[NoOp, Push(N,N), NoOp, NoOp];0
[NoOp, Push(N,N), NoOp, NoOp];0
[NoOp, Push(N,N), NoOp, NoOp];1
[NoOp, Push(N,N), NoOp, NoOp];0
[NoOp, Push(N,N), NoOp, NoOp];0
[NoOp, Push(N,N), NoOp, NoOp];0
[NoOp, Push(N,N), NoOp, NoOp];0
[NoOp, Push(N,N), NoOp, NoOp];1
[NoOp, Push(N,N), NoOp, NoOp];0
[NoOp, Push(N,N), NoOp, NoOp];0
[NoOp, Push(N,N), NoOp, NoOp];0
[NoOp, Push(N,N), NoOp, NoOp];0
[NoOp, Push(N,N), NoOp, NoOp];1
[NoOp, Push(N,E), NoOp, NoOp];0
[NoOp, Push(E,E), NoOp, NoOp];0
[NoOp, Push(E,E), NoOp, NoOp];0
[NoOp, Push(E,E), NoOp, NoOp];1
[NoOp, Push(E,E), NoOp, NoOp];0
[NoOp, Push(E,E), NoOp, NoOp];0
[NoOp, Push(E,E), NoOp, NoOp];0
[NoOp, Push(E,E), NoOp, NoOp];0
[NoOp, Push(E,E), NoOp, NoOp];1
[NoOp, Push(E,E), NoOp, NoOp];0
[NoOp, NoOp, NoOp, Move(S)];131
[NoOp, NoOp, NoOp, Move(S)];0
[NoOp, NoOp, NoOp, Move(S)];0
[NoOp, NoOp, NoOp, Move(S)];0
[NoOp, NoOp, NoOp, Move(W)];0
[NoOp, NoOp, NoOp, Move(W)];0
[NoOp, NoOp, NoOp, Move(N)];0
[NoOp, NoOp, NoOp, Move(N)];0
[NoOp, NoOp, NoOp, Move(N)];0
[NoOp, NoOp, NoOp, Move(N)];0
[NoOp, NoOp, NoOp, Move(N)];0
[NoOp, NoOp, NoOp, Move(N)];0
[NoOp, NoOp, NoOp, Move(N)];0
[NoOp, NoOp, NoOp, Move(N)];0
[NoOp, NoOp, NoOp, Move(E)];0
[NoOp, NoOp, NoOp, Move(E)];0
[NoOp, NoOp, NoOp, Move(E)];0
[NoOp, NoOp, NoOp, Move(E)];0
[NoOp, NoOp, NoOp, Move(N)];0
[NoOp, NoOp, NoOp, Move(N)];0
[NoOp, NoOp, NoOp, Move(N)];0
[NoOp, NoOp, NoOp, Move(N)];0
[NoOp, NoOp, NoOp, Move(W)];0
[NoOp, NoOp, NoOp, Move(W)];0
[NoOp, NoOp, NoOp, Move(W)];0
[NoOp, NoOp, NoOp, Move(W)];0
[NoOp, NoOp, NoOp, Move(W)];0
[NoOp, NoOp, NoOp, Move(W)];0
[NoOp, NoOp, NoOp, Move(W)];0
[NoOp, NoOp, NoOp, Move(W)];0
[NoOp, NoOp, NoOp, Move(W)];0
[NoOp, NoOp, NoOp, Move(W)];0
[NoOp, NoOp, NoOp, Move(W)];0
[NoOp, NoOp, NoOp, Move(W)];0
[NoOp, NoOp, NoOp, Move(W)];0
[NoOp, NoOp, NoOp, Move(W)];0
[NoOp, NoOp, NoOp, Move(W)];0
[NoOp, NoOp, NoOp, Move(W)];0
[NoOp, Move(W), NoOp, Move(W)];16
[NoOp, Move(W), NoOp, Move(W)];0
[NoOp, Move(W), NoOp, Move(W)];0
[NoOp, Move(W), NoOp, Move(W)];0
[NoOp, Move(W), NoOp, Move(W)];0
[NoOp, Move(W), NoOp, Move(W)];0
[NoOp, Move(W), NoOp, Move(W)];0
[NoOp, Move(W), NoOp, Move(W)];0
[NoOp, Move(W), NoOp, Move(W)];0
[NoOp, Move(S), NoOp, Move(W)];0
[NoOp, Move(S), NoOp, Move(W)];0
[NoOp, Move(S), NoOp, Move(W)];0
[NoOp, Move(S), NoOp, Move(W)];0
[NoOp, Move(S), NoOp, Move(W)];0
[NoOp, Move(S), NoOp, Move(W)];0
[NoOp, Move(S), NoOp, Move(W)];0
[NoOp, Move(S), NoOp, Move(W)];0
[NoOp, Move(S), NoOp, Move(W)];0
[NoOp, Move(S), NoOp, Move(S)];0
[NoOp, Move(S), NoOp, Move(S)];0
[NoOp, Move(S), NoOp, Move(S)];0
[NoOp, Move(S), NoOp, Move(S)];0
[NoOp, Move(S), NoOp, Move(S)];0
[NoOp, Move(S), NoOp, Move(S)];0
[NoOp, Move(S), NoOp, Move(S)];0
[NoOp, Move(S), NoOp, Move(S)];0
[NoOp, Move(S), NoOp, Move(S)];0
[NoOp, Move(S), NoOp, Move(S)];0
[NoOp, Move(S), NoOp, Move(S)];0
[NoOp, Move(S), NoOp, Move(S)];0
[NoOp, Move(E), NoOp, Move(S)];0
[NoOp, Move(E), NoOp, Move(S)];0
[NoOp, Move(N), NoOp, Move(S)];0
[NoOp, Move(N), NoOp, Move(S)];0
[NoOp, Move(N), NoOp, Move(S)];0
[NoOp, Move(N), NoOp, Move(S)];0
[NoOp, Move(N), NoOp, Move(E)];0
[NoOp, Pull(E,N), NoOp, Move(E)];0
[NoOp, Push(W,S), NoOp, Move(N)];0
[NoOp, Push(S,S), NoOp, Move(N)];0
[NoOp, Push(S,S), NoOp, Move(E)];0
[NoOp, Push(S,S), NoOp, Move(N)];0
[NoOp, Push(S,S), NoOp, Move(E)];0
[NoOp, Push(S,W), NoOp, Move(N)];0
[NoOp, Push(W,W), NoOp, Move(E)];0
[NoOp, Push(W,N), NoOp, Move(E)];16
[NoOp, Push(N,N), NoOp, Move(N)];0
[NoOp, Push(N,N), NoOp, Move(E)];0
[NoOp, Push(N,N), NoOp, Move(E)];0
[NoOp, Push(N,N), NoOp, Move(N)];0
[NoOp, Push(N,N), NoOp, Move(E)];0
[NoOp, Push(N,N), NoOp, Move(N)];0
[NoOp, Push(N,N), NoOp, Move(N)];0
[NoOp, Push(N,N), NoOp, Move(N)];0
[NoOp, Push(N,N), NoOp, Move(N)];0
[NoOp, Push(N,N), NoOp, Move(N)];0
[NoOp, Push(N,N), NoOp, Move(N)];0
[NoOp, Push(N,N), NoOp, Move(N)];0
[NoOp, Push(N,N), NoOp, Move(N)];0
[NoOp, Push(N,N), NoOp, Move(N)];0
[NoOp, Push(N,N), NoOp, Move(N)];0
[NoOp, Push(N,N), NoOp, Move(E)];0
[NoOp, Push(N,N), NoOp, Move(E)];0
[NoOp, Push(N,N), NoOp, Move(S)];0
[NoOp, Push(N,N), NoOp, Move(S)];0
[NoOp, Push(N,N), NoOp, Move(S)];0
[NoOp, Push(N,E), NoOp, Move(E)];0
[NoOp, Push(E,E), NoOp, Move(E)];0
[NoOp, Push(E,E), NoOp, Move(E)];0
[NoOp, Push(E,E), NoOp, Move(E)];0
[NoOp, Push(E,E), NoOp, Move(E)];0
[NoOp, Push(E,E), NoOp, Move(E)];0
[NoOp, Push(E,E), NoOp, Move(E)];0
[NoOp, Push(E,E), NoOp, Move(S)];0
[NoOp, Push(E,E), NoOp, Move(E)];0
[NoOp, NoOp, NoOp, Move(S)];0
[NoOp, NoOp, NoOp, Move(E)];15
[NoOp, NoOp, NoOp, Move(E)];0
[NoOp, NoOp, NoOp, Move(S)];0
[NoOp, NoOp, NoOp, Move(S)];0
[NoOp, NoOp, NoOp, Move(S)];0
[NoOp, NoOp, NoOp, Move(S)];16
[NoOp, NoOp, NoOp, Move(S)];0
[NoOp, NoOp, NoOp, Move(S)];0
[NoOp, NoOp, NoOp, Move(S)];0
[NoOp, NoOp, NoOp, Move(S)];0
[NoOp, NoOp, NoOp, Move(S)];0
[NoOp, NoOp, NoOp, Move(S)];0
[NoOp, NoOp, NoOp, Move(S)];1
[NoOp, NoOp, NoOp, Move(E)];0
[NoOp, NoOp, NoOp, Move(E)];0
[NoOp, NoOp, NoOp, Move(E)];0
[NoOp, NoOp, NoOp, Move(E)];0
[NoOp, NoOp, NoOp, Move(E)];1
[NoOp, NoOp, NoOp, Move(E)];0
[NoOp, NoOp, NoOp, Move(E)];0
[NoOp, NoOp, NoOp, Move(E)];0
[NoOp, NoOp, NoOp, Move(E)];0
[NoOp, NoOp, NoOp, Move(E)];0
[NoOp, NoOp, NoOp, Move(E)];0
[NoOp, NoOp, NoOp, Push(E,N)];0
[NoOp, NoOp, NoOp, Push(N,W)];0
[NoOp, NoOp, NoOp, Push(W,N)];0
[NoOp, NoOp, NoOp, Push(N,W)];0
[NoOp, NoOp, NoOp, Push(W,W)];0
[NoOp, NoOp, NoOp, Push(W,W)];0
[NoOp, NoOp, NoOp, Push(W,W)];0
[NoOp, NoOp, NoOp, Push(W,W)];1
[NoOp, NoOp, NoOp, Push(W,W)];0
[NoOp, NoOp, NoOp, Push(W,W)];0
[NoOp, NoOp, NoOp, Push(W,W)];0
[NoOp, NoOp, NoOp, Push(W,W)];0
[NoOp, NoOp, NoOp, Push(W,W)];0
[NoOp, NoOp, NoOp, Push(W,W)];0
[NoOp, NoOp, NoOp, Push(W,N)];0
[NoOp, NoOp, NoOp, Push(N,N)];0
[NoOp, NoOp, NoOp, Push(N,W)];0
[NoOp, NoOp, NoOp, Push(W,N)];0
[NoOp, NoOp, NoOp, Push(N,N)];0
[NoOp, NoOp, NoOp, Push(N,W)];0
[NoOp, NoOp, NoOp, Push(W,N)];0
[NoOp, NoOp, NoOp, Push(N,N)];0
[NoOp, NoOp, NoOp, Push(N,W)];1
[NoOp, NoOp, NoOp, Push(W,N)];0
[NoOp, NoOp, NoOp, Push(N,N)];0
[NoOp, NoOp, NoOp, Push(N,N)];0
[NoOp, NoOp, NoOp, Push(N,W)];0
[NoOp, NoOp, NoOp, Push(W,W)];0
[NoOp, NoOp, NoOp, Push(W,W)];0
[NoOp, NoOp, NoOp, Push(W,W)];0
[NoOp, NoOp, NoOp, Push(W,W)];0
[NoOp, NoOp, NoOp, Push(W,N)];0
[NoOp, NoOp, NoOp, Push(N,N)];0
[NoOp, NoOp, NoOp, Push(N,N)];0
[NoOp, NoOp, NoOp, Push(N,W)];0
[NoOp, NoOp, NoOp, Push(W,W)];0
[NoOp, NoOp, NoOp, Push(W,N)];0
[NoOp, Move(W), NoOp, Push(N,N)];0
[NoOp, Move(W), NoOp, Push(N,W)];0
[NoOp, Move(W), NoOp, Push(W,W)];0
[NoOp, Move(W), NoOp, Push(W,W)];0
[NoOp, Move(W), NoOp, Push(W,W)];0
[NoOp, Move(W), NoOp, Push(W,S)];0
[NoOp, Move(W), NoOp, Push(S,S)];0
[NoOp, Move(W), NoOp, Push(S,S)];0
[NoOp, Move(S), NoOp, Push(S,S)];0
[NoOp, Move(S), NoOp, Push(S,S)];0
[NoOp, Move(S), NoOp, Push(S,S)];0
[NoOp, Move(S), NoOp, Push(S,S)];0
[NoOp, Move(S), NoOp, Push(S,S)];0
[NoOp, Move(S), NoOp, Push(S,S)];0
[NoOp, Move(S), NoOp, Push(S,W)];0
[NoOp, Move(S), NoOp, Push(W,W)];0
[NoOp, Move(S), NoOp, Push(W,S)];0
[NoOp, Move(S), NoOp, Push(S,S)];0
[NoOp, Move(S), NoOp, Push(S,W)];0
[NoOp, Move(S), NoOp, Push(W,S)];0
[NoOp, Move(S), NoOp, Push(S,S)];0
[NoOp, Move(S), NoOp, Push(S,S)];0
[NoOp, Move(S), NoOp, Push(S,S)];0
[NoOp, Move(S), NoOp, Push(S,S)];0
[NoOp, Move(S), NoOp, Push(S,W)];0
[NoOp, Move(S), NoOp, Push(W,W)];0
[NoOp, Move(S), NoOp, Push(W,W)];0
[NoOp, Move(S), NoOp, Push(W,W)];0
[NoOp, Move(S), NoOp, Push(W,N)];0
[NoOp, Move(E), NoOp, Push(N,N)];0
[NoOp, Move(E), NoOp, Push(N,N)];0
[NoOp, Move(N), NoOp, Push(N,N)];0
[NoOp, Move(N), NoOp, Push(N,N)];0
[NoOp, Move(N), NoOp, Push(N,N)];0
[NoOp, Move(N), NoOp, Push(N,N)];0
[NoOp, Move(N), NoOp, Push(N,N)];0
[NoOp, Move(N), NoOp, Push(N,N)];0
[NoOp, Pull(E,N), NoOp, Push(N,N)];0
[NoOp, Push(W,S), NoOp, Push(N,N)];0
[NoOp, Push(S,S), NoOp, Push(N,N)];0
[NoOp, Push(S,S), NoOp, Push(N,N)];0
[NoOp, Push(S,S), NoOp, Push(N,N)];0
[NoOp, Push(S,S), NoOp, Push(N,N)];0
[NoOp, Push(S,S), NoOp, Push(N,N)];0
[NoOp, Push(S,W), NoOp, Push(N,N)];0
[NoOp, Push(W,W), NoOp, Push(N,N)];0
[NoOp, Push(W,N), NoOp, Push(N,E)];0
[NoOp, Push(N,N), NoOp, Push(E,E)];0
[NoOp, Push(N,N), NoOp, Push(E,E)];0
[NoOp, Push(N,N), NoOp, Push(E,E)];0
[NoOp, Push(N,N), NoOp, Push(E,E)];0
[NoOp, Push(N,N), NoOp, Push(E,E)];0
[NoOp, Push(N,N), NoOp, Push(E,E)];0
[NoOp, Push(N,N), NoOp, Push(E,E)];0
[NoOp, Push(N,N), NoOp, Push(E,E)];0
[NoOp, Push(N,N), NoOp, Push(E,E)];0
[NoOp, Push(N,N), NoOp, Push(E,E)];0
[NoOp, Push(N,N), NoOp, Push(E,E)];0
[NoOp, Push(N,N), NoOp, Push(E,E)];0
[NoOp, Push(N,N), NoOp, Push(E,E)];0
[NoOp, Push(N,N), NoOp, Push(E,E)];0
[NoOp, Push(N,N), NoOp, Push(E,E)];0
[NoOp, Push(N,N), NoOp, Push(E,E)];0
[NoOp, Push(N,N), NoOp, Push(E,E)];0
[NoOp, Push(N,N), NoOp, Push(E,E)];0
[NoOp, Push(N,N), NoOp, Push(E,E)];0
[NoOp, Push(N,N), NoOp, Push(E,E)];0
[NoOp, Push(N,E), NoOp, Push(E,E)];0
[NoOp, Push(E,E), NoOp, Push(E,E)];0
[NoOp, Push(E,E), NoOp, Push(E,E)];0
[NoOp, Push(E,E), NoOp, Push(E,E)];0
[NoOp, Push(E,E), NoOp, Push(E,E)];0
[NoOp, Push(E,E), NoOp, Push(E,E)];16
[NoOp, NoOp, NoOp, Push(E,E)];0
[NoOp, NoOp, NoOp, Push(E,E)];0
[NoOp, NoOp, NoOp, Push(E,E)];0
[NoOp, NoOp, NoOp, Push(E,E)];0
[NoOp, NoOp, NoOp, Push(E,E)];0
[NoOp, NoOp, NoOp, Push(E,E)];0
[NoOp, NoOp, NoOp, Push(E,E)];0
[NoOp, NoOp, NoOp, Push(E,S)];0
[NoOp, NoOp, NoOp, Push(S,S)];0
[NoOp, NoOp, NoOp, Push(S,S)];0
[NoOp, NoOp, NoOp, Push(S,S)];0
[NoOp, NoOp, NoOp, Push(S,W)];0
[NoOp, NoOp, NoOp, Push(W,W)];0
[NoOp, NoOp, NoOp, Push(W,W)];0
[NoOp, NoOp, NoOp, Push(W,W)];0
[NoOp, NoOp, NoOp, Push(W,S)];0
[NoOp, NoOp, NoOp, Push(S,S)];0
[NoOp, NoOp, NoOp, Push(S,S)];0
[NoOp, NoOp, NoOp, Push(S,S)];0
[NoOp, NoOp, NoOp, Push(S,S)];0
[NoOp, NoOp, NoOp, Push(S,S)];0
[NoOp, NoOp, NoOp, Push(S,S)];0
[NoOp, NoOp, NoOp, Push(S,S)];0
[NoOp, NoOp, NoOp, Push(S,E)];0
[NoOp, NoOp, NoOp, Push(E,E)];0
[NoOp, NoOp, NoOp, Push(E,N)];0
[NoOp, NoOp, NoOp, Push(N,N)];0
[NoOp, NoOp, NoOp, Push(N,N)];0
[NoOp, NoOp, NoOp, Push(N,N)];0
[NoOp, NoOp, NoOp, Move(S)];348
[NoOp, NoOp, NoOp, Move(S)];0
[NoOp, NoOp, NoOp, Move(S)];0
[NoOp, NoOp, NoOp, Move(W)];0
[NoOp, NoOp, NoOp, Move(W)];0
[NoOp, NoOp, NoOp, Move(N)];0
[NoOp, NoOp, NoOp, Move(N)];0
[NoOp, NoOp, NoOp, Move(N)];0
[NoOp, NoOp, NoOp, Move(N)];0
[NoOp, NoOp, NoOp, Move(N)];0
[NoOp, NoOp, NoOp, Move(N)];0
[NoOp, NoOp, NoOp, Move(N)];0
[NoOp, NoOp, NoOp, Move(N)];0
[NoOp, NoOp, NoOp, Move(E)];0
[NoOp, NoOp, NoOp, Move(E)];0
[NoOp, NoOp, NoOp, Move(E)];0
[NoOp, NoOp, NoOp, Move(E)];0
[NoOp, NoOp, NoOp, Move(N)];0
[NoOp, NoOp, NoOp, Move(N)];0
[NoOp, NoOp, NoOp, Move(N)];0
[NoOp, NoOp, NoOp, Move(N)];0
[NoOp, NoOp, NoOp, Move(W)];0
[NoOp, NoOp, NoOp, Move(W)];0
[NoOp, NoOp, NoOp, Move(W)];0
[NoOp, NoOp, NoOp, Move(W)];0
[NoOp, NoOp, NoOp, Move(W)];0
[NoOp, NoOp, NoOp, Move(W)];0
[NoOp, NoOp, NoOp, Move(W)];0
[NoOp, NoOp, NoOp, Move(W)];0
[NoOp, NoOp, NoOp, Move(W)];0
[NoOp, NoOp, NoOp, Move(W)];0
[NoOp, NoOp, NoOp, Move(W)];0
[NoOp, NoOp, NoOp, Move(W)];0
[NoOp, NoOp, NoOp, Move(W)];0
[NoOp, NoOp, NoOp, Move(W)];0
[NoOp, NoOp, NoOp, Move(W)];0
[NoOp, NoOp, NoOp, Move(W)];0
[NoOp, NoOp, NoOp, Move(W)];0
[NoOp, NoOp, NoOp, Move(W)];0
[NoOp, NoOp, NoOp, Move(W)];0
[NoOp, NoOp, NoOp, Move(W)];0
[NoOp, NoOp, NoOp, Move(W)];0
[NoOp, NoOp, NoOp, Move(W)];0
[NoOp, NoOp, NoOp, Move(W)];0
[NoOp, NoOp, NoOp, Move(W)];0
[NoOp, NoOp, NoOp, Move(W)];0
[NoOp, NoOp, NoOp, Move(W)];0
[NoOp, NoOp, NoOp, Move(W)];0
[NoOp, NoOp, NoOp, Move(W)];0
[NoOp, NoOp, NoOp, Move(W)];0
[NoOp, NoOp, NoOp, Move(W)];0
[NoOp, NoOp, NoOp, Move(W)];0
[NoOp, NoOp, NoOp, Move(W)];0
[NoOp, NoOp, NoOp, Move(W)];0
[NoOp, NoOp, NoOp, Move(W)];0
[NoOp, NoOp, NoOp, Move(S)];0
[NoOp, NoOp, NoOp, Move(S)];0
[NoOp, NoOp, NoOp, Move(S)];0
[NoOp, NoOp, NoOp, Move(S)];0
[NoOp, NoOp, NoOp, Move(S)];0
[NoOp, NoOp, NoOp, Move(S)];0
[NoOp, NoOp, NoOp, Move(S)];0
[NoOp, NoOp, NoOp, Move(S)];0
[NoOp, NoOp, NoOp, Move(S)];0
[NoOp, NoOp, NoOp, Move(S)];0
[NoOp, NoOp, NoOp, Move(S)];0
[NoOp, NoOp, NoOp, Move(S)];0
[NoOp, NoOp, NoOp, Move(S)];0
[NoOp, NoOp, NoOp, Move(S)];0
[NoOp, NoOp, NoOp, Move(S)];0
[NoOp, NoOp, NoOp, Move(S)];0
[NoOp, NoOp, NoOp, Move(S)];0
[NoOp, NoOp, NoOp, Move(S)];0
[NoOp, NoOp, NoOp, Move(E)];0
[NoOp, NoOp, NoOp, Move(E)];0
[NoOp, NoOp, NoOp, Move(E)];0
[NoOp, NoOp, NoOp, Move(E)];0
[NoOp, NoOp, NoOp, Move(E)];0
[NoOp, NoOp, NoOp, Move(E)];0
[NoOp, NoOp, NoOp, Move(E)];0
[NoOp, NoOp, NoOp, Move(N)];0
[NoOp, NoOp, NoOp, Move(E)];0
[NoOp, NoOp, NoOp, Move(N)];0
[NoOp, NoOp, NoOp, Move(E)];0
[NoOp, NoOp, NoOp, Move(N)];0
[NoOp, NoOp, NoOp, Move(N)];15
[NoOp, NoOp, NoOp, Move(N)];0
[NoOp, NoOp, NoOp, Move(N)];0
[NoOp, NoOp, NoOp, Move(N)];0
[NoOp, NoOp, NoOp, Move(N)];0
[NoOp, NoOp, NoOp, Move(N)];0
[NoOp, NoOp, NoOp, Move(N)];0
[NoOp, NoOp, NoOp, Move(N)];0
[NoOp, NoOp, NoOp, Move(N)];0
[NoOp, NoOp, NoOp, Move(N)];0
[NoOp, NoOp, NoOp, Move(N)];0
[NoOp, NoOp, NoOp, Move(N)];0
[NoOp, NoOp, NoOp, Move(N)];0
[NoOp, NoOp, NoOp, Move(E)];0
[NoOp, NoOp, NoOp, Move(E)];0
[NoOp, NoOp, NoOp, Move(S)];0
[NoOp, NoOp, NoOp, Move(E)];0
[NoOp, NoOp, NoOp, Move(E)];0
[NoOp, NoOp, NoOp, Move(E)];0
[NoOp, NoOp, NoOp, Move(S)];0
[NoOp, NoOp, NoOp, Move(S)];0
[NoOp, NoOp, NoOp, Move(S)];0
[NoOp, NoOp, NoOp, Move(S)];0
[NoOp, NoOp, NoOp, Move(S)];0
[NoOp, NoOp, NoOp, Move(E)];0
[NoOp, NoOp, NoOp, Move(E)];0
[NoOp, NoOp, NoOp, Move(S)];0
[NoOp, NoOp, NoOp, Move(S)];0
[NoOp, NoOp, NoOp, Move(S)];0
[NoOp, NoOp, NoOp, Move(S)];0
[NoOp, NoOp, NoOp, Move(S)];0
[NoOp, NoOp, NoOp, Move(S)];0
[NoOp, NoOp, NoOp, Move(E)];0
[NoOp, NoOp, NoOp, Move(E)];0
[NoOp, NoOp, NoOp, Move(E)];0
[NoOp, NoOp, NoOp, Move(E)];0
[NoOp, NoOp, NoOp, Move(S)];0
[NoOp, NoOp, NoOp, Move(S)];0
[NoOp, NoOp, NoOp, Move(S)];0
[NoOp, NoOp, NoOp, Move(E)];0
[NoOp, NoOp, NoOp, Move(S)];0
[NoOp, NoOp, NoOp, Move(E)];0
[NoOp, NoOp, NoOp, Move(E)];0
[NoOp, NoOp, NoOp, Move(E)];0
[NoOp, NoOp, NoOp, Move(E)];0
[NoOp, NoOp, NoOp, Move(E)];0
[NoOp, NoOp, NoOp, Move(E)];0
[NoOp, NoOp, NoOp, Move(E)];0
[NoOp, NoOp, NoOp, Move(E)];0
[NoOp, NoOp, NoOp, Move(E)];0
[NoOp, NoOp, NoOp, Move(E)];0
[NoOp, NoOp, NoOp, Move(E)];0
[NoOp, NoOp, NoOp, Move(E)];0
[NoOp, NoOp, NoOp, Move(E)];0
[NoOp, NoOp, NoOp, Move(E)];0
[NoOp, NoOp, NoOp, Push(E,N)];0
[NoOp, NoOp, NoOp, Push(N,N)];0
[NoOp, NoOp, NoOp, Push(N,W)];0
[NoOp, NoOp, NoOp, Push(W,W)];0
[NoOp, NoOp, NoOp, Push(W,W)];0
[NoOp, NoOp, NoOp, Push(W,W)];0
[NoOp, NoOp, NoOp, Push(W,W)];0
[NoOp, NoOp, NoOp, Push(W,W)];0
[NoOp, NoOp, NoOp, Push(W,W)];0
[NoOp, NoOp, NoOp, Push(W,W)];0
[NoOp, NoOp, NoOp, Push(W,W)];0
[NoOp, NoOp, NoOp, Push(W,W)];0
[NoOp, NoOp, NoOp, Push(W,W)];0
[NoOp, NoOp, NoOp, Push(W,W)];0
[NoOp, NoOp, NoOp, Push(W,W)];0
[NoOp, NoOp, NoOp, Push(W,W)];0
[NoOp, NoOp, NoOp, Push(W,W)];0
[NoOp, NoOp, NoOp, Push(W,N)];0
[NoOp, NoOp, NoOp, Push(N,N)];0
[NoOp, NoOp, NoOp, Push(N,N)];0
[NoOp, NoOp, NoOp, Push(N,W)];0
[NoOp, NoOp, NoOp, Push(W,N)];0
[NoOp, NoOp, NoOp, Push(N,W)];0
[NoOp, NoOp, NoOp, Push(W,W)];0
[NoOp, NoOp, NoOp, Push(W,W)];0
[NoOp, NoOp, NoOp, Push(W,N)];0
[NoOp, NoOp, NoOp, Push(N,N)];0
[NoOp, NoOp, NoOp, Push(N,W)];0
[NoOp, NoOp, NoOp, Push(W,N)];0
[NoOp, NoOp, NoOp, Push(N,N)];0
[NoOp, NoOp, NoOp, Push(N,W)];0
[NoOp, NoOp, NoOp, Push(W,W)];0
[NoOp, NoOp, NoOp, Push(W,N)];0
[NoOp, NoOp, NoOp, Push(N,W)];0
[NoOp, NoOp, NoOp, Push(W,W)];0
[NoOp, NoOp, NoOp, Push(W,W)];0
[NoOp, NoOp, NoOp, Push(W,N)];0
[NoOp, NoOp, NoOp, Push(N,N)];0
[NoOp, NoOp, NoOp, Push(N,N)];0
[NoOp, NoOp, NoOp, Push(N,N)];0
[NoOp, NoOp, NoOp, Push(N,N)];0
[NoOp, NoOp, NoOp, Push(N,W)];16
[NoOp, NoOp, NoOp, Push(W,W)];0
[NoOp, NoOp, NoOp, Push(W,W)];0
[NoOp, NoOp, NoOp, Push(W,S)];0
[NoOp, NoOp, NoOp, Push(S,W)];0
[NoOp, NoOp, NoOp, Push(W,W)];0
[NoOp, NoOp, NoOp, Push(W,S)];0
[NoOp, NoOp, NoOp, Push(S,S)];0
[NoOp, NoOp, NoOp, Push(S,S)];0
[NoOp, NoOp, NoOp, Push(S,W)];0
[NoOp, NoOp, NoOp, Push(W,S)];0
[NoOp, NoOp, NoOp, Push(S,S)];0
[NoOp, NoOp, NoOp, Push(S,S)];0
[NoOp, NoOp, NoOp, Push(S,W)];0
[NoOp, NoOp, NoOp, Push(W,W)];0
[NoOp, NoOp, NoOp, Push(W,S)];1
[NoOp, NoOp, NoOp, Push(S,W)];0
[NoOp, NoOp, NoOp, Push(W,S)];0
[NoOp, NoOp, NoOp, Push(S,S)];0
[NoOp, NoOp, NoOp, Push(S,S)];0
[NoOp, NoOp, NoOp, Push(S,S)];0
[NoOp, NoOp, NoOp, Push(S,S)];0
[NoOp, NoOp, NoOp, Push(S,S)];0
[NoOp, NoOp, NoOp, Push(S,S)];0
[NoOp, NoOp, NoOp, Push(S,S)];0
[NoOp, NoOp, NoOp, Push(S,W)];0
[NoOp, NoOp, NoOp, Push(W,W)];1
[NoOp, NoOp, NoOp, Push(W,N)];0
[NoOp, NoOp, NoOp, Push(N,N)];0
[NoOp, NoOp, NoOp, Push(N,N)];0
[NoOp, NoOp, NoOp, Push(N,N)];0
[NoOp, NoOp, NoOp, Push(N,N)];0
[NoOp, NoOp, NoOp, Push(N,N)];1
[NoOp, NoOp, NoOp, Push(N,N)];0
[NoOp, NoOp, NoOp, Push(N,N)];0
[NoOp, NoOp, NoOp, Push(N,N)];0
[NoOp, NoOp, NoOp, Push(N,N)];0
[NoOp, NoOp, NoOp, Push(N,N)];1
[NoOp, NoOp, NoOp, Push(N,N)];0
[NoOp, NoOp, NoOp, Push(N,N)];0
[NoOp, NoOp, NoOp, Push(N,N)];0
[NoOp, NoOp, NoOp, Push(N,N)];0
[NoOp, NoOp, NoOp, Push(N,N)];0
[NoOp, NoOp, NoOp, Push(N,N)];0
[NoOp, NoOp, NoOp, Push(N,N)];0
[NoOp, NoOp, NoOp, Push(N,E)];0
[NoOp, NoOp, NoOp, Push(E,E)];0
[NoOp, NoOp, NoOp, Push(E,E)];0
[NoOp, NoOp, NoOp, Push(E,E)];0
[NoOp, NoOp, NoOp, Push(E,E)];0
[NoOp, NoOp, NoOp, Push(E,E)];0
[NoOp, NoOp, NoOp, Push(E,E)];0
[NoOp, NoOp, NoOp, Push(E,E)];0
[NoOp, NoOp, NoOp, Push(E,E)];0
[NoOp, NoOp, NoOp, Push(E,E)];0
[NoOp, NoOp, NoOp, Push(E,E)];0
[NoOp, NoOp, NoOp, Push(E,E)];0
[NoOp, NoOp, NoOp, Push(E,E)];0
[NoOp, NoOp, NoOp, Push(E,E)];0
[NoOp, NoOp, NoOp, Push(E,E)];0
[NoOp, NoOp, NoOp, Push(E,E)];0
[NoOp, NoOp, NoOp, Push(E,E)];0
[NoOp, NoOp, NoOp, Push(E,E)];0
[NoOp, NoOp, NoOp, Push(E,E)];0
[NoOp, NoOp, NoOp, Push(E,E)];0
[NoOp, NoOp, NoOp, Push(E,E)];0
[NoOp, NoOp, NoOp, Push(E,E)];0
[NoOp, NoOp, NoOp, Push(E,E)];0
[NoOp, NoOp, NoOp, Push(E,E)];0
[NoOp, NoOp, NoOp, Push(E,E)];0
[NoOp, NoOp, NoOp, Push(E,E)];0
[NoOp, NoOp, NoOp, Push(E,E)];0
[NoOp, NoOp, NoOp, Push(E,E)];0
[NoOp, NoOp, NoOp, Push(E,E)];0
[NoOp, NoOp, NoOp, Push(E,E)];0
[NoOp, NoOp, NoOp, Push(E,E)];0
[NoOp, NoOp, NoOp, Push(E,E)];0
[NoOp, NoOp, NoOp, Push(E,E)];0
[NoOp, NoOp, NoOp, Push(E,E)];0
[NoOp, NoOp, NoOp, Push(E,S)];0
[NoOp, NoOp, NoOp, Push(S,S)];0
[NoOp, NoOp, NoOp, Push(S,S)];0
[NoOp, NoOp, NoOp, Push(S,S)];0
[NoOp, NoOp, NoOp, Push(S,W)];0
[NoOp, NoOp, NoOp, Push(W,W)];0
[NoOp, NoOp, NoOp, Push(W,W)];0
[NoOp, NoOp, NoOp, Push(W,W)];0
[NoOp, NoOp, NoOp, Push(W,S)];0
[NoOp, NoOp, NoOp, Push(S,S)];0
[NoOp, NoOp, NoOp, Push(S,S)];0
[NoOp, NoOp, NoOp, Push(S,S)];0
[NoOp, NoOp, NoOp, Push(S,S)];0
[NoOp, NoOp, NoOp, Push(S,S)];0
[NoOp, NoOp, NoOp, Push(S,S)];0
[NoOp, NoOp, NoOp, Push(S,S)];0
[NoOp, NoOp, NoOp, Push(S,E)];0
[NoOp, NoOp, NoOp, Push(E,E)];0
[NoOp, NoOp, NoOp, Push(E,N)];0
[NoOp, NoOp, NoOp, Push(N,N)];0
[NoOp, NoOp, NoOp, Push(N,N)];0
[NoOp, NoOp, NoOp, Move(S)];363
[NoOp, NoOp, NoOp, Move(S)];0
[NoOp, NoOp, NoOp, Move(W)];0
[NoOp, NoOp, NoOp, Move(W)];0
[NoOp, NoOp, NoOp, Move(N)];0
[NoOp, NoOp, NoOp, Move(N)];0
[NoOp, NoOp, NoOp, Move(N)];0
[NoOp, NoOp, NoOp, Move(N)];0
[NoOp, NoOp, NoOp, Move(N)];0
[NoOp, NoOp, NoOp, Move(N)];0
[NoOp, NoOp, NoOp, Move(N)];0
[NoOp, NoOp, NoOp, Move(N)];0
[NoOp, NoOp, NoOp, Move(E)];0
[NoOp, NoOp, NoOp, Move(E)];0
[NoOp, NoOp, NoOp, Move(E)];0
[NoOp, NoOp, NoOp, Move(E)];0
[NoOp, NoOp, NoOp, Move(N)];0
[NoOp, NoOp, NoOp, Move(N)];0
[NoOp, NoOp, NoOp, Move(N)];0
[NoOp, NoOp, NoOp, Move(N)];0
[NoOp, NoOp, NoOp, Move(W)];0
[NoOp, NoOp, NoOp, Move(W)];0
[NoOp, NoOp, NoOp, Move(W)];0
[NoOp, NoOp, NoOp, Move(W)];0
[NoOp, NoOp, NoOp, Move(W)];0
[NoOp, NoOp, NoOp, Move(W)];0
[NoOp, NoOp, NoOp, Move(W)];0
[NoOp, NoOp, NoOp, Move(W)];0
[NoOp, NoOp, NoOp, Move(W)];0
[NoOp, NoOp, NoOp, Move(W)];0
[NoOp, NoOp, NoOp, Move(W)];16
[NoOp, NoOp, NoOp, Move(W)];0
[NoOp, NoOp, NoOp, Move(W)];0
[NoOp, NoOp, NoOp, Move(W)];0
[NoOp, NoOp, NoOp, Move(W)];0
[NoOp, NoOp, NoOp, Move(W)];0
[NoOp, NoOp, NoOp, Move(W)];0
[NoOp, NoOp, NoOp, Move(W)];0
[NoOp, NoOp, NoOp, Move(W)];0
[NoOp, NoOp, NoOp, Move(W)];0
[NoOp, NoOp, NoOp, Move(W)];0
[NoOp, NoOp, NoOp, Move(W)];0
[NoOp, NoOp, NoOp, Move(W)];0
[NoOp, NoOp, NoOp, Move(W)];0
[NoOp, NoOp, NoOp, Move(W)];0
[NoOp, NoOp, NoOp, Move(W)];0
[NoOp, NoOp, NoOp, Move(W)];0
[NoOp, NoOp, NoOp, Move(W)];0
[NoOp, NoOp, NoOp, Move(W)];0
[NoOp, NoOp, NoOp, Move(W)];0
[NoOp, NoOp, NoOp, Move(W)];0
[NoOp, NoOp, NoOp, Move(W)];0
[NoOp, NoOp, NoOp, Move(W)];0
[NoOp, NoOp, NoOp, Move(W)];0
[NoOp, NoOp, NoOp, Move(S)];0
[NoOp, NoOp, NoOp, Move(S)];0
[NoOp, NoOp, NoOp, Move(S)];0
[NoOp, NoOp, NoOp, Move(S)];0
[NoOp, NoOp, NoOp, Move(S)];0
[NoOp, NoOp, NoOp, Move(S)];0
[NoOp, NoOp, NoOp, Move(S)];0
[NoOp, NoOp, NoOp, Move(S)];0
[NoOp, NoOp, NoOp, Move(S)];0
[NoOp, NoOp, NoOp, Move(S)];0
[NoOp, NoOp, NoOp, Move(S)];1
[NoOp, NoOp, NoOp, Move(S)];0
[NoOp, NoOp, NoOp, Move(S)];0
[NoOp, NoOp, NoOp, Move(S)];0
[NoOp, NoOp, NoOp, Move(S)];1
[NoOp, NoOp, NoOp, Move(S)];0
[NoOp, NoOp, NoOp, Move(S)];0
[NoOp, NoOp, NoOp, Move(S)];0
[NoOp, NoOp, NoOp, Move(E)];1
[NoOp, NoOp, NoOp, Move(E)];0
[NoOp, NoOp, NoOp, Move(N)];0
[NoOp, NoOp, NoOp, Move(N)];0
[NoOp, NoOp, NoOp, Move(N)];1
[NoOp, NoOp, NoOp, Move(E)];0
[NoOp, NoOp, NoOp, Move(N)];0
[NoOp, NoOp, NoOp, Move(E)];0
[NoOp, NoOp, NoOp, Move(E)];1
[NoOp, NoOp, NoOp, Move(E)];0
[NoOp, NoOp, NoOp, Move(N)];0
[NoOp, NoOp, NoOp, Move(E)];0
[NoOp, NoOp, NoOp, Move(E)];1
[NoOp, NoOp, NoOp, Move(E)];0
[NoOp, NoOp, NoOp, Move(N)];0
[NoOp, NoOp, NoOp, Move(N)];0
[NoOp, NoOp, NoOp, Move(N)];1
[NoOp, NoOp, NoOp, Move(N)];0
[NoOp, NoOp, NoOp, Move(N)];0
[NoOp, NoOp, NoOp, Move(N)];0
[NoOp, NoOp, NoOp, Move(N)];0
[NoOp, NoOp, NoOp, Move(N)];0
[NoOp, NoOp, NoOp, Move(N)];0
[NoOp, NoOp, NoOp, Move(N)];0
[NoOp, NoOp, NoOp, Move(N)];0
[NoOp, NoOp, NoOp, Move(E)];0
[NoOp, NoOp, NoOp, Move(E)];0
[NoOp, NoOp, NoOp, Move(E)];0
[NoOp, NoOp, NoOp, Move(S)];0
[NoOp, NoOp, NoOp, Move(E)];0
[NoOp, NoOp, NoOp, Move(S)];0
[NoOp, NoOp, NoOp, Move(E)];0
[NoOp, NoOp, NoOp, Move(E)];0
[NoOp, NoOp, NoOp, Move(S)];0
[NoOp, NoOp, NoOp, Move(S)];0
[NoOp, NoOp, NoOp, Move(E)];0
[NoOp, NoOp, NoOp, Move(E)];0
[NoOp, NoOp, NoOp, Move(S)];0
[NoOp, NoOp, NoOp, Move(S)];0
[NoOp, NoOp, NoOp, Move(E)];0
[NoOp, NoOp, NoOp, Move(S)];0
[NoOp, NoOp, NoOp, Move(E)];0
[NoOp, NoOp, NoOp, Move(E)];0
[NoOp, NoOp, NoOp, Move(S)];0
[NoOp, NoOp, NoOp, Move(E)];0
[NoOp, NoOp, NoOp, Move(S)];0
[NoOp, NoOp, NoOp, Move(S)];0
[NoOp, NoOp, NoOp, Move(S)];0
[NoOp, NoOp, NoOp, Move(S)];0
[NoOp, NoOp, NoOp, Move(S)];0
[NoOp, NoOp, NoOp, Move(S)];0
[NoOp, NoOp, NoOp, Move(E)];0
[NoOp, NoOp, NoOp, Move(E)];0
[NoOp, NoOp, NoOp, Move(E)];0
[NoOp, NoOp, NoOp, Move(S)];0
[NoOp, NoOp, NoOp, Move(E)];0
[NoOp, NoOp, NoOp, Move(E)];0
[NoOp, NoOp, NoOp, Move(S)];0
[NoOp, NoOp, NoOp, Move(E)];0
[NoOp, NoOp, NoOp, Move(E)];0
[NoOp, NoOp, NoOp, Move(E)];0
[NoOp, NoOp, NoOp, Move(E)];0
[NoOp, NoOp, NoOp, Move(E)];0
[NoOp, NoOp, NoOp, Move(E)];0
[NoOp, NoOp, NoOp, Move(E)];0
[NoOp, NoOp, NoOp, Move(E)];0
[NoOp, NoOp, NoOp, Move(E)];0
[NoOp, NoOp, NoOp, Move(E)];0
[NoOp, NoOp, NoOp, Push(E,N)];0
[NoOp, NoOp, NoOp, Push(N,W)];0
[NoOp, NoOp, NoOp, Push(W,N)];0
[NoOp, NoOp, NoOp, Push(N,W)];0
[NoOp, NoOp, NoOp, Push(W,W)];0
[NoOp, NoOp, NoOp, Push(W,W)];0
[NoOp, NoOp, NoOp, Push(W,W)];0
[NoOp, NoOp, NoOp, Push(W,W)];0
[NoOp, NoOp, NoOp, Push(W,W)];15
[NoOp, NoOp, NoOp, Push(W,W)];0
[NoOp, NoOp, NoOp, Push(W,W)];0
[NoOp, NoOp, NoOp, Push(W,W)];0
[NoOp, NoOp, NoOp, Push(W,W)];0
[NoOp, NoOp, NoOp, Push(W,W)];0
[NoOp, NoOp, NoOp, Push(W,W)];0
[NoOp, NoOp, NoOp, Push(W,W)];0
[NoOp, NoOp, NoOp, Push(W,W)];0
[NoOp, NoOp, NoOp, Push(W,W)];0
[NoOp, NoOp, NoOp, Push(W,N)];0
[NoOp, NoOp, NoOp, Push(N,N)];0
[NoOp, NoOp, NoOp, Push(N,W)];0
[NoOp, NoOp, NoOp, Push(W,W)];0
[NoOp, NoOp, NoOp, Push(W,W)];0
[NoOp, NoOp, NoOp, Push(W,W)];0
[NoOp, NoOp, NoOp, Push(W,N)];0
[NoOp, NoOp, NoOp, Push(N,N)];0
[NoOp, NoOp, NoOp, Push(N,N)];0
[NoOp, NoOp, NoOp, Push(N,N)];0
[NoOp, NoOp, NoOp, Push(N,N)];0
[NoOp, NoOp, NoOp, Push(N,N)];0
[NoOp, NoOp, NoOp, Push(N,N)];0
[NoOp, NoOp, NoOp, Push(N,W)];0
[NoOp, NoOp, NoOp, Push(W,W)];0
[NoOp, NoOp, NoOp, Push(W,N)];0
[NoOp, NoOp, NoOp, Push(N,W)];0
[NoOp, NoOp, NoOp, Push(W,W)];0
[NoOp, NoOp, NoOp, Push(W,N)];0
[NoOp, NoOp, NoOp, Push(N,N)];0
[NoOp, NoOp, NoOp, Push(N,N)];0
[NoOp, NoOp, NoOp, Push(N,W)];0
[NoOp, NoOp, NoOp, Push(W,W)];0
[NoOp, NoOp, NoOp, Push(W,N)];0
[NoOp, NoOp, NoOp, Push(N,W)];0
[NoOp, NoOp, NoOp, Push(W,W)];0
[NoOp, NoOp, NoOp, Push(W,W)];0
[NoOp, NoOp, NoOp, Push(W,W)];0
[NoOp, NoOp, NoOp, Push(W,W)];0
[NoOp, NoOp, NoOp, Push(W,W)];0
[NoOp, NoOp, NoOp, Push(W,S)];0
[NoOp, NoOp, NoOp, Push(S,S)];0
[NoOp, NoOp, NoOp, Push(S,W)];0
[NoOp, NoOp, NoOp, Push(W,S)];0
[NoOp, NoOp, NoOp, Push(S,S)];0
[NoOp, NoOp, NoOp, Push(S,W)];0
[NoOp, NoOp, NoOp, Push(W,W)];0
[NoOp, NoOp, NoOp, Push(W,S)];0
[NoOp, NoOp, NoOp, Push(S,S)];0
[NoOp, NoOp, NoOp, Push(S,S)];0
[NoOp, NoOp, NoOp, Push(S,S)];0
[NoOp, NoOp, NoOp, Push(S,S)];0
[NoOp, NoOp, NoOp, Push(S,S)];0
[NoOp, NoOp, NoOp, Push(S,S)];0
[NoOp, NoOp, NoOp, Push(S,S)];0
[NoOp, NoOp, NoOp, Push(S,S)];0
[NoOp, NoOp, NoOp, Push(S,S)];0
[NoOp, NoOp, NoOp, Push(S,S)];0
[NoOp, NoOp, NoOp, Push(S,S)];0
[NoOp, NoOp, NoOp, Push(S,W)];0
[NoOp, NoOp, NoOp, Push(W,W)];0
[NoOp, NoOp, NoOp, Push(W,N)];0
[NoOp, NoOp, NoOp, Push(N,N)];0
[NoOp, NoOp, NoOp, Push(N,N)];0
[NoOp, NoOp, NoOp, Push(N,N)];0
[NoOp, NoOp, NoOp, Push(N,N)];0
[NoOp, NoOp, NoOp, Push(N,N)];0
[NoOp, NoOp, NoOp, Push(N,N)];0
[NoOp, NoOp, NoOp, Push(N,N)];0
[NoOp, NoOp, NoOp, Push(N,N)];0
[NoOp, NoOp, NoOp, Push(N,N)];0
[NoOp, NoOp, NoOp, Push(N,N)];0
[NoOp, NoOp, NoOp, Push(N,N)];0
[NoOp, NoOp, NoOp, Push(N,N)];0
[NoOp, NoOp, NoOp, Push(N,N)];0
[NoOp, NoOp, NoOp, Push(N,N)];0
[NoOp, NoOp, NoOp, Push(N,N)];0
[NoOp, NoOp, NoOp, Push(N,N)];0
[NoOp, NoOp, NoOp, Push(N,N)];0
[NoOp, NoOp, NoOp, Push(N,E)];0
[NoOp, NoOp, NoOp, Push(E,E)];0
[NoOp, NoOp, NoOp, Push(E,E)];0
[NoOp, NoOp, NoOp, Push(E,E)];0
[NoOp, NoOp, NoOp, Push(E,E)];0
[NoOp, NoOp, NoOp, Push(E,E)];0
[NoOp, NoOp, NoOp, Push(E,E)];0
[NoOp, NoOp, NoOp, Push(E,E)];0
[NoOp, NoOp, NoOp, Push(E,E)];0
[NoOp, NoOp, NoOp, Push(E,E)];0
[NoOp, NoOp, NoOp, Push(E,E)];0
[NoOp, NoOp, NoOp, Push(E,E)];0
[NoOp, NoOp, NoOp, Push(E,E)];0
[NoOp, NoOp, NoOp, Push(E,E)];0
[NoOp, NoOp, NoOp, Push(E,E)];0
[NoOp, NoOp, NoOp, Push(E,E)];0
[NoOp, NoOp, NoOp, Push(E,E)];0
[NoOp, NoOp, NoOp, Push(E,E)];0
[NoOp, NoOp, NoOp, Push(E,E)];0
[NoOp, NoOp, NoOp, Push(E,E)];0
[NoOp, NoOp, NoOp, Push(E,E)];0
[NoOp, NoOp, NoOp, Push(E,E)];0
[NoOp, NoOp, NoOp, Push(E,E)];0
[NoOp, NoOp, NoOp, Push(E,E)];0
[NoOp, NoOp, NoOp, Push(E,E)];0
[NoOp, NoOp, NoOp, Push(E,E)];0
[NoOp, NoOp, NoOp, Push(E,E)];0
[NoOp, NoOp, NoOp, Push(E,E)];0
[NoOp, NoOp, NoOp, Push(E,E)];0
[NoOp, NoOp, NoOp, Push(E,E)];0
[NoOp, NoOp, NoOp, Push(E,E)];0
[NoOp, NoOp, NoOp, Push(E,E)];0
[NoOp, NoOp, NoOp, Push(E,E)];0
[NoOp, NoOp, NoOp, Push(E,E)];0
[NoOp, NoOp, NoOp, Push(E,S)];0
[NoOp, NoOp, NoOp, Push(S,S)];0
[NoOp, NoOp, NoOp, Push(S,S)];0
[NoOp, NoOp, NoOp, Push(S,S)];0
[NoOp, NoOp, NoOp, Push(S,W)];0
[NoOp, NoOp, NoOp, Push(W,W)];0
[NoOp, NoOp, NoOp, Push(W,W)];0
[NoOp, NoOp, NoOp, Push(W,W)];0
[NoOp, NoOp, NoOp, Push(W,S)];0
[NoOp, NoOp, NoOp, Push(S,S)];0
[NoOp, NoOp, NoOp, Push(S,S)];0
[NoOp, NoOp, NoOp, Push(S,S)];0
[NoOp, NoOp, NoOp, Push(S,S)];0
[NoOp, NoOp, NoOp, Push(S,S)];0
[NoOp, NoOp, NoOp, Push(S,S)];0
[NoOp, NoOp, NoOp, Push(S,S)];0
[NoOp, NoOp, NoOp, Push(S,E)];0
[NoOp, NoOp, NoOp, Push(E,E)];0
[NoOp, NoOp, NoOp, Push(E,N)];0
[NoOp, NoOp, NoOp, Push(N,N)];0
[NoOp, NoOp, NoOp, Move(S)];348
[NoOp, NoOp, NoOp, Move(W)];0
[NoOp, NoOp, NoOp, Move(W)];0
[NoOp, NoOp, NoOp, Move(N)];0
[NoOp, NoOp, NoOp, Move(N)];0
[NoOp, NoOp, NoOp, Move(N)];0
[NoOp, NoOp, NoOp, Move(N)];0
[NoOp, NoOp, NoOp, Move(N)];0
[NoOp, NoOp, NoOp, Move(N)];0
[NoOp, NoOp, NoOp, Move(N)];0
[NoOp, NoOp, NoOp, Move(N)];0
[NoOp, NoOp, NoOp, Move(E)];0
[NoOp, NoOp, NoOp, Move(E)];0
[NoOp, NoOp, NoOp, Move(E)];0
[NoOp, NoOp, NoOp, Move(E)];0
[NoOp, NoOp, NoOp, Move(N)];0
[NoOp, NoOp, NoOp, Move(N)];0
[NoOp, NoOp, NoOp, Move(N)];0
[NoOp, NoOp, NoOp, Move(N)];0
[NoOp, NoOp, NoOp, Move(W)];0
[NoOp, NoOp, NoOp, Move(W)];0
[NoOp, NoOp, NoOp, Move(W)];0
[NoOp, NoOp, NoOp, Move(W)];0
[NoOp, NoOp, NoOp, Move(W)];0
[NoOp, NoOp, NoOp, Move(W)];0
[NoOp, NoOp, NoOp, Move(W)];0
[NoOp, NoOp, NoOp, Move(W)];0
[NoOp, NoOp, NoOp, Move(W)];0
[NoOp, NoOp, NoOp, Move(W)];0
[NoOp, NoOp, NoOp, Move(W)];0
[NoOp, NoOp, NoOp, Move(W)];0
[NoOp, NoOp, NoOp, Move(W)];0
[NoOp, NoOp, NoOp, Move(W)];0
[NoOp, NoOp, NoOp, Move(W)];0
[NoOp, NoOp, NoOp, Move(W)];0
[NoOp, NoOp, NoOp, Move(W)];0
[NoOp, NoOp, NoOp, Move(W)];0
[NoOp, NoOp, NoOp, Move(W)];0
[NoOp, NoOp, NoOp, Move(W)];0
[NoOp, NoOp, NoOp, Move(W)];0
[NoOp, NoOp, NoOp, Move(W)];0
[NoOp, NoOp, NoOp, Move(W)];0
[NoOp, NoOp, NoOp, Move(W)];0
[NoOp, NoOp, NoOp, Move(W)];0
[NoOp, NoOp, NoOp, Move(W)];0
[NoOp, NoOp, NoOp, Move(W)];0
[NoOp, NoOp, NoOp, Move(W)];0
[NoOp, NoOp, NoOp, Move(W)];0
[NoOp, NoOp, NoOp, Move(W)];0
[NoOp, NoOp, NoOp, Move(W)];0
[NoOp, NoOp, NoOp, Move(W)];0
[NoOp, NoOp, NoOp, Move(W)];0
[NoOp, NoOp, NoOp, Move(W)];0
[NoOp, NoOp, NoOp, Move(S)];0
[NoOp, NoOp, NoOp, Move(S)];0
[NoOp, NoOp, NoOp, Move(S)];0
[NoOp, NoOp, NoOp, Move(S)];0
[NoOp, NoOp, NoOp, Move(S)];0
[NoOp, NoOp, NoOp, Move(S)];0
[NoOp, NoOp, NoOp, Move(S)];0
[NoOp, NoOp, NoOp, Move(S)];0
[NoOp, NoOp, NoOp, Move(S)];0
[NoOp, NoOp, NoOp, Move(S)];0
[NoOp, NoOp, NoOp, Move(S)];0
[NoOp, NoOp, NoOp, Move(S)];0
[NoOp, NoOp, NoOp, Move(S)];0
[NoOp, NoOp, NoOp, Move(S)];0
[NoOp, NoOp, NoOp, Move(S)];0
[NoOp, NoOp, NoOp, Move(S)];0
[NoOp, NoOp, NoOp, Move(S)];0
[NoOp, NoOp, NoOp, Move(S)];0
[NoOp, NoOp, NoOp, Move(E)];0
[NoOp, NoOp, NoOp, Move(E)];0
[NoOp, NoOp, NoOp, Move(E)];0
[NoOp, NoOp, NoOp, Move(E)];0
[NoOp, NoOp, NoOp, Move(E)];0
[NoOp, NoOp, NoOp, Move(N)];0
[NoOp, NoOp, NoOp, Move(E)];0
[NoOp, NoOp, NoOp, Move(E)];0
[NoOp, NoOp, NoOp, Move(E)];0
[NoOp, NoOp, NoOp, Move(N)];0
[NoOp, NoOp, NoOp, Move(N)];0
[NoOp, NoOp, NoOp, Move(E)];0
[NoOp, NoOp, NoOp, Move(N)];0
[NoOp, NoOp, NoOp, Move(N)];0
[NoOp, NoOp, NoOp, Move(N)];0
[NoOp, NoOp, NoOp, Move(N)];0
[NoOp, NoOp, NoOp, Move(N)];0
[NoOp, NoOp, NoOp, Move(N)];0
[NoOp, NoOp, NoOp, Move(N)];0
[NoOp, NoOp, NoOp, Move(N)];0
[NoOp, NoOp, NoOp, Move(N)];0
[NoOp, NoOp, NoOp, Move(N)];0
[NoOp, NoOp, NoOp, Move(N)];0
[NoOp, NoOp, NoOp, Move(N)];0
[NoOp, NoOp, NoOp, Move(N)];0
[NoOp, NoOp, NoOp, Move(E)];0
[NoOp, NoOp, NoOp, Move(E)];0
[NoOp, NoOp, NoOp, Move(S)];0
[NoOp, NoOp, NoOp, Move(E)];0
[NoOp, NoOp, NoOp, Move(E)];0
[NoOp, NoOp, NoOp, Move(E)];0
[NoOp, NoOp, NoOp, Move(S)];0
[NoOp, NoOp, NoOp, Move(E)];0
[NoOp, NoOp, NoOp, Move(S)];0
[NoOp, NoOp, NoOp, Move(E)];0
[NoOp, NoOp, NoOp, Move(E)];0
[NoOp, NoOp, NoOp, Move(E)];0
[NoOp, NoOp, NoOp, Move(S)];0
[NoOp, NoOp, NoOp, Move(E)];0
[NoOp, NoOp, NoOp, Move(S)];0
[NoOp, NoOp, NoOp, Move(E)];0
[NoOp, NoOp, NoOp, Move(E)];0
[NoOp, NoOp, NoOp, Move(S)];0
[NoOp, NoOp, NoOp, Move(S)];0
[NoOp, NoOp, NoOp, Move(S)];0
[NoOp, NoOp, NoOp, Move(S)];0
[NoOp, NoOp, NoOp, Move(S)];0
[NoOp, NoOp, NoOp, Move(S)];0
[NoOp, NoOp, NoOp, Move(S)];0
[NoOp, NoOp, NoOp, Move(S)];0
[NoOp, NoOp, NoOp, Move(S)];0
[NoOp, NoOp, NoOp, Move(S)];0
[NoOp, NoOp, NoOp, Move(S)];0
[NoOp, NoOp, NoOp, Move(E)];0
[NoOp, NoOp, NoOp, Move(E)];0
[NoOp, NoOp, NoOp, Move(E)];0
[NoOp, NoOp, NoOp, Move(E)];0
[NoOp, NoOp, NoOp, Move(E)];0
[NoOp, NoOp, NoOp, Move(E)];0
[NoOp, NoOp, NoOp, Move(E)];0
[NoOp, NoOp, NoOp, Move(E)];0
[NoOp, NoOp, NoOp, Move(E)];0
[NoOp, NoOp, NoOp, Move(E)];0
[NoOp, NoOp, NoOp, Move(E)];0
[NoOp, NoOp, NoOp, Move(E)];0
[NoOp, NoOp, NoOp, Move(E)];0
[NoOp, NoOp, NoOp, Move(E)];0
[NoOp, NoOp, NoOp, Move(E)];0
[NoOp, NoOp, NoOp, Move(E)];0
[NoOp, NoOp, NoOp, Push(E,N)];0
[NoOp, NoOp, NoOp, Push(N,N)];0
[NoOp, NoOp, NoOp, Push(N,W)];0
[NoOp, NoOp, NoOp, Push(W,W)];0
[NoOp, NoOp, NoOp, Push(W,W)];0
[NoOp, NoOp, NoOp, Push(W,W)];0
[NoOp, NoOp, NoOp, Push(W,W)];0
[NoOp, NoOp, NoOp, Push(W,W)];0
[NoOp, NoOp, NoOp, Push(W,W)];0
[NoOp, NoOp, NoOp, Push(W,W)];0
[NoOp, NoOp, NoOp, Push(W,W)];0
[NoOp, NoOp, NoOp, Push(W,W)];0
[NoOp, NoOp, NoOp, Push(W,W)];0
[NoOp, NoOp, NoOp, Push(W,W)];0
[NoOp, NoOp, NoOp, Push(W,W)];0
[NoOp, NoOp, NoOp, Push(W,W)];0
[NoOp, NoOp, NoOp, Push(W,W)];0
[NoOp, NoOp, NoOp, Push(W,W)];0
[NoOp, NoOp, NoOp, Push(W,W)];0
[NoOp, NoOp, NoOp, Push(W,W)];0
[NoOp, NoOp, NoOp, Push(W,N)];0
[NoOp, NoOp, NoOp, Push(N,W)];0
[NoOp, NoOp, NoOp, Push(W,N)];0
[NoOp, NoOp, NoOp, Push(N,W)];0
[NoOp, NoOp, NoOp, Push(W,N)];0
[NoOp, NoOp, NoOp, Push(N,N)];0
[NoOp, NoOp, NoOp, Push(N,N)];0
[NoOp, NoOp, NoOp, Push(N,W)];0
[NoOp, NoOp, NoOp, Push(W,W)];0
[NoOp, NoOp, NoOp, Push(W,N)];0
[NoOp, NoOp, NoOp, Push(N,W)];0
[NoOp, NoOp, NoOp, Push(W,N)];0
[NoOp, NoOp, NoOp, Push(N,W)];0
[NoOp, NoOp, NoOp, Push(W,W)];0
[NoOp, NoOp, NoOp, Push(W,N)];0
[NoOp, NoOp, NoOp, Push(N,N)];0
[NoOp, NoOp, NoOp, Push(N,N)];0
[NoOp, NoOp, NoOp, Push(N,W)];0
[NoOp, NoOp, NoOp, Push(W,N)];0
[NoOp, NoOp, NoOp, Push(N,W)];0
[NoOp, NoOp, NoOp, Push(W,N)];0
[NoOp, NoOp, NoOp, Push(N,N)];0
[NoOp, NoOp, NoOp, Push(N,N)];0
[NoOp, NoOp, NoOp, Push(N,W)];0
[NoOp, NoOp, NoOp, Push(W,W)];0
[NoOp, NoOp, NoOp, Push(W,S)];0
[NoOp, NoOp, NoOp, Push(S,W)];0
[NoOp, NoOp, NoOp, Push(W,W)];0
[NoOp, NoOp, NoOp, Push(W,S)];0
[NoOp, NoOp, NoOp, Push(S,W)];0
[NoOp, NoOp, NoOp, Push(W,W)];0
[NoOp, NoOp, NoOp, Push(W,W)];0
[NoOp, NoOp, NoOp, Push(W,W)];0
[NoOp, NoOp, NoOp, Push(W,W)];0
[NoOp, NoOp, NoOp, Push(W,S)];0
[NoOp, NoOp, NoOp, Push(S,S)];0
[NoOp, NoOp, NoOp, Push(S,S)];0
[NoOp, NoOp, NoOp, Push(S,S)];0
[NoOp, NoOp, NoOp, Push(S,S)];0
[NoOp, NoOp, NoOp, Push(S,S)];0
[NoOp, NoOp, NoOp, Push(S,S)];0
[NoOp, NoOp, NoOp, Push(S,S)];0
[NoOp, NoOp, NoOp, Push(S,S)];0
[NoOp, NoOp, NoOp, Push(S,S)];0
[NoOp, NoOp, NoOp, Push(S,S)];0
[NoOp, NoOp, NoOp, Push(S,S)];0
[NoOp, NoOp, NoOp, Push(S,S)];0
[NoOp, NoOp, NoOp, Push(S,S)];0
[NoOp, NoOp, NoOp, Push(S,W)];0
[NoOp, NoOp, NoOp, Push(W,W)];0
[NoOp, NoOp, NoOp, Push(W,N)];0
[NoOp, NoOp, NoOp, Push(N,N)];0
[NoOp, NoOp, NoOp, Push(N,N)];0
[NoOp, NoOp, NoOp, Push(N,N)];0
[NoOp, NoOp, NoOp, Push(N,N)];0
[NoOp, NoOp, NoOp, Push(N,N)];0
[NoOp, NoOp, NoOp, Push(N,N)];0
[NoOp, NoOp, NoOp, Push(N,N)];0
[NoOp, NoOp, NoOp, Push(N,N)];0
[NoOp, NoOp, NoOp, Push(N,N)];0
[NoOp, NoOp, NoOp, Push(N,N)];0
[NoOp, NoOp, NoOp, Push(N,N)];0
[NoOp, NoOp, NoOp, Push(N,N)];0
[NoOp, NoOp, NoOp, Push(N,N)];0
[NoOp, NoOp, NoOp, Push(N,N)];0
[NoOp, NoOp, NoOp, Push(N,N)];0
[NoOp, NoOp, NoOp, Push(N,N)];0
[NoOp, NoOp, NoOp, Push(N,N)];0
[NoOp, NoOp, NoOp, Push(N,E)];0
[NoOp, NoOp, NoOp, Push(E,E)];0
[NoOp, NoOp, NoOp, Push(E,E)];0
[NoOp, NoOp, NoOp, Push(E,E)];0
[NoOp, NoOp, NoOp, Push(E,E)];0
[NoOp, NoOp, NoOp, Push(E,E)];0
[NoOp, NoOp, NoOp, Push(E,E)];0
[NoOp, NoOp, NoOp, Push(E,E)];0
[NoOp, NoOp, NoOp, Push(E,E)];0
[NoOp, NoOp, NoOp, Push(E,E)];0
[NoOp, NoOp, NoOp, Push(E,E)];0
[NoOp, NoOp, NoOp, Push(E,E)];0
[NoOp, NoOp, NoOp, Push(E,E)];0
[NoOp, NoOp, NoOp, Push(E,E)];0
[NoOp, NoOp, NoOp, Push(E,E)];0
[NoOp, NoOp, NoOp, Push(E,E)];0
[NoOp, NoOp, NoOp, Push(E,E)];0
[NoOp, NoOp, NoOp, Push(E,E)];0
[NoOp, NoOp, NoOp, Push(E,E)];0
[NoOp, NoOp, NoOp, Push(E,E)];0
[NoOp, NoOp, NoOp, Push(E,E)];0
[NoOp, NoOp, NoOp, Push(E,E)];0
[NoOp, NoOp, NoOp, Push(E,E)];0
[NoOp, NoOp, NoOp, Push(E,E)];0
[NoOp, NoOp, NoOp, Push(E,E)];0
[NoOp, NoOp, NoOp, Push(E,E)];0
[NoOp, NoOp, NoOp, Push(E,E)];0
[NoOp, NoOp, NoOp, Push(E,E)];0
[NoOp, NoOp, NoOp, Push(E,E)];0
[NoOp, NoOp, NoOp, Push(E,E)];0
[NoOp, NoOp, NoOp, Push(E,E)];0
[NoOp, NoOp, NoOp, Push(E,E)];0
[NoOp, NoOp, NoOp, Push(E,E)];0
[NoOp, NoOp, NoOp, Push(E,E)];0
[NoOp, NoOp, NoOp, Push(E,S)];0
[NoOp, NoOp, NoOp, Push(S,S)];0
[NoOp, NoOp, NoOp, Push(S,S)];0
[NoOp, NoOp, NoOp, Push(S,S)];0
[NoOp, NoOp, NoOp, Push(S,W)];0
[NoOp, NoOp, NoOp, Push(W,W)];0
[NoOp, NoOp, NoOp, Push(W,W)];0
[NoOp, NoOp, NoOp, Push(W,W)];0
[NoOp, NoOp, NoOp, Push(W,S)];0
[NoOp, NoOp, NoOp, Push(S,S)];0
[NoOp, NoOp, NoOp, Push(S,S)];0
[NoOp, NoOp, NoOp, Push(S,S)];0
[NoOp, NoOp, NoOp, Push(S,S)];0
[NoOp, NoOp, NoOp, Push(S,S)];0
[NoOp, NoOp, NoOp, Push(S,S)];0
[NoOp, NoOp, NoOp, Push(S,S)];0
[NoOp, NoOp, NoOp, Push(S,E)];0
[NoOp, NoOp, NoOp, Push(E,E)];0
[NoOp, NoOp, NoOp, Push(E,N)];0
b8f8c643bd45d2b30fa2d104aa923fbfdb3fa04a
successful
2812
2201
b421c7e08e9370e514565f95d35faabd17c10827
1495034627098
