blue: 0,A,I,Q
cyan: 1,B,J,R
magenta: 2,C,K,S
orange: 3,D,L,T
pink: 4,E,M,U
yellow: 5,F,N,V
red: 6,G,O,W
green: 7,H,P,X
    +++          +++          +++
    +3+          +7+          +4+
    +F+          +G+          +B+
+++++ ++++++++++++ ++++++++++++ +++++
+2E                0              C5+
+++++ ++++++++++++ ++++++++++++ +++++
    +A+ +++++    + +    +++++ +D+
    +1+ +BOX+    + +    +TOP+ +6+
    +++ ++++++   + +   ++++++ +++
        +    +   + +   +    +
        + Qu +++++ +++++ qU +
        + Rv             rV +
        + Sw +++++ +++++ sW +
        + Tx +   + +   + tX +
        +    +   + +   +    +
    ++++++++++   + +   ++++++++++
    +BUNNY+      + +      +FUNNY+
+++++++++++      + +      +++++++++++
+ AA aa   +      + +      +p+n+l+j+++
+ +++++++ ++++++++ ++++++++ + + + +++
+ +++++++                  PONMLKJIi+
+ +++++++ ++++++++++++++++++ + + ++++
+         +               ++o+m+k++++
+++++++++++               +++++++++++

[Move(W), NoOp, NoOp, NoOp, NoOp, NoOp, NoOp, NoOp];2130
[Move(S), NoOp, NoOp, NoOp, NoOp, NoOp, NoOp, NoOp];62
[Move(S), NoOp, NoOp, NoOp, NoOp, NoOp, NoOp, NoOp];13
[Move(S), NoOp, NoOp, NoOp, NoOp, NoOp, NoOp, NoOp];11
[Move(S), NoOp, NoOp, NoOp, NoOp, NoOp, NoOp, NoOp];32
[Move(S), NoOp, NoOp, NoOp, NoOp, NoOp, NoOp, NoOp];40
[Move(S), NoOp, NoOp, NoOp, NoOp, NoOp, NoOp, NoOp];6
[Move(S), NoOp, NoOp, NoOp, NoOp, NoOp, NoOp, NoOp];6
[Move(S), NoOp, NoOp, NoOp, NoOp, NoOp, NoOp, NoOp];7
[Move(S), NoOp, NoOp, NoOp, NoOp, NoOp, NoOp, NoOp];5
[Move(S), NoOp, NoOp, NoOp, NoOp, NoOp, NoOp, NoOp];7
[Move(S), NoOp, NoOp, NoOp, NoOp, NoOp, NoOp, NoOp];5
[Move(S), NoOp, NoOp, NoOp, NoOp, NoOp, NoOp, NoOp];23
[Move(S), NoOp, NoOp, NoOp, NoOp, NoOp, NoOp, NoOp];4
[Move(S), NoOp, NoOp, NoOp, NoOp, NoOp, NoOp, NoOp];4
[Move(S), NoOp, NoOp, NoOp, NoOp, NoOp, NoOp, NoOp];5
[Move(S), NoOp, NoOp, NoOp, NoOp, NoOp, NoOp, NoOp];5
[Move(W), NoOp, NoOp, NoOp, NoOp, NoOp, NoOp, NoOp];5
[Move(W), NoOp, NoOp, NoOp, NoOp, NoOp, NoOp, NoOp];4
[Move(W), NoOp, NoOp, NoOp, NoOp, NoOp, NoOp, NoOp];15
[Move(W), NoOp, NoOp, NoOp, NoOp, NoOp, NoOp, NoOp];3
[Move(W), NoOp, NoOp, NoOp, NoOp, NoOp, NoOp, NoOp];4
[Move(W), NoOp, NoOp, NoOp, NoOp, NoOp, NoOp, NoOp];4
[Move(W), NoOp, NoOp, NoOp, NoOp, NoOp, NoOp, NoOp];4
[Move(W), NoOp, NoOp, NoOp, NoOp, NoOp, NoOp, NoOp];4
[Move(W), NoOp, NoOp, NoOp, NoOp, NoOp, NoOp, NoOp];3
[Move(N), NoOp, NoOp, NoOp, NoOp, NoOp, NoOp, NoOp];4
[Move(N), NoOp, NoOp, NoOp, NoOp, NoOp, NoOp, NoOp];4
[Move(W), NoOp, NoOp, NoOp, NoOp, NoOp, NoOp, NoOp];4
[Move(W), NoOp, NoOp, NoOp, NoOp, NoOp, NoOp, NoOp];7
[Move(W), NoOp, NoOp, NoOp, NoOp, NoOp, NoOp, NoOp];10
[Move(W), NoOp, NoOp, NoOp, NoOp, NoOp, NoOp, NoOp];4
[Move(W), NoOp, NoOp, NoOp, NoOp, NoOp, NoOp, NoOp];6
[Pull(E,W), NoOp, NoOp, NoOp, NoOp, NoOp, NoOp, NoOp];8
[Pull(E,W), NoOp, NoOp, NoOp, NoOp, NoOp, NoOp, NoOp];5
[Move(E), NoOp, NoOp, NoOp, NoOp, NoOp, NoOp, NoOp];38
[Move(E), NoOp, NoOp, NoOp, NoOp, NoOp, NoOp, NoOp];8
[Move(E), NoOp, NoOp, NoOp, NoOp, NoOp, NoOp, NoOp];7
[Move(S), NoOp, NoOp, NoOp, NoOp, NoOp, NoOp, NoOp];7
[Move(S), NoOp, NoOp, NoOp, NoOp, NoOp, NoOp, NoOp];5
[Move(E), NoOp, NoOp, NoOp, NoOp, NoOp, NoOp, NoOp];5
[Move(E), NoOp, NoOp, NoOp, NoOp, NoOp, NoOp, NoOp];4
[Move(E), NoOp, NoOp, NoOp, NoOp, NoOp, NoOp, NoOp];4
[Move(E), NoOp, NoOp, NoOp, NoOp, NoOp, NoOp, NoOp];3
[Move(E), NoOp, NoOp, NoOp, NoOp, NoOp, NoOp, NoOp];4
[Move(E), NoOp, NoOp, NoOp, NoOp, NoOp, NoOp, NoOp];4
[Move(E), NoOp, NoOp, NoOp, NoOp, NoOp, NoOp, NoOp];6
[Move(E), NoOp, NoOp, NoOp, NoOp, NoOp, NoOp, NoOp];7
[Move(E), NoOp, NoOp, NoOp, NoOp, NoOp, NoOp, NoOp];5
[Move(N), NoOp, NoOp, NoOp, NoOp, NoOp, NoOp, NoOp];4
[Move(N), NoOp, NoOp, NoOp, NoOp, NoOp, NoOp, NoOp];4
[Move(N), NoOp, NoOp, NoOp, NoOp, NoOp, NoOp, NoOp];4
[Move(N), NoOp, NoOp, NoOp, NoOp, NoOp, NoOp, NoOp];4
[Move(N), NoOp, NoOp, NoOp, NoOp, NoOp, NoOp, NoOp];4
[Move(N), NoOp, NoOp, NoOp, NoOp, NoOp, NoOp, NoOp];4
[Move(N), NoOp, NoOp, NoOp, NoOp, NoOp, NoOp, NoOp];4
[Move(N), NoOp, NoOp, NoOp, NoOp, NoOp, NoOp, NoOp];4
[Move(N), NoOp, NoOp, NoOp, NoOp, NoOp, NoOp, NoOp];4
[Move(W), NoOp, NoOp, NoOp, NoOp, NoOp, NoOp, NoOp];6
[Move(W), NoOp, NoOp, NoOp, NoOp, NoOp, NoOp, NoOp];4
[Move(W), NoOp, NoOp, NoOp, NoOp, NoOp, NoOp, NoOp];4
[Move(W), NoOp, NoOp, NoOp, NoOp, NoOp, NoOp, NoOp];6
[Move(W), NoOp, NoOp, NoOp, NoOp, NoOp, NoOp, NoOp];3
[Move(W), NoOp, NoOp, NoOp, NoOp, NoOp, NoOp, NoOp];4
[Move(N), NoOp, NoOp, NoOp, NoOp, NoOp, NoOp, NoOp];3
[Move(W), NoOp, NoOp, NoOp, NoOp, NoOp, NoOp, NoOp];3
[Pull(S,W), NoOp, NoOp, NoOp, NoOp, NoOp, NoOp, NoOp];804
[Pull(E,N), NoOp, NoOp, NoOp, NoOp, NoOp, NoOp, NoOp];4
[Pull(E,W), NoOp, NoOp, NoOp, NoOp, NoOp, NoOp, NoOp];3
[Pull(E,W), NoOp, NoOp, NoOp, NoOp, NoOp, NoOp, NoOp];4
[Pull(E,W), NoOp, NoOp, NoOp, NoOp, NoOp, NoOp, NoOp];3
[Pull(E,W), NoOp, NoOp, NoOp, NoOp, NoOp, NoOp, NoOp];3
[Pull(E,W), NoOp, NoOp, NoOp, NoOp, NoOp, NoOp, NoOp];3
[Pull(E,W), NoOp, NoOp, NoOp, NoOp, NoOp, NoOp, NoOp];4
[Pull(S,W), NoOp, NoOp, NoOp, NoOp, NoOp, NoOp, NoOp];4
[Move(S), NoOp, NoOp, NoOp, NoOp, NoOp, NoOp, NoOp];4
[Move(S), NoOp, NoOp, NoOp, NoOp, NoOp, NoOp, NoOp];4
[Move(S), NoOp, NoOp, NoOp, NoOp, NoOp, NoOp, NoOp];2
[Move(S), NoOp, NoOp, NoOp, NoOp, NoOp, NoOp, NoOp];3
[Move(S), NoOp, NoOp, NoOp, NoOp, NoOp, NoOp, NoOp];3
[Move(S), NoOp, NoOp, NoOp, NoOp, NoOp, NoOp, NoOp];3
[Move(S), NoOp, NoOp, NoOp, NoOp, NoOp, NoOp, NoOp];3
[Move(S), NoOp, NoOp, NoOp, NoOp, NoOp, NoOp, NoOp];5
[Move(W), NoOp, NoOp, NoOp, NoOp, NoOp, NoOp, NoOp];3
[Move(W), NoOp, NoOp, NoOp, NoOp, NoOp, NoOp, NoOp];3
[Move(W), NoOp, NoOp, NoOp, NoOp, NoOp, NoOp, NoOp];2
[Move(W), NoOp, NoOp, NoOp, NoOp, NoOp, NoOp, NoOp];3
[Move(W), NoOp, NoOp, NoOp, NoOp, NoOp, NoOp, NoOp];3
[Move(W), NoOp, NoOp, NoOp, NoOp, NoOp, NoOp, NoOp];3
[Move(W), NoOp, NoOp, NoOp, NoOp, NoOp, NoOp, NoOp];3
[Move(W), NoOp, NoOp, NoOp, NoOp, NoOp, NoOp, NoOp];3
[Move(W), NoOp, NoOp, NoOp, NoOp, NoOp, NoOp, NoOp];2
[Move(S), NoOp, NoOp, NoOp, NoOp, NoOp, NoOp, NoOp];3
[Move(S), NoOp, NoOp, NoOp, NoOp, NoOp, NoOp, NoOp];4
[Move(W), NoOp, NoOp, NoOp, NoOp, NoOp, NoOp, NoOp];4
[Move(W), NoOp, NoOp, NoOp, NoOp, NoOp, NoOp, NoOp];3
[Move(W), NoOp, NoOp, NoOp, NoOp, NoOp, NoOp, NoOp];4
[Move(W), NoOp, NoOp, NoOp, NoOp, NoOp, NoOp, NoOp];3
[Move(W), NoOp, NoOp, NoOp, NoOp, NoOp, NoOp, NoOp];3
[Move(W), NoOp, NoOp, NoOp, NoOp, NoOp, NoOp, NoOp];3
[Move(W), NoOp, NoOp, NoOp, NoOp, NoOp, NoOp, NoOp];3
[Move(W), NoOp, NoOp, NoOp, NoOp, NoOp, NoOp, NoOp];3
[Move(N), NoOp, NoOp, NoOp, NoOp, NoOp, NoOp, NoOp];3
[Move(N), NoOp, NoOp, NoOp, NoOp, NoOp, NoOp, NoOp];4
[Move(N), NoOp, NoOp, NoOp, NoOp, NoOp, NoOp, NoOp];3
[Move(N), NoOp, NoOp, NoOp, NoOp, NoOp, NoOp, NoOp];2
[Pull(S,E), NoOp, NoOp, NoOp, NoOp, NoOp, NoOp, NoOp];155
[Pull(S,N), NoOp, NoOp, NoOp, NoOp, NoOp, NoOp, NoOp];6
[Pull(S,N), NoOp, NoOp, NoOp, NoOp, NoOp, NoOp, NoOp];3
[Pull(S,N), NoOp, NoOp, NoOp, NoOp, NoOp, NoOp, NoOp];6
[Pull(E,N), NoOp, NoOp, NoOp, NoOp, NoOp, NoOp, NoOp];6
[Pull(E,W), NoOp, NoOp, NoOp, NoOp, NoOp, NoOp, NoOp];4
[Pull(E,W), NoOp, NoOp, NoOp, NoOp, NoOp, NoOp, NoOp];6
[Pull(E,W), NoOp, NoOp, NoOp, NoOp, NoOp, NoOp, NoOp];4
[Pull(E,W), NoOp, NoOp, NoOp, NoOp, NoOp, NoOp, NoOp];3
[Pull(E,W), NoOp, NoOp, NoOp, NoOp, NoOp, NoOp, NoOp];3
[Pull(E,W), NoOp, NoOp, NoOp, NoOp, NoOp, NoOp, NoOp];3
[Pull(E,W), NoOp, NoOp, NoOp, NoOp, NoOp, NoOp, NoOp];4
[Pull(N,W), NoOp, NoOp, NoOp, NoOp, NoOp, NoOp, NoOp];3
[Pull(N,S), NoOp, NoOp, NoOp, NoOp, NoOp, NoOp, NoOp];3
[Pull(E,S), NoOp, NoOp, NoOp, NoOp, NoOp, NoOp, NoOp];4
[Push(W,N), NoOp, NoOp, NoOp, NoOp, NoOp, NoOp, NoOp];3
[Push(N,N), NoOp, NoOp, NoOp, NoOp, NoOp, NoOp, NoOp];3
[Push(N,W), NoOp, NoOp, NoOp, NoOp, NoOp, NoOp, NoOp];3
[Push(W,W), NoOp, NoOp, NoOp, NoOp, NoOp, NoOp, NoOp];6
[Push(W,W), NoOp, NoOp, NoOp, NoOp, NoOp, NoOp, NoOp];2
[Move(E), NoOp, NoOp, NoOp, NoOp, NoOp, NoOp, NoOp];16
[Move(E), NoOp, NoOp, NoOp, NoOp, NoOp, NoOp, NoOp];4
[Move(S), NoOp, NoOp, NoOp, NoOp, NoOp, NoOp, NoOp];3
[Move(S), NoOp, NoOp, NoOp, NoOp, NoOp, NoOp, NoOp];3
[Move(E), NoOp, NoOp, NoOp, NoOp, NoOp, NoOp, NoOp];3
[Move(E), NoOp, NoOp, NoOp, NoOp, NoOp, NoOp, NoOp];3
[Move(E), NoOp, NoOp, NoOp, NoOp, NoOp, NoOp, NoOp];3
[Move(E), NoOp, NoOp, NoOp, NoOp, NoOp, NoOp, NoOp];3
[Move(E), NoOp, NoOp, NoOp, NoOp, NoOp, NoOp, NoOp];3
[Move(E), NoOp, NoOp, NoOp, NoOp, NoOp, NoOp, NoOp];3
[Move(E), NoOp, NoOp, NoOp, NoOp, NoOp, NoOp, NoOp];2
[Move(E), NoOp, NoOp, NoOp, NoOp, NoOp, NoOp, NoOp];3
[Move(E), NoOp, NoOp, NoOp, NoOp, NoOp, NoOp, NoOp];3
[Move(N), NoOp, NoOp, NoOp, NoOp, NoOp, NoOp, NoOp];3
[Move(N), NoOp, NoOp, NoOp, NoOp, NoOp, NoOp, NoOp];3
[Move(N), NoOp, NoOp, NoOp, NoOp, NoOp, NoOp, NoOp];3
[Move(N), NoOp, NoOp, NoOp, NoOp, NoOp, NoOp, NoOp];3
[Move(N), NoOp, NoOp, NoOp, NoOp, NoOp, NoOp, NoOp];2
[Move(N), NoOp, NoOp, NoOp, NoOp, NoOp, NoOp, NoOp];3
[Move(N), NoOp, NoOp, NoOp, NoOp, NoOp, NoOp, NoOp];3
[Move(N), NoOp, NoOp, NoOp, NoOp, NoOp, NoOp, NoOp];3
[Push(N,E), NoOp, NoOp, NoOp, NoOp, NoOp, NoOp, NoOp];10
[Push(E,E), NoOp, NoOp, NoOp, NoOp, NoOp, NoOp, NoOp];2
[Push(E,E), NoOp, NoOp, NoOp, NoOp, NoOp, NoOp, NoOp];2
[Push(E,E), NoOp, NoOp, NoOp, NoOp, NoOp, NoOp, NoOp];13
[Push(E,E), NoOp, NoOp, NoOp, NoOp, NoOp, NoOp, NoOp];3
[Push(E,E), NoOp, NoOp, NoOp, NoOp, NoOp, NoOp, NoOp];3
[Push(E,N), NoOp, NoOp, NoOp, NoOp, NoOp, NoOp, NoOp];3
[Push(N,E), NoOp, NoOp, NoOp, NoOp, NoOp, NoOp, NoOp];3
7fc5e7d35350dea89c07427290f1f3fd428ed496
unsuccessful
3912
155
927e463a49cabfa81f73d22d86670312a0857f95
1495030156472
