red: 0,B,C,D,E
green: 1,A,F,G,H,I,J
++++++++++++
+     fghij+
+  0  ++++++
+     FGHIJ+
+A+E+a++++++
+B+ +b+
+C+ +c+
+D+1+d+
+++++++

[NoOp, NoOp];512
[NoOp, NoOp];127
[NoOp, NoOp];106
[NoOp, NoOp];86
[NoOp, NoOp];87
[NoOp, NoOp];83
[NoOp, NoOp];97
[NoOp, NoOp];91
[NoOp, NoOp];108
[NoOp, NoOp];112
[NoOp, NoOp];77
[NoOp, NoOp];75
[NoOp, NoOp];66
[NoOp, NoOp];71
[NoOp, NoOp];68
[NoOp, NoOp];62
[NoOp, NoOp];65
[NoOp, NoOp];61
[NoOp, NoOp];76
[NoOp, NoOp];83
[NoOp, NoOp];74
[NoOp, NoOp];69
[NoOp, NoOp];62
[NoOp, NoOp];62
[NoOp, NoOp];68
[NoOp, NoOp];68
[NoOp, NoOp];69
[NoOp, NoOp];68
[NoOp, NoOp];65
[NoOp, NoOp];70
[NoOp, NoOp];76
[NoOp, NoOp];66
[NoOp, NoOp];59
[NoOp, NoOp];53
[NoOp, NoOp];53
[NoOp, NoOp];51
[NoOp, NoOp];57
[NoOp, NoOp];54
[NoOp, NoOp];54
[NoOp, NoOp];60
[NoOp, NoOp];54
[NoOp, NoOp];50
[NoOp, NoOp];53
[NoOp, NoOp];53
[NoOp, NoOp];55
[NoOp, NoOp];55
[NoOp, NoOp];50
[NoOp, NoOp];54
[NoOp, NoOp];50
[NoOp, NoOp];56
[NoOp, NoOp];67
[NoOp, NoOp];52
[NoOp, NoOp];52
[NoOp, NoOp];54
[NoOp, NoOp];57
[NoOp, NoOp];55
[NoOp, NoOp];55
[NoOp, NoOp];49
[NoOp, NoOp];60
[NoOp, NoOp];58
[NoOp, NoOp];60
[NoOp, NoOp];52
[NoOp, NoOp];54
[NoOp, NoOp];54
[NoOp, NoOp];53
[NoOp, NoOp];50
[NoOp, NoOp];51
[NoOp, NoOp];67
[NoOp, NoOp];54
[NoOp, NoOp];56
[NoOp, NoOp];52
[NoOp, NoOp];58
[NoOp, NoOp];55
[NoOp, NoOp];52
[NoOp, NoOp];50
[NoOp, NoOp];55
[NoOp, NoOp];58
[NoOp, NoOp];63
[NoOp, NoOp];53
[NoOp, NoOp];55
[NoOp, NoOp];52
[NoOp, NoOp];52
[NoOp, NoOp];49
[NoOp, NoOp];50
[NoOp, NoOp];54
[NoOp, NoOp];52
[NoOp, NoOp];57
[NoOp, NoOp];53
[NoOp, NoOp];49
[NoOp, NoOp];50
[NoOp, NoOp];54
[NoOp, NoOp];56
[NoOp, NoOp];50
[NoOp, NoOp];50
[NoOp, NoOp];53
[NoOp, NoOp];50
[NoOp, NoOp];62
[NoOp, NoOp];54
[NoOp, NoOp];50
[NoOp, NoOp];52
[NoOp, NoOp];53
[NoOp, NoOp];56
[NoOp, NoOp];53
[NoOp, NoOp];51
[NoOp, NoOp];55
[NoOp, NoOp];49
[NoOp, NoOp];57
[NoOp, NoOp];50
[NoOp, NoOp];55
[NoOp, NoOp];53
[NoOp, NoOp];55
[NoOp, NoOp];51
[NoOp, NoOp];55
[NoOp, NoOp];56
[NoOp, NoOp];66
[NoOp, NoOp];50
[NoOp, NoOp];55
[NoOp, NoOp];50
[NoOp, NoOp];49
[NoOp, NoOp];53
[NoOp, NoOp];50
[NoOp, NoOp];51
[NoOp, NoOp];50
[NoOp, NoOp];50
[NoOp, NoOp];50
[NoOp, NoOp];52
[NoOp, NoOp];69
[NoOp, NoOp];52
[NoOp, NoOp];56
[NoOp, NoOp];57
[NoOp, NoOp];49
[NoOp, NoOp];50
[NoOp, NoOp];50
[NoOp, NoOp];57
[NoOp, NoOp];51
[NoOp, NoOp];57
[NoOp, NoOp];51
[NoOp, NoOp];52
[NoOp, NoOp];60
[NoOp, NoOp];51
[NoOp, NoOp];50
[NoOp, NoOp];51
[NoOp, NoOp];53
[NoOp, NoOp];49
[NoOp, NoOp];52
[NoOp, NoOp];53
[NoOp, NoOp];51
[NoOp, NoOp];52
[NoOp, NoOp];50
[NoOp, NoOp];54
[NoOp, NoOp];50
[NoOp, NoOp];49
[NoOp, NoOp];53
[NoOp, NoOp];49
[NoOp, NoOp];55
[NoOp, NoOp];53
[NoOp, NoOp];52
[NoOp, NoOp];55
[NoOp, NoOp];52
[NoOp, NoOp];51
[NoOp, NoOp];50
[NoOp, NoOp];50
[NoOp, NoOp];52
[NoOp, NoOp];50
[NoOp, NoOp];52
[NoOp, NoOp];51
[NoOp, NoOp];54
[NoOp, NoOp];54
[NoOp, NoOp];49
[NoOp, NoOp];50
[NoOp, NoOp];53
[NoOp, NoOp];54
[NoOp, NoOp];52
[NoOp, NoOp];49
[NoOp, NoOp];57
[NoOp, NoOp];51
[NoOp, NoOp];55
[NoOp, NoOp];52
[NoOp, NoOp];53
[NoOp, NoOp];50
[NoOp, NoOp];53
[NoOp, NoOp];50
[NoOp, NoOp];50
[NoOp, NoOp];50
[NoOp, NoOp];54
[NoOp, NoOp];50
[NoOp, NoOp];58
[NoOp, NoOp];53
[NoOp, NoOp];52
[NoOp, NoOp];51
[NoOp, NoOp];52
[NoOp, NoOp];49
[NoOp, NoOp];52
[NoOp, NoOp];52
[NoOp, NoOp];55
[NoOp, NoOp];52
[NoOp, NoOp];54
[NoOp, NoOp];52
[NoOp, NoOp];49
[NoOp, NoOp];55
[NoOp, NoOp];65
[NoOp, NoOp];54
[NoOp, NoOp];52
[NoOp, NoOp];52
[NoOp, NoOp];50
[NoOp, NoOp];53
[NoOp, NoOp];52
[NoOp, NoOp];51
[NoOp, NoOp];53
[NoOp, NoOp];60
[NoOp, NoOp];50
[NoOp, NoOp];51
[NoOp, NoOp];49
[NoOp, NoOp];53
[NoOp, NoOp];50
[NoOp, NoOp];56
[NoOp, NoOp];58
[NoOp, NoOp];52
[NoOp, NoOp];53
[NoOp, NoOp];50
[NoOp, NoOp];55
[NoOp, NoOp];53
[NoOp, NoOp];52
[NoOp, NoOp];50
[NoOp, NoOp];53
[NoOp, NoOp];55
[NoOp, NoOp];52
[NoOp, NoOp];53
[NoOp, NoOp];52
[NoOp, NoOp];54
[NoOp, NoOp];50
[NoOp, NoOp];50
[NoOp, NoOp];52
[NoOp, NoOp];52
[NoOp, NoOp];55
[NoOp, NoOp];50
[NoOp, NoOp];53
[NoOp, NoOp];50
[NoOp, NoOp];50
[NoOp, NoOp];50
[NoOp, NoOp];50
[NoOp, NoOp];52
[NoOp, NoOp];54
[NoOp, NoOp];53
[NoOp, NoOp];51
[NoOp, NoOp];51
[NoOp, NoOp];52
[NoOp, NoOp];56
[NoOp, NoOp];51
[NoOp, NoOp];55
[NoOp, NoOp];52
[NoOp, NoOp];54
[NoOp, NoOp];52
[NoOp, NoOp];54
[NoOp, NoOp];54
[NoOp, NoOp];53
[NoOp, NoOp];56
[NoOp, NoOp];51
[NoOp, NoOp];55
[NoOp, NoOp];54
[NoOp, NoOp];52
[NoOp, NoOp];52
[NoOp, NoOp];52
[NoOp, NoOp];58
[NoOp, NoOp];51
[NoOp, NoOp];53
[NoOp, NoOp];52
[NoOp, NoOp];49
[NoOp, NoOp];51
[NoOp, NoOp];49
[NoOp, NoOp];50
[NoOp, NoOp];52
[NoOp, NoOp];52
[NoOp, NoOp];50
[NoOp, NoOp];53
[NoOp, NoOp];55
[NoOp, NoOp];50
[NoOp, NoOp];64
[NoOp, NoOp];57
[NoOp, NoOp];53
[NoOp, NoOp];52
[NoOp, NoOp];58
[NoOp, NoOp];52
[NoOp, NoOp];56
[NoOp, NoOp];49
[NoOp, NoOp];56
[NoOp, NoOp];54
[NoOp, NoOp];51
[NoOp, NoOp];53
[NoOp, NoOp];51
[NoOp, NoOp];51
[NoOp, NoOp];57
[NoOp, NoOp];50
[NoOp, NoOp];56
[NoOp, NoOp];50
[NoOp, NoOp];54
[NoOp, NoOp];50
[NoOp, NoOp];52
[NoOp, NoOp];52
[NoOp, NoOp];50
[NoOp, NoOp];54
[NoOp, NoOp];50
[NoOp, NoOp];49
[NoOp, NoOp];53
[NoOp, NoOp];50
[NoOp, NoOp];51
[NoOp, NoOp];50
[NoOp, NoOp];51
[NoOp, NoOp];50
[NoOp, NoOp];55
[NoOp, NoOp];53
[NoOp, NoOp];52
[NoOp, NoOp];51
[NoOp, NoOp];49
[NoOp, NoOp];52
[NoOp, NoOp];50
[NoOp, NoOp];50
[NoOp, NoOp];50
[NoOp, NoOp];51
[NoOp, NoOp];50
[NoOp, NoOp];57
[NoOp, NoOp];51
[NoOp, NoOp];54
[NoOp, NoOp];52
[NoOp, NoOp];54
[NoOp, NoOp];54
[NoOp, NoOp];52
[NoOp, NoOp];52
[NoOp, NoOp];50
[NoOp, NoOp];55
[NoOp, NoOp];54
[NoOp, NoOp];51
[NoOp, NoOp];53
[NoOp, NoOp];53
[NoOp, NoOp];50
[NoOp, NoOp];54
[NoOp, NoOp];50
[NoOp, NoOp];52
[NoOp, NoOp];52
[NoOp, NoOp];53
[NoOp, NoOp];53
[NoOp, NoOp];51
[NoOp, NoOp];54
[NoOp, NoOp];49
[NoOp, NoOp];55
[NoOp, NoOp];49
[NoOp, NoOp];51
[NoOp, NoOp];53
[NoOp, NoOp];52
[NoOp, NoOp];53
[NoOp, NoOp];50
[NoOp, NoOp];49
[NoOp, NoOp];55
[NoOp, NoOp];64
[NoOp, NoOp];52
[NoOp, NoOp];54
[NoOp, NoOp];54
[NoOp, NoOp];51
[NoOp, NoOp];58
[NoOp, NoOp];56
[NoOp, NoOp];50
[NoOp, NoOp];53
[NoOp, NoOp];61
[NoOp, NoOp];55
[NoOp, NoOp];49
[NoOp, NoOp];52
[NoOp, NoOp];53
[NoOp, NoOp];54
[NoOp, NoOp];52
[NoOp, NoOp];54
[NoOp, NoOp];55
[NoOp, NoOp];52
[NoOp, NoOp];50
[NoOp, NoOp];54
[NoOp, NoOp];59
[NoOp, NoOp];56
[NoOp, NoOp];54
[NoOp, NoOp];50
[NoOp, NoOp];53
[NoOp, NoOp];59
[NoOp, NoOp];52
[NoOp, NoOp];52
[NoOp, NoOp];52
[NoOp, NoOp];63
[NoOp, NoOp];54
[NoOp, NoOp];60
[NoOp, NoOp];49
[NoOp, NoOp];51
[NoOp, NoOp];51
[NoOp, NoOp];52
[NoOp, NoOp];50
[NoOp, NoOp];52
[NoOp, NoOp];49
[NoOp, NoOp];53
[NoOp, NoOp];50
[NoOp, NoOp];56
[NoOp, NoOp];55
[NoOp, NoOp];52
[NoOp, NoOp];50
[NoOp, NoOp];53
[NoOp, NoOp];49
[NoOp, NoOp];49
[NoOp, NoOp];53
[NoOp, NoOp];50
[NoOp, NoOp];54
[NoOp, NoOp];49
[NoOp, NoOp];54
[NoOp, NoOp];51
[NoOp, NoOp];49
[NoOp, NoOp];53
[NoOp, NoOp];55
[NoOp, NoOp];51
[NoOp, NoOp];51
[NoOp, NoOp];55
[NoOp, NoOp];52
[NoOp, NoOp];52
[NoOp, NoOp];54
[NoOp, NoOp];51
[NoOp, NoOp];53
[NoOp, NoOp];49
[NoOp, NoOp];51
[NoOp, NoOp];54
[NoOp, NoOp];54
[NoOp, NoOp];54
[NoOp, NoOp];51
[NoOp, NoOp];51
[NoOp, NoOp];52
[NoOp, NoOp];51
[NoOp, NoOp];50
[NoOp, NoOp];51
[NoOp, NoOp];50
[NoOp, NoOp];50
[NoOp, NoOp];53
[NoOp, NoOp];57
[NoOp, NoOp];50
[NoOp, NoOp];50
[NoOp, NoOp];49
[NoOp, NoOp];54
[NoOp, NoOp];51
[NoOp, NoOp];54
[NoOp, NoOp];49
[NoOp, NoOp];53
[NoOp, NoOp];66
[NoOp, NoOp];57
[NoOp, NoOp];53
[NoOp, NoOp];51
[NoOp, NoOp];55
[NoOp, NoOp];51
[NoOp, NoOp];50
[NoOp, NoOp];53
[NoOp, NoOp];57
[NoOp, NoOp];56
[NoOp, NoOp];55
[NoOp, NoOp];53
[NoOp, NoOp];52
[NoOp, NoOp];53
[NoOp, NoOp];52
[NoOp, NoOp];52
[NoOp, NoOp];53
[NoOp, NoOp];51
[NoOp, NoOp];53
[NoOp, NoOp];51
[NoOp, NoOp];57
[NoOp, NoOp];52
[NoOp, NoOp];55
[NoOp, NoOp];52
[NoOp, NoOp];52
[NoOp, NoOp];50
[NoOp, NoOp];53
[NoOp, NoOp];54
[NoOp, NoOp];62
[NoOp, NoOp];56
[NoOp, NoOp];52
[NoOp, NoOp];49
[NoOp, NoOp];56
[NoOp, NoOp];53
[NoOp, NoOp];54
[NoOp, NoOp];49
[NoOp, NoOp];49
[NoOp, NoOp];57
[NoOp, NoOp];52
[NoOp, NoOp];50
[NoOp, NoOp];53
[NoOp, NoOp];51
[NoOp, NoOp];50
[NoOp, NoOp];54
[NoOp, NoOp];54
[NoOp, NoOp];51
[NoOp, NoOp];49
[NoOp, NoOp];55
[NoOp, NoOp];53
[NoOp, NoOp];50
[NoOp, NoOp];50
[NoOp, NoOp];55
[NoOp, NoOp];50
[NoOp, NoOp];51
[NoOp, NoOp];54
[NoOp, NoOp];51
[NoOp, NoOp];53
[NoOp, NoOp];52
[NoOp, NoOp];56
[NoOp, NoOp];50
[NoOp, NoOp];52
[NoOp, NoOp];51
[NoOp, NoOp];49
[NoOp, NoOp];51
[NoOp, NoOp];50
[NoOp, NoOp];49
[NoOp, NoOp];50
[NoOp, NoOp];52
[NoOp, NoOp];58
[NoOp, NoOp];50
[NoOp, NoOp];61
[NoOp, NoOp];52
[NoOp, NoOp];52
[NoOp, NoOp];58
[NoOp, NoOp];55
[NoOp, NoOp];50
[NoOp, NoOp];61
[NoOp, NoOp];56
[NoOp, NoOp];58
[NoOp, NoOp];54
[NoOp, NoOp];51
[NoOp, NoOp];63
[NoOp, NoOp];56
[NoOp, NoOp];53
[NoOp, NoOp];55
[NoOp, NoOp];53
[NoOp, NoOp];57
[NoOp, NoOp];56
[NoOp, NoOp];58
[NoOp, NoOp];50
[NoOp, NoOp];68
[NoOp, NoOp];52
[NoOp, NoOp];55
[NoOp, NoOp];49
[NoOp, NoOp];49
[NoOp, NoOp];55
[NoOp, NoOp];50
[NoOp, NoOp];50
[NoOp, NoOp];50
[NoOp, NoOp];52
[NoOp, NoOp];53
[NoOp, NoOp];49
[NoOp, NoOp];50
[NoOp, NoOp];53
[NoOp, NoOp];55
[NoOp, NoOp];55
[NoOp, NoOp];57
[NoOp, NoOp];50
[NoOp, NoOp];54
[NoOp, NoOp];51
[NoOp, NoOp];55
[NoOp, NoOp];53
[NoOp, NoOp];53
[NoOp, NoOp];53
[NoOp, NoOp];61
[NoOp, NoOp];51
[NoOp, NoOp];52
[NoOp, NoOp];53
[NoOp, NoOp];53
[NoOp, NoOp];54
[NoOp, NoOp];50
[NoOp, NoOp];51
[NoOp, NoOp];51
[NoOp, NoOp];58
[NoOp, NoOp];51
[NoOp, NoOp];52
[NoOp, NoOp];58
[NoOp, NoOp];55
[NoOp, NoOp];52
[NoOp, NoOp];49
[NoOp, NoOp];52
[NoOp, NoOp];52
[NoOp, NoOp];52
[NoOp, NoOp];53
[NoOp, NoOp];53
[NoOp, NoOp];53
[NoOp, NoOp];57
[NoOp, NoOp];50
[NoOp, NoOp];50
[NoOp, NoOp];53
[NoOp, NoOp];54
[NoOp, NoOp];51
[NoOp, NoOp];55
[NoOp, NoOp];54
[NoOp, NoOp];52
[NoOp, NoOp];55
[NoOp, NoOp];49
[NoOp, NoOp];52
[NoOp, NoOp];49
[NoOp, NoOp];50
[NoOp, NoOp];50
[NoOp, NoOp];55
[NoOp, NoOp];54
[NoOp, NoOp];51
[NoOp, NoOp];52
[NoOp, NoOp];50
[NoOp, NoOp];50
[NoOp, NoOp];53
[NoOp, NoOp];52
[NoOp, NoOp];52
[NoOp, NoOp];49
[NoOp, NoOp];51
[NoOp, NoOp];52
[NoOp, NoOp];54
[NoOp, NoOp];49
[NoOp, NoOp];51
[NoOp, NoOp];50
[NoOp, NoOp];76
[NoOp, NoOp];70
[NoOp, NoOp];64
[NoOp, NoOp];56
[NoOp, NoOp];61
[NoOp, NoOp];52
[NoOp, NoOp];54
[NoOp, NoOp];53
[NoOp, NoOp];60
[NoOp, NoOp];56
[NoOp, NoOp];60
[NoOp, NoOp];60
[NoOp, NoOp];62
[NoOp, NoOp];62
[NoOp, NoOp];61
[NoOp, NoOp];50
[NoOp, NoOp];54
[NoOp, NoOp];53
[NoOp, NoOp];60
[NoOp, NoOp];57
[NoOp, NoOp];57
[NoOp, NoOp];55
[NoOp, NoOp];49
[NoOp, NoOp];54
[NoOp, NoOp];52
[NoOp, NoOp];52
[NoOp, NoOp];52
[NoOp, NoOp];55
[NoOp, NoOp];51
[NoOp, NoOp];52
[NoOp, NoOp];59
[NoOp, NoOp];56
[NoOp, NoOp];52
[NoOp, NoOp];49
[NoOp, NoOp];50
[NoOp, NoOp];56
[NoOp, NoOp];59
[NoOp, NoOp];51
[NoOp, NoOp];60
[NoOp, NoOp];52
[NoOp, NoOp];57
[NoOp, NoOp];50
[NoOp, NoOp];51
[NoOp, NoOp];55
[NoOp, NoOp];55
[NoOp, NoOp];53
[NoOp, NoOp];60
[NoOp, NoOp];58
[NoOp, NoOp];57
[NoOp, NoOp];56
[NoOp, NoOp];49
[NoOp, NoOp];50
[NoOp, NoOp];50
[NoOp, NoOp];53
[NoOp, NoOp];50
[NoOp, NoOp];50
[NoOp, NoOp];50
[NoOp, NoOp];49
[NoOp, NoOp];52
[NoOp, NoOp];54
[NoOp, NoOp];49
[NoOp, NoOp];52
[NoOp, NoOp];50
[NoOp, NoOp];52
[NoOp, NoOp];50
[NoOp, NoOp];51
[NoOp, NoOp];52
[NoOp, NoOp];51
[NoOp, NoOp];56
[NoOp, NoOp];54
[NoOp, NoOp];50
[NoOp, NoOp];57
[NoOp, NoOp];54
[NoOp, NoOp];50
[NoOp, NoOp];51
[NoOp, NoOp];49
[NoOp, NoOp];51
[NoOp, NoOp];50
[NoOp, NoOp];52
[NoOp, NoOp];55
[NoOp, NoOp];49
[NoOp, NoOp];50
[NoOp, NoOp];51
[NoOp, NoOp];51
[NoOp, NoOp];49
[NoOp, NoOp];53
[NoOp, NoOp];52
[NoOp, NoOp];56
[NoOp, NoOp];51
[NoOp, NoOp];50
[NoOp, NoOp];52
[NoOp, NoOp];53
[NoOp, NoOp];54
[NoOp, NoOp];56
[NoOp, NoOp];55
[NoOp, NoOp];56
[NoOp, NoOp];51
[NoOp, NoOp];54
[NoOp, NoOp];53
[NoOp, NoOp];52
[NoOp, NoOp];52
[NoOp, NoOp];51
[NoOp, NoOp];49
[NoOp, NoOp];50
[NoOp, NoOp];51
[NoOp, NoOp];49
[NoOp, NoOp];52
[NoOp, NoOp];54
[NoOp, NoOp];51
[NoOp, NoOp];53
[NoOp, NoOp];53
[NoOp, NoOp];49
[NoOp, NoOp];53
[NoOp, NoOp];52
[NoOp, NoOp];51
[NoOp, NoOp];56
[NoOp, NoOp];53
[NoOp, NoOp];49
[NoOp, NoOp];51
[NoOp, NoOp];49
[NoOp, NoOp];52
[NoOp, NoOp];49
[NoOp, NoOp];52
[NoOp, NoOp];49
[NoOp, NoOp];59
[NoOp, NoOp];60
[NoOp, NoOp];66
[NoOp, NoOp];57
[NoOp, NoOp];54
[NoOp, NoOp];52
[NoOp, NoOp];55
[NoOp, NoOp];55
[NoOp, NoOp];52
[NoOp, NoOp];66
[NoOp, NoOp];64
[NoOp, NoOp];58
[NoOp, NoOp];56
[NoOp, NoOp];56
[NoOp, NoOp];57
[NoOp, NoOp];55
[NoOp, NoOp];56
[NoOp, NoOp];58
[NoOp, NoOp];55
[NoOp, NoOp];53
[NoOp, NoOp];59
[NoOp, NoOp];53
[NoOp, NoOp];56
[NoOp, NoOp];55
[NoOp, NoOp];53
[NoOp, NoOp];57
[NoOp, NoOp];52
[NoOp, NoOp];68
[NoOp, NoOp];72
[NoOp, NoOp];80
[NoOp, NoOp];82
[NoOp, NoOp];90
[NoOp, NoOp];60
[NoOp, NoOp];54
[NoOp, NoOp];72
[NoOp, NoOp];65
[NoOp, NoOp];73
[NoOp, NoOp];74
[NoOp, NoOp];69
[NoOp, NoOp];54
[NoOp, NoOp];53
[NoOp, NoOp];60
[NoOp, NoOp];66
[NoOp, NoOp];53
[NoOp, NoOp];57
[NoOp, NoOp];54
[NoOp, NoOp];58
[NoOp, NoOp];85
[NoOp, NoOp];91
[NoOp, NoOp];108
[NoOp, NoOp];65
[NoOp, NoOp];55
[NoOp, NoOp];64
[NoOp, NoOp];74
[NoOp, NoOp];72
[NoOp, NoOp];75
[NoOp, NoOp];61
[NoOp, NoOp];56
[NoOp, NoOp];58
[NoOp, NoOp];55
[NoOp, NoOp];57
[NoOp, NoOp];55
[NoOp, NoOp];53
[NoOp, NoOp];49
[NoOp, NoOp];52
[NoOp, NoOp];61
[NoOp, NoOp];63
[NoOp, NoOp];56
[NoOp, NoOp];59
[NoOp, NoOp];60
[NoOp, NoOp];61
[NoOp, NoOp];58
[NoOp, NoOp];59
[NoOp, NoOp];65
[NoOp, NoOp];85
[NoOp, NoOp];84
[NoOp, NoOp];61
[NoOp, NoOp];67
[NoOp, NoOp];65
[NoOp, NoOp];59
[NoOp, NoOp];79
[NoOp, NoOp];111
[NoOp, NoOp];64
[NoOp, NoOp];62
[NoOp, NoOp];115
[NoOp, NoOp];99
[NoOp, NoOp];110
[NoOp, NoOp];117
[NoOp, NoOp];123
[NoOp, NoOp];65
[NoOp, NoOp];63
[NoOp, NoOp];66
[NoOp, NoOp];61
[NoOp, NoOp];58
[NoOp, NoOp];65
[NoOp, NoOp];62
[NoOp, NoOp];63
[NoOp, NoOp];67
[NoOp, NoOp];68
[NoOp, NoOp];77
[NoOp, NoOp];60
[NoOp, NoOp];64
[NoOp, NoOp];61
[NoOp, NoOp];60
[NoOp, NoOp];57
[NoOp, NoOp];60
[NoOp, NoOp];58
[NoOp, NoOp];60
[NoOp, NoOp];58
[NoOp, NoOp];76
[NoOp, NoOp];89
[NoOp, NoOp];61
[NoOp, NoOp];62
[NoOp, NoOp];55
[NoOp, NoOp];61
[NoOp, NoOp];65
[NoOp, NoOp];59
[NoOp, NoOp];61
[NoOp, NoOp];67
[NoOp, NoOp];72
[NoOp, NoOp];81
[NoOp, NoOp];81
[NoOp, NoOp];63
[NoOp, NoOp];60
[NoOp, NoOp];60
[NoOp, NoOp];67
[NoOp, NoOp];57
[NoOp, NoOp];62
[NoOp, NoOp];60
[NoOp, NoOp];57
[NoOp, NoOp];55
[NoOp, NoOp];58
[NoOp, NoOp];59
[NoOp, NoOp];58
[NoOp, NoOp];58
[NoOp, NoOp];56
[NoOp, NoOp];59
[NoOp, NoOp];57
[NoOp, NoOp];57
[NoOp, NoOp];57
[NoOp, NoOp];57
[NoOp, NoOp];57
[NoOp, NoOp];59
[NoOp, NoOp];61
[NoOp, NoOp];56
[NoOp, NoOp];55
[NoOp, NoOp];57
[NoOp, NoOp];55
[NoOp, NoOp];61
[NoOp, NoOp];59
[NoOp, NoOp];62
[NoOp, NoOp];64
[NoOp, NoOp];58
[NoOp, NoOp];56
[NoOp, NoOp];58
[NoOp, NoOp];55
[NoOp, NoOp];56
[NoOp, NoOp];58
[NoOp, NoOp];56
[NoOp, NoOp];55
[NoOp, NoOp];60
[NoOp, NoOp];56
[NoOp, NoOp];56
[NoOp, NoOp];55
[NoOp, NoOp];57
[NoOp, NoOp];55
[NoOp, NoOp];57
[NoOp, NoOp];58
[NoOp, NoOp];56
[NoOp, NoOp];58
[NoOp, NoOp];55
[NoOp, NoOp];57
[NoOp, NoOp];61
[NoOp, NoOp];57
[NoOp, NoOp];55
[NoOp, NoOp];56
[NoOp, NoOp];55
[NoOp, NoOp];59
[NoOp, NoOp];59
[NoOp, NoOp];60
[NoOp, NoOp];60
[NoOp, NoOp];60
[NoOp, NoOp];62
[NoOp, NoOp];61
[NoOp, NoOp];58
[NoOp, NoOp];61
[NoOp, NoOp];65
[NoOp, NoOp];55
[NoOp, NoOp];60
[NoOp, NoOp];58
[NoOp, NoOp];55
[NoOp, NoOp];58
[NoOp, NoOp];56
[NoOp, NoOp];58
[NoOp, NoOp];59
[NoOp, NoOp];55
[NoOp, NoOp];55
[NoOp, NoOp];54
[NoOp, NoOp];56
[NoOp, NoOp];56
[NoOp, NoOp];55
[NoOp, NoOp];54
[NoOp, NoOp];57
[NoOp, NoOp];58
[NoOp, NoOp];57
[NoOp, NoOp];55
[NoOp, NoOp];55
[NoOp, NoOp];69
[NoOp, NoOp];63
[NoOp, NoOp];77
[NoOp, NoOp];61
[NoOp, NoOp];63
[NoOp, NoOp];61
[NoOp, NoOp];59
[NoOp, NoOp];57
[NoOp, NoOp];57
[NoOp, NoOp];57
[NoOp, NoOp];66
[NoOp, NoOp];69
[NoOp, NoOp];68
[NoOp, NoOp];65
[NoOp, NoOp];59
[NoOp, NoOp];58
[NoOp, NoOp];58
[NoOp, NoOp];58
[NoOp, NoOp];57
[NoOp, NoOp];54
[NoOp, NoOp];59
[NoOp, NoOp];65
[NoOp, NoOp];60
[NoOp, NoOp];59
[NoOp, NoOp];58
[NoOp, NoOp];59
[NoOp, NoOp];58
[NoOp, NoOp];54
[NoOp, NoOp];56
[NoOp, NoOp];62
[NoOp, NoOp];59
[NoOp, NoOp];60
[NoOp, NoOp];59
[NoOp, NoOp];57
[NoOp, NoOp];54
[NoOp, NoOp];54
[NoOp, NoOp];57
[NoOp, NoOp];65
[NoOp, NoOp];65
[NoOp, NoOp];60
[NoOp, NoOp];58
[NoOp, NoOp];57
[NoOp, NoOp];59
[NoOp, NoOp];68
[NoOp, NoOp];67
[NoOp, NoOp];62
[NoOp, NoOp];69
[NoOp, NoOp];62
[NoOp, NoOp];64
[NoOp, NoOp];62
[NoOp, NoOp];62
[NoOp, NoOp];61
[NoOp, NoOp];79
[NoOp, NoOp];66
[NoOp, NoOp];69
[NoOp, NoOp];62
[NoOp, NoOp];56
[NoOp, NoOp];56
[NoOp, NoOp];55
[NoOp, NoOp];54
[NoOp, NoOp];60
[NoOp, NoOp];55
[NoOp, NoOp];58
[NoOp, NoOp];57
[NoOp, NoOp];55
[NoOp, NoOp];56
[NoOp, NoOp];56
[NoOp, NoOp];58
[NoOp, NoOp];55
[NoOp, NoOp];55
[NoOp, NoOp];58
[NoOp, NoOp];66
[NoOp, NoOp];60
[NoOp, NoOp];58
[NoOp, NoOp];56
[NoOp, NoOp];54
[NoOp, NoOp];56
[NoOp, NoOp];56
[NoOp, NoOp];54
[NoOp, NoOp];56
[NoOp, NoOp];59
[NoOp, NoOp];70
[NoOp, NoOp];66
[NoOp, NoOp];93
[NoOp, NoOp];152
[NoOp, NoOp];90
[NoOp, NoOp];66
[NoOp, NoOp];78
[NoOp, NoOp];58
[NoOp, NoOp];57
[NoOp, NoOp];63
[NoOp, NoOp];69
[NoOp, NoOp];86
[NoOp, NoOp];68
[NoOp, NoOp];122
[NoOp, NoOp];107
[NoOp, NoOp];82
[NoOp, NoOp];119
[NoOp, NoOp];62
[NoOp, NoOp];72
[NoOp, NoOp];73
[NoOp, NoOp];60
[NoOp, NoOp];63
[NoOp, NoOp];67
[NoOp, NoOp];69
[NoOp, NoOp];86
[NoOp, NoOp];86
[NoOp, NoOp];83
[NoOp, NoOp];65
[NoOp, NoOp];67
[NoOp, NoOp];113
[NoOp, NoOp];88
[NoOp, NoOp];75
[NoOp, NoOp];129
[NoOp, NoOp];113
[NoOp, NoOp];71
[NoOp, NoOp];65
[NoOp, NoOp];89
[NoOp, NoOp];66
[NoOp, NoOp];81
[NoOp, NoOp];70
[NoOp, NoOp];77
[NoOp, NoOp];67
[NoOp, NoOp];61
[NoOp, NoOp];74
[NoOp, NoOp];61
[NoOp, NoOp];83
[NoOp, NoOp];61
[NoOp, NoOp];85
[NoOp, NoOp];75
[NoOp, NoOp];66
[NoOp, NoOp];74
[NoOp, NoOp];59
[NoOp, NoOp];64
[NoOp, NoOp];76
[NoOp, NoOp];103
[NoOp, NoOp];79
[NoOp, NoOp];83
[NoOp, NoOp];59
[NoOp, NoOp];85
[NoOp, NoOp];64
[NoOp, NoOp];61
[NoOp, NoOp];109
[NoOp, NoOp];69
[NoOp, NoOp];74
[NoOp, NoOp];102
[NoOp, NoOp];60
[NoOp, NoOp];57
[NoOp, NoOp];55
[NoOp, NoOp];58
[NoOp, NoOp];60
[NoOp, NoOp];57
[NoOp, NoOp];59
[NoOp, NoOp];58
[NoOp, NoOp];56
[NoOp, NoOp];56
[NoOp, NoOp];55
[NoOp, NoOp];58
[NoOp, NoOp];58
[NoOp, NoOp];54
[NoOp, NoOp];56
[NoOp, NoOp];61
[NoOp, NoOp];55
[NoOp, NoOp];56
[NoOp, NoOp];56
[NoOp, NoOp];57
[NoOp, NoOp];55
[NoOp, NoOp];56
[NoOp, NoOp];63
[NoOp, NoOp];54
[NoOp, NoOp];56
[NoOp, NoOp];58
[NoOp, NoOp];54
[NoOp, NoOp];58
[NoOp, NoOp];54
[NoOp, NoOp];65
[NoOp, NoOp];59
[NoOp, NoOp];64
[NoOp, NoOp];55
[NoOp, NoOp];58
[NoOp, NoOp];56
[NoOp, NoOp];59
[NoOp, NoOp];64
[NoOp, NoOp];55
[NoOp, NoOp];56
[NoOp, NoOp];62
[NoOp, NoOp];56
[NoOp, NoOp];57
[NoOp, NoOp];72
[NoOp, NoOp];53
[NoOp, NoOp];60
[NoOp, NoOp];69
[NoOp, NoOp];60
[NoOp, NoOp];55
[NoOp, NoOp];56
[NoOp, NoOp];62
[NoOp, NoOp];80
[NoOp, NoOp];56
[NoOp, NoOp];57
[NoOp, NoOp];73
[NoOp, NoOp];55
[NoOp, NoOp];63
[NoOp, NoOp];65
[NoOp, NoOp];57
[NoOp, NoOp];56
[NoOp, NoOp];57
[NoOp, NoOp];59
[NoOp, NoOp];58
[NoOp, NoOp];56
[NoOp, NoOp];62
[NoOp, NoOp];58
[NoOp, NoOp];64
[NoOp, NoOp];58
[NoOp, NoOp];57
[NoOp, NoOp];69
[NoOp, NoOp];65
[NoOp, NoOp];61
[NoOp, NoOp];60
[NoOp, NoOp];67
[NoOp, NoOp];61
[NoOp, NoOp];60
[NoOp, NoOp];88
[NoOp, NoOp];83
[NoOp, NoOp];65
[NoOp, NoOp];93
[NoOp, NoOp];60
[NoOp, NoOp];64
[NoOp, NoOp];94
[NoOp, NoOp];79
[NoOp, NoOp];84
[NoOp, NoOp];66
[NoOp, NoOp];87
[NoOp, NoOp];57
[NoOp, NoOp];59
[NoOp, NoOp];63
[NoOp, NoOp];59
[NoOp, NoOp];65
[NoOp, NoOp];58
[NoOp, NoOp];57
[NoOp, NoOp];58
[NoOp, NoOp];55
[NoOp, NoOp];66
[NoOp, NoOp];74
[NoOp, NoOp];54
[NoOp, NoOp];58
[NoOp, NoOp];54
[NoOp, NoOp];55
[NoOp, NoOp];56
[NoOp, NoOp];55
[NoOp, NoOp];62
[NoOp, NoOp];61
[NoOp, NoOp];54
[NoOp, NoOp];53
[NoOp, NoOp];56
[NoOp, NoOp];52
[NoOp, NoOp];54
[NoOp, NoOp];59
[NoOp, NoOp];58
[NoOp, NoOp];57
[NoOp, NoOp];70
[NoOp, NoOp];61
[NoOp, NoOp];63
[NoOp, NoOp];59
[NoOp, NoOp];57
[NoOp, NoOp];60
[NoOp, NoOp];58
[NoOp, NoOp];77
[NoOp, NoOp];113
[NoOp, NoOp];76
[NoOp, NoOp];185
[NoOp, NoOp];68
[NoOp, NoOp];90
[NoOp, NoOp];60
[NoOp, NoOp];69
[NoOp, NoOp];70
[NoOp, NoOp];68
[NoOp, NoOp];59
[NoOp, NoOp];67
[NoOp, NoOp];67
[NoOp, NoOp];72
[NoOp, NoOp];64
[NoOp, NoOp];64
[NoOp, NoOp];60
[NoOp, NoOp];68
[NoOp, NoOp];65
[NoOp, NoOp];65
[NoOp, NoOp];74
[NoOp, NoOp];82
[NoOp, NoOp];88
[NoOp, NoOp];107
[NoOp, NoOp];145
[NoOp, NoOp];122
[NoOp, NoOp];75
[NoOp, NoOp];71
[NoOp, NoOp];58
[NoOp, NoOp];69
[NoOp, NoOp];62
[NoOp, NoOp];62
[NoOp, NoOp];62
[NoOp, NoOp];67
[NoOp, NoOp];61
[NoOp, NoOp];58
[NoOp, NoOp];60
[NoOp, NoOp];62
[NoOp, NoOp];62
[NoOp, NoOp];62
[NoOp, NoOp];58
[NoOp, NoOp];63
[NoOp, NoOp];66
[NoOp, NoOp];61
[NoOp, NoOp];58
[NoOp, NoOp];61
[NoOp, NoOp];62
[NoOp, NoOp];62
[NoOp, NoOp];62
[NoOp, NoOp];56
[NoOp, NoOp];69
[NoOp, NoOp];72
[NoOp, NoOp];74
[NoOp, NoOp];65
[NoOp, NoOp];61
[NoOp, NoOp];61
[NoOp, NoOp];62
[NoOp, NoOp];59
[NoOp, NoOp];60
[NoOp, NoOp];58
[NoOp, NoOp];60
[NoOp, NoOp];60
[NoOp, NoOp];74
[NoOp, NoOp];74
[NoOp, NoOp];75
[NoOp, NoOp];81
[NoOp, NoOp];73
[NoOp, NoOp];68
[NoOp, NoOp];67
[NoOp, NoOp];60
[NoOp, NoOp];71
[NoOp, NoOp];76
[NoOp, NoOp];69
[NoOp, NoOp];62
[NoOp, NoOp];64
[NoOp, NoOp];60
[NoOp, NoOp];60
[NoOp, NoOp];59
[NoOp, NoOp];63
[NoOp, NoOp];73
[NoOp, NoOp];73
[NoOp, NoOp];76
[NoOp, NoOp];71
[NoOp, NoOp];74
[NoOp, NoOp];71
[NoOp, NoOp];69
[NoOp, NoOp];66
[NoOp, NoOp];75
[NoOp, NoOp];87
[NoOp, NoOp];72
[NoOp, NoOp];65
[NoOp, NoOp];59
[NoOp, NoOp];63
[NoOp, NoOp];59
[NoOp, NoOp];60
[NoOp, NoOp];61
[NoOp, NoOp];61
[NoOp, NoOp];65
[NoOp, NoOp];62
[NoOp, NoOp];60
[NoOp, NoOp];59
[NoOp, NoOp];61
[NoOp, NoOp];62
[NoOp, NoOp];85
[NoOp, NoOp];87
[NoOp, NoOp];75
[NoOp, NoOp];77
[NoOp, NoOp];58
[NoOp, NoOp];65
[NoOp, NoOp];59
[NoOp, NoOp];60
[NoOp, NoOp];58
[NoOp, NoOp];59
[NoOp, NoOp];78
[NoOp, NoOp];92
[NoOp, NoOp];82
[NoOp, NoOp];73
[NoOp, NoOp];73
[NoOp, NoOp];80
[NoOp, NoOp];85
[NoOp, NoOp];82
[NoOp, NoOp];83
[NoOp, NoOp];80
[NoOp, NoOp];85
[NoOp, NoOp];78
[NoOp, NoOp];72
[NoOp, NoOp];71
[NoOp, NoOp];58
[NoOp, NoOp];66
[NoOp, NoOp];59
[NoOp, NoOp];70
[NoOp, NoOp];61
[NoOp, NoOp];56
[NoOp, NoOp];76
[NoOp, NoOp];65
[NoOp, NoOp];59
[NoOp, NoOp];68
[NoOp, NoOp];64
[NoOp, NoOp];63
[NoOp, NoOp];58
[NoOp, NoOp];65
[NoOp, NoOp];63
[NoOp, NoOp];59
[NoOp, NoOp];58
[NoOp, NoOp];67
[NoOp, NoOp];63
[NoOp, NoOp];63
[NoOp, NoOp];59
[NoOp, NoOp];73
[NoOp, NoOp];63
[NoOp, NoOp];77
[NoOp, NoOp];58
[NoOp, NoOp];59
[NoOp, NoOp];59
[NoOp, NoOp];55
[NoOp, NoOp];61
[NoOp, NoOp];58
[NoOp, NoOp];60
[NoOp, NoOp];58
[NoOp, NoOp];59
[NoOp, NoOp];55
[NoOp, NoOp];61
[NoOp, NoOp];59
[NoOp, NoOp];72
[NoOp, NoOp];55
[NoOp, NoOp];63
[NoOp, NoOp];100
[NoOp, NoOp];87
[NoOp, NoOp];62
[NoOp, NoOp];65
[NoOp, NoOp];60
[NoOp, NoOp];60
[NoOp, NoOp];62
[NoOp, NoOp];65
[NoOp, NoOp];59
[NoOp, NoOp];67
[NoOp, NoOp];56
[NoOp, NoOp];57
[NoOp, NoOp];63
[NoOp, NoOp];66
[NoOp, NoOp];63
[NoOp, NoOp];64
[NoOp, NoOp];61
[NoOp, NoOp];67
[NoOp, NoOp];60
[NoOp, NoOp];63
[NoOp, NoOp];63
[NoOp, NoOp];64
[NoOp, NoOp];57
[NoOp, NoOp];59
[NoOp, NoOp];58
[NoOp, NoOp];60
[NoOp, NoOp];57
[NoOp, NoOp];58
[NoOp, NoOp];55
[NoOp, NoOp];56
[NoOp, NoOp];57
[NoOp, NoOp];56
[NoOp, NoOp];58
[NoOp, NoOp];57
[NoOp, NoOp];59
[NoOp, NoOp];57
[NoOp, NoOp];54
[NoOp, NoOp];55
[NoOp, NoOp];57
[NoOp, NoOp];56
[NoOp, NoOp];56
[NoOp, NoOp];56
[NoOp, NoOp];57
[NoOp, NoOp];61
[NoOp, NoOp];55
[NoOp, NoOp];58
[NoOp, NoOp];61
[NoOp, NoOp];58
[NoOp, NoOp];56
[NoOp, NoOp];58
[NoOp, NoOp];56
[NoOp, NoOp];56
[NoOp, NoOp];59
[NoOp, NoOp];55
[NoOp, NoOp];57
[NoOp, NoOp];57
[NoOp, NoOp];58
[NoOp, NoOp];57
[NoOp, NoOp];56
[NoOp, NoOp];57
[NoOp, NoOp];61
[NoOp, NoOp];56
[NoOp, NoOp];58
[NoOp, NoOp];58
[NoOp, NoOp];57
[NoOp, NoOp];54
[NoOp, NoOp];57
[NoOp, NoOp];56
[NoOp, NoOp];56
[NoOp, NoOp];58
[NoOp, NoOp];58
[NoOp, NoOp];55
[NoOp, NoOp];54
[NoOp, NoOp];55
[NoOp, NoOp];56
[NoOp, NoOp];55
[NoOp, NoOp];56
[NoOp, NoOp];55
[NoOp, NoOp];62
[NoOp, NoOp];58
[NoOp, NoOp];53
[NoOp, NoOp];56
[NoOp, NoOp];56
[NoOp, NoOp];56
[NoOp, NoOp];55
[NoOp, NoOp];57
[NoOp, NoOp];57
[NoOp, NoOp];60
[NoOp, NoOp];56
[NoOp, NoOp];57
[NoOp, NoOp];57
[NoOp, NoOp];56
[NoOp, NoOp];58
[NoOp, NoOp];55
[NoOp, NoOp];57
[NoOp, NoOp];57
[NoOp, NoOp];58
[NoOp, NoOp];58
[NoOp, NoOp];58
[NoOp, NoOp];61
[NoOp, NoOp];132
[NoOp, NoOp];68
[NoOp, NoOp];65
[NoOp, NoOp];58
[NoOp, NoOp];59
[NoOp, NoOp];62
[NoOp, NoOp];63
[NoOp, NoOp];90
[NoOp, NoOp];65
[NoOp, NoOp];63
[NoOp, NoOp];68
[NoOp, NoOp];74
[NoOp, NoOp];80
[NoOp, NoOp];62
[NoOp, NoOp];61
[NoOp, NoOp];65
[NoOp, NoOp];82
[NoOp, NoOp];66
[NoOp, NoOp];60
[NoOp, NoOp];61
[NoOp, NoOp];63
[NoOp, NoOp];57
[NoOp, NoOp];63
[NoOp, NoOp];62
[NoOp, NoOp];68
[NoOp, NoOp];81
[NoOp, NoOp];67
[NoOp, NoOp];58
[NoOp, NoOp];58
[NoOp, NoOp];58
[NoOp, NoOp];58
[NoOp, NoOp];76
[NoOp, NoOp];63
[NoOp, NoOp];72
[NoOp, NoOp];60
[NoOp, NoOp];66
[NoOp, NoOp];71
[NoOp, NoOp];63
[NoOp, NoOp];62
[NoOp, NoOp];58
[NoOp, NoOp];66
[NoOp, NoOp];75
[NoOp, NoOp];78
[NoOp, NoOp];109
[NoOp, NoOp];72
[NoOp, NoOp];88
[NoOp, NoOp];78
[NoOp, NoOp];68
[NoOp, NoOp];72
[NoOp, NoOp];72
[NoOp, NoOp];69
[NoOp, NoOp];79
[NoOp, NoOp];120
[NoOp, NoOp];93
[NoOp, NoOp];70
[NoOp, NoOp];69
[NoOp, NoOp];72
[NoOp, NoOp];80
[NoOp, NoOp];79
[NoOp, NoOp];73
[NoOp, NoOp];70
[NoOp, NoOp];83
[NoOp, NoOp];81
[NoOp, NoOp];64
[NoOp, NoOp];63
[NoOp, NoOp];65
[NoOp, NoOp];65
[NoOp, NoOp];67
[NoOp, NoOp];78
[NoOp, NoOp];67
[NoOp, NoOp];73
[NoOp, NoOp];72
[NoOp, NoOp];68
[NoOp, NoOp];75
[NoOp, NoOp];79
[NoOp, NoOp];53
[NoOp, NoOp];59
[NoOp, NoOp];59
[NoOp, NoOp];64
[NoOp, NoOp];69
[NoOp, NoOp];68
[NoOp, NoOp];69
[NoOp, NoOp];75
[NoOp, NoOp];69
[NoOp, NoOp];75
[NoOp, NoOp];66
[NoOp, NoOp];68
[NoOp, NoOp];64
[NoOp, NoOp];66
[NoOp, NoOp];65
[NoOp, NoOp];77
[NoOp, NoOp];82
[NoOp, NoOp];80
[NoOp, NoOp];102
[NoOp, NoOp];72
[NoOp, NoOp];68
[NoOp, NoOp];61
[NoOp, NoOp];62
[NoOp, NoOp];73
[NoOp, NoOp];56
[NoOp, NoOp];57
[NoOp, NoOp];55
[NoOp, NoOp];56
[NoOp, NoOp];60
[NoOp, NoOp];58
[NoOp, NoOp];58
[NoOp, NoOp];68
[NoOp, NoOp];61
[NoOp, NoOp];55
[NoOp, NoOp];58
[NoOp, NoOp];55
[NoOp, NoOp];59
[NoOp, NoOp];57
[NoOp, NoOp];56
[NoOp, NoOp];63
[NoOp, NoOp];58
[NoOp, NoOp];62
[NoOp, NoOp];57
[NoOp, NoOp];53
[NoOp, NoOp];56
[NoOp, NoOp];62
[NoOp, NoOp];58
[NoOp, NoOp];54
[NoOp, NoOp];59
[NoOp, NoOp];55
[NoOp, NoOp];55
[NoOp, NoOp];56
[NoOp, NoOp];57
[NoOp, NoOp];55
[NoOp, NoOp];53
[NoOp, NoOp];57
[NoOp, NoOp];63
[NoOp, NoOp];58
[NoOp, NoOp];54
[NoOp, NoOp];62
[NoOp, NoOp];60
[NoOp, NoOp];58
[NoOp, NoOp];58
[NoOp, NoOp];57
[NoOp, NoOp];57
[NoOp, NoOp];55
[NoOp, NoOp];61
[NoOp, NoOp];56
[NoOp, NoOp];66
[NoOp, NoOp];56
[NoOp, NoOp];55
[NoOp, NoOp];56
[NoOp, NoOp];55
[NoOp, NoOp];55
[NoOp, NoOp];58
[NoOp, NoOp];56
[NoOp, NoOp];58
[NoOp, NoOp];60
[NoOp, NoOp];59
[NoOp, NoOp];57
[NoOp, NoOp];58
[NoOp, NoOp];55
[NoOp, NoOp];58
[NoOp, NoOp];56
[NoOp, NoOp];64
[NoOp, NoOp];54
[NoOp, NoOp];55
[NoOp, NoOp];56
[NoOp, NoOp];61
[NoOp, NoOp];55
[NoOp, NoOp];55
[NoOp, NoOp];55
[NoOp, NoOp];57
[NoOp, NoOp];55
[NoOp, NoOp];58
[NoOp, NoOp];52
[NoOp, NoOp];58
[NoOp, NoOp];60
[NoOp, NoOp];56
[NoOp, NoOp];54
[NoOp, NoOp];66
[NoOp, NoOp];55
[NoOp, NoOp];56
[NoOp, NoOp];55
[NoOp, NoOp];61
[NoOp, NoOp];61
[NoOp, NoOp];62
[NoOp, NoOp];64
[NoOp, NoOp];65
[NoOp, NoOp];64
[NoOp, NoOp];61
[NoOp, NoOp];62
[NoOp, NoOp];67
[NoOp, NoOp];64
[NoOp, NoOp];60
[NoOp, NoOp];61
[NoOp, NoOp];65
[NoOp, NoOp];60
[NoOp, NoOp];56
[NoOp, NoOp];65
[NoOp, NoOp];56
[NoOp, NoOp];68
[NoOp, NoOp];63
[NoOp, NoOp];60
[NoOp, NoOp];57
[NoOp, NoOp];60
[NoOp, NoOp];63
[NoOp, NoOp];59
[NoOp, NoOp];74
[NoOp, NoOp];82
[NoOp, NoOp];69
[NoOp, NoOp];73
[NoOp, NoOp];74
[NoOp, NoOp];70
[NoOp, NoOp];66
[NoOp, NoOp];76
[NoOp, NoOp];74
[NoOp, NoOp];79
[NoOp, NoOp];69
[NoOp, NoOp];66
[NoOp, NoOp];65
[NoOp, NoOp];71
[NoOp, NoOp];77
[NoOp, NoOp];110
[NoOp, NoOp];131
[NoOp, NoOp];100
[NoOp, NoOp];144
[NoOp, NoOp];148
[NoOp, NoOp];85
[NoOp, NoOp];90
[NoOp, NoOp];126
[NoOp, NoOp];89
[NoOp, NoOp];95
[NoOp, NoOp];101
[NoOp, NoOp];101
[NoOp, NoOp];82
[NoOp, NoOp];79
[NoOp, NoOp];71
[NoOp, NoOp];77
[NoOp, NoOp];105
[NoOp, NoOp];103
[NoOp, NoOp];93
[NoOp, NoOp];77
[NoOp, NoOp];84
[NoOp, NoOp];70
[NoOp, NoOp];71
[NoOp, NoOp];68
[NoOp, NoOp];88
[NoOp, NoOp];87
[NoOp, NoOp];90
[NoOp, NoOp];97
[NoOp, NoOp];97
[NoOp, NoOp];88
[NoOp, NoOp];75
[NoOp, NoOp];82
[NoOp, NoOp];93
[NoOp, NoOp];94
[NoOp, NoOp];101
[NoOp, NoOp];96
[NoOp, NoOp];69
[NoOp, NoOp];78
[NoOp, NoOp];68
[NoOp, NoOp];73
[NoOp, NoOp];67
[NoOp, NoOp];68
[NoOp, NoOp];69
[NoOp, NoOp];79
[NoOp, NoOp];66
[NoOp, NoOp];71
[NoOp, NoOp];69
[NoOp, NoOp];93
[NoOp, NoOp];93
[NoOp, NoOp];69
[NoOp, NoOp];72
[NoOp, NoOp];90
[NoOp, NoOp];74
[NoOp, NoOp];108
[NoOp, NoOp];83
[NoOp, NoOp];65
[NoOp, NoOp];66
[NoOp, NoOp];70
[NoOp, NoOp];58
[NoOp, NoOp];59
[NoOp, NoOp];58
[NoOp, NoOp];57
[NoOp, NoOp];56
[NoOp, NoOp];57
[NoOp, NoOp];73
[NoOp, NoOp];101
[NoOp, NoOp];104
[NoOp, NoOp];114
[NoOp, NoOp];96
[NoOp, NoOp];86
[NoOp, NoOp];137
[NoOp, NoOp];100
[NoOp, NoOp];104
[NoOp, NoOp];75
[NoOp, NoOp];100
[NoOp, NoOp];80
[NoOp, NoOp];89
[NoOp, NoOp];56
[NoOp, NoOp];56
[NoOp, NoOp];57
[NoOp, NoOp];59
[NoOp, NoOp];57
[NoOp, NoOp];81
[NoOp, NoOp];99
[NoOp, NoOp];89
[NoOp, NoOp];72
[NoOp, NoOp];57
[NoOp, NoOp];71
[NoOp, NoOp];100
[NoOp, NoOp];96
[NoOp, NoOp];98
[NoOp, NoOp];85
[NoOp, NoOp];100
[NoOp, NoOp];91
[NoOp, NoOp];67
[NoOp, NoOp];77
[NoOp, NoOp];71
[NoOp, NoOp];87
[NoOp, NoOp];77
[NoOp, NoOp];66
[NoOp, NoOp];58
[NoOp, NoOp];61
[NoOp, NoOp];57
[NoOp, NoOp];67
[NoOp, NoOp];69
[NoOp, NoOp];56
[NoOp, NoOp];66
[NoOp, NoOp];62
[NoOp, NoOp];61
[NoOp, NoOp];58
[NoOp, NoOp];56
[NoOp, NoOp];57
[NoOp, NoOp];63
[NoOp, NoOp];93
[NoOp, NoOp];95
[NoOp, NoOp];92
[NoOp, NoOp];93
[NoOp, NoOp];97
[NoOp, NoOp];87
[NoOp, NoOp];76
[NoOp, NoOp];62
[NoOp, NoOp];60
[NoOp, NoOp];65
[NoOp, NoOp];68
[NoOp, NoOp];67
[NoOp, NoOp];72
[NoOp, NoOp];71
[NoOp, NoOp];77
[NoOp, NoOp];96
[NoOp, NoOp];93
[NoOp, NoOp];83
[NoOp, NoOp];106
[NoOp, NoOp];100
[NoOp, NoOp];99
[NoOp, NoOp];90
[NoOp, NoOp];91
[NoOp, NoOp];99
[NoOp, NoOp];89
[NoOp, NoOp];83
[NoOp, NoOp];81
[NoOp, NoOp];81
[NoOp, NoOp];86
[NoOp, NoOp];74
[NoOp, NoOp];61
[NoOp, NoOp];60
[NoOp, NoOp];88
[NoOp, NoOp];94
[NoOp, NoOp];91
[NoOp, NoOp];98
[NoOp, NoOp];90
[NoOp, NoOp];82
[NoOp, NoOp];76
[NoOp, NoOp];79
[NoOp, NoOp];92
[NoOp, NoOp];90
[NoOp, NoOp];75
[NoOp, NoOp];75
[NoOp, NoOp];100
[NoOp, NoOp];80
[NoOp, NoOp];68
[NoOp, NoOp];76
[NoOp, NoOp];87
[NoOp, NoOp];70
[NoOp, NoOp];63
[NoOp, NoOp];56
[NoOp, NoOp];56
[NoOp, NoOp];59
[NoOp, NoOp];59
[NoOp, NoOp];57
[NoOp, NoOp];57
[NoOp, NoOp];69
[NoOp, NoOp];67
[NoOp, NoOp];69
[NoOp, NoOp];64
[NoOp, NoOp];58
[NoOp, NoOp];59
[NoOp, NoOp];56
[NoOp, NoOp];66
[NoOp, NoOp];56
[NoOp, NoOp];56
[NoOp, NoOp];68
[NoOp, NoOp];64
[NoOp, NoOp];67
[NoOp, NoOp];56
[NoOp, NoOp];60
[NoOp, NoOp];66
[NoOp, NoOp];60
[NoOp, NoOp];61
[NoOp, NoOp];54
[NoOp, NoOp];63
[NoOp, NoOp];56
[NoOp, NoOp];55
[NoOp, NoOp];57
[NoOp, NoOp];87
[NoOp, NoOp];95
[NoOp, NoOp];79
[NoOp, NoOp];85
[NoOp, NoOp];85
[NoOp, NoOp];88
[NoOp, NoOp];80
[NoOp, NoOp];55
[NoOp, NoOp];56
[NoOp, NoOp];59
[NoOp, NoOp];59
[NoOp, NoOp];55
[NoOp, NoOp];55
[NoOp, NoOp];59
[NoOp, NoOp];55
[NoOp, NoOp];67
[NoOp, NoOp];65
[NoOp, NoOp];94
[NoOp, NoOp];88
[NoOp, NoOp];95
[NoOp, NoOp];78
[NoOp, NoOp];74
[NoOp, NoOp];78
[NoOp, NoOp];66
[NoOp, NoOp];65
[NoOp, NoOp];61
[NoOp, NoOp];59
[NoOp, NoOp];55
[NoOp, NoOp];58
[NoOp, NoOp];55
[NoOp, NoOp];60
[NoOp, NoOp];62
[NoOp, NoOp];59
[NoOp, NoOp];56
[NoOp, NoOp];56
[NoOp, NoOp];68
[NoOp, NoOp];65
[NoOp, NoOp];60
[NoOp, NoOp];60
[NoOp, NoOp];55
[NoOp, NoOp];59
[NoOp, NoOp];60
[NoOp, NoOp];61
[NoOp, NoOp];67
[NoOp, NoOp];62
[NoOp, NoOp];58
[NoOp, NoOp];57
[NoOp, NoOp];58
[NoOp, NoOp];56
[NoOp, NoOp];54
[NoOp, NoOp];55
[NoOp, NoOp];59
[NoOp, NoOp];58
[NoOp, NoOp];54
[NoOp, NoOp];59
[NoOp, NoOp];58
[NoOp, NoOp];57
[NoOp, NoOp];58
[NoOp, NoOp];57
[NoOp, NoOp];55
[NoOp, NoOp];54
[NoOp, NoOp];61
[NoOp, NoOp];58
[NoOp, NoOp];58
[NoOp, NoOp];54
[NoOp, NoOp];54
[NoOp, NoOp];57
[NoOp, NoOp];53
[NoOp, NoOp];55
[NoOp, NoOp];58
[NoOp, NoOp];71
[NoOp, NoOp];55
[NoOp, NoOp];58
[NoOp, NoOp];55
[NoOp, NoOp];56
[NoOp, NoOp];57
[NoOp, NoOp];55
[NoOp, NoOp];61
[NoOp, NoOp];56
[NoOp, NoOp];61
[NoOp, NoOp];57
[NoOp, NoOp];57
[NoOp, NoOp];57
[NoOp, NoOp];59
[NoOp, NoOp];54
[NoOp, NoOp];56
[NoOp, NoOp];59
[NoOp, NoOp];59
[NoOp, NoOp];56
[NoOp, NoOp];58
[NoOp, NoOp];54
[NoOp, NoOp];61
[NoOp, NoOp];55
[NoOp, NoOp];54
[NoOp, NoOp];54
[NoOp, NoOp];56
[NoOp, NoOp];54
[NoOp, NoOp];59
[NoOp, NoOp];54
[NoOp, NoOp];61
[NoOp, NoOp];55
[NoOp, NoOp];59
[NoOp, NoOp];55
[NoOp, NoOp];59
[NoOp, NoOp];57
[NoOp, NoOp];62
[NoOp, NoOp];56
[NoOp, NoOp];56
[NoOp, NoOp];55
[NoOp, NoOp];61
[NoOp, NoOp];56
[NoOp, NoOp];55
[NoOp, NoOp];57
[NoOp, NoOp];54
[NoOp, NoOp];62
[NoOp, NoOp];55
[NoOp, NoOp];55
[NoOp, NoOp];60
[NoOp, NoOp];63
[NoOp, NoOp];55
[NoOp, NoOp];54
[NoOp, NoOp];56
[NoOp, NoOp];57
[NoOp, NoOp];59
[NoOp, NoOp];55
[NoOp, NoOp];56
[NoOp, NoOp];54
[NoOp, NoOp];55
[NoOp, NoOp];56
[NoOp, NoOp];58
[NoOp, NoOp];60
[NoOp, NoOp];53
[NoOp, NoOp];56
[NoOp, NoOp];54
[NoOp, NoOp];56
[NoOp, NoOp];56
[NoOp, NoOp];57
[NoOp, NoOp];53
[NoOp, NoOp];64
[NoOp, NoOp];55
[NoOp, NoOp];56
[NoOp, NoOp];53
[NoOp, NoOp];57
[NoOp, NoOp];55
[NoOp, NoOp];58
[NoOp, NoOp];56
[NoOp, NoOp];57
[NoOp, NoOp];55
[NoOp, NoOp];55
[NoOp, NoOp];56
[NoOp, NoOp];55
[NoOp, NoOp];54
[NoOp, NoOp];55
[NoOp, NoOp];59
[NoOp, NoOp];58
[NoOp, NoOp];58
[NoOp, NoOp];53
[NoOp, NoOp];64
[NoOp, NoOp];55
[NoOp, NoOp];54
[NoOp, NoOp];55
[NoOp, NoOp];52
[NoOp, NoOp];64
[NoOp, NoOp];56
[NoOp, NoOp];55
[NoOp, NoOp];56
[NoOp, NoOp];54
[NoOp, NoOp];59
[NoOp, NoOp];67
[NoOp, NoOp];57
[NoOp, NoOp];61
[NoOp, NoOp];61
[NoOp, NoOp];56
[NoOp, NoOp];56
[NoOp, NoOp];58
[NoOp, NoOp];57
[NoOp, NoOp];56
[NoOp, NoOp];60
[NoOp, NoOp];61
[NoOp, NoOp];60
[NoOp, NoOp];55
[NoOp, NoOp];59
[NoOp, NoOp];57
[NoOp, NoOp];57
[NoOp, NoOp];63
[NoOp, NoOp];63
[NoOp, NoOp];60
[NoOp, NoOp];61
[NoOp, NoOp];66
[NoOp, NoOp];61
[NoOp, NoOp];61
[NoOp, NoOp];58
[NoOp, NoOp];62
[NoOp, NoOp];60
[NoOp, NoOp];56
[NoOp, NoOp];57
[NoOp, NoOp];63
[NoOp, NoOp];60
[NoOp, NoOp];61
[NoOp, NoOp];57
[NoOp, NoOp];58
[NoOp, NoOp];61
[NoOp, NoOp];57
[NoOp, NoOp];55
[NoOp, NoOp];59
[NoOp, NoOp];57
[NoOp, NoOp];57
[NoOp, NoOp];63
[NoOp, NoOp];54
[NoOp, NoOp];66
[NoOp, NoOp];59
[NoOp, NoOp];56
[NoOp, NoOp];59
[NoOp, NoOp];60
[NoOp, NoOp];57
[NoOp, NoOp];60
[NoOp, NoOp];58
[NoOp, NoOp];76
[NoOp, NoOp];63
[NoOp, NoOp];64
[NoOp, NoOp];63
[NoOp, NoOp];65
[NoOp, NoOp];68
[NoOp, NoOp];79
[NoOp, NoOp];70
[NoOp, NoOp];63
[NoOp, NoOp];66
[NoOp, NoOp];74
[NoOp, NoOp];82
[NoOp, NoOp];69
[NoOp, NoOp];65
[NoOp, NoOp];75
[NoOp, NoOp];104
[NoOp, NoOp];68
[NoOp, NoOp];78
[NoOp, NoOp];80
[NoOp, NoOp];65
[NoOp, NoOp];83
[NoOp, NoOp];73
[NoOp, NoOp];86
[NoOp, NoOp];93
[NoOp, NoOp];76
[NoOp, NoOp];59
[NoOp, NoOp];73
[NoOp, NoOp];61
[NoOp, NoOp];62
[NoOp, NoOp];62
[NoOp, NoOp];71
[NoOp, NoOp];95
[NoOp, NoOp];75
[NoOp, NoOp];98
[NoOp, NoOp];66
[NoOp, NoOp];66
[NoOp, NoOp];62
[NoOp, NoOp];68
[NoOp, NoOp];69
[NoOp, NoOp];58
[NoOp, NoOp];69
[NoOp, NoOp];76
[NoOp, NoOp];112
[NoOp, NoOp];126
[NoOp, NoOp];88
[NoOp, NoOp];63
[NoOp, NoOp];63
[NoOp, NoOp];71
[NoOp, NoOp];68
[NoOp, NoOp];88
[NoOp, NoOp];60
[NoOp, NoOp];64
[NoOp, NoOp];60
[NoOp, NoOp];66
[NoOp, NoOp];60
[NoOp, NoOp];69
[NoOp, NoOp];73
[NoOp, NoOp];103
[NoOp, NoOp];107
[NoOp, NoOp];115
[NoOp, NoOp];78
[NoOp, NoOp];81
[NoOp, NoOp];105
[NoOp, NoOp];91
[NoOp, NoOp];78
[NoOp, NoOp];74
[NoOp, NoOp];69
[NoOp, NoOp];80
[NoOp, NoOp];71
[NoOp, NoOp];66
[NoOp, NoOp];60
[NoOp, NoOp];56
[NoOp, NoOp];58
[NoOp, NoOp];58
[NoOp, NoOp];59
[NoOp, NoOp];58
[NoOp, NoOp];58
[NoOp, NoOp];57
[NoOp, NoOp];53
[NoOp, NoOp];53
[NoOp, NoOp];53
[NoOp, NoOp];53
[NoOp, NoOp];59
[NoOp, NoOp];58
[NoOp, NoOp];63
[NoOp, NoOp];60
[NoOp, NoOp];61
[NoOp, NoOp];60
[NoOp, NoOp];64
[NoOp, NoOp];61
[NoOp, NoOp];57
[NoOp, NoOp];55
[NoOp, NoOp];57
[NoOp, NoOp];54
[NoOp, NoOp];53
[NoOp, NoOp];54
[NoOp, NoOp];53
[NoOp, NoOp];55
[NoOp, NoOp];54
[NoOp, NoOp];55
[NoOp, NoOp];54
[NoOp, NoOp];54
[NoOp, NoOp];52
[NoOp, NoOp];55
[NoOp, NoOp];71
[NoOp, NoOp];78
[NoOp, NoOp];119
[NoOp, NoOp];62
[NoOp, NoOp];62
[NoOp, NoOp];61
[NoOp, NoOp];61
[NoOp, NoOp];60
[NoOp, NoOp];60
[NoOp, NoOp];56
[NoOp, NoOp];59
[NoOp, NoOp];59
[NoOp, NoOp];60
[NoOp, NoOp];58
[NoOp, NoOp];58
[NoOp, NoOp];60
[NoOp, NoOp];62
[NoOp, NoOp];61
[NoOp, NoOp];64
[NoOp, NoOp];60
[NoOp, NoOp];61
[NoOp, NoOp];57
[NoOp, NoOp];61
[NoOp, NoOp];60
[NoOp, NoOp];58
[NoOp, NoOp];56
[NoOp, NoOp];57
[NoOp, NoOp];61
[NoOp, NoOp];61
[NoOp, NoOp];63
[NoOp, NoOp];60
[NoOp, NoOp];59
[NoOp, NoOp];60
[NoOp, NoOp];62
[NoOp, NoOp];60
[NoOp, NoOp];59
[NoOp, NoOp];57
[NoOp, NoOp];57
[NoOp, NoOp];55
[NoOp, NoOp];54
[NoOp, NoOp];58
[NoOp, NoOp];60
[NoOp, NoOp];60
[NoOp, NoOp];56
[NoOp, NoOp];56
[NoOp, NoOp];54
[NoOp, NoOp];57
[NoOp, NoOp];56
[NoOp, NoOp];63
[NoOp, NoOp];63
[NoOp, NoOp];71
[NoOp, NoOp];62
[NoOp, NoOp];58
[NoOp, NoOp];59
[NoOp, NoOp];60
[NoOp, NoOp];59
[NoOp, NoOp];58
[NoOp, NoOp];61
[NoOp, NoOp];63
[NoOp, NoOp];60
[NoOp, NoOp];58
[NoOp, NoOp];62
[NoOp, NoOp];64
[NoOp, NoOp];59
[NoOp, NoOp];58
[NoOp, NoOp];55
[NoOp, NoOp];59
[NoOp, NoOp];63
[NoOp, NoOp];61
[NoOp, NoOp];58
[NoOp, NoOp];55
[NoOp, NoOp];56
[NoOp, NoOp];61
[NoOp, NoOp];67
[NoOp, NoOp];65
[NoOp, NoOp];63
[NoOp, NoOp];59
[NoOp, NoOp];58
[NoOp, NoOp];58
[NoOp, NoOp];59
[NoOp, NoOp];60
[NoOp, NoOp];60
[NoOp, NoOp];64
[NoOp, NoOp];62
[NoOp, NoOp];60
[NoOp, NoOp];57
[NoOp, NoOp];55
[NoOp, NoOp];56
[NoOp, NoOp];58
[NoOp, NoOp];59
[NoOp, NoOp];61
[NoOp, NoOp];57
[NoOp, NoOp];57
[NoOp, NoOp];55
[NoOp, NoOp];57
[NoOp, NoOp];56
[NoOp, NoOp];57
[NoOp, NoOp];59
[NoOp, NoOp];57
[NoOp, NoOp];53
[NoOp, NoOp];55
[NoOp, NoOp];64
[NoOp, NoOp];60
[NoOp, NoOp];57
[NoOp, NoOp];60
[NoOp, NoOp];58
[NoOp, NoOp];59
[NoOp, NoOp];61
[NoOp, NoOp];55
[NoOp, NoOp];60
[NoOp, NoOp];59
[NoOp, NoOp];59
[NoOp, NoOp];55
[NoOp, NoOp];57
[NoOp, NoOp];58
[NoOp, NoOp];60
[NoOp, NoOp];54
[NoOp, NoOp];60
[NoOp, NoOp];58
[NoOp, NoOp];55
[NoOp, NoOp];55
[NoOp, NoOp];53
[NoOp, NoOp];54
[NoOp, NoOp];53
[NoOp, NoOp];55
[NoOp, NoOp];56
[NoOp, NoOp];64
[NoOp, NoOp];59
[NoOp, NoOp];59
[NoOp, NoOp];60
[NoOp, NoOp];62
[NoOp, NoOp];62
[NoOp, NoOp];60
[NoOp, NoOp];59
[NoOp, NoOp];60
[NoOp, NoOp];63
[NoOp, NoOp];61
[NoOp, NoOp];59
[NoOp, NoOp];62
[NoOp, NoOp];57
[NoOp, NoOp];60
[NoOp, NoOp];58
[NoOp, NoOp];58
[NoOp, NoOp];60
[NoOp, NoOp];54
[NoOp, NoOp];54
[NoOp, NoOp];56
[NoOp, NoOp];57
[NoOp, NoOp];54
[NoOp, NoOp];57
[NoOp, NoOp];61
[NoOp, NoOp];54
[NoOp, NoOp];59
[NoOp, NoOp];53
[NoOp, NoOp];54
[NoOp, NoOp];61
[NoOp, NoOp];56
[NoOp, NoOp];57
[NoOp, NoOp];65
[NoOp, NoOp];61
[NoOp, NoOp];62
[NoOp, NoOp];65
[NoOp, NoOp];59
[NoOp, NoOp];54
[NoOp, NoOp];60
[NoOp, NoOp];60
[NoOp, NoOp];59
[NoOp, NoOp];56
[NoOp, NoOp];59
[NoOp, NoOp];61
[NoOp, NoOp];65
[NoOp, NoOp];60
[NoOp, NoOp];62
[NoOp, NoOp];59
[NoOp, NoOp];54
[NoOp, NoOp];62
[NoOp, NoOp];60
[NoOp, NoOp];66
[NoOp, NoOp];60
[NoOp, NoOp];60
[NoOp, NoOp];58
[NoOp, NoOp];60
[NoOp, NoOp];58
[NoOp, NoOp];57
[NoOp, NoOp];57
[NoOp, NoOp];56
[NoOp, NoOp];61
[NoOp, NoOp];56
[NoOp, NoOp];55
[NoOp, NoOp];61
[NoOp, NoOp];54
[NoOp, NoOp];54
[NoOp, NoOp];54
[NoOp, NoOp];57
[NoOp, NoOp];55
[NoOp, NoOp];57
[NoOp, NoOp];56
[NoOp, NoOp];58
[NoOp, NoOp];60
[NoOp, NoOp];58
[NoOp, NoOp];59
[NoOp, NoOp];60
[NoOp, NoOp];59
[NoOp, NoOp];61
[NoOp, NoOp];58
[NoOp, NoOp];57
[NoOp, NoOp];59
[NoOp, NoOp];60
[NoOp, NoOp];54
[NoOp, NoOp];55
[NoOp, NoOp];54
[NoOp, NoOp];57
[NoOp, NoOp];62
[NoOp, NoOp];69
[NoOp, NoOp];63
[NoOp, NoOp];79
[NoOp, NoOp];83
[NoOp, NoOp];58
[NoOp, NoOp];67
[NoOp, NoOp];56
[NoOp, NoOp];56
[NoOp, NoOp];61
[NoOp, NoOp];62
[NoOp, NoOp];63
[NoOp, NoOp];60
[NoOp, NoOp];57
[NoOp, NoOp];61
[NoOp, NoOp];54
[NoOp, NoOp];54
[NoOp, NoOp];79
[NoOp, NoOp];62
[NoOp, NoOp];67
[NoOp, NoOp];55
[NoOp, NoOp];77
[NoOp, NoOp];72
[NoOp, NoOp];54
[NoOp, NoOp];58
[NoOp, NoOp];56
[NoOp, NoOp];54
[NoOp, NoOp];54
[NoOp, NoOp];54
[NoOp, NoOp];57
[NoOp, NoOp];58
[NoOp, NoOp];58
[NoOp, NoOp];59
[NoOp, NoOp];57
[NoOp, NoOp];59
[NoOp, NoOp];59
[NoOp, NoOp];58
[NoOp, NoOp];59
[NoOp, NoOp];56
[NoOp, NoOp];55
[NoOp, NoOp];55
[NoOp, NoOp];54
[NoOp, NoOp];54
[NoOp, NoOp];59
[NoOp, NoOp];55
[NoOp, NoOp];53
[NoOp, NoOp];71
[NoOp, NoOp];83
[NoOp, NoOp];93
[NoOp, NoOp];60
[NoOp, NoOp];62
[NoOp, NoOp];60
[NoOp, NoOp];63
[NoOp, NoOp];59
[NoOp, NoOp];67
[NoOp, NoOp];59
[NoOp, NoOp];59
[NoOp, NoOp];56
[NoOp, NoOp];65
[NoOp, NoOp];57
[NoOp, NoOp];58
[NoOp, NoOp];61
[NoOp, NoOp];60
[NoOp, NoOp];58
[NoOp, NoOp];56
[NoOp, NoOp];60
[NoOp, NoOp];62
[NoOp, NoOp];58
[NoOp, NoOp];61
[NoOp, NoOp];61
[NoOp, NoOp];60
[NoOp, NoOp];61
[NoOp, NoOp];63
[NoOp, NoOp];57
[NoOp, NoOp];56
[NoOp, NoOp];61
[NoOp, NoOp];57
[NoOp, NoOp];54
[NoOp, NoOp];57
[NoOp, NoOp];58
[NoOp, NoOp];56
[NoOp, NoOp];54
[NoOp, NoOp];62
[NoOp, NoOp];58
[NoOp, NoOp];60
[NoOp, NoOp];61
[NoOp, NoOp];59
[NoOp, NoOp];58
[NoOp, NoOp];61
[NoOp, NoOp];55
[NoOp, NoOp];58
[NoOp, NoOp];60
[NoOp, NoOp];58
[NoOp, NoOp];57
[NoOp, NoOp];66
[NoOp, NoOp];60
[NoOp, NoOp];65
[NoOp, NoOp];58
[NoOp, NoOp];57
[NoOp, NoOp];57
[NoOp, NoOp];57
[NoOp, NoOp];63
[NoOp, NoOp];66
[NoOp, NoOp];59
[NoOp, NoOp];61
[NoOp, NoOp];60
[NoOp, NoOp];56
[NoOp, NoOp];55
[NoOp, NoOp];55
[NoOp, NoOp];58
[NoOp, NoOp];60
[NoOp, NoOp];58
[NoOp, NoOp];58
[NoOp, NoOp];60
[NoOp, NoOp];58
[NoOp, NoOp];60
[NoOp, NoOp];59
[NoOp, NoOp];58
[NoOp, NoOp];58
[NoOp, NoOp];55
[NoOp, NoOp];62
[NoOp, NoOp];61
[NoOp, NoOp];64
[NoOp, NoOp];60
[NoOp, NoOp];59
[NoOp, NoOp];59
[NoOp, NoOp];56
[NoOp, NoOp];61
[NoOp, NoOp];60
[NoOp, NoOp];58
[NoOp, NoOp];55
[NoOp, NoOp];55
[NoOp, NoOp];56
[NoOp, NoOp];60
[NoOp, NoOp];57
[NoOp, NoOp];62
[NoOp, NoOp];63
[NoOp, NoOp];61
[NoOp, NoOp];59
[NoOp, NoOp];60
[NoOp, NoOp];58
[NoOp, NoOp];60
[NoOp, NoOp];57
[NoOp, NoOp];65
[NoOp, NoOp];63
[NoOp, NoOp];63
[NoOp, NoOp];60
[NoOp, NoOp];62
[NoOp, NoOp];57
[NoOp, NoOp];55
[NoOp, NoOp];57
[NoOp, NoOp];58
[NoOp, NoOp];59
[NoOp, NoOp];58
[NoOp, NoOp];57
[NoOp, NoOp];63
[NoOp, NoOp];60
[NoOp, NoOp];62
[NoOp, NoOp];65
[NoOp, NoOp];61
[NoOp, NoOp];59
[NoOp, NoOp];59
[NoOp, NoOp];63
[NoOp, NoOp];65
[NoOp, NoOp];64
[NoOp, NoOp];59
[NoOp, NoOp];59
[NoOp, NoOp];57
[NoOp, NoOp];55
[NoOp, NoOp];59
[NoOp, NoOp];56
[NoOp, NoOp];59
[NoOp, NoOp];60
[NoOp, NoOp];55
[NoOp, NoOp];55
[NoOp, NoOp];56
[NoOp, NoOp];57
[NoOp, NoOp];58
[NoOp, NoOp];58
[NoOp, NoOp];58
[NoOp, NoOp];59
[NoOp, NoOp];57
[NoOp, NoOp];55
[NoOp, NoOp];53
[NoOp, NoOp];55
[NoOp, NoOp];59
[NoOp, NoOp];58
[NoOp, NoOp];58
[NoOp, NoOp];59
[NoOp, NoOp];64
[NoOp, NoOp];59
[NoOp, NoOp];59
[NoOp, NoOp];56
[NoOp, NoOp];60
[NoOp, NoOp];58
[NoOp, NoOp];57
[NoOp, NoOp];54
[NoOp, NoOp];59
[NoOp, NoOp];58
[NoOp, NoOp];57
[NoOp, NoOp];55
[NoOp, NoOp];54
[NoOp, NoOp];56
[NoOp, NoOp];54
[NoOp, NoOp];54
[NoOp, NoOp];58
[NoOp, NoOp];59
[NoOp, NoOp];62
[NoOp, NoOp];58
[NoOp, NoOp];59
[NoOp, NoOp];60
[NoOp, NoOp];59
[NoOp, NoOp];60
[NoOp, NoOp];58
[NoOp, NoOp];60
[NoOp, NoOp];57
[NoOp, NoOp];63
[NoOp, NoOp];59
[NoOp, NoOp];59
[NoOp, NoOp];56
[NoOp, NoOp];58
[NoOp, NoOp];59
[NoOp, NoOp];58
[NoOp, NoOp];60
[NoOp, NoOp];65
[NoOp, NoOp];60
[NoOp, NoOp];62
[NoOp, NoOp];59
[NoOp, NoOp];60
[NoOp, NoOp];59
[NoOp, NoOp];60
[NoOp, NoOp];59
[NoOp, NoOp];59
[NoOp, NoOp];59
[NoOp, NoOp];60
[NoOp, NoOp];57
[NoOp, NoOp];54
[NoOp, NoOp];54
[NoOp, NoOp];54
[NoOp, NoOp];55
[NoOp, NoOp];56
[NoOp, NoOp];55
[NoOp, NoOp];55
[NoOp, NoOp];54
[NoOp, NoOp];59
[NoOp, NoOp];58
[NoOp, NoOp];56
[NoOp, NoOp];55
[NoOp, NoOp];57
[NoOp, NoOp];55
[NoOp, NoOp];67
[NoOp, NoOp];58
[NoOp, NoOp];62
[NoOp, NoOp];60
[NoOp, NoOp];59
[NoOp, NoOp];60
[NoOp, NoOp];63
[NoOp, NoOp];62
[NoOp, NoOp];60
[NoOp, NoOp];57
[NoOp, NoOp];56
[NoOp, NoOp];54
[NoOp, NoOp];55
[NoOp, NoOp];60
[NoOp, NoOp];56
[NoOp, NoOp];58
[NoOp, NoOp];56
[NoOp, NoOp];63
[NoOp, NoOp];67
[NoOp, NoOp];61
[NoOp, NoOp];62
[NoOp, NoOp];62
[NoOp, NoOp];60
[NoOp, NoOp];59
[NoOp, NoOp];61
[NoOp, NoOp];58
[NoOp, NoOp];59
[NoOp, NoOp];64
[NoOp, NoOp];86
[NoOp, NoOp];65
[NoOp, NoOp];57
[NoOp, NoOp];56
[NoOp, NoOp];58
[NoOp, NoOp];60
[NoOp, NoOp];61
[NoOp, NoOp];70
[NoOp, NoOp];58
[NoOp, NoOp];55
[NoOp, NoOp];55
[NoOp, NoOp];55
[NoOp, NoOp];86
[NoOp, NoOp];86
[NoOp, NoOp];96
[NoOp, NoOp];78
[NoOp, NoOp];61
[NoOp, NoOp];54
[NoOp, NoOp];55
[NoOp, NoOp];56
[NoOp, NoOp];59
[NoOp, NoOp];60
[NoOp, NoOp];57
[NoOp, NoOp];60
[NoOp, NoOp];58
[NoOp, NoOp];60
[NoOp, NoOp];57
[NoOp, NoOp];62
[NoOp, NoOp];60
[NoOp, NoOp];60
[NoOp, NoOp];57
[NoOp, NoOp];56
[NoOp, NoOp];58
[NoOp, NoOp];53
[NoOp, NoOp];56
[NoOp, NoOp];52
[NoOp, NoOp];55
[NoOp, NoOp];53
[NoOp, NoOp];54
[NoOp, NoOp];53
[NoOp, NoOp];58
[NoOp, NoOp];53
[NoOp, NoOp];55
[NoOp, NoOp];55
[NoOp, NoOp];57
[NoOp, NoOp];55
[NoOp, NoOp];56
[NoOp, NoOp];54
[NoOp, NoOp];53
[NoOp, NoOp];55
[NoOp, NoOp];54
[NoOp, NoOp];52
[NoOp, NoOp];55
[NoOp, NoOp];54
[NoOp, NoOp];56
[NoOp, NoOp];56
[NoOp, NoOp];55
[NoOp, NoOp];55
[NoOp, NoOp];59
[NoOp, NoOp];55
[NoOp, NoOp];55
[NoOp, NoOp];59
[NoOp, NoOp];55
[NoOp, NoOp];53
[NoOp, NoOp];55
[NoOp, NoOp];53
[NoOp, NoOp];56
[NoOp, NoOp];53
[NoOp, NoOp];59
[NoOp, NoOp];117
[NoOp, NoOp];79
[NoOp, NoOp];59
[NoOp, NoOp];59
[NoOp, NoOp];63
[NoOp, NoOp];76
[NoOp, NoOp];66
[NoOp, NoOp];67
[NoOp, NoOp];64
[NoOp, NoOp];55
[NoOp, NoOp];54
[NoOp, NoOp];58
[NoOp, NoOp];56
[NoOp, NoOp];61
[NoOp, NoOp];60
[NoOp, NoOp];61
[NoOp, NoOp];61
[NoOp, NoOp];54
[NoOp, NoOp];56
[NoOp, NoOp];55
[NoOp, NoOp];54
[NoOp, NoOp];57
[NoOp, NoOp];60
[NoOp, NoOp];60
[NoOp, NoOp];62
[NoOp, NoOp];91
[NoOp, NoOp];60
[NoOp, NoOp];60
[NoOp, NoOp];60
[NoOp, NoOp];59
[NoOp, NoOp];61
[NoOp, NoOp];59
[NoOp, NoOp];59
[NoOp, NoOp];58
[NoOp, NoOp];60
[NoOp, NoOp];58
[NoOp, NoOp];61
[NoOp, NoOp];58
[NoOp, NoOp];57
[NoOp, NoOp];62
[NoOp, NoOp];59
[NoOp, NoOp];61
[NoOp, NoOp];56
[NoOp, NoOp];54
[NoOp, NoOp];54
[NoOp, NoOp];55
[NoOp, NoOp];54
[NoOp, NoOp];57
[NoOp, NoOp];59
[NoOp, NoOp];59
[NoOp, NoOp];60
[NoOp, NoOp];58
[NoOp, NoOp];62
[NoOp, NoOp];75
[NoOp, NoOp];87
[NoOp, NoOp];74
[NoOp, NoOp];59
[NoOp, NoOp];61
[NoOp, NoOp];56
[NoOp, NoOp];54
[NoOp, NoOp];63
[NoOp, NoOp];62
[NoOp, NoOp];63
[NoOp, NoOp];59
[NoOp, NoOp];59
[NoOp, NoOp];58
[NoOp, NoOp];55
[NoOp, NoOp];53
[NoOp, NoOp];56
[NoOp, NoOp];54
[NoOp, NoOp];55
[NoOp, NoOp];65
[NoOp, NoOp];69
[NoOp, NoOp];74
[NoOp, NoOp];69
[NoOp, NoOp];65
[NoOp, NoOp];65
[NoOp, NoOp];64
[NoOp, NoOp];64
[NoOp, NoOp];60
[NoOp, NoOp];61
[NoOp, NoOp];61
[NoOp, NoOp];60
[NoOp, NoOp];59
[NoOp, NoOp];53
[NoOp, NoOp];55
[NoOp, NoOp];54
[NoOp, NoOp];58
[NoOp, NoOp];57
[NoOp, NoOp];59
[NoOp, NoOp];54
[NoOp, NoOp];56
[NoOp, NoOp];56
[NoOp, NoOp];55
[NoOp, NoOp];60
[NoOp, NoOp];58
[NoOp, NoOp];57
[NoOp, NoOp];54
[NoOp, NoOp];57
[NoOp, NoOp];54
[NoOp, NoOp];57
[NoOp, NoOp];56
[NoOp, NoOp];56
[NoOp, NoOp];57
[NoOp, NoOp];54
[NoOp, NoOp];55
[NoOp, NoOp];54
[NoOp, NoOp];54
[NoOp, NoOp];53
[NoOp, NoOp];54
[NoOp, NoOp];58
[NoOp, NoOp];54
[NoOp, NoOp];64
[NoOp, NoOp];56
[NoOp, NoOp];57
[NoOp, NoOp];57
[NoOp, NoOp];54
[NoOp, NoOp];56
[NoOp, NoOp];58
[NoOp, NoOp];58
[NoOp, NoOp];54
[NoOp, NoOp];51
[NoOp, NoOp];55
[NoOp, NoOp];53
[NoOp, NoOp];57
[NoOp, NoOp];54
[NoOp, NoOp];52
[NoOp, NoOp];53
[NoOp, NoOp];55
[NoOp, NoOp];53
[NoOp, NoOp];54
[NoOp, NoOp];52
[NoOp, NoOp];53
[NoOp, NoOp];53
[NoOp, NoOp];55
[NoOp, NoOp];54
[NoOp, NoOp];51
[NoOp, NoOp];54
[NoOp, NoOp];58
[NoOp, NoOp];54
[NoOp, NoOp];54
[NoOp, NoOp];52
[NoOp, NoOp];59
[NoOp, NoOp];53
[NoOp, NoOp];53
[NoOp, NoOp];53
[NoOp, NoOp];53
[NoOp, NoOp];57
[NoOp, NoOp];53
[NoOp, NoOp];54
[NoOp, NoOp];54
[NoOp, NoOp];55
[NoOp, NoOp];52
[NoOp, NoOp];53
[NoOp, NoOp];51
[NoOp, NoOp];57
[NoOp, NoOp];56
[NoOp, NoOp];56
[NoOp, NoOp];59
[NoOp, NoOp];57
[NoOp, NoOp];53
[NoOp, NoOp];53
[NoOp, NoOp];54
[NoOp, NoOp];66
[NoOp, NoOp];59
[NoOp, NoOp];57
[NoOp, NoOp];53
[NoOp, NoOp];59
[NoOp, NoOp];53
[NoOp, NoOp];53
[NoOp, NoOp];53
[NoOp, NoOp];54
[NoOp, NoOp];59
[NoOp, NoOp];58
[NoOp, NoOp];57
[NoOp, NoOp];54
[NoOp, NoOp];59
[NoOp, NoOp];56
[NoOp, NoOp];56
[NoOp, NoOp];56
[NoOp, NoOp];55
[NoOp, NoOp];54
[NoOp, NoOp];58
[NoOp, NoOp];56
[NoOp, NoOp];56
[NoOp, NoOp];60
[NoOp, NoOp];61
[NoOp, NoOp];51
[NoOp, NoOp];55
[NoOp, NoOp];52
[NoOp, NoOp];55
[NoOp, NoOp];52
[NoOp, NoOp];57
[NoOp, NoOp];55
[NoOp, NoOp];55
[NoOp, NoOp];57
[NoOp, NoOp];54
[NoOp, NoOp];52
[NoOp, NoOp];58
[NoOp, NoOp];56
[NoOp, NoOp];51
[NoOp, NoOp];55
[NoOp, NoOp];51
[NoOp, NoOp];57
[NoOp, NoOp];58
[NoOp, NoOp];56
[NoOp, NoOp];59
[NoOp, NoOp];57
[NoOp, NoOp];58
[NoOp, NoOp];60
[NoOp, NoOp];57
[NoOp, NoOp];68
[NoOp, NoOp];62
[NoOp, NoOp];65
[NoOp, NoOp];59
[NoOp, NoOp];59
[NoOp, NoOp];59
[NoOp, NoOp];63
[NoOp, NoOp];59
[NoOp, NoOp];56
[NoOp, NoOp];65
[NoOp, NoOp];124
[NoOp, NoOp];56
[NoOp, NoOp];60
[NoOp, NoOp];59
[NoOp, NoOp];63
[NoOp, NoOp];57
[NoOp, NoOp];57
[NoOp, NoOp];75
[NoOp, NoOp];62
[NoOp, NoOp];63
[NoOp, NoOp];65
[NoOp, NoOp];63
[NoOp, NoOp];65
[NoOp, NoOp];57
[NoOp, NoOp];56
[NoOp, NoOp];57
[NoOp, NoOp];54
[NoOp, NoOp];56
[NoOp, NoOp];57
[NoOp, NoOp];59
[NoOp, NoOp];62
[NoOp, NoOp];61
[NoOp, NoOp];61
[NoOp, NoOp];56
[NoOp, NoOp];58
[NoOp, NoOp];62
[NoOp, NoOp];58
[NoOp, NoOp];56
[NoOp, NoOp];58
[NoOp, NoOp];58
[NoOp, NoOp];60
[NoOp, NoOp];61
[NoOp, NoOp];56
[NoOp, NoOp];63
[NoOp, NoOp];77
[NoOp, NoOp];66
[NoOp, NoOp];55
[NoOp, NoOp];54
[NoOp, NoOp];53
[NoOp, NoOp];64
[NoOp, NoOp];62
[NoOp, NoOp];65
[NoOp, NoOp];61
[NoOp, NoOp];57
[NoOp, NoOp];54
[NoOp, NoOp];54
[NoOp, NoOp];54
[NoOp, NoOp];55
[NoOp, NoOp];54
[NoOp, NoOp];54
[NoOp, NoOp];55
[NoOp, NoOp];55
[NoOp, NoOp];53
[NoOp, NoOp];52
[NoOp, NoOp];52
[NoOp, NoOp];54
[NoOp, NoOp];55
[NoOp, NoOp];52
[NoOp, NoOp];53
[NoOp, NoOp];54
[NoOp, NoOp];58
[NoOp, NoOp];54
[NoOp, NoOp];55
[NoOp, NoOp];55
[NoOp, NoOp];59
[NoOp, NoOp];53
[NoOp, NoOp];57
[NoOp, NoOp];57
[NoOp, NoOp];55
[NoOp, NoOp];54
[NoOp, NoOp];54
[NoOp, NoOp];55
[NoOp, NoOp];54
[NoOp, NoOp];58
[NoOp, NoOp];53
[NoOp, NoOp];55
[NoOp, NoOp];54
[NoOp, NoOp];55
[NoOp, NoOp];55
[NoOp, NoOp];55
[NoOp, NoOp];55
[NoOp, NoOp];58
[NoOp, NoOp];52
[NoOp, NoOp];54
[NoOp, NoOp];51
[NoOp, NoOp];56
[NoOp, NoOp];54
[NoOp, NoOp];55
[NoOp, NoOp];53
[NoOp, NoOp];54
[NoOp, NoOp];53
[NoOp, NoOp];52
[NoOp, NoOp];53
[NoOp, NoOp];56
[NoOp, NoOp];54
[NoOp, NoOp];52
[NoOp, NoOp];58
[NoOp, NoOp];55
[NoOp, NoOp];52
[NoOp, NoOp];54
[NoOp, NoOp];54
[NoOp, NoOp];54
[NoOp, NoOp];54
[NoOp, NoOp];58
[NoOp, NoOp];53
[NoOp, NoOp];56
[NoOp, NoOp];56
[NoOp, NoOp];54
[NoOp, NoOp];55
[NoOp, NoOp];53
[NoOp, NoOp];54
[NoOp, NoOp];52
[NoOp, NoOp];57
[NoOp, NoOp];55
[NoOp, NoOp];54
[NoOp, NoOp];53
[NoOp, NoOp];58
[NoOp, NoOp];55
[NoOp, NoOp];53
[NoOp, NoOp];57
[NoOp, NoOp];52
[NoOp, NoOp];52
[NoOp, NoOp];69
[NoOp, NoOp];54
[NoOp, NoOp];55
[NoOp, NoOp];57
[NoOp, NoOp];54
[NoOp, NoOp];53
[NoOp, NoOp];55
[NoOp, NoOp];55
[NoOp, NoOp];54
[NoOp, NoOp];55
[NoOp, NoOp];60
[NoOp, NoOp];58
[NoOp, NoOp];67
[NoOp, NoOp];59
[NoOp, NoOp];59
[NoOp, NoOp];62
[NoOp, NoOp];60
[NoOp, NoOp];57
[NoOp, NoOp];59
[NoOp, NoOp];55
[NoOp, NoOp];58
[NoOp, NoOp];57
[NoOp, NoOp];63
[NoOp, NoOp];57
[NoOp, NoOp];57
[NoOp, NoOp];62
[NoOp, NoOp];64
[NoOp, NoOp];63
[NoOp, NoOp];70
[NoOp, NoOp];66
[NoOp, NoOp];67
[NoOp, NoOp];64
[NoOp, NoOp];67
[NoOp, NoOp];73
[NoOp, NoOp];79
[NoOp, NoOp];88
[NoOp, NoOp];72
[NoOp, NoOp];62
[NoOp, NoOp];63
[NoOp, NoOp];63
[NoOp, NoOp];62
[NoOp, NoOp];58
[NoOp, NoOp];57
[NoOp, NoOp];68
[NoOp, NoOp];61
[NoOp, NoOp];59
[NoOp, NoOp];67
[NoOp, NoOp];76
[NoOp, NoOp];78
[NoOp, NoOp];65
[NoOp, NoOp];62
[NoOp, NoOp];66
[NoOp, NoOp];59
[NoOp, NoOp];72
[NoOp, NoOp];82
[NoOp, NoOp];71
[NoOp, NoOp];69
[NoOp, NoOp];61
[NoOp, NoOp];97
[NoOp, NoOp];82
[NoOp, NoOp];79
[NoOp, NoOp];60
[NoOp, NoOp];57
[NoOp, NoOp];63
[NoOp, NoOp];59
[NoOp, NoOp];66
[NoOp, NoOp];62
[NoOp, NoOp];60
[NoOp, NoOp];60
[NoOp, NoOp];72
[NoOp, NoOp];87
[NoOp, NoOp];59
[NoOp, NoOp];72
[NoOp, NoOp];70
[NoOp, NoOp];63
[NoOp, NoOp];68
[NoOp, NoOp];72
[NoOp, NoOp];77
[NoOp, NoOp];70
[NoOp, NoOp];61
[NoOp, NoOp];73
[NoOp, NoOp];62
[NoOp, NoOp];64
[NoOp, NoOp];64
[NoOp, NoOp];64
[NoOp, NoOp];59
[NoOp, NoOp];60
[NoOp, NoOp];56
[NoOp, NoOp];58
[NoOp, NoOp];99
[NoOp, NoOp];65
[NoOp, NoOp];61
[NoOp, NoOp];55
[NoOp, NoOp];73
[NoOp, NoOp];67
[NoOp, NoOp];63
[NoOp, NoOp];63
[NoOp, NoOp];73
[NoOp, NoOp];67
[NoOp, NoOp];65
[NoOp, NoOp];71
[NoOp, NoOp];90
[NoOp, NoOp];66
[NoOp, NoOp];58
[NoOp, NoOp];59
[NoOp, NoOp];57
[NoOp, NoOp];55
[NoOp, NoOp];54
[NoOp, NoOp];55
[NoOp, NoOp];53
[NoOp, NoOp];56
[NoOp, NoOp];59
[NoOp, NoOp];56
[NoOp, NoOp];55
[NoOp, NoOp];59
[NoOp, NoOp];56
[NoOp, NoOp];57
[NoOp, NoOp];58
[NoOp, NoOp];61
[NoOp, NoOp];59
[NoOp, NoOp];77
[NoOp, NoOp];108
[NoOp, NoOp];59
[NoOp, NoOp];61
[NoOp, NoOp];59
[NoOp, NoOp];68
[NoOp, NoOp];64
[NoOp, NoOp];68
[NoOp, NoOp];65
[NoOp, NoOp];57
[NoOp, NoOp];54
[NoOp, NoOp];56
[NoOp, NoOp];54
[NoOp, NoOp];60
[NoOp, NoOp];63
[NoOp, NoOp];57
[NoOp, NoOp];58
[NoOp, NoOp];55
[NoOp, NoOp];54
[NoOp, NoOp];60
[NoOp, NoOp];58
[NoOp, NoOp];58
[NoOp, NoOp];61
[NoOp, NoOp];59
[NoOp, NoOp];56
[NoOp, NoOp];54
[NoOp, NoOp];56
[NoOp, NoOp];54
[NoOp, NoOp];57
[NoOp, NoOp];56
[NoOp, NoOp];58
[NoOp, NoOp];61
[NoOp, NoOp];58
[NoOp, NoOp];59
[NoOp, NoOp];61
[NoOp, NoOp];58
[NoOp, NoOp];59
[NoOp, NoOp];58
[NoOp, NoOp];58
[NoOp, NoOp];58
[NoOp, NoOp];59
[NoOp, NoOp];55
[NoOp, NoOp];56
[NoOp, NoOp];54
[NoOp, NoOp];54
[NoOp, NoOp];58
[NoOp, NoOp];54
[NoOp, NoOp];54
[NoOp, NoOp];57
[NoOp, NoOp];56
[NoOp, NoOp];57
[NoOp, NoOp];59
[NoOp, NoOp];57
[NoOp, NoOp];57
[NoOp, NoOp];55
[NoOp, NoOp];56
[NoOp, NoOp];56
[NoOp, NoOp];55
[NoOp, NoOp];56
[NoOp, NoOp];54
[NoOp, NoOp];65
[NoOp, NoOp];66
[NoOp, NoOp];55
[NoOp, NoOp];56
[NoOp, NoOp];55
[NoOp, NoOp];56
[NoOp, NoOp];55
[NoOp, NoOp];56
[NoOp, NoOp];57
[NoOp, NoOp];55
[NoOp, NoOp];54
[NoOp, NoOp];56
[NoOp, NoOp];55
[NoOp, NoOp];55
[NoOp, NoOp];56
[NoOp, NoOp];56
[NoOp, NoOp];57
[NoOp, NoOp];59
[NoOp, NoOp];58
[NoOp, NoOp];59
[NoOp, NoOp];56
[NoOp, NoOp];57
[NoOp, NoOp];57
[NoOp, NoOp];59
[NoOp, NoOp];56
[NoOp, NoOp];61
[NoOp, NoOp];61
[NoOp, NoOp];58
[NoOp, NoOp];60
[NoOp, NoOp];55
[NoOp, NoOp];56
[NoOp, NoOp];57
[NoOp, NoOp];58
[NoOp, NoOp];59
[NoOp, NoOp];57
[NoOp, NoOp];60
[NoOp, NoOp];58
[NoOp, NoOp];60
[NoOp, NoOp];58
[NoOp, NoOp];60
[NoOp, NoOp];57
[NoOp, NoOp];60
[NoOp, NoOp];65
[NoOp, NoOp];60
[NoOp, NoOp];59
[NoOp, NoOp];59
[NoOp, NoOp];57
[NoOp, NoOp];59
[NoOp, NoOp];54
[NoOp, NoOp];55
[NoOp, NoOp];53
[NoOp, NoOp];56
[NoOp, NoOp];56
[NoOp, NoOp];59
[NoOp, NoOp];58
[NoOp, NoOp];57
[NoOp, NoOp];54
[NoOp, NoOp];55
[NoOp, NoOp];55
[NoOp, NoOp];60
[NoOp, NoOp];63
[NoOp, NoOp];63
[NoOp, NoOp];63
[NoOp, NoOp];61
[NoOp, NoOp];59
[NoOp, NoOp];72
[NoOp, NoOp];61
[NoOp, NoOp];57
[NoOp, NoOp];90
[NoOp, NoOp];58
[NoOp, NoOp];63
[NoOp, NoOp];58
[NoOp, NoOp];57
[NoOp, NoOp];61
[NoOp, NoOp];60
[NoOp, NoOp];60
[NoOp, NoOp];70
[NoOp, NoOp];55
[NoOp, NoOp];55
[NoOp, NoOp];56
[NoOp, NoOp];88
[NoOp, NoOp];94
[NoOp, NoOp];82
[NoOp, NoOp];104
[NoOp, NoOp];96
[NoOp, NoOp];93
[NoOp, NoOp];87
[NoOp, NoOp];66
[NoOp, NoOp];87
[NoOp, NoOp];88
[NoOp, NoOp];78
[NoOp, NoOp];76
[NoOp, NoOp];86
[NoOp, NoOp];88
[NoOp, NoOp];90
[NoOp, NoOp];67
[NoOp, NoOp];60
[NoOp, NoOp];60
[NoOp, NoOp];61
[NoOp, NoOp];86
[NoOp, NoOp];76
[NoOp, NoOp];75
[NoOp, NoOp];63
[NoOp, NoOp];62
[NoOp, NoOp];82
[NoOp, NoOp];67
[NoOp, NoOp];69
[NoOp, NoOp];53
[NoOp, NoOp];55
[NoOp, NoOp];70
[NoOp, NoOp];60
[NoOp, NoOp];54
[NoOp, NoOp];71
[NoOp, NoOp];54
[NoOp, NoOp];58
[NoOp, NoOp];70
[NoOp, NoOp];63
[NoOp, NoOp];65
[NoOp, NoOp];58
[NoOp, NoOp];59
[NoOp, NoOp];67
[NoOp, NoOp];57
[NoOp, NoOp];73
[NoOp, NoOp];82
[NoOp, NoOp];82
[NoOp, NoOp];90
[NoOp, NoOp];65
[NoOp, NoOp];62
[NoOp, NoOp];60
[NoOp, NoOp];59
[NoOp, NoOp];55
[NoOp, NoOp];54
[NoOp, NoOp];55
[NoOp, NoOp];71
[NoOp, NoOp];73
[NoOp, NoOp];60
[NoOp, NoOp];59
[NoOp, NoOp];56
[NoOp, NoOp];56
[NoOp, NoOp];53
[NoOp, NoOp];55
[NoOp, NoOp];55
[NoOp, NoOp];65
[NoOp, NoOp];108
[NoOp, NoOp];62
[NoOp, NoOp];58
[NoOp, NoOp];57
[NoOp, NoOp];60
[NoOp, NoOp];62
[NoOp, NoOp];59
[NoOp, NoOp];61
[NoOp, NoOp];57
[NoOp, NoOp];56
[NoOp, NoOp];56
[NoOp, NoOp];54
[NoOp, NoOp];58
[NoOp, NoOp];62
[NoOp, NoOp];59
[NoOp, NoOp];60
[NoOp, NoOp];53
[NoOp, NoOp];56
[NoOp, NoOp];59
[NoOp, NoOp];54
[NoOp, NoOp];54
[NoOp, NoOp];56
[NoOp, NoOp];58
[NoOp, NoOp];59
[NoOp, NoOp];62
[NoOp, NoOp];59
[NoOp, NoOp];62
[NoOp, NoOp];60
[NoOp, NoOp];60
[NoOp, NoOp];61
[NoOp, NoOp];57
[NoOp, NoOp];58
[NoOp, NoOp];56
[NoOp, NoOp];55
[NoOp, NoOp];56
[NoOp, NoOp];55
[NoOp, NoOp];54
[NoOp, NoOp];55
[NoOp, NoOp];58
[NoOp, NoOp];53
[NoOp, NoOp];55
[NoOp, NoOp];87
[NoOp, NoOp];57
[NoOp, NoOp];64
[NoOp, NoOp];57
[NoOp, NoOp];56
[NoOp, NoOp];54
[NoOp, NoOp];59
[NoOp, NoOp];62
[NoOp, NoOp];60
[NoOp, NoOp];62
[NoOp, NoOp];57
[NoOp, NoOp];54
[NoOp, NoOp];54
[NoOp, NoOp];54
[NoOp, NoOp];53
[NoOp, NoOp];54
[NoOp, NoOp];53
[NoOp, NoOp];55
[NoOp, NoOp];56
[NoOp, NoOp];55
[NoOp, NoOp];54
[NoOp, NoOp];61
[NoOp, NoOp];62
[NoOp, NoOp];60
[NoOp, NoOp];63
[NoOp, NoOp];56
[NoOp, NoOp];67
[NoOp, NoOp];70
[NoOp, NoOp];74
[NoOp, NoOp];73
[NoOp, NoOp];74
[NoOp, NoOp];75
[NoOp, NoOp];75
[NoOp, NoOp];66
[NoOp, NoOp];69
[NoOp, NoOp];63
[NoOp, NoOp];59
[NoOp, NoOp];58
[NoOp, NoOp];57
[NoOp, NoOp];58
[NoOp, NoOp];61
[NoOp, NoOp];58
[NoOp, NoOp];55
[NoOp, NoOp];54
[NoOp, NoOp];55
[NoOp, NoOp];55
[NoOp, NoOp];64
[NoOp, NoOp];89
[NoOp, NoOp];68
[NoOp, NoOp];62
[NoOp, NoOp];68
[NoOp, NoOp];65
[NoOp, NoOp];58
[NoOp, NoOp];56
[NoOp, NoOp];57
[NoOp, NoOp];54
[NoOp, NoOp];58
[NoOp, NoOp];61
[NoOp, NoOp];63
[NoOp, NoOp];61
[NoOp, NoOp];58
[NoOp, NoOp];57
[NoOp, NoOp];57
[NoOp, NoOp];56
[NoOp, NoOp];58
[NoOp, NoOp];59
[NoOp, NoOp];59
[NoOp, NoOp];56
[NoOp, NoOp];55
[NoOp, NoOp];55
[NoOp, NoOp];54
[NoOp, NoOp];56
[NoOp, NoOp];57
[NoOp, NoOp];60
[NoOp, NoOp];57
[NoOp, NoOp];59
[NoOp, NoOp];61
[NoOp, NoOp];61
[NoOp, NoOp];61
[NoOp, NoOp];54
[NoOp, NoOp];58
[NoOp, NoOp];61
[NoOp, NoOp];62
[NoOp, NoOp];61
[NoOp, NoOp];61
[NoOp, NoOp];59
[NoOp, NoOp];55
[NoOp, NoOp];56
[NoOp, NoOp];56
[NoOp, NoOp];61
[NoOp, NoOp];56
[NoOp, NoOp];57
[NoOp, NoOp];67
[NoOp, NoOp];58
[NoOp, NoOp];60
[NoOp, NoOp];59
[NoOp, NoOp];58
[NoOp, NoOp];60
[NoOp, NoOp];58
[NoOp, NoOp];59
[NoOp, NoOp];59
[NoOp, NoOp];62
[NoOp, NoOp];61
[NoOp, NoOp];60
[NoOp, NoOp];60
[NoOp, NoOp];55
[NoOp, NoOp];54
[NoOp, NoOp];56
[NoOp, NoOp];57
[NoOp, NoOp];55
[NoOp, NoOp];59
[NoOp, NoOp];59
[NoOp, NoOp];69
[NoOp, NoOp];59
[NoOp, NoOp];58
[NoOp, NoOp];57
[NoOp, NoOp];55
[NoOp, NoOp];58
[NoOp, NoOp];54
[NoOp, NoOp];54
[NoOp, NoOp];56
[NoOp, NoOp];58
[NoOp, NoOp];61
[NoOp, NoOp];58
[NoOp, NoOp];55
[NoOp, NoOp];55
[NoOp, NoOp];58
[NoOp, NoOp];61
[NoOp, NoOp];60
[NoOp, NoOp];62
[NoOp, NoOp];58
[NoOp, NoOp];60
[NoOp, NoOp];60
[NoOp, NoOp];61
[NoOp, NoOp];61
[NoOp, NoOp];58
[NoOp, NoOp];59
[NoOp, NoOp];58
[NoOp, NoOp];57
[NoOp, NoOp];56
[NoOp, NoOp];58
[NoOp, NoOp];57
[NoOp, NoOp];63
[NoOp, NoOp];65
[NoOp, NoOp];59
[NoOp, NoOp];59
[NoOp, NoOp];59
[NoOp, NoOp];59
[NoOp, NoOp];59
[NoOp, NoOp];56
[NoOp, NoOp];60
[NoOp, NoOp];55
[NoOp, NoOp];59
[NoOp, NoOp];61
[NoOp, NoOp];62
[NoOp, NoOp];57
[NoOp, NoOp];56
[NoOp, NoOp];57
[NoOp, NoOp];58
[NoOp, NoOp];62
[NoOp, NoOp];58
[NoOp, NoOp];57
[NoOp, NoOp];56
[NoOp, NoOp];56
[NoOp, NoOp];55
[NoOp, NoOp];57
[NoOp, NoOp];58
[NoOp, NoOp];57
[NoOp, NoOp];70
[NoOp, NoOp];59
[NoOp, NoOp];60
[NoOp, NoOp];54
[NoOp, NoOp];56
[NoOp, NoOp];56
[NoOp, NoOp];52
[NoOp, NoOp];56
[NoOp, NoOp];53
[NoOp, NoOp];56
[NoOp, NoOp];54
[NoOp, NoOp];55
[NoOp, NoOp];54
[NoOp, NoOp];58
[NoOp, NoOp];60
[NoOp, NoOp];58
[NoOp, NoOp];59
[NoOp, NoOp];60
[NoOp, NoOp];60
[NoOp, NoOp];58
[NoOp, NoOp];61
[NoOp, NoOp];58
[NoOp, NoOp];55
[NoOp, NoOp];56
[NoOp, NoOp];54
[NoOp, NoOp];55
[NoOp, NoOp];56
[NoOp, NoOp];55
[NoOp, NoOp];56
[NoOp, NoOp];55
[NoOp, NoOp];59
[NoOp, NoOp];54
[NoOp, NoOp];54
[NoOp, NoOp];56
[NoOp, NoOp];53
[NoOp, NoOp];56
[NoOp, NoOp];54
[NoOp, NoOp];55
[NoOp, NoOp];55
[NoOp, NoOp];77
[NoOp, NoOp];66
[NoOp, NoOp];59
[NoOp, NoOp];56
[NoOp, NoOp];55
[NoOp, NoOp];57
[NoOp, NoOp];57
[NoOp, NoOp];57
[NoOp, NoOp];58
[NoOp, NoOp];62
[NoOp, NoOp];56
[NoOp, NoOp];57
[NoOp, NoOp];55
[NoOp, NoOp];56
[NoOp, NoOp];55
[NoOp, NoOp];56
[NoOp, NoOp];65
[NoOp, NoOp];54
[NoOp, NoOp];56
[NoOp, NoOp];56
[NoOp, NoOp];56
[NoOp, NoOp];56
[NoOp, NoOp];59
[NoOp, NoOp];60
[NoOp, NoOp];56
[NoOp, NoOp];54
[NoOp, NoOp];59
[NoOp, NoOp];67
[NoOp, NoOp];70
[NoOp, NoOp];61
[NoOp, NoOp];58
[NoOp, NoOp];62
[NoOp, NoOp];62
[NoOp, NoOp];59
[NoOp, NoOp];58
[NoOp, NoOp];56
[NoOp, NoOp];56
[NoOp, NoOp];58
[NoOp, NoOp];65
[NoOp, NoOp];93
[NoOp, NoOp];99
[NoOp, NoOp];96
[NoOp, NoOp];66
[NoOp, NoOp];56
[NoOp, NoOp];64
[NoOp, NoOp];85
[NoOp, NoOp];87
[NoOp, NoOp];70
[NoOp, NoOp];75
[NoOp, NoOp];67
[NoOp, NoOp];82
[NoOp, NoOp];65
[NoOp, NoOp];63
[NoOp, NoOp];59
[NoOp, NoOp];64
[NoOp, NoOp];62
[NoOp, NoOp];60
[NoOp, NoOp];59
[NoOp, NoOp];59
[NoOp, NoOp];55
[NoOp, NoOp];53
[NoOp, NoOp];57
[NoOp, NoOp];52
[NoOp, NoOp];71
[NoOp, NoOp];76
[NoOp, NoOp];72
[NoOp, NoOp];71
[NoOp, NoOp];69
[NoOp, NoOp];74
[NoOp, NoOp];65
[NoOp, NoOp];68
[NoOp, NoOp];62
[NoOp, NoOp];58
[NoOp, NoOp];70
[NoOp, NoOp];66
[NoOp, NoOp];62
[NoOp, NoOp];69
[NoOp, NoOp];56
[NoOp, NoOp];59
[NoOp, NoOp];62
[NoOp, NoOp];53
[NoOp, NoOp];60
[NoOp, NoOp];62
[NoOp, NoOp];58
[NoOp, NoOp];53
[NoOp, NoOp];62
[NoOp, NoOp];57
[NoOp, NoOp];57
[NoOp, NoOp];63
[NoOp, NoOp];59
[NoOp, NoOp];52
[NoOp, NoOp];61
[NoOp, NoOp];53
[NoOp, NoOp];55
[NoOp, NoOp];54
[NoOp, NoOp];56
[NoOp, NoOp];56
[NoOp, NoOp];62
[NoOp, NoOp];64
[NoOp, NoOp];58
[NoOp, NoOp];73
[NoOp, NoOp];61
[NoOp, NoOp];62
[NoOp, NoOp];62
[NoOp, NoOp];65
[NoOp, NoOp];61
[NoOp, NoOp];68
[NoOp, NoOp];73
[NoOp, NoOp];68
[NoOp, NoOp];70
[NoOp, NoOp];65
[NoOp, NoOp];64
[NoOp, NoOp];55
[NoOp, NoOp];61
[NoOp, NoOp];60
[NoOp, NoOp];55
[NoOp, NoOp];58
[NoOp, NoOp];57
[NoOp, NoOp];56
[NoOp, NoOp];55
[NoOp, NoOp];63
[NoOp, NoOp];58
[NoOp, NoOp];57
[NoOp, NoOp];56
[NoOp, NoOp];57
[NoOp, NoOp];55
[NoOp, NoOp];53
[NoOp, NoOp];54
[NoOp, NoOp];55
[NoOp, NoOp];59
[NoOp, NoOp];62
[NoOp, NoOp];61
[NoOp, NoOp];63
[NoOp, NoOp];53
[NoOp, NoOp];52
[NoOp, NoOp];52
[NoOp, NoOp];57
[NoOp, NoOp];61
[NoOp, NoOp];56
[NoOp, NoOp];53
[NoOp, NoOp];59
[NoOp, NoOp];56
[NoOp, NoOp];58
[NoOp, NoOp];54
[NoOp, NoOp];57
[NoOp, NoOp];54
[NoOp, NoOp];52
[NoOp, NoOp];59
[NoOp, NoOp];52
[NoOp, NoOp];57
[NoOp, NoOp];50
[NoOp, NoOp];55
[NoOp, NoOp];55
[NoOp, NoOp];56
[NoOp, NoOp];52
[NoOp, NoOp];55
[NoOp, NoOp];49
[NoOp, NoOp];58
[NoOp, NoOp];57
[NoOp, NoOp];55
[NoOp, NoOp];55
[NoOp, NoOp];55
[NoOp, NoOp];49
[NoOp, NoOp];59
[NoOp, NoOp];50
[NoOp, NoOp];51
[NoOp, NoOp];53
[NoOp, NoOp];55
[NoOp, NoOp];65
[NoOp, NoOp];55
[NoOp, NoOp];51
[NoOp, NoOp];56
[NoOp, NoOp];53
[NoOp, NoOp];50
[NoOp, NoOp];58
[NoOp, NoOp];51
[NoOp, NoOp];52
[NoOp, NoOp];55
[NoOp, NoOp];51
[NoOp, NoOp];56
[NoOp, NoOp];53
[NoOp, NoOp];54
[NoOp, NoOp];54
[NoOp, NoOp];52
[NoOp, NoOp];52
[NoOp, NoOp];52
[NoOp, NoOp];59
[NoOp, NoOp];59
[NoOp, NoOp];54
[NoOp, NoOp];55
[NoOp, NoOp];59
[NoOp, NoOp];55
[NoOp, NoOp];58
[NoOp, NoOp];51
[NoOp, NoOp];49
[NoOp, NoOp];53
[NoOp, NoOp];49
[NoOp, NoOp];52
[NoOp, NoOp];49
[NoOp, NoOp];57
[NoOp, NoOp];49
[NoOp, NoOp];53
[NoOp, NoOp];56
[NoOp, NoOp];52
[NoOp, NoOp];53
[NoOp, NoOp];60
[NoOp, NoOp];57
[NoOp, NoOp];58
[NoOp, NoOp];55
[NoOp, NoOp];55
[NoOp, NoOp];53
[NoOp, NoOp];58
[NoOp, NoOp];56
[NoOp, NoOp];51
[NoOp, NoOp];54
[NoOp, NoOp];51
[NoOp, NoOp];58
[NoOp, NoOp];55
[NoOp, NoOp];62
[NoOp, NoOp];59
[NoOp, NoOp];57
[NoOp, NoOp];56
[NoOp, NoOp];54
[NoOp, NoOp];58
[NoOp, NoOp];59
[NoOp, NoOp];58
[NoOp, NoOp];51
[NoOp, NoOp];57
[NoOp, NoOp];56
[NoOp, NoOp];54
[NoOp, NoOp];56
[NoOp, NoOp];54
[NoOp, NoOp];54
[NoOp, NoOp];52
[NoOp, NoOp];60
[NoOp, NoOp];54
[NoOp, NoOp];57
[NoOp, NoOp];58
[NoOp, NoOp];52
[NoOp, NoOp];51
[NoOp, NoOp];55
[NoOp, NoOp];54
[NoOp, NoOp];58
[NoOp, NoOp];58
[NoOp, NoOp];53
[NoOp, NoOp];55
[NoOp, NoOp];50
[NoOp, NoOp];55
[NoOp, NoOp];55
[NoOp, NoOp];55
[NoOp, NoOp];56
[NoOp, NoOp];52
[NoOp, NoOp];56
[NoOp, NoOp];78
[NoOp, NoOp];56
[NoOp, NoOp];55
[NoOp, NoOp];53
[NoOp, NoOp];54
[NoOp, NoOp];54
[NoOp, NoOp];51
[NoOp, NoOp];55
[NoOp, NoOp];57
[NoOp, NoOp];57
[NoOp, NoOp];52
[NoOp, NoOp];68
[NoOp, NoOp];54
[NoOp, NoOp];58
[NoOp, NoOp];52
[NoOp, NoOp];55
[NoOp, NoOp];56
[NoOp, NoOp];55
[NoOp, NoOp];56
[NoOp, NoOp];57
[NoOp, NoOp];54
[NoOp, NoOp];60
[NoOp, NoOp];54
[NoOp, NoOp];55
[NoOp, NoOp];55
[NoOp, NoOp];57
[NoOp, NoOp];51
[NoOp, NoOp];58
[NoOp, NoOp];54
[NoOp, NoOp];52
[NoOp, NoOp];54
[NoOp, NoOp];56
[NoOp, NoOp];57
[NoOp, NoOp];53
[NoOp, NoOp];49
[NoOp, NoOp];51
[NoOp, NoOp];52
[NoOp, NoOp];50
[NoOp, NoOp];53
[NoOp, NoOp];58
[NoOp, NoOp];55
[NoOp, NoOp];51
[NoOp, NoOp];54
[NoOp, NoOp];54
[NoOp, NoOp];54
[NoOp, NoOp];53
[NoOp, NoOp];59
[NoOp, NoOp];53
[NoOp, NoOp];55
[NoOp, NoOp];58
[NoOp, NoOp];58
[NoOp, NoOp];59
[NoOp, NoOp];58
[NoOp, NoOp];57
[NoOp, NoOp];56
[NoOp, NoOp];56
[NoOp, NoOp];61
[NoOp, NoOp];61
[NoOp, NoOp];64
[NoOp, NoOp];58
[NoOp, NoOp];53
[NoOp, NoOp];57
[NoOp, NoOp];62
[NoOp, NoOp];59
[NoOp, NoOp];56
[NoOp, NoOp];53
[NoOp, NoOp];49
[NoOp, NoOp];58
[NoOp, NoOp];53
[NoOp, NoOp];56
[NoOp, NoOp];56
[NoOp, NoOp];60
[NoOp, NoOp];52
[NoOp, NoOp];55
[NoOp, NoOp];53
[NoOp, NoOp];58
[NoOp, NoOp];62
[NoOp, NoOp];55
[NoOp, NoOp];55
[NoOp, NoOp];49
[NoOp, NoOp];51
[NoOp, NoOp];57
[NoOp, NoOp];59
[NoOp, NoOp];51
[NoOp, NoOp];57
[NoOp, NoOp];51
[NoOp, NoOp];58
[NoOp, NoOp];52
[NoOp, NoOp];55
[NoOp, NoOp];51
[NoOp, NoOp];57
[NoOp, NoOp];49
[NoOp, NoOp];51
[NoOp, NoOp];49
[NoOp, NoOp];51
[NoOp, NoOp];51
[NoOp, NoOp];50
[NoOp, NoOp];51
[NoOp, NoOp];53
[NoOp, NoOp];53
[NoOp, NoOp];55
[NoOp, NoOp];54
[NoOp, NoOp];54
[NoOp, NoOp];50
[NoOp, NoOp];51
[NoOp, NoOp];53
[NoOp, NoOp];50
[NoOp, NoOp];52
[NoOp, NoOp];51
[NoOp, NoOp];50
[NoOp, NoOp];56
[NoOp, NoOp];50
[NoOp, NoOp];53
[NoOp, NoOp];53
[NoOp, NoOp];52
[NoOp, NoOp];50
[NoOp, NoOp];51
[NoOp, NoOp];54
[NoOp, NoOp];53
[NoOp, NoOp];50
[NoOp, NoOp];57
[NoOp, NoOp];50
[NoOp, NoOp];49
[NoOp, NoOp];55
[NoOp, NoOp];49
[NoOp, NoOp];56
[NoOp, NoOp];57
[NoOp, NoOp];52
[NoOp, NoOp];54
[NoOp, NoOp];57
[NoOp, NoOp];56
[NoOp, NoOp];54
[NoOp, NoOp];57
[NoOp, NoOp];54
[NoOp, NoOp];57
[NoOp, NoOp];55
[NoOp, NoOp];55
[NoOp, NoOp];52
[NoOp, NoOp];56
[NoOp, NoOp];59
[NoOp, NoOp];55
[NoOp, NoOp];52
[NoOp, NoOp];53
[NoOp, NoOp];53
[NoOp, NoOp];51
[NoOp, NoOp];56
[NoOp, NoOp];56
[NoOp, NoOp];54
[NoOp, NoOp];51
[NoOp, NoOp];49
[NoOp, NoOp];55
[NoOp, NoOp];50
[NoOp, NoOp];56
[NoOp, NoOp];50
[NoOp, NoOp];53
[NoOp, NoOp];51
[NoOp, NoOp];49
[NoOp, NoOp];58
[NoOp, NoOp];56
[NoOp, NoOp];57
[NoOp, NoOp];64
[NoOp, NoOp];60
[NoOp, NoOp];56
[NoOp, NoOp];56
[NoOp, NoOp];53
[NoOp, NoOp];50
[NoOp, NoOp];52
[NoOp, NoOp];50
[NoOp, NoOp];53
[NoOp, NoOp];51
[NoOp, NoOp];62
[NoOp, NoOp];61
[NoOp, NoOp];62
[NoOp, NoOp];61
[NoOp, NoOp];58
[NoOp, NoOp];56
[NoOp, NoOp];55
[NoOp, NoOp];54
[NoOp, NoOp];55
[NoOp, NoOp];57
[NoOp, NoOp];53
[NoOp, NoOp];58
[NoOp, NoOp];54
[NoOp, NoOp];58
[NoOp, NoOp];54
[NoOp, NoOp];52
[NoOp, NoOp];57
[NoOp, NoOp];62
[NoOp, NoOp];56
[NoOp, NoOp];55
[NoOp, NoOp];64
[NoOp, NoOp];55
[NoOp, NoOp];58
[NoOp, NoOp];55
[NoOp, NoOp];57
[NoOp, NoOp];59
[NoOp, NoOp];53
[NoOp, NoOp];60
[NoOp, NoOp];50
[NoOp, NoOp];56
[NoOp, NoOp];60
[NoOp, NoOp];51
[NoOp, NoOp];57
[NoOp, NoOp];57
[NoOp, NoOp];53
[NoOp, NoOp];59
[NoOp, NoOp];53
[NoOp, NoOp];60
[NoOp, NoOp];56
[NoOp, NoOp];55
[NoOp, NoOp];56
[NoOp, NoOp];52
[NoOp, NoOp];61
[NoOp, NoOp];58
[NoOp, NoOp];53
[NoOp, NoOp];57
[NoOp, NoOp];52
[NoOp, NoOp];54
[NoOp, NoOp];56
[NoOp, NoOp];58
[NoOp, NoOp];58
[NoOp, NoOp];56
[NoOp, NoOp];56
[NoOp, NoOp];57
[NoOp, NoOp];60
[NoOp, NoOp];56
[NoOp, NoOp];55
[NoOp, NoOp];59
[NoOp, NoOp];56
[NoOp, NoOp];57
[NoOp, NoOp];54
[NoOp, NoOp];60
[NoOp, NoOp];56
[NoOp, NoOp];60
[NoOp, NoOp];57
[NoOp, NoOp];52
[NoOp, NoOp];55
[NoOp, NoOp];49
[NoOp, NoOp];54
[NoOp, NoOp];51
[NoOp, NoOp];55
[NoOp, NoOp];57
[NoOp, NoOp];53
[NoOp, NoOp];55
[NoOp, NoOp];57
[NoOp, NoOp];51
[NoOp, NoOp];56
[NoOp, NoOp];55
[NoOp, NoOp];54
[NoOp, NoOp];57
[NoOp, NoOp];54
[NoOp, NoOp];56
[NoOp, NoOp];62
[NoOp, NoOp];57
[NoOp, NoOp];59
[NoOp, NoOp];56
[NoOp, NoOp];54
[NoOp, NoOp];62
[NoOp, NoOp];58
[NoOp, NoOp];57
[NoOp, NoOp];50
[NoOp, NoOp];56
[NoOp, NoOp];58
[NoOp, NoOp];56
[NoOp, NoOp];56
[NoOp, NoOp];51
[NoOp, NoOp];50
[NoOp, NoOp];50
[NoOp, NoOp];54
[NoOp, NoOp];57
[NoOp, NoOp];52
[NoOp, NoOp];56
[NoOp, NoOp];62
[NoOp, NoOp];56
[NoOp, NoOp];57
[NoOp, NoOp];55
[NoOp, NoOp];50
[NoOp, NoOp];55
[NoOp, NoOp];57
[NoOp, NoOp];57
[NoOp, NoOp];55
[NoOp, NoOp];54
[NoOp, NoOp];54
[NoOp, NoOp];51
[NoOp, NoOp];49
[NoOp, NoOp];56
[NoOp, NoOp];54
[NoOp, NoOp];56
[NoOp, NoOp];56
[NoOp, NoOp];55
[NoOp, NoOp];51
[NoOp, NoOp];56
[NoOp, NoOp];49
[NoOp, NoOp];51
[NoOp, NoOp];52
[NoOp, NoOp];55
[NoOp, NoOp];58
[NoOp, NoOp];57
[NoOp, NoOp];53
[NoOp, NoOp];56
[NoOp, NoOp];56
[NoOp, NoOp];53
[NoOp, NoOp];55
[NoOp, NoOp];53
[NoOp, NoOp];58
[NoOp, NoOp];55
[NoOp, NoOp];62
[NoOp, NoOp];65
[NoOp, NoOp];57
[NoOp, NoOp];56
[NoOp, NoOp];57
[NoOp, NoOp];53
[NoOp, NoOp];51
[NoOp, NoOp];49
[NoOp, NoOp];54
[NoOp, NoOp];51
[NoOp, NoOp];52
[NoOp, NoOp];61
[NoOp, NoOp];60
[NoOp, NoOp];62
[NoOp, NoOp];62
[NoOp, NoOp];61
[NoOp, NoOp];58
[NoOp, NoOp];54
[NoOp, NoOp];54
[NoOp, NoOp];53
[NoOp, NoOp];50
[NoOp, NoOp];57
[NoOp, NoOp];51
[NoOp, NoOp];53
[NoOp, NoOp];61
[NoOp, NoOp];57
[NoOp, NoOp];53
[NoOp, NoOp];56
[NoOp, NoOp];52
[NoOp, NoOp];55
[NoOp, NoOp];57
[NoOp, NoOp];53
[NoOp, NoOp];50
[NoOp, NoOp];54
[NoOp, NoOp];59
[NoOp, NoOp];50
[NoOp, NoOp];52
[NoOp, NoOp];51
[NoOp, NoOp];57
[NoOp, NoOp];51
[NoOp, NoOp];54
[NoOp, NoOp];57
[NoOp, NoOp];60
[NoOp, NoOp];59
[NoOp, NoOp];62
[NoOp, NoOp];60
[NoOp, NoOp];59
[NoOp, NoOp];54
[NoOp, NoOp];51
[NoOp, NoOp];57
[NoOp, NoOp];51
[NoOp, NoOp];55
[NoOp, NoOp];56
[NoOp, NoOp];62
[NoOp, NoOp];56
[NoOp, NoOp];56
[NoOp, NoOp];52
[NoOp, NoOp];53
[NoOp, NoOp];58
[NoOp, NoOp];56
[NoOp, NoOp];58
[NoOp, NoOp];54
[NoOp, NoOp];55
[NoOp, NoOp];54
[NoOp, NoOp];60
[NoOp, NoOp];56
[NoOp, NoOp];54
[NoOp, NoOp];52
[NoOp, NoOp];56
[NoOp, NoOp];56
[NoOp, NoOp];51
[NoOp, NoOp];58
[NoOp, NoOp];55
[NoOp, NoOp];54
[NoOp, NoOp];63
[NoOp, NoOp];56
[NoOp, NoOp];55
[NoOp, NoOp];77
[NoOp, NoOp];56
[NoOp, NoOp];58
[NoOp, NoOp];53
[NoOp, NoOp];58
[NoOp, NoOp];57
[NoOp, NoOp];58
[NoOp, NoOp];54
[NoOp, NoOp];56
[NoOp, NoOp];55
[NoOp, NoOp];57
[NoOp, NoOp];54
[NoOp, NoOp];55
[NoOp, NoOp];54
[NoOp, NoOp];57
[NoOp, NoOp];58
[NoOp, NoOp];56
[NoOp, NoOp];58
[NoOp, NoOp];57
[NoOp, NoOp];58
[NoOp, NoOp];55
[NoOp, NoOp];56
[NoOp, NoOp];58
[NoOp, NoOp];58
[NoOp, NoOp];60
[NoOp, NoOp];56
[NoOp, NoOp];54
[NoOp, NoOp];51
[NoOp, NoOp];55
[NoOp, NoOp];60
[NoOp, NoOp];54
[NoOp, NoOp];55
[NoOp, NoOp];59
[NoOp, NoOp];53
[NoOp, NoOp];54
[NoOp, NoOp];53
[NoOp, NoOp];57
[NoOp, NoOp];57
[NoOp, NoOp];58
[NoOp, NoOp];59
[NoOp, NoOp];59
[NoOp, NoOp];55
[NoOp, NoOp];59
[NoOp, NoOp];57
[NoOp, NoOp];59
[NoOp, NoOp];57
[NoOp, NoOp];56
[NoOp, NoOp];53
[NoOp, NoOp];54
[NoOp, NoOp];52
[NoOp, NoOp];55
[NoOp, NoOp];55
[NoOp, NoOp];56
[NoOp, NoOp];53
[NoOp, NoOp];52
[NoOp, NoOp];57
[NoOp, NoOp];54
[NoOp, NoOp];56
[NoOp, NoOp];60
[NoOp, NoOp];55
[NoOp, NoOp];55
[NoOp, NoOp];56
[NoOp, NoOp];56
[NoOp, NoOp];50
[NoOp, NoOp];52
[NoOp, NoOp];53
[NoOp, NoOp];55
[NoOp, NoOp];58
[NoOp, NoOp];59
[NoOp, NoOp];60
[NoOp, NoOp];60
[NoOp, NoOp];63
[NoOp, NoOp];59
[NoOp, NoOp];54
[NoOp, NoOp];57
[NoOp, NoOp];55
[NoOp, NoOp];62
[NoOp, NoOp];53
[NoOp, NoOp];57
[NoOp, NoOp];56
[NoOp, NoOp];58
[NoOp, NoOp];55
[NoOp, NoOp];51
[NoOp, NoOp];55
[NoOp, NoOp];58
[NoOp, NoOp];57
[NoOp, NoOp];58
[NoOp, NoOp];58
[NoOp, NoOp];55
[NoOp, NoOp];56
[NoOp, NoOp];54
[NoOp, NoOp];56
[NoOp, NoOp];53
[NoOp, NoOp];57
[NoOp, NoOp];58
[NoOp, NoOp];54
[NoOp, NoOp];54
[NoOp, NoOp];50
[NoOp, NoOp];55
[NoOp, NoOp];58
[NoOp, NoOp];56
[NoOp, NoOp];52
[NoOp, NoOp];57
[NoOp, NoOp];53
[NoOp, NoOp];57
[NoOp, NoOp];56
[NoOp, NoOp];58
[NoOp, NoOp];52
[NoOp, NoOp];57
[NoOp, NoOp];51
[NoOp, NoOp];56
[NoOp, NoOp];53
[NoOp, NoOp];54
[NoOp, NoOp];56
[NoOp, NoOp];54
[NoOp, NoOp];56
[NoOp, NoOp];57
[NoOp, NoOp];58
[NoOp, NoOp];51
[NoOp, NoOp];57
[NoOp, NoOp];55
[NoOp, NoOp];54
[NoOp, NoOp];52
[NoOp, NoOp];55
[NoOp, NoOp];59
[NoOp, NoOp];59
[NoOp, NoOp];59
[NoOp, NoOp];57
[NoOp, NoOp];58
[NoOp, NoOp];54
[NoOp, NoOp];57
[NoOp, NoOp];60
[NoOp, NoOp];54
[NoOp, NoOp];55
[NoOp, NoOp];58
[NoOp, NoOp];55
[NoOp, NoOp];59
[NoOp, NoOp];53
[NoOp, NoOp];54
[NoOp, NoOp];57
[NoOp, NoOp];58
[NoOp, NoOp];57
[NoOp, NoOp];60
[NoOp, NoOp];56
[NoOp, NoOp];60
[NoOp, NoOp];54
[NoOp, NoOp];52
[NoOp, NoOp];53
[NoOp, NoOp];54
[NoOp, NoOp];56
[NoOp, NoOp];57
[NoOp, NoOp];58
[NoOp, NoOp];50
[NoOp, NoOp];59
[NoOp, NoOp];56
[NoOp, NoOp];51
[NoOp, NoOp];55
[NoOp, NoOp];59
[NoOp, NoOp];69
[NoOp, NoOp];54
[NoOp, NoOp];58
[NoOp, NoOp];55
[NoOp, NoOp];62
[NoOp, NoOp];54
[NoOp, NoOp];54
[NoOp, NoOp];55
[NoOp, NoOp];54
[NoOp, NoOp];56
[NoOp, NoOp];56
[NoOp, NoOp];59
[NoOp, NoOp];57
[NoOp, NoOp];56
[NoOp, NoOp];61
[NoOp, NoOp];54
[NoOp, NoOp];57
[NoOp, NoOp];53
[NoOp, NoOp];54
[NoOp, NoOp];57
[NoOp, NoOp];61
[NoOp, NoOp];61
[NoOp, NoOp];59
[NoOp, NoOp];58
[NoOp, NoOp];63
[NoOp, NoOp];58
[NoOp, NoOp];52
[NoOp, NoOp];52
[NoOp, NoOp];52
[NoOp, NoOp];51
[NoOp, NoOp];62
[NoOp, NoOp];58
[NoOp, NoOp];56
[NoOp, NoOp];71
[NoOp, NoOp];50
[NoOp, NoOp];54
[NoOp, NoOp];56
[NoOp, NoOp];51
[NoOp, NoOp];52
[NoOp, NoOp];50
[NoOp, NoOp];53
[NoOp, NoOp];67
[NoOp, NoOp];66
[NoOp, NoOp];68
[NoOp, NoOp];72
[NoOp, NoOp];61
[NoOp, NoOp];62
[NoOp, NoOp];68
[NoOp, NoOp];72
[NoOp, NoOp];59
[NoOp, NoOp];57
[NoOp, NoOp];70
[NoOp, NoOp];56
[NoOp, NoOp];57
[NoOp, NoOp];62
[NoOp, NoOp];60
[NoOp, NoOp];61
[NoOp, NoOp];61
[NoOp, NoOp];58
[NoOp, NoOp];56
[NoOp, NoOp];53
[NoOp, NoOp];58
[NoOp, NoOp];60
[NoOp, NoOp];50
[NoOp, NoOp];51
[NoOp, NoOp];51
[NoOp, NoOp];56
[NoOp, NoOp];53
[NoOp, NoOp];51
[NoOp, NoOp];56
[NoOp, NoOp];49
[NoOp, NoOp];59
[NoOp, NoOp];49
[NoOp, NoOp];51
[NoOp, NoOp];51
[NoOp, NoOp];56
[NoOp, NoOp];52
[NoOp, NoOp];51
[NoOp, NoOp];49
[NoOp, NoOp];51
[NoOp, NoOp];55
[NoOp, NoOp];49
[NoOp, NoOp];49
[NoOp, NoOp];54
[NoOp, NoOp];51
[NoOp, NoOp];54
[NoOp, NoOp];54
[NoOp, NoOp];55
[NoOp, NoOp];53
[NoOp, NoOp];54
[NoOp, NoOp];56
[NoOp, NoOp];55
[NoOp, NoOp];58
[NoOp, NoOp];58
[NoOp, NoOp];59
[NoOp, NoOp];56
[NoOp, NoOp];60
[NoOp, NoOp];61
[NoOp, NoOp];55
[NoOp, NoOp];64
[NoOp, NoOp];58
[NoOp, NoOp];59
[NoOp, NoOp];57
[NoOp, NoOp];63
[NoOp, NoOp];64
[NoOp, NoOp];54
[NoOp, NoOp];56
[NoOp, NoOp];56
[NoOp, NoOp];57
[NoOp, NoOp];56
[NoOp, NoOp];57
[NoOp, NoOp];56
[NoOp, NoOp];53
[NoOp, NoOp];51
[NoOp, NoOp];56
[NoOp, NoOp];51
[NoOp, NoOp];55
[NoOp, NoOp];57
[NoOp, NoOp];58
[NoOp, NoOp];57
[NoOp, NoOp];56
[NoOp, NoOp];50
[NoOp, NoOp];53
[NoOp, NoOp];53
[NoOp, NoOp];52
[NoOp, NoOp];49
[NoOp, NoOp];55
[NoOp, NoOp];53
[NoOp, NoOp];57
[NoOp, NoOp];56
[NoOp, NoOp];53
[NoOp, NoOp];58
[NoOp, NoOp];52
[NoOp, NoOp];49
[NoOp, NoOp];51
[NoOp, NoOp];53
[NoOp, NoOp];52
[NoOp, NoOp];52
[NoOp, NoOp];52
[NoOp, NoOp];54
[NoOp, NoOp];55
[NoOp, NoOp];53
[NoOp, NoOp];55
[NoOp, NoOp];59
[NoOp, NoOp];59
[NoOp, NoOp];68
[NoOp, NoOp];56
[NoOp, NoOp];57
[NoOp, NoOp];52
[NoOp, NoOp];53
[NoOp, NoOp];55
[NoOp, NoOp];52
[NoOp, NoOp];56
[NoOp, NoOp];57
[NoOp, NoOp];52
[NoOp, NoOp];51
[NoOp, NoOp];50
[NoOp, NoOp];51
[NoOp, NoOp];53
[NoOp, NoOp];49
[NoOp, NoOp];54
[NoOp, NoOp];49
[NoOp, NoOp];51
[NoOp, NoOp];51
[NoOp, NoOp];51
[NoOp, NoOp];54
[NoOp, NoOp];50
[NoOp, NoOp];54
[NoOp, NoOp];59
[NoOp, NoOp];57
[NoOp, NoOp];54
[NoOp, NoOp];55
[NoOp, NoOp];57
[NoOp, NoOp];59
[NoOp, NoOp];56
[NoOp, NoOp];55
[NoOp, NoOp];52
[NoOp, NoOp];53
[NoOp, NoOp];56
[NoOp, NoOp];50
[NoOp, NoOp];51
[NoOp, NoOp];54
[NoOp, NoOp];53
[NoOp, NoOp];54
[NoOp, NoOp];51
[NoOp, NoOp];52
[NoOp, NoOp];50
[NoOp, NoOp];49
[NoOp, NoOp];54
[NoOp, NoOp];49
[NoOp, NoOp];50
[NoOp, NoOp];51
[NoOp, NoOp];50
[NoOp, NoOp];52
[NoOp, NoOp];57
[NoOp, NoOp];59
[NoOp, NoOp];55
[NoOp, NoOp];54
[NoOp, NoOp];56
[NoOp, NoOp];55
[NoOp, NoOp];57
[NoOp, NoOp];57
[NoOp, NoOp];51
[NoOp, NoOp];50
[NoOp, NoOp];50
[NoOp, NoOp];51
[NoOp, NoOp];49
[NoOp, NoOp];52
[NoOp, NoOp];58
[NoOp, NoOp];56
[NoOp, NoOp];56
[NoOp, NoOp];59
[NoOp, NoOp];54
[NoOp, NoOp];56
[NoOp, NoOp];56
[NoOp, NoOp];60
[NoOp, NoOp];56
[NoOp, NoOp];63
[NoOp, NoOp];73
[NoOp, NoOp];60
[NoOp, NoOp];60
[NoOp, NoOp];60
[NoOp, NoOp];57
[NoOp, NoOp];50
[NoOp, NoOp];53
[NoOp, NoOp];59
[NoOp, NoOp];51
[NoOp, NoOp];51
[NoOp, NoOp];51
[NoOp, NoOp];58
[NoOp, NoOp];53
[NoOp, NoOp];56
[NoOp, NoOp];51
[NoOp, NoOp];50
[NoOp, NoOp];51
[NoOp, NoOp];50
[NoOp, NoOp];50
[NoOp, NoOp];50
[NoOp, NoOp];59
[NoOp, NoOp];61
[NoOp, NoOp];60
[NoOp, NoOp];64
[NoOp, NoOp];56
[NoOp, NoOp];52
[NoOp, NoOp];64
[NoOp, NoOp];61
[NoOp, NoOp];68
[NoOp, NoOp];64
[NoOp, NoOp];58
[NoOp, NoOp];62
[NoOp, NoOp];59
[NoOp, NoOp];60
[NoOp, NoOp];60
[NoOp, NoOp];58
[NoOp, NoOp];58
[NoOp, NoOp];60
[NoOp, NoOp];61
[NoOp, NoOp];60
[NoOp, NoOp];62
[NoOp, NoOp];56
[NoOp, NoOp];53
[NoOp, NoOp];52
[NoOp, NoOp];53
[NoOp, NoOp];51
[NoOp, NoOp];57
[NoOp, NoOp];54
[NoOp, NoOp];56
[NoOp, NoOp];53
[NoOp, NoOp];54
[NoOp, NoOp];51
[NoOp, NoOp];53
[NoOp, NoOp];53
[NoOp, NoOp];55
[NoOp, NoOp];54
[NoOp, NoOp];51
[NoOp, NoOp];55
[NoOp, NoOp];55
[NoOp, NoOp];59
[NoOp, NoOp];53
[NoOp, NoOp];54
[NoOp, NoOp];57
[NoOp, NoOp];56
[NoOp, NoOp];53
[NoOp, NoOp];54
[NoOp, NoOp];54
[NoOp, NoOp];52
[NoOp, NoOp];54
[NoOp, NoOp];56
[NoOp, NoOp];50
[NoOp, NoOp];56
[NoOp, NoOp];68
[NoOp, NoOp];68
[NoOp, NoOp];61
[NoOp, NoOp];62
[NoOp, NoOp];78
[NoOp, NoOp];69
[NoOp, NoOp];65
[NoOp, NoOp];60
[NoOp, NoOp];61
[NoOp, NoOp];66
[NoOp, NoOp];69
[NoOp, NoOp];66
[NoOp, NoOp];72
[NoOp, NoOp];59
[NoOp, NoOp];60
[NoOp, NoOp];53
[NoOp, NoOp];53
[NoOp, NoOp];54
[NoOp, NoOp];55
[NoOp, NoOp];52
[NoOp, NoOp];54
[NoOp, NoOp];50
[NoOp, NoOp];59
[NoOp, NoOp];55
[NoOp, NoOp];59
[NoOp, NoOp];56
[NoOp, NoOp];51
[NoOp, NoOp];55
[NoOp, NoOp];50
[NoOp, NoOp];52
[NoOp, NoOp];50
[NoOp, NoOp];51
[NoOp, NoOp];61
[NoOp, NoOp];61
[NoOp, NoOp];57
[NoOp, NoOp];57
[NoOp, NoOp];57
[NoOp, NoOp];59
[NoOp, NoOp];56
[NoOp, NoOp];59
[NoOp, NoOp];55
[NoOp, NoOp];54
[NoOp, NoOp];57
[NoOp, NoOp];76
[NoOp, NoOp];64
[NoOp, NoOp];58
[NoOp, NoOp];67
[NoOp, NoOp];65
[NoOp, NoOp];56
[NoOp, NoOp];53
[NoOp, NoOp];56
[NoOp, NoOp];55
[NoOp, NoOp];55
[NoOp, NoOp];56
[NoOp, NoOp];54
[NoOp, NoOp];61
[NoOp, NoOp];62
[NoOp, NoOp];59
[NoOp, NoOp];70
[NoOp, NoOp];54
[NoOp, NoOp];64
[NoOp, NoOp];63
[NoOp, NoOp];53
[NoOp, NoOp];54
[NoOp, NoOp];54
[NoOp, NoOp];56
[NoOp, NoOp];56
[NoOp, NoOp];54
[NoOp, NoOp];54
[NoOp, NoOp];55
[NoOp, NoOp];59
[NoOp, NoOp];66
[NoOp, NoOp];67
[NoOp, NoOp];60
[NoOp, NoOp];61
[NoOp, NoOp];58
[NoOp, NoOp];55
[NoOp, NoOp];56
[NoOp, NoOp];56
[NoOp, NoOp];59
[NoOp, NoOp];56
[NoOp, NoOp];54
[NoOp, NoOp];55
[NoOp, NoOp];50
[NoOp, NoOp];59
[NoOp, NoOp];50
[NoOp, NoOp];53
[NoOp, NoOp];56
[NoOp, NoOp];52
[NoOp, NoOp];57
[NoOp, NoOp];54
[NoOp, NoOp];55
[NoOp, NoOp];54
[NoOp, NoOp];64
[NoOp, NoOp];60
[NoOp, NoOp];63
[NoOp, NoOp];57
[NoOp, NoOp];53
[NoOp, NoOp];55
[NoOp, NoOp];54
[NoOp, NoOp];52
[NoOp, NoOp];57
[NoOp, NoOp];49
[NoOp, NoOp];50
[NoOp, NoOp];55
[NoOp, NoOp];55
[NoOp, NoOp];60
[NoOp, NoOp];55
[NoOp, NoOp];57
[NoOp, NoOp];49
[NoOp, NoOp];50
[NoOp, NoOp];51
[NoOp, NoOp];50
[NoOp, NoOp];53
[NoOp, NoOp];50
[NoOp, NoOp];49
[NoOp, NoOp];52
[NoOp, NoOp];60
[NoOp, NoOp];61
[NoOp, NoOp];55
[NoOp, NoOp];59
[NoOp, NoOp];61
[NoOp, NoOp];53
[NoOp, NoOp];55
[NoOp, NoOp];51
[NoOp, NoOp];53
[NoOp, NoOp];50
[NoOp, NoOp];50
[NoOp, NoOp];51
[NoOp, NoOp];49
[NoOp, NoOp];51
[NoOp, NoOp];52
[NoOp, NoOp];52
[NoOp, NoOp];49
[NoOp, NoOp];50
[NoOp, NoOp];50
[NoOp, NoOp];54
[NoOp, NoOp];53
[NoOp, NoOp];50
[NoOp, NoOp];49
[NoOp, NoOp];54
[NoOp, NoOp];50
[NoOp, NoOp];54
[NoOp, NoOp];49
[NoOp, NoOp];54
[NoOp, NoOp];54
[NoOp, NoOp];59
[NoOp, NoOp];56
[NoOp, NoOp];55
[NoOp, NoOp];57
[NoOp, NoOp];57
[NoOp, NoOp];57
[NoOp, NoOp];61
[NoOp, NoOp];51
[NoOp, NoOp];50
[NoOp, NoOp];52
[NoOp, NoOp];56
[NoOp, NoOp];50
[NoOp, NoOp];56
[NoOp, NoOp];50
[NoOp, NoOp];53
[NoOp, NoOp];53
[NoOp, NoOp];51
[NoOp, NoOp];53
[NoOp, NoOp];51
[NoOp, NoOp];51
[NoOp, NoOp];58
[NoOp, NoOp];51
[NoOp, NoOp];53
[NoOp, NoOp];52
[NoOp, NoOp];53
[NoOp, NoOp];53
[NoOp, NoOp];51
[NoOp, NoOp];61
[NoOp, NoOp];54
[NoOp, NoOp];55
[NoOp, NoOp];57
[NoOp, NoOp];57
[NoOp, NoOp];59
[NoOp, NoOp];58
[NoOp, NoOp];54
[NoOp, NoOp];55
[NoOp, NoOp];54
[NoOp, NoOp];52
[NoOp, NoOp];57
[NoOp, NoOp];56
[NoOp, NoOp];53
[NoOp, NoOp];51
[NoOp, NoOp];54
[NoOp, NoOp];51
[NoOp, NoOp];52
[NoOp, NoOp];52
[NoOp, NoOp];49
[NoOp, NoOp];53
[NoOp, NoOp];49
[NoOp, NoOp];50
[NoOp, NoOp];50
[NoOp, NoOp];51
[NoOp, NoOp];57
[NoOp, NoOp];54
[NoOp, NoOp];51
[NoOp, NoOp];56
[NoOp, NoOp];56
[NoOp, NoOp];58
[NoOp, NoOp];54
[NoOp, NoOp];52
[NoOp, NoOp];55
[NoOp, NoOp];59
[NoOp, NoOp];56
[NoOp, NoOp];54
[NoOp, NoOp];50
[NoOp, NoOp];51
[NoOp, NoOp];58
[NoOp, NoOp];55
[NoOp, NoOp];51
[NoOp, NoOp];50
[NoOp, NoOp];56
[NoOp, NoOp];53
[NoOp, NoOp];52
[NoOp, NoOp];49
[NoOp, NoOp];50
[NoOp, NoOp];54
[NoOp, NoOp];51
[NoOp, NoOp];49
[NoOp, NoOp];55
[NoOp, NoOp];50
[NoOp, NoOp];53
[NoOp, NoOp];52
[NoOp, NoOp];56
[NoOp, NoOp];54
[NoOp, NoOp];60
[NoOp, NoOp];60
[NoOp, NoOp];58
[NoOp, NoOp];60
[NoOp, NoOp];55
[NoOp, NoOp];58
[NoOp, NoOp];51
[NoOp, NoOp];49
[NoOp, NoOp];51
[NoOp, NoOp];51
[NoOp, NoOp];51
[NoOp, NoOp];50
[NoOp, NoOp];54
[NoOp, NoOp];49
[NoOp, NoOp];51
[NoOp, NoOp];55
[NoOp, NoOp];50
[NoOp, NoOp];49
[NoOp, NoOp];51
[NoOp, NoOp];51
[NoOp, NoOp];51
[NoOp, NoOp];52
[NoOp, NoOp];49
[NoOp, NoOp];51
[NoOp, NoOp];56
a4a9e222b70ab32f4a2fa60eec777a68ea0e23ff
unsuccessful
299734
5016
fef9dba4ed2928ed533717e16fc6a69717c84f7a
1495030517714
