++++++++++++++++++++++++++++++++
+k0            W              c+
+                              +
+              E               +
+  ++++++++++++++++++++++++++  +
+  +           R            +  +
+o +                        + r+
+  +           O            +  +
+                              +
+  +           C            +  +
+  +                        +  +
+e ++++++++++++K+++++++++++++ w+
+                              +
++++++++++++++++++++++++++++++++

[Move(S)];8115
[Move(S)];12
[Move(S)];12
[Move(S)];8
[Move(S)];5
[Move(S)];3
[Move(S)];4
[Move(E)];2
[Move(E)];5
[Move(E)];1
[Move(E)];1
[Move(E)];2
[Move(E)];2
[Move(E)];2
[Move(E)];2
[Move(E)];5
[Move(E)];5
[Move(E)];4
[Move(E)];4
[Move(E)];2
[Push(S,E)];2
[Move(S)];4
[Pull(N,S)];60
[Push(S,W)];7
[Push(W,N)];3
[Push(N,N)];2
[Push(N,W)];2
[Push(W,W)];2
[Push(W,W)];4
[Push(W,W)];3
[Push(W,W)];5
[Push(W,W)];2
[Push(W,W)];2
[Push(W,W)];3
[Push(W,W)];4
[Push(W,W)];4
[Push(W,W)];5
[Push(W,W)];4
[Push(W,N)];5
[Push(N,N)];3
[Push(N,N)];2
[Push(N,N)];2
[Push(N,N)];6
[Push(N,N)];3
[Push(N,N)];4
[Push(N,W)];3
[Move(S)];20
[Move(S)];5
[Move(S)];2
[Move(S)];2
[Move(S)];2
[Move(S)];2
[Move(S)];3
[Move(E)];5
[Move(E)];4
[Move(E)];2
[Move(E)];3
[Move(E)];3
[Move(E)];4
[Move(E)];3
[Move(E)];3
[Move(E)];3
[Move(E)];5
[Move(E)];3
[Move(E)];2
[Move(E)];3
[Pull(E,N)];2
[Push(S,E)];45
[Push(E,N)];2
[Push(N,E)];3
[Push(E,E)];4
[Push(E,E)];4
[Push(E,E)];4
[Push(E,E)];3
[Push(E,E)];3
[Push(E,E)];3
[Push(E,E)];3
[Push(E,E)];2
[Push(E,E)];4
[Push(E,E)];3
[Push(E,E)];4
[Push(E,N)];2
[Push(N,N)];2
[Push(N,N)];2
[Push(N,N)];3
[Push(N,N)];2
[Push(N,N)];3
[Push(N,N)];3
[Push(N,E)];3
[Move(W)];11
[Move(W)];3
[Move(W)];2
[Move(W)];3
[Move(W)];3
[Move(W)];2
[Move(W)];3
[Move(W)];3
[Move(W)];3
[Move(W)];2
[Move(W)];2
[Move(W)];1
[Move(W)];3
[Push(W,S)];65
[Push(S,E)];3
[Push(E,E)];3
[Push(E,E)];4
[Push(E,E)];3
[Push(E,E)];3
[Push(E,E)];3
[Push(E,E)];5
[Push(E,E)];2
[Push(E,E)];3
[Push(E,E)];1
[Push(E,E)];2
[Push(E,E)];2
[Push(E,E)];7
[Push(E,E)];3
[Push(E,E)];4
[Push(E,S)];3
[Push(S,S)];2
[Push(S,S)];3
[Push(S,S)];4
[Push(S,S)];3
[Push(S,S)];3
[Push(S,S)];3
[Push(S,S)];6
[Push(S,S)];2
[Move(N)];11
[Move(W)];4
[Move(N)];3
[Move(W)];2
[Move(W)];3
[Move(W)];2
[Move(W)];3
[Move(W)];2
[Move(W)];2
[Move(W)];2
[Move(W)];1
[Move(W)];3
[Move(W)];2
[Move(W)];3
[Move(W)];1
[Move(W)];2
[Push(W,W)];36
[Push(W,W)];3
[Push(W,W)];3
[Push(W,W)];3
[Push(W,W)];3
[Push(W,W)];2
[Push(W,W)];2
[Push(W,W)];2
[Push(W,W)];1
[Push(W,W)];2
[Push(W,W)];1
[Push(W,W)];4
[Push(W,W)];3
[Push(W,N)];3
[Push(N,N)];4
[Push(N,W)];2
[Move(N)];16
[Move(N)];3
[Move(N)];5
[Move(E)];2
[Move(E)];2
[Move(E)];2
[Move(E)];2
[Move(E)];4
[Move(E)];5
[Move(E)];4
[Move(E)];3
[Move(E)];2
[Move(E)];3
[Move(E)];3
[Move(E)];4
[Pull(N,E)];66
[Push(S,W)];3
[Push(W,W)];3
[Push(W,W)];5
[Push(W,W)];3
[Push(W,W)];3
[Push(W,W)];3
[Push(W,W)];3
[Push(W,W)];3
[Push(W,W)];4
[Push(W,W)];3
[Push(W,W)];3
[Push(W,W)];10
[Push(W,S)];1
[Push(S,S)];3
[Push(S,S)];3
[Push(S,S)];2
[Push(S,W)];3
[Push(W,S)];3
[Push(S,S)];4
[Push(S,S)];3
[Push(S,S)];1
[Move(N)];29
[Move(E)];2
[Move(N)];3
[Move(E)];3
[Move(E)];5
[Move(N)];5
[Move(E)];3
[Move(E)];2
[Move(E)];3
[Move(E)];3
[Move(N)];4
[Move(E)];2
[Move(E)];2
[Move(E)];4
[Move(E)];3
[Move(E)];2
[Move(E)];1
[Move(E)];2
[Push(N,E)];56
[Push(E,E)];3
[Push(E,E)];3
[Push(E,E)];4
[Push(E,E)];3
[Push(E,E)];2
[Push(E,E)];3
[Push(E,E)];3
[Push(E,E)];6
[Push(E,E)];3
[Push(E,E)];5
[Push(E,E)];2
[Push(E,S)];3
[Push(S,S)];2
[Push(S,S)];3
[Push(S,E)];2
[Push(E,E)];4
[Push(E,N)];5
[Push(N,N)];4
[Push(N,E)];4
1ecfc96706de7da18ed094747f211732ca5704d1
successful
9226
234
b294f584fdbbd0e4f5c39ef11b3df172d4ca6ae6
1495034136207
