++++++++++++++++++++++
+g A +i+h+ E  +P    p+
++     +      a      +
++0    c  F  +++    I+
++G    +B     b  Y  ++
+f   X +S     + H   e+
+++ ++++++z+++++++ +++
+x  p+s      F+w     +
++  +++++         W  +
+P A +ZC    f + WWS A+
++++++++++ +++++++++++
       ++   ++
       ++   ++
      ++++ ++++
       ++   ++
        ++ ++
        ++ ++
    +++++ L +++++
    ++H + l + M++
    ++ V+   +D ++
    +++++++++++++

[Pull(N,S)];1071
[Pull(E,S)];13
[Push(W,N)];7
[Push(N,W)];2
[Push(E,S)];76
[Move(E)];5
[Move(S)];4
[Move(S)];5
[Move(S)];3
[Move(S)];2
[Pull(N,E)];27
[Push(S,W)];3
[Push(W,S)];2
[Push(S,S)];2
[Push(S,W)];2
[Push(W,W)];1
[Move(S)];7
[Move(S)];2
[Pull(N,W)];8
[Pull(N,S)];2
[Push(S,E)];2
[Push(E,N)];3
[Push(N,E)];4
[Move(N)];35
[Move(N)];2
[Move(N)];1
[Move(N)];2
[Move(E)];1
[Move(E)];2
[Move(E)];2
[Move(E)];3
[Move(E)];3
[Move(E)];4
[Pull(N,E)];35
[Push(S,W)];1
[Push(W,W)];2
[Push(W,W)];3
[Push(W,W)];3
[Push(W,W)];3
[Push(W,W)];3
[Push(W,W)];2
[Push(W,S)];2
[Push(S,S)];2
[Push(S,W)];3
[Move(N)];20
[Move(E)];1
[Move(E)];2
[Move(E)];1
[Move(N)];1
[Move(E)];5
[Move(E)];3
[Move(E)];2
[Push(S,E)];2
[Push(S,E)];20
[Push(E,E)];1
[Push(E,S)];4
[Push(S,S)];1
[Push(S,W)];1
[Push(W,W)];2
[Push(W,W)];10
[Push(W,W)];1
[Move(E)];18
[Move(E)];2
[Move(E)];2
[Move(N)];1
[Move(N)];2
[Move(N)];1
[Pull(E,W)];1
[Pull(N,W)];1
[Move(N)];1
[Push(N,E)];42
[Push(E,E)];2
[Push(E,S)];1
[Push(S,E)];1
[Push(E,E)];1
[Push(E,E)];1
[Push(E,E)];4
[Push(E,E)];1
[Push(E,E)];2
[Push(E,S)];1
[Push(S,S)];1
[Push(S,S)];1
[Push(S,E)];2
[Move(N)];2
[Move(N)];2
[Push(E,N)];57
[Push(N,W)];2
[Push(W,W)];2
[Push(W,W)];2
[Push(W,W)];2
[Push(W,W)];2
[Push(W,W)];2
[Push(W,W)];2
[Push(W,W)];2
[Push(W,W)];2
[Push(W,W)];2
[Push(W,W)];4
[Push(W,W)];2
[Push(W,S)];3
[Push(S,W)];1
[Push(W,W)];1
[Push(W,N)];3
[Push(N,N)];2
[Move(S)];23
[Move(E)];2
[Move(E)];2
[Move(E)];2
[Move(E)];1
[Move(E)];2
[Push(S,E)];1
[Push(E,E)];2
[Push(E,S)];1
[Pull(E,S)];2
[Move(E)];1
[Move(E)];3
[Pull(W,S)];39
[Push(E,N)];2
[Push(N,N)];1
[Push(N,W)];1
[Push(W,W)];1
[Push(W,W)];2
[Push(W,W)];3
[Push(W,W)];3
[Push(W,W)];1
[Push(W,W)];1
[Push(W,W)];2
[Push(W,N)];1
[Move(E)];17
[Move(S)];2
[Move(S)];2
[Move(E)];2
[Move(E)];1
[Move(E)];2
[Push(E,E)];7
[Move(W)];9
[Move(N)];1
[Move(N)];1
[Move(E)];1
[Move(E)];0
[Move(E)];1
[Move(E)];57
[Move(S)];1
[Move(S)];1
[Push(E,N)];2
[Move(S)];2
[Move(E)];2
[Move(S)];2
[Move(S)];2
[Pull(E,S)];2
[Move(S)];2
[Move(E)];1
[Push(S,W)];54
[Push(W,N)];1
[Push(N,W)];1
[Move(N)];1
[Push(W,W)];2
[Pull(N,S)];1
[Pull(N,S)];1
[Pull(N,S)];1
[Push(S,W)];2
[Push(W,N)];1
[Push(N,W)];1
[Push(W,N)];3
[Push(N,N)];1
[Push(N,W)];1
[Push(W,W)];1
[Push(N,E)];10
[Push(E,E)];2
[Push(E,E)];4
[Push(E,E)];2
[Push(E,E)];2
[Move(W)];70
[Move(S)];1
[Move(S)];1
[Move(S)];1
[Move(S)];1
[Move(S)];1
[Move(S)];2
[Push(W,W)];1
[Push(W,W)];1
[Move(S)];1
[Pull(W,S)];23
[Pull(W,E)];1
[Move(W)];1
[Pull(W,N)];1
[Pull(W,E)];1
[Move(W)];1
[Move(W)];1
[Move(S)];2
[Move(W)];1
[Pull(E,W)];32
[Pull(N,W)];2
[Push(S,E)];2
[Push(E,N)];1
[Push(N,N)];2
[Push(N,N)];1
[Push(N,N)];1
[Push(N,N)];2
[Push(N,N)];1
[Push(N,W)];1
[Push(W,W)];1
[Push(W,W)];1
[Move(E)];18
[Move(E)];1
[Move(S)];1
[Move(S)];1
[Move(S)];1
[Move(S)];1
[Move(E)];0
[Move(E)];1
[Push(S,S)];6
[Move(W)];13
[Move(W)];2
[Move(W)];1
[Move(S)];1
[Move(W)];2
[Move(W)];0
[Pull(E,W)];15
[Pull(E,W)];0
[Pull(N,W)];1
[Push(S,E)];1
[Push(E,N)];0
[Push(N,N)];1
[Push(N,N)];1
[Move(S)];13
[Move(S)];2
[Move(S)];1
[Move(S)];1
[Move(S)];0
[Move(S)];1
[Move(S)];1
[Move(S)];1
[Move(S)];1
[Push(S,S)];3
bf4df3382c5bfcda7d8ebec87fb6648aa171c897
successful
2192
234
2e1c26e6ab514c6b6f23eab0c5e15fb7bae1dd70
1495035907267
