++++++++++++++
+       KALLE+
+pp        ++++++++
+p p       +q  E  +
+p I       ++++++ +
+0 SISP   Qkalle+ +
+     P    ++++++ +
+   P P           +
+     P           +
+                 +
+++++++++++++++++++

[Move(E)];1647
[Push(E,S)];8
[Push(E,N)];3
[Push(E,N)];3
[Push(E,N)];3
[Pull(E,S)];9
[Move(E)];6
[Move(E)];15
[Push(E,S)];33023
[Push(S,S)];2
[Push(S,E)];1
[Push(E,E)];2
[Push(E,E)];2
[Push(E,E)];3
[Push(E,E)];2
[Push(E,E)];2
[Push(E,E)];2
[Push(E,S)];2
[Move(N)];1
[Move(N)];1
[Move(N)];2
[Move(N)];2
[Move(W)];1
[Pull(E,W)];1
[Pull(S,W)];1
[Pull(S,N)];2
[Pull(S,N)];1
[Pull(S,N)];3
[Pull(W,N)];0
[Pull(S,E)];0
[Push(E,N)];1
[Push(N,N)];1
[Push(N,N)];1
[Push(N,N)];0
[Push(N,N)];1
[Push(N,W)];1
[Push(W,W)];1
[Push(W,W)];1
[Push(W,W)];2
[Push(W,W)];2
[Move(E)];308
[Move(E)];1
[Move(E)];1
[Move(E)];1
[Move(S)];1
[Move(S)];1
[Move(S)];1
[Move(S)];1
[Push(W,W)];1
[Push(W,W)];1
[Push(W,S)];1
[Pull(W,S)];2
[Pull(W,E)];3
[Pull(W,E)];3
[Pull(W,E)];1
[Move(N)];1
[Move(N)];2
[Move(N)];1
[Move(N)];2
[Move(N)];3
[Pull(W,N)];1
[Push(E,S)];1
[Move(N)];1
[Push(W,S)];1
[Move(E)];2
[Pull(W,E)];1
[Push(E,S)];0
[Move(E)];4
[Pull(W,E)];130
[Pull(W,E)];1
[Push(W,S)];1
[Push(S,S)];1
[Push(E,S)];1
[Push(S,S)];1
[Push(E,S)];1
[Push(N,W)];1
[Pull(S,N)];1
[Pull(W,N)];0
[Push(W,S)];1
[Push(S,S)];1
[Push(E,S)];1
[Pull(N,E)];1
[Push(E,S)];1
[Push(S,S)];1
[Push(S,E)];1
[Push(E,E)];1
[Push(E,E)];1
[Push(E,E)];1
[Push(E,E)];1
[Move(W)];2
[Move(W)];1
[Move(W)];1
[Move(W)];0
[Pull(N,W)];1
[Push(W,S)];3
[Move(W)];1
[Pull(E,S)];136
[Pull(N,W)];1
[Pull(W,N)];121
[Push(E,E)];1
[Push(S,E)];0
[Push(S,W)];1
[Push(E,S)];1
[Pull(W,N)];1
[Push(E,E)];1
7956be741067b79764e6bace36e6af94dbd0102e
unsuccessful
35529
105
8c69083817ec14e42d29908753b0e43d39becfe5
1495036211952
