++++++++++++++
+A    ++++AAA+
+ ++        a+
++++  A   + A+
++A+0+++  + ++
++++++aaa  a++
++a+Aa  + + ++
+   +aaaa  A +
+B  +aa   A  +
+cA +  +++   +
+C+ +++      +
+b+  AAA     +
++++++++++++++

[Move(N)];889
[Move(E)];3
[Push(E,E)];2
[Push(E,E)];5
[Push(E,S)];3
[Move(N)];5
[Move(E)];29
[Move(E)];2
[Pull(E,N)];8
[Pull(E,N)];2
[Push(W,S)];1457
[Push(W,W)];2
[Push(W,S)];1
[Push(S,S)];2
[Push(S,S)];2
[Push(S,E)];2
[Pull(S,E)];1
[Move(S)];2
[Move(E)];2
[Push(S,W)];1
[Move(S)];2
[Move(S)];1
[Move(W)];2
[Move(W)];1
[Move(S)];2
[Push(W,N)];2
[Pull(E,W)];2
[Pull(E,W)];1
[Push(W,N)];2
[Push(N,E)];1
[Pull(S,W)];1
[Move(W)];1
[Move(W)];1
[Pull(E,W)];3
[Pull(N,W)];2
[Push(S,E)];1
[Move(W)];1
[Move(W)];1
[Move(W)];1
[Move(W)];0
[Move(N)];2
[Move(N)];1
[Push(W,N)];25
[Push(N,N)];2
[Push(N,N)];2
[Move(S)];13
[Move(S)];1
[Move(W)];1
[Move(E)];303
[Move(E)];1
[Move(S)];2
[Move(S)];2
[Move(E)];1
[Move(E)];1
[Move(E)];1
[Move(E)];0
[Push(E,E)];1
[Push(E,E)];1
[Push(N,E)];1
[Push(E,N)];1
[Pull(E,S)];1
[Pull(N,W)];1
[Pull(N,S)];1
[Push(N,W)];1
[Move(N)];0
[Move(N)];1
[Move(N)];1
[Push(N,N)];1
[Push(N,N)];1
[Pull(E,N)];1
[Push(W,S)];25
[Move(W)];1
[Move(W)];1
[Move(W)];0
[Move(W)];1
[Move(W)];1
[Move(W)];1
[Move(N)];2
[Move(W)];1
[Move(W)];4
[Move(W)];3
[Pull(E,W)];151
[Pull(E,W)];1
[Pull(E,W)];1
[Push(W,S)];1
[Push(S,E)];1
[Push(E,E)];1
[Push(E,E)];1
[Push(E,E)];1
[Push(E,S)];1
[Push(S,W)];1
[Push(S,S)];1
[Move(N)];1
[Pull(S,W)];0
[Push(S,W)];1
[Move(N)];1
[Pull(E,N)];2
[Push(W,S)];2
[Move(E)];97
[Push(S,E)];1
[Pull(S,E)];1
[Move(S)];1
[Pull(W,E)];1
[Move(W)];1
[Move(N)];1
[Push(N,W)];3
[Move(S)];148
[Move(S)];1
[Move(E)];1
[Push(E,E)];1
[Pull(N,E)];1
[Push(N,N)];1
[Push(N,W)];1
[Move(N)];1
[Move(N)];1
[Move(E)];1
[Move(N)];1
[Move(E)];0
[Push(E,S)];3
[Move(W)];14
[Move(W)];1
[Move(S)];1
[Move(W)];1
[Move(W)];1
[Move(S)];0
479c1b98c43f4b5841d835fa5154dc3cbde96e1a
unsuccessful
3312
125
b752fbc7deae84b6e4163dd5e0098902ba52d3eb
1495037256314
