++++++++++++++
++a+c+e+g+i+k+
+0KJIHGFEDCBA+
++b+d+f+h+j+++
++++++++++++++

[Push(E,N)];16966
[Pull(W,E)];0
[Push(E,S)];0
[Move(E)];0
[Push(E,N)];0
[Pull(W,E)];0
[Push(E,S)];0
[Move(E)];0
[Push(E,N)];0
[Pull(W,E)];1
[Push(E,S)];1
[Move(E)];0
[Push(E,N)];0
[Pull(W,E)];0
[Pull(W,E)];0
[Pull(W,E)];0
[Pull(W,E)];0
[Move(W)];0
[Move(W)];0
[Pull(E,N)];0
[Pull(E,W)];1
[Push(E,E)];0
[Move(W)];0
[Pull(E,W)];0
[Push(E,E)];0
[Move(W)];0
[Pull(E,W)];0
[Push(E,E)];0
[Push(E,S)];0
[Move(E)];0
[Push(E,N)];0
[Pull(W,E)];0
[Pull(W,E)];0
[Pull(W,E)];0
[Move(W)];0
[Pull(E,W)];1
[Push(E,E)];0
[Move(W)];0
[Pull(E,W)];0
[Push(E,E)];0
[Push(E,S)];1
[Move(E)];0
[Pull(W,E)];0
[Pull(W,E)];0
[Pull(W,E)];0
[Push(W,W)];0
[Move(E)];4
[Pull(W,E)];0
[Push(W,W)];0
[Move(E)];0
[Pull(W,E)];0
[Push(W,W)];0
[Move(E)];1
[Pull(W,E)];0
[Push(W,W)];0
[Move(E)];0
[Pull(W,E)];0
[Push(W,W)];1
[Push(W,N)];0
[Move(E)];0
[Move(E)];0
[Push(E,E)];0
[Move(W)];0
[Pull(W,S)];0
[Push(E,E)];0
[Move(W)];0
[Move(W)];0
[Pull(W,S)];0
[Push(E,E)];0
[Push(E,E)];0
[Push(E,S)];0
[Pull(W,E)];0
[Pull(W,E)];0
[Pull(W,E)];0
[Push(E,S)];0
[Move(E)];1
[Move(E)];0
[Pull(W,N)];0
[Push(E,E)];0
[Move(W)];0
[Move(W)];0
[Pull(W,N)];0
[Push(E,E)];0
[Push(E,E)];0
[Push(E,N)];0
[Pull(W,E)];0
[Pull(W,E)];0
[Pull(W,E)];0
[Push(E,N)];0
[Pull(W,S)];0
[Push(E,E)];0
[Push(E,E)];0
[Push(E,E)];0
[Pull(W,S)];0
[Pull(W,E)];0
[Pull(W,E)];0
[Push(E,S)];0
[Move(E)];0
[Move(E)];0
[Pull(W,E)];0
[Push(E,S)];0
[Move(E)];1
[Pull(W,E)];0
[Move(W)];0
[Move(W)];0
[Pull(E,S)];0
[Pull(E,W)];0
[Push(E,E)];0
[Move(W)];0
[Pull(E,W)];0
[Push(E,E)];0
[Move(W)];0
[Pull(E,W)];0
[Push(E,E)];0
[Move(W)];0
[Pull(E,W)];0
[Push(E,E)];0
[Move(W)];0
[Pull(E,W)];0
[Push(E,E)];0
[Move(W)];0
[Pull(E,W)];0
[Push(E,E)];0
[Move(W)];0
[Pull(E,W)];0
[Push(E,E)];0
[Push(E,N)];0
[Move(W)];1
[Move(W)];0
[Push(W,W)];0
[Push(W,W)];0
[Move(E)];1
[Move(E)];0
[Pull(E,S)];0
[Push(W,W)];0
[Push(W,W)];0
[Move(E)];0
[Move(E)];0
[Move(E)];0
[Pull(W,N)];0
[Pull(W,E)];1
[Pull(S,E)];0
[Push(N,W)];1
[Pull(S,N)];0
[Push(N,E)];0
[Push(E,E)];0
[Push(E,N)];1
[Move(W)];0
[Move(W)];0
[Pull(S,W)];0
[Push(N,N)];0
[Move(W)];0
[Pull(E,W)];0
[Pull(E,W)];0
[Push(W,S)];0
[Move(W)];0
[Move(W)];0
[Pull(E,W)];0
[Pull(E,W)];0
[Move(E)];0
[Move(E)];0
[Pull(W,N)];0
[Pull(W,E)];0
[Push(W,W)];0
[Move(E)];0
[Pull(W,E)];0
[Push(W,W)];0
[Move(E)];0
[Pull(W,E)];1
[Push(W,W)];0
[Move(E)];0
[Pull(W,E)];0
[Push(W,W)];0
[Move(E)];0
[Pull(W,E)];0
[Push(W,W)];0
[Move(E)];0
[Pull(W,E)];0
[Push(W,W)];0
[Move(E)];0
[Pull(W,E)];0
[Push(W,W)];0
[Push(W,S)];0
[Pull(E,N)];0
[Pull(E,W)];0
[Push(E,E)];0
[Move(W)];1
[Pull(E,W)];0
[Push(E,E)];0
[Move(W)];0
[Pull(E,W)];0
[Push(E,E)];0
[Move(W)];0
[Pull(E,W)];0
[Push(E,E)];0
[Move(W)];0
[Pull(E,W)];0
[Push(E,E)];0
[Move(W)];0
[Pull(E,W)];0
[Push(E,E)];0
[Move(W)];0
[Pull(E,W)];0
[Push(E,E)];0
[Push(E,N)];0
[Move(W)];0
[Move(W)];0
[Push(W,W)];0
[Move(E)];0
[Pull(E,N)];0
[Push(W,W)];0
[Pull(N,W)];0
[Push(S,E)];0
[Move(W)];0
[Pull(E,W)];0
[Push(E,E)];0
[Move(W)];0
[Pull(E,W)];0
[Push(W,N)];0
[Move(E)];0
[Pull(W,E)];0
[Pull(W,E)];0
[Pull(W,E)];0
[Pull(W,E)];0
[Pull(W,E)];0
[Pull(W,E)];0
[Pull(W,E)];0
[Pull(W,E)];0
[Pull(W,E)];0
[Pull(W,E)];1
[Push(E,N)];0
[Move(E)];0
[Move(E)];0
[Move(E)];0
[Move(E)];0
[Move(E)];0
[Move(E)];0
[Pull(W,N)];0
[Pull(W,E)];0
[Pull(W,E)];0
[Move(W)];0
[Move(W)];0
[Move(W)];0
[Pull(E,S)];0
[Pull(E,W)];1
[Pull(E,W)];0
[Push(E,E)];0
[Move(W)];1
[Pull(E,W)];0
[Push(E,E)];0
[Push(E,N)];0
[Move(W)];0
[Move(W)];0
[Pull(E,W)];0
[Pull(E,W)];0
[Pull(E,W)];0
[Pull(E,W)];0
[Move(E)];0
[Move(E)];0
[Pull(W,N)];0
[Pull(W,E)];0
[Push(W,W)];0
[Move(E)];0
[Pull(W,E)];0
[Push(W,W)];0
[Move(E)];0
[Pull(W,E)];0
[Push(W,W)];0
[Move(E)];0
[Pull(W,E)];0
[Push(W,W)];1
[Move(E)];0
[Pull(W,E)];0
[Push(W,W)];0
[Move(E)];1
[Pull(W,E)];0
[Push(W,W)];0
[Move(E)];0
[Pull(W,E)];0
[Push(W,W)];0
[Push(W,S)];0
[Move(E)];0
[Move(E)];0
[Push(E,E)];0
[Move(W)];0
[Move(W)];0
[Move(W)];1
[Pull(W,S)];0
[Push(E,E)];0
[Push(E,E)];0
[Push(E,E)];0
[Pull(W,S)];0
[Pull(W,E)];0
[Pull(W,E)];0
[Push(E,S)];0
[Move(E)];0
[Move(E)];0
[Pull(W,E)];0
[Push(E,S)];0
[Pull(E,N)];0
[Push(W,W)];0
[Move(E)];0
[Pull(W,E)];0
[Push(W,W)];0
[Move(E)];0
[Pull(W,E)];0
[Push(E,N)];0
[Move(W)];1
[Pull(E,W)];0
[Pull(E,W)];0
[Pull(E,W)];0
[Pull(E,W)];0
[Pull(E,W)];0
[Pull(E,W)];0
[Move(E)];0
[Pull(W,N)];0
[Push(E,E)];0
[Move(W)];0
[Pull(E,W)];0
[Push(E,E)];1
[Push(E,N)];0
[Move(W)];0
[Move(W)];0
[Pull(E,W)];0
[Push(W,N)];0
[Move(W)];0
[Move(W)];0
[Move(W)];0
[Move(W)];0
[Move(W)];0
[Move(W)];0
[Move(W)];0
[Move(W)];0
[Pull(W,S)];0
[Push(E,E)];0
[Push(E,E)];0
[Push(E,E)];0
[Push(E,E)];0
[Push(E,E)];0
[Push(E,E)];0
[Move(W)];0
[Move(W)];0
[Move(W)];0
[Pull(W,S)];0
[Push(E,E)];0
[Push(E,E)];0
[Push(E,E)];0
[Pull(W,S)];0
[Pull(W,E)];0
[Pull(W,E)];1
[Push(E,S)];0
[Move(E)];0
[Move(E)];0
[Pull(W,E)];0
[Push(E,S)];1
[Move(W)];0
[Move(W)];0
[Pull(E,S)];0
[Pull(E,W)];0
[Move(E)];1
[Push(E,E)];0
[Pull(W,S)];0
[Pull(W,E)];0
[Push(W,W)];0
[Push(W,S)];0
[Move(E)];0
[Move(E)];0
[Pull(W,E)];0
[Pull(W,E)];0
[Pull(W,E)];1
[Pull(W,E)];0
[Pull(W,E)];0
[Push(E,S)];0
[Move(E)];0
[Move(E)];0
[Move(E)];0
[Move(E)];0
[Move(E)];0
[Move(E)];1
[Pull(W,E)];0
[Push(E,S)];0
[Move(E)];0
[Move(E)];0
[Move(E)];0
[Move(E)];0
[Pull(W,N)];0
[Pull(W,E)];0
[Pull(W,E)];0
[Move(W)];0
[Move(W)];0
[Move(W)];0
[Pull(W,S)];0
[Push(E,E)];0
[Push(E,E)];0
[Push(E,E)];0
[Pull(W,N)];0
[Pull(W,E)];0
[Pull(W,E)];0
[Move(W)];0
[Pull(W,S)];0
[Push(E,E)];0
[Move(W)];0
[Move(W)];0
[Pull(W,S)];0
[Push(E,E)];1
[Push(E,E)];0
[Push(E,S)];0
[Pull(W,E)];0
[Pull(W,E)];0
[Pull(W,E)];0
[Push(E,S)];0
[Pull(E,S)];0
[Pull(E,W)];0
[Pull(E,W)];0
[Push(E,E)];0
[Move(W)];0
[Pull(E,W)];1
[Push(E,E)];0
[Push(E,N)];0
[Move(W)];0
[Move(W)];0
[Pull(E,W)];1
[Push(W,S)];0
[Pull(E,N)];0
[Push(W,W)];0
[Move(E)];0
[Move(E)];0
[Pull(W,N)];0
[Pull(W,E)];0
[Push(W,W)];0
[Move(E)];1
[Pull(W,E)];0
[Push(E,N)];0
[Move(W)];0
[Pull(E,W)];0
[Pull(E,W)];0
[Move(E)];0
[Pull(W,E)];0
[Push(E,N)];0
[Move(W)];0
[Pull(E,W)];1
[Pull(E,N)];0
[Push(E,E)];0
[Move(W)];0
[Pull(E,W)];0
[Push(E,E)];0
[Push(E,N)];0
[Move(W)];0
[Move(W)];0
[Push(W,W)];0
[Move(E)];0
[Pull(W,N)];0
[Push(E,E)];0
[Push(E,E)];0
[Move(W)];0
[Move(W)];0
[Pull(E,W)];1
[Pull(E,W)];0
[Push(W,N)];0
[Pull(W,N)];0
[Move(W)];1
[Pull(E,W)];0
[Push(W,N)];0
[Move(E)];0
[Push(E,E)];0
[Pull(W,S)];0
[Pull(W,E)];1
[Pull(W,E)];0
[Pull(W,E)];0
[Pull(W,E)];0
[Pull(W,E)];0
[Pull(W,E)];0
[Pull(W,E)];0
[Pull(W,E)];0
[Push(E,S)];2
[Move(E)];0
[Move(E)];6
[Move(E)];0
[Move(E)];0
[Move(E)];0
[Move(E)];1
[Move(E)];0
[Move(E)];0
[Pull(W,E)];0
[Push(E,S)];1
[Move(E)];0
[Pull(W,E)];0
[Pull(W,E)];0
[Push(E,N)];0
[Pull(E,S)];0
[Push(W,W)];0
[Move(E)];1
[Move(E)];0
[Pull(W,N)];0
[Pull(W,E)];0
[Push(W,W)];0
[Move(E)];1
[Pull(S,E)];0
[Push(N,W)];0
[Pull(S,N)];0
[Push(N,E)];0
[Push(E,E)];0
[Push(E,N)];0
[Move(W)];0
[Move(W)];1
[Pull(E,W)];0
[Push(W,N)];0
[Move(W)];0
[Pull(E,W)];0
[Pull(E,W)];0
[Push(W,S)];0
dc0682bc11a36f77421d1442b50cfa14d2413e03
successful
17020
511
aa095a6257d63942c4b4fba1ab33d62a22a580b8
1495029688836
