red: 0,1,A,B
blue: 2,C
+++++++++++++++++++++++++++
+           c+b           +
+      +++++ ++++++++++++ +
+      +  C+ +            +
+a     +     ++ +++B+++++++
+++++ ++++++++            +
+A          C++++++++++++ +
+ ++++       +            +
+ ++++       + ++++++++++++
+    12      +       B   0+
+++++++++++++++++++++++++++

[Move(W), Move(W), Move(N)];303
[Move(W), Move(W), Move(N)];1
[Move(W), Move(W), Move(N)];2
[Push(W,W), Move(W), Move(W)];1
[Push(W,W), Move(N), Move(N)];1
[Push(W,W), Move(N), Move(N)];1
[Push(W,W), Push(N,E), Move(N)];2
[Push(W,W), Push(E,E), Move(N)];2
[Push(W,W), Push(E,E), Move(N)];2
[Push(W,W), Push(E,E), Move(E)];4
[Push(W,N), Push(E,N), Move(E)];1
[Push(N,N), Push(N,N), Move(E)];1
[Push(N,E), Push(N,W), Move(E)];1
[Push(E,E), Push(W,W), Move(E)];0
[Push(E,E), Push(W,W), Move(E)];1
[Push(E,E), Push(W,W), Move(E)];1
[Push(E,E), NoOp, Move(S)];1
[Push(E,E), NoOp, Move(S)];1
[Push(E,E), NoOp, Move(S)];0
[Push(E,E), NoOp, Move(W)];1
[Push(E,E), NoOp, Move(W)];1
[Push(E,E), NoOp, Pull(E,N)];1
[Push(E,E), NoOp, Push(W,W)];1
[Push(E,N), NoOp, Pull(N,W)];0
[Push(N,N), NoOp, Push(S,E)];0
[Push(N,W), NoOp, Push(E,E)];0
[Push(W,W), NoOp, Push(E,N)];0
[Push(W,W), NoOp, Push(N,N)];0
[Push(W,W), NoOp, Push(N,N)];1
[Push(W,W), NoOp, NoOp];1
[Push(W,W), NoOp, NoOp];1
[Push(W,W), NoOp, NoOp];0
[Push(N,N), NoOp, NoOp];0
[Push(N,E), NoOp, NoOp];1
[Push(E,E), NoOp, NoOp];1
[Push(E,E), NoOp, NoOp];0
[Push(E,E), NoOp, NoOp];0
[Push(E,E), NoOp, NoOp];0
[Push(E,E), NoOp, NoOp];0
[Push(E,N), NoOp, NoOp];0
[Push(N,N), NoOp, NoOp];0
[Push(N,W), NoOp, NoOp];1
[Push(W,W), NoOp, NoOp];1
[Push(W,W), NoOp, NoOp];1
[Push(W,W), NoOp, NoOp];1
[Push(W,W), NoOp, NoOp];0
[Push(W,W), NoOp, NoOp];0
[Push(W,W), NoOp, NoOp];0
[Push(W,W), NoOp, NoOp];1
[Push(W,W), NoOp, NoOp];1
[Push(W,W), NoOp, NoOp];1
[Push(W,W), NoOp, NoOp];1
12d7766fed7bb54915ca8486b1d717182092904c
successful
343
52
15f3edf11ec63fd9f206cecfd612b8eaf7b885ba
1495025924019
