+++++++++++++++++++++++++++++
+B b                       A+
+                           +
+   a   0                   +
+++++++++++++++++++++++++++++
+   A                   a  B+
+                           +
+                           +
+       1                  b+
+++++++++++++++++++++++++++++

[Move(N), Move(N)];1377
[Move(N), Move(N)];1
[Move(E), Move(N)];0
[Move(E), Move(W)];1
[Move(E), Move(W)];0
[Move(E), Move(W)];1
[Move(E), Push(W,W)];0
[Move(E), Push(W,S)];0
[Move(E), Push(S,W)];0
[Move(E), Push(W,W)];4
[Move(E), Push(W,S)];1
[Move(E), Push(S,E)];1
[Move(E), Push(E,E)];0
[Move(E), Push(E,E)];1
[Move(E), Push(E,E)];0
[Move(E), Push(E,E)];1
[Move(E), Push(E,E)];0
[Move(E), Push(E,E)];0
[Move(E), Push(E,N)];0
[Move(E), Push(N,E)];0
[Push(E,S), Push(E,E)];0
[Push(S,W), Push(E,E)];0
[Push(W,W), Push(E,E)];0
[Push(W,W), Push(E,S)];1
[Push(W,W), Push(S,E)];0
[Push(W,W), Push(E,N)];1
[Push(W,W), Push(N,N)];0
[Push(W,W), Push(N,E)];0
[Push(W,W), Push(E,E)];1
[Push(W,W), Push(E,E)];1
[Push(W,W), Push(E,E)];1
[Push(W,W), Push(E,S)];0
[Push(W,W), Push(S,S)];0
[Push(W,W), Push(S,S)];1
[Push(W,W), Push(S,E)];0
[Push(W,W), Push(E,N)];1
[Push(W,W), Push(N,N)];2
[Push(W,W), Push(N,N)];0
[Push(W,W), Push(N,E)];0
[Push(W,W), Push(E,E)];1
[Push(W,W), Push(E,E)];0
[Push(W,W), Push(E,E)];1
[Push(W,W), Push(E,E)];0
[Push(W,W), Push(E,E)];0
[Push(W,S), NoOp];0
[Move(N), Move(S)];6
[Move(W), Move(E)];0
[Move(W), Move(E)];0
[Push(W,S), Move(N)];1
[Push(S,E), Move(E)];1
[Push(E,E), Push(E,S)];0
[Push(E,N), Push(S,W)];1
[NoOp, Push(W,S)];0
[NoOp, Push(S,S)];0
[NoOp, Push(S,E)];0
3f6351c51866644b64183bf7e631a86c7e531e2f
successful
1408
55
e89b7e95e6a3da1ebc9b36e1a7208049fdaefbf3
1495027498392
