red:0,V
yellow:1,D
magenta:2,W
orange:3,F
green:H
+++++++++++++++++++++++++++++++
+        TEAM LIQUORICE       +
+++++++++++++++++++++++++++++++
+0          M    w           2+
+ + + + + + + + + + + + + + + +
+               H             +
+ + + + + + + + + + + + + + + +
+   H                 W       +
+ + + + + + + + + + + + + + + +
+     D                       +
+ + + + + + + + + + +H+ + + + +
+  v       d     H           V+
+ + + + + + + + + + + + + + + +
+3f              F          V1+
+++++++++++++++++++++++++++++++
+      BOMBERMAN CLASSIC      +
+++++++++++++++++++++++++++++++

[Move(E), NoOp, Move(W), Move(E)];550
[Move(E), NoOp, Move(W), Move(E)];1
[Move(S), NoOp, Move(W), Move(E)];0
[Move(S), NoOp, Move(W), Move(E)];1
[Move(S), NoOp, Move(W), Move(E)];0
[Move(S), NoOp, Move(W), Move(E)];1
[Move(S), NoOp, Move(S), Move(E)];0
[Move(S), NoOp, Move(S), Move(E)];1
[Move(S), NoOp, Move(S), Move(E)];0
[Move(S), NoOp, Move(S), Move(E)];1
[Move(E), NoOp, Push(W,W), Move(E)];1
[Move(E), NoOp, Push(W,N), Move(E)];0
[Move(E), NoOp, Push(N,N), Move(E)];1
[Move(E), NoOp, Push(N,N), Move(E)];0
[Move(E), NoOp, Push(N,N), Move(E)];1
[Move(E), NoOp, Push(N,W), Pull(W,E)];0
[Move(E), NoOp, Push(W,W), Push(E,E)];1
[Move(E), NoOp, Push(W,W), Move(W)];0
[Move(E), NoOp, Push(W,W), Move(E)];0
[Move(E), NoOp, NoOp, Pull(W,E)];0
[Move(E), NoOp, NoOp, Push(E,E)];0
[Move(E), NoOp, NoOp, Pull(W,E)];1
[Move(N), NoOp, NoOp, Push(E,E)];0
[Move(N), NoOp, NoOp, Pull(W,E)];1
[Move(E), NoOp, NoOp, Push(E,E)];0
[Move(E), NoOp, NoOp, Move(W)];1
[Move(E), NoOp, NoOp, Move(E)];0
[Move(E), NoOp, NoOp, Pull(W,E)];0
[Move(S), NoOp, NoOp, Pull(W,E)];0
[Move(S), NoOp, NoOp, Push(E,N)];0
[Move(E), NoOp, NoOp, Pull(E,N)];0
[Move(E), NoOp, NoOp, Pull(E,W)];0
[Move(E), NoOp, NoOp, Push(W,W)];0
[Move(E), NoOp, NoOp, Push(W,W)];0
[Move(E), NoOp, NoOp, Push(W,W)];0
[Move(E), NoOp, NoOp, Push(W,W)];1
[Move(E), NoOp, NoOp, Push(W,W)];0
[Move(E), NoOp, NoOp, Push(W,W)];1
[Move(E), NoOp, NoOp, Push(W,W)];0
[Pull(W,E), NoOp, NoOp, Push(W,W)];0
[Pull(W,E), NoOp, NoOp, Push(W,W)];1
[Push(E,N), NoOp, NoOp, Push(W,W)];0
[Pull(E,N), NoOp, NoOp, Push(W,W)];0
[Pull(E,W), NoOp, NoOp, Push(W,W)];1
[Pull(N,W), NoOp, NoOp, Push(W,W)];0
[Pull(N,S), NoOp, NoOp, Push(W,W)];0
[Pull(W,S), NoOp, NoOp, NoOp];0
[Pull(W,E), NoOp, NoOp, NoOp];0
[Move(S), NoOp, NoOp, NoOp];1
[Move(S), NoOp, NoOp, NoOp];0
[Move(S), NoOp, NoOp, NoOp];1
[Move(S), NoOp, NoOp, NoOp];0
[Pull(N,E), NoOp, NoOp, NoOp];0
[Pull(N,S), NoOp, NoOp, NoOp];1
[Pull(E,S), NoOp, NoOp, NoOp];0
[Push(W,W), NoOp, NoOp, NoOp];0
[Push(W,W), NoOp, NoOp, NoOp];0
[Push(W,W), NoOp, NoOp, NoOp];1
[Push(W,W), NoOp, NoOp, NoOp];0
[Push(W,W), NoOp, NoOp, NoOp];1
[Push(W,W), NoOp, NoOp, NoOp];0
[Push(W,W), NoOp, NoOp, NoOp];1
[Push(W,W), NoOp, NoOp, NoOp];2
[Push(W,W), NoOp, NoOp, NoOp];4
[Pull(N,W), NoOp, NoOp, NoOp];0
[Pull(N,S), NoOp, NoOp, NoOp];0
[Pull(W,S), NoOp, NoOp, NoOp];1
[Pull(W,E), NoOp, NoOp, NoOp];0
[Pull(W,E), NoOp, NoOp, NoOp];1
[Push(E,S), NoOp, NoOp, NoOp];0
[Pull(E,S), Move(N), NoOp, NoOp];1108
[Pull(E,W), Move(N), NoOp, NoOp];0
[Pull(E,W), Move(W), NoOp, NoOp];0
[Pull(E,W), Move(W), NoOp, NoOp];0
[Pull(E,W), Move(W), NoOp, NoOp];0
[Pull(E,W), Move(W), NoOp, NoOp];0
[Pull(E,W), Move(W), NoOp, NoOp];0
[Pull(E,W), Move(W), NoOp, NoOp];1
[Pull(E,W), Move(W), NoOp, NoOp];0
[Pull(E,W), Move(W), NoOp, NoOp];0
[Pull(S,E), Move(W), NoOp, NoOp];1
[Push(N,N), Move(W), NoOp, NoOp];0
[Pull(E,N), Move(N), NoOp, NoOp];0
[Push(W,S), Move(N), NoOp, NoOp];1
[Push(S,S), Move(W), NoOp, NoOp];0
[Push(S,W), Move(W), NoOp, NoOp];0
[Push(W,W), Move(W), NoOp, NoOp];0
[Push(W,W), Move(W), NoOp, NoOp];0
[Push(W,W), Move(W), NoOp, NoOp];0
[Push(W,W), Move(W), NoOp, NoOp];0
[Push(W,W), Move(W), NoOp, NoOp];1
[Push(W,W), Move(W), NoOp, NoOp];0
[Push(W,W), Move(W), NoOp, NoOp];0
[Push(W,W), Move(W), NoOp, NoOp];0
[Pull(S,W), Move(W), NoOp, NoOp];0
[Pull(S,N), Move(W), NoOp, NoOp];1
[Pull(W,N), Pull(E,W), NoOp, NoOp];0
[Pull(W,E), Push(W,N), NoOp, NoOp];0
[Pull(N,E), Pull(W,N), NoOp, NoOp];0
[Push(S,W), Push(E,E), NoOp, NoOp];0
[Push(W,W), Push(E,E), NoOp, NoOp];0
[Push(W,W), Push(E,E), NoOp, NoOp];0
[Pull(N,W), Push(E,E), NoOp, NoOp];0
[Pull(N,S), Push(E,S), NoOp, NoOp];1
[Pull(E,S), Push(S,S), NoOp, NoOp];0
[Push(W,W), NoOp, NoOp, NoOp];0
[Push(W,W), NoOp, NoOp, NoOp];1
[Push(W,W), NoOp, NoOp, NoOp];0
[Push(W,W), NoOp, NoOp, NoOp];0
[Pull(N,W), NoOp, NoOp, NoOp];29
[Pull(N,S), NoOp, NoOp, NoOp];0
[Pull(W,S), NoOp, NoOp, NoOp];0
[Pull(W,E), NoOp, NoOp, NoOp];0
[Pull(W,E), NoOp, NoOp, NoOp];0
[Pull(W,E), NoOp, NoOp, NoOp];0
[Pull(S,E), NoOp, NoOp, NoOp];1
[Pull(S,N), NoOp, NoOp, NoOp];0
[Pull(E,N), NoOp, NoOp, NoOp];0
[Push(W,W), NoOp, NoOp, NoOp];0
[Push(W,W), NoOp, NoOp, NoOp];0
[Push(W,W), NoOp, NoOp, NoOp];0
[Push(W,W), NoOp, NoOp, NoOp];0
[Push(W,W), NoOp, NoOp, NoOp];1
[Push(W,W), NoOp, NoOp, NoOp];0
ea47c46412e7bf175bce23836de8e2b44b85274e
successful
1726
124
7f634083355d5dc4dc6327b8a1eed02771c6e44b
1495027499819
