blue: 0,A,E,H,K,N,Q
red: 1,B,F,I,L,O,R
green: 2,C,G,J,M,P,S
+++++++++++++++++++++++++++++
+BAC     +ONP            GEF+
++++     ++++            ++++
+LKM     0  1  2         JHI+
++++                     ++++
+                           ++++++++++
+                            s  r  q +
+S+                         ++++++++++
+Q+                         +
+R+                         +
++++++ +++ +++++++ +++ +++ ++
     + + + +     + + + + + +
     +p+ +m+     +j+ +g+ +c+
     + + + +     + + + + + +
     +o+ +l+     +i+ +f+ +b+
     + + + +     + + + + + +
     +n+ +k+     +h+ +e+ +a+
     + + + +     + + + + + +
     +++ +++     +++ +++ +++

[NoOp, NoOp, Move(E)];331
[NoOp, NoOp, Move(E)];0
[NoOp, NoOp, Move(E)];0
[NoOp, NoOp, Move(E)];0
[NoOp, NoOp, Move(E)];0
[NoOp, NoOp, Move(E)];16
[NoOp, NoOp, Move(E)];0
[NoOp, NoOp, Move(E)];0
[NoOp, NoOp, Move(E)];0
[NoOp, NoOp, Pull(W,E)];0
[NoOp, NoOp, Push(E,N)];0
[NoOp, NoOp, Pull(E,N)];0
[NoOp, NoOp, Push(W,W)];0
[NoOp, NoOp, Push(W,W)];0
[NoOp, NoOp, Push(W,W)];0
[NoOp, NoOp, Push(W,W)];0
[NoOp, NoOp, Push(W,W)];0
[NoOp, NoOp, Push(W,W)];0
[NoOp, NoOp, Push(W,S)];0
[NoOp, NoOp, Push(S,S)];0
[NoOp, NoOp, Push(S,S)];0
[NoOp, NoOp, Push(S,S)];0
[NoOp, NoOp, Push(S,S)];0
[NoOp, NoOp, Push(S,S)];0
[NoOp, NoOp, Push(S,S)];0
[NoOp, NoOp, Push(S,S)];0
[NoOp, NoOp, Push(S,S)];0
1e1371aee37419ef435f269df490828db40b872c
unsuccessful
347
27
cdfe6dd165508a2b85f6826909158ca6561f7db0
1495027788685
