++++++++++++++++++++++++++
+0                     aA+
++++++++++  ++++++++++ +++
+           +C  dc   + +b+
+        +  +        + + +
+        +  +        + + +
+        +  +        + + +
+E       +  +        + + +
+        +  +        + + +
+        +  +       D+ + +
+B       +  +        + + +
+        +  +        + + +
+        +  +          + +
+                   ++++ +
+        +          +  + +
+                   +  + +
+        +  + + + + ++++ +
+e      E+              B+
++++++++++++++++++++++++++

[Move(E)];519
[Move(E)];1
[Move(E)];1
[Move(E)];1
[Move(E)];1
[Move(E)];0
[Move(E)];0
[Move(E)];0
[Move(E)];0
[Move(E)];0
[Move(E)];1
[Move(E)];1
[Move(E)];0
[Move(E)];1
[Move(E)];0
[Move(E)];1
[Move(E)];1
[Move(E)];0
[Move(E)];0
[Move(E)];0
[Move(E)];0
[Move(E)];0
[Pull(W,E)];1
[Move(S)];72
[Move(S)];1
[Move(S)];1
[Move(S)];1
[Move(S)];1
[Move(S)];2
[Move(S)];0
[Move(S)];1
[Move(S)];0
[Move(S)];1
[Move(S)];1
[Move(W)];0
[Move(W)];1
[Move(N)];0
[Move(N)];1
[Push(N,N)];0
[Push(N,N)];0
[Push(N,N)];1
[Push(N,N)];0
[Push(N,N)];0
[Push(N,N)];1
[Push(N,W)];0
[Push(W,W)];0
[Push(W,W)];0
[Push(W,W)];0
[Push(W,W)];1
[Push(W,S)];0
[Move(W)];1
[Pull(E,W)];0
[Push(W,S)];0
[Pull(W,S)];1
[Push(E,E)];0
[Push(E,E)];1
[Push(E,E)];1
15046307ed13b5b88949794d78643a3252ae9096
unsuccessful
619
57
cfbc00ec066ca288ab0cabec302f14f6b3361f1c
1495028509729
