++++++
+++w++
++bc++
+edih+
+++KL+++++++++++++++++++++++++++++++++++++++
+0                                   WWuzx++
+      B   H ++    +  +++ +          WWvty++
+  IJ   C  ++D         +++E          +++++++
+U       ++       ++++++++++++++++++++++++++
+Z+    ++         kwwlj    w     VTY++++++++
+X+   ++          ++++++++++++++++++++++++++
++++++++++++++++++++++++++++++++++++++++++++

[Move(E)];386
[Move(E)];1
[Move(S)];0
[Pull(N,S)];1
[Push(S,W)];0
[Pull(S,W)];0
[Push(N,N)];0
[Move(E)];0
[Pull(N,S)];1
[Push(N,N)];0
[Push(W,N)];1
[Push(N,W)];1
[Move(S)];0
[Pull(N,S)];1
[Push(S,E)];0
[Pull(S,E)];1
[Push(N,N)];0
9f25bf5f6d3c7693dc42d8158e89dbbdfa965651
unsuccessful
393
17
d44f50b99e893c83b4491d41307569e271693a79
1495028894886
