++++++++++++++++++++++
+g A +i+h+ E  +P    p+
++     +      a      +
++0    c  F  +++    I+
++G    +B     b  Y  ++
+f   X +S     + H   e+
+++ ++++++z+++++++ +++
+x  p+s      F+w     +
++  +++++         W  +
+P A +ZC    f + WWS A+
++++++++++ +++++++++++
       ++   ++
       ++   ++
      ++++ ++++
       ++   ++
        ++ ++
        ++ ++
    +++++ L +++++
    ++H + l + M++
    ++ V+   +D ++
    +++++++++++++

[Pull(N,S)];291
[Push(S,E)];0
[Pull(S,E)];0
[Push(N,N)];0
[Push(N,N)];0
[Push(N,W)];0
bf4df3382c5bfcda7d8ebec87fb6648aa171c897
unsuccessful
291
6
704f251b13f84ba5fdfccc572b71dae39f346b16
1495030028401
