red: 0,A,E
green: 1,B
cyan: 2,C,D
+++++++++++++++++++++++++++++++++
+0    +               1         +
+ + + +++++++++++++++++++ + + + +
+ a B +         c   +   b     A +
+ + + + +++++++++++++++++ + + + +
+             2C                +
+++ +++++++++++++++++++++++++ +++
+++             Dd            +++
+++ +++++++++++++++++++++++++ +++
+++             eE            +++
+++ +++++++++++++++++++++++++ +++
+++             Bb            +++
+++ +++++++++++++++++++++++++ +++
+++             Bb            +++
+++ +++++++++++++++++++++++++ +++
+++             Bb            +++
+++++++++++++++++++++++++++++++++

[Move(S), Move(E), Pull(W,E)];338
[Move(S), Move(E), Pull(W,E)];0
[Move(S), Move(E), Pull(W,E)];0
[Move(S), Move(S), Pull(W,E)];0
[Move(E), Move(S), Pull(W,E)];0
[Move(E), Move(S), Pull(W,E)];0
[Move(S), Move(S), Pull(W,E)];0
[Move(S), Move(E), Pull(N,E)];0
[Move(S), Move(E), Pull(N,S)];0
[Move(S), Move(E), Pull(E,S)];0
[Move(E), Move(E), Pull(E,W)];0
[Move(E), Move(S), Pull(E,W)];0
[Move(E), Move(S), Pull(E,W)];0
[Move(E), Move(S), Pull(E,W)];0
[Move(E), Move(S), Pull(E,W)];0
[Move(E), Move(S), Pull(E,W)];0
[Move(E), Move(S), Pull(E,W)];0
[Move(E), Move(W), Pull(E,W)];0
[Move(E), Move(W), Pull(E,W)];0
[Move(E), Move(W), Push(W,W)];0
[Move(E), Move(W), Push(W,W)];0
[Move(E), Move(W), Push(W,W)];0
[Move(E), Move(W), Push(W,W)];0
[Pull(W,E), Move(W), Push(W,W)];0
[Push(E,E), Move(W), Push(W,W)];0
[Push(E,E), Move(W), Push(W,W)];0
[Push(E,E), Move(W), Push(W,W)];0
[Push(E,E), Move(W), Push(W,W)];0
[Push(E,E), Move(W), Push(W,S)];0
[Push(E,E), Pull(E,W), Push(S,S)];0
[Push(E,E), Move(E), Push(S,W)];1
[Push(E,E), Move(E), Push(W,W)];0
[Push(E,E), Move(E), Push(W,W)];0
[Push(E,E), Move(E), Push(W,W)];0
[Push(E,E), Move(E), Push(W,W)];0
[Push(E,E), Move(E), Pull(S,W)];0
[Push(E,E), Move(E), Move(S)];0
[Push(E,S), Move(E), Move(E)];0
[Move(N), Move(E), Move(E)];0
[Move(N), Move(E), Move(E)];0
[Move(N), Move(E), Move(E)];0
[Move(N), Move(S), Move(E)];0
[Move(N), Move(S), Move(E)];0
[Move(N), Move(W), Move(E)];0
[Pull(W,E), Move(W), Move(E)];0
[Push(E,S), Move(W), Move(E)];0
[Push(S,S), Move(W), Move(E)];0
[Push(S,W), Move(W), Move(E)];0
[Push(W,W), Move(W), Move(E)];0
[Push(W,W), Move(W), Push(E,E)];1
[Push(W,W), Move(W), Move(W)];0
[Push(W,W), Move(W), Move(W)];0
[Push(W,W), Move(W), Move(W)];0
[Push(W,W), Move(W), Move(W)];0
[Push(W,W), Move(W), Move(W)];0
[Push(W,W), Pull(E,W), Move(W)];1
[Push(W,W), Move(E), Move(W)];0
[Push(W,W), Move(E), Move(W)];0
[Push(W,W), Move(E), Move(W)];0
[Push(W,W), Move(E), Move(W)];1
[Push(W,W), Move(E), Move(W)];0
[Push(W,W), Move(E), Move(W)];0
[Push(W,W), Move(E), Move(W)];0
[Push(W,W), Move(E), Move(N)];0
[Push(W,W), Move(E), Push(N,E)];0
[Push(W,W), Move(E), Push(E,E)];0
[Push(W,W), Move(E), Push(E,E)];0
[Push(W,W), Move(S), Push(E,E)];0
[NoOp, Move(S), Push(E,N)];0
[Pull(E,W), Move(W), Push(N,N)];0
[Pull(E,W), Move(W), Push(N,E)];0
[Pull(E,W), Move(W), Push(E,E)];0
[Pull(E,W), Move(W), Push(E,E)];0
[Pull(E,W), Move(W), Push(E,E)];0
[Pull(E,W), Move(W), Push(E,E)];0
[Pull(E,W), Move(W), Push(E,E)];0
[Pull(E,W), Move(W), Push(E,E)];0
[Pull(E,W), Move(W), Push(E,E)];0
[Pull(E,W), Move(W), Push(E,E)];0
[Pull(E,W), Move(W), NoOp];0
[Pull(E,W), Move(W), NoOp];0
[Pull(E,W), Pull(E,W), NoOp];0
[Pull(E,W), Push(W,W), NoOp];0
[Pull(E,W), Push(W,W), NoOp];0
[Pull(E,W), Push(W,W), NoOp];0
[Pull(E,W), Push(W,W), NoOp];0
[Pull(E,W), Push(W,W), NoOp];0
[Pull(E,W), Push(W,W), NoOp];0
[Pull(E,W), Push(W,W), NoOp];0
[Pull(N,W), Push(W,W), NoOp];0
[Push(S,S), Push(W,W), NoOp];0
[Push(S,S), Push(W,W), NoOp];1
[Push(S,W), Push(W,W), NoOp];0
[Push(W,W), Push(W,W), NoOp];0
[Push(W,W), Push(W,W), NoOp];0
[Push(W,W), Push(W,W), NoOp];0
[Push(W,W), Push(W,N), NoOp];0
[Push(W,W), Push(N,N), NoOp];0
[Push(W,W), Push(N,E), NoOp];0
[Push(W,W), Move(N), NoOp];0
[Push(W,W), Move(N), NoOp];1
[Push(W,W), Move(N), NoOp];0
[Push(W,W), Move(N), NoOp];0
[NoOp, Move(N), NoOp];0
[Pull(E,W), Move(N), NoOp];0
[Pull(E,W), Move(N), NoOp];0
[Pull(E,W), Move(N), NoOp];1
[Pull(E,W), Move(N), NoOp];0
[Pull(E,W), Move(N), NoOp];0
[Pull(E,W), Push(E,E), NoOp];0
[Pull(E,W), Push(E,S), NoOp];0
[Pull(E,W), Push(S,S), NoOp];0
[Pull(E,W), Push(S,E), NoOp];1
[Pull(E,W), Push(E,E), NoOp];0
[Pull(S,W), Push(E,E), NoOp];0
[Push(N,N), Push(E,E), NoOp];0
[Push(N,N), Push(E,E), NoOp];0
[Push(N,W), Push(E,E), NoOp];0
[Push(W,W), Push(E,E), NoOp];0
[Push(W,W), Push(E,E), NoOp];0
[Push(W,W), Push(E,E), NoOp];0
[Push(W,W), Push(E,E), NoOp];0
[Push(W,W), Push(E,E), NoOp];0
[Push(W,W), Push(E,E), NoOp];0
[Push(W,W), Push(E,E), NoOp];1
[Push(W,W), Push(E,E), NoOp];0
[NoOp, NoOp, NoOp];0
[Pull(E,W), Pull(W,E), NoOp];0
[Pull(E,W), Pull(W,E), NoOp];0
[Pull(E,W), Pull(W,E), NoOp];0
[Pull(E,W), Pull(W,E), NoOp];0
[Pull(E,W), Pull(W,E), NoOp];0
[Pull(E,W), Pull(W,E), NoOp];0
[Pull(N,W), Pull(W,E), NoOp];0
[Push(S,E), Pull(W,E), NoOp];0
[Push(E,E), Pull(W,E), NoOp];0
[Push(E,S), Pull(W,E), NoOp];0
[Push(S,S), Pull(W,E), NoOp];0
[Push(S,S), Pull(W,E), NoOp];0
[Push(S,S), Pull(W,E), NoOp];0
[Push(S,W), Pull(W,E), NoOp];0
[Push(W,W), Pull(W,E), NoOp];0
[Push(W,W), Pull(W,E), NoOp];0
[Push(W,W), Push(E,S), NoOp];0
[Push(W,W), Push(S,S), NoOp];0
[Push(W,W), Push(S,E), NoOp];0
[Push(W,W), Push(E,E), NoOp];0
[Push(W,W), Push(E,E), NoOp];0
[Push(W,W), Push(E,E), NoOp];0
[Push(W,W), Push(E,E), NoOp];0
[Push(W,W), Push(E,E), NoOp];0
[Push(W,W), Push(E,E), NoOp];0
[Push(W,W), Push(E,E), NoOp];0
[Push(W,W), Push(E,E), NoOp];0
[Push(W,W), Push(E,E), NoOp];0
[Push(W,W), Push(E,E), NoOp];0
[Push(W,W), Push(E,E), NoOp];0
[Push(W,W), Push(E,E), NoOp];0
[Push(W,W), NoOp, NoOp];0
[Push(W,W), Pull(W,E), NoOp];0
[Push(W,W), Pull(W,E), NoOp];0
[Push(W,W), Pull(W,E), NoOp];1
[Push(W,W), Pull(W,E), NoOp];0
[Push(W,W), Pull(W,E), NoOp];0
[Push(W,W), Pull(W,E), NoOp];0
[Push(W,W), Pull(W,E), NoOp];0
[Push(W,N), Pull(W,E), NoOp];0
[Push(N,N), Pull(W,E), NoOp];0
[Push(N,N), Pull(W,E), NoOp];0
[Push(N,N), Pull(W,E), NoOp];0
[Push(N,N), Pull(W,E), NoOp];0
[Push(N,N), Pull(N,E), NoOp];0
[Push(N,W), Pull(N,S), NoOp];0
[Move(S), NoOp, NoOp];0
[NoOp, Pull(W,S), NoOp];1
[NoOp, Push(E,E), NoOp];0
[Move(N), Push(E,E), NoOp];0
[Move(E), Push(E,E), NoOp];0
[Move(E), Push(E,E), NoOp];0
[Move(S), Push(E,E), NoOp];0
[Move(S), Push(E,E), NoOp];0
[Move(E), Push(E,E), NoOp];0
[Move(E), Push(E,E), NoOp];0
[Move(E), Push(E,E), NoOp];0
[Move(E), Push(E,E), NoOp];0
[Move(E), Push(E,E), NoOp];0
[Move(E), Push(E,E), NoOp];0
[Move(E), Push(E,E), NoOp];0
[Move(E), Push(E,E), NoOp];0
[Move(E), Push(E,E), NoOp];1
[Move(E), Push(E,E), NoOp];0
[Move(E), Push(E,E), NoOp];0
[Move(E), Push(E,E), NoOp];0
[Move(E), Push(E,E), NoOp];0
[Move(E), Push(E,E), NoOp];0
[Move(E), Push(E,E), NoOp];0
[Move(E), Push(E,E), NoOp];0
[Move(E), Push(E,N), NoOp];0
[Move(E), Push(N,N), NoOp];0
[Move(E), Push(N,W), NoOp];0
[Move(E), Move(S), NoOp];0
[Move(E), NoOp, NoOp];0
[Move(E), Move(N), NoOp];0
[Move(E), Move(E), NoOp];1
[Move(E), Move(E), NoOp];0
[Move(S), Move(S), NoOp];0
[Move(S), Move(S), NoOp];0
[Move(S), Move(E), NoOp];0
[Move(S), Move(E), NoOp];0
[Pull(N,S), Move(S), NoOp];0
[Push(S,W), Move(S), NoOp];0
[Push(W,W), Move(S), NoOp];0
[Push(W,W), Move(S), NoOp];0
[Push(W,W), Move(W), NoOp];0
[Push(W,W), Move(W), NoOp];0
[Push(W,W), Move(W), NoOp];0
[Push(W,W), Move(W), NoOp];0
[Push(W,W), Move(W), NoOp];0
[Push(W,W), Move(W), NoOp];1
[Push(W,W), Move(W), NoOp];0
[Push(W,W), Move(W), NoOp];0
[Push(W,W), Move(W), NoOp];0
[Push(W,W), Move(W), NoOp];0
[NoOp, Move(W), NoOp];0
[NoOp, NoOp, NoOp];0
[NoOp, Move(E), NoOp];0
[NoOp, Move(E), NoOp];0
[NoOp, Move(E), NoOp];0
[NoOp, Move(E), NoOp];0
[NoOp, Move(E), NoOp];0
[NoOp, Move(E), NoOp];0
[NoOp, Move(E), NoOp];0
[NoOp, Move(E), NoOp];0
[NoOp, Move(E), NoOp];0
[NoOp, Move(E), NoOp];0
[NoOp, Move(E), NoOp];1
[NoOp, Move(S), NoOp];0
[NoOp, Move(S), NoOp];0
[NoOp, Move(W), NoOp];0
[NoOp, Move(W), NoOp];0
[NoOp, Move(W), NoOp];0
[NoOp, Move(W), NoOp];0
[NoOp, Move(W), NoOp];0
[NoOp, Move(W), NoOp];1
[NoOp, Move(W), NoOp];0
[NoOp, Move(W), NoOp];0
[NoOp, Move(W), NoOp];0
[NoOp, Move(W), NoOp];0
[NoOp, Move(W), NoOp];0
[NoOp, Push(W,W), NoOp];0
[NoOp, Push(W,W), NoOp];0
[NoOp, Push(W,W), NoOp];0
[NoOp, Push(W,W), NoOp];0
[NoOp, Push(W,W), NoOp];0
[NoOp, Push(W,W), NoOp];0
[NoOp, Push(W,W), NoOp];0
[NoOp, Push(W,W), NoOp];0
[NoOp, Push(W,W), NoOp];0
[NoOp, Push(W,W), NoOp];0
[NoOp, Push(W,W), NoOp];0
[NoOp, Push(W,W), NoOp];1
[NoOp, Push(W,W), NoOp];0
[NoOp, Push(W,W), NoOp];0
[NoOp, Push(W,S), NoOp];0
[NoOp, Push(S,S), NoOp];0
[NoOp, Push(S,S), NoOp];0
[NoOp, Push(E,E), NoOp];0
[NoOp, Move(W), NoOp];0
[NoOp, Pull(E,S), NoOp];1
[NoOp, Push(W,N), NoOp];0
[NoOp, Move(E), NoOp];0
[NoOp, Pull(W,E), NoOp];0
[NoOp, Pull(S,E), NoOp];0
[NoOp, Pull(S,N), NoOp];0
[NoOp, Pull(E,N), NoOp];0
[NoOp, Pull(E,W), NoOp];0
[NoOp, Pull(E,W), NoOp];0
[NoOp, Pull(E,W), NoOp];0
[NoOp, Pull(E,W), NoOp];0
[NoOp, Pull(E,W), NoOp];0
[NoOp, Pull(E,W), NoOp];0
[NoOp, Pull(E,W), NoOp];0
[NoOp, Pull(E,W), NoOp];0
[NoOp, Pull(E,W), NoOp];0
[NoOp, Pull(E,W), NoOp];0
[NoOp, Pull(E,W), NoOp];0
[NoOp, Pull(E,W), NoOp];0
[NoOp, Pull(E,W), NoOp];0
[NoOp, Pull(E,W), NoOp];0
[NoOp, Push(W,W), NoOp];0
[NoOp, Push(W,W), NoOp];0
[NoOp, Push(W,W), NoOp];0
[NoOp, Push(W,W), NoOp];0
[NoOp, Push(W,W), NoOp];0
[NoOp, Push(W,W), NoOp];0
[NoOp, Push(W,W), NoOp];0
[NoOp, Push(W,W), NoOp];0
[NoOp, Push(W,W), NoOp];0
[NoOp, Push(W,W), NoOp];0
[NoOp, Push(W,W), NoOp];0
[NoOp, Push(W,W), NoOp];0
[NoOp, Push(W,W), NoOp];0
[NoOp, Push(W,W), NoOp];0
[NoOp, Push(W,N), NoOp];0
[NoOp, Push(N,N), NoOp];0
[NoOp, Push(N,E), NoOp];0
[NoOp, Push(N,N), NoOp];0
[NoOp, Push(N,E), NoOp];0
[NoOp, Push(E,E), NoOp];0
[NoOp, Push(E,E), NoOp];0
[NoOp, Push(E,E), NoOp];0
[NoOp, Push(E,E), NoOp];0
[NoOp, Push(E,E), NoOp];0
[NoOp, Push(E,E), NoOp];0
[NoOp, Push(E,E), NoOp];0
[NoOp, Push(E,E), NoOp];0
[NoOp, Push(E,E), NoOp];0
[NoOp, Push(E,E), NoOp];0
[NoOp, Push(E,E), NoOp];0
[NoOp, Push(E,E), NoOp];0
[NoOp, Push(E,E), NoOp];0
[NoOp, Move(W), NoOp];0
[NoOp, Move(W), NoOp];0
[NoOp, Move(W), NoOp];0
[NoOp, Move(W), NoOp];0
[NoOp, Move(W), NoOp];0
[NoOp, Move(W), NoOp];0
[NoOp, Move(W), NoOp];0
[NoOp, Move(W), NoOp];0
[NoOp, Move(W), NoOp];0
[NoOp, Move(W), NoOp];0
[NoOp, Move(W), NoOp];0
[NoOp, Move(W), NoOp];0
[NoOp, Move(W), NoOp];0
[NoOp, Move(S), NoOp];0
[NoOp, Move(S), NoOp];0
[NoOp, Pull(N,E), NoOp];0
[NoOp, Push(S,S), NoOp];0
[NoOp, Push(S,S), NoOp];0
[NoOp, Push(S,E), NoOp];0
[NoOp, Push(E,E), NoOp];0
[NoOp, Push(E,E), NoOp];0
[NoOp, Push(E,E), NoOp];0
[NoOp, Push(E,E), NoOp];0
[NoOp, Push(E,E), NoOp];0
[NoOp, Push(E,E), NoOp];0
[NoOp, Push(E,E), NoOp];0
[NoOp, Push(E,E), NoOp];0
[NoOp, Push(E,E), NoOp];0
[NoOp, Push(E,E), NoOp];0
[NoOp, Push(E,E), NoOp];0
[NoOp, Push(E,E), NoOp];0
[NoOp, Push(E,E), NoOp];0
328dd3d80fc500db0cccdbf10bf522e688f35675
successful
356
353
ee3623f1d2d9f862b8efb1f7a96ba294dfddf38d
1495036643098
