+++++++++++++++++++++++++++++
+B b                       A+
+                           +
+   a   0                   +
+++++++++++++++++++++++++++++
+   A                   a  B+
+                           +
+                           +
+       1                  b+
+++++++++++++++++++++++++++++

[Move(W), Move(W)];92
[Move(W), Move(N)];0
[Move(N), Move(N)];0
[Move(W), Move(W)];0
[Move(N), Move(W)];0
[Move(W), Move(W)];0
[Move(W), Push(N,E)];1
[Move(W), Push(E,E)];0
[Pull(S,W), Push(E,E)];0
[Push(N,E), Push(E,E)];0
[Push(E,S), Push(E,E)];0
[Pull(E,S), Push(E,E)];0
[Move(E), Push(E,E)];0
[Move(E), Push(E,E)];0
[Move(E), Push(E,E)];0
[Move(E), Push(E,E)];0
[Move(E), Push(E,E)];0
[Move(E), Push(E,E)];0
[Move(E), Push(E,E)];0
[Move(E), Push(E,E)];0
[Move(E), Push(E,E)];0
[Move(E), Push(E,E)];0
[Move(E), Push(E,E)];0
[Move(E), Push(E,E)];0
[Move(E), Push(E,E)];0
[Move(E), Push(E,E)];0
[Move(E), Push(E,S)];0
[Move(E), Pull(E,S)];0
[Move(E), Move(E)];1
[Move(E), Push(E,S)];0
[Move(E), Push(S,S)];0
[Move(E), Push(S,S)];0
[Move(E), NoOp];0
[Move(E), NoOp];0
[Push(E,S), NoOp];0
[Push(S,S), NoOp];0
[Push(S,W), NoOp];0
[Push(W,W), NoOp];0
[Push(W,W), NoOp];0
[Push(W,W), NoOp];0
[Push(W,W), NoOp];0
[Push(W,W), NoOp];0
[Push(W,W), NoOp];0
[Push(W,W), NoOp];0
[Push(W,W), NoOp];0
[Push(W,W), NoOp];1
[Push(W,W), NoOp];0
[Push(W,W), NoOp];0
[Push(W,W), NoOp];0
[Push(W,W), NoOp];0
[Push(W,W), NoOp];0
[Push(W,W), NoOp];0
[Push(W,W), NoOp];0
[Push(W,W), NoOp];0
[Push(W,W), NoOp];0
[Push(W,W), NoOp];0
[Push(W,W), NoOp];0
[Push(W,W), NoOp];0
[Push(W,W), NoOp];0
3f6351c51866644b64183bf7e631a86c7e531e2f
successful
95
59
fe778ef0567b642fd8919877f19130537b13a9f4
1495037501472
