++++++++++++++++++++++++++++++++
+  B   ++++++++++++++++++   0  +
+      ++++++++++++++++++      +
+      a         b          A  +
+      ++++++++++++++++++      +
+  C   ++++++++++++++++++  c   +
++++++++++++++++++++++++++++++++

[Move(S)];994
[Push(S,W)];0
[Push(W,W)];0
[Push(W,W)];0
[Push(W,W)];0
[Push(W,W)];0
[Push(W,W)];0
[Push(W,W)];0
[Push(W,W)];0
[Push(W,W)];0
[Push(W,W)];0
[Push(W,W)];0
[Push(W,W)];0
[Push(W,W)];0
[Push(W,W)];0
[Push(W,W)];0
[Push(W,W)];0
[Push(W,W)];0
[Push(W,W)];0
[Push(W,W)];0
[Push(W,W)];0
[Push(W,W)];0
[Push(W,W)];0
[Push(W,S)];0
[Move(N)];0
[Move(N)];0
[Move(W)];0
[Move(W)];0
[Push(W,S)];0
[Push(S,S)];0
[Push(S,E)];0
[Push(E,E)];0
[Push(E,E)];0
[Push(E,E)];0
[Push(E,E)];0
[Push(E,E)];0
[Push(E,E)];0
[Push(E,E)];0
[Push(E,E)];0
[Push(E,E)];0
[Push(E,E)];1
[Push(E,E)];0
[Push(E,E)];0
[Push(E,E)];0
[Move(W)];0
[Move(W)];0
[Move(W)];0
[Move(W)];0
[Move(W)];0
[Move(W)];0
[Move(W)];0
[Move(W)];0
[Move(W)];0
[Move(W)];0
[Push(S,S)];0
[Move(W)];0
[Move(S)];0
[Pull(W,E)];0
[Pull(N,W)];0
[Pull(E,S)];0
[Pull(E,W)];0
[Pull(N,W)];0
[Pull(E,S)];0
[Pull(E,W)];0
[Pull(E,W)];0
[Pull(E,W)];0
[Pull(E,W)];0
[Pull(E,W)];0
[Pull(E,W)];0
[Pull(E,W)];0
[Pull(E,W)];0
[Pull(E,W)];0
[Push(E,E)];0
[Move(W)];0
[Pull(E,W)];0
[Push(E,E)];0
[Move(W)];0
[Pull(E,W)];0
[Push(E,E)];0
[Move(W)];0
[Pull(E,W)];0
[Push(E,E)];0
[Move(W)];0
[Pull(E,W)];0
[Push(E,E)];0
[Move(W)];0
[Pull(E,W)];1
[Push(E,E)];0
[Move(W)];0
[Pull(E,W)];0
[Push(E,E)];0
[Move(W)];0
[Pull(E,W)];0
[Push(E,E)];0
[Move(W)];0
[Pull(E,W)];0
[Push(E,N)];0
[Move(W)];0
[Pull(E,W)];0
[Pull(S,W)];0
[Pull(S,N)];0
[Push(N,E)];0
[Push(E,E)];0
[Push(E,S)];0
[Move(W)];0
[Move(W)];0
[Move(N)];0
[Pull(W,N)];0
[Pull(W,E)];0
[Pull(W,E)];0
[Pull(W,E)];0
[Pull(W,E)];0
[Pull(W,E)];0
[Pull(W,E)];0
[Pull(W,E)];0
[Pull(W,E)];0
[Move(W)];0
[Move(W)];0
[Move(W)];0
[Move(W)];0
[Move(W)];0
[Move(W)];0
[Move(W)];0
[Move(W)];0
[Move(W)];0
[Move(W)];0
[Move(W)];0
[Move(S)];0
[Push(S,E)];0
[Push(E,N)];0
[Push(N,N)];0
[Push(N,E)];0
28f65f20a7a05594249fd8891d3825e2b2244491
successful
996
132
0821b70427c53c3bbe22fa70601a613fb7926bbe
1495040747448
