z:0
blue: 0,A,I,Q
cyan: 1,B,J,R
magenta: 2,C,K,S
orange: 3,D,L,T
pink: 4,E,M,U
yellow: 5,F,N,V
red: 6,G,O,W
green: 7,H,P,X
    +++          +++          +++
    +3+          +7+          +4+
    +F+          +G+          +B+
+++++ ++++++++++++ ++++++++++++ +++++
+2E                0              C5+
+++++ ++++++++++++ ++++++++++++ +++++
    +A+ +++++    + +    +++++ +D+
    +1+ +BOX+    + +    +TOP+ +6+
    +++ ++++++   + +   ++++++ +++
        +    +   + +   +    +
        + Qu +++++ +++++ qU +
        + Rv             rV +
        + Sw +++++ +++++ sW +
        + Tx +   + +   + tX +
        +    +   + +   +    +
    ++++++++++   + +   ++++++++++
    +BUNNY+      + +      +FUNNY+
+++++++++++      + +      +++++++++++
+ AA aa   +      + +      +p+n+l+j+++
+ +++++++ ++++++++ ++++++++ + + + +++
+ +++++++                  PONMLKJIi+
+ +++++++ ++++++++++++++++++ + + ++++
+         +               ++o+m+k++++
+++++++++++               +++++++++++

fc23165e2345c7cd1a3cdfd8d7ef9997d1d6ada7
unsuccessful
0
0
cc149f86ad9dbf39df650e1e651e206d886dab08
1495034418517
