red: 0,A,E
green: 1,B
cyan: 2,C,D
+++++++++++++++++++++++++++++++++
+0    +               1         +
+ + + +++++++++++++++++++ + + + +
+ a B +         c   +   b     A +
+ + + + +++++++++++++++++ + + + +
+             2C                +
+++ +++++++++++++++++++++++++ +++
+++             Dd            +++
+++ +++++++++++++++++++++++++ +++
+++             eE            +++
+++ +++++++++++++++++++++++++ +++
+++             Bb            +++
+++ +++++++++++++++++++++++++ +++
+++             Bb            +++
+++ +++++++++++++++++++++++++ +++
+++             Bb            +++
+++++++++++++++++++++++++++++++++

[Move(E), Move(E), Pull(W,E)];3421
[Move(E), Move(E), Pull(W,E)];0
[Move(S), Move(E), Pull(W,E)];0
[Move(S), Move(E), Pull(W,E)];0
[Move(S), Move(E), Pull(W,E)];1
[Move(S), Move(E), Pull(W,E)];0
[Move(S), Move(E), Pull(W,E)];0
[Move(S), Move(E), Pull(W,E)];1
[Move(S), Move(E), Push(E,N)];0
[Move(S), Move(S), Push(N,N)];0
[Move(E), Move(S), Push(N,E)];1
[Move(E), Move(S), Push(E,E)];0
[Move(E), Move(S), Push(E,E)];1
[Move(E), Move(W), Push(E,E)];0
[Move(E), NoOp, Push(E,E)];0
[Move(E), NoOp, Push(E,E)];0
[Move(E), NoOp, Push(E,E)];0
[Move(E), NoOp, Push(E,E)];0
[Move(E), NoOp, Push(E,E)];0
[Move(E), NoOp, Move(W)];0
[Move(E), NoOp, Move(W)];0
[Move(E), NoOp, Move(W)];0
[Move(E), NoOp, Move(W)];0
[Pull(W,E), NoOp, Move(W)];0
[Pull(W,E), NoOp, Move(W)];1
[Pull(W,E), NoOp, Move(W)];0
[Pull(W,E), NoOp, Move(W)];0
[Pull(W,E), NoOp, Move(S)];0
[Pull(W,E), NoOp, Move(S)];1
[Pull(W,E), NoOp, Move(W)];0
[Pull(W,E), NoOp, Move(W)];0
[Pull(W,E), NoOp, Move(W)];0
[Pull(W,E), NoOp, Move(W)];7
[Pull(W,E), NoOp, Move(S)];0
[Pull(W,E), NoOp, Move(S)];0
[Pull(W,E), NoOp, Move(E)];0
[Pull(S,E), NoOp, Move(E)];0
[Push(N,N), NoOp, Move(E)];0
[Pull(E,N), NoOp, Move(E)];1
[Pull(E,W), NoOp, Move(E)];0
[Pull(E,W), NoOp, Move(E)];0
[Pull(E,W), NoOp, Move(E)];0
[Pull(E,W), NoOp, Move(E)];0
[Pull(E,W), NoOp, Move(E)];0
[Pull(E,W), NoOp, Move(E)];0
[Pull(E,W), NoOp, Move(E)];0
[Pull(E,W), NoOp, Move(E)];0
[Pull(E,W), NoOp, Push(E,E)];0
[Pull(E,W), NoOp, NoOp];0
[Pull(E,W), NoOp, NoOp];0
[Pull(E,W), NoOp, NoOp];0
[Pull(E,W), NoOp, NoOp];0
[Move(E), NoOp, NoOp];0
[Move(E), NoOp, NoOp];0
[Move(E), NoOp, NoOp];0
[Move(E), NoOp, NoOp];0
[Move(E), NoOp, NoOp];0
[Move(E), NoOp, NoOp];1
[Move(E), NoOp, NoOp];0
[Move(E), NoOp, NoOp];0
[Move(E), NoOp, NoOp];0
[Move(E), NoOp, NoOp];0
[Move(E), NoOp, NoOp];0
[Move(E), NoOp, NoOp];0
[Move(N), NoOp, NoOp];0
[Move(N), NoOp, NoOp];0
[Move(N), NoOp, NoOp];0
[Move(N), NoOp, NoOp];0
[Move(N), NoOp, NoOp];0
[Move(N), NoOp, NoOp];0
[Pull(N,E), NoOp, NoOp];0
[Push(S,W), NoOp, NoOp];0
[Push(W,W), NoOp, NoOp];0
[Push(W,S), NoOp, NoOp];1
[Push(S,S), NoOp, NoOp];0
[Push(S,W), NoOp, NoOp];0
[Push(W,W), NoOp, NoOp];1
[Push(W,W), NoOp, NoOp];0
[Push(W,W), NoOp, NoOp];0
[Push(W,W), NoOp, NoOp];1
[Push(W,W), NoOp, NoOp];0
[Push(W,W), NoOp, NoOp];0
[Push(W,W), NoOp, NoOp];1
[Push(W,W), NoOp, NoOp];0
[Push(W,W), NoOp, NoOp];1
[Push(W,W), NoOp, NoOp];0
[Push(W,W), Move(W), NoOp];6813
[Push(W,W), Move(S), NoOp];0
[Push(W,W), Move(S), NoOp];1
[Push(W,W), Move(S), NoOp];0
[Push(W,W), Move(S), NoOp];0
[Push(W,W), Move(S), NoOp];0
[Push(W,W), Move(S), NoOp];0
[Push(W,W), Move(W), NoOp];0
[Push(W,W), Move(W), NoOp];0
[Push(W,W), Move(W), NoOp];0
[Push(W,W), Move(W), NoOp];0
[Push(W,W), Move(W), NoOp];1
[Push(W,W), Move(W), NoOp];0
[Push(W,N), Move(W), NoOp];0
[Push(N,N), Move(W), NoOp];0
[Push(N,W), Move(W), NoOp];0
[NoOp, Move(W), NoOp];0
[NoOp, Move(W), NoOp];0
[NoOp, Move(W), NoOp];0
[NoOp, Pull(E,W), NoOp];0
[NoOp, Move(E), NoOp];0
[NoOp, Move(E), NoOp];0
[NoOp, Move(E), NoOp];0
[NoOp, Move(E), NoOp];0
[NoOp, Move(E), NoOp];1
[NoOp, Move(E), NoOp];0
[NoOp, Move(E), NoOp];0
[NoOp, Move(E), NoOp];0
[NoOp, Move(E), NoOp];0
[NoOp, Move(E), NoOp];0
[NoOp, Move(E), NoOp];0
[NoOp, Move(S), NoOp];0
[NoOp, Move(S), NoOp];0
[NoOp, Move(W), NoOp];0
[NoOp, Move(W), NoOp];0
[NoOp, Move(W), NoOp];0
[NoOp, Move(W), NoOp];0
[NoOp, Move(W), NoOp];0
[NoOp, Move(W), NoOp];0
[NoOp, Move(W), NoOp];1
[NoOp, Move(W), NoOp];0
[NoOp, Move(W), NoOp];0
[NoOp, Move(W), NoOp];0
[NoOp, Move(W), NoOp];0
[NoOp, Move(W), NoOp];0
[NoOp, Pull(E,W), NoOp];0
[NoOp, Move(E), NoOp];0
[NoOp, Move(E), NoOp];0
[NoOp, Move(E), NoOp];0
[NoOp, Move(E), NoOp];0
[NoOp, Move(E), NoOp];0
[NoOp, Move(E), NoOp];0
[NoOp, Move(E), NoOp];0
[NoOp, Move(E), NoOp];0
[NoOp, Move(E), NoOp];0
[NoOp, Move(E), NoOp];0
[NoOp, Move(E), NoOp];0
[NoOp, Move(S), NoOp];0
[NoOp, Move(S), NoOp];0
[NoOp, Move(W), NoOp];0
[NoOp, Move(W), NoOp];0
[NoOp, Move(W), NoOp];0
[NoOp, Move(W), NoOp];0
[NoOp, Move(W), NoOp];0
[NoOp, Move(W), NoOp];0
[NoOp, Move(W), NoOp];0
[NoOp, Move(W), NoOp];0
[NoOp, Move(W), NoOp];0
[NoOp, Move(W), NoOp];0
[NoOp, Move(W), NoOp];1
[NoOp, Move(W), NoOp];0
[NoOp, Pull(E,W), NoOp];0
[NoOp, Move(E), NoOp];0
[NoOp, Move(E), NoOp];0
[NoOp, Move(E), NoOp];0
[NoOp, Move(E), NoOp];0
[NoOp, Move(E), NoOp];0
[NoOp, Move(E), NoOp];0
[NoOp, Move(E), NoOp];0
[NoOp, Move(E), NoOp];0
[NoOp, Move(E), NoOp];0
[NoOp, Move(E), NoOp];0
[NoOp, Move(E), NoOp];0
[NoOp, Move(N), NoOp];0
[NoOp, Move(N), NoOp];1
[NoOp, Move(N), NoOp];0
[NoOp, Move(N), NoOp];0
[NoOp, Move(N), NoOp];0
[NoOp, Move(N), NoOp];0
[NoOp, Move(N), NoOp];0
[NoOp, Move(N), NoOp];0
[NoOp, Move(N), NoOp];0
[NoOp, Move(N), NoOp];0
[NoOp, Move(W), NoOp];0
[NoOp, Move(W), NoOp];0
[NoOp, Move(W), NoOp];0
[NoOp, Move(W), NoOp];0
[NoOp, Move(W), NoOp];0
[NoOp, Move(W), NoOp];0
[NoOp, Move(W), NoOp];0
[NoOp, Move(W), NoOp];0
[NoOp, Move(W), NoOp];0
[NoOp, Move(W), NoOp];0
[NoOp, Move(W), NoOp];0
[NoOp, Move(W), NoOp];0
[NoOp, Move(W), NoOp];0
[NoOp, Move(W), NoOp];0
[NoOp, Move(W), NoOp];0
[NoOp, Move(W), NoOp];0
[NoOp, Move(W), NoOp];0
[NoOp, Move(W), NoOp];0
[NoOp, Move(W), NoOp];0
[NoOp, Move(W), NoOp];0
[NoOp, Move(W), NoOp];0
[NoOp, Move(W), NoOp];0
[NoOp, Move(W), NoOp];0
[NoOp, Move(W), NoOp];0
[NoOp, Move(N), NoOp];0
[NoOp, Move(N), NoOp];0
[NoOp, Pull(S,W), NoOp];0
[NoOp, Pull(S,N), NoOp];0
[NoOp, Pull(W,N), NoOp];0
[NoOp, Push(E,E), NoOp];0
[NoOp, Push(E,E), NoOp];0
[NoOp, Push(E,E), NoOp];0
[NoOp, Push(E,E), NoOp];0
[NoOp, Push(E,E), NoOp];0
[NoOp, Push(E,E), NoOp];0
[NoOp, Push(E,E), NoOp];0
[NoOp, Push(E,E), NoOp];0
[NoOp, Push(E,E), NoOp];0
[NoOp, Push(E,E), NoOp];0
[NoOp, Push(E,E), NoOp];0
[NoOp, Push(E,E), NoOp];0
[NoOp, Push(E,E), NoOp];0
[NoOp, Push(E,E), NoOp];0
[NoOp, Push(E,E), NoOp];0
[NoOp, Push(E,E), NoOp];0
[NoOp, Push(E,E), NoOp];0
[NoOp, Push(E,E), NoOp];0
[NoOp, Push(E,E), NoOp];0
[NoOp, Push(E,E), NoOp];0
[NoOp, Push(E,N), NoOp];0
[NoOp, Push(N,N), NoOp];0
[NoOp, Push(N,W), NoOp];0
328dd3d80fc500db0cccdbf10bf522e688f35675
successful
10260
231
cc4f7eb0116dd4e9eba249f2c4d6aac571192508
1495034441984
