red: 0,B,C,D,E
green: 1,A,F,G,H,I,J
++++++++++++
+     fghij+
+  0  ++++++
+     FGHIJ+
+A+E+a++++++
+B+ +b+
+C+ +c+
+D+1+d+
+++++++

[Move(S), Move(N)];1214
[Move(W), Move(N)];0
[Move(W), NoOp];1
[NoOp, NoOp];0
[NoOp, NoOp];322
[Move(E), NoOp];64
[Move(E), NoOp];1
[Pull(W,S), NoOp];1
[Pull(W,E), NoOp];0
[Push(E,N), Move(N)];1133
[Move(W), Move(N)];7
[NoOp, Move(E)];0
[NoOp, Move(E)];0
[NoOp, Pull(S,E)];0
[NoOp, Push(N,W)];1
[NoOp, Push(W,N)];3
[NoOp, Move(E)];0
[NoOp, Move(E)];0
[NoOp, Pull(W,E)];1
[NoOp, Pull(S,E)];0
[NoOp, Push(N,W)];1
[NoOp, Move(E)];0
[NoOp, Move(E)];1
[NoOp, Pull(W,E)];0
[NoOp, Pull(W,E)];0
[NoOp, Pull(N,E)];0
[NoOp, Push(S,S)];0
[NoOp, Move(E)];0
[NoOp, Move(E)];1
[NoOp, Move(E)];0
[NoOp, NoOp];819
[NoOp, NoOp];739
[NoOp, NoOp];623
[NoOp, NoOp];665
[NoOp, NoOp];422
[NoOp, NoOp];395
[NoOp, NoOp];360
[NoOp, NoOp];348
[NoOp, Move(W)];486
[NoOp, Move(W)];0
[NoOp, Move(W)];0
[NoOp, Push(W,W)];0
[NoOp, Move(E)];1
[NoOp, Move(E)];0
[NoOp, Move(E)];0
[NoOp, Move(E)];0
[NoOp, Pull(W,E)];0
[NoOp, Pull(W,E)];0
[NoOp, Pull(W,E)];0
[NoOp, Pull(W,E)];0
[NoOp, Push(E,N)];0
[NoOp, Move(E)];0
[NoOp, Move(E)];0
[NoOp, Move(E)];0
[NoOp, Move(E)];0
[NoOp, Pull(W,E)];797
[NoOp, Pull(W,E)];0
[NoOp, Pull(W,E)];0
[NoOp, Pull(W,E)];0
[NoOp, Move(W)];0
[NoOp, Pull(E,W)];0
[NoOp, Push(N,N)];0
[NoOp, Move(S)];0
[NoOp, Push(E,E)];1
[NoOp, Move(W)];0
[NoOp, Pull(E,W)];0
[NoOp, Push(W,N)];1
[NoOp, Move(E)];0
[NoOp, Pull(W,E)];0
[NoOp, Pull(W,E)];0
[NoOp, Pull(W,E)];0
[NoOp, Pull(N,E)];1
[NoOp, Pull(N,S)];0
[NoOp, Move(E)];0
[NoOp, Pull(W,S)];1
[NoOp, Push(S,E)];1
[NoOp, Pull(S,E)];0
[NoOp, Pull(E,N)];1
[NoOp, Move(E)];0
[NoOp, Pull(W,N)];1
[NoOp, Pull(N,W)];0
[NoOp, Pull(W,S)];1
[NoOp, Pull(S,E)];0
[NoOp, Push(N,N)];1
[NoOp, Move(E)];0
[NoOp, Pull(W,N)];0
[NoOp, Push(N,E)];0
[NoOp, Move(S)];0
[NoOp, Push(E,S)];1
[NoOp, Push(N,W)];0
[NoOp, Push(W,S)];0
[NoOp, Push(S,S)];0
[NoOp, Pull(E,S)];0
[NoOp, Move(E)];0
[NoOp, Pull(W,N)];0
[NoOp, Push(W,N)];0
[NoOp, Push(N,E)];0
[NoOp, Push(E,E)];0
[NoOp, Push(E,E)];0
[NoOp, Push(E,E)];0
[NoOp, Push(E,E)];0
[NoOp, Push(E,E)];0
[NoOp, Push(E,E)];0
[NoOp, Move(W)];0
[NoOp, Move(W)];0
[NoOp, Move(W)];1
[NoOp, Move(W)];0
[NoOp, Pull(W,S)];0
[NoOp, Push(E,E)];0
[NoOp, Push(E,E)];1
[NoOp, Push(E,E)];0
[NoOp, Push(E,E)];0
[NoOp, Move(W)];0
[NoOp, Move(W)];0
[NoOp, Move(W)];0
[NoOp, Move(S)];0
[NoOp, Push(S,E)];0
[NoOp, Push(S,S)];0
[NoOp, Pull(N,S)];764
[NoOp, Pull(N,S)];1
[NoOp, Pull(N,S)];0
[NoOp, Pull(W,S)];0
[NoOp, Push(E,E)];0
[NoOp, Push(E,E)];0
[NoOp, Push(E,E)];0
[NoOp, Move(W)];0
[NoOp, Move(W)];0
[NoOp, Move(S)];0
[NoOp, Move(S)];1
[NoOp, Pull(S,E)];0
[NoOp, Push(N,N)];0
[NoOp, Push(N,N)];0
[NoOp, Push(N,E)];0
[NoOp, Push(E,E)];0
[NoOp, Move(W)];0
[NoOp, Move(W)];0
[NoOp, Move(S)];0
[NoOp, Pull(N,S)];677
[NoOp, Pull(W,S)];0
[NoOp, Push(E,E)];0
[NoOp, Push(E,E)];0
[NoOp, Move(W)];0
[NoOp, Move(S)];665
[NoOp, Move(W)];1
[NoOp, Move(S)];0
[NoOp, Move(W)];0
[NoOp, NoOp];617
[Move(N), Move(E)];352
[NoOp, Move(W)];0
[NoOp, Move(W)];0
[NoOp, Pull(E,S)];1
[NoOp, Move(E)];0
[NoOp, Move(S)];0
[NoOp, Move(N)];333
[NoOp, Move(W)];0
[NoOp, Pull(E,W)];0
[Move(S), NoOp];1742
[Move(S), NoOp];0
[Pull(N,S), NoOp];0
[Pull(N,S), NoOp];0
[Pull(N,S), NoOp];0
[Move(E), NoOp];0
[Push(S,E), NoOp];0
[Move(N), NoOp];0
[Move(W), NoOp];0
[Pull(E,S), NoOp];0
[Move(S), NoOp];0
[Move(W), NoOp];0
[Move(S), NoOp];0
[Move(S), NoOp];1
[Move(S), NoOp];0
[Pull(N,S), NoOp];0
[Pull(N,S), NoOp];0
[Pull(N,S), NoOp];0
[Pull(E,S), NoOp];1
[Push(E,E), NoOp];0
[Move(W), NoOp];0
[Pull(N,W), NoOp];0
[Push(W,S), NoOp];0
[Move(E), NoOp];0
[Pull(W,S), NoOp];1
[Push(E,E), NoOp];0
[Move(S), NoOp];0
[Move(E), NoOp];0
[Pull(W,N), NoOp];0
[Move(N), NoOp];0
[Move(W), NoOp];0
[Pull(E,S), NoOp];0
[Move(S), NoOp];0
[Move(W), NoOp];0
[Move(S), NoOp];1
[Move(S), NoOp];0
[Move(S), NoOp];0
[Move(S), NoOp];1
[Pull(N,S), NoOp];0
[Pull(N,S), NoOp];1
[Pull(N,S), NoOp];1
[Pull(N,S), NoOp];0
[Pull(E,S), NoOp];0
[Push(E,N), NoOp];0
[Push(E,S), NoOp];0
[Move(W), NoOp];0
[Move(W), NoOp];0
[Pull(E,W), NoOp];0
[Pull(E,W), NoOp];1
[Pull(E,W), NoOp];0
[Pull(N,W), NoOp];0
[Push(S,S), NoOp];0
[Move(N), NoOp];1
[Move(W), NoOp];0
[Pull(S,W), NoOp];0
[Pull(E,N), NoOp];0
[Push(S,S), NoOp];0
[Move(N), NoOp];0
[Pull(S,W), NoOp];0
[Push(W,N), NoOp];0
[Move(E), NoOp];0
[Push(S,S), NoOp];0
[Push(S,S), NoOp];1
[Push(S,S), NoOp];0
[Move(N), NoOp];0
[Move(N), NoOp];0
[Move(N), NoOp];0
[Pull(E,N), NoOp];1
[Push(W,S), NoOp];0
[Push(S,S), NoOp];0
[Push(S,S), NoOp];0
[Move(N), NoOp];0
[Move(N), NoOp];1
[Move(N), NoOp];0
[Move(N), NoOp];0
[Move(W), NoOp];0
[Move(W), NoOp];0
[Move(W), NoOp];0
[Pull(E,W), NoOp];0
[Pull(E,W), NoOp];0
[Pull(E,W), NoOp];0
[Pull(S,W), NoOp];0
[Pull(S,N), NoOp];0
[Pull(E,N), NoOp];0
[Push(W,S), NoOp];0
[Push(S,S), NoOp];0
[NoOp, Pull(E,W)];853
[NoOp, Pull(E,W)];0
[NoOp, Pull(N,W)];0
[NoOp, NoOp];670
[NoOp, NoOp];677
[NoOp, Pull(N,S)];382
[Move(N), Move(W)];567
[Move(W), Move(E)];0
[NoOp, Push(S,S)];0
[NoOp, Push(S,S)];1
a4a9e222b70ab32f4a2fa60eec777a68ea0e23ff
successful
16734
252
4977498c034fdf4d7f514816d100dd47529c79ff
1495034364661
