z:0
red: X
yellow: Z
orange: Q
cyan: 0,O,N,R,T,V,C,I,M,A,P
                    ++++++++++
                 +++     1    +++
               ++  POD BAY DOORS ++
             ++      ++++++++      ++
           ++I    ++++++++++++++     ++
          +K    ++++++++++++++++++     +
         ++N  ++++++++++++++++++++++   ++
        ++ O ++++++++++++++++++++++++   ++
       ++  W++++++++++++++++++++++++++   ++
      ++I  ++++++++++++++++++++++++++++   ++
      + V ++++++++++++++++++++++++++++++   +
     +M E++++++++++++++++++++++++++++++++  I+
    + A ++++++++++++++++++++++++++++++++++ M +
    + D+++++++++++++++XXXXXX++++++++++++++   +
   +S E+++++++++++++XXXXXXXXXX+++++++++++++  A+
   +O ++++++++++++XXXXXXXXXXXXXX++++++++++++ F+
  + M +++++++++++XXXXXXXXXXXXXXXX+++++++++++ R +
  + E+++++++++++XXXXXXXXXXXXXXXXXX+++++++++++A +
  +P +++++++++++XXXXXXXXXXXXXXXXXX+++++++++++I +
 + O ++++++++++XXXXXXXXXXXXXXXXXXXX++++++++++D  +
 + O+++++++++++XXXXXXXXXXXXXXXXXXXX+++++++++++  +
 + R++++++++++XXXXXXXXXQQQQXXXXXXXXX++++++++++  +
 +  ++++++++++XXXXXXXXQQQQQQXXXXXXXX++++++++++  +
 + D++++++++++XXXXXXXXQQZZQQXXXXXXXX++++++++++  +
 + E++++++++++XXXXXXXXQQZZQQXXXXXXXX++++++++++  +
 + C++++++++++XXXXXXXXQQQQQQXXXXXXXX++++++++++  +
 + I++++++++++XXXXXXXXXQQQQXXXXXXXXX++++++++++  +
 + S+++++++++++XXXXXXXXXXXXXXXXXXXX+++++++++++  +
 + I ++++++++++XXXXXXXXXXXXXXXXXXXX++++++++++   +
  +O +++++++++++XXXXXXXXXXXXXXXXXX+++++++++++  +
  +N +++++++++++XXXXXXXXXXXXXXXXXX+++++++++++  +
  +S R+++++++++++XXXXXXXXXXXXXXXX+++++++++++   +
   + E++++++++++++XXXXXXXXXXXXXX++++++++++++  +
   + C +++++++++++++XXXXXXXXXX+++++++++++++   +
    +E +++++++++++++++XXXXXX+++++++++++++++  +
    +NTLY++++++++++++++++++++++++++++++++    +
     +im sorry dave im afraid i cant do that+
      +   ++++++++++++++++++++++++++++++   +
      ++   ++++++++++++++++++++++++++++   ++
       ++   ++++++++++++++++++++++++++   ++
        ++   ++++++++++++++++++++++++   ++
         ++   ++++++++++++++++++++++   ++
          +     ++++++++++++++++++     +
           ++     ++++++++++++++     ++
             ++ I    ++++++++      ++
               ++ WANT  0    YOU ++
                 +++  TO HELP +++
                    ++++++++++

ccb0f44267792a84eff25a4fc52bd5d02a3e3666
unsuccessful
0
0
ea6e638a867740d3fc16233d699092303182cc8e
1495034418533
