+++++++++++++++++++++++++++++
+B b                       A+
+                           +
+   a   0                   +
+++++++++++++++++++++++++++++
+   A                   a  B+
+                           +
+                           +
+       1                  b+
+++++++++++++++++++++++++++++

[Move(W), Move(E)];2504
[Move(N), Move(N)];0
[Move(W), Move(E)];0
[Move(N), Move(N)];0
[Move(W), Move(N)];0
[Move(W), Move(E)];0
[Move(W), Move(E)];1
[Move(W), Move(E)];0
[Pull(S,W), Move(E)];0
[Push(N,E), Move(E)];1
[Move(S), Move(E)];0
[Move(E), Move(E)];0
[Move(E), Move(E)];0
[Move(N), Move(E)];1
[Move(E), Move(E)];0
[Move(E), Move(E)];0
[Move(E), Move(E)];0
[Move(E), Move(E)];1
[Move(E), Move(E)];0
[Move(E), Move(E)];0
[Move(E), Move(E)];0
[Move(E), Push(E,S)];1
[Move(E), Push(S,S)];0
[Move(E), Push(S,S)];0
[Move(E), Move(N)];1
[Move(E), NoOp];0
[Move(E), NoOp];0
[Move(E), NoOp];0
[Move(E), NoOp];0
[Move(E), NoOp];0
[Move(E), NoOp];1
[Move(E), NoOp];0
[Move(E), NoOp];0
[Move(E), NoOp];0
[Move(E), NoOp];0
[Move(E), NoOp];1
[Pull(S,E), NoOp];0
[Pull(W,N), NoOp];0
[Push(E,S), NoOp];0
[Push(S,W), NoOp];1
[Push(W,W), NoOp];0
[NoOp, Move(N)];1690
[NoOp, Move(W)];0
[NoOp, Move(W)];0
[NoOp, Move(W)];0
[NoOp, Move(W)];0
[NoOp, Move(W)];0
[NoOp, Move(W)];0
[NoOp, Move(W)];0
[NoOp, Move(W)];0
[NoOp, Move(W)];1
[NoOp, Move(W)];0
[NoOp, Move(W)];0
[NoOp, Move(W)];0
[NoOp, Move(W)];1
[NoOp, Move(W)];0
[NoOp, Move(W)];1
[NoOp, Move(W)];0
[NoOp, Move(W)];0
[NoOp, Move(W)];0
[NoOp, Move(W)];0
[NoOp, Move(W)];0
[NoOp, Move(W)];0
[NoOp, Move(W)];0
[NoOp, Pull(S,W)];0
[NoOp, Push(N,E)];0
[NoOp, Push(E,S)];0
[NoOp, Push(S,S)];0
[NoOp, Push(S,E)];0
[NoOp, Push(E,S)];0
[NoOp, Push(S,E)];1
[NoOp, Push(E,N)];0
[NoOp, Pull(E,N)];3
[NoOp, Pull(E,W)];0
[NoOp, Pull(E,W)];0
[NoOp, Pull(E,W)];0
[NoOp, Pull(E,W)];0
[NoOp, Pull(E,W)];0
[NoOp, Pull(E,W)];0
[NoOp, Pull(E,W)];0
[NoOp, Pull(E,W)];0
[NoOp, Pull(E,W)];0
[NoOp, Pull(E,W)];0
[NoOp, Push(W,N)];0
[NoOp, Push(N,E)];0
[NoOp, Push(E,E)];0
[NoOp, Push(E,N)];0
[NoOp, Push(N,E)];0
[NoOp, Push(E,E)];0
[NoOp, Push(E,N)];0
[NoOp, Push(N,E)];0
[NoOp, Push(E,E)];0
[NoOp, Move(W)];0
[Push(W,W), NoOp];697
[Push(W,W), NoOp];0
[Push(W,W), NoOp];0
[Push(W,W), NoOp];0
[Push(W,W), NoOp];0
[Push(W,W), NoOp];1
[Push(W,W), NoOp];0
[Push(W,W), NoOp];0
[Push(W,W), NoOp];0
[Push(W,W), NoOp];0
[Push(W,W), NoOp];0
[Push(W,W), NoOp];0
[Push(W,W), NoOp];0
[Push(W,W), NoOp];0
[Push(W,W), NoOp];0
[Push(W,W), NoOp];0
[Push(W,W), NoOp];0
[Push(W,W), NoOp];0
[Push(W,W), NoOp];0
[Push(W,W), NoOp];0
3f6351c51866644b64183bf7e631a86c7e531e2f
successful
4908
113
e0ea913aa8b22208e648707444a87adaf4c6e707
1495034428933
