red:0,V
yellow:1,D
magenta:2,W
orange:3,F
green:H
+++++++++++++++++++++++++++++++
+        TEAM LIQUORICE       +
+++++++++++++++++++++++++++++++
+0          M    w           2+
+ + + + + + + + + + + + + + + +
+               H             +
+ + + + + + + + + + + + + + + +
+   H                 W       +
+ + + + + + + + + + + + + + + +
+     D                       +
+ + + + + + + + + + +H+ + + + +
+  v       d     H           V+
+ + + + + + + + + + + + + + + +
+3f              F          V1+
+++++++++++++++++++++++++++++++
+      BOMBERMAN CLASSIC      +
+++++++++++++++++++++++++++++++

[Move(E), Move(N), Move(W), Move(E)];3336
[Move(E), NoOp, Move(W), Move(E)];0
[Move(S), NoOp, Move(S), Move(E)];0
[Move(S), NoOp, Move(S), Move(E)];0
[Move(S), NoOp, Move(W), Move(E)];0
[Move(S), NoOp, Move(W), Move(E)];1
[Move(S), NoOp, Move(W), Move(E)];0
[Move(S), NoOp, Move(W), Move(E)];0
[Move(E), NoOp, Move(S), Move(E)];0
[Move(E), NoOp, Move(S), Move(E)];1
[Move(S), NoOp, Pull(N,W), Move(E)];0
[Move(S), NoOp, Pull(N,S), Move(E)];0
[Move(E), NoOp, Pull(W,S), Move(E)];0
[Move(E), NoOp, Push(E,N), Move(E)];0
[Move(E), NoOp, Push(N,N), Move(E)];0
[Move(E), NoOp, Push(N,W), Pull(W,E)];30
[Move(E), NoOp, Push(W,W), Pull(W,E)];0
[Move(E), NoOp, Push(W,W), Pull(W,E)];1
[Move(E), NoOp, Push(W,W), Pull(N,E)];1
[Move(E), NoOp, Push(W,W), Push(S,W)];0
[Move(E), NoOp, Push(W,W), Push(W,W)];1
[Move(E), NoOp, NoOp, Push(W,W)];0
[Move(N), NoOp, NoOp, Push(W,W)];0
[Move(N), NoOp, NoOp, Push(W,W)];0
[Move(E), NoOp, NoOp, Push(W,W)];0
[Move(E), NoOp, NoOp, Push(W,W)];1
[Move(E), NoOp, NoOp, Push(W,W)];0
[Move(E), NoOp, NoOp, Push(W,W)];0
[Move(S), NoOp, NoOp, Push(W,W)];0
[Move(S), NoOp, NoOp, Push(W,W)];0
[Move(E), NoOp, NoOp, NoOp];0
[Move(E), NoOp, NoOp, NoOp];0
[Move(E), NoOp, NoOp, NoOp];0
[Move(E), NoOp, NoOp, NoOp];0
[Move(E), NoOp, NoOp, NoOp];0
[Move(E), NoOp, NoOp, NoOp];0
[Move(E), NoOp, NoOp, NoOp];0
[Move(E), NoOp, NoOp, NoOp];0
[Move(E), NoOp, NoOp, NoOp];0
[Pull(W,E), NoOp, NoOp, NoOp];0
[Pull(N,E), NoOp, NoOp, NoOp];0
[Pull(N,S), NoOp, NoOp, NoOp];0
[Pull(E,S), NoOp, NoOp, NoOp];0
[Push(W,W), NoOp, NoOp, NoOp];0
[Push(W,W), NoOp, NoOp, NoOp];0
[Push(W,W), NoOp, NoOp, NoOp];0
[Push(W,W), NoOp, NoOp, NoOp];0
[Push(W,W), NoOp, NoOp, NoOp];0
[Push(W,W), NoOp, NoOp, NoOp];0
[Push(W,N), NoOp, NoOp, NoOp];0
[Push(N,N), NoOp, NoOp, NoOp];1
[Push(N,W), NoOp, NoOp, NoOp];0
[Push(W,W), NoOp, NoOp, NoOp];0
[Push(W,W), NoOp, NoOp, NoOp];0
[Push(W,W), NoOp, NoOp, NoOp];1
[Push(W,W), NoOp, NoOp, NoOp];0
[Push(W,W), NoOp, NoOp, NoOp];0
[Push(W,W), NoOp, NoOp, NoOp];0
[Push(W,W), NoOp, NoOp, NoOp];1
[Push(W,W), NoOp, NoOp, NoOp];0
[Push(W,W), NoOp, NoOp, NoOp];0
[Push(W,W), NoOp, NoOp, NoOp];0
[Push(W,W), NoOp, NoOp, NoOp];0
[Push(W,W), NoOp, NoOp, NoOp];0
[Push(W,W), NoOp, NoOp, NoOp];0
[Push(W,W), NoOp, NoOp, NoOp];1
[Push(W,W), NoOp, NoOp, NoOp];0
[Push(W,S), NoOp, NoOp, NoOp];0
[Push(S,S), NoOp, NoOp, NoOp];1
[Push(S,W), NoOp, NoOp, NoOp];0
[Push(W,W), NoOp, NoOp, NoOp];0
[Push(W,S), NoOp, NoOp, NoOp];1
[Push(S,S), NoOp, NoOp, NoOp];0
[NoOp, Move(N), NoOp, NoOp];2116
[NoOp, Move(W), NoOp, NoOp];0
[NoOp, Move(W), NoOp, NoOp];0
[NoOp, Move(W), NoOp, NoOp];0
[NoOp, Move(W), NoOp, NoOp];0
[NoOp, Move(W), NoOp, NoOp];0
[NoOp, Move(W), NoOp, NoOp];0
[NoOp, Move(W), NoOp, NoOp];0
[NoOp, Move(W), NoOp, NoOp];0
[NoOp, Move(W), NoOp, NoOp];0
[NoOp, Move(W), NoOp, NoOp];0
[NoOp, Move(N), NoOp, NoOp];0
[NoOp, Move(N), NoOp, NoOp];0
[NoOp, Move(W), NoOp, NoOp];0
[NoOp, Move(W), NoOp, NoOp];0
[NoOp, Move(W), NoOp, NoOp];0
[NoOp, Move(W), NoOp, NoOp];0
[NoOp, Move(W), NoOp, NoOp];0
[NoOp, Move(W), NoOp, NoOp];0
[NoOp, Move(W), NoOp, NoOp];0
[NoOp, Move(W), NoOp, NoOp];0
[NoOp, Move(W), NoOp, NoOp];0
[NoOp, Move(W), NoOp, NoOp];0
[NoOp, Move(W), NoOp, NoOp];0
[NoOp, Move(W), NoOp, NoOp];0
[NoOp, Pull(N,W), NoOp, NoOp];0
[NoOp, Push(S,S), NoOp, NoOp];0
[NoOp, Push(S,S), NoOp, NoOp];0
[NoOp, Push(S,E), NoOp, NoOp];0
[NoOp, Push(E,E), NoOp, NoOp];0
[NoOp, Push(E,E), NoOp, NoOp];0
[NoOp, Push(E,E), NoOp, NoOp];0
ea47c46412e7bf175bce23836de8e2b44b85274e
successful
5494
105
d986f89d787890dede5f1f1498256fc06ae850de
1495034435491
