red: 0,A
cyan: 1,C
yellow: 2,B
blue: 3,D
magenta: 4,M
orange: 5,I
pink: 6,N
green: 7,J
+++++++++++++++++
+ +1+ +3+ +5+n+7+
+ + + + + + + + +
+ + + + + + + + +++
+0AC B D M I N J a+
+ + + + + + + + +++
+ + + + + + + + +
+ + +2+ +4+ +6+c+
+++++++++++++++++

[NoOp, Move(S), NoOp, NoOp, NoOp, NoOp, Move(N), NoOp];1100
[NoOp, Move(S), NoOp, NoOp, NoOp, NoOp, Move(N), NoOp];0
[NoOp, Push(S,E), NoOp, NoOp, NoOp, NoOp, Push(N,N), NoOp];1
[NoOp, NoOp, NoOp, NoOp, NoOp, NoOp, Push(N,N), NoOp];0
[NoOp, NoOp, NoOp, NoOp, NoOp, NoOp, Push(N,N), NoOp];0
[NoOp, NoOp, NoOp, NoOp, NoOp, NoOp, NoOp, NoOp];245
[NoOp, Pull(S,E), NoOp, NoOp, NoOp, NoOp, NoOp, NoOp];207
[NoOp, Pull(S,N), NoOp, NoOp, NoOp, NoOp, NoOp, NoOp];0
[Push(E,E), NoOp, Move(N), NoOp, NoOp, NoOp, NoOp, NoOp];335
[Push(E,E), NoOp, Move(N), NoOp, NoOp, NoOp, NoOp, NoOp];0
[NoOp, NoOp, Pull(S,N), NoOp, NoOp, NoOp, NoOp, NoOp];1
[Push(E,E), Move(S), NoOp, Move(S), NoOp, NoOp, NoOp, NoOp];622
[Push(E,E), Move(N), NoOp, Move(S), NoOp, NoOp, NoOp, NoOp];0
[NoOp, Push(N,N), NoOp, Pull(N,S), NoOp, NoOp, NoOp, NoOp];0
[NoOp, Push(N,E), NoOp, NoOp, NoOp, NoOp, NoOp, NoOp];0
[NoOp, Pull(W,E), NoOp, NoOp, NoOp, NoOp, NoOp, NoOp];0
[NoOp, NoOp, NoOp, NoOp, NoOp, NoOp, NoOp, NoOp];0
[Push(E,E), Push(E,E), NoOp, NoOp, Move(N), NoOp, NoOp, NoOp];810
[Push(E,E), Push(E,E), NoOp, NoOp, Move(N), NoOp, NoOp, NoOp];0
[NoOp, Push(E,E), NoOp, NoOp, Pull(S,N), NoOp, NoOp, NoOp];0
[NoOp, Move(N), NoOp, NoOp, NoOp, NoOp, NoOp, NoOp];0
[Push(E,E), Move(S), NoOp, NoOp, NoOp, Move(S), NoOp, NoOp];661
[Push(E,E), Push(E,E), NoOp, NoOp, NoOp, Move(S), NoOp, NoOp];0
[NoOp, Push(E,E), NoOp, NoOp, NoOp, Pull(N,S), NoOp, NoOp];0
[NoOp, Pull(W,E), NoOp, NoOp, NoOp, NoOp, NoOp, NoOp];0
[Push(E,E), Push(E,E), NoOp, NoOp, NoOp, NoOp, NoOp, Move(S)];616
[Push(E,E), Push(E,E), NoOp, NoOp, NoOp, NoOp, NoOp, Move(S)];1
[Push(E,E), Push(E,E), NoOp, NoOp, NoOp, NoOp, NoOp, Pull(N,S)];0
[Push(E,E), Push(E,E), NoOp, NoOp, NoOp, NoOp, NoOp, NoOp];0
[NoOp, Push(E,E), NoOp, NoOp, NoOp, NoOp, NoOp, NoOp];0
[Push(E,E), Move(W), NoOp, NoOp, NoOp, NoOp, NoOp, NoOp];449
[Push(E,E), Move(E), NoOp, NoOp, NoOp, NoOp, NoOp, NoOp];0
[Push(E,E), Push(E,E), NoOp, NoOp, NoOp, NoOp, NoOp, NoOp];0
[NoOp, Push(E,E), NoOp, NoOp, NoOp, NoOp, NoOp, NoOp];0
[NoOp, Push(E,E), NoOp, NoOp, NoOp, NoOp, NoOp, NoOp];0
[NoOp, Push(E,S), NoOp, NoOp, NoOp, NoOp, NoOp, NoOp];1
[NoOp, Push(S,S), NoOp, NoOp, NoOp, NoOp, NoOp, NoOp];0
[NoOp, Push(S,S), NoOp, NoOp, NoOp, NoOp, NoOp, NoOp];0
7c1f45a0600593fa6854169a8f8842953b0f2b53
successful
5049
38
dec78d57fb61adc6e1d231e47fd1a81e7c9d3d40
1495034386323
