z:0
blue: 0,A,E,H,K,N,Q
red: 1,B,F,I,L,O,R
green: 2,C,G,J,M,P,S
+++++++++++++++++++++++++++++
+BAC     +ONP            GEF+
++++     ++++            ++++
+LKM     0  1  2         JHI+
++++                     ++++
+                           ++++++++++
+                            s  r  q +
+S+                         ++++++++++
+Q+                         +
+R+                         +
++++++ +++ +++++++ +++ +++ ++
     + + + +     + + + + + +
     +p+ +m+     +j+ +g+ +c+
     + + + +     + + + + + +
     +o+ +l+     +i+ +f+ +b+
     + + + +     + + + + + +
     +n+ +k+     +h+ +e+ +a+
     + + + +     + + + + + +
     +++ +++     +++ +++ +++

bde793104c7c44919963a65885f06e5e35e8674f
unsuccessful
0
0
f037add7bf012bd16b3525557d50920f0dfa16d9
1495034364588
