z:0
blue: 0,A,C
red: 1,D
green: 2,E
magenta: 3,F
cyan: 4,B
++++++++++++++++++++++++++
+ aa a  b bbbb           +
++++++++++++++++  ++++++ +
+ bbbb b  a aa    ++++++ +
++++++++++++++++++++++++ +
+0        AAAAAA         +
+                        +
+++                    +++
+1C                    F4+
+++                    +++
+2D                    E3+
+++      BBBBBBBB      +++
++++++++++++++++++++++++++

ad14192209916f4f831b789950a1caf53d0d536b
unsuccessful
0
0
79861e94a52f7869d96fe6f97d26f0ea750b8852
1495034364625
