z:0
++++++++++++++++++++++++++++++++++++++++++++++++++++++++++++++++++++++
+    B+    B+    B+    B+    B+    B+    B+    B+    B+    B+    B++ +
++B +B +B +B +B +B +B +B +B +B +B +B +B +B +B +B +B +B +B +B +B +B + +
+ B+ B+ B+ B+ B+ B+ B+ B+ B+ B+ B+ B+ B+ B+ B+ B+ B+ B+ B+ B+ B+ B+ A+
++B +B +B +B +B +B +B +B +B +B +B +B +B +B +B +B +B +B +B +B +B +B + +
+ B+ B+ B+ B+ B+ B+ B+ B+ B+ B+ B+ B+ B+ B+ B+ B+ B+ B+ B+ B+ B+ B+ B+
++B +B +B +B +B +B +B +B +B +B +B +B +B +B +B +B +B +B +B +B +B +B + +
+ B+ B+ B+ B+ B+ B+ B+ B+ B+ B+ B+ B+ B+ B+ B+ B+ B+ B+ B+ B+ B+ B+ B+
++B +B +B +B +B +B +B +B +B +B +B +B +B +B +B +B +B +B +B +B +B +B + +
+ B+ B+ B+ B+ B+ B+ B+ B+ B+ B+ B+ B+ B+ B+ B+ B+ B+ B+ B+ B+ B+ B+ B+
++B +B +B +B +B +B +B +B +B +B +B +B +B +B +B +B +B +B +B +B +B +B + +
+ B+ B+ B+ B+ B+ B+ B+ B+ B+ B+ B+ B+ B+ B+ B+ B+ B+ B+ B+ B+ B+ B+ B+
++B +B +B +B +B +B +B +B +B +B +B +B +B +B +B +B +B +B +B +B +B +B + +
+ B+ B+ B+ B+ B+ B+ B+ B+ B+ B+ B+ B+ B+ B+ B+ B+ B+ B+ B+ B+ B+ B+ B+
++B +B +B +B +B +B +B +B +B +B +B +B +B +B +B +B +B +B +B +B +B +B + +
+ B+ B+ B+ B+ B+ B+ B+ B+ B+ B+ B+ B+ B+ B+ B+ B+ B+ B+ B+ B+ B+ B+ B+
++B +B +B +B +B +B +B +B +B +B +B +B +B +B +B +B +B +B +B +B +B +B + +
+ B+ B+ B+ B+ B+ B+ B+ B+ B+ B+ B+ B+ B+ B+ B+ B+ B+ B+ B+ B+ B+ B+ B+
++B +B +B +B +B +B +B +B +B +B +B +B +B +B +B +B +B +B +B +B +B +B + +
+ B+ B+ B+ B+ B+ B+ B+ B+ B+ B+ B+ B+ B+ B+ B+ B+ B+ B+ B+ B+ B+ B+ B+
++B +B +B +B +B +B +B +B +B +B +B +B +B +B +B +B +B +B +B +B +B +B + +
+ B+ B+ B+ B+ B+ B+ B+ B+ B+ B+ B+ B+ B+ B+ B+ B+ B+ B+ B+ B+ B+ B+ B+
++B +B +B +B +B +B +B +B +B +B +B +B +B +B +B +B +B +B +B +B +B +B + +
+ B+ B+ B+ B+ B+ B+ B+ B+ B+ B+ B+ B+ B+ B+ B+ B+ B+ B+ B+ B+ B+ B+ B+
++B +B +B +B +B +B +B +B +B +B +B +B +B +B +B +B +B +B +B +B +B +B + +
+ B+ B+ B+ B+ B+ B+ B+ B+ B+ B+ B+ B+ B+ B+ B+ B+ B+ B+ B+ B+ B+ B+ B+
++B +B +B +B +B +B +B +B +B +B +B +B +B +B +B +B +B +B +B +B +B +B + +
+ B+ B+ B+ B+ B+ B+ B+ B+ B+ B+ B+ B+ B+ B+ B+ B+ B+ B+ B+ B+ B+ B+ B+
++B +B +B +B +B +B +B +B +B +B +B +B +B +B +B +B +B +B +B +B +B +B + +
+ B+ B+ B+ B+ B+ B+ B+ B+ B+ B+ B+ B+ B+ B+ B+ B+ B+ B+ B+ B+ B+ B+ B+
++B +B +B +B +B +B +B +B +B +B +B +B +B +B +B +B +B +B +B +B +B +B + +
+ B+ B+ B+ B+ B+ B+ B+ B+ B+ B+ B+ B+ B+ B+ B+ B+ B+ B+ B+ B+ B+ B+ B+
++B +B +B +B +B +B +B +B +B +B +B +B +B +B +B +B +B +B +B +B +B +B + +
+ B+ B+ B+ B+ B+ B+ B+ B+ B+ B+ B+ B+ B+ B+ B+ B+ B+ B+ B+ B+ B+ B+ B+
++B +B +B +B +B +B +B +B +B +B +B +B +B +B +B +B +B +B +B +B +B +B + +
+ B+ B+ B+ B+ B+ B+ B+ B+ B+ B+ B+ B+ B+ B+ B+ B+ B+ B+ B+ B+ B+ B+ B+
++B +B +B +B +B +B +B +B +B +B +B +B +B +B +B +B +B +B +B +B +B +B + +
+ B+ B+ B+ B+ B+ B+ B+ B+ B+ B+ B+ B+ B+ B+ B+ B+ B+ B+ B+ B+ B+ B+ B+
++B +B +B +B +B +B +B +B +B +B +B +B +B +B +B +B +B +B +B +B +B +B + +
+ B+ B+ B+ B+ B+ B+ B+ B+ B+ B+ B+ B+ B+ B+ B+ B+ B+ B+ B+ B+ B+ B+ B+
++B +B +B +B +B +B +B +B +B +B +B +B +B +B +B +B +B +B +B +B +B +B + +
+ B+ B+ B+ B+ B+ B+ B+ B+ B+ B+ B+ B+ B+ B+ B+ B+ B+ B+ B+ B+ B+ B+ B+
++B +B +B +B +B +B +B +B +B +B +B +B +B +B +B +B +B +B +B +B +B +B + +
+ B+ B+ B+ B+ B+ B+ B+ B+ B+ B+ B+ B+ B+ B+ B+ B+ B+ B+ B+ B+ B+ B+ B+
++B +B +B +B +B +B +B +B +B +B +B +B +B +B +B +B +B +B +B +B +B +B + +
+ B+ B+ B+ B+ B+ B+ B+ B+ B+ B+ B+ B+ B+ B+ B+ B+ B+ B+ B+ B+ B+ B+ B+
++B +B +B +B +B +B +B +B +B +B +B +B +B +B +B +B +B +B +B +B +B +B + +
+ B+ B+ B+ B+ B+ B+ B+ B+ B+ B+ B+ B+ B+ B+ B+ B+ B+ B+ B+ B+ B+ B+ B+
++B +B +B +B +B +B +B +B +B +B +B +B +B +B +B +B +B +B +B +B +B +B + +
+ B+ B+ B+ B+ B+ B+ B+ B+ B+ B+ B+ B+ B+ B+ B+ B+ B+ B+ B+ B+ B+ B+ B+
++B +B +B +B +B +B +B +B +B +B +B +B +B +B +B +B +B +B +B +B +B +B + +
+ B+ B+ B+ B+ B+ B+ B+ B+ B+ B+ B+ B+ B+ B+ B+ B+ B+ B+ B+ B+ B+ B+ B+
++B +B +B +B +B +B +B +B +B +B +B +B +B +B +B +B +B +B +B +B +B +B + +
+ B+ B+ B+ B+ B+ B+ B+ B+ B+ B+ B+ B+ B+ B+ B+ B+ B+ B+ B+ B+ B+ B+ B+
++B +B +B +B +B +B +B +B +B +B +B +B +B +B +B +B +B +B +B +B +B +B + +
+ B+ B+ B+ B+ B+ B+ B+ B+ B+ B+ B+ B+ B+ B+ B+ B+ B+ B+ B+ B+ B+ B+ B+
++B +B +B +B +B +B +B +B +B +B +B +B +B +B +B +B +B +B +B +B +B +B + +
+ B+ B+ B+ B+ B+ B+ B+ B+ B+ B+ B+ B+ B+ B+ B+ B+ B+ B+ B+ B+ B+ B+ B+
++B +B +B +B +B +B +B +B +B +B +B +B +B +B +B +B +B +B +B +B +B +B + +
+ B+ B+ B+ B+ B+ B+ B+ B+ B+ B+ B+ B+ B+ B+ B+ B+ B+ B+ B+ B+ B+ B+ B+
++B +B +B +B +B +B +B +B +B +B +B +B +B +B +B +B +B +B +B +B +B +B + +
+ B+ B+ B+ B+ B+ B+ B+ B+ B+ B+ B+ B+ B+ B+ B+ B+ B+ B+ B+ B+ B+ B+ B+
++B +B +B +B +B +B +B +B +B +B +B +B +B +B +B +B +B +B +B +B +B +B + +
+ B+ B+ B+ B+ B+ B+ B+ B+ B+ B+ B+ B+ B+ B+ B+ B+ B+ B+ B+ B+ B+ B+ B+
++B +B +B +B +B +B +B +B +B +B +B +B +B +B +B +B +B +B +B +B +B +B + +
+ B+ B+ B+ B+ B+ B+ B+ B+ B+ B+ B+ B+ B+ B+ B+ B+ B+ B+ B+ B+ B+ B+ B+
++B +B +B +B +B +B +B +B +B +B +B +B +B +B +B +B +B +B +B +B +B +B + +
++0+ B+ B+ B+ B+ B+ B+ B+ B+ B+ B+ B+ B+ B+ B+ B+ B+ B+ B+ B+ B+ B+ B+
++a++   B +   B +   B +   B +   B +   B +   B +   B +   B +   B +    +
++++++++++++++++++++++++++++++++++++++++++++++++++++++++++++++++++++++

c03bd5e68816fb9910161a9183bc66b14dc9c094
unsuccessful
0
0
6c595f08e74c54bcf4d2751b0a72fe99b2581f4b
1495034411631
