z:0
red:0,A
++++++++++++++++++++++++++++++++++++++++++++++++
+0A                                           a+
+ A                                           a+
+ A                                           a+
+ A                                           a+
+ A                                           a+
+ A                                           a+
+ A                                           a+
+ A                                           a+
+ A                                           a+
+ A                                           a+
+ A                                           a+
+ A                                           a+
+ A                                           a+
+ A                                           a+
+ A                                           a+
+ A                                           a+
+ A                                           a+
+ A                                           a+
+ A                                           a+
+ A                                           a+
+ A                                           a+
+ A                                           a+
+ A                                           a+
+ A                                           a+
+ A                                           a+
+ A                                           a+
+ A                                           a+
+ A                                           a+
+ A                                           a+
+ A                                           a+
+ A                                           a+
+ A                                           a+
+ A                                           a+
+ A                                           a+
+ A                                           a+
+ A                                           a+
+ A                                           a+
+ A                                           a+
+ A                                           a+
+ A                                           a+
+ A                                           a+
+ A                                           a+
+ A                                           a+
+ A                                           a+
+ A                                           a+
+ A                                           a+
++++++++++++++++++++++++++++++++++++++++++++++++

c036b8530398643729466f1e6dcadb657da27a9a
unsuccessful
0
0
f1e62c193306256e7ddfd31e8365efed1bf8be22
1495034435490
