z:0
++++++++++++++++++++++
+g A +i+h+ E  +P    p+
++     +      a      +
++0    c  F  +++    I+
++G    +B     b  Y  ++
+f   X +S     + H   e+
+++ ++++++z+++++++ +++
+x  p+s      F+w     +
++  +++++         W  +
+P A +ZC    f + WWS A+
++++++++++ +++++++++++
       ++   ++
       ++   ++
      ++++ ++++
       ++   ++
        ++ ++
        ++ ++
    +++++ L +++++
    ++H + l + M++
    ++ V+   +D ++
    +++++++++++++

70e7e2a35cf8915ed48214100d9da7dd05941db5
unsuccessful
0
0
c04bc0e1007546bc5b1fc4e57ac087916c276d59
1495034411637
