+++++++++++++++++++
+                 +
+       +++       +
+   ++   0   ++   +
+       +++       +
+  +++++++++++++  +
+       +++       +
+      +b a+      +
+                 +
+  +++++++++++++  +
+      B+++A      +
+   ++       ++   +
+       +++       +
+                 +
+++++++++++++++++++

[Move(W)];1373
[Move(W)];0
[Move(S)];0
[Move(W)];1
[Move(W)];0
[Move(W)];0
[Move(W)];0
[Move(W)];0
[Move(S)];1
[Move(S)];0
[Move(S)];0
[Move(S)];0
[Move(S)];0
[Move(S)];1
[Move(E)];0
[Move(E)];0
[Move(E)];0
[Move(E)];0
[Pull(W,E)];1
[Pull(W,E)];1
[Pull(W,E)];1
[Pull(S,E)];1
[Push(N,W)];0
[Push(W,N)];0
[Push(N,W)];1
[Pull(N,W)];0
[Pull(N,S)];0
[Push(S,E)];2
[Push(E,E)];1
[Push(E,E)];0
[Push(E,E)];0
[Push(E,E)];0
[Push(E,E)];0
[Push(E,N)];1
[Move(E)];1
[Move(E)];3
[Move(E)];1
[Move(E)];0
[Move(E)];0
[Move(E)];0
[Move(E)];0
[Move(E)];0
[Move(S)];2
[Move(S)];4
[Move(W)];0
[Move(W)];0
[Move(W)];0
[Move(W)];0
[Pull(S,W)];1
[Push(N,E)];0
[Push(E,E)];0
[Push(E,E)];0
[Push(E,E)];0
[Push(E,N)];0
[Push(N,E)];0
[Pull(N,E)];0
[Pull(W,S)];0
[Pull(W,E)];0
[Pull(W,E)];0
[Pull(W,E)];0
[Pull(W,E)];0
[Pull(W,E)];0
[Pull(W,E)];0
[Push(E,N)];0
f8251f59708140610ad215118cba59f807fe4dfd
successful
1397
64
0d8b8a76d200df4cb45508a99219db9f3a2f1e2c
1495034411638
