z:0
++++++            ++++++
++    ++          ++    ++
+      ++++++++++++      +
+  BD  ad        bc  AC  +
+      ++++     +++      +
++    ++  ++   ++ ++    ++
 ++++++    +   +   ++++++
           ++0++
 ++++++    +   +   ++++++
++    ++  ++   ++ ++    ++
+      ++++     +++      +
+  BD  cd        ba  AC  +
+      ++++++++++++      +
++    ++          ++    ++
 ++++++            ++++++

f9c1b28dd7fd1e770c4d7b0949eaa60b0a0efa00
unsuccessful
0
0
a26ca65a02ac6bd5f8b5c15d9944ea1287d727d4
1495034418522
