blue: 0,A,I,Q
cyan: 1,B,J,R
magenta: 2,C,K,S
orange: 3,D,L,T
pink: 4,E,M,U
yellow: 5,F,N,V
red: 6,G,O,W
green: 7,H,P,X
    +++          +++          +++
    +3+          +7+          +4+
    +F+          +G+          +B+
+++++ ++++++++++++ ++++++++++++ +++++
+2E                0              C5+
+++++ ++++++++++++ ++++++++++++ +++++
    +A+ +++++    + +    +++++ +D+
    +1+ +BOX+    + +    +TOP+ +6+
    +++ ++++++   + +   ++++++ +++
        +    +   + +   +    +
        + Qu +++++ +++++ qU +
        + Rv             rV +
        + Sw +++++ +++++ sW +
        + Tx +   + +   + tX +
        +    +   + +   +    +
    ++++++++++   + +   ++++++++++
    +BUNNY+      + +      +FUNNY+
+++++++++++      + +      +++++++++++
+ AA aa   +      + +      +p+n+l+j+++
+ +++++++ ++++++++ ++++++++ + + + +++
+ +++++++                  PONMLKJIi+
+ +++++++ ++++++++++++++++++ + + ++++
+         +               ++o+m+k++++
+++++++++++               +++++++++++

[Move(W), NoOp, NoOp, NoOp, NoOp, NoOp, NoOp, NoOp];291
[Move(W), NoOp, NoOp, NoOp, NoOp, NoOp, NoOp, NoOp];0
[Move(W), NoOp, NoOp, NoOp, NoOp, NoOp, NoOp, NoOp];0
[Move(W), NoOp, NoOp, NoOp, NoOp, NoOp, NoOp, NoOp];0
[Move(W), NoOp, NoOp, NoOp, NoOp, NoOp, NoOp, NoOp];0
[Move(W), NoOp, NoOp, NoOp, NoOp, NoOp, NoOp, NoOp];0
[Move(W), NoOp, NoOp, NoOp, NoOp, NoOp, NoOp, NoOp];0
[Move(W), NoOp, NoOp, NoOp, NoOp, NoOp, NoOp, NoOp];0
[Move(W), NoOp, NoOp, NoOp, NoOp, NoOp, NoOp, NoOp];0
[Move(W), NoOp, NoOp, NoOp, NoOp, NoOp, NoOp, NoOp];0
[Move(W), NoOp, NoOp, NoOp, NoOp, NoOp, NoOp, NoOp];0
[Move(W), NoOp, NoOp, NoOp, NoOp, NoOp, NoOp, NoOp];0
[Move(W), NoOp, NoOp, NoOp, NoOp, NoOp, NoOp, NoOp];0
[Move(W), NoOp, NoOp, NoOp, NoOp, NoOp, NoOp, NoOp];0
[Move(S), NoOp, NoOp, NoOp, NoOp, NoOp, NoOp, NoOp];0
[Pull(N,S), NoOp, NoOp, NoOp, NoOp, NoOp, NoOp, NoOp];15
[Pull(W,S), NoOp, NoOp, NoOp, NoOp, NoOp, NoOp, NoOp];0
[Push(E,N), NoOp, NoOp, NoOp, NoOp, NoOp, NoOp, NoOp];0
[Move(E), NoOp, NoOp, NoOp, NoOp, NoOp, NoOp, NoOp];16
[Move(E), NoOp, NoOp, NoOp, NoOp, NoOp, NoOp, NoOp];0
[Move(E), NoOp, NoOp, NoOp, NoOp, NoOp, NoOp, NoOp];0
[Move(E), NoOp, NoOp, NoOp, NoOp, NoOp, NoOp, NoOp];0
[Move(E), NoOp, NoOp, NoOp, NoOp, NoOp, NoOp, NoOp];0
[Move(E), NoOp, NoOp, NoOp, NoOp, NoOp, NoOp, NoOp];0
[Move(E), NoOp, NoOp, NoOp, NoOp, NoOp, NoOp, NoOp];0
[Move(E), NoOp, NoOp, NoOp, NoOp, NoOp, NoOp, NoOp];0
[Move(E), NoOp, NoOp, NoOp, NoOp, NoOp, NoOp, NoOp];0
[Move(E), NoOp, NoOp, NoOp, NoOp, NoOp, NoOp, NoOp];0
[Move(E), NoOp, NoOp, NoOp, NoOp, NoOp, NoOp, NoOp];0
[Move(E), NoOp, NoOp, NoOp, NoOp, NoOp, NoOp, NoOp];0
[Move(E), NoOp, NoOp, NoOp, NoOp, NoOp, NoOp, NoOp];0
[Move(S), NoOp, NoOp, NoOp, NoOp, NoOp, NoOp, NoOp];0
[NoOp, Move(N), NoOp, NoOp, NoOp, NoOp, NoOp, NoOp];0
[NoOp, Move(N), NoOp, NoOp, NoOp, NoOp, NoOp, NoOp];0
[NoOp, Move(N), NoOp, NoOp, NoOp, NoOp, NoOp, NoOp];0
[NoOp, Move(E), NoOp, NoOp, NoOp, NoOp, NoOp, NoOp];0
[NoOp, Move(E), NoOp, NoOp, NoOp, NoOp, NoOp, NoOp];0
[NoOp, Move(E), NoOp, NoOp, NoOp, NoOp, NoOp, NoOp];0
[NoOp, Move(E), NoOp, NoOp, NoOp, NoOp, NoOp, NoOp];0
[NoOp, Move(E), NoOp, NoOp, NoOp, NoOp, NoOp, NoOp];0
[NoOp, Move(E), NoOp, NoOp, NoOp, NoOp, NoOp, NoOp];0
[NoOp, Move(E), NoOp, NoOp, NoOp, NoOp, NoOp, NoOp];0
[NoOp, Move(E), NoOp, NoOp, NoOp, NoOp, NoOp, NoOp];0
[NoOp, Move(E), NoOp, NoOp, NoOp, NoOp, NoOp, NoOp];0
[NoOp, Move(E), NoOp, NoOp, NoOp, NoOp, NoOp, NoOp];0
[NoOp, Move(E), NoOp, NoOp, NoOp, NoOp, NoOp, NoOp];16
[NoOp, Move(E), NoOp, NoOp, NoOp, NoOp, NoOp, NoOp];0
[NoOp, Move(E), NoOp, NoOp, NoOp, NoOp, NoOp, NoOp];0
[NoOp, Move(E), NoOp, NoOp, NoOp, NoOp, NoOp, NoOp];0
[NoOp, Move(E), NoOp, NoOp, NoOp, NoOp, NoOp, NoOp];0
[NoOp, Move(E), NoOp, NoOp, NoOp, NoOp, NoOp, NoOp];0
[NoOp, Move(E), NoOp, NoOp, NoOp, NoOp, NoOp, NoOp];0
[NoOp, Move(E), NoOp, NoOp, NoOp, NoOp, NoOp, NoOp];0
[NoOp, Move(E), NoOp, NoOp, NoOp, NoOp, NoOp, NoOp];0
[NoOp, Move(E), NoOp, NoOp, NoOp, NoOp, NoOp, NoOp];0
[NoOp, Move(E), NoOp, NoOp, NoOp, NoOp, NoOp, NoOp];0
[NoOp, Move(E), NoOp, NoOp, NoOp, NoOp, NoOp, NoOp];0
[NoOp, Move(E), NoOp, NoOp, NoOp, NoOp, NoOp, NoOp];0
[NoOp, Move(E), NoOp, NoOp, NoOp, NoOp, NoOp, NoOp];0
[NoOp, Move(E), NoOp, NoOp, NoOp, NoOp, NoOp, NoOp];0
[NoOp, Move(E), NoOp, NoOp, NoOp, NoOp, NoOp, NoOp];0
[NoOp, Move(N), NoOp, NoOp, NoOp, NoOp, NoOp, NoOp];0
[NoOp, Pull(S,N), NoOp, NoOp, NoOp, NoOp, NoOp, NoOp];0
[NoOp, Pull(E,N), NoOp, NoOp, NoOp, NoOp, NoOp, NoOp];0
[NoOp, Push(W,S), NoOp, NoOp, NoOp, NoOp, NoOp, NoOp];0
[NoOp, Move(E), NoOp, NoOp, NoOp, NoOp, NoOp, NoOp];0
[NoOp, NoOp, NoOp, NoOp, Move(S), NoOp, NoOp, NoOp];0
[NoOp, NoOp, NoOp, NoOp, Move(S), NoOp, NoOp, NoOp];0
[NoOp, NoOp, NoOp, NoOp, Move(S), NoOp, NoOp, NoOp];0
[NoOp, NoOp, NoOp, NoOp, Move(W), NoOp, NoOp, NoOp];0
[NoOp, NoOp, NoOp, NoOp, Move(W), NoOp, NoOp, NoOp];0
[NoOp, NoOp, NoOp, NoOp, Move(W), NoOp, NoOp, NoOp];0
[NoOp, NoOp, NoOp, NoOp, Move(W), NoOp, NoOp, NoOp];0
[NoOp, NoOp, NoOp, NoOp, Move(W), NoOp, NoOp, NoOp];0
[NoOp, NoOp, NoOp, NoOp, Move(W), NoOp, NoOp, NoOp];0
[NoOp, NoOp, NoOp, NoOp, Move(W), NoOp, NoOp, NoOp];0
[NoOp, NoOp, NoOp, NoOp, Move(W), NoOp, NoOp, NoOp];0
[NoOp, NoOp, NoOp, NoOp, Move(W), NoOp, NoOp, NoOp];0
[NoOp, NoOp, NoOp, NoOp, Move(W), NoOp, NoOp, NoOp];0
[NoOp, NoOp, NoOp, NoOp, Move(W), NoOp, NoOp, NoOp];0
[NoOp, NoOp, NoOp, NoOp, Move(W), NoOp, NoOp, NoOp];0
[NoOp, NoOp, NoOp, NoOp, Move(W), NoOp, NoOp, NoOp];0
[NoOp, NoOp, NoOp, NoOp, Move(W), NoOp, NoOp, NoOp];0
[NoOp, NoOp, NoOp, NoOp, Move(W), NoOp, NoOp, NoOp];0
[NoOp, NoOp, NoOp, NoOp, Move(W), NoOp, NoOp, NoOp];0
[NoOp, NoOp, NoOp, NoOp, Move(W), NoOp, NoOp, NoOp];0
[NoOp, NoOp, NoOp, NoOp, Move(W), NoOp, NoOp, NoOp];0
[NoOp, NoOp, NoOp, NoOp, Move(W), NoOp, NoOp, NoOp];0
[NoOp, NoOp, NoOp, NoOp, Move(W), NoOp, NoOp, NoOp];0
[NoOp, NoOp, NoOp, NoOp, Move(W), NoOp, NoOp, NoOp];0
[NoOp, NoOp, NoOp, NoOp, Move(W), NoOp, NoOp, NoOp];0
[NoOp, NoOp, NoOp, NoOp, Move(W), NoOp, NoOp, NoOp];0
[NoOp, NoOp, NoOp, NoOp, Move(W), NoOp, NoOp, NoOp];0
[NoOp, NoOp, NoOp, NoOp, Move(W), NoOp, NoOp, NoOp];0
[NoOp, NoOp, NoOp, NoOp, Move(W), NoOp, NoOp, NoOp];0
[NoOp, NoOp, NoOp, NoOp, Move(W), NoOp, NoOp, NoOp];0
[NoOp, NoOp, NoOp, NoOp, Move(W), NoOp, NoOp, NoOp];15
[NoOp, NoOp, NoOp, NoOp, Pull(E,W), NoOp, NoOp, NoOp];0
[NoOp, NoOp, NoOp, NoOp, Pull(E,W), NoOp, NoOp, NoOp];0
[NoOp, NoOp, NoOp, NoOp, Pull(E,W), NoOp, NoOp, NoOp];0
[NoOp, NoOp, NoOp, NoOp, Push(W,S), NoOp, NoOp, NoOp];0
[NoOp, NoOp, NoOp, NoOp, Move(E), NoOp, NoOp, NoOp];0
[NoOp, NoOp, NoOp, NoOp, Move(E), NoOp, NoOp, NoOp];0
[NoOp, NoOp, NoOp, NoOp, Move(E), NoOp, NoOp, NoOp];0
[NoOp, NoOp, NoOp, NoOp, Move(E), NoOp, NoOp, NoOp];0
[NoOp, NoOp, NoOp, NoOp, Move(E), NoOp, NoOp, NoOp];0
[NoOp, NoOp, NoOp, NoOp, Move(E), NoOp, NoOp, NoOp];0
[NoOp, NoOp, NoOp, NoOp, Move(E), NoOp, NoOp, NoOp];0
[NoOp, NoOp, NoOp, NoOp, Move(E), NoOp, NoOp, NoOp];0
[NoOp, NoOp, NoOp, NoOp, Move(E), NoOp, NoOp, NoOp];0
[NoOp, NoOp, NoOp, NoOp, Move(E), NoOp, NoOp, NoOp];0
[NoOp, NoOp, NoOp, NoOp, Move(E), NoOp, NoOp, NoOp];0
[NoOp, NoOp, NoOp, NoOp, Move(E), NoOp, NoOp, NoOp];0
[NoOp, NoOp, NoOp, NoOp, Move(E), NoOp, NoOp, NoOp];0
[NoOp, NoOp, NoOp, NoOp, Move(N), NoOp, NoOp, NoOp];0
[NoOp, Move(W), NoOp, NoOp, NoOp, NoOp, NoOp, NoOp];0
[NoOp, Move(N), NoOp, NoOp, NoOp, NoOp, NoOp, NoOp];0
[NoOp, NoOp, Move(E), NoOp, NoOp, NoOp, NoOp, NoOp];0
[NoOp, NoOp, Move(E), NoOp, NoOp, NoOp, NoOp, NoOp];0
[NoOp, NoOp, Move(E), NoOp, NoOp, NoOp, NoOp, NoOp];0
[NoOp, NoOp, Move(E), NoOp, NoOp, NoOp, NoOp, NoOp];0
[NoOp, NoOp, Move(E), NoOp, NoOp, NoOp, NoOp, NoOp];0
[NoOp, NoOp, Move(E), NoOp, NoOp, NoOp, NoOp, NoOp];0
[NoOp, NoOp, Move(E), NoOp, NoOp, NoOp, NoOp, NoOp];0
[NoOp, NoOp, Move(E), NoOp, NoOp, NoOp, NoOp, NoOp];0
[NoOp, NoOp, Move(E), NoOp, NoOp, NoOp, NoOp, NoOp];0
[NoOp, NoOp, Move(E), NoOp, NoOp, NoOp, NoOp, NoOp];0
[NoOp, NoOp, Move(E), NoOp, NoOp, NoOp, NoOp, NoOp];0
[NoOp, NoOp, Move(E), NoOp, NoOp, NoOp, NoOp, NoOp];0
[NoOp, NoOp, Move(E), NoOp, NoOp, NoOp, NoOp, NoOp];0
[NoOp, NoOp, Move(E), NoOp, NoOp, NoOp, NoOp, NoOp];0
[NoOp, NoOp, Move(E), NoOp, NoOp, NoOp, NoOp, NoOp];0
[NoOp, NoOp, Move(E), NoOp, NoOp, NoOp, NoOp, NoOp];0
[NoOp, NoOp, Move(E), NoOp, NoOp, NoOp, NoOp, NoOp];0
[NoOp, NoOp, Move(E), NoOp, NoOp, NoOp, NoOp, NoOp];0
[NoOp, NoOp, Move(E), NoOp, NoOp, NoOp, NoOp, NoOp];0
[NoOp, NoOp, Move(E), NoOp, NoOp, NoOp, NoOp, NoOp];0
[NoOp, NoOp, Move(E), NoOp, NoOp, NoOp, NoOp, NoOp];0
[NoOp, NoOp, Move(E), NoOp, NoOp, NoOp, NoOp, NoOp];0
[NoOp, NoOp, Move(E), NoOp, NoOp, NoOp, NoOp, NoOp];0
[NoOp, NoOp, Move(E), NoOp, NoOp, NoOp, NoOp, NoOp];0
[NoOp, NoOp, Move(E), NoOp, NoOp, NoOp, NoOp, NoOp];0
[NoOp, NoOp, Move(E), NoOp, NoOp, NoOp, NoOp, NoOp];0
[NoOp, NoOp, Move(E), NoOp, NoOp, NoOp, NoOp, NoOp];0
[NoOp, NoOp, Move(E), NoOp, NoOp, NoOp, NoOp, NoOp];0
[NoOp, NoOp, Move(E), NoOp, NoOp, NoOp, NoOp, NoOp];0
[NoOp, NoOp, Move(E), NoOp, NoOp, NoOp, NoOp, NoOp];0
[NoOp, NoOp, Move(E), NoOp, NoOp, NoOp, NoOp, NoOp];0
[NoOp, NoOp, Move(E), NoOp, NoOp, NoOp, NoOp, NoOp];0
[NoOp, Move(S), NoOp, NoOp, NoOp, NoOp, NoOp, NoOp];0
[NoOp, Pull(N,S), NoOp, NoOp, NoOp, NoOp, NoOp, NoOp];0
[NoOp, Push(S,W), NoOp, NoOp, NoOp, NoOp, NoOp, NoOp];0
[NoOp, Push(W,W), NoOp, NoOp, NoOp, NoOp, NoOp, NoOp];0
[NoOp, NoOp, Pull(W,E), NoOp, NoOp, NoOp, NoOp, NoOp];0
[NoOp, NoOp, Pull(W,E), NoOp, NoOp, NoOp, NoOp, NoOp];0
[NoOp, NoOp, Pull(N,E), NoOp, NoOp, NoOp, NoOp, NoOp];0
[NoOp, NoOp, Push(S,S), NoOp, NoOp, NoOp, NoOp, NoOp];0
[NoOp, NoOp, Move(N), NoOp, NoOp, NoOp, NoOp, NoOp];0
[NoOp, NoOp, Move(S), NoOp, NoOp, NoOp, NoOp, NoOp];15
[NoOp, NoOp, Move(E), NoOp, NoOp, NoOp, NoOp, NoOp];0
[NoOp, Move(E), NoOp, NoOp, NoOp, NoOp, NoOp, NoOp];0
[NoOp, Move(N), NoOp, NoOp, NoOp, NoOp, NoOp, NoOp];0
[NoOp, Move(N), NoOp, NoOp, NoOp, NoOp, NoOp, NoOp];0
[NoOp, Move(S), NoOp, NoOp, NoOp, NoOp, NoOp, NoOp];0
[NoOp, Move(S), NoOp, NoOp, NoOp, NoOp, NoOp, NoOp];0
[NoOp, Move(W), NoOp, NoOp, NoOp, NoOp, NoOp, NoOp];0
[NoOp, Push(W,W), NoOp, NoOp, NoOp, NoOp, NoOp, NoOp];0
[NoOp, Push(W,W), NoOp, NoOp, NoOp, NoOp, NoOp, NoOp];0
[NoOp, Push(W,W), NoOp, NoOp, NoOp, NoOp, NoOp, NoOp];0
[NoOp, Push(W,W), NoOp, NoOp, NoOp, NoOp, NoOp, NoOp];0
[NoOp, Push(W,W), NoOp, NoOp, NoOp, NoOp, NoOp, NoOp];0
[NoOp, Push(W,W), NoOp, NoOp, NoOp, NoOp, NoOp, NoOp];0
[NoOp, Push(W,W), NoOp, NoOp, NoOp, NoOp, NoOp, NoOp];0
[NoOp, Push(W,W), NoOp, NoOp, NoOp, NoOp, NoOp, NoOp];0
[NoOp, Push(W,W), NoOp, NoOp, NoOp, NoOp, NoOp, NoOp];0
[NoOp, Push(W,W), NoOp, NoOp, NoOp, NoOp, NoOp, NoOp];0
[NoOp, Push(W,W), NoOp, NoOp, NoOp, NoOp, NoOp, NoOp];0
[NoOp, Push(W,W), NoOp, NoOp, NoOp, NoOp, NoOp, NoOp];0
[NoOp, Push(W,W), NoOp, NoOp, NoOp, NoOp, NoOp, NoOp];0
[NoOp, Push(W,W), NoOp, NoOp, NoOp, NoOp, NoOp, NoOp];0
[NoOp, Push(W,W), NoOp, NoOp, NoOp, NoOp, NoOp, NoOp];0
[NoOp, Push(W,W), NoOp, NoOp, NoOp, NoOp, NoOp, NoOp];0
[NoOp, Push(W,W), NoOp, NoOp, NoOp, NoOp, NoOp, NoOp];0
[NoOp, Push(W,W), NoOp, NoOp, NoOp, NoOp, NoOp, NoOp];0
[NoOp, Push(W,W), NoOp, NoOp, NoOp, NoOp, NoOp, NoOp];0
[NoOp, Push(W,W), NoOp, NoOp, NoOp, NoOp, NoOp, NoOp];0
[NoOp, Push(W,W), NoOp, NoOp, NoOp, NoOp, NoOp, NoOp];0
[NoOp, Push(W,W), NoOp, NoOp, NoOp, NoOp, NoOp, NoOp];0
[NoOp, Push(W,W), NoOp, NoOp, NoOp, NoOp, NoOp, NoOp];0
[NoOp, Push(W,W), NoOp, NoOp, NoOp, NoOp, NoOp, NoOp];0
[NoOp, Push(W,W), NoOp, NoOp, NoOp, NoOp, NoOp, NoOp];0
[NoOp, Move(E), NoOp, NoOp, NoOp, NoOp, NoOp, NoOp];16
[NoOp, Move(E), NoOp, NoOp, NoOp, NoOp, NoOp, NoOp];0
[NoOp, Move(E), NoOp, NoOp, NoOp, NoOp, NoOp, NoOp];0
[NoOp, Move(E), NoOp, NoOp, NoOp, NoOp, NoOp, NoOp];0
[NoOp, Move(E), NoOp, NoOp, NoOp, NoOp, NoOp, NoOp];0
[NoOp, Move(E), NoOp, NoOp, NoOp, NoOp, NoOp, NoOp];0
[NoOp, Move(E), NoOp, NoOp, NoOp, NoOp, NoOp, NoOp];0
[NoOp, Move(E), NoOp, NoOp, NoOp, NoOp, NoOp, NoOp];0
[NoOp, Move(E), NoOp, NoOp, NoOp, NoOp, NoOp, NoOp];0
[NoOp, Move(E), NoOp, NoOp, NoOp, NoOp, NoOp, NoOp];0
[NoOp, Move(E), NoOp, NoOp, NoOp, NoOp, NoOp, NoOp];0
[NoOp, Move(E), NoOp, NoOp, NoOp, NoOp, NoOp, NoOp];0
[NoOp, Move(E), NoOp, NoOp, NoOp, NoOp, NoOp, NoOp];0
[NoOp, Move(E), NoOp, NoOp, NoOp, NoOp, NoOp, NoOp];0
[Move(N), NoOp, NoOp, NoOp, NoOp, NoOp, NoOp, NoOp];0
[Move(W), NoOp, NoOp, NoOp, NoOp, NoOp, NoOp, NoOp];0
[Move(W), NoOp, NoOp, NoOp, NoOp, NoOp, NoOp, NoOp];0
[Move(W), NoOp, NoOp, NoOp, NoOp, NoOp, NoOp, NoOp];0
[Move(W), NoOp, NoOp, NoOp, NoOp, NoOp, NoOp, NoOp];16
[Move(W), NoOp, NoOp, NoOp, NoOp, NoOp, NoOp, NoOp];0
[Move(W), NoOp, NoOp, NoOp, NoOp, NoOp, NoOp, NoOp];0
[Move(W), NoOp, NoOp, NoOp, NoOp, NoOp, NoOp, NoOp];0
[Move(W), NoOp, NoOp, NoOp, NoOp, NoOp, NoOp, NoOp];0
[Move(W), NoOp, NoOp, NoOp, NoOp, NoOp, NoOp, NoOp];0
[Move(W), NoOp, NoOp, NoOp, NoOp, NoOp, NoOp, NoOp];0
[Move(W), NoOp, NoOp, NoOp, NoOp, NoOp, NoOp, NoOp];0
[Move(W), NoOp, NoOp, NoOp, NoOp, NoOp, NoOp, NoOp];0
[Move(W), NoOp, NoOp, NoOp, NoOp, NoOp, NoOp, NoOp];0
[Move(E), NoOp, NoOp, NoOp, NoOp, NoOp, NoOp, NoOp];47
[Move(E), NoOp, NoOp, NoOp, NoOp, NoOp, NoOp, NoOp];0
[Move(E), NoOp, NoOp, NoOp, NoOp, NoOp, NoOp, NoOp];0
[Move(E), NoOp, NoOp, NoOp, NoOp, NoOp, NoOp, NoOp];0
[Move(E), NoOp, NoOp, NoOp, NoOp, NoOp, NoOp, NoOp];0
[Move(E), NoOp, NoOp, NoOp, NoOp, NoOp, NoOp, NoOp];0
[Move(E), NoOp, NoOp, NoOp, NoOp, NoOp, NoOp, NoOp];0
[Move(E), NoOp, NoOp, NoOp, NoOp, NoOp, NoOp, NoOp];0
[Move(E), NoOp, NoOp, NoOp, NoOp, NoOp, NoOp, NoOp];0
[Move(E), NoOp, NoOp, NoOp, NoOp, NoOp, NoOp, NoOp];0
[Move(E), NoOp, NoOp, NoOp, NoOp, NoOp, NoOp, NoOp];0
[Move(E), NoOp, NoOp, NoOp, NoOp, NoOp, NoOp, NoOp];0
[Move(E), NoOp, NoOp, NoOp, NoOp, NoOp, NoOp, NoOp];0
[Move(S), NoOp, NoOp, NoOp, NoOp, NoOp, NoOp, NoOp];0
[NoOp, Move(W), NoOp, NoOp, NoOp, NoOp, NoOp, NoOp];0
[NoOp, Move(W), NoOp, NoOp, NoOp, NoOp, NoOp, NoOp];0
[NoOp, Move(W), NoOp, NoOp, NoOp, NoOp, NoOp, NoOp];0
[NoOp, Move(W), NoOp, NoOp, NoOp, NoOp, NoOp, NoOp];0
[NoOp, Move(W), NoOp, NoOp, NoOp, NoOp, NoOp, NoOp];0
[NoOp, Move(W), NoOp, NoOp, NoOp, NoOp, NoOp, NoOp];0
[NoOp, Move(W), NoOp, NoOp, NoOp, NoOp, NoOp, NoOp];0
[NoOp, Move(W), NoOp, NoOp, NoOp, NoOp, NoOp, NoOp];0
[NoOp, Move(W), NoOp, NoOp, NoOp, NoOp, NoOp, NoOp];0
[NoOp, Move(W), NoOp, NoOp, NoOp, NoOp, NoOp, NoOp];0
[NoOp, Move(W), NoOp, NoOp, NoOp, NoOp, NoOp, NoOp];0
[NoOp, Move(W), NoOp, NoOp, NoOp, NoOp, NoOp, NoOp];0
[NoOp, Move(W), NoOp, NoOp, NoOp, NoOp, NoOp, NoOp];0
[NoOp, Move(W), NoOp, NoOp, NoOp, NoOp, NoOp, NoOp];0
[NoOp, Push(W,W), NoOp, NoOp, NoOp, NoOp, NoOp, NoOp];0
[NoOp, Push(W,W), NoOp, NoOp, NoOp, NoOp, NoOp, NoOp];0
[NoOp, Move(E), NoOp, NoOp, NoOp, NoOp, NoOp, NoOp];46
[NoOp, Move(E), NoOp, NoOp, NoOp, NoOp, NoOp, NoOp];0
[NoOp, Move(E), NoOp, NoOp, NoOp, NoOp, NoOp, NoOp];0
[NoOp, Move(E), NoOp, NoOp, NoOp, NoOp, NoOp, NoOp];0
[NoOp, Move(E), NoOp, NoOp, NoOp, NoOp, NoOp, NoOp];0
[NoOp, Move(E), NoOp, NoOp, NoOp, NoOp, NoOp, NoOp];0
[NoOp, Move(E), NoOp, NoOp, NoOp, NoOp, NoOp, NoOp];0
[NoOp, Move(E), NoOp, NoOp, NoOp, NoOp, NoOp, NoOp];0
[NoOp, Move(E), NoOp, NoOp, NoOp, NoOp, NoOp, NoOp];0
[NoOp, Move(E), NoOp, NoOp, NoOp, NoOp, NoOp, NoOp];0
[NoOp, Move(E), NoOp, NoOp, NoOp, NoOp, NoOp, NoOp];0
[NoOp, Move(E), NoOp, NoOp, NoOp, NoOp, NoOp, NoOp];0
[NoOp, Move(E), NoOp, NoOp, NoOp, NoOp, NoOp, NoOp];0
[NoOp, Move(E), NoOp, NoOp, NoOp, NoOp, NoOp, NoOp];0
[NoOp, Move(E), NoOp, NoOp, NoOp, NoOp, NoOp, NoOp];0
[NoOp, Move(E), NoOp, NoOp, NoOp, NoOp, NoOp, NoOp];0
[Move(N), NoOp, NoOp, NoOp, NoOp, NoOp, NoOp, NoOp];16
[Move(W), NoOp, NoOp, NoOp, NoOp, NoOp, NoOp, NoOp];0
[Move(W), NoOp, NoOp, NoOp, NoOp, NoOp, NoOp, NoOp];0
[Move(W), NoOp, NoOp, NoOp, NoOp, NoOp, NoOp, NoOp];0
[Move(W), NoOp, NoOp, NoOp, NoOp, NoOp, NoOp, NoOp];0
[Move(W), NoOp, NoOp, NoOp, NoOp, NoOp, NoOp, NoOp];0
[Move(W), NoOp, NoOp, NoOp, NoOp, NoOp, NoOp, NoOp];0
[Move(W), NoOp, NoOp, NoOp, NoOp, NoOp, NoOp, NoOp];0
[Move(W), NoOp, NoOp, NoOp, NoOp, NoOp, NoOp, NoOp];0
[Move(W), NoOp, NoOp, NoOp, NoOp, NoOp, NoOp, NoOp];0
[Move(W), NoOp, NoOp, NoOp, NoOp, NoOp, NoOp, NoOp];0
[Move(W), NoOp, NoOp, NoOp, NoOp, NoOp, NoOp, NoOp];0
[Move(W), NoOp, NoOp, NoOp, NoOp, NoOp, NoOp, NoOp];0
[Move(W), NoOp, NoOp, NoOp, NoOp, NoOp, NoOp, NoOp];0
[Pull(E,N), NoOp, NoOp, NoOp, NoOp, NoOp, NoOp, NoOp];0
[Push(W,W), NoOp, NoOp, NoOp, NoOp, NoOp, NoOp, NoOp];0
[Push(W,W), NoOp, NoOp, NoOp, NoOp, NoOp, NoOp, NoOp];0
[NoOp, NoOp, Move(W), NoOp, NoOp, NoOp, NoOp, NoOp];0
[NoOp, NoOp, Move(N), NoOp, NoOp, NoOp, NoOp, NoOp];0
[NoOp, Move(W), NoOp, NoOp, NoOp, NoOp, NoOp, NoOp];0
[NoOp, Move(S), NoOp, NoOp, NoOp, NoOp, NoOp, NoOp];0
[NoOp, NoOp, NoOp, NoOp, NoOp, Move(W), NoOp, NoOp];16
[NoOp, NoOp, NoOp, NoOp, NoOp, Move(W), NoOp, NoOp];0
[NoOp, NoOp, NoOp, NoOp, NoOp, Move(W), NoOp, NoOp];0
[NoOp, NoOp, NoOp, NoOp, NoOp, Move(W), NoOp, NoOp];0
[NoOp, NoOp, NoOp, NoOp, NoOp, Move(W), NoOp, NoOp];0
[NoOp, NoOp, NoOp, NoOp, NoOp, Move(W), NoOp, NoOp];0
[NoOp, NoOp, NoOp, NoOp, NoOp, Move(W), NoOp, NoOp];0
[NoOp, NoOp, NoOp, NoOp, NoOp, Move(W), NoOp, NoOp];0
[NoOp, NoOp, NoOp, NoOp, NoOp, Move(W), NoOp, NoOp];0
[NoOp, NoOp, NoOp, NoOp, NoOp, Move(W), NoOp, NoOp];0
[NoOp, NoOp, NoOp, NoOp, NoOp, Move(W), NoOp, NoOp];0
[NoOp, NoOp, NoOp, NoOp, NoOp, Move(W), NoOp, NoOp];0
[NoOp, NoOp, NoOp, NoOp, NoOp, Move(W), NoOp, NoOp];0
[NoOp, NoOp, NoOp, NoOp, NoOp, Move(W), NoOp, NoOp];0
[NoOp, NoOp, NoOp, NoOp, NoOp, Move(W), NoOp, NoOp];0
[NoOp, NoOp, NoOp, NoOp, NoOp, Move(W), NoOp, NoOp];0
[NoOp, NoOp, NoOp, NoOp, NoOp, Move(W), NoOp, NoOp];0
[NoOp, NoOp, NoOp, NoOp, NoOp, Move(W), NoOp, NoOp];0
[NoOp, NoOp, NoOp, NoOp, NoOp, Move(W), NoOp, NoOp];0
[NoOp, NoOp, NoOp, NoOp, NoOp, Move(W), NoOp, NoOp];0
[NoOp, NoOp, NoOp, NoOp, NoOp, Move(W), NoOp, NoOp];0
[NoOp, NoOp, NoOp, NoOp, NoOp, Move(W), NoOp, NoOp];0
[NoOp, NoOp, NoOp, NoOp, NoOp, Move(W), NoOp, NoOp];0
[NoOp, NoOp, NoOp, NoOp, NoOp, Move(W), NoOp, NoOp];0
[NoOp, NoOp, NoOp, NoOp, NoOp, Move(W), NoOp, NoOp];0
[NoOp, NoOp, NoOp, NoOp, NoOp, Move(W), NoOp, NoOp];0
[NoOp, NoOp, NoOp, NoOp, NoOp, Move(W), NoOp, NoOp];0
[NoOp, NoOp, NoOp, NoOp, NoOp, Move(W), NoOp, NoOp];0
[NoOp, NoOp, NoOp, NoOp, NoOp, Move(W), NoOp, NoOp];0
[NoOp, NoOp, NoOp, NoOp, NoOp, Move(W), NoOp, NoOp];0
[NoOp, NoOp, NoOp, NoOp, NoOp, Move(N), NoOp, NoOp];0
[NoOp, NoOp, NoOp, NoOp, Move(S), NoOp, NoOp, NoOp];0
[NoOp, NoOp, NoOp, NoOp, Move(W), NoOp, NoOp, NoOp];0
[NoOp, NoOp, NoOp, NoOp, Move(W), NoOp, NoOp, NoOp];0
[NoOp, NoOp, NoOp, NoOp, Move(W), NoOp, NoOp, NoOp];0
[NoOp, NoOp, NoOp, NoOp, Move(W), NoOp, NoOp, NoOp];0
[NoOp, NoOp, NoOp, NoOp, Move(W), NoOp, NoOp, NoOp];0
[NoOp, NoOp, NoOp, NoOp, Move(W), NoOp, NoOp, NoOp];0
[NoOp, NoOp, NoOp, NoOp, Move(W), NoOp, NoOp, NoOp];0
[NoOp, NoOp, NoOp, NoOp, Move(W), NoOp, NoOp, NoOp];0
[NoOp, NoOp, NoOp, NoOp, Move(W), NoOp, NoOp, NoOp];0
[NoOp, NoOp, NoOp, NoOp, Move(W), NoOp, NoOp, NoOp];0
[NoOp, NoOp, NoOp, NoOp, Move(W), NoOp, NoOp, NoOp];0
[NoOp, NoOp, NoOp, NoOp, Move(W), NoOp, NoOp, NoOp];0
[NoOp, NoOp, NoOp, NoOp, Move(W), NoOp, NoOp, NoOp];0
[NoOp, NoOp, NoOp, NoOp, Push(S,S), NoOp, NoOp, NoOp];0
[NoOp, NoOp, NoOp, NoOp, Move(N), NoOp, NoOp, NoOp];0
[NoOp, NoOp, NoOp, NoOp, Move(E), NoOp, NoOp, NoOp];0
[NoOp, NoOp, NoOp, NoOp, Move(E), NoOp, NoOp, NoOp];0
[NoOp, NoOp, NoOp, NoOp, NoOp, Pull(S,N), NoOp, NoOp];15
[NoOp, NoOp, NoOp, NoOp, NoOp, Pull(E,N), NoOp, NoOp];0
[NoOp, NoOp, NoOp, NoOp, NoOp, Push(W,S), NoOp, NoOp];0
[NoOp, NoOp, NoOp, NoOp, NoOp, Pull(N,S), NoOp, NoOp];0
[NoOp, NoOp, NoOp, NoOp, NoOp, Pull(N,S), NoOp, NoOp];0
[NoOp, NoOp, NoOp, NoOp, NoOp, Push(S,S), NoOp, NoOp];0
[NoOp, NoOp, NoOp, NoOp, NoOp, Push(S,E), NoOp, NoOp];0
[NoOp, NoOp, NoOp, NoOp, NoOp, Move(S), NoOp, NoOp];0
[NoOp, NoOp, NoOp, NoOp, Move(E), NoOp, NoOp, NoOp];0
[NoOp, NoOp, NoOp, NoOp, Move(E), NoOp, NoOp, NoOp];0
[NoOp, NoOp, NoOp, NoOp, Move(E), NoOp, NoOp, NoOp];0
[NoOp, NoOp, NoOp, NoOp, Move(E), NoOp, NoOp, NoOp];0
[NoOp, NoOp, NoOp, NoOp, Move(E), NoOp, NoOp, NoOp];0
[NoOp, NoOp, NoOp, NoOp, Move(E), NoOp, NoOp, NoOp];0
[NoOp, NoOp, NoOp, NoOp, Move(E), NoOp, NoOp, NoOp];0
[NoOp, NoOp, NoOp, NoOp, Move(E), NoOp, NoOp, NoOp];0
[NoOp, NoOp, NoOp, NoOp, Move(E), NoOp, NoOp, NoOp];0
[NoOp, NoOp, NoOp, NoOp, Move(E), NoOp, NoOp, NoOp];0
[NoOp, NoOp, NoOp, NoOp, Move(E), NoOp, NoOp, NoOp];0
[NoOp, NoOp, NoOp, NoOp, Move(N), NoOp, NoOp, NoOp];0
[NoOp, NoOp, Move(S), NoOp, NoOp, NoOp, NoOp, NoOp];0
[NoOp, NoOp, Pull(N,S), NoOp, NoOp, NoOp, NoOp, NoOp];0
[NoOp, NoOp, Push(S,E), NoOp, NoOp, NoOp, NoOp, NoOp];0
[NoOp, NoOp, NoOp, NoOp, NoOp, Move(N), NoOp, NoOp];16
[NoOp, NoOp, NoOp, NoOp, NoOp, Pull(N,E), NoOp, NoOp];0
[NoOp, NoOp, NoOp, NoOp, NoOp, Push(S,S), NoOp, NoOp];0
[NoOp, NoOp, Move(N), NoOp, NoOp, NoOp, NoOp, NoOp];0
[NoOp, NoOp, NoOp, NoOp, Move(S), NoOp, NoOp, NoOp];0
[NoOp, NoOp, NoOp, NoOp, Move(E), NoOp, NoOp, NoOp];0
[NoOp, NoOp, NoOp, NoOp, NoOp, Move(E), NoOp, NoOp];0
[NoOp, NoOp, NoOp, NoOp, NoOp, Move(E), NoOp, NoOp];0
[NoOp, NoOp, NoOp, NoOp, NoOp, Move(E), NoOp, NoOp];0
[NoOp, NoOp, NoOp, NoOp, NoOp, Move(E), NoOp, NoOp];0
[NoOp, NoOp, NoOp, NoOp, NoOp, Move(E), NoOp, NoOp];0
[NoOp, NoOp, NoOp, NoOp, NoOp, Move(E), NoOp, NoOp];0
[NoOp, NoOp, NoOp, NoOp, NoOp, Move(E), NoOp, NoOp];0
[NoOp, NoOp, NoOp, NoOp, NoOp, Move(E), NoOp, NoOp];0
[NoOp, NoOp, NoOp, NoOp, NoOp, Move(E), NoOp, NoOp];0
[NoOp, NoOp, NoOp, NoOp, NoOp, Move(E), NoOp, NoOp];0
[NoOp, NoOp, NoOp, NoOp, NoOp, Move(E), NoOp, NoOp];0
[NoOp, NoOp, NoOp, NoOp, NoOp, Move(E), NoOp, NoOp];0
[NoOp, NoOp, NoOp, NoOp, NoOp, Move(E), NoOp, NoOp];0
[NoOp, NoOp, NoOp, NoOp, NoOp, Move(N), NoOp, NoOp];0
[NoOp, NoOp, NoOp, NoOp, NoOp, Move(S), NoOp, NoOp];0
[NoOp, NoOp, NoOp, NoOp, NoOp, Move(W), NoOp, NoOp];0
[NoOp, NoOp, NoOp, NoOp, Move(W), NoOp, NoOp, NoOp];0
[NoOp, NoOp, NoOp, NoOp, Move(N), NoOp, NoOp, NoOp];0
[NoOp, NoOp, Move(S), NoOp, NoOp, NoOp, NoOp, NoOp];0
[NoOp, NoOp, Push(E,E), NoOp, NoOp, NoOp, NoOp, NoOp];0
[NoOp, NoOp, Move(W), NoOp, NoOp, NoOp, NoOp, NoOp];16
[NoOp, NoOp, Move(S), NoOp, NoOp, NoOp, NoOp, NoOp];0
[NoOp, NoOp, NoOp, NoOp, NoOp, Move(E), NoOp, NoOp];0
[NoOp, NoOp, NoOp, NoOp, NoOp, Move(E), NoOp, NoOp];0
[NoOp, NoOp, NoOp, NoOp, NoOp, Move(E), NoOp, NoOp];0
[NoOp, NoOp, NoOp, NoOp, NoOp, Move(E), NoOp, NoOp];0
[NoOp, NoOp, NoOp, NoOp, NoOp, Move(E), NoOp, NoOp];0
[NoOp, NoOp, NoOp, NoOp, NoOp, Move(E), NoOp, NoOp];0
[NoOp, NoOp, NoOp, NoOp, NoOp, Move(E), NoOp, NoOp];0
[NoOp, NoOp, NoOp, NoOp, NoOp, Move(E), NoOp, NoOp];0
[NoOp, NoOp, NoOp, NoOp, NoOp, Move(E), NoOp, NoOp];0
[NoOp, NoOp, NoOp, NoOp, NoOp, Move(E), NoOp, NoOp];0
[NoOp, NoOp, NoOp, NoOp, NoOp, Move(E), NoOp, NoOp];0
[NoOp, NoOp, NoOp, NoOp, NoOp, Move(E), NoOp, NoOp];0
[NoOp, NoOp, NoOp, NoOp, NoOp, Move(E), NoOp, NoOp];0
[NoOp, NoOp, NoOp, NoOp, NoOp, Move(E), NoOp, NoOp];0
[NoOp, NoOp, NoOp, NoOp, NoOp, Move(E), NoOp, NoOp];0
[NoOp, NoOp, Move(N), NoOp, NoOp, NoOp, NoOp, NoOp];0
[NoOp, NoOp, Move(N), NoOp, NoOp, NoOp, NoOp, NoOp];0
[NoOp, NoOp, NoOp, Move(S), NoOp, NoOp, NoOp, NoOp];0
[NoOp, NoOp, NoOp, Move(S), NoOp, NoOp, NoOp, NoOp];0
[NoOp, NoOp, NoOp, Move(S), NoOp, NoOp, NoOp, NoOp];0
[NoOp, NoOp, NoOp, Move(E), NoOp, NoOp, NoOp, NoOp];0
[NoOp, NoOp, NoOp, Move(E), NoOp, NoOp, NoOp, NoOp];0
[NoOp, NoOp, NoOp, Move(E), NoOp, NoOp, NoOp, NoOp];0
[NoOp, NoOp, NoOp, Move(E), NoOp, NoOp, NoOp, NoOp];0
[NoOp, NoOp, NoOp, Move(E), NoOp, NoOp, NoOp, NoOp];0
[NoOp, NoOp, NoOp, Move(E), NoOp, NoOp, NoOp, NoOp];0
[NoOp, NoOp, NoOp, Move(E), NoOp, NoOp, NoOp, NoOp];0
[NoOp, NoOp, NoOp, Move(E), NoOp, NoOp, NoOp, NoOp];0
[NoOp, NoOp, NoOp, Move(E), NoOp, NoOp, NoOp, NoOp];0
[NoOp, NoOp, NoOp, Move(E), NoOp, NoOp, NoOp, NoOp];0
[NoOp, NoOp, NoOp, Move(E), NoOp, NoOp, NoOp, NoOp];0
[NoOp, NoOp, NoOp, Move(E), NoOp, NoOp, NoOp, NoOp];0
[NoOp, NoOp, NoOp, Move(E), NoOp, NoOp, NoOp, NoOp];0
[NoOp, NoOp, NoOp, Move(E), NoOp, NoOp, NoOp, NoOp];0
[NoOp, NoOp, NoOp, Move(E), NoOp, NoOp, NoOp, NoOp];0
[NoOp, NoOp, NoOp, Move(E), NoOp, NoOp, NoOp, NoOp];0
[NoOp, NoOp, NoOp, Move(E), NoOp, NoOp, NoOp, NoOp];0
[NoOp, NoOp, NoOp, Move(E), NoOp, NoOp, NoOp, NoOp];0
[NoOp, NoOp, NoOp, Move(E), NoOp, NoOp, NoOp, NoOp];0
[NoOp, NoOp, NoOp, Move(E), NoOp, NoOp, NoOp, NoOp];0
[NoOp, NoOp, NoOp, Move(E), NoOp, NoOp, NoOp, NoOp];0
[NoOp, NoOp, NoOp, Move(E), NoOp, NoOp, NoOp, NoOp];0
[NoOp, NoOp, NoOp, Move(E), NoOp, NoOp, NoOp, NoOp];0
[NoOp, NoOp, NoOp, Move(E), NoOp, NoOp, NoOp, NoOp];0
[NoOp, NoOp, NoOp, Move(E), NoOp, NoOp, NoOp, NoOp];0
[NoOp, NoOp, NoOp, Move(E), NoOp, NoOp, NoOp, NoOp];0
[NoOp, NoOp, NoOp, Move(S), NoOp, NoOp, NoOp, NoOp];0
[NoOp, NoOp, Move(S), NoOp, NoOp, NoOp, NoOp, NoOp];0
[NoOp, NoOp, Move(W), NoOp, NoOp, NoOp, NoOp, NoOp];0
[NoOp, NoOp, NoOp, Pull(N,S), NoOp, NoOp, NoOp, NoOp];0
[NoOp, NoOp, NoOp, Pull(N,S), NoOp, NoOp, NoOp, NoOp];0
[NoOp, NoOp, NoOp, Pull(N,S), NoOp, NoOp, NoOp, NoOp];0
[NoOp, NoOp, Move(W), NoOp, NoOp, NoOp, NoOp, NoOp];15
[NoOp, NoOp, Move(W), NoOp, NoOp, NoOp, NoOp, NoOp];0
[NoOp, NoOp, Move(W), NoOp, NoOp, NoOp, NoOp, NoOp];0
[NoOp, NoOp, Move(W), NoOp, NoOp, NoOp, NoOp, NoOp];0
[NoOp, NoOp, Move(W), NoOp, NoOp, NoOp, NoOp, NoOp];0
[NoOp, NoOp, Move(W), NoOp, NoOp, NoOp, NoOp, NoOp];0
[NoOp, NoOp, Move(W), NoOp, NoOp, NoOp, NoOp, NoOp];0
[NoOp, NoOp, Move(W), NoOp, NoOp, NoOp, NoOp, NoOp];0
[NoOp, NoOp, Move(W), NoOp, NoOp, NoOp, NoOp, NoOp];0
[NoOp, NoOp, Move(W), NoOp, NoOp, NoOp, NoOp, NoOp];0
[NoOp, NoOp, Move(W), NoOp, NoOp, NoOp, NoOp, NoOp];0
[NoOp, NoOp, Move(W), NoOp, NoOp, NoOp, NoOp, NoOp];0
[NoOp, NoOp, Move(W), NoOp, NoOp, NoOp, NoOp, NoOp];0
[NoOp, NoOp, Move(W), NoOp, NoOp, NoOp, NoOp, NoOp];0
[NoOp, NoOp, Move(W), NoOp, NoOp, NoOp, NoOp, NoOp];0
[NoOp, NoOp, NoOp, NoOp, Move(S), NoOp, NoOp, NoOp];0
[NoOp, NoOp, NoOp, NoOp, Move(W), NoOp, NoOp, NoOp];0
[NoOp, NoOp, NoOp, NoOp, Move(W), NoOp, NoOp, NoOp];0
[NoOp, NoOp, NoOp, NoOp, NoOp, NoOp, Move(N), NoOp];0
[NoOp, NoOp, NoOp, NoOp, NoOp, NoOp, Move(N), NoOp];0
[NoOp, NoOp, NoOp, NoOp, NoOp, NoOp, Move(N), NoOp];0
[NoOp, NoOp, NoOp, NoOp, NoOp, NoOp, Move(W), NoOp];0
[NoOp, NoOp, NoOp, NoOp, NoOp, NoOp, Move(W), NoOp];0
[NoOp, NoOp, NoOp, NoOp, NoOp, NoOp, Move(W), NoOp];0
[NoOp, NoOp, NoOp, NoOp, NoOp, NoOp, Move(W), NoOp];0
[NoOp, NoOp, NoOp, NoOp, NoOp, NoOp, Move(W), NoOp];0
[NoOp, NoOp, NoOp, NoOp, NoOp, NoOp, Move(W), NoOp];0
[NoOp, NoOp, NoOp, NoOp, NoOp, NoOp, Move(W), NoOp];0
[NoOp, NoOp, NoOp, NoOp, NoOp, NoOp, Move(W), NoOp];0
[NoOp, NoOp, NoOp, NoOp, NoOp, NoOp, Move(W), NoOp];0
[NoOp, NoOp, NoOp, NoOp, NoOp, NoOp, Move(W), NoOp];0
[NoOp, NoOp, NoOp, NoOp, NoOp, NoOp, Move(W), NoOp];0
[NoOp, NoOp, NoOp, NoOp, NoOp, NoOp, Move(W), NoOp];0
[NoOp, NoOp, NoOp, NoOp, NoOp, NoOp, Move(W), NoOp];0
[NoOp, NoOp, NoOp, NoOp, NoOp, NoOp, Move(N), NoOp];0
[NoOp, NoOp, NoOp, NoOp, NoOp, NoOp, Pull(S,N), NoOp];0
[NoOp, NoOp, NoOp, NoOp, NoOp, NoOp, Pull(E,N), NoOp];0
[NoOp, NoOp, NoOp, NoOp, NoOp, NoOp, Push(W,W), NoOp];0
[NoOp, NoOp, NoOp, NoOp, NoOp, NoOp, Move(E), NoOp];0
[NoOp, Move(S), NoOp, NoOp, NoOp, NoOp, NoOp, NoOp];16
[NoOp, Move(S), NoOp, NoOp, NoOp, NoOp, NoOp, NoOp];0
[NoOp, Move(S), NoOp, NoOp, NoOp, NoOp, NoOp, NoOp];0
[NoOp, Move(S), NoOp, NoOp, NoOp, NoOp, NoOp, NoOp];0
[NoOp, Move(S), NoOp, NoOp, NoOp, NoOp, NoOp, NoOp];0
[NoOp, Move(S), NoOp, NoOp, NoOp, NoOp, NoOp, NoOp];0
[NoOp, Move(E), NoOp, NoOp, NoOp, NoOp, NoOp, NoOp];0
[NoOp, NoOp, NoOp, NoOp, NoOp, NoOp, NoOp, Move(S)];0
[NoOp, NoOp, NoOp, NoOp, NoOp, NoOp, NoOp, Move(S)];0
[NoOp, NoOp, NoOp, NoOp, NoOp, NoOp, NoOp, Move(S)];0
[NoOp, NoOp, NoOp, NoOp, NoOp, NoOp, NoOp, Move(S)];0
[NoOp, NoOp, NoOp, NoOp, NoOp, NoOp, NoOp, Move(S)];0
[NoOp, NoOp, NoOp, NoOp, NoOp, NoOp, NoOp, Move(S)];0
[NoOp, NoOp, NoOp, NoOp, NoOp, NoOp, NoOp, Move(S)];0
[NoOp, NoOp, NoOp, NoOp, NoOp, NoOp, NoOp, Move(S)];0
[NoOp, NoOp, NoOp, NoOp, NoOp, NoOp, NoOp, Move(S)];0
[NoOp, NoOp, NoOp, NoOp, NoOp, NoOp, NoOp, Move(S)];0
[NoOp, NoOp, NoOp, NoOp, NoOp, NoOp, NoOp, Move(S)];0
[NoOp, NoOp, NoOp, NoOp, NoOp, NoOp, NoOp, Move(S)];0
[NoOp, NoOp, NoOp, NoOp, NoOp, NoOp, NoOp, Move(S)];0
[NoOp, NoOp, NoOp, NoOp, NoOp, NoOp, NoOp, Move(S)];0
[NoOp, NoOp, NoOp, NoOp, NoOp, NoOp, NoOp, Move(S)];0
[NoOp, NoOp, NoOp, NoOp, NoOp, NoOp, NoOp, Move(S)];0
[NoOp, NoOp, NoOp, NoOp, NoOp, NoOp, NoOp, Move(S)];0
[NoOp, NoOp, NoOp, NoOp, NoOp, NoOp, NoOp, Move(S)];0
[NoOp, NoOp, NoOp, NoOp, NoOp, NoOp, NoOp, Move(S)];0
[NoOp, NoOp, NoOp, NoOp, NoOp, NoOp, NoOp, Move(E)];0
[NoOp, NoOp, NoOp, NoOp, NoOp, NoOp, NoOp, Move(E)];0
[NoOp, NoOp, NoOp, NoOp, NoOp, NoOp, NoOp, Move(E)];0
[NoOp, NoOp, NoOp, NoOp, NoOp, NoOp, NoOp, Move(E)];0
[NoOp, NoOp, NoOp, NoOp, NoOp, NoOp, NoOp, Move(E)];0
[NoOp, NoOp, NoOp, NoOp, NoOp, NoOp, NoOp, Move(E)];0
[NoOp, NoOp, NoOp, NoOp, NoOp, NoOp, NoOp, Move(E)];0
[NoOp, NoOp, NoOp, NoOp, NoOp, NoOp, NoOp, Move(E)];0
[NoOp, NoOp, NoOp, NoOp, NoOp, NoOp, NoOp, Push(E,N)];0
[NoOp, NoOp, NoOp, NoOp, NoOp, NoOp, NoOp, Push(N,N)];0
[NoOp, NoOp, NoOp, NoOp, NoOp, NoOp, Move(W), NoOp];31
[NoOp, NoOp, NoOp, NoOp, NoOp, NoOp, Move(S), NoOp];0
[NoOp, NoOp, NoOp, NoOp, NoOp, NoOp, Move(S), NoOp];0
[NoOp, NoOp, NoOp, NoOp, NoOp, NoOp, Move(S), NoOp];0
[NoOp, NoOp, NoOp, NoOp, NoOp, NoOp, Move(S), NoOp];0
[NoOp, NoOp, NoOp, NoOp, NoOp, NoOp, Move(S), NoOp];0
[NoOp, NoOp, NoOp, NoOp, NoOp, NoOp, Move(S), NoOp];0
[NoOp, NoOp, NoOp, NoOp, NoOp, NoOp, Move(S), NoOp];0
[NoOp, NoOp, NoOp, NoOp, NoOp, NoOp, Move(S), NoOp];0
[NoOp, NoOp, NoOp, NoOp, NoOp, NoOp, Move(S), NoOp];0
[NoOp, NoOp, NoOp, NoOp, NoOp, NoOp, Move(S), NoOp];0
[NoOp, NoOp, NoOp, NoOp, NoOp, NoOp, Move(S), NoOp];0
[NoOp, NoOp, NoOp, NoOp, NoOp, NoOp, Move(S), NoOp];0
[NoOp, NoOp, NoOp, NoOp, NoOp, NoOp, Move(S), NoOp];0
[NoOp, NoOp, NoOp, NoOp, NoOp, NoOp, Move(S), NoOp];0
[NoOp, NoOp, NoOp, NoOp, NoOp, NoOp, Move(S), NoOp];0
[NoOp, NoOp, NoOp, NoOp, NoOp, NoOp, Move(S), NoOp];0
[NoOp, NoOp, NoOp, NoOp, NoOp, NoOp, Move(E), NoOp];0
[NoOp, NoOp, NoOp, NoOp, NoOp, NoOp, Move(E), NoOp];0
[NoOp, NoOp, NoOp, NoOp, NoOp, NoOp, Move(E), NoOp];0
[NoOp, NoOp, NoOp, NoOp, NoOp, NoOp, Move(E), NoOp];0
[NoOp, NoOp, NoOp, NoOp, NoOp, NoOp, Move(E), NoOp];0
[NoOp, NoOp, NoOp, NoOp, NoOp, NoOp, Move(E), NoOp];0
[NoOp, NoOp, NoOp, NoOp, NoOp, NoOp, Move(E), NoOp];0
[NoOp, NoOp, NoOp, NoOp, NoOp, NoOp, Move(E), NoOp];0
[NoOp, NoOp, NoOp, NoOp, NoOp, NoOp, Move(E), NoOp];0
[NoOp, NoOp, NoOp, NoOp, NoOp, NoOp, Push(E,S), NoOp];16
[NoOp, NoOp, NoOp, NoOp, NoOp, NoOp, Push(S,S), NoOp];0
[NoOp, NoOp, NoOp, NoOp, NoOp, Move(W), NoOp, NoOp];0
[NoOp, NoOp, NoOp, NoOp, NoOp, Move(W), NoOp, NoOp];0
[NoOp, NoOp, NoOp, NoOp, NoOp, Move(W), NoOp, NoOp];0
[NoOp, NoOp, NoOp, NoOp, NoOp, Move(W), NoOp, NoOp];0
[NoOp, NoOp, NoOp, NoOp, NoOp, Move(W), NoOp, NoOp];0
[NoOp, NoOp, NoOp, NoOp, NoOp, Move(W), NoOp, NoOp];0
[NoOp, NoOp, NoOp, NoOp, NoOp, Move(W), NoOp, NoOp];0
[NoOp, NoOp, NoOp, NoOp, NoOp, Move(W), NoOp, NoOp];0
[NoOp, NoOp, NoOp, NoOp, NoOp, Move(W), NoOp, NoOp];0
[NoOp, NoOp, NoOp, NoOp, NoOp, Move(W), NoOp, NoOp];0
[NoOp, NoOp, NoOp, NoOp, NoOp, Move(W), NoOp, NoOp];0
[NoOp, NoOp, NoOp, NoOp, NoOp, Move(W), NoOp, NoOp];0
[NoOp, NoOp, NoOp, NoOp, NoOp, Move(W), NoOp, NoOp];0
[NoOp, NoOp, NoOp, NoOp, NoOp, Move(W), NoOp, NoOp];0
[NoOp, NoOp, NoOp, NoOp, NoOp, Move(S), NoOp, NoOp];0
[NoOp, NoOp, NoOp, NoOp, NoOp, Move(S), NoOp, NoOp];0
[NoOp, NoOp, NoOp, NoOp, NoOp, Move(S), NoOp, NoOp];0
[NoOp, NoOp, NoOp, NoOp, NoOp, Move(S), NoOp, NoOp];0
[NoOp, NoOp, NoOp, NoOp, NoOp, Move(S), NoOp, NoOp];0
[NoOp, NoOp, NoOp, NoOp, NoOp, Move(S), NoOp, NoOp];0
[NoOp, NoOp, NoOp, NoOp, NoOp, Move(S), NoOp, NoOp];0
[NoOp, NoOp, NoOp, NoOp, NoOp, Move(S), NoOp, NoOp];0
[NoOp, NoOp, NoOp, NoOp, NoOp, Move(S), NoOp, NoOp];0
[NoOp, NoOp, NoOp, NoOp, NoOp, Move(S), NoOp, NoOp];0
[NoOp, NoOp, NoOp, NoOp, NoOp, Move(S), NoOp, NoOp];0
[NoOp, NoOp, NoOp, NoOp, NoOp, Move(S), NoOp, NoOp];0
[NoOp, NoOp, NoOp, NoOp, NoOp, Move(S), NoOp, NoOp];0
[NoOp, NoOp, NoOp, NoOp, NoOp, Move(S), NoOp, NoOp];0
[NoOp, NoOp, NoOp, NoOp, NoOp, Move(S), NoOp, NoOp];0
[NoOp, NoOp, NoOp, NoOp, NoOp, Move(S), NoOp, NoOp];0
[NoOp, NoOp, NoOp, NoOp, NoOp, Move(E), NoOp, NoOp];0
[NoOp, NoOp, NoOp, NoOp, NoOp, Move(E), NoOp, NoOp];0
[NoOp, NoOp, NoOp, NoOp, NoOp, Move(E), NoOp, NoOp];0
[NoOp, NoOp, NoOp, NoOp, NoOp, Move(E), NoOp, NoOp];0
[NoOp, NoOp, NoOp, NoOp, NoOp, Move(E), NoOp, NoOp];0
[NoOp, NoOp, NoOp, NoOp, NoOp, Move(E), NoOp, NoOp];0
[NoOp, NoOp, NoOp, NoOp, NoOp, Move(E), NoOp, NoOp];0
[NoOp, NoOp, NoOp, NoOp, NoOp, Move(E), NoOp, NoOp];0
[NoOp, NoOp, NoOp, NoOp, NoOp, Move(E), NoOp, NoOp];0
[NoOp, NoOp, NoOp, NoOp, NoOp, Move(E), NoOp, NoOp];0
[NoOp, NoOp, NoOp, NoOp, NoOp, Push(E,N), NoOp, NoOp];0
[NoOp, NoOp, NoOp, NoOp, NoOp, Push(N,N), NoOp, NoOp];0
[NoOp, NoOp, NoOp, NoOp, NoOp, NoOp, Move(N), NoOp];15
[NoOp, NoOp, NoOp, NoOp, NoOp, NoOp, Move(W), NoOp];0
[NoOp, NoOp, NoOp, NoOp, NoOp, NoOp, Move(W), NoOp];0
[NoOp, NoOp, NoOp, NoOp, NoOp, NoOp, Move(W), NoOp];0
[NoOp, NoOp, NoOp, NoOp, NoOp, NoOp, Move(W), NoOp];0
[NoOp, NoOp, NoOp, NoOp, NoOp, NoOp, Move(W), NoOp];0
[NoOp, NoOp, NoOp, NoOp, NoOp, NoOp, Move(W), NoOp];0
[NoOp, NoOp, NoOp, NoOp, NoOp, NoOp, Move(W), NoOp];0
[NoOp, NoOp, NoOp, NoOp, NoOp, NoOp, Move(W), NoOp];0
[NoOp, NoOp, NoOp, NoOp, NoOp, NoOp, Move(W), NoOp];0
[NoOp, NoOp, NoOp, NoOp, NoOp, NoOp, Move(W), NoOp];0
[NoOp, NoOp, NoOp, NoOp, NoOp, NoOp, Move(N), NoOp];0
[NoOp, NoOp, NoOp, NoOp, NoOp, NoOp, Move(N), NoOp];0
[NoOp, NoOp, NoOp, NoOp, NoOp, NoOp, Move(N), NoOp];0
[NoOp, NoOp, NoOp, NoOp, NoOp, NoOp, Move(N), NoOp];0
[NoOp, NoOp, NoOp, NoOp, NoOp, NoOp, Move(N), NoOp];0
[NoOp, NoOp, NoOp, NoOp, NoOp, NoOp, Move(N), NoOp];0
[NoOp, NoOp, NoOp, NoOp, NoOp, NoOp, Move(N), NoOp];0
[NoOp, NoOp, NoOp, NoOp, NoOp, NoOp, Move(N), NoOp];0
[NoOp, NoOp, NoOp, NoOp, NoOp, NoOp, Move(N), NoOp];0
[NoOp, NoOp, NoOp, NoOp, NoOp, NoOp, Move(N), NoOp];0
[NoOp, NoOp, NoOp, NoOp, NoOp, NoOp, Move(N), NoOp];0
[NoOp, NoOp, NoOp, NoOp, NoOp, NoOp, Move(N), NoOp];0
[NoOp, NoOp, NoOp, NoOp, NoOp, NoOp, Move(N), NoOp];0
[NoOp, NoOp, NoOp, NoOp, NoOp, NoOp, Move(N), NoOp];0
[NoOp, NoOp, NoOp, NoOp, NoOp, NoOp, Move(N), NoOp];0
[NoOp, NoOp, NoOp, NoOp, NoOp, NoOp, Move(N), NoOp];0
[NoOp, NoOp, NoOp, NoOp, NoOp, NoOp, Pull(N,W), NoOp];0
[NoOp, NoOp, NoOp, NoOp, NoOp, NoOp, Push(S,E), NoOp];0
[NoOp, NoOp, NoOp, NoOp, NoOp, NoOp, Move(N), NoOp];0
[NoOp, NoOp, NoOp, NoOp, Move(E), NoOp, NoOp, NoOp];16
[NoOp, NoOp, NoOp, NoOp, Move(E), NoOp, NoOp, NoOp];0
[NoOp, NoOp, NoOp, NoOp, Move(S), NoOp, NoOp, NoOp];0
[NoOp, NoOp, NoOp, NoOp, Move(S), NoOp, NoOp, NoOp];0
[NoOp, NoOp, NoOp, NoOp, Move(S), NoOp, NoOp, NoOp];0
[NoOp, NoOp, NoOp, NoOp, Move(S), NoOp, NoOp, NoOp];0
[NoOp, NoOp, NoOp, NoOp, Move(S), NoOp, NoOp, NoOp];0
[NoOp, NoOp, NoOp, NoOp, Move(S), NoOp, NoOp, NoOp];0
[NoOp, NoOp, NoOp, NoOp, Move(S), NoOp, NoOp, NoOp];0
[NoOp, NoOp, NoOp, NoOp, Move(S), NoOp, NoOp, NoOp];0
[NoOp, NoOp, NoOp, NoOp, Move(S), NoOp, NoOp, NoOp];0
[NoOp, NoOp, NoOp, NoOp, Move(S), NoOp, NoOp, NoOp];0
[NoOp, NoOp, NoOp, NoOp, Move(S), NoOp, NoOp, NoOp];0
[NoOp, NoOp, NoOp, NoOp, Move(S), NoOp, NoOp, NoOp];0
[NoOp, NoOp, NoOp, NoOp, Move(S), NoOp, NoOp, NoOp];0
[NoOp, NoOp, NoOp, NoOp, Move(S), NoOp, NoOp, NoOp];0
[NoOp, NoOp, NoOp, NoOp, Move(S), NoOp, NoOp, NoOp];0
[NoOp, NoOp, NoOp, NoOp, Move(S), NoOp, NoOp, NoOp];0
[NoOp, NoOp, NoOp, NoOp, Move(E), NoOp, NoOp, NoOp];0
[NoOp, NoOp, NoOp, NoOp, Move(E), NoOp, NoOp, NoOp];0
[NoOp, NoOp, NoOp, NoOp, Move(E), NoOp, NoOp, NoOp];0
[NoOp, NoOp, NoOp, NoOp, Move(E), NoOp, NoOp, NoOp];0
[NoOp, NoOp, NoOp, NoOp, Move(E), NoOp, NoOp, NoOp];0
[NoOp, NoOp, NoOp, NoOp, Move(E), NoOp, NoOp, NoOp];0
[NoOp, NoOp, NoOp, NoOp, Move(E), NoOp, NoOp, NoOp];0
[NoOp, NoOp, NoOp, NoOp, Move(E), NoOp, NoOp, NoOp];0
[NoOp, NoOp, NoOp, NoOp, Move(E), NoOp, NoOp, NoOp];0
[NoOp, NoOp, NoOp, NoOp, Move(E), NoOp, NoOp, NoOp];0
[NoOp, NoOp, NoOp, NoOp, Move(E), NoOp, NoOp, NoOp];0
[NoOp, NoOp, NoOp, NoOp, Push(E,S), NoOp, NoOp, NoOp];0
[NoOp, NoOp, NoOp, NoOp, Push(S,S), NoOp, NoOp, NoOp];0
[NoOp, NoOp, NoOp, Push(S,S), NoOp, NoOp, NoOp, NoOp];0
[NoOp, NoOp, NoOp, Push(S,S), NoOp, NoOp, NoOp, NoOp];0
[NoOp, NoOp, NoOp, NoOp, NoOp, NoOp, Move(S), NoOp];0
[NoOp, NoOp, NoOp, NoOp, NoOp, NoOp, Pull(N,E), NoOp];0
[NoOp, NoOp, NoOp, NoOp, NoOp, NoOp, Push(S,W), NoOp];0
[NoOp, NoOp, NoOp, NoOp, NoOp, NoOp, Move(N), NoOp];0
[NoOp, NoOp, NoOp, Move(W), NoOp, NoOp, NoOp, NoOp];16
[NoOp, NoOp, NoOp, Move(W), NoOp, NoOp, NoOp, NoOp];0
[NoOp, NoOp, NoOp, Move(W), NoOp, NoOp, NoOp, NoOp];0
[NoOp, NoOp, NoOp, Move(W), NoOp, NoOp, NoOp, NoOp];0
[NoOp, NoOp, NoOp, Move(W), NoOp, NoOp, NoOp, NoOp];0
[NoOp, NoOp, NoOp, Move(W), NoOp, NoOp, NoOp, NoOp];0
[NoOp, NoOp, NoOp, Move(W), NoOp, NoOp, NoOp, NoOp];0
[NoOp, NoOp, NoOp, Move(W), NoOp, NoOp, NoOp, NoOp];0
[NoOp, NoOp, NoOp, Move(W), NoOp, NoOp, NoOp, NoOp];0
[NoOp, NoOp, NoOp, Move(W), NoOp, NoOp, NoOp, NoOp];0
[NoOp, NoOp, NoOp, Move(W), NoOp, NoOp, NoOp, NoOp];0
[NoOp, NoOp, NoOp, Move(W), NoOp, NoOp, NoOp, NoOp];0
[NoOp, NoOp, NoOp, Move(W), NoOp, NoOp, NoOp, NoOp];0
[NoOp, NoOp, NoOp, Move(S), NoOp, NoOp, NoOp, NoOp];0
[NoOp, NoOp, NoOp, Move(S), NoOp, NoOp, NoOp, NoOp];0
[NoOp, NoOp, NoOp, Move(S), NoOp, NoOp, NoOp, NoOp];0
[NoOp, NoOp, NoOp, Move(S), NoOp, NoOp, NoOp, NoOp];0
[NoOp, NoOp, NoOp, Move(S), NoOp, NoOp, NoOp, NoOp];0
[NoOp, NoOp, NoOp, Move(S), NoOp, NoOp, NoOp, NoOp];0
[NoOp, NoOp, NoOp, Move(S), NoOp, NoOp, NoOp, NoOp];0
[NoOp, NoOp, NoOp, Move(S), NoOp, NoOp, NoOp, NoOp];0
[NoOp, NoOp, NoOp, Move(S), NoOp, NoOp, NoOp, NoOp];0
[NoOp, NoOp, NoOp, Move(S), NoOp, NoOp, NoOp, NoOp];0
[NoOp, NoOp, NoOp, Move(S), NoOp, NoOp, NoOp, NoOp];0
[NoOp, NoOp, NoOp, Move(S), NoOp, NoOp, NoOp, NoOp];0
[NoOp, NoOp, NoOp, Move(S), NoOp, NoOp, NoOp, NoOp];0
[NoOp, NoOp, NoOp, Move(S), NoOp, NoOp, NoOp, NoOp];0
[NoOp, NoOp, NoOp, Move(S), NoOp, NoOp, NoOp, NoOp];0
[NoOp, NoOp, NoOp, Move(S), NoOp, NoOp, NoOp, NoOp];0
[NoOp, NoOp, NoOp, Move(E), NoOp, NoOp, NoOp, NoOp];0
[NoOp, NoOp, NoOp, Move(E), NoOp, NoOp, NoOp, NoOp];0
[NoOp, NoOp, NoOp, Move(E), NoOp, NoOp, NoOp, NoOp];0
[NoOp, NoOp, NoOp, Move(E), NoOp, NoOp, NoOp, NoOp];0
[NoOp, NoOp, NoOp, Move(E), NoOp, NoOp, NoOp, NoOp];0
[NoOp, NoOp, NoOp, Move(E), NoOp, NoOp, NoOp, NoOp];0
[NoOp, NoOp, NoOp, Move(E), NoOp, NoOp, NoOp, NoOp];0
[NoOp, NoOp, NoOp, Move(E), NoOp, NoOp, NoOp, NoOp];0
[NoOp, NoOp, NoOp, Move(E), NoOp, NoOp, NoOp, NoOp];0
[NoOp, NoOp, NoOp, Move(E), NoOp, NoOp, NoOp, NoOp];0
[NoOp, NoOp, NoOp, Move(E), NoOp, NoOp, NoOp, NoOp];0
[NoOp, NoOp, NoOp, Move(E), NoOp, NoOp, NoOp, NoOp];0
[NoOp, NoOp, NoOp, Push(E,N), NoOp, NoOp, NoOp, NoOp];0
[NoOp, NoOp, NoOp, Push(N,N), NoOp, NoOp, NoOp, NoOp];0
[NoOp, NoOp, NoOp, NoOp, NoOp, NoOp, Move(S), NoOp];0
[NoOp, NoOp, NoOp, NoOp, NoOp, NoOp, Pull(N,W), NoOp];0
[NoOp, NoOp, NoOp, NoOp, NoOp, NoOp, Push(S,E), NoOp];0
[NoOp, NoOp, NoOp, NoOp, NoOp, NoOp, Move(N), NoOp];0
[NoOp, NoOp, Move(E), NoOp, NoOp, NoOp, NoOp, NoOp];0
[NoOp, NoOp, Move(E), NoOp, NoOp, NoOp, NoOp, NoOp];0
[NoOp, NoOp, Move(E), NoOp, NoOp, NoOp, NoOp, NoOp];0
[NoOp, NoOp, Move(S), NoOp, NoOp, NoOp, NoOp, NoOp];0
[NoOp, NoOp, Move(S), NoOp, NoOp, NoOp, NoOp, NoOp];0
[NoOp, NoOp, Move(S), NoOp, NoOp, NoOp, NoOp, NoOp];0
[NoOp, NoOp, Move(S), NoOp, NoOp, NoOp, NoOp, NoOp];0
[NoOp, NoOp, Move(S), NoOp, NoOp, NoOp, NoOp, NoOp];0
[NoOp, NoOp, Move(S), NoOp, NoOp, NoOp, NoOp, NoOp];0
[NoOp, NoOp, Move(S), NoOp, NoOp, NoOp, NoOp, NoOp];0
[NoOp, NoOp, Move(S), NoOp, NoOp, NoOp, NoOp, NoOp];0
[NoOp, NoOp, Move(S), NoOp, NoOp, NoOp, NoOp, NoOp];0
[NoOp, NoOp, Move(S), NoOp, NoOp, NoOp, NoOp, NoOp];0
[NoOp, NoOp, Move(S), NoOp, NoOp, NoOp, NoOp, NoOp];0
[NoOp, NoOp, Move(S), NoOp, NoOp, NoOp, NoOp, NoOp];0
[NoOp, NoOp, Move(S), NoOp, NoOp, NoOp, NoOp, NoOp];0
[NoOp, NoOp, Move(S), NoOp, NoOp, NoOp, NoOp, NoOp];0
[NoOp, NoOp, Move(S), NoOp, NoOp, NoOp, NoOp, NoOp];0
[NoOp, NoOp, Move(S), NoOp, NoOp, NoOp, NoOp, NoOp];0
[NoOp, NoOp, Move(E), NoOp, NoOp, NoOp, NoOp, NoOp];0
[NoOp, NoOp, Move(E), NoOp, NoOp, NoOp, NoOp, NoOp];0
[NoOp, NoOp, Move(E), NoOp, NoOp, NoOp, NoOp, NoOp];0
[NoOp, NoOp, Move(E), NoOp, NoOp, NoOp, NoOp, NoOp];0
[NoOp, NoOp, Move(E), NoOp, NoOp, NoOp, NoOp, NoOp];0
[NoOp, NoOp, Move(E), NoOp, NoOp, NoOp, NoOp, NoOp];0
[NoOp, NoOp, Move(E), NoOp, NoOp, NoOp, NoOp, NoOp];0
[NoOp, NoOp, Move(E), NoOp, NoOp, NoOp, NoOp, NoOp];0
[NoOp, NoOp, Move(E), NoOp, NoOp, NoOp, NoOp, NoOp];0
[NoOp, NoOp, Move(E), NoOp, NoOp, NoOp, NoOp, NoOp];0
[NoOp, NoOp, Move(E), NoOp, NoOp, NoOp, NoOp, NoOp];0
[NoOp, NoOp, Move(E), NoOp, NoOp, NoOp, NoOp, NoOp];0
[NoOp, NoOp, Move(E), NoOp, NoOp, NoOp, NoOp, NoOp];0
[NoOp, NoOp, Push(E,S), NoOp, NoOp, NoOp, NoOp, NoOp];0
[NoOp, NoOp, Push(S,S), NoOp, NoOp, NoOp, NoOp, NoOp];15
[NoOp, Move(W), NoOp, NoOp, NoOp, NoOp, NoOp, NoOp];0
[NoOp, Move(S), NoOp, NoOp, NoOp, NoOp, NoOp, NoOp];0
[NoOp, Move(S), NoOp, NoOp, NoOp, NoOp, NoOp, NoOp];0
[NoOp, Move(S), NoOp, NoOp, NoOp, NoOp, NoOp, NoOp];0
[NoOp, Move(S), NoOp, NoOp, NoOp, NoOp, NoOp, NoOp];0
[NoOp, Move(S), NoOp, NoOp, NoOp, NoOp, NoOp, NoOp];0
[NoOp, Move(S), NoOp, NoOp, NoOp, NoOp, NoOp, NoOp];0
[NoOp, Move(S), NoOp, NoOp, NoOp, NoOp, NoOp, NoOp];0
[NoOp, Move(S), NoOp, NoOp, NoOp, NoOp, NoOp, NoOp];0
[NoOp, Move(S), NoOp, NoOp, NoOp, NoOp, NoOp, NoOp];0
[NoOp, Move(E), NoOp, NoOp, NoOp, NoOp, NoOp, NoOp];0
[NoOp, Move(E), NoOp, NoOp, NoOp, NoOp, NoOp, NoOp];0
[NoOp, Move(E), NoOp, NoOp, NoOp, NoOp, NoOp, NoOp];0
[NoOp, Move(E), NoOp, NoOp, NoOp, NoOp, NoOp, NoOp];0
[NoOp, Move(E), NoOp, NoOp, NoOp, NoOp, NoOp, NoOp];0
[NoOp, Move(E), NoOp, NoOp, NoOp, NoOp, NoOp, NoOp];0
[NoOp, Move(E), NoOp, NoOp, NoOp, NoOp, NoOp, NoOp];0
[NoOp, Move(E), NoOp, NoOp, NoOp, NoOp, NoOp, NoOp];0
[NoOp, Move(E), NoOp, NoOp, NoOp, NoOp, NoOp, NoOp];0
[NoOp, Move(E), NoOp, NoOp, NoOp, NoOp, NoOp, NoOp];0
[NoOp, Move(E), NoOp, NoOp, NoOp, NoOp, NoOp, NoOp];0
[NoOp, Move(E), NoOp, NoOp, NoOp, NoOp, NoOp, NoOp];0
[NoOp, Move(E), NoOp, NoOp, NoOp, NoOp, NoOp, NoOp];0
[NoOp, Move(E), NoOp, NoOp, NoOp, NoOp, NoOp, NoOp];0
[NoOp, Push(E,N), NoOp, NoOp, NoOp, NoOp, NoOp, NoOp];0
[NoOp, Move(W), NoOp, NoOp, NoOp, NoOp, NoOp, NoOp];0
[NoOp, Move(W), NoOp, NoOp, NoOp, NoOp, NoOp, NoOp];0
[NoOp, Move(W), NoOp, NoOp, NoOp, NoOp, NoOp, NoOp];0
[NoOp, Move(W), NoOp, NoOp, NoOp, NoOp, NoOp, NoOp];0
[NoOp, Move(W), NoOp, NoOp, NoOp, NoOp, NoOp, NoOp];0
[NoOp, Move(S), NoOp, NoOp, NoOp, NoOp, NoOp, NoOp];0
[Move(E), NoOp, NoOp, NoOp, NoOp, NoOp, NoOp, NoOp];0
[Move(E), NoOp, NoOp, NoOp, NoOp, NoOp, NoOp, NoOp];0
[Move(E), NoOp, NoOp, NoOp, NoOp, NoOp, NoOp, NoOp];0
[Move(E), NoOp, NoOp, NoOp, NoOp, NoOp, NoOp, NoOp];0
[Move(E), NoOp, NoOp, NoOp, NoOp, NoOp, NoOp, NoOp];0
[Move(E), NoOp, NoOp, NoOp, NoOp, NoOp, NoOp, NoOp];0
[Move(E), NoOp, NoOp, NoOp, NoOp, NoOp, NoOp, NoOp];0
[Move(E), NoOp, NoOp, NoOp, NoOp, NoOp, NoOp, NoOp];0
[Move(E), NoOp, NoOp, NoOp, NoOp, NoOp, NoOp, NoOp];0
[Move(E), NoOp, NoOp, NoOp, NoOp, NoOp, NoOp, NoOp];0
[Move(E), NoOp, NoOp, NoOp, NoOp, NoOp, NoOp, NoOp];0
[Move(E), NoOp, NoOp, NoOp, NoOp, NoOp, NoOp, NoOp];0
[Move(E), NoOp, NoOp, NoOp, NoOp, NoOp, NoOp, NoOp];0
[Move(E), NoOp, NoOp, NoOp, NoOp, NoOp, NoOp, NoOp];0
[Move(S), NoOp, NoOp, NoOp, NoOp, NoOp, NoOp, NoOp];0
[Move(S), NoOp, NoOp, NoOp, NoOp, NoOp, NoOp, NoOp];0
[Move(S), NoOp, NoOp, NoOp, NoOp, NoOp, NoOp, NoOp];0
[Move(S), NoOp, NoOp, NoOp, NoOp, NoOp, NoOp, NoOp];0
[Move(S), NoOp, NoOp, NoOp, NoOp, NoOp, NoOp, NoOp];0
[Move(S), NoOp, NoOp, NoOp, NoOp, NoOp, NoOp, NoOp];0
[Move(S), NoOp, NoOp, NoOp, NoOp, NoOp, NoOp, NoOp];0
[Move(S), NoOp, NoOp, NoOp, NoOp, NoOp, NoOp, NoOp];0
[Move(S), NoOp, NoOp, NoOp, NoOp, NoOp, NoOp, NoOp];0
[Move(S), NoOp, NoOp, NoOp, NoOp, NoOp, NoOp, NoOp];0
[Move(S), NoOp, NoOp, NoOp, NoOp, NoOp, NoOp, NoOp];0
[Move(S), NoOp, NoOp, NoOp, NoOp, NoOp, NoOp, NoOp];0
[Move(S), NoOp, NoOp, NoOp, NoOp, NoOp, NoOp, NoOp];0
[Move(S), NoOp, NoOp, NoOp, NoOp, NoOp, NoOp, NoOp];0
[Move(S), NoOp, NoOp, NoOp, NoOp, NoOp, NoOp, NoOp];0
[Move(S), NoOp, NoOp, NoOp, NoOp, NoOp, NoOp, NoOp];0
[Move(E), NoOp, NoOp, NoOp, NoOp, NoOp, NoOp, NoOp];0
[Move(E), NoOp, NoOp, NoOp, NoOp, NoOp, NoOp, NoOp];0
[Move(E), NoOp, NoOp, NoOp, NoOp, NoOp, NoOp, NoOp];0
[Move(E), NoOp, NoOp, NoOp, NoOp, NoOp, NoOp, NoOp];0
[Move(E), NoOp, NoOp, NoOp, NoOp, NoOp, NoOp, NoOp];0
[Move(E), NoOp, NoOp, NoOp, NoOp, NoOp, NoOp, NoOp];0
[Move(E), NoOp, NoOp, NoOp, NoOp, NoOp, NoOp, NoOp];0
[Move(E), NoOp, NoOp, NoOp, NoOp, NoOp, NoOp, NoOp];0
[Move(E), NoOp, NoOp, NoOp, NoOp, NoOp, NoOp, NoOp];0
[Move(E), NoOp, NoOp, NoOp, NoOp, NoOp, NoOp, NoOp];0
[Move(E), NoOp, NoOp, NoOp, NoOp, NoOp, NoOp, NoOp];16
[Move(E), NoOp, NoOp, NoOp, NoOp, NoOp, NoOp, NoOp];0
[Move(E), NoOp, NoOp, NoOp, NoOp, NoOp, NoOp, NoOp];0
[Move(E), NoOp, NoOp, NoOp, NoOp, NoOp, NoOp, NoOp];0
[Move(E), NoOp, NoOp, NoOp, NoOp, NoOp, NoOp, NoOp];0
[Push(E,E), NoOp, NoOp, NoOp, NoOp, NoOp, NoOp, NoOp];0
[NoOp, Move(N), NoOp, NoOp, NoOp, NoOp, NoOp, NoOp];0
[NoOp, Move(E), NoOp, NoOp, NoOp, NoOp, NoOp, NoOp];0
[NoOp, Move(E), NoOp, NoOp, NoOp, NoOp, NoOp, NoOp];0
[NoOp, Move(E), NoOp, NoOp, NoOp, NoOp, NoOp, NoOp];0
[NoOp, Move(E), NoOp, NoOp, NoOp, NoOp, NoOp, NoOp];0
[NoOp, Move(E), NoOp, NoOp, NoOp, NoOp, NoOp, NoOp];0
[NoOp, Push(N,N), NoOp, NoOp, NoOp, NoOp, NoOp, NoOp];0
[Move(W), NoOp, NoOp, NoOp, NoOp, NoOp, NoOp, NoOp];0
[Move(W), NoOp, NoOp, NoOp, NoOp, NoOp, NoOp, NoOp];0
[Move(W), NoOp, NoOp, NoOp, NoOp, NoOp, NoOp, NoOp];0
[Move(W), NoOp, NoOp, NoOp, NoOp, NoOp, NoOp, NoOp];0
[Move(W), NoOp, NoOp, NoOp, NoOp, NoOp, NoOp, NoOp];0
[Move(W), NoOp, NoOp, NoOp, NoOp, NoOp, NoOp, NoOp];0
[Move(W), NoOp, NoOp, NoOp, NoOp, NoOp, NoOp, NoOp];0
[Move(W), NoOp, NoOp, NoOp, NoOp, NoOp, NoOp, NoOp];0
[Move(W), NoOp, NoOp, NoOp, NoOp, NoOp, NoOp, NoOp];0
[Move(W), NoOp, NoOp, NoOp, NoOp, NoOp, NoOp, NoOp];0
[Move(W), NoOp, NoOp, NoOp, NoOp, NoOp, NoOp, NoOp];0
[Move(W), NoOp, NoOp, NoOp, NoOp, NoOp, NoOp, NoOp];0
[Move(W), NoOp, NoOp, NoOp, NoOp, NoOp, NoOp, NoOp];0
[Move(W), NoOp, NoOp, NoOp, NoOp, NoOp, NoOp, NoOp];0
[Move(W), NoOp, NoOp, NoOp, NoOp, NoOp, NoOp, NoOp];0
[Move(W), NoOp, NoOp, NoOp, NoOp, NoOp, NoOp, NoOp];0
[Move(W), NoOp, NoOp, NoOp, NoOp, NoOp, NoOp, NoOp];0
[Move(W), NoOp, NoOp, NoOp, NoOp, NoOp, NoOp, NoOp];0
[Move(W), NoOp, NoOp, NoOp, NoOp, NoOp, NoOp, NoOp];0
[Move(W), NoOp, NoOp, NoOp, NoOp, NoOp, NoOp, NoOp];0
[Move(W), NoOp, NoOp, NoOp, NoOp, NoOp, NoOp, NoOp];0
[Move(W), NoOp, NoOp, NoOp, NoOp, NoOp, NoOp, NoOp];0
[Move(W), NoOp, NoOp, NoOp, NoOp, NoOp, NoOp, NoOp];0
[Move(W), NoOp, NoOp, NoOp, NoOp, NoOp, NoOp, NoOp];0
[Move(W), NoOp, NoOp, NoOp, NoOp, NoOp, NoOp, NoOp];0
[Move(S), NoOp, NoOp, NoOp, NoOp, NoOp, NoOp, NoOp];0
[Move(S), NoOp, NoOp, NoOp, NoOp, NoOp, NoOp, NoOp];0
[Move(W), NoOp, NoOp, NoOp, NoOp, NoOp, NoOp, NoOp];0
[Move(W), NoOp, NoOp, NoOp, NoOp, NoOp, NoOp, NoOp];0
[Move(W), NoOp, NoOp, NoOp, NoOp, NoOp, NoOp, NoOp];0
[Move(W), NoOp, NoOp, NoOp, NoOp, NoOp, NoOp, NoOp];0
[Move(W), NoOp, NoOp, NoOp, NoOp, NoOp, NoOp, NoOp];0
[Move(W), NoOp, NoOp, NoOp, NoOp, NoOp, NoOp, NoOp];0
[Move(W), NoOp, NoOp, NoOp, NoOp, NoOp, NoOp, NoOp];0
[Move(W), NoOp, NoOp, NoOp, NoOp, NoOp, NoOp, NoOp];0
[Move(N), NoOp, NoOp, NoOp, NoOp, NoOp, NoOp, NoOp];0
[Move(N), NoOp, NoOp, NoOp, NoOp, NoOp, NoOp, NoOp];0
[Move(N), NoOp, NoOp, NoOp, NoOp, NoOp, NoOp, NoOp];0
[Move(N), NoOp, NoOp, NoOp, NoOp, NoOp, NoOp, NoOp];0
[Move(S), NoOp, NoOp, NoOp, NoOp, NoOp, NoOp, NoOp];0
[Move(S), NoOp, NoOp, NoOp, NoOp, NoOp, NoOp, NoOp];0
[Move(S), NoOp, NoOp, NoOp, NoOp, NoOp, NoOp, NoOp];0
[Move(S), NoOp, NoOp, NoOp, NoOp, NoOp, NoOp, NoOp];0
[Move(E), NoOp, NoOp, NoOp, NoOp, NoOp, NoOp, NoOp];0
[Move(E), NoOp, NoOp, NoOp, NoOp, NoOp, NoOp, NoOp];0
[Move(E), NoOp, NoOp, NoOp, NoOp, NoOp, NoOp, NoOp];0
[Move(E), NoOp, NoOp, NoOp, NoOp, NoOp, NoOp, NoOp];0
[Move(E), NoOp, NoOp, NoOp, NoOp, NoOp, NoOp, NoOp];0
[Move(E), NoOp, NoOp, NoOp, NoOp, NoOp, NoOp, NoOp];0
[Move(E), NoOp, NoOp, NoOp, NoOp, NoOp, NoOp, NoOp];0
[Move(E), NoOp, NoOp, NoOp, NoOp, NoOp, NoOp, NoOp];0
[Move(N), NoOp, NoOp, NoOp, NoOp, NoOp, NoOp, NoOp];0
[Move(N), NoOp, NoOp, NoOp, NoOp, NoOp, NoOp, NoOp];0
[Move(N), NoOp, NoOp, NoOp, NoOp, NoOp, NoOp, NoOp];0
[Move(N), NoOp, NoOp, NoOp, NoOp, NoOp, NoOp, NoOp];0
[Move(W), NoOp, NoOp, NoOp, NoOp, NoOp, NoOp, NoOp];0
[Move(W), NoOp, NoOp, NoOp, NoOp, NoOp, NoOp, NoOp];0
[Move(W), NoOp, NoOp, NoOp, NoOp, NoOp, NoOp, NoOp];0
[Move(W), NoOp, NoOp, NoOp, NoOp, NoOp, NoOp, NoOp];0
[Move(W), NoOp, NoOp, NoOp, NoOp, NoOp, NoOp, NoOp];0
[Pull(E,W), NoOp, NoOp, NoOp, NoOp, NoOp, NoOp, NoOp];32
[Pull(E,W), NoOp, NoOp, NoOp, NoOp, NoOp, NoOp, NoOp];0
[Pull(E,W), NoOp, NoOp, NoOp, NoOp, NoOp, NoOp, NoOp];0
[Pull(E,W), NoOp, NoOp, NoOp, NoOp, NoOp, NoOp, NoOp];0
[Pull(E,W), NoOp, NoOp, NoOp, NoOp, NoOp, NoOp, NoOp];0
[Pull(S,W), NoOp, NoOp, NoOp, NoOp, NoOp, NoOp, NoOp];0
[Pull(S,N), NoOp, NoOp, NoOp, NoOp, NoOp, NoOp, NoOp];0
[Pull(S,N), NoOp, NoOp, NoOp, NoOp, NoOp, NoOp, NoOp];0
[Push(N,E), NoOp, NoOp, NoOp, NoOp, NoOp, NoOp, NoOp];0
[Pull(N,E), NoOp, NoOp, NoOp, NoOp, NoOp, NoOp, NoOp];0
[Pull(N,S), NoOp, NoOp, NoOp, NoOp, NoOp, NoOp, NoOp];0
[Pull(W,S), NoOp, NoOp, NoOp, NoOp, NoOp, NoOp, NoOp];0
[Pull(W,E), NoOp, NoOp, NoOp, NoOp, NoOp, NoOp, NoOp];0
[Pull(W,E), NoOp, NoOp, NoOp, NoOp, NoOp, NoOp, NoOp];0
[Pull(W,E), NoOp, NoOp, NoOp, NoOp, NoOp, NoOp, NoOp];0
[Pull(W,E), NoOp, NoOp, NoOp, NoOp, NoOp, NoOp, NoOp];0
[Pull(W,E), NoOp, NoOp, NoOp, NoOp, NoOp, NoOp, NoOp];0
[Push(W,W), NoOp, NoOp, NoOp, NoOp, NoOp, NoOp, NoOp];0
[Move(E), NoOp, NoOp, NoOp, NoOp, NoOp, NoOp, NoOp];0
[Pull(W,E), NoOp, NoOp, NoOp, NoOp, NoOp, NoOp, NoOp];0
[Push(W,S), NoOp, NoOp, NoOp, NoOp, NoOp, NoOp, NoOp];0
[Move(E), NoOp, NoOp, NoOp, NoOp, NoOp, NoOp, NoOp];0
[Pull(W,E), NoOp, NoOp, NoOp, NoOp, NoOp, NoOp, NoOp];0
[Push(S,S), NoOp, NoOp, NoOp, NoOp, NoOp, NoOp, NoOp];0
[Move(N), NoOp, NoOp, NoOp, NoOp, NoOp, NoOp, NoOp];0
[Pull(S,E), NoOp, NoOp, NoOp, NoOp, NoOp, NoOp, NoOp];0
[Push(S,S), NoOp, NoOp, NoOp, NoOp, NoOp, NoOp, NoOp];0
[Move(N), NoOp, NoOp, NoOp, NoOp, NoOp, NoOp, NoOp];0
[Pull(S,N), NoOp, NoOp, NoOp, NoOp, NoOp, NoOp, NoOp];0
[Push(N,N), NoOp, NoOp, NoOp, NoOp, NoOp, NoOp, NoOp];15
[Move(S), NoOp, NoOp, NoOp, NoOp, NoOp, NoOp, NoOp];0
[Pull(N,S), NoOp, NoOp, NoOp, NoOp, NoOp, NoOp, NoOp];0
[Push(N,E), NoOp, NoOp, NoOp, NoOp, NoOp, NoOp, NoOp];0
[Move(S), NoOp, NoOp, NoOp, NoOp, NoOp, NoOp, NoOp];0
[Pull(N,S), NoOp, NoOp, NoOp, NoOp, NoOp, NoOp, NoOp];0
[Push(E,E), NoOp, NoOp, NoOp, NoOp, NoOp, NoOp, NoOp];0
[Move(W), NoOp, NoOp, NoOp, NoOp, NoOp, NoOp, NoOp];0
[Pull(E,S), NoOp, NoOp, NoOp, NoOp, NoOp, NoOp, NoOp];0
[Push(E,E), NoOp, NoOp, NoOp, NoOp, NoOp, NoOp, NoOp];0
[Move(W), NoOp, NoOp, NoOp, NoOp, NoOp, NoOp, NoOp];0
[Pull(E,W), NoOp, NoOp, NoOp, NoOp, NoOp, NoOp, NoOp];0
[Push(E,E), NoOp, NoOp, NoOp, NoOp, NoOp, NoOp, NoOp];0
[Move(W), NoOp, NoOp, NoOp, NoOp, NoOp, NoOp, NoOp];0
[Pull(E,W), NoOp, NoOp, NoOp, NoOp, NoOp, NoOp, NoOp];0
[Push(E,E), NoOp, NoOp, NoOp, NoOp, NoOp, NoOp, NoOp];0
[Move(W), NoOp, NoOp, NoOp, NoOp, NoOp, NoOp, NoOp];0
[Pull(E,W), NoOp, NoOp, NoOp, NoOp, NoOp, NoOp, NoOp];0
[Push(E,E), NoOp, NoOp, NoOp, NoOp, NoOp, NoOp, NoOp];0
[Move(W), NoOp, NoOp, NoOp, NoOp, NoOp, NoOp, NoOp];0
[Pull(E,W), NoOp, NoOp, NoOp, NoOp, NoOp, NoOp, NoOp];0
[Push(E,E), NoOp, NoOp, NoOp, NoOp, NoOp, NoOp, NoOp];0
[Move(W), NoOp, NoOp, NoOp, NoOp, NoOp, NoOp, NoOp];0
[Pull(E,W), NoOp, NoOp, NoOp, NoOp, NoOp, NoOp, NoOp];0
[Push(W,W), NoOp, NoOp, NoOp, NoOp, NoOp, NoOp, NoOp];16
[Move(E), NoOp, NoOp, NoOp, NoOp, NoOp, NoOp, NoOp];0
[Pull(W,E), NoOp, NoOp, NoOp, NoOp, NoOp, NoOp, NoOp];0
[Push(W,W), NoOp, NoOp, NoOp, NoOp, NoOp, NoOp, NoOp];0
[Move(E), NoOp, NoOp, NoOp, NoOp, NoOp, NoOp, NoOp];0
[Pull(W,E), NoOp, NoOp, NoOp, NoOp, NoOp, NoOp, NoOp];0
[Push(W,W), NoOp, NoOp, NoOp, NoOp, NoOp, NoOp, NoOp];0
[Move(E), NoOp, NoOp, NoOp, NoOp, NoOp, NoOp, NoOp];0
[Pull(W,E), NoOp, NoOp, NoOp, NoOp, NoOp, NoOp, NoOp];0
[Push(E,E), NoOp, NoOp, NoOp, NoOp, NoOp, NoOp, NoOp];0
[Move(W), NoOp, NoOp, NoOp, NoOp, NoOp, NoOp, NoOp];0
[Pull(E,W), NoOp, NoOp, NoOp, NoOp, NoOp, NoOp, NoOp];0
[Push(E,E), NoOp, NoOp, NoOp, NoOp, NoOp, NoOp, NoOp];0
[Move(W), NoOp, NoOp, NoOp, NoOp, NoOp, NoOp, NoOp];0
[Pull(E,W), NoOp, NoOp, NoOp, NoOp, NoOp, NoOp, NoOp];0
[Push(E,E), NoOp, NoOp, NoOp, NoOp, NoOp, NoOp, NoOp];0
[Move(W), NoOp, NoOp, NoOp, NoOp, NoOp, NoOp, NoOp];0
[Pull(E,W), NoOp, NoOp, NoOp, NoOp, NoOp, NoOp, NoOp];0
[Push(W,W), NoOp, NoOp, NoOp, NoOp, NoOp, NoOp, NoOp];219
[Move(E), NoOp, NoOp, NoOp, NoOp, NoOp, NoOp, NoOp];0
[Pull(W,E), NoOp, NoOp, NoOp, NoOp, NoOp, NoOp, NoOp];0
[Push(W,W), NoOp, NoOp, NoOp, NoOp, NoOp, NoOp, NoOp];0
[Move(E), NoOp, NoOp, NoOp, NoOp, NoOp, NoOp, NoOp];0
[Pull(W,E), NoOp, NoOp, NoOp, NoOp, NoOp, NoOp, NoOp];0
[Push(W,W), NoOp, NoOp, NoOp, NoOp, NoOp, NoOp, NoOp];0
[Move(E), NoOp, NoOp, NoOp, NoOp, NoOp, NoOp, NoOp];0
[Pull(W,E), NoOp, NoOp, NoOp, NoOp, NoOp, NoOp, NoOp];0
[Push(W,W), NoOp, NoOp, NoOp, NoOp, NoOp, NoOp, NoOp];0
[Push(W,W), NoOp, NoOp, NoOp, NoOp, NoOp, NoOp, NoOp];0
[Push(W,S), NoOp, NoOp, NoOp, NoOp, NoOp, NoOp, NoOp];0
[Push(S,S), NoOp, NoOp, NoOp, NoOp, NoOp, NoOp, NoOp];0
[Push(S,S), NoOp, NoOp, NoOp, NoOp, NoOp, NoOp, NoOp];0
[Push(S,S), NoOp, NoOp, NoOp, NoOp, NoOp, NoOp, NoOp];0
[Push(S,E), NoOp, NoOp, NoOp, NoOp, NoOp, NoOp, NoOp];0
[Push(E,E), NoOp, NoOp, NoOp, NoOp, NoOp, NoOp, NoOp];0
[Push(E,E), NoOp, NoOp, NoOp, NoOp, NoOp, NoOp, NoOp];0
[Push(E,E), NoOp, NoOp, NoOp, NoOp, NoOp, NoOp, NoOp];0
[Push(E,E), NoOp, NoOp, NoOp, NoOp, NoOp, NoOp, NoOp];0
[Push(E,E), NoOp, NoOp, NoOp, NoOp, NoOp, NoOp, NoOp];0
[Push(E,E), NoOp, NoOp, NoOp, NoOp, NoOp, NoOp, NoOp];0
[Push(E,E), NoOp, NoOp, NoOp, NoOp, NoOp, NoOp, NoOp];0
[Push(E,N), NoOp, NoOp, NoOp, NoOp, NoOp, NoOp, NoOp];0
[Push(N,N), NoOp, NoOp, NoOp, NoOp, NoOp, NoOp, NoOp];0
[Push(N,N), NoOp, NoOp, NoOp, NoOp, NoOp, NoOp, NoOp];0
[Push(N,N), NoOp, NoOp, NoOp, NoOp, NoOp, NoOp, NoOp];0
[Push(N,W), NoOp, NoOp, NoOp, NoOp, NoOp, NoOp, NoOp];0
[Push(W,W), NoOp, NoOp, NoOp, NoOp, NoOp, NoOp, NoOp];0
[Push(W,W), NoOp, NoOp, NoOp, NoOp, NoOp, NoOp, NoOp];0
[Move(E), NoOp, NoOp, NoOp, NoOp, NoOp, NoOp, NoOp];0
[Move(E), NoOp, NoOp, NoOp, NoOp, NoOp, NoOp, NoOp];0
[Move(S), NoOp, NoOp, NoOp, NoOp, NoOp, NoOp, NoOp];0
[Move(S), NoOp, NoOp, NoOp, NoOp, NoOp, NoOp, NoOp];0
[Move(E), NoOp, NoOp, NoOp, NoOp, NoOp, NoOp, NoOp];0
[Move(E), NoOp, NoOp, NoOp, NoOp, NoOp, NoOp, NoOp];0
[Move(E), NoOp, NoOp, NoOp, NoOp, NoOp, NoOp, NoOp];0
[Move(E), NoOp, NoOp, NoOp, NoOp, NoOp, NoOp, NoOp];0
[Move(E), NoOp, NoOp, NoOp, NoOp, NoOp, NoOp, NoOp];0
[Move(E), NoOp, NoOp, NoOp, NoOp, NoOp, NoOp, NoOp];0
[Move(E), NoOp, NoOp, NoOp, NoOp, NoOp, NoOp, NoOp];0
[Move(E), NoOp, NoOp, NoOp, NoOp, NoOp, NoOp, NoOp];0
[Move(E), NoOp, NoOp, NoOp, NoOp, NoOp, NoOp, NoOp];0
[Move(N), NoOp, NoOp, NoOp, NoOp, NoOp, NoOp, NoOp];0
[Move(N), NoOp, NoOp, NoOp, NoOp, NoOp, NoOp, NoOp];0
[Move(N), NoOp, NoOp, NoOp, NoOp, NoOp, NoOp, NoOp];0
[Move(N), NoOp, NoOp, NoOp, NoOp, NoOp, NoOp, NoOp];0
[Move(N), NoOp, NoOp, NoOp, NoOp, NoOp, NoOp, NoOp];0
[Move(N), NoOp, NoOp, NoOp, NoOp, NoOp, NoOp, NoOp];0
[Move(N), NoOp, NoOp, NoOp, NoOp, NoOp, NoOp, NoOp];0
[Move(N), NoOp, NoOp, NoOp, NoOp, NoOp, NoOp, NoOp];0
[Move(N), NoOp, NoOp, NoOp, NoOp, NoOp, NoOp, NoOp];0
[Move(W), NoOp, NoOp, NoOp, NoOp, NoOp, NoOp, NoOp];0
[Move(W), NoOp, NoOp, NoOp, NoOp, NoOp, NoOp, NoOp];0
[Move(W), NoOp, NoOp, NoOp, NoOp, NoOp, NoOp, NoOp];0
[Move(W), NoOp, NoOp, NoOp, NoOp, NoOp, NoOp, NoOp];0
[Move(W), NoOp, NoOp, NoOp, NoOp, NoOp, NoOp, NoOp];0
[Move(W), NoOp, NoOp, NoOp, NoOp, NoOp, NoOp, NoOp];0
[Move(N), NoOp, NoOp, NoOp, NoOp, NoOp, NoOp, NoOp];0
[Move(W), NoOp, NoOp, NoOp, NoOp, NoOp, NoOp, NoOp];0
[Pull(N,W), NoOp, NoOp, NoOp, NoOp, NoOp, NoOp, NoOp];0
[Push(S,E), NoOp, NoOp, NoOp, NoOp, NoOp, NoOp, NoOp];0
[Push(E,S), NoOp, NoOp, NoOp, NoOp, NoOp, NoOp, NoOp];0
[Push(S,E), NoOp, NoOp, NoOp, NoOp, NoOp, NoOp, NoOp];0
[Push(E,E), NoOp, NoOp, NoOp, NoOp, NoOp, NoOp, NoOp];0
[Push(E,E), NoOp, NoOp, NoOp, NoOp, NoOp, NoOp, NoOp];0
[Push(E,E), NoOp, NoOp, NoOp, NoOp, NoOp, NoOp, NoOp];0
[Push(E,E), NoOp, NoOp, NoOp, NoOp, NoOp, NoOp, NoOp];0
[Push(E,E), NoOp, NoOp, NoOp, NoOp, NoOp, NoOp, NoOp];0
[Push(E,E), NoOp, NoOp, NoOp, NoOp, NoOp, NoOp, NoOp];0
[Push(E,E), NoOp, NoOp, NoOp, NoOp, NoOp, NoOp, NoOp];0
[Push(E,E), NoOp, NoOp, NoOp, NoOp, NoOp, NoOp, NoOp];0
[Push(E,E), NoOp, NoOp, NoOp, NoOp, NoOp, NoOp, NoOp];0
[Push(E,E), NoOp, NoOp, NoOp, NoOp, NoOp, NoOp, NoOp];0
[Push(E,E), NoOp, NoOp, NoOp, NoOp, NoOp, NoOp, NoOp];0
[Push(E,N), NoOp, NoOp, NoOp, NoOp, NoOp, NoOp, NoOp];0
[Push(N,E), NoOp, NoOp, NoOp, NoOp, NoOp, NoOp, NoOp];0
[NoOp, Move(S), NoOp, NoOp, NoOp, NoOp, NoOp, NoOp];16
[NoOp, Move(W), NoOp, NoOp, NoOp, NoOp, NoOp, NoOp];0
[NoOp, Move(W), NoOp, NoOp, NoOp, NoOp, NoOp, NoOp];0
[NoOp, Move(W), NoOp, NoOp, NoOp, NoOp, NoOp, NoOp];0
[NoOp, Move(W), NoOp, NoOp, NoOp, NoOp, NoOp, NoOp];0
[NoOp, Move(W), NoOp, NoOp, NoOp, NoOp, NoOp, NoOp];0
[NoOp, Move(W), NoOp, NoOp, NoOp, NoOp, NoOp, NoOp];0
[NoOp, Move(W), NoOp, NoOp, NoOp, NoOp, NoOp, NoOp];0
[NoOp, Move(W), NoOp, NoOp, NoOp, NoOp, NoOp, NoOp];0
[NoOp, Move(W), NoOp, NoOp, NoOp, NoOp, NoOp, NoOp];0
[NoOp, Move(W), NoOp, NoOp, NoOp, NoOp, NoOp, NoOp];0
[NoOp, Move(W), NoOp, NoOp, NoOp, NoOp, NoOp, NoOp];0
[NoOp, Move(W), NoOp, NoOp, NoOp, NoOp, NoOp, NoOp];0
[NoOp, Move(W), NoOp, NoOp, NoOp, NoOp, NoOp, NoOp];0
[NoOp, Move(W), NoOp, NoOp, NoOp, NoOp, NoOp, NoOp];0
[NoOp, Move(W), NoOp, NoOp, NoOp, NoOp, NoOp, NoOp];0
[NoOp, Move(N), NoOp, NoOp, NoOp, NoOp, NoOp, NoOp];0
[NoOp, Move(N), NoOp, NoOp, NoOp, NoOp, NoOp, NoOp];0
[NoOp, Move(N), NoOp, NoOp, NoOp, NoOp, NoOp, NoOp];0
[NoOp, Move(N), NoOp, NoOp, NoOp, NoOp, NoOp, NoOp];0
[NoOp, Move(N), NoOp, NoOp, NoOp, NoOp, NoOp, NoOp];0
[NoOp, Move(N), NoOp, NoOp, NoOp, NoOp, NoOp, NoOp];0
[NoOp, Move(N), NoOp, NoOp, NoOp, NoOp, NoOp, NoOp];0
[NoOp, Move(N), NoOp, NoOp, NoOp, NoOp, NoOp, NoOp];0
[NoOp, Move(N), NoOp, NoOp, NoOp, NoOp, NoOp, NoOp];0
[NoOp, Move(W), NoOp, NoOp, NoOp, NoOp, NoOp, NoOp];0
[NoOp, Move(W), NoOp, NoOp, NoOp, NoOp, NoOp, NoOp];0
[NoOp, Move(W), NoOp, NoOp, NoOp, NoOp, NoOp, NoOp];0
[NoOp, Move(W), NoOp, NoOp, NoOp, NoOp, NoOp, NoOp];0
[NoOp, Move(W), NoOp, NoOp, NoOp, NoOp, NoOp, NoOp];0
[NoOp, Move(W), NoOp, NoOp, NoOp, NoOp, NoOp, NoOp];0
[NoOp, Move(W), NoOp, NoOp, NoOp, NoOp, NoOp, NoOp];0
[NoOp, Pull(N,W), NoOp, NoOp, NoOp, NoOp, NoOp, NoOp];0
[NoOp, Push(S,E), NoOp, NoOp, NoOp, NoOp, NoOp, NoOp];0
[NoOp, Push(E,E), NoOp, NoOp, NoOp, NoOp, NoOp, NoOp];0
[NoOp, Push(E,E), NoOp, NoOp, NoOp, NoOp, NoOp, NoOp];0
[NoOp, Push(E,E), NoOp, NoOp, NoOp, NoOp, NoOp, NoOp];0
[NoOp, Push(E,E), NoOp, NoOp, NoOp, NoOp, NoOp, NoOp];0
[NoOp, Push(E,E), NoOp, NoOp, NoOp, NoOp, NoOp, NoOp];0
[NoOp, Push(E,E), NoOp, NoOp, NoOp, NoOp, NoOp, NoOp];0
[NoOp, Push(E,E), NoOp, NoOp, NoOp, NoOp, NoOp, NoOp];0
[NoOp, Push(E,E), NoOp, NoOp, NoOp, NoOp, NoOp, NoOp];0
[NoOp, Push(E,E), NoOp, NoOp, NoOp, NoOp, NoOp, NoOp];0
[NoOp, Push(E,E), NoOp, NoOp, NoOp, NoOp, NoOp, NoOp];0
[NoOp, Push(E,E), NoOp, NoOp, NoOp, NoOp, NoOp, NoOp];0
[NoOp, Push(E,E), NoOp, NoOp, NoOp, NoOp, NoOp, NoOp];0
[NoOp, Push(E,E), NoOp, NoOp, NoOp, NoOp, NoOp, NoOp];0
[NoOp, NoOp, Move(N), NoOp, NoOp, NoOp, NoOp, NoOp];0
[NoOp, NoOp, Move(W), NoOp, NoOp, NoOp, NoOp, NoOp];0
[NoOp, NoOp, Move(W), NoOp, NoOp, NoOp, NoOp, NoOp];0
[NoOp, NoOp, Move(W), NoOp, NoOp, NoOp, NoOp, NoOp];0
[NoOp, NoOp, Move(W), NoOp, NoOp, NoOp, NoOp, NoOp];0
[NoOp, NoOp, Move(W), NoOp, NoOp, NoOp, NoOp, NoOp];0
[NoOp, NoOp, Move(W), NoOp, NoOp, NoOp, NoOp, NoOp];0
[NoOp, NoOp, Move(W), NoOp, NoOp, NoOp, NoOp, NoOp];0
[NoOp, NoOp, Move(W), NoOp, NoOp, NoOp, NoOp, NoOp];0
[NoOp, NoOp, Move(W), NoOp, NoOp, NoOp, NoOp, NoOp];0
[NoOp, NoOp, Move(W), NoOp, NoOp, NoOp, NoOp, NoOp];0
[NoOp, NoOp, Move(W), NoOp, NoOp, NoOp, NoOp, NoOp];0
[NoOp, NoOp, Move(W), NoOp, NoOp, NoOp, NoOp, NoOp];0
[NoOp, NoOp, Move(W), NoOp, NoOp, NoOp, NoOp, NoOp];0
[NoOp, NoOp, Move(W), NoOp, NoOp, NoOp, NoOp, NoOp];0
[NoOp, NoOp, Move(N), NoOp, NoOp, NoOp, NoOp, NoOp];0
[NoOp, NoOp, Move(N), NoOp, NoOp, NoOp, NoOp, NoOp];0
[NoOp, NoOp, Move(N), NoOp, NoOp, NoOp, NoOp, NoOp];0
[NoOp, NoOp, Move(N), NoOp, NoOp, NoOp, NoOp, NoOp];0
[NoOp, NoOp, Move(N), NoOp, NoOp, NoOp, NoOp, NoOp];0
[NoOp, NoOp, Move(N), NoOp, NoOp, NoOp, NoOp, NoOp];0
[NoOp, NoOp, Move(N), NoOp, NoOp, NoOp, NoOp, NoOp];0
[NoOp, NoOp, Move(N), NoOp, NoOp, NoOp, NoOp, NoOp];0
[NoOp, NoOp, Move(N), NoOp, NoOp, NoOp, NoOp, NoOp];16
[NoOp, NoOp, Move(W), NoOp, NoOp, NoOp, NoOp, NoOp];0
[NoOp, NoOp, Move(W), NoOp, NoOp, NoOp, NoOp, NoOp];0
[NoOp, NoOp, Move(W), NoOp, NoOp, NoOp, NoOp, NoOp];0
[NoOp, NoOp, Move(W), NoOp, NoOp, NoOp, NoOp, NoOp];0
[NoOp, NoOp, Move(W), NoOp, NoOp, NoOp, NoOp, NoOp];0
[NoOp, NoOp, Move(W), NoOp, NoOp, NoOp, NoOp, NoOp];0
[NoOp, NoOp, Move(S), NoOp, NoOp, NoOp, NoOp, NoOp];0
[NoOp, NoOp, Move(W), NoOp, NoOp, NoOp, NoOp, NoOp];0
[NoOp, Move(S), NoOp, NoOp, NoOp, NoOp, NoOp, NoOp];15
[NoOp, Move(S), NoOp, NoOp, NoOp, NoOp, NoOp, NoOp];0
[NoOp, NoOp, Push(W,N), NoOp, NoOp, NoOp, NoOp, NoOp];16
[NoOp, NoOp, Push(N,E), NoOp, NoOp, NoOp, NoOp, NoOp];0
[NoOp, NoOp, Push(E,E), NoOp, NoOp, NoOp, NoOp, NoOp];0
[NoOp, NoOp, Push(E,E), NoOp, NoOp, NoOp, NoOp, NoOp];0
[NoOp, NoOp, Push(E,E), NoOp, NoOp, NoOp, NoOp, NoOp];0
[NoOp, NoOp, Push(E,E), NoOp, NoOp, NoOp, NoOp, NoOp];0
[NoOp, NoOp, Push(E,E), NoOp, NoOp, NoOp, NoOp, NoOp];0
[NoOp, NoOp, Push(E,E), NoOp, NoOp, NoOp, NoOp, NoOp];0
[NoOp, NoOp, Push(E,E), NoOp, NoOp, NoOp, NoOp, NoOp];0
[NoOp, NoOp, Push(E,E), NoOp, NoOp, NoOp, NoOp, NoOp];0
[NoOp, NoOp, Push(E,E), NoOp, NoOp, NoOp, NoOp, NoOp];0
[NoOp, NoOp, Push(E,E), NoOp, NoOp, NoOp, NoOp, NoOp];0
[NoOp, NoOp, Push(E,E), NoOp, NoOp, NoOp, NoOp, NoOp];0
[NoOp, NoOp, Push(E,E), NoOp, NoOp, NoOp, NoOp, NoOp];0
[NoOp, NoOp, Push(E,E), NoOp, NoOp, NoOp, NoOp, NoOp];0
[NoOp, NoOp, Push(E,S), NoOp, NoOp, NoOp, NoOp, NoOp];0
[NoOp, NoOp, Push(S,E), NoOp, NoOp, NoOp, NoOp, NoOp];0
[NoOp, NoOp, NoOp, Move(S), NoOp, NoOp, NoOp, NoOp];0
[NoOp, NoOp, NoOp, Move(W), NoOp, NoOp, NoOp, NoOp];0
[NoOp, NoOp, NoOp, Move(W), NoOp, NoOp, NoOp, NoOp];0
[NoOp, NoOp, NoOp, Move(W), NoOp, NoOp, NoOp, NoOp];0
[NoOp, NoOp, NoOp, Move(W), NoOp, NoOp, NoOp, NoOp];0
[NoOp, NoOp, NoOp, Move(W), NoOp, NoOp, NoOp, NoOp];0
[NoOp, NoOp, NoOp, Move(W), NoOp, NoOp, NoOp, NoOp];0
[NoOp, NoOp, NoOp, Move(W), NoOp, NoOp, NoOp, NoOp];0
[NoOp, NoOp, NoOp, Move(W), NoOp, NoOp, NoOp, NoOp];0
[NoOp, NoOp, NoOp, Move(W), NoOp, NoOp, NoOp, NoOp];0
[NoOp, NoOp, NoOp, Move(W), NoOp, NoOp, NoOp, NoOp];0
[NoOp, NoOp, NoOp, Move(W), NoOp, NoOp, NoOp, NoOp];0
[NoOp, NoOp, NoOp, Move(W), NoOp, NoOp, NoOp, NoOp];0
[NoOp, NoOp, NoOp, Move(W), NoOp, NoOp, NoOp, NoOp];0
[NoOp, NoOp, NoOp, Move(N), NoOp, NoOp, NoOp, NoOp];0
[NoOp, NoOp, NoOp, Move(N), NoOp, NoOp, NoOp, NoOp];0
[NoOp, NoOp, NoOp, Move(N), NoOp, NoOp, NoOp, NoOp];0
[NoOp, NoOp, NoOp, Move(N), NoOp, NoOp, NoOp, NoOp];0
[NoOp, NoOp, NoOp, Move(N), NoOp, NoOp, NoOp, NoOp];0
[NoOp, NoOp, NoOp, Move(N), NoOp, NoOp, NoOp, NoOp];0
[NoOp, NoOp, NoOp, Move(N), NoOp, NoOp, NoOp, NoOp];0
[NoOp, NoOp, NoOp, Move(N), NoOp, NoOp, NoOp, NoOp];0
[NoOp, NoOp, NoOp, Move(N), NoOp, NoOp, NoOp, NoOp];0
[NoOp, NoOp, NoOp, Move(W), NoOp, NoOp, NoOp, NoOp];0
[NoOp, NoOp, NoOp, Move(W), NoOp, NoOp, NoOp, NoOp];0
[NoOp, NoOp, NoOp, Move(W), NoOp, NoOp, NoOp, NoOp];0
[NoOp, NoOp, NoOp, Move(W), NoOp, NoOp, NoOp, NoOp];0
[NoOp, NoOp, NoOp, Move(W), NoOp, NoOp, NoOp, NoOp];0
[NoOp, NoOp, NoOp, Move(W), NoOp, NoOp, NoOp, NoOp];0
[NoOp, NoOp, NoOp, Move(S), NoOp, NoOp, NoOp, NoOp];0
[NoOp, NoOp, NoOp, Move(S), NoOp, NoOp, NoOp, NoOp];0
[NoOp, NoOp, NoOp, Move(W), NoOp, NoOp, NoOp, NoOp];0
[Move(S), NoOp, NoOp, NoOp, NoOp, NoOp, NoOp, NoOp];31
[Move(W), NoOp, NoOp, NoOp, NoOp, NoOp, NoOp, NoOp];0
[Move(W), NoOp, NoOp, NoOp, NoOp, NoOp, NoOp, NoOp];0
[Move(W), NoOp, NoOp, NoOp, NoOp, NoOp, NoOp, NoOp];0
[Move(W), NoOp, NoOp, NoOp, NoOp, NoOp, NoOp, NoOp];0
[Move(W), NoOp, NoOp, NoOp, NoOp, NoOp, NoOp, NoOp];0
[Move(W), NoOp, NoOp, NoOp, NoOp, NoOp, NoOp, NoOp];0
[Move(N), NoOp, NoOp, NoOp, NoOp, NoOp, NoOp, NoOp];0
[NoOp, NoOp, NoOp, Push(W,N), NoOp, NoOp, NoOp, NoOp];15
[NoOp, NoOp, NoOp, Push(N,N), NoOp, NoOp, NoOp, NoOp];0
[NoOp, NoOp, NoOp, Push(N,E), NoOp, NoOp, NoOp, NoOp];0
[NoOp, NoOp, NoOp, Push(E,E), NoOp, NoOp, NoOp, NoOp];0
[NoOp, NoOp, NoOp, Push(E,E), NoOp, NoOp, NoOp, NoOp];0
[NoOp, NoOp, NoOp, Push(E,E), NoOp, NoOp, NoOp, NoOp];0
[NoOp, NoOp, NoOp, Push(E,E), NoOp, NoOp, NoOp, NoOp];0
[NoOp, NoOp, NoOp, Push(E,E), NoOp, NoOp, NoOp, NoOp];0
[NoOp, NoOp, NoOp, Push(E,E), NoOp, NoOp, NoOp, NoOp];0
[NoOp, NoOp, NoOp, Push(E,E), NoOp, NoOp, NoOp, NoOp];0
[NoOp, NoOp, NoOp, Push(E,E), NoOp, NoOp, NoOp, NoOp];0
[NoOp, NoOp, NoOp, Push(E,E), NoOp, NoOp, NoOp, NoOp];0
[NoOp, NoOp, NoOp, Push(E,E), NoOp, NoOp, NoOp, NoOp];0
[NoOp, NoOp, NoOp, Push(E,E), NoOp, NoOp, NoOp, NoOp];0
[NoOp, NoOp, NoOp, Push(E,E), NoOp, NoOp, NoOp, NoOp];0
[NoOp, NoOp, NoOp, Push(E,E), NoOp, NoOp, NoOp, NoOp];0
[NoOp, NoOp, NoOp, Push(E,N), NoOp, NoOp, NoOp, NoOp];0
[NoOp, NoOp, NoOp, Push(N,N), NoOp, NoOp, NoOp, NoOp];0
[NoOp, NoOp, NoOp, Push(N,E), NoOp, NoOp, NoOp, NoOp];0
[NoOp, NoOp, NoOp, Push(E,E), NoOp, NoOp, NoOp, NoOp];0
[NoOp, NoOp, NoOp, Push(E,E), NoOp, NoOp, NoOp, NoOp];0
[NoOp, NoOp, NoOp, Push(E,S), NoOp, NoOp, NoOp, NoOp];0
[NoOp, NoOp, NoOp, Push(S,S), NoOp, NoOp, NoOp, NoOp];0
[NoOp, NoOp, NoOp, Push(S,S), NoOp, NoOp, NoOp, NoOp];0
[NoOp, NoOp, NoOp, Push(S,S), NoOp, NoOp, NoOp, NoOp];0
[NoOp, NoOp, NoOp, Push(S,S), NoOp, NoOp, NoOp, NoOp];0
[NoOp, NoOp, NoOp, Push(S,W), NoOp, NoOp, NoOp, NoOp];0
[NoOp, NoOp, NoOp, Push(W,W), NoOp, NoOp, NoOp, NoOp];0
[NoOp, NoOp, NoOp, Push(W,N), NoOp, NoOp, NoOp, NoOp];0
[NoOp, NoOp, NoOp, NoOp, Move(N), NoOp, NoOp, NoOp];0
[NoOp, NoOp, NoOp, NoOp, Move(W), NoOp, NoOp, NoOp];0
[NoOp, NoOp, NoOp, NoOp, Move(W), NoOp, NoOp, NoOp];0
[NoOp, NoOp, NoOp, NoOp, Move(W), NoOp, NoOp, NoOp];0
[NoOp, NoOp, NoOp, NoOp, Move(W), NoOp, NoOp, NoOp];0
[NoOp, NoOp, NoOp, NoOp, Move(W), NoOp, NoOp, NoOp];0
[NoOp, NoOp, NoOp, NoOp, Move(W), NoOp, NoOp, NoOp];0
[NoOp, NoOp, NoOp, NoOp, Move(W), NoOp, NoOp, NoOp];0
[NoOp, NoOp, NoOp, NoOp, Move(W), NoOp, NoOp, NoOp];0
[NoOp, NoOp, NoOp, NoOp, Move(W), NoOp, NoOp, NoOp];0
[NoOp, NoOp, NoOp, NoOp, Move(W), NoOp, NoOp, NoOp];0
[NoOp, NoOp, NoOp, NoOp, Move(W), NoOp, NoOp, NoOp];0
[NoOp, NoOp, NoOp, NoOp, Move(W), NoOp, NoOp, NoOp];0
[NoOp, NoOp, NoOp, NoOp, Move(N), NoOp, NoOp, NoOp];0
[NoOp, NoOp, NoOp, NoOp, Move(N), NoOp, NoOp, NoOp];0
[NoOp, NoOp, NoOp, NoOp, Move(N), NoOp, NoOp, NoOp];0
[NoOp, NoOp, NoOp, NoOp, Move(N), NoOp, NoOp, NoOp];0
[NoOp, NoOp, NoOp, NoOp, Move(N), NoOp, NoOp, NoOp];0
[NoOp, NoOp, NoOp, NoOp, Move(N), NoOp, NoOp, NoOp];0
[NoOp, NoOp, NoOp, NoOp, Move(N), NoOp, NoOp, NoOp];0
[NoOp, NoOp, NoOp, NoOp, Move(N), NoOp, NoOp, NoOp];0
[NoOp, NoOp, NoOp, NoOp, Move(N), NoOp, NoOp, NoOp];0
[NoOp, NoOp, NoOp, NoOp, Move(E), NoOp, NoOp, NoOp];0
[NoOp, NoOp, NoOp, NoOp, Move(E), NoOp, NoOp, NoOp];0
[NoOp, NoOp, NoOp, NoOp, Move(E), NoOp, NoOp, NoOp];0
[NoOp, NoOp, NoOp, NoOp, Move(E), NoOp, NoOp, NoOp];0
[NoOp, NoOp, NoOp, NoOp, Move(E), NoOp, NoOp, NoOp];0
[NoOp, NoOp, NoOp, NoOp, Move(E), NoOp, NoOp, NoOp];0
[NoOp, NoOp, NoOp, NoOp, Move(N), NoOp, NoOp, NoOp];0
[NoOp, NoOp, NoOp, NoOp, Move(N), NoOp, NoOp, NoOp];0
[NoOp, NoOp, NoOp, NoOp, Move(E), NoOp, NoOp, NoOp];0
[NoOp, NoOp, NoOp, NoOp, Move(E), NoOp, NoOp, NoOp];0
[NoOp, NoOp, NoOp, NoOp, Pull(W,S), NoOp, NoOp, NoOp];16
[NoOp, NoOp, NoOp, NoOp, Pull(W,E), NoOp, NoOp, NoOp];0
[NoOp, NoOp, NoOp, NoOp, Pull(S,E), NoOp, NoOp, NoOp];0
[NoOp, NoOp, NoOp, NoOp, Pull(S,N), NoOp, NoOp, NoOp];0
[NoOp, NoOp, NoOp, NoOp, Pull(W,N), NoOp, NoOp, NoOp];0
[NoOp, NoOp, NoOp, NoOp, Pull(W,E), NoOp, NoOp, NoOp];0
[NoOp, NoOp, NoOp, NoOp, Pull(W,E), NoOp, NoOp, NoOp];0
[NoOp, NoOp, NoOp, NoOp, Pull(W,E), NoOp, NoOp, NoOp];0
[NoOp, NoOp, NoOp, NoOp, Pull(W,E), NoOp, NoOp, NoOp];0
[NoOp, NoOp, NoOp, NoOp, Pull(W,E), NoOp, NoOp, NoOp];0
[NoOp, NoOp, NoOp, NoOp, Pull(S,E), NoOp, NoOp, NoOp];0
[NoOp, NoOp, NoOp, NoOp, Push(N,W), NoOp, NoOp, NoOp];0
[NoOp, NoOp, NoOp, NoOp, Push(W,W), NoOp, NoOp, NoOp];0
[NoOp, NoOp, NoOp, NoOp, Push(W,W), NoOp, NoOp, NoOp];0
[NoOp, NoOp, NoOp, NoOp, Push(W,W), NoOp, NoOp, NoOp];0
[NoOp, NoOp, NoOp, NoOp, Push(W,W), NoOp, NoOp, NoOp];0
[NoOp, NoOp, NoOp, NoOp, Push(W,W), NoOp, NoOp, NoOp];0
[NoOp, NoOp, NoOp, NoOp, Push(W,N), NoOp, NoOp, NoOp];0
[NoOp, NoOp, NoOp, NoOp, Push(N,W), NoOp, NoOp, NoOp];0
[NoOp, NoOp, NoOp, NoOp, NoOp, Move(S), NoOp, NoOp];0
[NoOp, NoOp, NoOp, NoOp, NoOp, Move(W), NoOp, NoOp];0
[NoOp, NoOp, NoOp, NoOp, NoOp, Move(W), NoOp, NoOp];0
[NoOp, NoOp, NoOp, NoOp, NoOp, Move(W), NoOp, NoOp];0
[NoOp, NoOp, NoOp, NoOp, NoOp, Move(W), NoOp, NoOp];0
[NoOp, NoOp, NoOp, NoOp, NoOp, Move(W), NoOp, NoOp];0
[NoOp, NoOp, NoOp, NoOp, NoOp, Move(W), NoOp, NoOp];0
[NoOp, NoOp, NoOp, NoOp, NoOp, Move(W), NoOp, NoOp];0
[NoOp, NoOp, NoOp, NoOp, NoOp, Move(W), NoOp, NoOp];0
[NoOp, NoOp, NoOp, NoOp, NoOp, Move(W), NoOp, NoOp];0
[NoOp, NoOp, NoOp, NoOp, NoOp, Move(W), NoOp, NoOp];0
[NoOp, NoOp, NoOp, NoOp, NoOp, Move(W), NoOp, NoOp];0
[NoOp, NoOp, NoOp, NoOp, NoOp, Move(N), NoOp, NoOp];0
[NoOp, NoOp, NoOp, NoOp, NoOp, Move(N), NoOp, NoOp];0
[NoOp, NoOp, NoOp, NoOp, NoOp, Move(N), NoOp, NoOp];0
[NoOp, NoOp, NoOp, NoOp, NoOp, Move(N), NoOp, NoOp];0
[NoOp, NoOp, NoOp, NoOp, NoOp, Move(N), NoOp, NoOp];0
[NoOp, NoOp, NoOp, NoOp, NoOp, Move(N), NoOp, NoOp];0
[NoOp, NoOp, NoOp, NoOp, NoOp, Move(N), NoOp, NoOp];0
[NoOp, NoOp, NoOp, NoOp, NoOp, Move(N), NoOp, NoOp];0
[NoOp, NoOp, NoOp, NoOp, NoOp, Move(N), NoOp, NoOp];0
[NoOp, NoOp, NoOp, NoOp, NoOp, Move(E), NoOp, NoOp];0
[NoOp, NoOp, NoOp, NoOp, NoOp, Move(E), NoOp, NoOp];0
[NoOp, NoOp, NoOp, NoOp, NoOp, Move(E), NoOp, NoOp];0
[NoOp, NoOp, NoOp, NoOp, NoOp, Move(E), NoOp, NoOp];0
[NoOp, NoOp, NoOp, NoOp, NoOp, Move(E), NoOp, NoOp];0
[NoOp, NoOp, NoOp, NoOp, NoOp, Move(E), NoOp, NoOp];0
[NoOp, NoOp, NoOp, NoOp, NoOp, Move(N), NoOp, NoOp];0
[NoOp, NoOp, NoOp, NoOp, NoOp, Move(N), NoOp, NoOp];0
[NoOp, NoOp, NoOp, NoOp, NoOp, Move(E), NoOp, NoOp];0
[NoOp, NoOp, NoOp, NoOp, NoOp, Move(E), NoOp, NoOp];0
[NoOp, NoOp, NoOp, NoOp, NoOp, Move(S), NoOp, NoOp];0
[NoOp, NoOp, NoOp, NoOp, NoOp, Pull(E,S), NoOp, NoOp];0
[NoOp, NoOp, NoOp, NoOp, NoOp, Push(W,N), NoOp, NoOp];0
[NoOp, NoOp, NoOp, NoOp, NoOp, Push(N,W), NoOp, NoOp];0
[NoOp, NoOp, NoOp, NoOp, NoOp, Push(W,W), NoOp, NoOp];0
[NoOp, NoOp, NoOp, NoOp, NoOp, Push(W,S), NoOp, NoOp];0
[NoOp, NoOp, NoOp, NoOp, NoOp, Push(S,S), NoOp, NoOp];0
[NoOp, NoOp, NoOp, NoOp, NoOp, Push(S,W), NoOp, NoOp];0
[NoOp, NoOp, NoOp, NoOp, NoOp, Push(W,W), NoOp, NoOp];16
[NoOp, NoOp, NoOp, NoOp, NoOp, Push(W,W), NoOp, NoOp];0
[NoOp, NoOp, NoOp, NoOp, NoOp, Push(W,W), NoOp, NoOp];0
[NoOp, NoOp, NoOp, NoOp, NoOp, Push(W,W), NoOp, NoOp];0
[NoOp, NoOp, NoOp, NoOp, NoOp, Push(W,W), NoOp, NoOp];0
[NoOp, NoOp, NoOp, NoOp, NoOp, Push(W,W), NoOp, NoOp];0
[NoOp, NoOp, NoOp, NoOp, NoOp, Push(W,W), NoOp, NoOp];0
[NoOp, NoOp, NoOp, NoOp, NoOp, Push(W,W), NoOp, NoOp];0
[NoOp, NoOp, NoOp, NoOp, NoOp, Push(W,W), NoOp, NoOp];0
[NoOp, NoOp, NoOp, NoOp, NoOp, Push(W,W), NoOp, NoOp];0
[NoOp, NoOp, NoOp, NoOp, NoOp, Push(W,W), NoOp, NoOp];0
[NoOp, NoOp, NoOp, NoOp, NoOp, Push(W,W), NoOp, NoOp];0
[Move(S), NoOp, NoOp, NoOp, NoOp, NoOp, NoOp, NoOp];0
[Move(S), NoOp, NoOp, NoOp, NoOp, NoOp, NoOp, NoOp];0
[NoOp, NoOp, NoOp, NoOp, NoOp, NoOp, Move(S), NoOp];0
[NoOp, NoOp, NoOp, NoOp, NoOp, NoOp, Move(S), NoOp];0
[NoOp, NoOp, NoOp, NoOp, NoOp, NoOp, Move(S), NoOp];0
[NoOp, NoOp, NoOp, NoOp, NoOp, NoOp, Move(S), NoOp];0
[NoOp, NoOp, NoOp, NoOp, NoOp, NoOp, Move(S), NoOp];0
[NoOp, NoOp, NoOp, NoOp, NoOp, NoOp, Move(S), NoOp];0
[NoOp, NoOp, NoOp, NoOp, NoOp, NoOp, Move(S), NoOp];0
[NoOp, NoOp, NoOp, NoOp, NoOp, NoOp, Move(S), NoOp];0
[NoOp, NoOp, NoOp, NoOp, NoOp, NoOp, Move(E), NoOp];0
[NoOp, NoOp, NoOp, NoOp, NoOp, NoOp, Move(E), NoOp];0
[NoOp, NoOp, NoOp, NoOp, NoOp, NoOp, Move(E), NoOp];0
[NoOp, NoOp, NoOp, NoOp, NoOp, NoOp, Move(E), NoOp];0
[NoOp, NoOp, NoOp, NoOp, NoOp, NoOp, Move(E), NoOp];0
[NoOp, NoOp, NoOp, NoOp, NoOp, NoOp, Move(E), NoOp];0
[NoOp, NoOp, NoOp, NoOp, NoOp, NoOp, Move(N), NoOp];0
[NoOp, NoOp, NoOp, NoOp, NoOp, NoOp, Move(N), NoOp];0
[NoOp, NoOp, NoOp, NoOp, NoOp, NoOp, Move(E), NoOp];0
[NoOp, NoOp, NoOp, NoOp, NoOp, NoOp, Move(E), NoOp];0
[NoOp, NoOp, NoOp, NoOp, NoOp, NoOp, Move(S), NoOp];0
[NoOp, NoOp, NoOp, NoOp, NoOp, NoOp, Move(S), NoOp];0
[NoOp, NoOp, NoOp, NoOp, NoOp, Move(S), NoOp, NoOp];0
[NoOp, NoOp, NoOp, NoOp, NoOp, Move(S), NoOp, NoOp];0
[NoOp, NoOp, NoOp, NoOp, NoOp, NoOp, Pull(N,S), NoOp];15
[NoOp, NoOp, NoOp, NoOp, NoOp, NoOp, Pull(N,S), NoOp];0
[NoOp, NoOp, NoOp, NoOp, NoOp, NoOp, Pull(E,S), NoOp];0
[NoOp, NoOp, NoOp, NoOp, NoOp, NoOp, Push(W,W), NoOp];0
[NoOp, NoOp, NoOp, NoOp, NoOp, NoOp, Push(W,W), NoOp];0
[NoOp, NoOp, NoOp, NoOp, NoOp, NoOp, Push(W,S), NoOp];0
[NoOp, NoOp, NoOp, NoOp, NoOp, NoOp, Push(S,S), NoOp];0
[NoOp, NoOp, NoOp, NoOp, NoOp, NoOp, Push(S,W), NoOp];0
[NoOp, NoOp, NoOp, NoOp, NoOp, NoOp, Push(W,W), NoOp];0
[NoOp, NoOp, NoOp, NoOp, NoOp, NoOp, Push(W,W), NoOp];0
[NoOp, NoOp, NoOp, NoOp, NoOp, NoOp, Push(W,W), NoOp];0
[NoOp, NoOp, NoOp, NoOp, NoOp, NoOp, Push(W,W), NoOp];0
[NoOp, NoOp, NoOp, NoOp, NoOp, NoOp, Push(W,W), NoOp];0
[NoOp, NoOp, NoOp, NoOp, NoOp, NoOp, Push(W,W), NoOp];0
[NoOp, NoOp, NoOp, NoOp, NoOp, NoOp, Push(W,W), NoOp];0
[NoOp, NoOp, NoOp, NoOp, NoOp, NoOp, Push(W,W), NoOp];0
[NoOp, NoOp, NoOp, NoOp, NoOp, NoOp, Push(W,W), NoOp];0
[NoOp, NoOp, NoOp, NoOp, NoOp, NoOp, Push(W,W), NoOp];0
[NoOp, NoOp, NoOp, NoOp, NoOp, NoOp, Push(W,W), NoOp];0
[NoOp, NoOp, NoOp, NoOp, NoOp, NoOp, Push(W,S), NoOp];0
[NoOp, NoOp, NoOp, NoOp, NoOp, NoOp, Push(S,W), NoOp];0
[Move(N), NoOp, NoOp, NoOp, NoOp, NoOp, NoOp, NoOp];0
[Move(N), NoOp, NoOp, NoOp, NoOp, NoOp, NoOp, NoOp];0
[NoOp, NoOp, NoOp, NoOp, NoOp, NoOp, NoOp, Move(S)];0
[NoOp, NoOp, NoOp, NoOp, NoOp, NoOp, NoOp, Move(W)];0
[NoOp, NoOp, NoOp, NoOp, NoOp, NoOp, NoOp, Move(W)];0
[NoOp, NoOp, NoOp, NoOp, NoOp, NoOp, NoOp, Move(W)];0
[NoOp, NoOp, NoOp, NoOp, NoOp, NoOp, NoOp, Move(W)];0
[NoOp, NoOp, NoOp, NoOp, NoOp, NoOp, NoOp, Move(W)];0
[NoOp, NoOp, NoOp, NoOp, NoOp, NoOp, NoOp, Move(W)];0
[NoOp, NoOp, NoOp, NoOp, NoOp, NoOp, NoOp, Move(W)];0
[NoOp, NoOp, NoOp, NoOp, NoOp, NoOp, NoOp, Move(W)];0
[NoOp, NoOp, NoOp, NoOp, NoOp, NoOp, NoOp, Move(W)];0
[NoOp, NoOp, NoOp, NoOp, NoOp, NoOp, NoOp, Move(N)];0
[NoOp, NoOp, NoOp, NoOp, NoOp, NoOp, NoOp, Move(N)];0
[NoOp, NoOp, NoOp, NoOp, NoOp, NoOp, NoOp, Move(N)];0
[NoOp, NoOp, NoOp, NoOp, NoOp, NoOp, NoOp, Move(N)];0
[NoOp, NoOp, NoOp, NoOp, NoOp, NoOp, NoOp, Move(N)];0
[NoOp, NoOp, NoOp, NoOp, NoOp, NoOp, NoOp, Move(N)];0
[NoOp, NoOp, NoOp, NoOp, NoOp, NoOp, NoOp, Move(N)];0
[NoOp, NoOp, NoOp, NoOp, NoOp, NoOp, NoOp, Move(N)];0
[NoOp, NoOp, NoOp, NoOp, NoOp, NoOp, NoOp, Move(N)];0
[NoOp, NoOp, NoOp, NoOp, NoOp, NoOp, NoOp, Move(E)];0
[NoOp, NoOp, NoOp, NoOp, NoOp, NoOp, NoOp, Move(E)];0
[NoOp, NoOp, NoOp, NoOp, NoOp, NoOp, NoOp, Move(E)];0
[NoOp, NoOp, NoOp, NoOp, NoOp, NoOp, NoOp, Move(E)];0
[NoOp, NoOp, NoOp, NoOp, NoOp, NoOp, NoOp, Move(E)];0
[NoOp, NoOp, NoOp, NoOp, NoOp, NoOp, NoOp, Move(E)];0
[NoOp, NoOp, NoOp, NoOp, NoOp, NoOp, NoOp, Move(N)];0
[NoOp, NoOp, NoOp, NoOp, NoOp, NoOp, NoOp, Move(N)];0
[NoOp, NoOp, NoOp, NoOp, NoOp, NoOp, NoOp, Move(E)];0
[NoOp, NoOp, NoOp, NoOp, NoOp, NoOp, NoOp, Move(E)];0
[NoOp, NoOp, NoOp, NoOp, NoOp, NoOp, NoOp, Move(S)];0
[NoOp, NoOp, NoOp, NoOp, NoOp, NoOp, NoOp, Move(S)];0
[NoOp, NoOp, NoOp, NoOp, NoOp, NoOp, NoOp, Move(S)];0
[NoOp, NoOp, NoOp, NoOp, Move(N), NoOp, NoOp, NoOp];16
[NoOp, NoOp, NoOp, NoOp, Move(W), NoOp, NoOp, NoOp];0
[NoOp, NoOp, NoOp, NoOp, Move(W), NoOp, NoOp, NoOp];0
[NoOp, NoOp, NoOp, NoOp, Move(W), NoOp, NoOp, NoOp];0
[NoOp, NoOp, NoOp, NoOp, NoOp, NoOp, NoOp, Pull(N,S)];15
[NoOp, NoOp, NoOp, NoOp, NoOp, NoOp, NoOp, Pull(N,S)];0
[NoOp, NoOp, NoOp, NoOp, NoOp, NoOp, NoOp, Pull(E,S)];0
[NoOp, NoOp, NoOp, NoOp, NoOp, NoOp, NoOp, Push(W,N)];0
[NoOp, NoOp, NoOp, NoOp, NoOp, NoOp, NoOp, Push(N,W)];0
[NoOp, NoOp, NoOp, NoOp, NoOp, NoOp, NoOp, Push(W,W)];0
[NoOp, NoOp, NoOp, NoOp, NoOp, NoOp, NoOp, Push(W,S)];0
[NoOp, NoOp, NoOp, NoOp, NoOp, NoOp, NoOp, Push(S,S)];0
[NoOp, NoOp, NoOp, NoOp, NoOp, NoOp, NoOp, Push(S,W)];0
[NoOp, NoOp, NoOp, NoOp, NoOp, NoOp, NoOp, Push(W,W)];0
[NoOp, NoOp, NoOp, NoOp, NoOp, NoOp, NoOp, Push(W,W)];0
[NoOp, NoOp, NoOp, NoOp, NoOp, NoOp, NoOp, Push(W,W)];0
[NoOp, NoOp, NoOp, NoOp, NoOp, NoOp, NoOp, Push(W,W)];0
[NoOp, NoOp, NoOp, NoOp, NoOp, NoOp, NoOp, Push(W,W)];0
[NoOp, NoOp, NoOp, NoOp, NoOp, NoOp, NoOp, Push(W,W)];0
[NoOp, NoOp, NoOp, NoOp, NoOp, NoOp, NoOp, Push(W,W)];0
[NoOp, NoOp, NoOp, NoOp, NoOp, NoOp, NoOp, Push(W,W)];0
[NoOp, NoOp, NoOp, NoOp, NoOp, NoOp, NoOp, Push(W,W)];0
[NoOp, NoOp, NoOp, NoOp, NoOp, NoOp, NoOp, Push(W,W)];0
[NoOp, NoOp, NoOp, NoOp, NoOp, NoOp, NoOp, Push(W,W)];0
[NoOp, NoOp, NoOp, NoOp, NoOp, NoOp, NoOp, Push(W,N)];0
[NoOp, NoOp, NoOp, NoOp, NoOp, NoOp, NoOp, Push(N,N)];0
[NoOp, NoOp, NoOp, NoOp, NoOp, NoOp, NoOp, Push(N,W)];0
[NoOp, NoOp, NoOp, NoOp, NoOp, NoOp, NoOp, Push(W,W)];0
[NoOp, NoOp, NoOp, NoOp, NoOp, NoOp, NoOp, Push(W,S)];0
[NoOp, NoOp, NoOp, NoOp, NoOp, NoOp, NoOp, Push(S,S)];0
[NoOp, NoOp, NoOp, NoOp, NoOp, NoOp, NoOp, Push(S,S)];0
[NoOp, NoOp, NoOp, NoOp, NoOp, NoOp, NoOp, Push(S,S)];0
[NoOp, NoOp, NoOp, NoOp, NoOp, NoOp, NoOp, Push(S,E)];0
119b173b5608596d045f2cd1413709ab72a4db82
successful
1197
1404
156572bf563b4efaaee2ab74142cf899769533c7
1495034592885
