green: 1,A,F,K,P,U
red: 0,B,G,L,Q,V
yellow: 2,C,H,M,R
blue: 3,D,I,N,S
pink: 4,E,J,O,T
++++++++++++++++
+0 A   E    B 2+
++++    O   ++++
+1   G    F    +
+  V    H   T+ +
+ P  K     I +C+
+ L     J    +3+
+    M     N +++
+ S R   Q   U  +
+g+j+m+p+s+v++D+
+f+i+l+o+r+u++ +
+e+h+k+n+q+t++4+
++++++++++++++++

[NoOp, Move(E), NoOp, NoOp, NoOp];229
[NoOp, Move(E), NoOp, NoOp, NoOp];0
[NoOp, Move(E), NoOp, NoOp, NoOp];0
[NoOp, Move(N), NoOp, NoOp, NoOp];0
[NoOp, Move(N), NoOp, NoOp, NoOp];0
[NoOp, Pull(E,W), NoOp, NoOp, NoOp];0
[NoOp, Push(W,S), NoOp, NoOp, NoOp];0
[NoOp, Move(E), NoOp, NoOp, NoOp];0
[NoOp, Move(S), NoOp, NoOp, NoOp];0
[Move(E), NoOp, NoOp, NoOp, NoOp];16
[Move(E), NoOp, NoOp, NoOp, NoOp];0
[Move(E), NoOp, NoOp, NoOp, NoOp];0
[Move(E), NoOp, NoOp, NoOp, NoOp];0
[Move(E), NoOp, NoOp, NoOp, NoOp];0
[Move(S), NoOp, NoOp, NoOp, NoOp];0
[Move(E), NoOp, NoOp, NoOp, NoOp];0
[Move(S), NoOp, NoOp, NoOp, NoOp];0
[Move(E), NoOp, NoOp, NoOp, NoOp];0
[Move(E), NoOp, NoOp, NoOp, NoOp];0
[Move(N), NoOp, NoOp, NoOp, NoOp];0
[Move(N), NoOp, NoOp, NoOp, NoOp];0
[Move(E), NoOp, NoOp, NoOp, NoOp];0
[Move(E), NoOp, NoOp, NoOp, NoOp];0
[Pull(S,E), NoOp, NoOp, NoOp, NoOp];0
[Push(N,W), NoOp, NoOp, NoOp, NoOp];0
[Move(S), NoOp, NoOp, NoOp, NoOp];0
[Move(W), NoOp, NoOp, NoOp, NoOp];0
[NoOp, NoOp, Move(W), NoOp, NoOp];0
[NoOp, NoOp, Move(W), NoOp, NoOp];15
[NoOp, NoOp, Move(W), NoOp, NoOp];0
[NoOp, NoOp, Move(S), NoOp, NoOp];0
[NoOp, NoOp, Move(S), NoOp, NoOp];0
[NoOp, NoOp, Move(S), NoOp, NoOp];0
[NoOp, NoOp, Move(W), NoOp, NoOp];0
[NoOp, NoOp, Move(W), NoOp, NoOp];0
[NoOp, NoOp, Push(W,S), NoOp, NoOp];16
[NoOp, NoOp, Push(S,W), NoOp, NoOp];0
[NoOp, NoOp, Push(W,S), NoOp, NoOp];0
[NoOp, NoOp, Push(S,S), NoOp, NoOp];0
[NoOp, NoOp, Push(S,S), NoOp, NoOp];0
[NoOp, NoOp, Push(S,W), NoOp, NoOp];0
[NoOp, NoOp, Push(W,W), NoOp, NoOp];0
[NoOp, NoOp, Move(N), NoOp, NoOp];0
[NoOp, NoOp, Push(W,N), NoOp, NoOp];0
[NoOp, NoOp, Pull(W,N), NoOp, NoOp];0
[NoOp, NoOp, Push(S,W), NoOp, NoOp];0
[NoOp, NoOp, Pull(N,E), NoOp, NoOp];0
[NoOp, NoOp, Pull(W,S), NoOp, NoOp];0
[NoOp, NoOp, Push(S,E), NoOp, NoOp];0
[NoOp, NoOp, Move(N), NoOp, NoOp];0
[NoOp, NoOp, Pull(N,E), NoOp, NoOp];0
[NoOp, NoOp, Push(S,S), NoOp, NoOp];0
[NoOp, NoOp, Push(S,S), NoOp, NoOp];0
[NoOp, NoOp, Push(S,S), NoOp, NoOp];0
[NoOp, NoOp, Push(S,S), NoOp, NoOp];0
[NoOp, NoOp, Move(N), NoOp, NoOp];0
[NoOp, NoOp, Move(N), NoOp, NoOp];0
[NoOp, NoOp, Move(N), NoOp, NoOp];0
[NoOp, NoOp, Move(N), NoOp, NoOp];0
[NoOp, NoOp, Move(N), NoOp, NoOp];0
[NoOp, NoOp, Move(E), NoOp, NoOp];0
[NoOp, NoOp, Move(N), NoOp, NoOp];0
[NoOp, NoOp, Move(E), NoOp, NoOp];0
[NoOp, NoOp, Move(E), NoOp, NoOp];0
[NoOp, NoOp, Move(N), NoOp, NoOp];0
[NoOp, NoOp, Move(E), NoOp, NoOp];0
[NoOp, NoOp, Move(E), NoOp, NoOp];0
[NoOp, NoOp, Move(E), NoOp, NoOp];0
[NoOp, NoOp, Move(S), NoOp, NoOp];0
[NoOp, NoOp, Move(E), NoOp, NoOp];0
[NoOp, NoOp, Move(E), NoOp, NoOp];0
[NoOp, NoOp, Move(N), NoOp, NoOp];0
[NoOp, NoOp, Move(E), NoOp, NoOp];0
[NoOp, NoOp, Move(E), NoOp, NoOp];0
[NoOp, NoOp, Move(E), NoOp, NoOp];0
[NoOp, NoOp, Move(S), NoOp, NoOp];0
[NoOp, NoOp, Pull(N,S), NoOp, NoOp];0
[NoOp, NoOp, Pull(W,S), NoOp, NoOp];0
[NoOp, NoOp, Pull(W,E), NoOp, NoOp];0
[NoOp, NoOp, Pull(W,E), NoOp, NoOp];0
[NoOp, NoOp, Pull(N,E), NoOp, NoOp];0
[NoOp, NoOp, Pull(N,S), NoOp, NoOp];0
[NoOp, NoOp, NoOp, Move(N), NoOp];15
[NoOp, NoOp, NoOp, Move(N), NoOp];0
[NoOp, NoOp, NoOp, Move(N), NoOp];0
[NoOp, NoOp, NoOp, Move(W), NoOp];0
[NoOp, NoOp, NoOp, Move(W), NoOp];0
[NoOp, NoOp, NoOp, Move(W), NoOp];0
[NoOp, NoOp, NoOp, Move(S), NoOp];0
[NoOp, NoOp, NoOp, Push(S,S), NoOp];16
[NoOp, NoOp, NoOp, Push(S,W), NoOp];0
[NoOp, NoOp, NoOp, Push(W,S), NoOp];0
[NoOp, NoOp, NoOp, Push(S,W), NoOp];0
[NoOp, NoOp, NoOp, Push(W,W), NoOp];0
[NoOp, NoOp, NoOp, Push(W,W), NoOp];0
[NoOp, NoOp, NoOp, Push(W,S), NoOp];0
[NoOp, NoOp, NoOp, Push(S,W), NoOp];0
[NoOp, NoOp, NoOp, Push(W,W), NoOp];0
[NoOp, NoOp, NoOp, Pull(N,W), NoOp];0
[NoOp, NoOp, NoOp, Pull(N,S), NoOp];0
[NoOp, NoOp, NoOp, Pull(N,S), NoOp];0
[NoOp, NoOp, NoOp, Push(S,W), NoOp];0
[NoOp, NoOp, NoOp, Push(W,W), NoOp];0
[NoOp, NoOp, NoOp, Push(W,S), NoOp];0
[NoOp, NoOp, NoOp, Push(S,W), NoOp];0
[NoOp, NoOp, NoOp, Push(W,S), NoOp];0
[NoOp, NoOp, NoOp, Push(S,S), NoOp];0
[NoOp, NoOp, NoOp, Push(S,S), NoOp];0
[NoOp, Move(E), NoOp, NoOp, NoOp];0
[NoOp, Move(E), NoOp, NoOp, NoOp];0
[NoOp, Move(S), NoOp, NoOp, NoOp];0
[NoOp, Move(E), NoOp, NoOp, NoOp];0
[NoOp, Move(E), NoOp, NoOp, NoOp];0
[NoOp, Move(S), NoOp, NoOp, NoOp];0
[NoOp, Move(E), NoOp, NoOp, NoOp];0
[NoOp, Move(E), NoOp, NoOp, NoOp];0
[NoOp, Move(S), NoOp, NoOp, NoOp];0
[NoOp, Move(E), NoOp, NoOp, NoOp];0
[NoOp, Move(S), NoOp, NoOp, NoOp];0
[NoOp, Move(S), NoOp, NoOp, NoOp];0
[NoOp, Pull(N,S), NoOp, NoOp, NoOp];0
[NoOp, NoOp, NoOp, Move(N), NoOp];16
[NoOp, NoOp, NoOp, Move(N), NoOp];0
[NoOp, NoOp, NoOp, Move(E), NoOp];0
[NoOp, NoOp, NoOp, Move(N), NoOp];0
[NoOp, NoOp, NoOp, Move(E), NoOp];0
[NoOp, NoOp, NoOp, Move(E), NoOp];0
[NoOp, NoOp, NoOp, Move(E), NoOp];0
[NoOp, NoOp, NoOp, Move(S), NoOp];0
[NoOp, NoOp, NoOp, Move(E), NoOp];0
[NoOp, NoOp, NoOp, Move(E), NoOp];0
[NoOp, NoOp, NoOp, Move(E), NoOp];0
[NoOp, NoOp, NoOp, Move(S), NoOp];0
[NoOp, NoOp, NoOp, Move(E), NoOp];0
[NoOp, NoOp, NoOp, Move(E), NoOp];0
[NoOp, NoOp, NoOp, Move(E), NoOp];0
[NoOp, NoOp, NoOp, Move(E), NoOp];0
[NoOp, NoOp, NoOp, Pull(W,S), NoOp];0
[NoOp, NoOp, NoOp, Pull(W,E), NoOp];0
[NoOp, NoOp, NoOp, Pull(W,E), NoOp];0
[NoOp, NoOp, NoOp, Pull(S,E), NoOp];0
[NoOp, Pull(W,S), NoOp, NoOp, NoOp];0
[NoOp, Pull(N,E), NoOp, NoOp, NoOp];0
[NoOp, Push(S,W), NoOp, NoOp, NoOp];0
[NoOp, Push(W,S), NoOp, NoOp, NoOp];0
[NoOp, Push(S,S), NoOp, NoOp, NoOp];0
[NoOp, NoOp, NoOp, NoOp, Move(N)];0
[NoOp, NoOp, NoOp, NoOp, Move(N)];0
[NoOp, NoOp, NoOp, NoOp, Move(N)];0
[NoOp, NoOp, NoOp, NoOp, Move(W)];0
[NoOp, NoOp, NoOp, NoOp, Move(W)];0
[NoOp, NoOp, NoOp, NoOp, Move(N)];0
[NoOp, NoOp, NoOp, NoOp, Move(N)];0
[NoOp, NoOp, NoOp, NoOp, Move(W)];0
[NoOp, NoOp, NoOp, NoOp, Move(W)];0
[NoOp, NoOp, NoOp, NoOp, Move(W)];0
[NoOp, NoOp, NoOp, NoOp, Push(W,S)];15
[NoOp, NoOp, NoOp, NoOp, Push(S,W)];0
[NoOp, NoOp, NoOp, NoOp, Push(W,S)];0
[NoOp, NoOp, NoOp, NoOp, Push(S,W)];0
[NoOp, NoOp, NoOp, NoOp, Push(W,W)];0
[NoOp, NoOp, NoOp, NoOp, Pull(N,W)];0
[NoOp, NoOp, NoOp, NoOp, Pull(N,S)];0
[NoOp, NoOp, NoOp, NoOp, Pull(N,S)];0
[NoOp, NoOp, NoOp, NoOp, Push(S,W)];0
[NoOp, NoOp, NoOp, NoOp, Push(W,W)];0
[NoOp, NoOp, NoOp, NoOp, Push(W,S)];0
[NoOp, NoOp, NoOp, NoOp, Push(S,W)];0
[NoOp, NoOp, NoOp, NoOp, Push(W,S)];0
[NoOp, NoOp, NoOp, NoOp, Push(S,S)];0
[NoOp, Move(N), NoOp, NoOp, NoOp];0
[NoOp, Move(N), NoOp, NoOp, NoOp];0
[NoOp, Move(W), NoOp, NoOp, NoOp];0
[NoOp, Move(W), NoOp, NoOp, NoOp];0
[NoOp, Move(W), NoOp, NoOp, NoOp];0
[NoOp, Move(W), NoOp, NoOp, NoOp];0
[NoOp, Push(W,S), NoOp, NoOp, NoOp];16
[NoOp, Move(E), NoOp, NoOp, NoOp];0
[NoOp, Move(S), NoOp, NoOp, NoOp];0
[NoOp, Pull(N,W), NoOp, NoOp, NoOp];0
[NoOp, Push(S,S), NoOp, NoOp, NoOp];0
[NoOp, Push(S,S), NoOp, NoOp, NoOp];0
[NoOp, Push(S,W), NoOp, NoOp, NoOp];0
[NoOp, Push(W,S), NoOp, NoOp, NoOp];0
[NoOp, Push(S,S), NoOp, NoOp, NoOp];0
[NoOp, Push(S,S), NoOp, NoOp, NoOp];0
[Move(W), NoOp, NoOp, NoOp, NoOp];0
[Move(S), NoOp, NoOp, NoOp, NoOp];0
[Move(S), NoOp, NoOp, NoOp, NoOp];0
[Move(S), NoOp, NoOp, NoOp, NoOp];0
[Move(S), NoOp, NoOp, NoOp, NoOp];0
[Move(W), NoOp, NoOp, NoOp, NoOp];0
[Move(W), NoOp, NoOp, NoOp, NoOp];0
[Move(W), NoOp, NoOp, NoOp, NoOp];0
[Move(W), NoOp, NoOp, NoOp, NoOp];0
[Move(W), NoOp, NoOp, NoOp, NoOp];0
[Move(W), NoOp, NoOp, NoOp, NoOp];0
[NoOp, Move(N), NoOp, NoOp, NoOp];140
[NoOp, Move(N), NoOp, NoOp, NoOp];0
[NoOp, Move(E), NoOp, NoOp, NoOp];0
[NoOp, Move(E), NoOp, NoOp, NoOp];0
[Push(W,S), NoOp, NoOp, NoOp, NoOp];0
[Push(S,E), NoOp, NoOp, NoOp, NoOp];0
[Push(E,E), NoOp, NoOp, NoOp, NoOp];0
[Push(E,N), NoOp, NoOp, NoOp, NoOp];0
[Push(N,E), NoOp, NoOp, NoOp, NoOp];0
[Push(E,E), NoOp, NoOp, NoOp, NoOp];0
[Push(E,S), NoOp, NoOp, NoOp, NoOp];0
[Push(S,S), NoOp, NoOp, NoOp, NoOp];0
[Push(S,W), NoOp, NoOp, NoOp, NoOp];0
[Push(W,S), NoOp, NoOp, NoOp, NoOp];0
[Push(S,S), NoOp, NoOp, NoOp, NoOp];0
[NoOp, NoOp, Push(S,W), NoOp, NoOp];0
[NoOp, NoOp, Move(S), NoOp, NoOp];0
[NoOp, NoOp, Move(S), NoOp, NoOp];0
[NoOp, NoOp, Move(S), NoOp, NoOp];0
[NoOp, NoOp, Move(S), NoOp, NoOp];0
[NoOp, NoOp, Move(W), NoOp, NoOp];0
[NoOp, NoOp, Move(S), NoOp, NoOp];0
[NoOp, NoOp, Move(W), NoOp, NoOp];0
[NoOp, NoOp, Move(W), NoOp, NoOp];0
[NoOp, NoOp, Move(W), NoOp, NoOp];0
[NoOp, NoOp, Move(W), NoOp, NoOp];0
[Move(N), NoOp, NoOp, NoOp, NoOp];47
[Move(E), NoOp, NoOp, NoOp, NoOp];0
[NoOp, NoOp, Push(W,S), NoOp, NoOp];0
[NoOp, NoOp, Push(S,S), NoOp, NoOp];0
[NoOp, NoOp, NoOp, Push(N,E), NoOp];0
[NoOp, Move(N), NoOp, NoOp, NoOp];47
[NoOp, Move(N), NoOp, NoOp, NoOp];0
[NoOp, NoOp, NoOp, Push(N,W), NoOp];16
[NoOp, NoOp, NoOp, Push(W,W), NoOp];0
[NoOp, NoOp, NoOp, Push(W,W), NoOp];0
[NoOp, NoOp, NoOp, Push(W,W), NoOp];0
[NoOp, NoOp, NoOp, Push(W,S), NoOp];0
[NoOp, NoOp, NoOp, Push(S,S), NoOp];0
[NoOp, NoOp, NoOp, Push(S,S), NoOp];0
[NoOp, NoOp, NoOp, Push(S,S), NoOp];0
[NoOp, NoOp, NoOp, NoOp, Move(N)];0
[NoOp, NoOp, NoOp, NoOp, Move(N)];0
[NoOp, NoOp, NoOp, NoOp, Move(N)];0
[NoOp, NoOp, NoOp, NoOp, Move(E)];0
[NoOp, NoOp, NoOp, NoOp, Move(N)];0
[NoOp, NoOp, NoOp, NoOp, Move(E)];0
[NoOp, NoOp, NoOp, NoOp, Move(E)];0
[NoOp, NoOp, NoOp, NoOp, Move(N)];0
[NoOp, NoOp, NoOp, NoOp, Move(N)];0
[NoOp, NoOp, NoOp, NoOp, Move(E)];0
[NoOp, NoOp, NoOp, Move(N), NoOp];82
[NoOp, NoOp, NoOp, Move(N), NoOp];0
[NoOp, NoOp, NoOp, Move(N), NoOp];0
[NoOp, NoOp, NoOp, Move(W), NoOp];0
[NoOp, NoOp, NoOp, NoOp, Push(E,S)];16
[NoOp, NoOp, NoOp, NoOp, Push(S,S)];0
[NoOp, NoOp, NoOp, NoOp, Push(S,S)];0
[NoOp, NoOp, NoOp, NoOp, Push(S,S)];0
[NoOp, NoOp, NoOp, NoOp, Push(S,S)];0
[NoOp, NoOp, NoOp, NoOp, Push(S,W)];0
[NoOp, NoOp, NoOp, NoOp, Push(W,S)];0
[NoOp, NoOp, NoOp, NoOp, Push(S,S)];0
[NoOp, NoOp, NoOp, NoOp, Push(S,S)];0
[NoOp, Move(N), NoOp, NoOp, NoOp];0
[NoOp, Move(W), NoOp, NoOp, NoOp];0
[NoOp, Move(W), NoOp, NoOp, NoOp];0
[NoOp, Move(W), NoOp, NoOp, NoOp];0
[NoOp, Move(W), NoOp, NoOp, NoOp];0
[NoOp, NoOp, NoOp, NoOp, Move(N)];94
[NoOp, NoOp, NoOp, NoOp, Move(N)];0
[NoOp, NoOp, NoOp, NoOp, Move(E)];0
[NoOp, Push(W,S), NoOp, NoOp, NoOp];15
[NoOp, Push(S,E), NoOp, NoOp, NoOp];0
[NoOp, Push(E,E), NoOp, NoOp, NoOp];0
[NoOp, Push(E,E), NoOp, NoOp, NoOp];0
[NoOp, Push(E,E), NoOp, NoOp, NoOp];0
[NoOp, Push(E,E), NoOp, NoOp, NoOp];0
[NoOp, Push(E,S), NoOp, NoOp, NoOp];0
[NoOp, Push(S,S), NoOp, NoOp, NoOp];0
[NoOp, Push(S,S), NoOp, NoOp, NoOp];0
[NoOp, Move(N), NoOp, NoOp, NoOp];0
[Move(E), NoOp, NoOp, NoOp, NoOp];0
[Push(E,E), NoOp, NoOp, NoOp, NoOp];0
[Push(E,S), NoOp, NoOp, NoOp, NoOp];0
[Push(S,S), NoOp, NoOp, NoOp, NoOp];0
[Push(S,S), NoOp, NoOp, NoOp, NoOp];0
[Move(N), NoOp, NoOp, NoOp, NoOp];31
[Move(N), NoOp, NoOp, NoOp, NoOp];0
[Move(N), NoOp, NoOp, NoOp, NoOp];0
[NoOp, NoOp, Pull(N,W), NoOp, NoOp];0
[NoOp, NoOp, Push(S,E), NoOp, NoOp];0
[NoOp, NoOp, Push(E,E), NoOp, NoOp];0
[NoOp, NoOp, Push(E,E), NoOp, NoOp];0
[NoOp, NoOp, Push(E,E), NoOp, NoOp];0
[NoOp, NoOp, Push(E,S), NoOp, NoOp];0
[NoOp, NoOp, Push(S,S), NoOp, NoOp];0
[NoOp, NoOp, NoOp, Move(S), NoOp];16
[NoOp, NoOp, NoOp, Move(W), NoOp];0
[NoOp, NoOp, NoOp, Move(W), NoOp];0
[NoOp, NoOp, NoOp, Move(W), NoOp];0
[NoOp, NoOp, Move(N), NoOp, NoOp];31
[NoOp, NoOp, Move(W), NoOp, NoOp];0
[NoOp, NoOp, Move(W), NoOp, NoOp];0
[NoOp, NoOp, Move(W), NoOp, NoOp];0
[NoOp, NoOp, Move(N), NoOp, NoOp];0
[NoOp, NoOp, NoOp, Pull(N,W), NoOp];16
[NoOp, NoOp, NoOp, Push(S,E), NoOp];0
[NoOp, NoOp, NoOp, Push(E,E), NoOp];0
[NoOp, NoOp, NoOp, Push(E,E), NoOp];0
[NoOp, NoOp, NoOp, Push(E,E), NoOp];0
[NoOp, NoOp, NoOp, Push(E,E), NoOp];0
[NoOp, NoOp, NoOp, Push(E,E), NoOp];0
[NoOp, NoOp, NoOp, Push(E,S), NoOp];0
[NoOp, NoOp, NoOp, NoOp, Move(N)];0
[NoOp, NoOp, NoOp, NoOp, Move(N)];0
[NoOp, NoOp, NoOp, NoOp, Move(N)];0
[NoOp, NoOp, NoOp, NoOp, Move(E)];0
[NoOp, NoOp, NoOp, NoOp, Move(E)];0
[NoOp, NoOp, NoOp, NoOp, Move(E)];0
[NoOp, NoOp, NoOp, NoOp, Push(E,S)];0
[NoOp, NoOp, NoOp, NoOp, Push(S,S)];0
[NoOp, NoOp, NoOp, NoOp, Push(S,S)];0
[NoOp, NoOp, NoOp, NoOp, Push(S,W)];0
[NoOp, NoOp, NoOp, NoOp, Push(W,S)];0
[NoOp, NoOp, NoOp, NoOp, Push(S,S)];0
[NoOp, NoOp, NoOp, NoOp, Push(S,S)];0
[NoOp, NoOp, NoOp, NoOp, Push(S,S)];0
[NoOp, Move(E), NoOp, NoOp, NoOp];0
[NoOp, Move(N), NoOp, NoOp, NoOp];0
[NoOp, Move(E), NoOp, NoOp, NoOp];0
[NoOp, Move(E), NoOp, NoOp, NoOp];0
[NoOp, Move(S), NoOp, NoOp, NoOp];0
[NoOp, NoOp, NoOp, NoOp, Move(N)];16
[NoOp, NoOp, NoOp, NoOp, Move(N)];0
[NoOp, NoOp, NoOp, NoOp, Move(N)];0
[NoOp, Push(S,E), NoOp, NoOp, NoOp];0
[NoOp, Push(E,S), NoOp, NoOp, NoOp];0
[NoOp, Push(S,S), NoOp, NoOp, NoOp];0
[Move(N), NoOp, NoOp, NoOp, NoOp];0
[Move(N), NoOp, NoOp, NoOp, NoOp];0
[Move(N), NoOp, NoOp, NoOp, NoOp];0
[Move(W), NoOp, NoOp, NoOp, NoOp];0
[Move(W), NoOp, NoOp, NoOp, NoOp];0
[Move(W), NoOp, NoOp, NoOp, NoOp];0
[Move(W), NoOp, NoOp, NoOp, NoOp];0
[Move(W), NoOp, NoOp, NoOp, NoOp];0
[NoOp, Move(N), NoOp, NoOp, NoOp];125
[NoOp, Move(W), NoOp, NoOp, NoOp];0
[NoOp, Move(N), NoOp, NoOp, NoOp];0
[NoOp, Move(W), NoOp, NoOp, NoOp];0
[Push(W,S), NoOp, NoOp, NoOp, NoOp];0
[Push(S,E), NoOp, NoOp, NoOp, NoOp];0
[Push(E,E), NoOp, NoOp, NoOp, NoOp];0
[Push(E,E), NoOp, NoOp, NoOp, NoOp];0
[Push(E,E), NoOp, NoOp, NoOp, NoOp];0
[Push(E,E), NoOp, NoOp, NoOp, NoOp];0
[Push(E,E), NoOp, NoOp, NoOp, NoOp];0
[Push(E,E), NoOp, NoOp, NoOp, NoOp];0
[Push(E,S), NoOp, NoOp, NoOp, NoOp];0
[Push(S,S), NoOp, NoOp, NoOp, NoOp];0
[Push(S,S), NoOp, NoOp, NoOp, NoOp];0
[Push(S,E), NoOp, NoOp, NoOp, NoOp];0
[Push(E,S), NoOp, NoOp, NoOp, NoOp];0
[NoOp, NoOp, NoOp, NoOp, Move(N)];0
[NoOp, NoOp, NoOp, NoOp, Move(N)];0
[NoOp, NoOp, NoOp, NoOp, Move(N)];0
[NoOp, NoOp, NoOp, NoOp, Move(W)];0
[NoOp, NoOp, NoOp, NoOp, Move(W)];0
[NoOp, NoOp, NoOp, NoOp, Move(N)];0
[NoOp, NoOp, NoOp, NoOp, Move(N)];0
[NoOp, NoOp, NoOp, NoOp, Move(N)];0
[NoOp, NoOp, NoOp, NoOp, Move(W)];0
[NoOp, NoOp, NoOp, NoOp, Push(W,S)];0
[NoOp, NoOp, NoOp, NoOp, Push(S,S)];0
[NoOp, NoOp, NoOp, NoOp, Push(S,S)];0
[NoOp, NoOp, NoOp, NoOp, Push(S,S)];0
[NoOp, NoOp, NoOp, NoOp, Push(S,S)];0
[NoOp, NoOp, NoOp, NoOp, Push(S,S)];0
[NoOp, NoOp, NoOp, NoOp, Push(S,S)];0
[NoOp, NoOp, NoOp, NoOp, Push(S,W)];15
[NoOp, NoOp, NoOp, NoOp, Push(W,W)];0
[NoOp, NoOp, NoOp, NoOp, Push(W,W)];0
[NoOp, NoOp, NoOp, NoOp, Push(W,W)];0
[NoOp, NoOp, NoOp, NoOp, Push(W,W)];0
[NoOp, NoOp, NoOp, NoOp, Push(W,W)];0
[NoOp, NoOp, NoOp, NoOp, Push(W,S)];0
[NoOp, NoOp, NoOp, NoOp, Push(S,S)];0
[NoOp, NoOp, NoOp, NoOp, Push(S,S)];0
[NoOp, Move(N), NoOp, NoOp, NoOp];0
[NoOp, Move(N), NoOp, NoOp, NoOp];0
[NoOp, Move(N), NoOp, NoOp, NoOp];0
[NoOp, Move(N), NoOp, NoOp, NoOp];0
[NoOp, NoOp, NoOp, NoOp, Move(N)];94
[NoOp, NoOp, NoOp, NoOp, Move(N)];0
[NoOp, NoOp, NoOp, NoOp, Move(N)];0
[NoOp, Push(E,S), NoOp, NoOp, NoOp];16
[NoOp, Push(S,S), NoOp, NoOp, NoOp];0
[NoOp, Push(S,S), NoOp, NoOp, NoOp];0
[NoOp, Push(S,S), NoOp, NoOp, NoOp];0
[NoOp, Push(S,W), NoOp, NoOp, NoOp];0
[NoOp, Push(W,W), NoOp, NoOp, NoOp];0
[NoOp, Push(W,S), NoOp, NoOp, NoOp];0
[NoOp, Push(S,W), NoOp, NoOp, NoOp];0
[NoOp, Push(W,W), NoOp, NoOp, NoOp];0
[NoOp, Push(W,W), NoOp, NoOp, NoOp];0
[NoOp, Push(W,W), NoOp, NoOp, NoOp];0
[NoOp, Push(W,W), NoOp, NoOp, NoOp];0
[NoOp, Push(W,W), NoOp, NoOp, NoOp];0
[NoOp, Push(W,W), NoOp, NoOp, NoOp];0
[NoOp, Push(W,S), NoOp, NoOp, NoOp];0
[NoOp, Push(S,S), NoOp, NoOp, NoOp];0
[Move(N), NoOp, NoOp, NoOp, NoOp];0
[Move(N), NoOp, NoOp, NoOp, NoOp];0
[Move(N), NoOp, NoOp, NoOp, NoOp];0
[Move(N), NoOp, NoOp, NoOp, NoOp];0
[Move(N), NoOp, NoOp, NoOp, NoOp];0
[Move(W), NoOp, NoOp, NoOp, NoOp];0
[Move(W), NoOp, NoOp, NoOp, NoOp];0
[Move(W), NoOp, NoOp, NoOp, NoOp];0
[Move(W), NoOp, NoOp, NoOp, NoOp];0
[Move(W), NoOp, NoOp, NoOp, NoOp];0
[NoOp, Move(N), NoOp, NoOp, NoOp];140
[NoOp, Move(E), NoOp, NoOp, NoOp];0
[NoOp, Move(N), NoOp, NoOp, NoOp];0
[Push(W,S), NoOp, NoOp, NoOp, NoOp];0
[Push(S,S), NoOp, NoOp, NoOp, NoOp];0
[Push(S,S), NoOp, NoOp, NoOp, NoOp];0
[Push(S,S), NoOp, NoOp, NoOp, NoOp];0
[Push(S,S), NoOp, NoOp, NoOp, NoOp];0
[Push(S,W), NoOp, NoOp, NoOp, NoOp];0
[Push(W,W), NoOp, NoOp, NoOp, NoOp];0
[Push(W,W), NoOp, NoOp, NoOp, NoOp];0
[Push(W,W), NoOp, NoOp, NoOp, NoOp];0
[Push(W,S), NoOp, NoOp, NoOp, NoOp];0
a6e49be4bf948a07806fefa1c531d2ddbe38aaf0
successful
1311
432
7366e7d371f536eeb3d87718ee58305f7047c788
1495034594175
