red: 0,A,E
green: 1,B
cyan: 2,C,D
+++++++++++++++++++++++++++++++++
+0    +               1         +
+ + + +++++++++++++++++++ + + + +
+ a B +         c   +   b     A +
+ + + + +++++++++++++++++ + + + +
+             2C                +
+++ +++++++++++++++++++++++++ +++
+++             Dd            +++
+++ +++++++++++++++++++++++++ +++
+++             eE            +++
+++ +++++++++++++++++++++++++ +++
+++             Bb            +++
+++ +++++++++++++++++++++++++ +++
+++             Bb            +++
+++ +++++++++++++++++++++++++ +++
+++             Bb            +++
+++++++++++++++++++++++++++++++++

[NoOp, NoOp, Pull(W,E)];363
[NoOp, NoOp, Pull(W,E)];0
[NoOp, NoOp, Pull(W,E)];0
[NoOp, NoOp, Pull(W,E)];0
[NoOp, NoOp, Pull(W,E)];0
[NoOp, NoOp, Pull(W,E)];0
[NoOp, NoOp, Pull(W,E)];0
[NoOp, NoOp, Pull(N,E)];0
[NoOp, NoOp, Pull(N,S)];0
[NoOp, NoOp, Pull(E,S)];0
[NoOp, NoOp, Pull(E,W)];0
[NoOp, NoOp, Pull(E,W)];0
[NoOp, NoOp, Pull(E,W)];0
[NoOp, NoOp, Pull(E,W)];0
[NoOp, NoOp, Pull(E,W)];0
[NoOp, NoOp, Pull(E,W)];0
[NoOp, NoOp, Pull(E,W)];0
[NoOp, NoOp, Pull(E,W)];0
[NoOp, NoOp, Pull(E,W)];0
[NoOp, Move(E), NoOp];16
[NoOp, Move(E), NoOp];0
[NoOp, Move(E), NoOp];0
[NoOp, Move(S), NoOp];0
[NoOp, Move(S), NoOp];0
[NoOp, Move(S), NoOp];0
[NoOp, Move(S), NoOp];0
[NoOp, Move(W), NoOp];0
[NoOp, Move(W), NoOp];0
[NoOp, Move(W), NoOp];0
[NoOp, Move(W), NoOp];0
[NoOp, Move(W), NoOp];0
[NoOp, Move(W), NoOp];0
[NoOp, Move(W), NoOp];0
[NoOp, Move(W), NoOp];0
[NoOp, Move(W), NoOp];0
[NoOp, Move(W), NoOp];0
[NoOp, Move(W), NoOp];0
[NoOp, Move(W), NoOp];0
[NoOp, Move(W), NoOp];0
[NoOp, Move(W), NoOp];0
[NoOp, Move(W), NoOp];0
[NoOp, Move(W), NoOp];0
[NoOp, Move(W), NoOp];0
[NoOp, Move(W), NoOp];0
[NoOp, Move(W), NoOp];0
[NoOp, Move(W), NoOp];0
[NoOp, Move(N), NoOp];0
[NoOp, Move(N), NoOp];0
[NoOp, Pull(N,W), NoOp];15
[NoOp, Push(S,S), NoOp];0
[NoOp, Push(S,S), NoOp];0
[NoOp, Push(S,E), NoOp];0
[NoOp, Push(E,E), NoOp];0
[NoOp, Push(E,E), NoOp];0
[NoOp, Push(E,E), NoOp];0
[NoOp, Push(E,E), NoOp];0
[NoOp, Push(E,E), NoOp];0
[NoOp, Push(E,E), NoOp];0
[NoOp, Push(E,E), NoOp];0
[NoOp, Push(E,E), NoOp];0
[NoOp, Push(E,E), NoOp];0
[NoOp, Push(E,E), NoOp];0
[NoOp, Push(E,E), NoOp];0
[NoOp, Push(E,E), NoOp];0
[NoOp, Push(E,E), NoOp];0
[NoOp, Push(E,E), NoOp];0
[NoOp, Push(E,E), NoOp];0
[NoOp, Push(E,E), NoOp];0
[NoOp, Push(E,E), NoOp];0
[NoOp, Push(E,E), NoOp];0
[NoOp, Push(E,E), NoOp];0
[NoOp, Push(E,N), NoOp];0
[NoOp, Push(N,N), NoOp];0
[NoOp, Push(N,W), NoOp];0
[NoOp, NoOp, Push(W,W)];16
[NoOp, NoOp, Push(W,W)];0
[NoOp, NoOp, Push(W,W)];0
[NoOp, NoOp, Push(W,W)];0
[NoOp, NoOp, Push(W,W)];0
[NoOp, NoOp, Push(W,W)];0
[NoOp, NoOp, Push(W,W)];0
[NoOp, NoOp, Push(W,W)];0
[NoOp, NoOp, Push(W,W)];0
[NoOp, NoOp, Push(W,S)];0
[NoOp, NoOp, Push(S,S)];0
[NoOp, NoOp, Push(S,E)];0
[NoOp, NoOp, Move(W)];0
[NoOp, NoOp, Move(W)];0
[NoOp, NoOp, Move(W)];0
[NoOp, NoOp, Move(W)];0
[NoOp, NoOp, Move(S)];0
[NoOp, NoOp, Move(S)];0
[NoOp, NoOp, Move(E)];0
[NoOp, NoOp, Move(E)];0
[NoOp, NoOp, Move(E)];0
[NoOp, NoOp, Move(E)];0
[NoOp, NoOp, Move(E)];0
[NoOp, NoOp, Move(E)];0
[NoOp, NoOp, Move(E)];0
[NoOp, NoOp, Move(E)];0
[NoOp, NoOp, Move(E)];0
[NoOp, NoOp, Move(E)];0
[NoOp, NoOp, Move(E)];0
[NoOp, NoOp, Move(E)];0
[NoOp, NoOp, Push(E,E)];16
[NoOp, NoOp, Move(W)];0
[NoOp, NoOp, Move(W)];0
[NoOp, NoOp, Move(W)];0
[NoOp, NoOp, Move(W)];0
[NoOp, NoOp, Move(W)];0
[NoOp, NoOp, Move(W)];0
[NoOp, NoOp, Move(W)];0
[NoOp, NoOp, Move(W)];0
[NoOp, NoOp, Move(W)];0
[NoOp, NoOp, Move(W)];0
[NoOp, NoOp, Move(W)];0
[NoOp, NoOp, Move(W)];0
[NoOp, NoOp, Move(W)];0
[NoOp, NoOp, Move(N)];0
[NoOp, NoOp, Move(N)];0
[NoOp, NoOp, Move(E)];0
[NoOp, NoOp, Move(E)];0
[NoOp, NoOp, Move(E)];0
[NoOp, NoOp, Move(E)];0
[NoOp, NoOp, Pull(N,E)];0
[NoOp, NoOp, Pull(N,S)];0
[NoOp, NoOp, Pull(E,S)];0
[NoOp, NoOp, Pull(E,W)];0
[NoOp, NoOp, Pull(E,W)];0
[NoOp, NoOp, Pull(E,W)];0
[NoOp, NoOp, Pull(E,W)];0
[NoOp, NoOp, Pull(E,W)];0
[NoOp, NoOp, Pull(E,W)];0
[NoOp, NoOp, Pull(E,W)];0
[NoOp, NoOp, Pull(E,W)];0
[NoOp, NoOp, Pull(E,W)];0
[Move(E), NoOp, NoOp];0
[Move(E), NoOp, NoOp];0
[Move(E), NoOp, NoOp];0
[Move(E), NoOp, NoOp];0
[Move(S), NoOp, NoOp];0
[Move(S), NoOp, NoOp];0
[Move(S), NoOp, NoOp];0
[Move(S), NoOp, NoOp];0
[Move(E), NoOp, NoOp];0
[Move(E), NoOp, NoOp];0
[Move(E), NoOp, NoOp];0
[Move(E), NoOp, NoOp];0
[Move(E), NoOp, NoOp];0
[Move(E), NoOp, NoOp];0
[Move(E), NoOp, NoOp];0
[Move(E), NoOp, NoOp];0
[Move(E), NoOp, NoOp];0
[Move(E), NoOp, NoOp];0
[Move(E), NoOp, NoOp];0
[Move(E), NoOp, NoOp];0
[Move(E), NoOp, NoOp];0
[Move(E), NoOp, NoOp];0
[Move(E), NoOp, NoOp];0
[Move(E), NoOp, NoOp];0
[Move(E), NoOp, NoOp];15
[Move(E), NoOp, NoOp];0
[Move(E), NoOp, NoOp];0
[Move(E), NoOp, NoOp];0
[Move(E), NoOp, NoOp];0
[Move(E), NoOp, NoOp];0
[Move(N), NoOp, NoOp];0
[Move(N), NoOp, NoOp];0
[Move(E), NoOp, NoOp];0
[Move(E), NoOp, NoOp];0
[Pull(N,E), NoOp, NoOp];0
[Push(S,S), NoOp, NoOp];0
[Push(S,S), NoOp, NoOp];0
[Push(S,W), NoOp, NoOp];0
[Push(W,W), NoOp, NoOp];0
[Push(W,W), NoOp, NoOp];0
[Push(W,W), NoOp, NoOp];0
[Push(W,W), NoOp, NoOp];0
[Push(W,W), NoOp, NoOp];0
[Push(W,W), NoOp, NoOp];0
[Push(W,W), NoOp, NoOp];0
[Push(W,W), NoOp, NoOp];0
[Push(W,W), NoOp, NoOp];0
[Push(W,W), NoOp, NoOp];0
[Push(W,W), NoOp, NoOp];0
[Push(W,W), NoOp, NoOp];0
[Push(W,W), NoOp, NoOp];0
[Push(W,W), NoOp, NoOp];0
[Push(W,W), NoOp, NoOp];0
[Push(W,W), NoOp, NoOp];0
[Push(W,W), NoOp, NoOp];0
[Push(W,W), NoOp, NoOp];16
[Push(W,W), NoOp, NoOp];0
[Push(W,W), NoOp, NoOp];0
[Push(W,W), NoOp, NoOp];0
[Push(W,W), NoOp, NoOp];0
[Push(W,W), NoOp, NoOp];0
[Push(W,N), NoOp, NoOp];0
[Push(N,N), NoOp, NoOp];0
[Push(N,W), NoOp, NoOp];0
[Push(W,W), NoOp, NoOp];0
[Push(W,W), NoOp, NoOp];0
[Move(S), NoOp, NoOp];0
[Move(S), NoOp, NoOp];0
[Move(S), NoOp, NoOp];0
[Move(S), NoOp, NoOp];0
[Move(S), NoOp, NoOp];0
[Move(S), NoOp, NoOp];0
[Move(E), NoOp, NoOp];0
[Move(E), NoOp, NoOp];0
[Move(E), NoOp, NoOp];0
[Move(E), NoOp, NoOp];0
[Move(E), NoOp, NoOp];0
[Move(E), NoOp, NoOp];0
[Move(E), NoOp, NoOp];0
[Move(E), NoOp, NoOp];0
[Move(E), NoOp, NoOp];0
[Move(E), NoOp, NoOp];0
[Move(E), NoOp, NoOp];0
[Move(E), NoOp, NoOp];0
[Move(E), NoOp, NoOp];0
[Pull(W,E), NoOp, NoOp];0
[NoOp, Move(E), NoOp];0
[NoOp, Move(E), NoOp];0
[NoOp, Move(E), NoOp];0
[NoOp, Move(E), NoOp];0
[NoOp, Move(S), NoOp];0
[NoOp, Move(S), NoOp];0
[NoOp, Move(S), NoOp];0
[NoOp, Move(S), NoOp];0
[NoOp, Move(S), NoOp];0
[NoOp, Move(S), NoOp];0
[NoOp, Move(S), NoOp];0
[NoOp, Move(S), NoOp];0
[NoOp, Move(W), NoOp];0
[NoOp, Move(W), NoOp];0
[NoOp, Move(W), NoOp];0
[NoOp, Move(W), NoOp];0
[NoOp, Move(W), NoOp];0
[NoOp, Move(W), NoOp];0
[NoOp, Move(W), NoOp];0
[NoOp, Move(W), NoOp];0
[NoOp, Move(W), NoOp];0
[NoOp, Move(W), NoOp];0
[NoOp, Move(W), NoOp];0
[NoOp, Move(W), NoOp];0
[NoOp, Pull(E,W), NoOp];0
[NoOp, Move(E), NoOp];16
[NoOp, Move(E), NoOp];0
[NoOp, Move(E), NoOp];0
[NoOp, Move(E), NoOp];0
[NoOp, Move(E), NoOp];0
[NoOp, Move(E), NoOp];0
[NoOp, Move(E), NoOp];0
[NoOp, Move(E), NoOp];0
[NoOp, Move(E), NoOp];0
[NoOp, Move(E), NoOp];0
[NoOp, Move(E), NoOp];0
[NoOp, Move(S), NoOp];0
[NoOp, Move(S), NoOp];0
[NoOp, Move(W), NoOp];0
[NoOp, Move(W), NoOp];0
[NoOp, Move(W), NoOp];0
[NoOp, Move(W), NoOp];0
[NoOp, Move(W), NoOp];0
[NoOp, Move(W), NoOp];0
[NoOp, Move(W), NoOp];0
[NoOp, Move(W), NoOp];0
[NoOp, Move(W), NoOp];0
[NoOp, Move(W), NoOp];0
[NoOp, Move(W), NoOp];0
[NoOp, Move(W), NoOp];0
[NoOp, Pull(E,W), NoOp];0
[NoOp, Move(E), NoOp];0
[NoOp, Move(E), NoOp];0
[NoOp, Move(E), NoOp];0
[NoOp, Move(E), NoOp];0
[NoOp, Move(E), NoOp];0
[NoOp, Move(E), NoOp];0
[NoOp, Move(E), NoOp];0
[NoOp, Move(E), NoOp];0
[NoOp, Move(E), NoOp];0
[NoOp, Move(E), NoOp];0
[NoOp, Move(E), NoOp];0
[NoOp, Move(S), NoOp];0
[NoOp, Move(S), NoOp];0
[NoOp, Move(W), NoOp];0
[NoOp, Move(W), NoOp];0
[NoOp, Move(W), NoOp];0
[NoOp, Move(W), NoOp];0
[NoOp, Move(W), NoOp];0
[NoOp, Move(W), NoOp];0
[NoOp, Move(W), NoOp];0
[NoOp, Move(W), NoOp];0
[NoOp, Move(W), NoOp];0
[NoOp, Move(W), NoOp];0
[NoOp, Move(W), NoOp];0
[NoOp, Move(W), NoOp];0
[NoOp, Pull(E,W), NoOp];0
5c61d30fb95eb9b9b4972e625e9263b9dd59f2b9
successful
473
299
165d69d44a528bd2a3c945615a70f10e7453554c
1495034595533
