red: 0,B,C,D,E
green: 1,A,F,G,H,I,J
++++++++++++
+     fghij+
+  0  ++++++
+     FGHIJ+
+A+E+a++++++
+B+ +b+
+C+ +c+
+D+1+d+
+++++++

[Move(S), NoOp];195
[Pull(N,S), NoOp];0
[Push(S,E), NoOp];0
[Move(N), NoOp];16
[NoOp, Move(N)];0
[NoOp, Move(N)];0
[NoOp, Move(N)];0
[NoOp, Move(N)];0
[NoOp, Move(W)];0
[NoOp, Move(W)];0
[NoOp, Pull(N,S)];0
[NoOp, Pull(N,S)];0
[Move(S), NoOp];0
[Move(W), NoOp];0
[Move(W), NoOp];0
[Move(S), NoOp];0
[Pull(N,S), NoOp];15
[Pull(E,S), NoOp];0
[Pull(N,W), NoOp];0
[Pull(N,S), NoOp];0
[Move(E), NoOp];0
[Move(S), NoOp];0
[Move(S), NoOp];0
[Move(W), NoOp];0
[Move(W), NoOp];0
[Move(S), NoOp];0
[Move(S), NoOp];0
[NoOp, Move(E)];32
[NoOp, Move(E)];0
[NoOp, Move(E)];0
[NoOp, Move(S)];0
[Pull(N,S), NoOp];15
[Pull(N,S), NoOp];0
[Pull(E,S), NoOp];0
[Pull(E,W), NoOp];0
[Pull(N,W), NoOp];0
[Pull(N,S), NoOp];0
[Pull(E,S), NoOp];0
[Push(W,W), NoOp];0
[Push(W,W), NoOp];0
[Push(S,E), NoOp];0
[Pull(S,E), NoOp];0
[Move(W), NoOp];0
[Move(S), NoOp];0
[Move(S), NoOp];0
[Move(S), NoOp];0
[Pull(N,S), NoOp];0
[Pull(N,S), NoOp];0
[Pull(N,S), NoOp];0
[Pull(E,S), NoOp];0
[Pull(E,W), NoOp];0
[Pull(N,W), NoOp];0
[Pull(N,S), NoOp];0
[Pull(E,S), NoOp];0
[Pull(E,W), NoOp];0
[Pull(E,W), NoOp];0
[Push(W,S), NoOp];0
[Push(S,S), NoOp];0
[Push(S,S), NoOp];0
[Push(S,S), NoOp];0
[Push(S,S), NoOp];0
[Push(S,S), NoOp];0
[Move(N), NoOp];0
[Move(N), NoOp];0
[Move(N), NoOp];0
[Move(N), NoOp];0
[Move(N), NoOp];0
[Move(W), NoOp];0
[Move(W), NoOp];0
[Move(W), NoOp];0
[Pull(E,W), NoOp];0
[Pull(E,W), NoOp];0
[Pull(E,W), NoOp];0
[Pull(E,W), NoOp];0
[Push(W,S), NoOp];0
[Push(S,S), NoOp];0
[Push(S,S), NoOp];0
[Push(S,S), NoOp];0
[Push(S,S), NoOp];0
[Move(N), NoOp];0
[Move(N), NoOp];0
[Move(N), NoOp];0
[Move(N), NoOp];0
[Move(W), NoOp];0
[Move(W), NoOp];0
[Move(S), NoOp];0
[Pull(N,W), NoOp];16
[Pull(E,S), NoOp];0
[Pull(E,W), NoOp];0
[Pull(E,W), NoOp];0
[Push(W,S), NoOp];0
[Push(S,S), NoOp];0
[Push(S,S), NoOp];0
[Push(S,S), NoOp];0
[NoOp, Move(W)];0
[NoOp, Move(W)];0
[Move(N), NoOp];15
[Move(N), NoOp];0
[Move(N), NoOp];0
[NoOp, Push(W,S)];0
[NoOp, Push(S,E)];0
[NoOp, Push(E,E)];0
[NoOp, Push(E,N)];0
[NoOp, Push(N,E)];0
[NoOp, Push(E,E)];0
[NoOp, Push(E,S)];0
[NoOp, Push(S,S)];0
[NoOp, Pull(N,E)];16
[NoOp, Pull(W,S)];0
[Move(W), NoOp];0
[Move(W), NoOp];0
[Move(S), NoOp];0
[Move(S), NoOp];0
[Pull(N,E), NoOp];0
[NoOp, Move(S)];0
[NoOp, Move(E)];0
[NoOp, Move(E)];0
[NoOp, Pull(W,E)];0
[NoOp, Pull(W,E)];0
[NoOp, Pull(N,E)];0
[NoOp, Pull(N,S)];0
[NoOp, Move(E)];0
[NoOp, Pull(E,S)];0
[NoOp, Pull(E,W)];0
[NoOp, Push(W,W)];0
[NoOp, Push(W,W)];0
[NoOp, Move(S)];0
[NoOp, Move(S)];0
[NoOp, Move(E)];0
[NoOp, Move(E)];0
[NoOp, Move(W)];15
[NoOp, Move(W)];0
[NoOp, Move(N)];0
[NoOp, Move(N)];0
[NoOp, Push(W,W)];0
[NoOp, Move(E)];0
[NoOp, Move(S)];0
[NoOp, Move(S)];0
[NoOp, Move(E)];0
[NoOp, Move(E)];0
[NoOp, Pull(W,E)];0
[NoOp, Pull(W,E)];0
[NoOp, Pull(N,E)];0
[NoOp, Pull(N,S)];0
[NoOp, Pull(E,S)];0
[NoOp, Push(W,W)];0
[NoOp, Move(S)];0
[NoOp, Move(S)];0
[NoOp, Move(E)];0
[NoOp, Move(E)];0
[NoOp, Move(E)];0
[Push(S,S), NoOp];16
[Move(N), NoOp];0
[Move(W), NoOp];0
[NoOp, Pull(W,E)];16
[NoOp, Pull(W,E)];0
[NoOp, Pull(W,E)];0
[NoOp, Pull(N,E)];0
[NoOp, Push(S,W)];0
[NoOp, Push(W,W)];0
[NoOp, Push(W,N)];0
[NoOp, Move(E)];0
[NoOp, Move(E)];0
[NoOp, Move(E)];0
[NoOp, Move(E)];0
[NoOp, Move(E)];0
[NoOp, Move(E)];0
[NoOp, Pull(W,E)];0
[NoOp, Pull(W,E)];0
[NoOp, Pull(W,E)];0
[NoOp, Pull(W,E)];0
[NoOp, Pull(W,E)];0
[NoOp, Push(E,N)];0
[NoOp, Push(N,N)];0
[NoOp, Push(N,E)];0
[NoOp, Push(E,E)];0
[NoOp, Push(E,E)];0
[NoOp, Push(E,E)];0
[NoOp, Push(E,E)];0
[NoOp, Move(W)];0
[NoOp, Move(W)];0
[NoOp, Move(W)];0
[NoOp, Move(W)];0
[NoOp, Move(S)];0
[NoOp, Push(W,S)];0
[NoOp, Pull(E,W)];0
[NoOp, Pull(S,W)];0
[NoOp, Push(N,N)];0
[NoOp, Push(N,E)];0
[NoOp, Push(E,E)];0
[NoOp, Push(E,E)];0
[NoOp, Push(E,E)];0
[NoOp, Move(W)];15
[NoOp, Move(W)];0
[NoOp, Move(W)];0
[NoOp, Pull(S,W)];0
[NoOp, Push(N,E)];0
[NoOp, Push(E,E)];0
[NoOp, Push(E,E)];0
[NoOp, Move(W)];0
[NoOp, Move(W)];0
[NoOp, Move(S)];0
[NoOp, Move(S)];0
[NoOp, Push(W,N)];0
[NoOp, Push(N,N)];0
[NoOp, Push(N,E)];0
[NoOp, Push(E,E)];0
[NoOp, Push(E,E)];0
[NoOp, Move(W)];0
[NoOp, Move(W)];0
[NoOp, Pull(E,W)];16
[NoOp, Pull(S,W)];0
[NoOp, Push(N,E)];0
726b54302bcf99c117e4ce708d0bd8947c6e326f
successful
398
213
f64b2133a256b3efc4493862e10d0c2d73a41b1e
1495034596286
