red: 0,A,1,B
green:2
yellow: 3, C
++++++++++++++++++++++++++++
+     b    1    0A B2C  a  +
+                  ++3     +
++++++++++++++++++++++++++++

[Push(E,S), NoOp, NoOp, NoOp];359
[Move(E), NoOp, NoOp, NoOp];0
[Pull(W,E), NoOp, NoOp, NoOp];0
[Push(E,S), NoOp, NoOp, NoOp];0
[NoOp, NoOp, NoOp, Push(N,E)];0
[NoOp, NoOp, NoOp, Push(E,E)];0
[NoOp, NoOp, Move(E), NoOp];0
[NoOp, NoOp, Move(S), NoOp];0
[NoOp, NoOp, Move(E), NoOp];0
[NoOp, NoOp, NoOp, Push(E,S)];16
[NoOp, NoOp, NoOp, Move(W)];93
[NoOp, NoOp, NoOp, Move(W)];0
[NoOp, NoOp, NoOp, Move(S)];0
[Move(W), NoOp, NoOp, NoOp];63
[Pull(E,S), NoOp, NoOp, NoOp];0
[Pull(E,W), NoOp, NoOp, NoOp];0
[Pull(E,W), NoOp, NoOp, NoOp];0
[Pull(E,W), NoOp, NoOp, NoOp];0
[Pull(E,W), NoOp, NoOp, NoOp];0
[Pull(E,W), NoOp, NoOp, NoOp];0
[Pull(E,W), NoOp, NoOp, NoOp];0
[Pull(E,W), NoOp, NoOp, NoOp];0
[NoOp, NoOp, NoOp, Move(N)];0
[NoOp, NoOp, NoOp, Move(E)];0
[NoOp, NoOp, NoOp, Move(E)];0
[NoOp, NoOp, NoOp, Push(S,E)];0
[NoOp, NoOp, NoOp, Push(E,E)];0
[NoOp, NoOp, NoOp, Push(E,E)];0
[NoOp, NoOp, NoOp, Move(W)];0
[NoOp, NoOp, NoOp, Move(W)];0
[NoOp, NoOp, NoOp, Move(N)];0
[NoOp, NoOp, NoOp, Move(W)];0
[NoOp, NoOp, NoOp, Move(W)];0
[NoOp, NoOp, NoOp, Move(S)];0
[Push(W,S), NoOp, NoOp, NoOp];0
[Pull(W,S), NoOp, NoOp, NoOp];0
[Move(W), NoOp, NoOp, NoOp];0
[Move(W), NoOp, NoOp, NoOp];0
[Move(W), NoOp, NoOp, NoOp];0
[Move(W), NoOp, NoOp, NoOp];0
[Move(W), NoOp, NoOp, NoOp];0
[Push(S,W), NoOp, NoOp, NoOp];15
[Push(W,N), NoOp, NoOp, NoOp];0
[Push(N,W), NoOp, NoOp, NoOp];0
[Push(W,W), NoOp, NoOp, NoOp];0
[Push(W,W), NoOp, NoOp, NoOp];0
[Push(W,W), NoOp, NoOp, NoOp];0
[Push(W,W), NoOp, NoOp, NoOp];0
[Push(W,S), NoOp, NoOp, NoOp];0
[Push(S,W), NoOp, NoOp, NoOp];0
[Push(W,W), NoOp, NoOp, NoOp];0
[Push(W,N), NoOp, NoOp, NoOp];0
[Push(N,W), NoOp, NoOp, NoOp];0
[Push(W,W), NoOp, NoOp, NoOp];0
[Push(W,W), NoOp, NoOp, NoOp];0
[Push(W,W), NoOp, NoOp, NoOp];0
9d2cb05b90975186c87b13635dd8fd62faae9b1e
successful
546
56
7fe2e6bd3d6166b9829c9efde75ac0c971c3f74b
1495034597870
