blue: 0,3,A,B,E
red: 1,4,D
green: 2,5,C,V,G,N,M,H
orange: F
++++++++++++++++++++++++++++++++++++++++++++++++++++++++++++++++++
+a  A  +  0      1     2        FFa  A  +  3      4     5        +
+++++  +                     +++FF++++  +                     ++++
+a  A  + BA     D  D    CC      FFa  A  + BA     D   D   CC      +
++++++ ++++a++d+++d++c++++++++++FF+++++ ++++a++d+++d++c+++++++++++
+         +b++ + + ++c++        FF         +b++ + + ++c++        +
+            +     +            FF            +     +            +
+            +D   D+            FF            +D   D+            +
+  +++++++++++D    +            FF  +++++++++++D    +            +
+A           +d   d+            FFA           +d   d+            +
+a++       + +++ +++            FFa++       + +++ +++            +
+b+B       + +++D+++            FFb+B       + +++D+++            +
+e+E       + +++d+++CVGNMH      FFe+E       + +++d+++CVGNMH      +
++++++++++++ +++d++++++++++++++hFF+++++++++++ +++d++++++++++++++h+
+            +++     DD      ++mFF            +++     DD      ++m+
+            +++             ++nFF            +++             ++n+
+            +++     dd      ++gFF            +++     dd      ++g+
+            +++     dd      ++vFF            +++     dd      ++v+
+            +++     DD      ++cFF            +++     DD      ++c+
++++++++++++++++++++++++++++++++++++++++++++++++++++++++++++++++++

[Move(E), NoOp, NoOp, NoOp, NoOp, NoOp];2483
[Move(S), NoOp, NoOp, NoOp, NoOp, NoOp];0
[Move(S), NoOp, NoOp, NoOp, NoOp, NoOp];0
[Move(S), NoOp, NoOp, NoOp, NoOp, NoOp];0
[Move(S), NoOp, NoOp, NoOp, NoOp, NoOp];0
[Move(S), NoOp, NoOp, NoOp, NoOp, NoOp];0
[Move(W), NoOp, NoOp, NoOp, NoOp, NoOp];0
[Move(W), NoOp, NoOp, NoOp, NoOp, NoOp];0
[Move(N), NoOp, NoOp, NoOp, NoOp, NoOp];0
[Move(W), NoOp, NoOp, NoOp, NoOp, NoOp];0
[Move(W), NoOp, NoOp, NoOp, NoOp, NoOp];0
[Move(W), NoOp, NoOp, NoOp, NoOp, NoOp];0
[Move(N), NoOp, NoOp, NoOp, NoOp, NoOp];0
[Move(N), NoOp, NoOp, NoOp, NoOp, NoOp];0
[Move(W), NoOp, NoOp, NoOp, NoOp, NoOp];0
[Push(W,W), NoOp, NoOp, NoOp, NoOp, NoOp];0
[Push(W,W), NoOp, NoOp, NoOp, NoOp, NoOp];0
[Push(W,W), NoOp, NoOp, NoOp, NoOp, NoOp];0
[Move(E), NoOp, NoOp, NoOp, NoOp, NoOp];0
[Move(E), NoOp, NoOp, NoOp, NoOp, NoOp];0
[Move(E), NoOp, NoOp, NoOp, NoOp, NoOp];0
[Move(N), NoOp, NoOp, NoOp, NoOp, NoOp];0
[Move(N), NoOp, NoOp, NoOp, NoOp, NoOp];0
[Push(W,W), NoOp, NoOp, NoOp, NoOp, NoOp];15
[Push(W,W), NoOp, NoOp, NoOp, NoOp, NoOp];0
[Push(W,W), NoOp, NoOp, NoOp, NoOp, NoOp];0
[Move(E), NoOp, NoOp, NoOp, NoOp, NoOp];16
[Move(E), NoOp, NoOp, NoOp, NoOp, NoOp];0
[Move(E), NoOp, NoOp, NoOp, NoOp, NoOp];0
[Move(E), NoOp, NoOp, NoOp, NoOp, NoOp];0
[Move(S), NoOp, NoOp, NoOp, NoOp, NoOp];0
[Move(S), NoOp, NoOp, NoOp, NoOp, NoOp];0
[Move(S), NoOp, NoOp, NoOp, NoOp, NoOp];0
[Move(S), NoOp, NoOp, NoOp, NoOp, NoOp];0
[Move(S), NoOp, NoOp, NoOp, NoOp, NoOp];0
[Move(S), NoOp, NoOp, NoOp, NoOp, NoOp];0
[Move(W), NoOp, NoOp, NoOp, NoOp, NoOp];0
[Move(W), NoOp, NoOp, NoOp, NoOp, NoOp];0
[Move(W), NoOp, NoOp, NoOp, NoOp, NoOp];0
[Move(W), NoOp, NoOp, NoOp, NoOp, NoOp];0
[Move(S), NoOp, NoOp, NoOp, NoOp, NoOp];0
[Move(S), NoOp, NoOp, NoOp, NoOp, NoOp];0
[Move(E), NoOp, NoOp, NoOp, NoOp, NoOp];0
[Move(E), NoOp, NoOp, NoOp, NoOp, NoOp];0
[Move(S), NoOp, NoOp, NoOp, NoOp, NoOp];0
[Move(S), NoOp, NoOp, NoOp, NoOp, NoOp];0
[Move(S), NoOp, NoOp, NoOp, NoOp, NoOp];0
[Move(N), NoOp, NoOp, NoOp, NoOp, NoOp];78
[Move(N), NoOp, NoOp, NoOp, NoOp, NoOp];0
[Move(N), NoOp, NoOp, NoOp, NoOp, NoOp];0
[Move(W), NoOp, NoOp, NoOp, NoOp, NoOp];0
[Move(W), NoOp, NoOp, NoOp, NoOp, NoOp];0
[Push(W,N), NoOp, NoOp, NoOp, NoOp, NoOp];0
[Move(E), NoOp, NoOp, NoOp, NoOp, NoOp];188
[Move(E), NoOp, NoOp, NoOp, NoOp, NoOp];0
[Move(E), NoOp, NoOp, NoOp, NoOp, NoOp];0
[Move(S), NoOp, NoOp, NoOp, NoOp, NoOp];0
[Move(S), NoOp, NoOp, NoOp, NoOp, NoOp];0
[Move(S), NoOp, NoOp, NoOp, NoOp, NoOp];0
[Pull(N,W), NoOp, NoOp, NoOp, NoOp, NoOp];0
[Pull(N,S), NoOp, NoOp, NoOp, NoOp, NoOp];0
[Pull(N,S), NoOp, NoOp, NoOp, NoOp, NoOp];0
[Pull(E,S), NoOp, NoOp, NoOp, NoOp, NoOp];0
[Push(W,W), NoOp, NoOp, NoOp, NoOp, NoOp];0
[Push(W,W), NoOp, NoOp, NoOp, NoOp, NoOp];0
[Push(W,W), NoOp, NoOp, NoOp, NoOp, NoOp];0
[Push(W,S), NoOp, NoOp, NoOp, NoOp, NoOp];0
[Push(S,S), NoOp, NoOp, NoOp, NoOp, NoOp];0
[Push(S,S), NoOp, NoOp, NoOp, NoOp, NoOp];0
[Move(N), NoOp, NoOp, NoOp, NoOp, NoOp];15
[Move(N), NoOp, NoOp, NoOp, NoOp, NoOp];0
[Move(E), NoOp, NoOp, NoOp, NoOp, NoOp];0
[Move(E), NoOp, NoOp, NoOp, NoOp, NoOp];0
[Move(E), NoOp, NoOp, NoOp, NoOp, NoOp];0
[Move(S), NoOp, NoOp, NoOp, NoOp, NoOp];0
[Move(S), NoOp, NoOp, NoOp, NoOp, NoOp];0
[Pull(N,W), NoOp, NoOp, NoOp, NoOp, NoOp];0
[Pull(N,S), NoOp, NoOp, NoOp, NoOp, NoOp];0
[Pull(E,S), NoOp, NoOp, NoOp, NoOp, NoOp];0
[Push(W,W), NoOp, NoOp, NoOp, NoOp, NoOp];0
[Push(W,W), NoOp, NoOp, NoOp, NoOp, NoOp];0
[Push(W,W), NoOp, NoOp, NoOp, NoOp, NoOp];0
[Push(W,S), NoOp, NoOp, NoOp, NoOp, NoOp];0
[Push(S,S), NoOp, NoOp, NoOp, NoOp, NoOp];0
[Move(N), NoOp, NoOp, NoOp, NoOp, NoOp];0
[Pull(E,N), NoOp, NoOp, NoOp, NoOp, NoOp];0
[Push(W,S), NoOp, NoOp, NoOp, NoOp, NoOp];0
[NoOp, NoOp, Move(S), NoOp, NoOp, NoOp];16
[NoOp, NoOp, Move(S), NoOp, NoOp, NoOp];0
[NoOp, NoOp, Move(W), NoOp, NoOp, NoOp];0
[NoOp, NoOp, Move(W), NoOp, NoOp, NoOp];0
[NoOp, NoOp, Move(S), NoOp, NoOp, NoOp];0
[NoOp, NoOp, Move(S), NoOp, NoOp, NoOp];0
[NoOp, NoOp, Move(S), NoOp, NoOp, NoOp];0
[NoOp, NoOp, Move(S), NoOp, NoOp, NoOp];0
[NoOp, NoOp, Move(S), NoOp, NoOp, NoOp];0
[NoOp, NoOp, Move(S), NoOp, NoOp, NoOp];0
[NoOp, NoOp, Move(S), NoOp, NoOp, NoOp];0
[NoOp, NoOp, Move(S), NoOp, NoOp, NoOp];0
[NoOp, NoOp, Move(W), NoOp, NoOp, NoOp];0
[NoOp, NoOp, Pull(E,S), NoOp, NoOp, NoOp];15
[NoOp, NoOp, Pull(N,W), NoOp, NoOp, NoOp];0
[NoOp, NoOp, Push(S,E), NoOp, NoOp, NoOp];0
[NoOp, NoOp, Push(E,E), NoOp, NoOp, NoOp];0
[NoOp, NoOp, Push(E,E), NoOp, NoOp, NoOp];0
[NoOp, NoOp, Push(E,E), NoOp, NoOp, NoOp];0
[NoOp, NoOp, Push(E,E), NoOp, NoOp, NoOp];0
[NoOp, NoOp, Push(E,E), NoOp, NoOp, NoOp];0
[NoOp, NoOp, Push(E,E), NoOp, NoOp, NoOp];0
[NoOp, NoOp, Push(E,E), NoOp, NoOp, NoOp];0
[NoOp, NoOp, Push(E,E), NoOp, NoOp, NoOp];0
[NoOp, NoOp, Push(E,E), NoOp, NoOp, NoOp];0
[NoOp, NoOp, Push(E,S), NoOp, NoOp, NoOp];0
[NoOp, NoOp, Push(S,S), NoOp, NoOp, NoOp];0
[NoOp, NoOp, Push(S,S), NoOp, NoOp, NoOp];0
[NoOp, NoOp, Push(S,S), NoOp, NoOp, NoOp];0
[NoOp, NoOp, Push(S,S), NoOp, NoOp, NoOp];0
[NoOp, NoOp, Push(S,S), NoOp, NoOp, NoOp];0
[NoOp, NoOp, Push(S,S), NoOp, NoOp, NoOp];0
[NoOp, NoOp, NoOp, Move(E), NoOp, NoOp];0
[NoOp, NoOp, NoOp, Move(S), NoOp, NoOp];0
[NoOp, NoOp, NoOp, Move(S), NoOp, NoOp];0
[NoOp, NoOp, NoOp, Move(S), NoOp, NoOp];0
[NoOp, NoOp, NoOp, Move(S), NoOp, NoOp];0
[NoOp, NoOp, NoOp, Move(S), NoOp, NoOp];0
[NoOp, NoOp, NoOp, Move(W), NoOp, NoOp];0
[NoOp, NoOp, NoOp, Move(W), NoOp, NoOp];0
[NoOp, NoOp, NoOp, Move(N), NoOp, NoOp];0
[NoOp, NoOp, NoOp, Move(W), NoOp, NoOp];0
[NoOp, NoOp, NoOp, Move(W), NoOp, NoOp];0
[NoOp, NoOp, NoOp, Move(W), NoOp, NoOp];0
[NoOp, NoOp, NoOp, Move(N), NoOp, NoOp];0
[NoOp, NoOp, NoOp, Move(N), NoOp, NoOp];0
[NoOp, NoOp, NoOp, Move(W), NoOp, NoOp];0
[NoOp, NoOp, NoOp, Push(W,W), NoOp, NoOp];0
[NoOp, NoOp, NoOp, Push(W,W), NoOp, NoOp];0
[NoOp, NoOp, NoOp, Push(W,W), NoOp, NoOp];0
[NoOp, NoOp, NoOp, Move(E), NoOp, NoOp];16
[NoOp, NoOp, NoOp, Move(E), NoOp, NoOp];0
[NoOp, NoOp, NoOp, Move(E), NoOp, NoOp];0
[NoOp, NoOp, NoOp, Move(N), NoOp, NoOp];0
[NoOp, NoOp, NoOp, Move(N), NoOp, NoOp];0
[NoOp, NoOp, NoOp, Push(W,W), NoOp, NoOp];0
[NoOp, NoOp, NoOp, Push(W,W), NoOp, NoOp];0
[NoOp, NoOp, NoOp, Push(W,W), NoOp, NoOp];0
[NoOp, NoOp, NoOp, Move(E), NoOp, NoOp];0
[NoOp, NoOp, NoOp, Move(E), NoOp, NoOp];0
[NoOp, NoOp, NoOp, Move(E), NoOp, NoOp];0
[NoOp, NoOp, NoOp, Move(E), NoOp, NoOp];0
[NoOp, NoOp, NoOp, Move(S), NoOp, NoOp];0
[NoOp, NoOp, NoOp, Move(S), NoOp, NoOp];0
[NoOp, NoOp, NoOp, Move(S), NoOp, NoOp];0
[NoOp, NoOp, NoOp, Move(S), NoOp, NoOp];0
[NoOp, NoOp, NoOp, Move(S), NoOp, NoOp];0
[NoOp, NoOp, NoOp, Move(S), NoOp, NoOp];0
[NoOp, NoOp, NoOp, Move(W), NoOp, NoOp];0
[NoOp, NoOp, NoOp, Move(W), NoOp, NoOp];0
[NoOp, NoOp, NoOp, Move(W), NoOp, NoOp];0
[NoOp, NoOp, NoOp, Move(W), NoOp, NoOp];0
[NoOp, NoOp, NoOp, Move(S), NoOp, NoOp];0
[NoOp, NoOp, NoOp, Move(S), NoOp, NoOp];0
[NoOp, NoOp, NoOp, Move(E), NoOp, NoOp];0
[NoOp, NoOp, NoOp, Move(E), NoOp, NoOp];0
[NoOp, NoOp, NoOp, Move(S), NoOp, NoOp];0
[NoOp, NoOp, NoOp, Move(S), NoOp, NoOp];0
[NoOp, NoOp, NoOp, Move(S), NoOp, NoOp];0
[NoOp, NoOp, NoOp, Move(N), NoOp, NoOp];31
[NoOp, NoOp, NoOp, Move(N), NoOp, NoOp];0
[NoOp, NoOp, NoOp, Move(N), NoOp, NoOp];0
[NoOp, NoOp, NoOp, Move(W), NoOp, NoOp];0
[NoOp, NoOp, NoOp, Move(W), NoOp, NoOp];0
[NoOp, NoOp, NoOp, Push(W,N), NoOp, NoOp];0
[NoOp, NoOp, NoOp, Move(E), NoOp, NoOp];94
[NoOp, NoOp, NoOp, Move(E), NoOp, NoOp];0
[NoOp, NoOp, NoOp, Move(E), NoOp, NoOp];0
[NoOp, NoOp, NoOp, Move(S), NoOp, NoOp];0
[NoOp, NoOp, NoOp, Move(S), NoOp, NoOp];0
[NoOp, NoOp, NoOp, Move(S), NoOp, NoOp];0
[NoOp, NoOp, NoOp, Pull(N,W), NoOp, NoOp];0
[NoOp, NoOp, NoOp, Pull(N,S), NoOp, NoOp];0
[NoOp, NoOp, NoOp, Pull(N,S), NoOp, NoOp];0
[NoOp, NoOp, NoOp, Pull(E,S), NoOp, NoOp];0
[NoOp, NoOp, NoOp, Push(W,W), NoOp, NoOp];0
[NoOp, NoOp, NoOp, Push(W,W), NoOp, NoOp];0
[NoOp, NoOp, NoOp, Push(W,W), NoOp, NoOp];0
[NoOp, NoOp, NoOp, Push(W,S), NoOp, NoOp];0
[NoOp, NoOp, NoOp, Push(S,S), NoOp, NoOp];0
[NoOp, NoOp, NoOp, Push(S,S), NoOp, NoOp];0
[NoOp, NoOp, NoOp, Move(N), NoOp, NoOp];0
[NoOp, NoOp, NoOp, Move(N), NoOp, NoOp];0
[NoOp, NoOp, NoOp, Move(E), NoOp, NoOp];0
[NoOp, NoOp, NoOp, Move(E), NoOp, NoOp];0
[NoOp, NoOp, NoOp, Move(E), NoOp, NoOp];0
[NoOp, NoOp, NoOp, Move(S), NoOp, NoOp];0
[NoOp, NoOp, NoOp, Move(S), NoOp, NoOp];0
[NoOp, NoOp, NoOp, Pull(N,W), NoOp, NoOp];0
[NoOp, NoOp, NoOp, Pull(N,S), NoOp, NoOp];0
[NoOp, NoOp, NoOp, Pull(E,S), NoOp, NoOp];0
[NoOp, NoOp, NoOp, Push(W,W), NoOp, NoOp];0
[NoOp, NoOp, NoOp, Push(W,W), NoOp, NoOp];0
[NoOp, NoOp, NoOp, Push(W,W), NoOp, NoOp];0
[NoOp, NoOp, NoOp, Push(W,S), NoOp, NoOp];0
[NoOp, NoOp, NoOp, Push(S,S), NoOp, NoOp];0
[NoOp, NoOp, NoOp, Move(N), NoOp, NoOp];0
[NoOp, NoOp, NoOp, Pull(E,N), NoOp, NoOp];16
[NoOp, NoOp, NoOp, Push(W,S), NoOp, NoOp];0
[NoOp, NoOp, NoOp, NoOp, NoOp, Move(S)];0
[NoOp, NoOp, NoOp, NoOp, NoOp, Move(S)];0
[NoOp, NoOp, NoOp, NoOp, NoOp, Move(W)];0
[NoOp, NoOp, NoOp, NoOp, NoOp, Move(W)];0
[NoOp, NoOp, NoOp, NoOp, NoOp, Move(S)];0
[NoOp, NoOp, NoOp, NoOp, NoOp, Move(S)];0
[NoOp, NoOp, NoOp, NoOp, NoOp, Move(S)];0
[NoOp, NoOp, NoOp, NoOp, NoOp, Move(S)];0
[NoOp, NoOp, NoOp, NoOp, NoOp, Move(S)];0
[NoOp, NoOp, NoOp, NoOp, NoOp, Move(S)];0
[NoOp, NoOp, NoOp, NoOp, NoOp, Move(S)];0
[NoOp, NoOp, NoOp, NoOp, NoOp, Move(S)];0
[NoOp, NoOp, NoOp, NoOp, NoOp, Move(W)];0
[NoOp, NoOp, NoOp, NoOp, NoOp, Pull(E,S)];15
[NoOp, NoOp, NoOp, NoOp, NoOp, Pull(N,W)];0
[NoOp, NoOp, NoOp, NoOp, NoOp, Push(S,E)];0
[NoOp, NoOp, NoOp, NoOp, NoOp, Push(E,E)];0
[NoOp, NoOp, NoOp, NoOp, NoOp, Push(E,E)];0
[NoOp, NoOp, NoOp, NoOp, NoOp, Push(E,E)];0
[NoOp, NoOp, NoOp, NoOp, NoOp, Push(E,E)];0
[NoOp, NoOp, NoOp, NoOp, NoOp, Push(E,E)];0
[NoOp, NoOp, NoOp, NoOp, NoOp, Push(E,E)];0
[NoOp, NoOp, NoOp, NoOp, NoOp, Push(E,E)];0
[NoOp, NoOp, NoOp, NoOp, NoOp, Push(E,E)];0
[NoOp, NoOp, NoOp, NoOp, NoOp, Push(E,E)];0
[NoOp, NoOp, NoOp, NoOp, NoOp, Push(E,S)];0
[NoOp, NoOp, NoOp, NoOp, NoOp, Push(S,S)];0
[NoOp, NoOp, NoOp, NoOp, NoOp, Push(S,S)];0
[NoOp, NoOp, NoOp, NoOp, NoOp, Push(S,S)];0
[NoOp, NoOp, NoOp, NoOp, NoOp, Push(S,S)];0
[NoOp, NoOp, NoOp, NoOp, NoOp, Push(S,S)];0
[NoOp, NoOp, NoOp, NoOp, NoOp, Push(S,S)];0
[NoOp, NoOp, NoOp, NoOp, NoOp, Move(N)];0
[NoOp, NoOp, NoOp, NoOp, NoOp, Move(N)];0
[NoOp, NoOp, NoOp, NoOp, NoOp, Move(N)];0
[NoOp, NoOp, NoOp, NoOp, NoOp, Move(N)];0
[NoOp, NoOp, NoOp, NoOp, NoOp, Move(N)];0
[NoOp, NoOp, NoOp, NoOp, NoOp, Move(W)];0
[NoOp, NoOp, NoOp, NoOp, NoOp, Move(W)];0
[NoOp, NoOp, NoOp, NoOp, NoOp, Move(W)];0
[NoOp, NoOp, NoOp, NoOp, NoOp, Move(W)];0
[NoOp, NoOp, NoOp, NoOp, NoOp, Move(W)];0
[NoOp, NoOp, NoOp, NoOp, NoOp, Push(W,N)];0
[NoOp, NoOp, NoOp, NoOp, NoOp, Push(W,N)];0
[NoOp, NoOp, NoOp, NoOp, NoOp, Push(W,N)];0
[NoOp, NoOp, NoOp, NoOp, NoOp, Push(W,N)];0
[NoOp, NoOp, NoOp, NoOp, NoOp, Pull(E,W)];16
[NoOp, NoOp, NoOp, NoOp, NoOp, Pull(E,W)];0
[NoOp, NoOp, NoOp, NoOp, NoOp, Pull(E,W)];0
[NoOp, NoOp, NoOp, NoOp, NoOp, Pull(E,W)];0
[NoOp, NoOp, NoOp, NoOp, NoOp, Pull(N,W)];0
[NoOp, NoOp, NoOp, NoOp, NoOp, Push(S,E)];0
[NoOp, NoOp, NoOp, NoOp, NoOp, Push(E,E)];0
[NoOp, NoOp, NoOp, NoOp, NoOp, Push(E,E)];0
[NoOp, NoOp, NoOp, NoOp, NoOp, Push(E,E)];0
[NoOp, NoOp, NoOp, NoOp, NoOp, Push(E,E)];0
[NoOp, NoOp, NoOp, NoOp, NoOp, Push(E,S)];0
[NoOp, NoOp, NoOp, NoOp, NoOp, Push(S,S)];0
[NoOp, NoOp, NoOp, NoOp, NoOp, Push(S,S)];0
[NoOp, NoOp, NoOp, NoOp, NoOp, Push(S,S)];0
[NoOp, NoOp, NoOp, NoOp, NoOp, Push(S,S)];0
[NoOp, NoOp, NoOp, NoOp, NoOp, Move(N)];0
[NoOp, NoOp, NoOp, NoOp, NoOp, Move(N)];0
[NoOp, NoOp, NoOp, NoOp, NoOp, Move(N)];0
[NoOp, NoOp, NoOp, NoOp, NoOp, Move(N)];0
[NoOp, NoOp, NoOp, NoOp, NoOp, Move(N)];0
[NoOp, NoOp, NoOp, NoOp, NoOp, Move(W)];0
[NoOp, NoOp, NoOp, NoOp, NoOp, Move(W)];0
[NoOp, NoOp, NoOp, NoOp, NoOp, Move(W)];0
[NoOp, NoOp, NoOp, NoOp, NoOp, Move(W)];0
[NoOp, NoOp, NoOp, NoOp, NoOp, Move(W)];0
[NoOp, NoOp, NoOp, NoOp, NoOp, Push(W,S)];0
[NoOp, NoOp, NoOp, NoOp, NoOp, Pull(N,S)];0
[NoOp, NoOp, NoOp, NoOp, NoOp, Move(W)];0
[NoOp, NoOp, NoOp, NoOp, NoOp, Move(W)];0
[NoOp, NoOp, NoOp, NoOp, NoOp, Move(W)];0
[NoOp, NoOp, NoOp, NoOp, NoOp, Push(S,S)];16
[NoOp, NoOp, NoOp, NoOp, NoOp, Push(S,E)];0
[NoOp, NoOp, NoOp, NoOp, NoOp, Push(E,E)];0
[NoOp, NoOp, NoOp, NoOp, NoOp, Push(E,E)];0
[NoOp, NoOp, NoOp, NoOp, NoOp, Push(E,E)];0
[NoOp, NoOp, NoOp, NoOp, NoOp, Push(E,E)];0
[NoOp, NoOp, NoOp, NoOp, NoOp, Push(E,E)];0
[NoOp, NoOp, NoOp, NoOp, NoOp, Push(E,E)];0
[NoOp, NoOp, NoOp, NoOp, NoOp, Push(E,E)];0
[NoOp, NoOp, NoOp, NoOp, NoOp, Push(E,E)];0
[NoOp, NoOp, NoOp, NoOp, NoOp, Push(E,S)];0
[NoOp, NoOp, NoOp, NoOp, NoOp, Push(S,S)];0
[NoOp, NoOp, NoOp, NoOp, NoOp, Push(S,S)];0
[NoOp, NoOp, NoOp, NoOp, NoOp, Push(S,S)];0
[NoOp, NoOp, NoOp, NoOp, NoOp, Move(N)];0
[NoOp, NoOp, NoOp, NoOp, NoOp, Move(N)];0
[NoOp, NoOp, NoOp, NoOp, NoOp, Move(N)];0
[NoOp, NoOp, NoOp, NoOp, NoOp, Move(N)];0
[NoOp, NoOp, NoOp, NoOp, NoOp, Move(W)];0
[NoOp, NoOp, NoOp, NoOp, NoOp, Move(W)];0
[NoOp, NoOp, NoOp, NoOp, NoOp, Move(W)];0
[NoOp, NoOp, NoOp, NoOp, NoOp, Move(W)];0
[NoOp, NoOp, NoOp, NoOp, NoOp, Move(W)];0
[NoOp, NoOp, NoOp, NoOp, NoOp, Push(W,N)];0
[NoOp, NoOp, NoOp, NoOp, NoOp, Push(W,N)];0
[NoOp, NoOp, NoOp, NoOp, NoOp, Push(W,S)];0
[NoOp, NoOp, NoOp, NoOp, NoOp, Push(S,E)];0
[NoOp, NoOp, NoOp, NoOp, NoOp, Push(E,E)];0
[NoOp, NoOp, NoOp, NoOp, NoOp, Push(E,E)];0
[NoOp, NoOp, NoOp, NoOp, NoOp, Push(E,E)];0
[NoOp, NoOp, NoOp, NoOp, NoOp, Push(E,E)];0
[NoOp, NoOp, NoOp, NoOp, NoOp, Push(E,E)];0
[NoOp, NoOp, NoOp, NoOp, NoOp, Push(E,E)];0
[NoOp, NoOp, NoOp, NoOp, NoOp, Push(E,E)];0
[NoOp, NoOp, NoOp, NoOp, NoOp, Push(E,S)];0
[NoOp, NoOp, NoOp, NoOp, NoOp, Push(S,S)];0
[NoOp, NoOp, NoOp, NoOp, NoOp, Push(S,S)];0
[NoOp, NoOp, NoOp, NoOp, NoOp, Move(N)];15
[NoOp, NoOp, NoOp, NoOp, NoOp, Move(N)];0
[NoOp, NoOp, NoOp, NoOp, NoOp, Move(N)];0
[NoOp, NoOp, NoOp, NoOp, NoOp, Move(N)];0
[NoOp, NoOp, NoOp, NoOp, NoOp, Move(W)];0
[NoOp, NoOp, NoOp, NoOp, NoOp, Move(W)];0
[NoOp, NoOp, NoOp, NoOp, NoOp, Move(W)];0
[NoOp, NoOp, NoOp, NoOp, NoOp, Move(W)];0
[NoOp, NoOp, NoOp, NoOp, NoOp, Move(W)];0
[NoOp, NoOp, NoOp, NoOp, NoOp, Push(W,N)];0
[NoOp, NoOp, NoOp, NoOp, NoOp, Push(W,S)];0
[NoOp, NoOp, NoOp, NoOp, NoOp, Push(S,E)];0
[NoOp, NoOp, NoOp, NoOp, NoOp, Push(E,E)];0
[NoOp, NoOp, NoOp, NoOp, NoOp, Push(E,E)];0
[NoOp, NoOp, NoOp, NoOp, NoOp, Push(E,E)];0
[NoOp, NoOp, NoOp, NoOp, NoOp, Push(E,E)];0
[NoOp, NoOp, NoOp, NoOp, NoOp, Push(E,E)];0
[NoOp, NoOp, NoOp, NoOp, NoOp, Push(E,E)];0
[NoOp, NoOp, NoOp, NoOp, NoOp, Push(E,S)];0
[NoOp, NoOp, NoOp, NoOp, NoOp, Push(S,S)];0
[NoOp, NoOp, NoOp, NoOp, NoOp, Push(S,S)];0
[NoOp, NoOp, NoOp, NoOp, NoOp, Move(N)];0
[NoOp, NoOp, NoOp, NoOp, NoOp, Move(N)];0
[NoOp, NoOp, NoOp, NoOp, NoOp, Move(N)];0
[NoOp, NoOp, NoOp, NoOp, NoOp, Move(N)];0
[NoOp, NoOp, NoOp, NoOp, NoOp, Move(W)];0
[NoOp, NoOp, NoOp, NoOp, NoOp, Move(W)];0
[NoOp, NoOp, NoOp, NoOp, NoOp, Move(W)];0
[NoOp, NoOp, NoOp, NoOp, NoOp, Move(W)];0
[NoOp, NoOp, NoOp, NoOp, NoOp, Move(W)];0
[NoOp, NoOp, NoOp, NoOp, NoOp, Push(W,S)];16
[NoOp, NoOp, NoOp, NoOp, NoOp, Push(S,E)];0
[NoOp, NoOp, NoOp, NoOp, NoOp, Push(E,E)];0
[NoOp, NoOp, NoOp, NoOp, NoOp, Push(E,E)];0
[NoOp, NoOp, NoOp, NoOp, NoOp, Push(E,E)];0
[NoOp, NoOp, NoOp, NoOp, NoOp, Push(E,E)];0
[NoOp, NoOp, NoOp, NoOp, NoOp, Push(E,E)];0
[NoOp, NoOp, NoOp, NoOp, NoOp, Push(E,S)];0
[NoOp, NoOp, NoOp, NoOp, NoOp, Push(S,S)];0
[NoOp, NoOp, NoOp, NoOp, NoOp, Push(S,S)];0
[NoOp, NoOp, Move(N), NoOp, NoOp, NoOp];0
[NoOp, NoOp, Move(N), NoOp, NoOp, NoOp];0
[NoOp, NoOp, Move(N), NoOp, NoOp, NoOp];0
[NoOp, NoOp, Move(N), NoOp, NoOp, NoOp];0
[NoOp, NoOp, Move(N), NoOp, NoOp, NoOp];0
[NoOp, NoOp, Move(W), NoOp, NoOp, NoOp];0
[NoOp, NoOp, Move(W), NoOp, NoOp, NoOp];0
[NoOp, NoOp, Move(W), NoOp, NoOp, NoOp];0
[NoOp, NoOp, Move(W), NoOp, NoOp, NoOp];0
[NoOp, NoOp, Move(W), NoOp, NoOp, NoOp];0
[NoOp, NoOp, Push(W,N), NoOp, NoOp, NoOp];0
[NoOp, NoOp, Push(W,N), NoOp, NoOp, NoOp];0
[NoOp, NoOp, Push(W,N), NoOp, NoOp, NoOp];0
[NoOp, NoOp, Push(W,N), NoOp, NoOp, NoOp];0
[NoOp, NoOp, Pull(E,W), NoOp, NoOp, NoOp];0
[NoOp, NoOp, Pull(E,W), NoOp, NoOp, NoOp];0
[NoOp, NoOp, Pull(E,W), NoOp, NoOp, NoOp];0
[NoOp, NoOp, Pull(E,W), NoOp, NoOp, NoOp];0
[NoOp, NoOp, Pull(N,W), NoOp, NoOp, NoOp];0
[NoOp, NoOp, Push(S,E), NoOp, NoOp, NoOp];0
[NoOp, NoOp, Push(E,E), NoOp, NoOp, NoOp];15
[NoOp, NoOp, Push(E,E), NoOp, NoOp, NoOp];0
[NoOp, NoOp, Push(E,E), NoOp, NoOp, NoOp];0
[NoOp, NoOp, Push(E,E), NoOp, NoOp, NoOp];0
[NoOp, NoOp, Push(E,S), NoOp, NoOp, NoOp];0
[NoOp, NoOp, Push(S,S), NoOp, NoOp, NoOp];0
[NoOp, NoOp, Push(S,S), NoOp, NoOp, NoOp];0
[NoOp, NoOp, Push(S,S), NoOp, NoOp, NoOp];0
[NoOp, NoOp, Push(S,S), NoOp, NoOp, NoOp];0
[NoOp, NoOp, Move(N), NoOp, NoOp, NoOp];0
[NoOp, NoOp, Move(N), NoOp, NoOp, NoOp];0
[NoOp, NoOp, Move(N), NoOp, NoOp, NoOp];0
[NoOp, NoOp, Move(N), NoOp, NoOp, NoOp];0
[NoOp, NoOp, Move(N), NoOp, NoOp, NoOp];0
[NoOp, NoOp, Move(W), NoOp, NoOp, NoOp];0
[NoOp, NoOp, Move(W), NoOp, NoOp, NoOp];0
[NoOp, NoOp, Move(W), NoOp, NoOp, NoOp];0
[NoOp, NoOp, Move(W), NoOp, NoOp, NoOp];0
[NoOp, NoOp, Move(W), NoOp, NoOp, NoOp];0
[NoOp, NoOp, Push(W,S), NoOp, NoOp, NoOp];0
[NoOp, NoOp, Pull(N,S), NoOp, NoOp, NoOp];0
[NoOp, NoOp, Move(W), NoOp, NoOp, NoOp];0
[NoOp, NoOp, Move(W), NoOp, NoOp, NoOp];0
[NoOp, NoOp, Move(W), NoOp, NoOp, NoOp];0
[NoOp, NoOp, Push(S,S), NoOp, NoOp, NoOp];0
[NoOp, NoOp, Push(S,E), NoOp, NoOp, NoOp];0
[NoOp, NoOp, Push(E,E), NoOp, NoOp, NoOp];0
[NoOp, NoOp, Push(E,E), NoOp, NoOp, NoOp];0
[NoOp, NoOp, Push(E,E), NoOp, NoOp, NoOp];0
[NoOp, NoOp, Push(E,E), NoOp, NoOp, NoOp];0
[NoOp, NoOp, Push(E,E), NoOp, NoOp, NoOp];0
[NoOp, NoOp, Push(E,E), NoOp, NoOp, NoOp];0
[NoOp, NoOp, Push(E,E), NoOp, NoOp, NoOp];0
[NoOp, NoOp, Push(E,E), NoOp, NoOp, NoOp];0
[NoOp, NoOp, Push(E,S), NoOp, NoOp, NoOp];0
[NoOp, NoOp, Push(S,S), NoOp, NoOp, NoOp];0
[NoOp, NoOp, Push(S,S), NoOp, NoOp, NoOp];0
[NoOp, NoOp, Push(S,S), NoOp, NoOp, NoOp];0
[NoOp, NoOp, Move(N), NoOp, NoOp, NoOp];16
[NoOp, NoOp, Move(N), NoOp, NoOp, NoOp];0
[NoOp, NoOp, Move(N), NoOp, NoOp, NoOp];0
[NoOp, NoOp, Move(N), NoOp, NoOp, NoOp];0
[NoOp, NoOp, Move(W), NoOp, NoOp, NoOp];0
[NoOp, NoOp, Move(W), NoOp, NoOp, NoOp];0
[NoOp, NoOp, Move(W), NoOp, NoOp, NoOp];0
[NoOp, NoOp, Move(W), NoOp, NoOp, NoOp];0
[NoOp, NoOp, Move(W), NoOp, NoOp, NoOp];0
[NoOp, NoOp, Push(W,N), NoOp, NoOp, NoOp];0
[NoOp, NoOp, Push(W,N), NoOp, NoOp, NoOp];0
[NoOp, NoOp, Push(W,S), NoOp, NoOp, NoOp];0
[NoOp, NoOp, Push(S,E), NoOp, NoOp, NoOp];0
[NoOp, NoOp, Push(E,E), NoOp, NoOp, NoOp];0
[NoOp, NoOp, Push(E,E), NoOp, NoOp, NoOp];0
[NoOp, NoOp, Push(E,E), NoOp, NoOp, NoOp];0
[NoOp, NoOp, Push(E,E), NoOp, NoOp, NoOp];0
[NoOp, NoOp, Push(E,E), NoOp, NoOp, NoOp];0
[NoOp, NoOp, Push(E,E), NoOp, NoOp, NoOp];0
[NoOp, NoOp, Push(E,E), NoOp, NoOp, NoOp];0
[NoOp, NoOp, Push(E,S), NoOp, NoOp, NoOp];0
[NoOp, NoOp, Push(S,S), NoOp, NoOp, NoOp];0
[NoOp, NoOp, Push(S,S), NoOp, NoOp, NoOp];0
[NoOp, NoOp, Move(N), NoOp, NoOp, NoOp];0
[NoOp, NoOp, Move(N), NoOp, NoOp, NoOp];0
[NoOp, NoOp, Move(N), NoOp, NoOp, NoOp];0
[NoOp, NoOp, Move(N), NoOp, NoOp, NoOp];0
[NoOp, NoOp, Move(W), NoOp, NoOp, NoOp];0
[NoOp, NoOp, Move(W), NoOp, NoOp, NoOp];0
[NoOp, NoOp, Move(W), NoOp, NoOp, NoOp];0
[NoOp, NoOp, Move(W), NoOp, NoOp, NoOp];0
[NoOp, NoOp, Move(W), NoOp, NoOp, NoOp];0
[NoOp, NoOp, Push(W,N), NoOp, NoOp, NoOp];0
[NoOp, NoOp, Push(W,S), NoOp, NoOp, NoOp];16
[NoOp, NoOp, Push(S,E), NoOp, NoOp, NoOp];0
[NoOp, NoOp, Push(E,E), NoOp, NoOp, NoOp];0
[NoOp, NoOp, Push(E,E), NoOp, NoOp, NoOp];0
[NoOp, NoOp, Push(E,E), NoOp, NoOp, NoOp];0
[NoOp, NoOp, Push(E,E), NoOp, NoOp, NoOp];0
[NoOp, NoOp, Push(E,E), NoOp, NoOp, NoOp];0
[NoOp, NoOp, Push(E,E), NoOp, NoOp, NoOp];0
[NoOp, NoOp, Push(E,S), NoOp, NoOp, NoOp];0
[NoOp, NoOp, Push(S,S), NoOp, NoOp, NoOp];0
[NoOp, NoOp, Push(S,S), NoOp, NoOp, NoOp];0
[NoOp, NoOp, Move(N), NoOp, NoOp, NoOp];0
[NoOp, NoOp, Move(N), NoOp, NoOp, NoOp];0
[NoOp, NoOp, Move(N), NoOp, NoOp, NoOp];0
[NoOp, NoOp, Move(N), NoOp, NoOp, NoOp];0
[NoOp, NoOp, Move(W), NoOp, NoOp, NoOp];0
[NoOp, NoOp, Move(W), NoOp, NoOp, NoOp];0
[NoOp, NoOp, Move(W), NoOp, NoOp, NoOp];0
[NoOp, NoOp, Move(W), NoOp, NoOp, NoOp];0
[NoOp, NoOp, Move(W), NoOp, NoOp, NoOp];0
[NoOp, NoOp, Push(W,S), NoOp, NoOp, NoOp];0
[NoOp, NoOp, Push(S,E), NoOp, NoOp, NoOp];0
[NoOp, NoOp, Push(E,E), NoOp, NoOp, NoOp];0
[NoOp, NoOp, Push(E,E), NoOp, NoOp, NoOp];0
[NoOp, NoOp, Push(E,E), NoOp, NoOp, NoOp];0
[NoOp, NoOp, Push(E,E), NoOp, NoOp, NoOp];0
[NoOp, NoOp, Push(E,E), NoOp, NoOp, NoOp];0
[NoOp, NoOp, Push(E,S), NoOp, NoOp, NoOp];0
[NoOp, NoOp, Push(S,S), NoOp, NoOp, NoOp];0
[NoOp, NoOp, Push(S,S), NoOp, NoOp, NoOp];0
[NoOp, NoOp, Move(N), NoOp, NoOp, NoOp];15
[NoOp, NoOp, Move(N), NoOp, NoOp, NoOp];0
[NoOp, NoOp, Move(N), NoOp, NoOp, NoOp];0
[NoOp, NoOp, Move(N), NoOp, NoOp, NoOp];0
[NoOp, NoOp, Move(N), NoOp, NoOp, NoOp];0
[NoOp, NoOp, Move(N), NoOp, NoOp, NoOp];0
[NoOp, NoOp, Move(W), NoOp, NoOp, NoOp];0
[NoOp, NoOp, Move(W), NoOp, NoOp, NoOp];0
[NoOp, NoOp, Move(W), NoOp, NoOp, NoOp];0
[NoOp, NoOp, Move(W), NoOp, NoOp, NoOp];0
[NoOp, NoOp, Move(W), NoOp, NoOp, NoOp];0
[NoOp, NoOp, Move(W), NoOp, NoOp, NoOp];0
[NoOp, NoOp, Move(W), NoOp, NoOp, NoOp];0
[NoOp, NoOp, Move(W), NoOp, NoOp, NoOp];0
[NoOp, NoOp, Move(W), NoOp, NoOp, NoOp];0
[NoOp, NoOp, Move(W), NoOp, NoOp, NoOp];0
[NoOp, NoOp, Move(N), NoOp, NoOp, NoOp];0
[NoOp, NoOp, Move(N), NoOp, NoOp, NoOp];0
[NoOp, NoOp, Move(N), NoOp, NoOp, NoOp];0
[NoOp, NoOp, Move(E), NoOp, NoOp, NoOp];0
[NoOp, NoOp, Move(E), NoOp, NoOp, NoOp];0
[NoOp, NoOp, Pull(N,E), NoOp, NoOp, NoOp];0
[NoOp, NoOp, Push(S,W), NoOp, NoOp, NoOp];0
[NoOp, NoOp, Push(W,W), NoOp, NoOp, NoOp];0
[NoOp, NoOp, Push(W,S), NoOp, NoOp, NoOp];0
[NoOp, NoOp, Push(S,S), NoOp, NoOp, NoOp];0
[NoOp, NoOp, Move(N), NoOp, NoOp, NoOp];0
[NoOp, NoOp, Move(E), NoOp, NoOp, NoOp];0
[NoOp, NoOp, Move(E), NoOp, NoOp, NoOp];0
[NoOp, NoOp, Move(E), NoOp, NoOp, NoOp];0
[NoOp, NoOp, Pull(N,E), NoOp, NoOp, NoOp];0
[NoOp, NoOp, Push(S,W), NoOp, NoOp, NoOp];0
[NoOp, NoOp, Push(W,W), NoOp, NoOp, NoOp];0
[NoOp, NoOp, Push(W,W), NoOp, NoOp, NoOp];0
[NoOp, NoOp, Push(W,S), NoOp, NoOp, NoOp];0
[NoOp, Move(E), NoOp, NoOp, NoOp, NoOp];0
[NoOp, Move(E), NoOp, NoOp, NoOp, NoOp];0
[NoOp, Move(S), NoOp, NoOp, NoOp, NoOp];0
[NoOp, Push(S,W), NoOp, NoOp, NoOp, NoOp];0
[NoOp, Push(W,S), NoOp, NoOp, NoOp, NoOp];0
[NoOp, Push(S,S), NoOp, NoOp, NoOp, NoOp];0
[NoOp, Push(S,S), NoOp, NoOp, NoOp, NoOp];0
[NoOp, Push(S,W), NoOp, NoOp, NoOp, NoOp];0
[NoOp, Push(S,S), NoOp, NoOp, NoOp, NoOp];16
[NoOp, Push(S,S), NoOp, NoOp, NoOp, NoOp];0
[NoOp, Move(N), NoOp, NoOp, NoOp, NoOp];0
[NoOp, Move(N), NoOp, NoOp, NoOp, NoOp];0
[NoOp, Pull(N,W), NoOp, NoOp, NoOp, NoOp];0
[NoOp, Pull(N,S), NoOp, NoOp, NoOp, NoOp];0
[NoOp, Pull(N,S), NoOp, NoOp, NoOp, NoOp];0
[NoOp, Move(W), NoOp, NoOp, NoOp, NoOp];0
[NoOp, Push(W,N), NoOp, NoOp, NoOp, NoOp];0
[NoOp, Pull(W,N), NoOp, NoOp, NoOp, NoOp];0
[NoOp, Move(W), NoOp, NoOp, NoOp, NoOp];0
[NoOp, Move(S), NoOp, NoOp, NoOp, NoOp];0
[NoOp, Move(S), NoOp, NoOp, NoOp, NoOp];0
[NoOp, Move(S), NoOp, NoOp, NoOp, NoOp];0
[NoOp, Move(E), NoOp, NoOp, NoOp, NoOp];0
[NoOp, Move(S), NoOp, NoOp, NoOp, NoOp];0
[NoOp, Pull(S,W), NoOp, NoOp, NoOp, NoOp];0
[NoOp, Pull(E,N), NoOp, NoOp, NoOp, NoOp];0
[NoOp, Push(W,S), NoOp, NoOp, NoOp, NoOp];0
[NoOp, Push(S,W), NoOp, NoOp, NoOp, NoOp];0
[NoOp, Move(N), NoOp, NoOp, NoOp, NoOp];0
[NoOp, Move(E), NoOp, NoOp, NoOp, NoOp];16
[NoOp, Move(S), NoOp, NoOp, NoOp, NoOp];0
[NoOp, Move(S), NoOp, NoOp, NoOp, NoOp];0
[NoOp, Pull(N,S), NoOp, NoOp, NoOp, NoOp];0
[NoOp, Pull(N,S), NoOp, NoOp, NoOp, NoOp];0
[NoOp, Pull(N,S), NoOp, NoOp, NoOp, NoOp];0
[NoOp, Move(W), NoOp, NoOp, NoOp, NoOp];0
[NoOp, Move(S), NoOp, NoOp, NoOp, NoOp];0
[NoOp, Pull(N,W), NoOp, NoOp, NoOp, NoOp];0
[NoOp, Push(S,S), NoOp, NoOp, NoOp, NoOp];0
[NoOp, Push(S,E), NoOp, NoOp, NoOp, NoOp];0
[NoOp, Push(E,S), NoOp, NoOp, NoOp, NoOp];0
[NoOp, Push(S,S), NoOp, NoOp, NoOp, NoOp];0
[NoOp, Push(S,S), NoOp, NoOp, NoOp, NoOp];0
[NoOp, Move(N), NoOp, NoOp, NoOp, NoOp];0
[NoOp, Move(N), NoOp, NoOp, NoOp, NoOp];0
[NoOp, Move(S), NoOp, NoOp, NoOp, NoOp];46
[NoOp, Move(S), NoOp, NoOp, NoOp, NoOp];0
[NoOp, Pull(N,S), NoOp, NoOp, NoOp, NoOp];16
[NoOp, Pull(N,S), NoOp, NoOp, NoOp, NoOp];0
[NoOp, Pull(E,S), NoOp, NoOp, NoOp, NoOp];0
[NoOp, Push(W,W), NoOp, NoOp, NoOp, NoOp];0
[NoOp, Pull(E,N), NoOp, NoOp, NoOp, NoOp];0
[NoOp, Push(W,S), NoOp, NoOp, NoOp, NoOp];0
[NoOp, Push(S,S), NoOp, NoOp, NoOp, NoOp];0
[NoOp, Push(S,S), NoOp, NoOp, NoOp, NoOp];0
[NoOp, Push(S,S), NoOp, NoOp, NoOp, NoOp];0
[NoOp, Move(N), NoOp, NoOp, NoOp, NoOp];0
[NoOp, Move(N), NoOp, NoOp, NoOp, NoOp];0
[NoOp, Move(N), NoOp, NoOp, NoOp, NoOp];0
[NoOp, Pull(N,W), NoOp, NoOp, NoOp, NoOp];0
[NoOp, Push(S,S), NoOp, NoOp, NoOp, NoOp];0
[NoOp, Push(S,S), NoOp, NoOp, NoOp, NoOp];0
[NoOp, Push(S,S), NoOp, NoOp, NoOp, NoOp];0
[NoOp, Move(N), NoOp, NoOp, NoOp, NoOp];0
[NoOp, Move(N), NoOp, NoOp, NoOp, NoOp];0
[NoOp, Move(N), NoOp, NoOp, NoOp, NoOp];0
[NoOp, Move(N), NoOp, NoOp, NoOp, NoOp];0
[NoOp, Move(N), NoOp, NoOp, NoOp, NoOp];0
[NoOp, Move(E), NoOp, NoOp, NoOp, NoOp];0
[NoOp, Move(E), NoOp, NoOp, NoOp, NoOp];0
[NoOp, Move(N), NoOp, NoOp, NoOp, NoOp];0
[NoOp, Push(N,N), NoOp, NoOp, NoOp, NoOp];0
[NoOp, Push(N,N), NoOp, NoOp, NoOp, NoOp];0
[NoOp, Pull(W,N), NoOp, NoOp, NoOp, NoOp];0
[NoOp, Push(W,W), NoOp, NoOp, NoOp, NoOp];0
[NoOp, Push(W,W), NoOp, NoOp, NoOp, NoOp];0
[NoOp, Push(W,S), NoOp, NoOp, NoOp, NoOp];0
[NoOp, Move(E), NoOp, NoOp, NoOp, NoOp];0
[NoOp, Move(E), NoOp, NoOp, NoOp, NoOp];0
[NoOp, Move(E), NoOp, NoOp, NoOp, NoOp];0
[NoOp, Push(E,S), NoOp, NoOp, NoOp, NoOp];0
[Move(N), NoOp, NoOp, NoOp, NoOp, NoOp];16
[Move(N), NoOp, NoOp, NoOp, NoOp, NoOp];0
[Move(N), NoOp, NoOp, NoOp, NoOp, NoOp];0
[Move(E), NoOp, NoOp, NoOp, NoOp, NoOp];0
[Move(E), NoOp, NoOp, NoOp, NoOp, NoOp];0
[Move(E), NoOp, NoOp, NoOp, NoOp, NoOp];0
[Move(E), NoOp, NoOp, NoOp, NoOp, NoOp];0
[Move(E), NoOp, NoOp, NoOp, NoOp, NoOp];0
[Move(E), NoOp, NoOp, NoOp, NoOp, NoOp];0
[Move(E), NoOp, NoOp, NoOp, NoOp, NoOp];0
[Move(E), NoOp, NoOp, NoOp, NoOp, NoOp];0
[Move(E), NoOp, NoOp, NoOp, NoOp, NoOp];0
[Move(E), NoOp, NoOp, NoOp, NoOp, NoOp];0
[Move(N), NoOp, NoOp, NoOp, NoOp, NoOp];0
[Move(N), NoOp, NoOp, NoOp, NoOp, NoOp];0
[Move(N), NoOp, NoOp, NoOp, NoOp, NoOp];0
[Pull(N,W), NoOp, NoOp, NoOp, NoOp, NoOp];0
[Push(S,S), NoOp, NoOp, NoOp, NoOp, NoOp];0
[Move(W), NoOp, NoOp, NoOp, NoOp, NoOp];0
[Move(E), NoOp, NoOp, NoOp, NoOp, NoOp];31
[Pull(N,S), NoOp, NoOp, NoOp, NoOp, NoOp];0
[Pull(N,S), NoOp, NoOp, NoOp, NoOp, NoOp];0
[Move(W), NoOp, NoOp, NoOp, NoOp, NoOp];0
[Move(S), NoOp, NoOp, NoOp, NoOp, NoOp];0
[Move(S), NoOp, NoOp, NoOp, NoOp, NoOp];0
[Pull(N,W), NoOp, NoOp, NoOp, NoOp, NoOp];0
[Push(S,E), NoOp, NoOp, NoOp, NoOp, NoOp];0
[Push(E,S), NoOp, NoOp, NoOp, NoOp, NoOp];0
[Push(S,S), NoOp, NoOp, NoOp, NoOp, NoOp];0
[Move(N), NoOp, NoOp, NoOp, NoOp, NoOp];0
[Pull(E,N), NoOp, NoOp, NoOp, NoOp, NoOp];0
[Push(W,S), NoOp, NoOp, NoOp, NoOp, NoOp];0
[NoOp, NoOp, NoOp, NoOp, NoOp, Move(N)];16
[NoOp, NoOp, NoOp, NoOp, NoOp, Move(N)];0
[NoOp, NoOp, NoOp, NoOp, NoOp, Move(N)];0
[NoOp, NoOp, NoOp, NoOp, NoOp, Move(N)];0
[NoOp, NoOp, NoOp, NoOp, NoOp, Move(N)];0
[NoOp, NoOp, NoOp, NoOp, NoOp, Move(N)];0
[NoOp, NoOp, NoOp, NoOp, NoOp, Move(W)];0
[NoOp, NoOp, NoOp, NoOp, NoOp, Move(W)];0
[NoOp, NoOp, NoOp, NoOp, NoOp, Move(W)];0
[NoOp, NoOp, NoOp, NoOp, NoOp, Move(W)];0
[NoOp, NoOp, NoOp, NoOp, NoOp, Move(W)];0
[NoOp, NoOp, NoOp, NoOp, NoOp, Move(W)];0
[NoOp, NoOp, NoOp, NoOp, NoOp, Move(W)];0
[NoOp, NoOp, NoOp, NoOp, NoOp, Move(W)];0
[NoOp, NoOp, NoOp, NoOp, NoOp, Move(W)];0
[NoOp, NoOp, NoOp, NoOp, NoOp, Move(W)];0
[NoOp, NoOp, NoOp, NoOp, NoOp, Move(N)];0
[NoOp, NoOp, NoOp, NoOp, NoOp, Move(N)];0
[NoOp, NoOp, NoOp, NoOp, NoOp, Move(N)];0
[NoOp, NoOp, NoOp, NoOp, NoOp, Move(E)];0
[NoOp, NoOp, NoOp, NoOp, NoOp, Move(E)];0
[NoOp, NoOp, NoOp, NoOp, NoOp, Push(E,N)];0
[NoOp, NoOp, NoOp, NoOp, NoOp, Pull(W,E)];0
[NoOp, NoOp, NoOp, NoOp, NoOp, Pull(N,E)];0
[NoOp, NoOp, NoOp, NoOp, NoOp, Push(S,W)];0
[NoOp, NoOp, NoOp, NoOp, NoOp, Push(W,W)];0
[NoOp, NoOp, NoOp, NoOp, NoOp, Push(W,S)];0
[NoOp, NoOp, NoOp, NoOp, NoOp, Move(N)];0
[NoOp, NoOp, NoOp, NoOp, NoOp, Move(E)];0
[NoOp, NoOp, NoOp, NoOp, NoOp, Move(E)];0
[NoOp, NoOp, NoOp, NoOp, NoOp, Move(S)];78
[NoOp, NoOp, NoOp, NoOp, NoOp, Move(W)];0
[NoOp, NoOp, NoOp, NoOp, NoOp, Move(W)];0
[NoOp, NoOp, NoOp, NoOp, NoOp, Pull(N,S)];0
[NoOp, NoOp, NoOp, NoOp, NoOp, Pull(N,S)];0
[NoOp, NoOp, NoOp, NoOp, NoOp, Pull(E,S)];0
[NoOp, NoOp, NoOp, NoOp, NoOp, Move(E)];0
[NoOp, NoOp, NoOp, NoOp, NoOp, Move(E)];0
[NoOp, NoOp, NoOp, NoOp, NoOp, Push(S,S)];0
[NoOp, NoOp, NoOp, NoOp, NoOp, Push(S,W)];0
[NoOp, NoOp, NoOp, NoOp, NoOp, Push(W,W)];0
[NoOp, NoOp, NoOp, NoOp, NoOp, Push(W,W)];0
[NoOp, NoOp, NoOp, NoOp, NoOp, Push(W,S)];0
[NoOp, NoOp, NoOp, NoOp, NoOp, Push(S,S)];0
[NoOp, NoOp, NoOp, NoOp, NoOp, Move(N)];0
[NoOp, NoOp, NoOp, NoOp, NoOp, Move(N)];0
[NoOp, NoOp, NoOp, NoOp, NoOp, Pull(E,N)];0
[NoOp, NoOp, NoOp, NoOp, NoOp, Push(W,S)];0
[NoOp, NoOp, NoOp, NoOp, NoOp, Push(S,S)];0
[NoOp, NoOp, NoOp, NoOp, Move(E), NoOp];0
[NoOp, NoOp, NoOp, NoOp, Move(E), NoOp];0
[NoOp, NoOp, NoOp, NoOp, Move(E), NoOp];0
[NoOp, NoOp, NoOp, NoOp, Move(S), NoOp];0
[NoOp, NoOp, NoOp, NoOp, Push(S,W), NoOp];15
[NoOp, NoOp, NoOp, NoOp, Push(W,W), NoOp];0
[NoOp, NoOp, NoOp, NoOp, Push(W,S), NoOp];0
[NoOp, NoOp, NoOp, NoOp, Push(S,S), NoOp];0
[NoOp, NoOp, NoOp, NoOp, Push(S,S), NoOp];0
[NoOp, NoOp, NoOp, NoOp, Push(S,W), NoOp];0
[NoOp, NoOp, NoOp, NoOp, Push(S,S), NoOp];0
[NoOp, NoOp, NoOp, NoOp, Push(S,S), NoOp];0
[NoOp, NoOp, NoOp, NoOp, Move(N), NoOp];0
[NoOp, NoOp, NoOp, NoOp, Move(N), NoOp];0
[NoOp, NoOp, NoOp, NoOp, Pull(N,W), NoOp];0
[NoOp, NoOp, NoOp, NoOp, Pull(N,S), NoOp];0
[NoOp, NoOp, NoOp, NoOp, Pull(N,S), NoOp];0
[NoOp, NoOp, NoOp, NoOp, Move(W), NoOp];0
[NoOp, NoOp, NoOp, NoOp, Push(W,N), NoOp];0
[NoOp, NoOp, NoOp, NoOp, Pull(W,N), NoOp];0
[NoOp, NoOp, NoOp, NoOp, Move(W), NoOp];0
[NoOp, NoOp, NoOp, NoOp, Move(S), NoOp];0
[NoOp, NoOp, NoOp, NoOp, Move(S), NoOp];0
[NoOp, NoOp, NoOp, NoOp, Move(S), NoOp];0
[NoOp, NoOp, NoOp, NoOp, Move(E), NoOp];0
[NoOp, NoOp, NoOp, NoOp, Move(S), NoOp];0
[NoOp, NoOp, NoOp, NoOp, Pull(S,W), NoOp];0
[NoOp, NoOp, NoOp, NoOp, Pull(E,N), NoOp];0
[NoOp, NoOp, NoOp, NoOp, Push(W,S), NoOp];0
[NoOp, NoOp, NoOp, NoOp, Push(S,W), NoOp];0
[NoOp, NoOp, NoOp, NoOp, Move(N), NoOp];0
[NoOp, NoOp, NoOp, NoOp, Move(E), NoOp];16
[NoOp, NoOp, NoOp, NoOp, Move(S), NoOp];0
[NoOp, NoOp, NoOp, NoOp, Move(S), NoOp];0
[NoOp, NoOp, NoOp, NoOp, Pull(N,S), NoOp];0
[NoOp, NoOp, NoOp, NoOp, Pull(N,S), NoOp];0
[NoOp, NoOp, NoOp, NoOp, Pull(N,S), NoOp];0
[NoOp, NoOp, NoOp, NoOp, Move(W), NoOp];0
[NoOp, NoOp, NoOp, NoOp, Move(S), NoOp];0
[NoOp, NoOp, NoOp, NoOp, Pull(N,W), NoOp];0
[NoOp, NoOp, NoOp, NoOp, Push(S,S), NoOp];0
[NoOp, NoOp, NoOp, NoOp, Push(S,E), NoOp];0
[NoOp, NoOp, NoOp, NoOp, Push(E,S), NoOp];0
[NoOp, NoOp, NoOp, NoOp, Push(S,S), NoOp];0
[NoOp, NoOp, NoOp, NoOp, Push(S,S), NoOp];0
[NoOp, NoOp, NoOp, NoOp, Move(N), NoOp];0
[NoOp, NoOp, NoOp, NoOp, Move(N), NoOp];0
[NoOp, NoOp, NoOp, NoOp, Move(S), NoOp];47
[NoOp, NoOp, NoOp, NoOp, Move(S), NoOp];0
[NoOp, NoOp, NoOp, NoOp, Pull(N,S), NoOp];0
[NoOp, NoOp, NoOp, NoOp, Pull(N,S), NoOp];0
[NoOp, NoOp, NoOp, NoOp, Pull(E,S), NoOp];0
[NoOp, NoOp, NoOp, NoOp, Push(W,W), NoOp];0
[NoOp, NoOp, NoOp, NoOp, Pull(E,N), NoOp];0
[NoOp, NoOp, NoOp, NoOp, Push(W,S), NoOp];0
[NoOp, NoOp, NoOp, NoOp, Push(S,S), NoOp];0
[NoOp, NoOp, NoOp, NoOp, Push(S,S), NoOp];0
[NoOp, NoOp, NoOp, NoOp, Push(S,S), NoOp];0
[NoOp, NoOp, NoOp, NoOp, Move(N), NoOp];0
[NoOp, NoOp, NoOp, NoOp, Move(N), NoOp];0
[NoOp, NoOp, NoOp, NoOp, Move(N), NoOp];0
[NoOp, NoOp, NoOp, NoOp, Pull(N,W), NoOp];0
[NoOp, NoOp, NoOp, NoOp, Push(S,S), NoOp];0
[NoOp, NoOp, NoOp, NoOp, Push(S,S), NoOp];0
[NoOp, NoOp, NoOp, NoOp, Push(S,S), NoOp];0
[NoOp, NoOp, NoOp, NoOp, Move(N), NoOp];0
[NoOp, NoOp, NoOp, NoOp, Move(N), NoOp];0
[NoOp, NoOp, NoOp, NoOp, Move(N), NoOp];0
[NoOp, NoOp, NoOp, NoOp, Move(N), NoOp];0
[NoOp, NoOp, NoOp, NoOp, Move(N), NoOp];0
[NoOp, NoOp, NoOp, NoOp, Move(E), NoOp];0
[NoOp, NoOp, NoOp, NoOp, Move(E), NoOp];0
[NoOp, NoOp, NoOp, NoOp, Move(N), NoOp];0
[NoOp, NoOp, NoOp, NoOp, Push(N,N), NoOp];0
[NoOp, NoOp, NoOp, NoOp, Push(N,N), NoOp];0
[NoOp, NoOp, NoOp, NoOp, Pull(W,N), NoOp];0
[NoOp, NoOp, NoOp, NoOp, Push(W,W), NoOp];0
[NoOp, NoOp, NoOp, NoOp, Push(W,W), NoOp];0
[NoOp, NoOp, NoOp, NoOp, Push(W,S), NoOp];0
[NoOp, NoOp, NoOp, NoOp, Move(E), NoOp];0
[NoOp, NoOp, NoOp, NoOp, Move(E), NoOp];0
[NoOp, NoOp, NoOp, NoOp, Move(E), NoOp];0
[NoOp, NoOp, NoOp, NoOp, Push(E,S), NoOp];0
[NoOp, NoOp, NoOp, Move(N), NoOp, NoOp];15
[NoOp, NoOp, NoOp, Move(N), NoOp, NoOp];0
[NoOp, NoOp, NoOp, Move(N), NoOp, NoOp];0
[NoOp, NoOp, NoOp, Move(E), NoOp, NoOp];0
[NoOp, NoOp, NoOp, Move(E), NoOp, NoOp];0
[NoOp, NoOp, NoOp, Move(E), NoOp, NoOp];0
[NoOp, NoOp, NoOp, Move(E), NoOp, NoOp];0
[NoOp, NoOp, NoOp, Move(E), NoOp, NoOp];0
[NoOp, NoOp, NoOp, Move(E), NoOp, NoOp];0
[NoOp, NoOp, NoOp, Move(E), NoOp, NoOp];0
[NoOp, NoOp, NoOp, Move(E), NoOp, NoOp];0
[NoOp, NoOp, NoOp, Move(E), NoOp, NoOp];0
[NoOp, NoOp, NoOp, Move(E), NoOp, NoOp];0
[NoOp, NoOp, NoOp, Move(N), NoOp, NoOp];0
[NoOp, NoOp, NoOp, Move(N), NoOp, NoOp];0
[NoOp, NoOp, NoOp, Move(N), NoOp, NoOp];0
[NoOp, NoOp, NoOp, Pull(N,W), NoOp, NoOp];0
[NoOp, NoOp, NoOp, Push(S,S), NoOp, NoOp];0
[NoOp, NoOp, NoOp, Move(W), NoOp, NoOp];0
[NoOp, NoOp, NoOp, Move(E), NoOp, NoOp];16
[NoOp, NoOp, NoOp, Pull(N,S), NoOp, NoOp];16
[NoOp, NoOp, NoOp, Pull(N,S), NoOp, NoOp];0
[NoOp, NoOp, NoOp, Move(W), NoOp, NoOp];0
[NoOp, NoOp, NoOp, Move(S), NoOp, NoOp];0
[NoOp, NoOp, NoOp, Move(S), NoOp, NoOp];0
[NoOp, NoOp, NoOp, Pull(N,W), NoOp, NoOp];0
[NoOp, NoOp, NoOp, Push(S,E), NoOp, NoOp];0
[NoOp, NoOp, NoOp, Push(E,S), NoOp, NoOp];0
[NoOp, NoOp, NoOp, Push(S,S), NoOp, NoOp];0
[NoOp, NoOp, NoOp, Move(N), NoOp, NoOp];0
[NoOp, NoOp, NoOp, Pull(E,N), NoOp, NoOp];0
[NoOp, NoOp, NoOp, Push(W,S), NoOp, NoOp];0
[NoOp, NoOp, NoOp, NoOp, Push(S,S), NoOp];0
[NoOp, NoOp, NoOp, NoOp, Push(S,S), NoOp];0
[NoOp, NoOp, NoOp, NoOp, Push(S,W), NoOp];0
[NoOp, NoOp, NoOp, NoOp, Move(S), NoOp];0
[NoOp, NoOp, NoOp, NoOp, Move(S), NoOp];0
[NoOp, NoOp, NoOp, NoOp, Move(W), NoOp];0
[NoOp, NoOp, NoOp, NoOp, Move(S), NoOp];0
[NoOp, NoOp, NoOp, NoOp, Move(W), NoOp];0
[NoOp, NoOp, NoOp, NoOp, Move(S), NoOp];0
[NoOp, NoOp, NoOp, NoOp, Move(S), NoOp];0
[NoOp, NoOp, NoOp, NoOp, Pull(N,S), NoOp];0
[NoOp, NoOp, NoOp, NoOp, Pull(N,S), NoOp];0
[NoOp, NoOp, NoOp, NoOp, Pull(N,S), NoOp];0
[NoOp, NoOp, NoOp, NoOp, Pull(N,S), NoOp];0
[NoOp, NoOp, NoOp, NoOp, Push(S,W), NoOp];0
[NoOp, NoOp, NoOp, NoOp, Pull(S,W), NoOp];0
[NoOp, NoOp, NoOp, NoOp, Move(S), NoOp];0
[NoOp, NoOp, NoOp, NoOp, Move(S), NoOp];0
[NoOp, NoOp, NoOp, NoOp, Move(S), NoOp];0
[NoOp, NoOp, NoOp, NoOp, Push(S,S), NoOp];0
[NoOp, NoOp, NoOp, NoOp, Push(S,S), NoOp];0
[NoOp, NoOp, NoOp, NoOp, Move(E), NoOp];0
[NoOp, NoOp, NoOp, NoOp, Move(E), NoOp];0
[NoOp, NoOp, NoOp, NoOp, Move(E), NoOp];0
[NoOp, NoOp, NoOp, NoOp, Move(E), NoOp];0
[NoOp, NoOp, NoOp, NoOp, Push(E,S), NoOp];15
[NoOp, NoOp, NoOp, NoOp, Push(S,S), NoOp];0
[NoOp, NoOp, NoOp, NoOp, Move(N), NoOp];0
[NoOp, NoOp, NoOp, NoOp, Move(W), NoOp];0
[NoOp, NoOp, NoOp, NoOp, Move(W), NoOp];0
[NoOp, NoOp, NoOp, NoOp, Move(W), NoOp];0
[NoOp, NoOp, NoOp, NoOp, Move(W), NoOp];0
[NoOp, NoOp, NoOp, NoOp, Move(W), NoOp];0
[NoOp, NoOp, NoOp, NoOp, Move(N), NoOp];0
[NoOp, NoOp, NoOp, NoOp, Move(N), NoOp];0
[NoOp, NoOp, NoOp, NoOp, Move(N), NoOp];0
[NoOp, NoOp, NoOp, NoOp, Move(N), NoOp];0
[NoOp, NoOp, NoOp, NoOp, Move(N), NoOp];0
[NoOp, NoOp, NoOp, NoOp, Move(E), NoOp];0
[NoOp, NoOp, NoOp, NoOp, Move(N), NoOp];0
[NoOp, NoOp, NoOp, NoOp, Move(N), NoOp];0
[NoOp, NoOp, NoOp, NoOp, Push(N,E), NoOp];0
[NoOp, NoOp, NoOp, NoOp, Push(E,N), NoOp];0
[NoOp, NoOp, NoOp, NoOp, Push(N,N), NoOp];0
[NoOp, NoOp, NoOp, NoOp, Move(S), NoOp];0
[NoOp, NoOp, NoOp, NoOp, Move(S), NoOp];0
[NoOp, NoOp, NoOp, NoOp, Move(S), NoOp];0
[NoOp, NoOp, NoOp, NoOp, Move(W), NoOp];0
[NoOp, NoOp, NoOp, NoOp, Push(W,S), NoOp];0
[NoOp, NoOp, NoOp, NoOp, Push(S,S), NoOp];0
[NoOp, NoOp, NoOp, NoOp, Push(S,S), NoOp];0
[NoOp, NoOp, NoOp, NoOp, Push(S,S), NoOp];0
[NoOp, NoOp, NoOp, NoOp, Pull(N,S), NoOp];0
[NoOp, NoOp, NoOp, NoOp, Pull(N,S), NoOp];0
[NoOp, NoOp, NoOp, NoOp, Pull(N,S), NoOp];0
[NoOp, NoOp, NoOp, NoOp, Pull(N,S), NoOp];0
[NoOp, NoOp, NoOp, NoOp, Push(S,E), NoOp];16
[NoOp, NoOp, NoOp, NoOp, Pull(S,E), NoOp];0
[NoOp, NoOp, NoOp, NoOp, Move(S), NoOp];0
[NoOp, NoOp, NoOp, NoOp, Move(S), NoOp];0
[NoOp, NoOp, NoOp, NoOp, Move(S), NoOp];0
[NoOp, NoOp, NoOp, NoOp, Move(S), NoOp];0
[NoOp, NoOp, NoOp, NoOp, Move(S), NoOp];0
[NoOp, NoOp, NoOp, NoOp, Pull(N,S), NoOp];0
[NoOp, NoOp, NoOp, NoOp, Pull(N,S), NoOp];0
[NoOp, NoOp, NoOp, NoOp, Move(N), NoOp];0
[NoOp, NoOp, NoOp, NoOp, Move(N), NoOp];0
[NoOp, NoOp, NoOp, NoOp, Move(N), NoOp];0
[NoOp, NoOp, NoOp, NoOp, Pull(E,N), NoOp];0
[NoOp, NoOp, NoOp, NoOp, Push(W,S), NoOp];0
[NoOp, NoOp, NoOp, NoOp, Push(S,S), NoOp];0
[NoOp, NoOp, NoOp, NoOp, Push(S,S), NoOp];0
[NoOp, NoOp, NoOp, NoOp, Pull(N,S), NoOp];0
[NoOp, NoOp, NoOp, NoOp, Pull(N,S), NoOp];0
[NoOp, NoOp, NoOp, NoOp, Pull(N,S), NoOp];0
[NoOp, NoOp, NoOp, NoOp, Pull(N,S), NoOp];0
[NoOp, NoOp, NoOp, NoOp, Push(S,E), NoOp];0
[NoOp, NoOp, NoOp, NoOp, Pull(S,E), NoOp];0
[NoOp, NoOp, NoOp, NoOp, Move(S), NoOp];0
[NoOp, NoOp, NoOp, NoOp, Move(S), NoOp];0
[NoOp, NoOp, NoOp, NoOp, Move(S), NoOp];0
[NoOp, NoOp, NoOp, NoOp, Push(S,S), NoOp];0
[NoOp, NoOp, NoOp, NoOp, Push(S,S), NoOp];0
[NoOp, NoOp, NoOp, NoOp, Move(E), NoOp];0
[NoOp, NoOp, NoOp, NoOp, Move(E), NoOp];0
[NoOp, NoOp, NoOp, NoOp, Move(E), NoOp];0
[NoOp, NoOp, NoOp, NoOp, Move(E), NoOp];0
[NoOp, NoOp, NoOp, NoOp, Move(E), NoOp];0
[NoOp, NoOp, NoOp, NoOp, Move(S), NoOp];0
[NoOp, NoOp, NoOp, NoOp, Push(S,E), NoOp];0
[NoOp, NoOp, NoOp, NoOp, Pull(S,E), NoOp];0
[NoOp, NoOp, NoOp, NoOp, Pull(E,S), NoOp];0
[NoOp, NoOp, NoOp, NoOp, Move(N), NoOp];16
[NoOp, NoOp, NoOp, NoOp, Move(N), NoOp];0
[NoOp, NoOp, NoOp, NoOp, Move(W), NoOp];0
[NoOp, NoOp, NoOp, NoOp, Move(N), NoOp];0
[NoOp, NoOp, NoOp, NoOp, Move(W), NoOp];0
[NoOp, NoOp, NoOp, NoOp, Move(W), NoOp];0
[NoOp, NoOp, NoOp, NoOp, Move(W), NoOp];0
[NoOp, NoOp, NoOp, NoOp, Move(W), NoOp];0
[NoOp, NoOp, NoOp, NoOp, Move(W), NoOp];0
[NoOp, NoOp, NoOp, NoOp, Move(N), NoOp];0
[NoOp, NoOp, NoOp, NoOp, Move(N), NoOp];0
[NoOp, NoOp, NoOp, NoOp, Move(N), NoOp];0
[NoOp, NoOp, NoOp, NoOp, Move(N), NoOp];0
[NoOp, NoOp, NoOp, NoOp, Move(N), NoOp];0
[NoOp, NoOp, NoOp, NoOp, Pull(E,N), NoOp];0
[NoOp, NoOp, NoOp, NoOp, Push(W,S), NoOp];0
[NoOp, NoOp, NoOp, NoOp, Push(S,S), NoOp];0
[NoOp, NoOp, NoOp, NoOp, Push(S,S), NoOp];0
[NoOp, NoOp, NoOp, NoOp, Pull(N,S), NoOp];0
[NoOp, NoOp, NoOp, NoOp, Pull(N,S), NoOp];0
[NoOp, NoOp, NoOp, NoOp, Pull(N,S), NoOp];0
[NoOp, NoOp, NoOp, NoOp, Pull(N,S), NoOp];0
[NoOp, NoOp, NoOp, NoOp, Push(S,E), NoOp];0
[NoOp, NoOp, NoOp, NoOp, Pull(S,E), NoOp];0
[NoOp, NoOp, NoOp, NoOp, Move(S), NoOp];0
[NoOp, NoOp, NoOp, NoOp, Move(S), NoOp];0
[NoOp, NoOp, NoOp, NoOp, Move(S), NoOp];0
[NoOp, NoOp, NoOp, NoOp, Move(S), NoOp];0
[NoOp, NoOp, NoOp, NoOp, Move(S), NoOp];0
[NoOp, NoOp, NoOp, NoOp, Pull(N,S), NoOp];0
[NoOp, NoOp, NoOp, NoOp, Pull(N,S), NoOp];0
[NoOp, NoOp, NoOp, NoOp, Move(N), NoOp];0
[NoOp, NoOp, NoOp, NoOp, Move(N), NoOp];0
[NoOp, NoOp, NoOp, NoOp, Move(N), NoOp];0
[NoOp, NoOp, NoOp, NoOp, Pull(E,N), NoOp];0
[NoOp, NoOp, NoOp, NoOp, Push(W,S), NoOp];0
[NoOp, NoOp, NoOp, NoOp, Push(S,S), NoOp];0
[NoOp, NoOp, NoOp, NoOp, Push(S,S), NoOp];0
[NoOp, NoOp, NoOp, NoOp, Pull(N,S), NoOp];0
[NoOp, NoOp, NoOp, NoOp, Pull(N,S), NoOp];15
[NoOp, NoOp, NoOp, NoOp, Pull(N,S), NoOp];0
[NoOp, NoOp, NoOp, NoOp, Pull(N,S), NoOp];0
[NoOp, NoOp, NoOp, NoOp, Push(S,E), NoOp];0
[NoOp, NoOp, NoOp, NoOp, Pull(S,E), NoOp];0
[NoOp, NoOp, NoOp, NoOp, Move(S), NoOp];0
[NoOp, NoOp, NoOp, NoOp, Move(S), NoOp];0
[NoOp, NoOp, NoOp, NoOp, Move(S), NoOp];0
[NoOp, NoOp, NoOp, NoOp, Push(S,S), NoOp];0
[NoOp, NoOp, NoOp, NoOp, Push(S,S), NoOp];0
[NoOp, NoOp, NoOp, NoOp, Move(E), NoOp];0
[NoOp, NoOp, NoOp, NoOp, Move(E), NoOp];0
[NoOp, NoOp, NoOp, NoOp, Move(E), NoOp];0
[NoOp, NoOp, NoOp, NoOp, Move(E), NoOp];0
[NoOp, NoOp, NoOp, NoOp, Move(E), NoOp];0
[NoOp, NoOp, NoOp, NoOp, Move(S), NoOp];0
[NoOp, NoOp, NoOp, NoOp, Move(E), NoOp];0
[NoOp, NoOp, NoOp, NoOp, Move(S), NoOp];0
[NoOp, NoOp, NoOp, NoOp, Move(S), NoOp];0
[NoOp, NoOp, NoOp, NoOp, Pull(N,S), NoOp];0
[NoOp, NoOp, NoOp, NoOp, Move(N), NoOp];0
[NoOp, NoOp, NoOp, NoOp, Move(W), NoOp];0
[NoOp, NoOp, NoOp, NoOp, Move(N), NoOp];0
[NoOp, NoOp, NoOp, NoOp, Move(W), NoOp];0
[NoOp, NoOp, NoOp, NoOp, Move(W), NoOp];0
[NoOp, NoOp, NoOp, NoOp, Move(W), NoOp];0
[NoOp, NoOp, NoOp, NoOp, Move(W), NoOp];0
[NoOp, NoOp, NoOp, NoOp, Move(W), NoOp];0
[NoOp, NoOp, NoOp, NoOp, Move(N), NoOp];0
[NoOp, NoOp, NoOp, NoOp, Move(N), NoOp];0
[NoOp, NoOp, NoOp, NoOp, Move(N), NoOp];0
[NoOp, NoOp, NoOp, NoOp, Move(N), NoOp];0
[NoOp, NoOp, NoOp, NoOp, Move(N), NoOp];0
[NoOp, NoOp, NoOp, NoOp, Pull(E,N), NoOp];16
[NoOp, NoOp, NoOp, NoOp, Push(W,S), NoOp];0
[NoOp, NoOp, NoOp, NoOp, Push(S,S), NoOp];0
[NoOp, NoOp, NoOp, NoOp, Push(S,S), NoOp];0
[NoOp, NoOp, NoOp, NoOp, Pull(N,S), NoOp];0
[NoOp, NoOp, NoOp, NoOp, Pull(N,S), NoOp];0
[NoOp, NoOp, NoOp, NoOp, Pull(N,S), NoOp];0
[NoOp, NoOp, NoOp, NoOp, Pull(N,S), NoOp];0
[NoOp, NoOp, NoOp, NoOp, Push(S,E), NoOp];0
[NoOp, NoOp, NoOp, NoOp, Pull(S,E), NoOp];0
[NoOp, NoOp, NoOp, NoOp, Move(S), NoOp];0
[NoOp, NoOp, NoOp, NoOp, Move(S), NoOp];0
[NoOp, NoOp, NoOp, NoOp, Move(S), NoOp];0
[NoOp, NoOp, NoOp, NoOp, Move(S), NoOp];0
[NoOp, NoOp, NoOp, NoOp, Move(S), NoOp];0
[NoOp, NoOp, NoOp, NoOp, Pull(N,S), NoOp];0
[NoOp, NoOp, NoOp, NoOp, Pull(N,S), NoOp];0
[NoOp, NoOp, NoOp, NoOp, Move(N), NoOp];0
[NoOp, NoOp, NoOp, NoOp, Move(N), NoOp];0
[NoOp, NoOp, NoOp, NoOp, Move(N), NoOp];0
[NoOp, NoOp, NoOp, NoOp, Pull(E,N), NoOp];0
[NoOp, NoOp, NoOp, NoOp, Push(W,S), NoOp];0
[NoOp, NoOp, NoOp, NoOp, Push(S,S), NoOp];0
[NoOp, NoOp, NoOp, NoOp, Push(S,S), NoOp];0
[NoOp, NoOp, NoOp, NoOp, Pull(N,S), NoOp];0
[NoOp, NoOp, NoOp, NoOp, Pull(N,S), NoOp];0
[NoOp, NoOp, NoOp, NoOp, Pull(N,S), NoOp];0
[NoOp, NoOp, NoOp, NoOp, Pull(N,S), NoOp];0
[NoOp, NoOp, NoOp, NoOp, Push(S,E), NoOp];0
[NoOp, NoOp, NoOp, NoOp, Pull(S,E), NoOp];0
[NoOp, NoOp, NoOp, NoOp, Move(S), NoOp];0
[NoOp, NoOp, NoOp, NoOp, Move(S), NoOp];0
[NoOp, NoOp, NoOp, NoOp, Move(S), NoOp];0
[NoOp, NoOp, NoOp, NoOp, Push(S,S), NoOp];15
[NoOp, NoOp, NoOp, NoOp, Push(S,S), NoOp];0
[NoOp, NoOp, NoOp, NoOp, Move(E), NoOp];0
[NoOp, NoOp, NoOp, NoOp, Move(E), NoOp];0
[NoOp, NoOp, NoOp, NoOp, Move(E), NoOp];0
[NoOp, NoOp, NoOp, NoOp, Move(E), NoOp];0
[NoOp, NoOp, NoOp, NoOp, Move(E), NoOp];0
[NoOp, NoOp, NoOp, NoOp, Push(E,S), NoOp];0
[NoOp, NoOp, NoOp, NoOp, Push(S,S), NoOp];0
[NoOp, NoOp, NoOp, NoOp, Move(N), NoOp];0
[NoOp, NoOp, NoOp, NoOp, Move(W), NoOp];0
[NoOp, NoOp, NoOp, NoOp, Move(W), NoOp];0
[NoOp, NoOp, NoOp, NoOp, Move(W), NoOp];0
[NoOp, NoOp, NoOp, NoOp, Move(W), NoOp];0
[NoOp, NoOp, NoOp, NoOp, Move(W), NoOp];0
[NoOp, NoOp, NoOp, NoOp, Move(W), NoOp];0
[NoOp, NoOp, NoOp, NoOp, Move(N), NoOp];0
[NoOp, NoOp, NoOp, NoOp, Move(N), NoOp];0
[NoOp, NoOp, NoOp, NoOp, Move(N), NoOp];0
[NoOp, NoOp, NoOp, NoOp, Move(N), NoOp];0
[NoOp, NoOp, NoOp, NoOp, Move(N), NoOp];0
[NoOp, NoOp, NoOp, NoOp, Pull(E,N), NoOp];0
[NoOp, NoOp, NoOp, NoOp, Push(W,S), NoOp];0
[NoOp, NoOp, NoOp, NoOp, Push(S,S), NoOp];0
[NoOp, NoOp, NoOp, NoOp, Push(S,S), NoOp];0
[NoOp, NoOp, NoOp, NoOp, Pull(N,S), NoOp];0
[NoOp, NoOp, NoOp, NoOp, Pull(N,S), NoOp];0
[NoOp, NoOp, NoOp, NoOp, Pull(N,S), NoOp];0
[NoOp, NoOp, NoOp, NoOp, Pull(N,S), NoOp];0
[NoOp, NoOp, NoOp, NoOp, Push(S,E), NoOp];0
[NoOp, NoOp, NoOp, NoOp, Pull(S,E), NoOp];0
[NoOp, NoOp, NoOp, NoOp, Move(S), NoOp];0
[NoOp, NoOp, NoOp, NoOp, Move(S), NoOp];0
[NoOp, NoOp, NoOp, NoOp, Move(S), NoOp];0
[NoOp, NoOp, NoOp, NoOp, Move(S), NoOp];0
[NoOp, NoOp, NoOp, NoOp, Move(S), NoOp];0
[NoOp, NoOp, NoOp, NoOp, Pull(N,S), NoOp];0
[NoOp, NoOp, NoOp, NoOp, Pull(N,S), NoOp];0
[NoOp, NoOp, NoOp, NoOp, Move(N), NoOp];16
[NoOp, NoOp, NoOp, NoOp, Move(N), NoOp];0
[NoOp, NoOp, NoOp, NoOp, Move(N), NoOp];0
[NoOp, NoOp, NoOp, NoOp, Pull(E,N), NoOp];0
[NoOp, NoOp, NoOp, NoOp, Push(W,S), NoOp];0
[NoOp, NoOp, NoOp, NoOp, Push(S,S), NoOp];0
[NoOp, NoOp, NoOp, NoOp, Push(S,S), NoOp];0
[NoOp, Push(S,S), NoOp, NoOp, NoOp, NoOp];0
[NoOp, Push(S,S), NoOp, NoOp, NoOp, NoOp];0
[NoOp, Push(S,W), NoOp, NoOp, NoOp, NoOp];0
[NoOp, Move(S), NoOp, NoOp, NoOp, NoOp];0
[NoOp, Move(S), NoOp, NoOp, NoOp, NoOp];0
[NoOp, Move(W), NoOp, NoOp, NoOp, NoOp];0
[NoOp, Move(S), NoOp, NoOp, NoOp, NoOp];0
[NoOp, Move(W), NoOp, NoOp, NoOp, NoOp];0
[NoOp, Move(S), NoOp, NoOp, NoOp, NoOp];0
[NoOp, Move(S), NoOp, NoOp, NoOp, NoOp];0
[NoOp, Pull(N,S), NoOp, NoOp, NoOp, NoOp];0
[NoOp, Pull(N,S), NoOp, NoOp, NoOp, NoOp];0
[NoOp, Pull(N,S), NoOp, NoOp, NoOp, NoOp];0
[NoOp, Pull(N,S), NoOp, NoOp, NoOp, NoOp];0
[NoOp, Push(S,W), NoOp, NoOp, NoOp, NoOp];0
[NoOp, Pull(S,W), NoOp, NoOp, NoOp, NoOp];0
[NoOp, Move(S), NoOp, NoOp, NoOp, NoOp];0
[NoOp, Move(S), NoOp, NoOp, NoOp, NoOp];0
[NoOp, Move(S), NoOp, NoOp, NoOp, NoOp];0
[NoOp, Push(S,S), NoOp, NoOp, NoOp, NoOp];0
[NoOp, Push(S,S), NoOp, NoOp, NoOp, NoOp];0
[NoOp, Move(E), NoOp, NoOp, NoOp, NoOp];0
[NoOp, Move(E), NoOp, NoOp, NoOp, NoOp];0
[NoOp, Move(E), NoOp, NoOp, NoOp, NoOp];0
[NoOp, Move(E), NoOp, NoOp, NoOp, NoOp];0
[NoOp, Move(S), NoOp, NoOp, NoOp, NoOp];0
[NoOp, Move(E), NoOp, NoOp, NoOp, NoOp];0
[NoOp, Move(S), NoOp, NoOp, NoOp, NoOp];0
[NoOp, Move(S), NoOp, NoOp, NoOp, NoOp];0
[NoOp, Pull(N,S), NoOp, NoOp, NoOp, NoOp];0
[NoOp, Move(N), NoOp, NoOp, NoOp, NoOp];16
[NoOp, Move(W), NoOp, NoOp, NoOp, NoOp];0
[NoOp, Move(N), NoOp, NoOp, NoOp, NoOp];0
[NoOp, Move(W), NoOp, NoOp, NoOp, NoOp];0
[NoOp, Move(W), NoOp, NoOp, NoOp, NoOp];0
[NoOp, Move(W), NoOp, NoOp, NoOp, NoOp];0
[NoOp, Move(W), NoOp, NoOp, NoOp, NoOp];0
[NoOp, Move(N), NoOp, NoOp, NoOp, NoOp];0
[NoOp, Move(N), NoOp, NoOp, NoOp, NoOp];0
[NoOp, Move(N), NoOp, NoOp, NoOp, NoOp];0
[NoOp, Move(N), NoOp, NoOp, NoOp, NoOp];0
[NoOp, Move(N), NoOp, NoOp, NoOp, NoOp];0
[NoOp, Move(E), NoOp, NoOp, NoOp, NoOp];0
[NoOp, Move(N), NoOp, NoOp, NoOp, NoOp];0
[NoOp, Move(N), NoOp, NoOp, NoOp, NoOp];0
[NoOp, Push(N,E), NoOp, NoOp, NoOp, NoOp];0
[NoOp, Push(E,N), NoOp, NoOp, NoOp, NoOp];0
[NoOp, Push(N,N), NoOp, NoOp, NoOp, NoOp];0
[NoOp, Move(S), NoOp, NoOp, NoOp, NoOp];0
[NoOp, Move(S), NoOp, NoOp, NoOp, NoOp];0
[NoOp, Move(S), NoOp, NoOp, NoOp, NoOp];0
[NoOp, Move(W), NoOp, NoOp, NoOp, NoOp];0
[NoOp, Push(W,S), NoOp, NoOp, NoOp, NoOp];0
[NoOp, Push(S,S), NoOp, NoOp, NoOp, NoOp];0
[NoOp, Push(S,S), NoOp, NoOp, NoOp, NoOp];0
[NoOp, Push(S,S), NoOp, NoOp, NoOp, NoOp];0
[NoOp, Pull(N,S), NoOp, NoOp, NoOp, NoOp];0
[NoOp, Pull(N,S), NoOp, NoOp, NoOp, NoOp];0
[NoOp, Pull(N,S), NoOp, NoOp, NoOp, NoOp];0
[NoOp, Pull(N,S), NoOp, NoOp, NoOp, NoOp];0
[NoOp, Push(S,E), NoOp, NoOp, NoOp, NoOp];0
[NoOp, Pull(S,E), NoOp, NoOp, NoOp, NoOp];0
[NoOp, Move(S), NoOp, NoOp, NoOp, NoOp];0
[NoOp, Move(S), NoOp, NoOp, NoOp, NoOp];0
[NoOp, Move(S), NoOp, NoOp, NoOp, NoOp];0
[NoOp, Move(S), NoOp, NoOp, NoOp, NoOp];0
[NoOp, Move(S), NoOp, NoOp, NoOp, NoOp];0
[NoOp, Pull(N,S), NoOp, NoOp, NoOp, NoOp];15
[NoOp, Pull(N,S), NoOp, NoOp, NoOp, NoOp];0
[NoOp, Move(N), NoOp, NoOp, NoOp, NoOp];0
[NoOp, Move(N), NoOp, NoOp, NoOp, NoOp];0
[NoOp, Move(N), NoOp, NoOp, NoOp, NoOp];0
[NoOp, Pull(E,N), NoOp, NoOp, NoOp, NoOp];0
[NoOp, Push(W,S), NoOp, NoOp, NoOp, NoOp];0
[NoOp, Push(S,S), NoOp, NoOp, NoOp, NoOp];0
[NoOp, Push(S,S), NoOp, NoOp, NoOp, NoOp];0
[NoOp, Pull(N,S), NoOp, NoOp, NoOp, NoOp];0
[NoOp, Pull(N,S), NoOp, NoOp, NoOp, NoOp];0
[NoOp, Pull(N,S), NoOp, NoOp, NoOp, NoOp];0
[NoOp, Pull(N,S), NoOp, NoOp, NoOp, NoOp];0
[NoOp, Push(S,E), NoOp, NoOp, NoOp, NoOp];0
[NoOp, Pull(S,E), NoOp, NoOp, NoOp, NoOp];0
[NoOp, Move(S), NoOp, NoOp, NoOp, NoOp];0
[NoOp, Move(S), NoOp, NoOp, NoOp, NoOp];0
[NoOp, Move(S), NoOp, NoOp, NoOp, NoOp];0
[NoOp, Push(S,S), NoOp, NoOp, NoOp, NoOp];0
[NoOp, Push(S,S), NoOp, NoOp, NoOp, NoOp];0
[NoOp, Move(E), NoOp, NoOp, NoOp, NoOp];0
[NoOp, Move(E), NoOp, NoOp, NoOp, NoOp];0
[NoOp, Move(E), NoOp, NoOp, NoOp, NoOp];0
[NoOp, Move(E), NoOp, NoOp, NoOp, NoOp];0
[NoOp, Push(E,S), NoOp, NoOp, NoOp, NoOp];0
[NoOp, Push(S,S), NoOp, NoOp, NoOp, NoOp];0
[NoOp, Move(N), NoOp, NoOp, NoOp, NoOp];0
[NoOp, Move(W), NoOp, NoOp, NoOp, NoOp];0
[NoOp, Move(W), NoOp, NoOp, NoOp, NoOp];0
[NoOp, Move(W), NoOp, NoOp, NoOp, NoOp];0
[NoOp, Move(W), NoOp, NoOp, NoOp, NoOp];0
[NoOp, Move(W), NoOp, NoOp, NoOp, NoOp];0
[NoOp, Move(N), NoOp, NoOp, NoOp, NoOp];0
[NoOp, Move(N), NoOp, NoOp, NoOp, NoOp];0
[NoOp, Move(N), NoOp, NoOp, NoOp, NoOp];0
[NoOp, Move(N), NoOp, NoOp, NoOp, NoOp];0
[NoOp, Move(N), NoOp, NoOp, NoOp, NoOp];0
[NoOp, Pull(E,N), NoOp, NoOp, NoOp, NoOp];16
[NoOp, Push(W,S), NoOp, NoOp, NoOp, NoOp];0
[NoOp, Push(S,S), NoOp, NoOp, NoOp, NoOp];0
[NoOp, Push(S,S), NoOp, NoOp, NoOp, NoOp];0
[NoOp, Pull(N,S), NoOp, NoOp, NoOp, NoOp];0
[NoOp, Pull(N,S), NoOp, NoOp, NoOp, NoOp];0
[NoOp, Pull(N,S), NoOp, NoOp, NoOp, NoOp];0
[NoOp, Pull(N,S), NoOp, NoOp, NoOp, NoOp];0
[NoOp, Push(S,E), NoOp, NoOp, NoOp, NoOp];0
[NoOp, Pull(S,E), NoOp, NoOp, NoOp, NoOp];0
[NoOp, Move(S), NoOp, NoOp, NoOp, NoOp];0
[NoOp, Move(S), NoOp, NoOp, NoOp, NoOp];0
[NoOp, Move(S), NoOp, NoOp, NoOp, NoOp];0
[NoOp, Move(S), NoOp, NoOp, NoOp, NoOp];0
[NoOp, Move(S), NoOp, NoOp, NoOp, NoOp];0
[NoOp, Pull(N,S), NoOp, NoOp, NoOp, NoOp];0
[NoOp, Pull(N,S), NoOp, NoOp, NoOp, NoOp];0
[NoOp, Move(N), NoOp, NoOp, NoOp, NoOp];0
[NoOp, Move(N), NoOp, NoOp, NoOp, NoOp];0
[NoOp, Move(N), NoOp, NoOp, NoOp, NoOp];0
[NoOp, Pull(E,N), NoOp, NoOp, NoOp, NoOp];0
[NoOp, Push(W,S), NoOp, NoOp, NoOp, NoOp];0
[NoOp, Push(S,S), NoOp, NoOp, NoOp, NoOp];0
[NoOp, Push(S,S), NoOp, NoOp, NoOp, NoOp];0
[NoOp, Pull(N,S), NoOp, NoOp, NoOp, NoOp];0
[NoOp, Pull(N,S), NoOp, NoOp, NoOp, NoOp];0
[NoOp, Pull(N,S), NoOp, NoOp, NoOp, NoOp];0
[NoOp, Pull(N,S), NoOp, NoOp, NoOp, NoOp];0
[NoOp, Push(S,E), NoOp, NoOp, NoOp, NoOp];16
[NoOp, Pull(S,E), NoOp, NoOp, NoOp, NoOp];0
[NoOp, Move(S), NoOp, NoOp, NoOp, NoOp];0
[NoOp, Move(S), NoOp, NoOp, NoOp, NoOp];0
[NoOp, Move(S), NoOp, NoOp, NoOp, NoOp];0
[NoOp, Push(S,S), NoOp, NoOp, NoOp, NoOp];0
[NoOp, Push(S,S), NoOp, NoOp, NoOp, NoOp];0
[NoOp, Move(E), NoOp, NoOp, NoOp, NoOp];0
[NoOp, Move(E), NoOp, NoOp, NoOp, NoOp];0
[NoOp, Move(E), NoOp, NoOp, NoOp, NoOp];0
[NoOp, Move(E), NoOp, NoOp, NoOp, NoOp];0
[NoOp, Move(E), NoOp, NoOp, NoOp, NoOp];0
[NoOp, Push(E,S), NoOp, NoOp, NoOp, NoOp];0
[NoOp, Push(S,S), NoOp, NoOp, NoOp, NoOp];0
[NoOp, Move(N), NoOp, NoOp, NoOp, NoOp];0
[NoOp, Move(W), NoOp, NoOp, NoOp, NoOp];0
[NoOp, Move(W), NoOp, NoOp, NoOp, NoOp];0
[NoOp, Move(W), NoOp, NoOp, NoOp, NoOp];0
[NoOp, Move(W), NoOp, NoOp, NoOp, NoOp];0
[NoOp, Move(W), NoOp, NoOp, NoOp, NoOp];0
[NoOp, Move(W), NoOp, NoOp, NoOp, NoOp];0
[NoOp, Move(N), NoOp, NoOp, NoOp, NoOp];0
[NoOp, Move(N), NoOp, NoOp, NoOp, NoOp];0
[NoOp, Move(N), NoOp, NoOp, NoOp, NoOp];0
[NoOp, Move(N), NoOp, NoOp, NoOp, NoOp];0
[NoOp, Move(N), NoOp, NoOp, NoOp, NoOp];0
[NoOp, Pull(E,N), NoOp, NoOp, NoOp, NoOp];0
[NoOp, Push(W,S), NoOp, NoOp, NoOp, NoOp];0
[NoOp, Push(S,S), NoOp, NoOp, NoOp, NoOp];0
[NoOp, Push(S,S), NoOp, NoOp, NoOp, NoOp];0
[NoOp, Pull(N,S), NoOp, NoOp, NoOp, NoOp];0
[NoOp, Pull(N,S), NoOp, NoOp, NoOp, NoOp];0
[NoOp, Pull(N,S), NoOp, NoOp, NoOp, NoOp];0
[NoOp, Pull(N,S), NoOp, NoOp, NoOp, NoOp];0
[NoOp, Push(S,E), NoOp, NoOp, NoOp, NoOp];15
[NoOp, Pull(S,E), NoOp, NoOp, NoOp, NoOp];0
[NoOp, Move(S), NoOp, NoOp, NoOp, NoOp];0
[NoOp, Move(S), NoOp, NoOp, NoOp, NoOp];0
[NoOp, Move(S), NoOp, NoOp, NoOp, NoOp];0
[NoOp, Move(S), NoOp, NoOp, NoOp, NoOp];0
[NoOp, Move(S), NoOp, NoOp, NoOp, NoOp];0
[NoOp, Pull(N,S), NoOp, NoOp, NoOp, NoOp];0
[NoOp, Pull(N,S), NoOp, NoOp, NoOp, NoOp];0
[NoOp, Move(N), NoOp, NoOp, NoOp, NoOp];0
[NoOp, Move(N), NoOp, NoOp, NoOp, NoOp];0
[NoOp, Move(N), NoOp, NoOp, NoOp, NoOp];0
[NoOp, Pull(E,N), NoOp, NoOp, NoOp, NoOp];0
[NoOp, Push(W,S), NoOp, NoOp, NoOp, NoOp];0
[NoOp, Push(S,S), NoOp, NoOp, NoOp, NoOp];0
[NoOp, Push(S,S), NoOp, NoOp, NoOp, NoOp];0
[NoOp, Pull(N,S), NoOp, NoOp, NoOp, NoOp];0
[NoOp, Pull(N,S), NoOp, NoOp, NoOp, NoOp];0
[NoOp, Pull(N,S), NoOp, NoOp, NoOp, NoOp];0
[NoOp, Pull(N,S), NoOp, NoOp, NoOp, NoOp];0
[NoOp, Push(S,E), NoOp, NoOp, NoOp, NoOp];0
[NoOp, Pull(S,E), NoOp, NoOp, NoOp, NoOp];0
[NoOp, Move(S), NoOp, NoOp, NoOp, NoOp];0
[NoOp, Move(S), NoOp, NoOp, NoOp, NoOp];0
[NoOp, Move(S), NoOp, NoOp, NoOp, NoOp];0
[NoOp, Push(S,S), NoOp, NoOp, NoOp, NoOp];0
[NoOp, Push(S,S), NoOp, NoOp, NoOp, NoOp];0
[NoOp, Move(E), NoOp, NoOp, NoOp, NoOp];0
[NoOp, Move(E), NoOp, NoOp, NoOp, NoOp];0
[NoOp, Move(E), NoOp, NoOp, NoOp, NoOp];0
[NoOp, Move(E), NoOp, NoOp, NoOp, NoOp];0
[NoOp, Move(E), NoOp, NoOp, NoOp, NoOp];0
[NoOp, Move(E), NoOp, NoOp, NoOp, NoOp];0
[NoOp, Move(S), NoOp, NoOp, NoOp, NoOp];0
[NoOp, Push(S,E), NoOp, NoOp, NoOp, NoOp];0
[NoOp, Pull(S,E), NoOp, NoOp, NoOp, NoOp];0
[NoOp, Pull(E,S), NoOp, NoOp, NoOp, NoOp];16
[NoOp, Move(N), NoOp, NoOp, NoOp, NoOp];0
[NoOp, Move(N), NoOp, NoOp, NoOp, NoOp];0
[NoOp, Move(N), NoOp, NoOp, NoOp, NoOp];0
[NoOp, Move(W), NoOp, NoOp, NoOp, NoOp];0
[NoOp, Move(W), NoOp, NoOp, NoOp, NoOp];0
[NoOp, Move(W), NoOp, NoOp, NoOp, NoOp];0
[NoOp, Move(W), NoOp, NoOp, NoOp, NoOp];0
[NoOp, Move(W), NoOp, NoOp, NoOp, NoOp];0
[NoOp, Move(W), NoOp, NoOp, NoOp, NoOp];0
[NoOp, Move(W), NoOp, NoOp, NoOp, NoOp];0
[NoOp, Move(N), NoOp, NoOp, NoOp, NoOp];0
[NoOp, Move(N), NoOp, NoOp, NoOp, NoOp];0
[NoOp, Move(N), NoOp, NoOp, NoOp, NoOp];0
[NoOp, Move(N), NoOp, NoOp, NoOp, NoOp];0
[NoOp, Move(N), NoOp, NoOp, NoOp, NoOp];0
[NoOp, Pull(E,N), NoOp, NoOp, NoOp, NoOp];0
[NoOp, Push(W,S), NoOp, NoOp, NoOp, NoOp];0
[NoOp, Push(S,S), NoOp, NoOp, NoOp, NoOp];0
[NoOp, Push(S,S), NoOp, NoOp, NoOp, NoOp];0
[NoOp, Pull(N,S), NoOp, NoOp, NoOp, NoOp];0
[NoOp, Pull(N,S), NoOp, NoOp, NoOp, NoOp];0
[NoOp, Pull(N,S), NoOp, NoOp, NoOp, NoOp];0
[NoOp, Pull(N,S), NoOp, NoOp, NoOp, NoOp];0
[NoOp, Push(S,E), NoOp, NoOp, NoOp, NoOp];0
[NoOp, Pull(S,E), NoOp, NoOp, NoOp, NoOp];0
[NoOp, Move(S), NoOp, NoOp, NoOp, NoOp];0
[NoOp, Move(S), NoOp, NoOp, NoOp, NoOp];0
[NoOp, Move(S), NoOp, NoOp, NoOp, NoOp];0
[NoOp, Move(S), NoOp, NoOp, NoOp, NoOp];0
[NoOp, Move(S), NoOp, NoOp, NoOp, NoOp];0
[NoOp, Pull(N,S), NoOp, NoOp, NoOp, NoOp];0
[NoOp, Pull(N,S), NoOp, NoOp, NoOp, NoOp];0
[NoOp, Move(N), NoOp, NoOp, NoOp, NoOp];0
[NoOp, Move(N), NoOp, NoOp, NoOp, NoOp];0
[NoOp, Move(N), NoOp, NoOp, NoOp, NoOp];0
[NoOp, Pull(E,N), NoOp, NoOp, NoOp, NoOp];15
[NoOp, Push(W,S), NoOp, NoOp, NoOp, NoOp];0
[NoOp, Push(S,S), NoOp, NoOp, NoOp, NoOp];0
[NoOp, Push(S,S), NoOp, NoOp, NoOp, NoOp];0
e4909a3df39d1e9045b566b44845791331f237f7
successful
3701
1276
83ae0e00daa514dcc471fc6942aeef2da7785508
1495034903880
