blue: 0,A,E,H,K,N,Q
red: 1,B,F,I,L,O,R
green: 2,C,G,J,M,P,S
+++++++++++++++++++++++++++++
+BAC     +ONP            GEF+
++++     ++++            ++++
+LKM     0  1  2         JHI+
++++                     ++++
+                           ++++++++++
+                            s  r  q +
+S+                         ++++++++++
+Q+                         +
+R+                         +
++++++ +++ +++++++ +++ +++ ++
     + + + +     + + + + + +
     +p+ +m+     +j+ +g+ +c+
     + + + +     + + + + + +
     +o+ +l+     +i+ +f+ +b+
     + + + +     + + + + + +
     +n+ +k+     +h+ +e+ +a+
     + + + +     + + + + + +
     +++ +++     +++ +++ +++

[NoOp, NoOp, Move(W)];293
[NoOp, NoOp, Move(W)];0
[NoOp, NoOp, Move(S)];0
[NoOp, NoOp, Move(W)];0
[NoOp, NoOp, Move(W)];0
[NoOp, NoOp, Move(W)];0
[NoOp, NoOp, Move(W)];0
[NoOp, NoOp, Move(W)];0
[NoOp, NoOp, Move(N)];0
[NoOp, NoOp, Move(W)];0
[NoOp, NoOp, Move(W)];0
[NoOp, NoOp, Move(W)];0
[NoOp, NoOp, Move(W)];0
[NoOp, NoOp, Pull(N,W)];0
[NoOp, NoOp, Push(S,S)];0
[NoOp, NoOp, Move(N)];16
[Move(W), NoOp, NoOp];0
[Move(W), NoOp, NoOp];0
[Move(W), NoOp, NoOp];0
[Move(W), NoOp, NoOp];0
[Move(W), NoOp, NoOp];0
[Move(W), NoOp, NoOp];0
[Pull(E,W), NoOp, NoOp];31
[Pull(E,W), NoOp, NoOp];0
[Pull(N,W), NoOp, NoOp];0
[Push(S,E), NoOp, NoOp];0
[Push(E,E), NoOp, NoOp];0
[Push(E,E), NoOp, NoOp];0
[Push(E,E), NoOp, NoOp];0
[Push(E,E), NoOp, NoOp];0
[Push(E,S), NoOp, NoOp];0
[Push(S,S), NoOp, NoOp];0
[Push(S,S), NoOp, NoOp];0
[Push(S,S), NoOp, NoOp];0
[Push(S,S), NoOp, NoOp];0
[Push(S,S), NoOp, NoOp];0
[Push(S,S), NoOp, NoOp];0
[Push(S,S), NoOp, NoOp];0
[Push(S,S), NoOp, NoOp];0
[Push(S,S), NoOp, NoOp];0
[Push(S,S), NoOp, NoOp];0
[Push(S,S), NoOp, NoOp];0
[Push(S,S), NoOp, NoOp];0
[NoOp, Move(W), NoOp];0
[NoOp, Move(W), NoOp];0
[NoOp, Move(W), NoOp];0
[NoOp, Move(W), NoOp];0
[NoOp, Move(W), NoOp];0
[NoOp, Move(W), NoOp];0
[NoOp, Move(W), NoOp];0
[NoOp, Move(W), NoOp];0
[NoOp, Move(W), NoOp];0
[NoOp, Move(W), NoOp];0
[NoOp, Pull(E,W), NoOp];15
[NoOp, Pull(E,W), NoOp];0
[NoOp, Pull(E,W), NoOp];0
[NoOp, Pull(N,W), NoOp];0
[NoOp, Push(S,E), NoOp];0
[NoOp, Push(E,E), NoOp];0
[NoOp, Push(E,E), NoOp];0
[NoOp, Push(E,E), NoOp];0
[NoOp, Push(E,E), NoOp];0
[NoOp, Push(E,S), NoOp];0
[NoOp, Push(S,S), NoOp];0
[NoOp, Push(S,S), NoOp];0
[NoOp, Push(S,S), NoOp];0
[NoOp, Push(S,S), NoOp];0
[NoOp, Push(S,S), NoOp];0
[NoOp, Push(S,S), NoOp];0
[NoOp, Push(S,S), NoOp];0
[NoOp, Push(S,S), NoOp];0
[NoOp, Push(S,S), NoOp];0
[NoOp, Push(S,S), NoOp];0
[NoOp, NoOp, Move(S)];0
[NoOp, NoOp, Push(S,E)];0
[NoOp, NoOp, Push(E,E)];0
[NoOp, NoOp, Push(E,E)];0
[NoOp, NoOp, Push(E,E)];0
[NoOp, NoOp, Push(E,E)];0
[NoOp, NoOp, Push(E,E)];0
[NoOp, NoOp, Push(E,S)];0
[NoOp, NoOp, Push(S,S)];0
[NoOp, NoOp, Push(S,S)];0
[NoOp, NoOp, Push(S,S)];0
[NoOp, NoOp, Push(S,S)];0
[NoOp, NoOp, Push(S,S)];0
[NoOp, NoOp, Push(S,S)];0
[NoOp, NoOp, Push(S,S)];0
[NoOp, NoOp, Pull(N,S)];0
[NoOp, NoOp, Pull(N,S)];0
[NoOp, Pull(N,S), NoOp];0
[NoOp, Pull(N,S), NoOp];0
[Pull(N,S), NoOp, NoOp];0
[Pull(N,S), NoOp, NoOp];0
[NoOp, NoOp, Pull(N,S)];0
[NoOp, NoOp, Pull(N,S)];0
[NoOp, Pull(N,S), NoOp];15
[NoOp, Pull(N,S), NoOp];0
[Pull(N,S), NoOp, NoOp];0
[Pull(N,S), NoOp, NoOp];0
[NoOp, Pull(E,S), NoOp];0
[NoOp, Push(W,W), NoOp];0
[NoOp, Move(E), NoOp];0
[Pull(N,S), NoOp, NoOp];0
[Pull(N,S), NoOp, NoOp];0
[NoOp, NoOp, Push(S,W)];0
[NoOp, NoOp, Move(E)];16
[Pull(N,S), NoOp, NoOp];0
[Pull(N,S), NoOp, NoOp];0
[NoOp, Move(W), NoOp];0
[NoOp, Push(W,W), NoOp];0
[NoOp, Push(W,W), NoOp];0
[Push(S,S), NoOp, NoOp];0
[Push(S,E), NoOp, NoOp];0
[Pull(S,E), NoOp, NoOp];0
[Move(S), NoOp, NoOp];0
[Move(S), NoOp, NoOp];0
[Move(S), NoOp, NoOp];0
[Move(S), NoOp, NoOp];0
[Move(S), NoOp, NoOp];0
[Move(S), NoOp, NoOp];0
[Move(S), NoOp, NoOp];0
[Move(N), NoOp, NoOp];2469
[Move(N), NoOp, NoOp];0
[Move(N), NoOp, NoOp];0
[Move(N), NoOp, NoOp];0
[Move(N), NoOp, NoOp];0
[Move(N), NoOp, NoOp];0
[Move(N), NoOp, NoOp];0
[Push(N,E), NoOp, NoOp];0
[Move(N), NoOp, NoOp];1140
[NoOp, Pull(N,W), NoOp];0
[NoOp, Push(S,E), NoOp];0
[NoOp, Push(E,E), NoOp];0
[NoOp, Push(E,S), NoOp];0
[NoOp, Push(S,S), NoOp];0
[NoOp, Push(S,S), NoOp];0
[NoOp, Push(S,S), NoOp];0
[NoOp, Push(S,S), NoOp];0
[NoOp, Push(S,S), NoOp];0
[NoOp, Push(S,S), NoOp];0
[Move(S), NoOp, NoOp];0
[Push(E,E), NoOp, NoOp];0
[Move(W), NoOp, NoOp];0
[Move(W), NoOp, NoOp];0
[NoOp, Move(N), NoOp];0
[NoOp, Move(N), NoOp];0
[NoOp, Move(N), NoOp];0
[NoOp, Move(N), NoOp];0
[NoOp, Move(N), NoOp];0
[NoOp, Move(N), NoOp];0
[NoOp, Move(E), NoOp];0
[Move(E), NoOp, NoOp];0
[Move(N), NoOp, NoOp];0
[Move(N), NoOp, NoOp];0
[Move(E), NoOp, NoOp];0
[Move(E), NoOp, NoOp];0
[Move(S), NoOp, NoOp];0
[Push(S,E), NoOp, NoOp];16
[Move(N), NoOp, NoOp];0
[Move(N), NoOp, NoOp];0
[NoOp, NoOp, Move(E)];0
[NoOp, NoOp, Move(S)];0
[NoOp, NoOp, Move(N)];0
[NoOp, NoOp, Move(E)];0
[NoOp, NoOp, Move(N)];0
[NoOp, NoOp, Move(N)];0
[NoOp, NoOp, Move(N)];0
[NoOp, NoOp, Move(N)];0
[NoOp, NoOp, Move(N)];0
[NoOp, NoOp, Move(N)];0
[NoOp, NoOp, Move(N)];0
[NoOp, NoOp, Pull(E,W)];0
[NoOp, NoOp, Pull(E,W)];0
[Move(N), NoOp, NoOp];0
[Move(N), NoOp, NoOp];0
[Move(N), NoOp, NoOp];0
[Move(N), NoOp, NoOp];0
[Move(E), NoOp, NoOp];0
[Move(N), NoOp, NoOp];0
[Move(N), NoOp, NoOp];0
[Move(W), NoOp, NoOp];0
[Pull(E,W), NoOp, NoOp];16
[Pull(S,W), NoOp, NoOp];0
[Pull(E,N), NoOp, NoOp];0
[Push(W,S), NoOp, NoOp];0
[Push(S,S), NoOp, NoOp];0
[Push(S,S), NoOp, NoOp];0
[Push(S,S), NoOp, NoOp];0
[Push(S,S), NoOp, NoOp];0
[Push(S,S), NoOp, NoOp];0
[Push(S,W), NoOp, NoOp];0
[Push(W,W), NoOp, NoOp];0
[Push(W,W), NoOp, NoOp];0
[Push(W,S), NoOp, NoOp];0
[Push(S,W), NoOp, NoOp];0
[Push(W,W), NoOp, NoOp];0
[Push(W,W), NoOp, NoOp];0
[Push(W,W), NoOp, NoOp];0
[Push(W,S), NoOp, NoOp];0
[Push(S,S), NoOp, NoOp];0
[Push(S,S), NoOp, NoOp];0
[Push(S,S), NoOp, NoOp];0
[Push(S,S), NoOp, NoOp];0
[Push(S,S), NoOp, NoOp];0
[Push(S,S), NoOp, NoOp];0
[Move(N), NoOp, NoOp];0
[Move(N), NoOp, NoOp];0
[Move(N), NoOp, NoOp];0
[Move(N), NoOp, NoOp];0
[Move(N), NoOp, NoOp];0
[Move(N), NoOp, NoOp];0
[Move(E), NoOp, NoOp];0
[Move(E), NoOp, NoOp];0
[Move(E), NoOp, NoOp];0
[Move(E), NoOp, NoOp];0
[Move(N), NoOp, NoOp];0
[Move(E), NoOp, NoOp];0
[Move(E), NoOp, NoOp];0
[Move(E), NoOp, NoOp];0
[NoOp, Move(W), NoOp];62
[NoOp, Move(S), NoOp];0
[NoOp, Move(S), NoOp];0
[NoOp, Move(S), NoOp];0
[NoOp, Move(S), NoOp];0
[NoOp, Move(S), NoOp];0
[NoOp, Move(S), NoOp];0
[NoOp, Push(S,S), NoOp];0
[NoOp, Move(N), NoOp];31
[NoOp, Move(N), NoOp];0
[NoOp, Move(N), NoOp];0
[NoOp, Move(N), NoOp];0
[NoOp, Move(N), NoOp];0
[NoOp, Move(N), NoOp];0
[NoOp, Move(N), NoOp];0
[NoOp, Move(N), NoOp];0
[Push(S,W), NoOp, NoOp];0
[Push(W,W), NoOp, NoOp];0
[Push(W,W), NoOp, NoOp];0
[Push(W,S), NoOp, NoOp];0
[Push(S,S), NoOp, NoOp];0
[Push(S,S), NoOp, NoOp];0
[Push(S,S), NoOp, NoOp];0
[Push(S,S), NoOp, NoOp];0
[Push(S,S), NoOp, NoOp];0
[Push(S,S), NoOp, NoOp];0
[Move(N), NoOp, NoOp];0
[Move(N), NoOp, NoOp];0
[Move(N), NoOp, NoOp];0
[Move(N), NoOp, NoOp];0
[Move(N), NoOp, NoOp];0
[Move(N), NoOp, NoOp];0
[Move(W), NoOp, NoOp];0
[Move(E), NoOp, NoOp];0
[Move(S), NoOp, NoOp];0
[Move(S), NoOp, NoOp];0
[Move(S), NoOp, NoOp];0
[Move(S), NoOp, NoOp];0
[Move(S), NoOp, NoOp];0
[Move(S), NoOp, NoOp];0
[Pull(N,S), NoOp, NoOp];0
[Pull(N,S), NoOp, NoOp];0
[Pull(N,S), NoOp, NoOp];0
[Pull(N,S), NoOp, NoOp];0
[Pull(N,S), NoOp, NoOp];0
[Pull(N,S), NoOp, NoOp];0
[Pull(E,S), NoOp, NoOp];0
[Pull(N,W), NoOp, NoOp];0
[NoOp, Move(S), NoOp];0
[NoOp, Move(S), NoOp];0
[NoOp, Move(S), NoOp];0
[NoOp, Move(S), NoOp];0
[NoOp, Move(S), NoOp];0
[NoOp, Move(S), NoOp];0
[NoOp, Move(S), NoOp];0
[NoOp, Move(S), NoOp];0
[NoOp, Pull(N,S), NoOp];0
[NoOp, Pull(N,S), NoOp];0
[NoOp, Pull(N,S), NoOp];0
[NoOp, Move(N), NoOp];1047
[NoOp, Move(N), NoOp];0
[NoOp, Move(N), NoOp];0
[NoOp, Move(N), NoOp];0
[NoOp, Move(N), NoOp];0
[NoOp, Move(S), NoOp];0
[NoOp, Move(S), NoOp];0
[NoOp, Move(S), NoOp];0
[NoOp, Move(S), NoOp];0
[NoOp, Move(S), NoOp];0
[NoOp, Pull(N,S), NoOp];0
[NoOp, Pull(N,S), NoOp];0
[NoOp, Pull(N,S), NoOp];0
[NoOp, Pull(N,S), NoOp];0
[NoOp, Pull(N,S), NoOp];0
[NoOp, Push(S,W), NoOp];0
[NoOp, Move(N), NoOp];265
[Push(S,W), NoOp, NoOp];0
[Push(W,S), NoOp, NoOp];0
[Push(S,S), NoOp, NoOp];0
[Push(S,S), NoOp, NoOp];0
[Push(S,S), NoOp, NoOp];0
[Push(S,S), NoOp, NoOp];0
[Push(S,S), NoOp, NoOp];0
[Push(S,S), NoOp, NoOp];0
[NoOp, Move(S), NoOp];0
[NoOp, Pull(N,W), NoOp];0
[NoOp, Push(S,S), NoOp];0
[NoOp, Push(S,S), NoOp];0
[NoOp, Push(S,S), NoOp];0
[NoOp, Push(S,S), NoOp];0
[NoOp, Push(S,S), NoOp];0
[NoOp, NoOp, Move(S)];0
[NoOp, NoOp, Move(S)];0
[NoOp, NoOp, Move(S)];0
[NoOp, NoOp, Move(S)];0
[NoOp, NoOp, Move(S)];0
[NoOp, NoOp, Move(S)];0
[NoOp, NoOp, Move(S)];0
[NoOp, NoOp, Move(W)];0
[NoOp, NoOp, Move(W)];0
[NoOp, NoOp, Move(W)];0
[NoOp, NoOp, Move(W)];0
[NoOp, NoOp, Move(W)];0
[NoOp, NoOp, Push(W,S)];0
[NoOp, NoOp, Push(S,E)];0
[NoOp, NoOp, Push(E,S)];0
[NoOp, NoOp, Push(S,S)];0
[NoOp, NoOp, Push(S,S)];0
[NoOp, NoOp, Pull(N,S)];16
[NoOp, NoOp, Pull(N,S)];0
[NoOp, NoOp, Pull(N,S)];0
[NoOp, NoOp, Push(S,E)];0
[NoOp, NoOp, Move(W)];0
[NoOp, Move(N), NoOp];0
[NoOp, Move(N), NoOp];0
[NoOp, Move(N), NoOp];0
[NoOp, Move(N), NoOp];0
[NoOp, Move(N), NoOp];0
[NoOp, Move(N), NoOp];0
[NoOp, Move(N), NoOp];0
[NoOp, Move(N), NoOp];0
[NoOp, Move(N), NoOp];0
[NoOp, Move(N), NoOp];0
[NoOp, Move(E), NoOp];0
[NoOp, Move(E), NoOp];0
[NoOp, Move(E), NoOp];0
[NoOp, Move(N), NoOp];0
[NoOp, Move(N), NoOp];0
[NoOp, Move(W), NoOp];0
[NoOp, Move(W), NoOp];0
[NoOp, Pull(E,W), NoOp];0
[NoOp, Pull(E,W), NoOp];0
[NoOp, Pull(S,W), NoOp];0
[NoOp, Pull(E,N), NoOp];0
[NoOp, Push(W,S), NoOp];0
[NoOp, Push(S,S), NoOp];0
[NoOp, Push(S,S), NoOp];0
[NoOp, Push(S,S), NoOp];0
[NoOp, Push(S,S), NoOp];0
[NoOp, Push(S,S), NoOp];0
[NoOp, Push(S,W), NoOp];0
[NoOp, Push(W,W), NoOp];0
[NoOp, Push(W,W), NoOp];0
[NoOp, Push(W,W), NoOp];0
[NoOp, Push(W,W), NoOp];0
[NoOp, Push(W,S), NoOp];0
[NoOp, Push(S,W), NoOp];0
[NoOp, Push(W,W), NoOp];0
[NoOp, Push(W,S), NoOp];0
[NoOp, Push(S,S), NoOp];0
[NoOp, Push(S,S), NoOp];0
[NoOp, Push(S,S), NoOp];0
[NoOp, Push(S,S), NoOp];0
[NoOp, NoOp, Move(E)];0
[NoOp, NoOp, Pull(N,E)];0
[NoOp, NoOp, Push(S,S)];0
[NoOp, NoOp, Push(S,S)];0
[NoOp, NoOp, Push(S,S)];0
[NoOp, NoOp, Move(N)];0
[NoOp, NoOp, Move(N)];0
[NoOp, NoOp, Move(N)];0
[NoOp, NoOp, Move(N)];0
[NoOp, NoOp, Move(N)];0
[NoOp, NoOp, Move(N)];0
[NoOp, NoOp, Move(N)];0
[NoOp, NoOp, Move(N)];16
[NoOp, NoOp, Move(E)];0
[NoOp, NoOp, Move(E)];0
[NoOp, NoOp, Move(E)];0
[NoOp, NoOp, Move(N)];0
[NoOp, NoOp, Move(N)];0
[NoOp, NoOp, Push(E,S)];0
[NoOp, NoOp, Push(S,S)];0
[NoOp, NoOp, Push(S,S)];0
[NoOp, NoOp, Push(S,S)];0
[NoOp, NoOp, Push(S,S)];0
[NoOp, NoOp, Push(S,S)];0
[NoOp, NoOp, Push(S,S)];0
[NoOp, NoOp, Push(S,S)];0
[NoOp, NoOp, Push(S,W)];0
[NoOp, NoOp, Push(W,W)];0
[NoOp, NoOp, Push(W,W)];0
[NoOp, NoOp, Push(W,W)];0
[NoOp, NoOp, Push(W,W)];0
[NoOp, NoOp, Push(W,W)];0
[NoOp, NoOp, Push(W,W)];0
[NoOp, NoOp, Push(W,W)];0
[NoOp, NoOp, Push(W,S)];0
[NoOp, NoOp, Push(S,S)];0
[NoOp, NoOp, Push(S,S)];0
[NoOp, NoOp, Pull(N,S)];0
[NoOp, NoOp, Pull(N,S)];0
[NoOp, NoOp, Pull(N,S)];0
[NoOp, NoOp, Pull(N,S)];0
[NoOp, NoOp, Move(E)];0
[NoOp, NoOp, Move(E)];0
[NoOp, NoOp, Move(E)];0
[NoOp, NoOp, Move(E)];0
[NoOp, NoOp, Move(S)];0
[NoOp, NoOp, Move(S)];0
[NoOp, NoOp, Move(S)];0
[NoOp, NoOp, Move(S)];0
[NoOp, NoOp, Pull(N,S)];15
[NoOp, NoOp, Pull(N,S)];0
[NoOp, NoOp, Pull(N,S)];0
[NoOp, NoOp, Pull(N,S)];0
[NoOp, Move(N), NoOp];0
[NoOp, Move(N), NoOp];0
[NoOp, Move(N), NoOp];0
[NoOp, Move(N), NoOp];0
[NoOp, Move(E), NoOp];0
[NoOp, Move(E), NoOp];0
[NoOp, Move(E), NoOp];0
[NoOp, Move(E), NoOp];0
[NoOp, Move(S), NoOp];0
[NoOp, Move(S), NoOp];0
[NoOp, Move(S), NoOp];0
[NoOp, Move(S), NoOp];0
[NoOp, Pull(N,S), NoOp];0
[NoOp, Pull(N,S), NoOp];0
[NoOp, Pull(N,S), NoOp];0
[NoOp, Pull(N,S), NoOp];0
[NoOp, Pull(E,S), NoOp];0
[NoOp, Pull(N,W), NoOp];0
[NoOp, NoOp, Push(S,S)];0
[NoOp, NoOp, Push(S,W)];0
[NoOp, NoOp, Move(N)];0
[NoOp, NoOp, Move(N)];0
[NoOp, NoOp, Move(N)];0
[NoOp, NoOp, Move(N)];0
[NoOp, NoOp, Move(N)];0
[NoOp, NoOp, Move(N)];0
[NoOp, NoOp, Move(E)];0
[NoOp, NoOp, Move(E)];0
[NoOp, NoOp, Move(E)];0
[NoOp, NoOp, Move(E)];0
[NoOp, NoOp, Move(E)];0
[NoOp, NoOp, Move(E)];0
[NoOp, NoOp, Move(E)];0
[NoOp, NoOp, Move(E)];0
[NoOp, NoOp, Move(E)];0
[NoOp, NoOp, Move(E)];0
[NoOp, NoOp, Move(E)];0
[NoOp, NoOp, Move(E)];0
[NoOp, NoOp, Move(E)];0
[NoOp, NoOp, Move(E)];0
[NoOp, NoOp, Pull(N,E)];0
[NoOp, NoOp, Push(S,S)];0
[NoOp, NoOp, Move(N)];0
[Move(N), NoOp, NoOp];0
[Move(N), NoOp, NoOp];16
[Move(N), NoOp, NoOp];0
[Move(N), NoOp, NoOp];0
[Move(N), NoOp, NoOp];0
[Move(N), NoOp, NoOp];0
[Move(N), NoOp, NoOp];0
[Move(N), NoOp, NoOp];0
[Move(N), NoOp, NoOp];0
[Move(N), NoOp, NoOp];0
[Move(N), NoOp, NoOp];0
[Move(N), NoOp, NoOp];0
[Move(E), NoOp, NoOp];0
[Move(E), NoOp, NoOp];0
[Move(E), NoOp, NoOp];0
[Move(E), NoOp, NoOp];0
[Move(E), NoOp, NoOp];0
[Move(E), NoOp, NoOp];0
[Move(E), NoOp, NoOp];0
[Move(E), NoOp, NoOp];0
[Move(E), NoOp, NoOp];0
[Move(E), NoOp, NoOp];0
[Move(E), NoOp, NoOp];0
[Move(E), NoOp, NoOp];0
[Move(E), NoOp, NoOp];0
[Move(E), NoOp, NoOp];0
[Move(E), NoOp, NoOp];0
[Pull(W,E), NoOp, NoOp];0
[Pull(W,E), NoOp, NoOp];0
[Pull(N,E), NoOp, NoOp];0
[Push(S,S), NoOp, NoOp];0
[Push(S,S), NoOp, NoOp];0
[Push(S,S), NoOp, NoOp];0
[Push(S,S), NoOp, NoOp];0
[Push(S,S), NoOp, NoOp];0
[Push(S,S), NoOp, NoOp];0
[Push(S,W), NoOp, NoOp];0
[Push(W,W), NoOp, NoOp];0
[Push(W,W), NoOp, NoOp];0
[Push(W,W), NoOp, NoOp];0
[Push(W,W), NoOp, NoOp];0
[Push(W,S), NoOp, NoOp];0
[Push(S,S), NoOp, NoOp];0
[Push(S,S), NoOp, NoOp];0
[Push(S,S), NoOp, NoOp];0
[Push(S,S), NoOp, NoOp];0
[Push(S,S), NoOp, NoOp];0
[Push(S,S), NoOp, NoOp];0
[NoOp, Push(S,W), NoOp];0
[NoOp, Push(W,S), NoOp];0
[NoOp, Push(S,S), NoOp];0
[NoOp, Push(S,S), NoOp];0
[NoOp, Push(S,S), NoOp];0
[NoOp, Push(S,S), NoOp];0
[NoOp, NoOp, Move(S)];0
[NoOp, NoOp, Move(W)];16
[NoOp, NoOp, Move(S)];0
[NoOp, NoOp, Move(S)];0
[NoOp, NoOp, Move(S)];0
[NoOp, NoOp, Move(S)];0
[NoOp, NoOp, Move(S)];0
[NoOp, NoOp, Move(S)];0
[NoOp, NoOp, Move(W)];0
[NoOp, NoOp, Move(W)];0
[NoOp, NoOp, Move(W)];0
[NoOp, NoOp, Move(W)];0
[NoOp, NoOp, Move(W)];0
[NoOp, NoOp, Move(W)];0
[NoOp, NoOp, Move(W)];0
[NoOp, NoOp, Move(W)];0
[NoOp, NoOp, Move(W)];0
[NoOp, NoOp, Move(W)];0
[NoOp, NoOp, Move(W)];0
[NoOp, NoOp, Move(W)];0
[NoOp, NoOp, Move(W)];0
[NoOp, NoOp, Pull(N,W)];0
[NoOp, NoOp, Push(S,S)];0
[NoOp, NoOp, Push(S,S)];0
[NoOp, NoOp, Push(S,S)];0
[NoOp, NoOp, Move(N)];0
[NoOp, NoOp, Move(N)];0
[NoOp, NoOp, Move(N)];0
[NoOp, NoOp, Move(W)];0
[NoOp, NoOp, Move(W)];0
[NoOp, NoOp, Move(W)];0
[NoOp, NoOp, Push(W,S)];0
[NoOp, NoOp, Push(S,S)];0
[NoOp, NoOp, Push(S,S)];0
[NoOp, NoOp, Push(S,S)];0
[NoOp, NoOp, Move(N)];0
[NoOp, NoOp, Move(N)];0
[NoOp, NoOp, Move(E)];0
[NoOp, NoOp, Move(E)];0
[NoOp, NoOp, Move(E)];0
[NoOp, NoOp, Move(E)];0
[NoOp, NoOp, Move(S)];0
[NoOp, NoOp, Move(S)];0
[NoOp, NoOp, Pull(N,S)];0
[NoOp, NoOp, Pull(N,S)];0
[NoOp, NoOp, Pull(N,S)];0
[NoOp, NoOp, Push(S,E)];0
[NoOp, NoOp, Move(W)];0
[NoOp, Move(N), NoOp];0
[NoOp, Move(N), NoOp];0
[NoOp, Move(N), NoOp];0
[NoOp, Move(N), NoOp];0
[NoOp, Move(N), NoOp];0
[NoOp, Move(N), NoOp];0
[NoOp, Move(N), NoOp];0
[NoOp, Move(N), NoOp];0
[NoOp, Move(N), NoOp];0
[NoOp, Move(N), NoOp];0
[NoOp, Move(E), NoOp];0
[NoOp, Move(E), NoOp];0
[NoOp, Move(E), NoOp];0
[NoOp, Move(E), NoOp];0
[NoOp, Move(E), NoOp];0
[NoOp, Move(E), NoOp];0
[NoOp, Move(E), NoOp];0
[NoOp, Move(E), NoOp];0
[NoOp, Move(E), NoOp];0
[NoOp, Move(E), NoOp];0
[NoOp, Move(E), NoOp];0
[NoOp, Move(E), NoOp];0
[NoOp, Move(E), NoOp];0
[NoOp, Move(E), NoOp];0
[NoOp, Move(E), NoOp];0
[NoOp, Move(E), NoOp];0
[NoOp, Pull(W,E), NoOp];15
[NoOp, Pull(W,E), NoOp];0
[NoOp, Pull(N,E), NoOp];0
[NoOp, Push(S,W), NoOp];0
[NoOp, Push(W,S), NoOp];0
[NoOp, Push(S,S), NoOp];0
[NoOp, Push(S,S), NoOp];0
[NoOp, Push(S,S), NoOp];0
[NoOp, Push(S,S), NoOp];0
[NoOp, Push(S,S), NoOp];0
[NoOp, Push(S,W), NoOp];0
[NoOp, Push(W,W), NoOp];0
[NoOp, Push(W,W), NoOp];0
[NoOp, Push(W,W), NoOp];0
[NoOp, Push(W,W), NoOp];0
[NoOp, Push(W,S), NoOp];0
[NoOp, Push(S,S), NoOp];0
[NoOp, Push(S,S), NoOp];0
[NoOp, Push(S,S), NoOp];0
[NoOp, Push(S,S), NoOp];0
[NoOp, NoOp, Move(E)];0
[NoOp, NoOp, Pull(N,E)];0
[NoOp, NoOp, Push(S,S)];0
[NoOp, NoOp, Push(S,S)];0
[NoOp, NoOp, Push(S,S)];0
[NoOp, NoOp, Move(N)];0
[NoOp, NoOp, Move(N)];0
[NoOp, NoOp, Move(N)];0
[NoOp, NoOp, Move(N)];0
[NoOp, NoOp, Move(N)];0
[NoOp, NoOp, Move(N)];0
[NoOp, NoOp, Move(N)];0
[NoOp, NoOp, Move(E)];0
[NoOp, NoOp, Move(E)];0
[NoOp, NoOp, Move(E)];0
[NoOp, NoOp, Move(E)];0
[NoOp, NoOp, Move(E)];0
[NoOp, NoOp, Move(E)];0
[NoOp, NoOp, Move(E)];0
[NoOp, NoOp, Move(E)];0
[NoOp, NoOp, Move(E)];0
[NoOp, NoOp, Move(E)];0
[NoOp, NoOp, Move(E)];0
[NoOp, NoOp, Move(E)];0
[NoOp, NoOp, Move(E)];0
[NoOp, NoOp, Push(E,S)];0
[NoOp, NoOp, Push(S,S)];0
[NoOp, NoOp, Push(S,S)];0
[NoOp, NoOp, Push(S,S)];0
[NoOp, NoOp, Push(S,S)];0
[NoOp, NoOp, Push(S,W)];0
[NoOp, NoOp, Push(W,W)];0
[NoOp, NoOp, Push(W,W)];0
[NoOp, NoOp, Push(W,W)];0
[NoOp, NoOp, Push(W,W)];0
[NoOp, NoOp, Push(W,W)];0
[NoOp, NoOp, Push(W,S)];0
[NoOp, NoOp, Push(S,S)];0
[NoOp, NoOp, Push(S,S)];0
[NoOp, NoOp, Pull(N,S)];0
[NoOp, NoOp, Pull(N,S)];0
[NoOp, Pull(N,S), NoOp];0
[NoOp, Pull(N,S), NoOp];0
[Pull(N,S), NoOp, NoOp];0
[Pull(N,S), NoOp, NoOp];0
[NoOp, NoOp, Pull(N,S)];0
[NoOp, NoOp, Pull(N,S)];0
[NoOp, Pull(N,S), NoOp];0
[NoOp, Pull(N,S), NoOp];0
[Pull(N,S), NoOp, NoOp];0
[Pull(N,S), NoOp, NoOp];0
[NoOp, Pull(E,S), NoOp];0
[NoOp, Push(W,W), NoOp];0
[NoOp, Move(E), NoOp];0
[Pull(N,S), NoOp, NoOp];0
[Pull(N,S), NoOp, NoOp];0
[NoOp, NoOp, Push(S,W)];0
[NoOp, NoOp, Move(E)];0
[Pull(N,S), NoOp, NoOp];0
[Pull(N,S), NoOp, NoOp];0
[NoOp, Move(W), NoOp];0
[NoOp, Push(W,W), NoOp];0
[NoOp, Push(W,W), NoOp];0
[Push(S,S), NoOp, NoOp];0
[Push(S,E), NoOp, NoOp];0
[Pull(S,E), NoOp, NoOp];0
[Move(S), NoOp, NoOp];0
[Move(S), NoOp, NoOp];0
[Move(S), NoOp, NoOp];0
[Move(S), NoOp, NoOp];0
[Move(S), NoOp, NoOp];0
[Move(S), NoOp, NoOp];0
[Move(S), NoOp, NoOp];0
[Move(N), NoOp, NoOp];3298
[Move(N), NoOp, NoOp];0
[Move(N), NoOp, NoOp];0
[Move(N), NoOp, NoOp];0
[Move(N), NoOp, NoOp];0
[Move(N), NoOp, NoOp];0
[Move(N), NoOp, NoOp];0
[Push(N,E), NoOp, NoOp];0
[Move(N), NoOp, NoOp];1610
[NoOp, Pull(N,W), NoOp];0
[NoOp, Push(S,E), NoOp];0
[NoOp, Push(E,E), NoOp];0
[NoOp, Push(E,S), NoOp];0
[NoOp, Push(S,S), NoOp];0
[NoOp, Push(S,S), NoOp];0
[NoOp, Push(S,S), NoOp];0
[NoOp, Push(S,S), NoOp];0
[NoOp, Push(S,S), NoOp];0
[NoOp, Push(S,S), NoOp];0
[Move(S), NoOp, NoOp];0
[Push(E,E), NoOp, NoOp];0
[Move(W), NoOp, NoOp];0
[Move(W), NoOp, NoOp];0
[NoOp, Move(N), NoOp];15
[NoOp, Move(N), NoOp];0
[NoOp, Move(N), NoOp];0
[NoOp, Move(N), NoOp];0
[NoOp, Move(N), NoOp];0
[NoOp, Move(N), NoOp];0
[NoOp, Move(E), NoOp];0
[Move(E), NoOp, NoOp];0
[Move(N), NoOp, NoOp];0
[Move(N), NoOp, NoOp];0
[Move(E), NoOp, NoOp];0
[Move(E), NoOp, NoOp];0
[Move(S), NoOp, NoOp];0
[Push(S,E), NoOp, NoOp];0
[Move(N), NoOp, NoOp];0
[Move(N), NoOp, NoOp];0
[NoOp, NoOp, Move(E)];0
[NoOp, NoOp, Move(S)];0
[NoOp, NoOp, Move(N)];0
[NoOp, NoOp, Move(E)];0
[NoOp, NoOp, Move(N)];0
[NoOp, NoOp, Move(N)];0
[NoOp, NoOp, Move(N)];0
[NoOp, NoOp, Move(N)];0
[NoOp, NoOp, Move(N)];0
[NoOp, NoOp, Move(N)];0
[NoOp, NoOp, Move(N)];0
[NoOp, NoOp, Move(E)];0
[NoOp, NoOp, Move(E)];0
[NoOp, NoOp, Move(E)];0
[NoOp, NoOp, Pull(S,E)];0
[NoOp, NoOp, Pull(S,N)];0
[Move(N), NoOp, NoOp];0
[Move(N), NoOp, NoOp];0
[Move(N), NoOp, NoOp];0
[Move(N), NoOp, NoOp];0
[Move(N), NoOp, NoOp];0
[Move(N), NoOp, NoOp];0
[Move(E), NoOp, NoOp];0
[Move(E), NoOp, NoOp];0
[Move(E), NoOp, NoOp];0
[Move(E), NoOp, NoOp];0
[Move(E), NoOp, NoOp];0
[Pull(W,E), NoOp, NoOp];0
[Pull(W,E), NoOp, NoOp];0
[Pull(S,E), NoOp, NoOp];0
[Push(N,W), NoOp, NoOp];0
[Push(W,S), NoOp, NoOp];0
[Push(S,S), NoOp, NoOp];0
[Push(S,S), NoOp, NoOp];0
[Push(S,S), NoOp, NoOp];0
[Push(S,S), NoOp, NoOp];0
[Push(S,S), NoOp, NoOp];0
[Push(S,S), NoOp, NoOp];0
[Push(S,S), NoOp, NoOp];0
[Push(S,S), NoOp, NoOp];0
[Push(S,S), NoOp, NoOp];0
[Push(S,S), NoOp, NoOp];0
[Push(S,S), NoOp, NoOp];0
[Push(S,S), NoOp, NoOp];0
[Push(S,S), NoOp, NoOp];0
[Push(S,S), NoOp, NoOp];0
[Move(N), NoOp, NoOp];0
[Move(N), NoOp, NoOp];0
[Move(N), NoOp, NoOp];0
[Move(N), NoOp, NoOp];0
[Move(N), NoOp, NoOp];0
[Move(N), NoOp, NoOp];0
[NoOp, Move(W), NoOp];63
[NoOp, Move(S), NoOp];0
[NoOp, Move(S), NoOp];0
[NoOp, Move(S), NoOp];0
[NoOp, Move(S), NoOp];0
[NoOp, Move(S), NoOp];0
[NoOp, Move(S), NoOp];0
[NoOp, Push(S,S), NoOp];0
[NoOp, Move(N), NoOp];31
[NoOp, Move(N), NoOp];0
[NoOp, Move(N), NoOp];0
[NoOp, Move(N), NoOp];0
[NoOp, Move(N), NoOp];0
[NoOp, Move(N), NoOp];0
[NoOp, Move(N), NoOp];0
[NoOp, Move(N), NoOp];0
[Push(W,W), NoOp, NoOp];0
[Push(W,W), NoOp, NoOp];0
[Push(W,W), NoOp, NoOp];0
[Push(W,S), NoOp, NoOp];0
[Push(S,S), NoOp, NoOp];0
[Push(S,S), NoOp, NoOp];0
[Push(S,S), NoOp, NoOp];0
[Push(S,S), NoOp, NoOp];0
[Push(S,S), NoOp, NoOp];0
[Push(S,S), NoOp, NoOp];0
[Move(N), NoOp, NoOp];0
[Move(N), NoOp, NoOp];0
[Move(N), NoOp, NoOp];0
[Move(N), NoOp, NoOp];0
[Move(N), NoOp, NoOp];0
[Move(N), NoOp, NoOp];0
[Move(W), NoOp, NoOp];0
[Move(E), NoOp, NoOp];0
[Move(S), NoOp, NoOp];0
[Move(S), NoOp, NoOp];0
[Move(S), NoOp, NoOp];0
[Move(S), NoOp, NoOp];0
[Move(S), NoOp, NoOp];0
[Move(S), NoOp, NoOp];0
[Pull(N,S), NoOp, NoOp];0
[Pull(N,S), NoOp, NoOp];0
[Pull(N,S), NoOp, NoOp];0
[Pull(N,S), NoOp, NoOp];0
[Pull(N,S), NoOp, NoOp];0
[Pull(N,S), NoOp, NoOp];0
[Pull(E,S), NoOp, NoOp];0
[Pull(N,W), NoOp, NoOp];0
[NoOp, Move(S), NoOp];16
[NoOp, Move(S), NoOp];0
[NoOp, Move(S), NoOp];0
[NoOp, Move(S), NoOp];0
[NoOp, Move(S), NoOp];0
[NoOp, Move(S), NoOp];0
[NoOp, Move(S), NoOp];0
[NoOp, Move(S), NoOp];0
[NoOp, Pull(N,S), NoOp];0
[NoOp, Pull(N,S), NoOp];0
[NoOp, Pull(N,S), NoOp];0
[NoOp, Move(N), NoOp];1140
[NoOp, Move(N), NoOp];0
[NoOp, Move(N), NoOp];0
[NoOp, Move(N), NoOp];0
[NoOp, Move(N), NoOp];0
[NoOp, Move(S), NoOp];0
[NoOp, Move(S), NoOp];0
[NoOp, Move(S), NoOp];0
[NoOp, Move(S), NoOp];0
[NoOp, Move(S), NoOp];0
[NoOp, Pull(N,S), NoOp];0
[NoOp, Pull(N,S), NoOp];0
[NoOp, Pull(N,S), NoOp];0
[NoOp, Pull(N,S), NoOp];0
[NoOp, Pull(N,S), NoOp];0
[NoOp, Push(S,W), NoOp];0
[NoOp, Move(N), NoOp];329
[Push(S,W), NoOp, NoOp];0
[Push(W,S), NoOp, NoOp];0
[Push(S,S), NoOp, NoOp];0
[Push(S,S), NoOp, NoOp];0
[Push(S,S), NoOp, NoOp];0
[Push(S,S), NoOp, NoOp];0
[Push(S,S), NoOp, NoOp];0
[Push(S,S), NoOp, NoOp];0
[NoOp, Move(S), NoOp];0
[NoOp, Pull(N,W), NoOp];0
[NoOp, Push(S,S), NoOp];0
[NoOp, Push(S,S), NoOp];0
[NoOp, Push(S,S), NoOp];0
[NoOp, Push(S,S), NoOp];0
[NoOp, Push(S,S), NoOp];0
[NoOp, NoOp, Move(S)];0
[NoOp, NoOp, Move(S)];0
[NoOp, NoOp, Move(S)];0
[NoOp, NoOp, Move(S)];0
[NoOp, NoOp, Move(S)];0
[NoOp, NoOp, Move(W)];0
[NoOp, NoOp, Move(W)];0
[NoOp, NoOp, Move(W)];0
[NoOp, NoOp, Move(W)];0
[NoOp, NoOp, Move(W)];0
[NoOp, NoOp, Move(W)];0
[NoOp, NoOp, Push(W,S)];0
[NoOp, NoOp, Push(S,E)];0
[NoOp, NoOp, Push(E,S)];0
[NoOp, NoOp, Push(S,S)];0
[NoOp, NoOp, Push(S,S)];0
[NoOp, NoOp, Pull(N,S)];0
[NoOp, NoOp, Pull(N,S)];0
[NoOp, NoOp, Pull(N,S)];0
[NoOp, NoOp, Push(S,E)];0
[NoOp, NoOp, Move(W)];0
[NoOp, Move(N), NoOp];0
[NoOp, Move(N), NoOp];0
[NoOp, Move(N), NoOp];0
[NoOp, Move(N), NoOp];0
[NoOp, Move(N), NoOp];0
[NoOp, Move(N), NoOp];0
[NoOp, Move(N), NoOp];0
[NoOp, Move(N), NoOp];0
[NoOp, Move(N), NoOp];0
[NoOp, Move(N), NoOp];0
[NoOp, Move(N), NoOp];0
[NoOp, Move(N), NoOp];0
[NoOp, Move(E), NoOp];0
[NoOp, Move(E), NoOp];0
[NoOp, Move(E), NoOp];0
[NoOp, Move(E), NoOp];0
[NoOp, Move(E), NoOp];0
[NoOp, Move(E), NoOp];0
[NoOp, Move(E), NoOp];0
[NoOp, Move(E), NoOp];0
[NoOp, Pull(W,E), NoOp];0
[NoOp, Pull(W,E), NoOp];0
[NoOp, Pull(W,E), NoOp];0
[NoOp, Pull(S,E), NoOp];0
[NoOp, Push(N,W), NoOp];0
[NoOp, Push(W,S), NoOp];0
[NoOp, Push(S,S), NoOp];0
[NoOp, Push(S,S), NoOp];0
[NoOp, Push(S,S), NoOp];0
[NoOp, Push(S,S), NoOp];0
[NoOp, Push(S,S), NoOp];0
[NoOp, Push(S,S), NoOp];0
[NoOp, Push(S,S), NoOp];0
[NoOp, Push(S,S), NoOp];0
[NoOp, Push(S,S), NoOp];0
[NoOp, Push(S,S), NoOp];0
[NoOp, Push(S,S), NoOp];0
[NoOp, Push(S,S), NoOp];0
[NoOp, NoOp, Move(E)];0
[NoOp, NoOp, Pull(N,E)];0
[NoOp, NoOp, Push(S,S)];0
[NoOp, NoOp, Push(S,S)];0
[NoOp, NoOp, Push(S,S)];0
[NoOp, NoOp, Move(N)];0
[NoOp, NoOp, Move(N)];0
[NoOp, NoOp, Move(N)];0
[NoOp, NoOp, Move(N)];0
[NoOp, NoOp, Move(N)];0
[NoOp, NoOp, Move(N)];0
[NoOp, NoOp, Move(N)];0
[NoOp, NoOp, Move(N)];0
[NoOp, NoOp, Move(N)];0
[NoOp, NoOp, Move(E)];0
[NoOp, NoOp, Move(E)];0
[NoOp, NoOp, Move(E)];0
[NoOp, NoOp, Move(E)];0
[NoOp, NoOp, Move(E)];0
[NoOp, NoOp, Push(E,S)];0
[NoOp, NoOp, Push(S,S)];0
[NoOp, NoOp, Push(S,S)];0
[NoOp, NoOp, Push(S,S)];0
[NoOp, NoOp, Push(S,S)];0
[NoOp, NoOp, Push(S,S)];0
[NoOp, NoOp, Push(S,S)];0
[NoOp, NoOp, Push(S,W)];0
[NoOp, NoOp, Push(W,W)];0
[NoOp, NoOp, Push(W,S)];0
[NoOp, NoOp, Push(S,S)];0
[NoOp, NoOp, Push(S,S)];0
[NoOp, NoOp, Pull(N,S)];0
[NoOp, NoOp, Pull(N,S)];0
[NoOp, NoOp, Pull(N,S)];0
[NoOp, NoOp, Pull(N,S)];0
[NoOp, NoOp, Move(W)];0
[NoOp, NoOp, Move(S)];0
[NoOp, NoOp, Move(S)];0
[NoOp, NoOp, Move(W)];0
[NoOp, NoOp, Move(W)];0
[NoOp, NoOp, Move(W)];0
[NoOp, NoOp, Move(S)];0
[NoOp, NoOp, Move(S)];0
[NoOp, NoOp, Pull(N,S)];0
[NoOp, NoOp, Pull(N,S)];0
[NoOp, NoOp, Pull(N,S)];0
[NoOp, NoOp, Pull(N,S)];0
[NoOp, Move(N), NoOp];16
[NoOp, Move(N), NoOp];0
[NoOp, Move(N), NoOp];0
[NoOp, Move(N), NoOp];0
[NoOp, Move(W), NoOp];0
[NoOp, Move(W), NoOp];0
[NoOp, Move(W), NoOp];0
[NoOp, Move(W), NoOp];0
[NoOp, Move(S), NoOp];0
[NoOp, Move(S), NoOp];0
[NoOp, Move(S), NoOp];0
[NoOp, Move(S), NoOp];0
[NoOp, Pull(N,S), NoOp];0
[NoOp, Pull(N,S), NoOp];0
[NoOp, Pull(N,S), NoOp];0
[NoOp, Pull(N,S), NoOp];0
[NoOp, Pull(E,S), NoOp];0
[NoOp, Pull(N,W), NoOp];0
[NoOp, NoOp, Push(S,S)];0
[NoOp, NoOp, Push(S,W)];0
[NoOp, NoOp, Move(N)];0
[NoOp, NoOp, Move(N)];0
[NoOp, NoOp, Move(N)];0
[NoOp, NoOp, Move(N)];0
[NoOp, NoOp, Move(N)];0
[NoOp, NoOp, Move(N)];0
[NoOp, NoOp, Move(W)];0
[NoOp, NoOp, Move(W)];0
[NoOp, NoOp, Move(W)];0
[NoOp, NoOp, Move(W)];0
[NoOp, NoOp, Move(W)];0
[NoOp, NoOp, Move(W)];0
[NoOp, NoOp, Move(W)];0
[NoOp, NoOp, Move(W)];0
[NoOp, NoOp, Move(W)];0
[NoOp, NoOp, Move(W)];0
[NoOp, NoOp, Move(N)];0
[NoOp, NoOp, Move(N)];0
[NoOp, NoOp, Move(W)];0
[NoOp, NoOp, Move(W)];0
[NoOp, NoOp, Move(W)];0
[NoOp, NoOp, Move(W)];0
[NoOp, NoOp, Pull(E,W)];0
[NoOp, NoOp, Push(W,S)];0
[NoOp, NoOp, Move(E)];0
[NoOp, NoOp, Move(E)];0
[Move(N), NoOp, NoOp];0
[Move(N), NoOp, NoOp];0
[Move(N), NoOp, NoOp];0
[Move(N), NoOp, NoOp];0
[Move(N), NoOp, NoOp];0
[Move(N), NoOp, NoOp];0
[Move(N), NoOp, NoOp];0
[Move(N), NoOp, NoOp];0
[Move(N), NoOp, NoOp];0
[Move(N), NoOp, NoOp];0
[Move(N), NoOp, NoOp];0
[Move(N), NoOp, NoOp];0
[Move(W), NoOp, NoOp];0
[Move(W), NoOp, NoOp];0
[Move(W), NoOp, NoOp];0
[Move(W), NoOp, NoOp];0
[Move(W), NoOp, NoOp];0
[Move(W), NoOp, NoOp];0
[Move(W), NoOp, NoOp];0
[Move(W), NoOp, NoOp];0
[Move(W), NoOp, NoOp];0
[Move(W), NoOp, NoOp];0
[Move(N), NoOp, NoOp];0
[Move(W), NoOp, NoOp];0
[Move(W), NoOp, NoOp];0
[Move(W), NoOp, NoOp];0
[Move(N), NoOp, NoOp];0
[Move(W), NoOp, NoOp];0
[Move(W), NoOp, NoOp];0
[Pull(E,W), NoOp, NoOp];15
[Pull(E,W), NoOp, NoOp];0
[Pull(S,W), NoOp, NoOp];0
[Pull(E,N), NoOp, NoOp];0
[Push(W,S), NoOp, NoOp];0
[Push(S,E), NoOp, NoOp];0
[Push(E,E), NoOp, NoOp];0
[Push(E,E), NoOp, NoOp];0
[Push(E,E), NoOp, NoOp];0
[Push(E,E), NoOp, NoOp];0
[Push(E,E), NoOp, NoOp];0
[Push(E,E), NoOp, NoOp];0
[Push(E,E), NoOp, NoOp];0
[Push(E,E), NoOp, NoOp];0
[Push(E,E), NoOp, NoOp];0
[Push(E,E), NoOp, NoOp];0
[Push(E,E), NoOp, NoOp];0
[Push(E,E), NoOp, NoOp];0
[Push(E,E), NoOp, NoOp];0
[Push(E,E), NoOp, NoOp];16
[Push(E,E), NoOp, NoOp];0
[Push(E,E), NoOp, NoOp];0
[Push(E,E), NoOp, NoOp];0
[Push(E,E), NoOp, NoOp];0
[Push(E,S), NoOp, NoOp];0
[Push(S,S), NoOp, NoOp];0
[Push(S,E), NoOp, NoOp];0
[Push(E,E), NoOp, NoOp];0
[Push(E,S), NoOp, NoOp];0
[Push(S,S), NoOp, NoOp];0
[Push(S,S), NoOp, NoOp];0
[Push(S,S), NoOp, NoOp];0
[Push(S,S), NoOp, NoOp];0
[Push(S,S), NoOp, NoOp];0
[Push(S,S), NoOp, NoOp];0
[Push(S,S), NoOp, NoOp];0
[Push(S,S), NoOp, NoOp];0
[Push(S,S), NoOp, NoOp];0
[Push(S,S), NoOp, NoOp];0
[NoOp, Push(S,W), NoOp];0
[NoOp, Push(W,S), NoOp];0
[NoOp, Push(S,S), NoOp];0
[NoOp, Push(S,S), NoOp];0
[NoOp, Push(S,S), NoOp];0
[NoOp, Push(S,S), NoOp];0
[NoOp, NoOp, Move(E)];0
[NoOp, NoOp, Move(E)];0
[NoOp, NoOp, Move(S)];0
[NoOp, NoOp, Move(S)];0
[NoOp, NoOp, Move(E)];0
[NoOp, NoOp, Move(E)];0
[NoOp, NoOp, Move(E)];0
[NoOp, NoOp, Move(E)];0
[NoOp, NoOp, Move(E)];0
[NoOp, NoOp, Move(E)];0
[NoOp, NoOp, Move(E)];0
[NoOp, NoOp, Move(E)];0
[NoOp, NoOp, Move(E)];0
[NoOp, NoOp, Move(S)];0
[NoOp, NoOp, Move(S)];0
[NoOp, NoOp, Move(S)];0
[NoOp, NoOp, Move(S)];0
[NoOp, NoOp, Move(S)];0
[NoOp, NoOp, Push(S,E)];0
[NoOp, NoOp, Push(E,S)];0
[NoOp, NoOp, Push(S,S)];0
[NoOp, NoOp, Push(S,S)];0
[NoOp, NoOp, Move(N)];0
[NoOp, NoOp, Move(N)];0
[NoOp, NoOp, Move(N)];0
[NoOp, NoOp, Move(E)];0
[NoOp, NoOp, Move(E)];0
[NoOp, NoOp, Move(E)];0
[NoOp, NoOp, Push(E,S)];0
[NoOp, NoOp, Push(S,S)];0
[NoOp, NoOp, Push(S,S)];0
[NoOp, NoOp, Push(S,S)];0
[NoOp, NoOp, Move(N)];0
[NoOp, NoOp, Move(N)];0
[NoOp, NoOp, Move(W)];0
[NoOp, NoOp, Move(W)];0
[NoOp, NoOp, Move(W)];0
[NoOp, NoOp, Move(W)];0
[NoOp, NoOp, Move(S)];0
[NoOp, NoOp, Move(S)];0
[NoOp, NoOp, Pull(N,S)];0
[NoOp, NoOp, Pull(N,S)];0
[NoOp, NoOp, Pull(N,S)];0
[NoOp, NoOp, Pull(N,S)];0
[NoOp, Move(N), NoOp];0
[NoOp, Move(N), NoOp];0
[NoOp, Move(N), NoOp];0
[NoOp, Move(N), NoOp];0
[NoOp, Move(W), NoOp];0
[NoOp, Move(N), NoOp];0
[NoOp, Move(N), NoOp];0
[NoOp, Move(N), NoOp];0
[NoOp, Move(N), NoOp];0
[NoOp, Move(N), NoOp];0
[NoOp, Move(N), NoOp];0
[NoOp, Move(W), NoOp];0
[NoOp, Move(W), NoOp];0
[NoOp, Move(W), NoOp];0
[NoOp, Move(W), NoOp];0
[NoOp, Move(W), NoOp];0
[NoOp, Move(W), NoOp];0
[NoOp, Move(W), NoOp];0
[NoOp, Move(W), NoOp];0
[NoOp, Move(W), NoOp];0
[NoOp, Move(N), NoOp];0
[NoOp, Move(N), NoOp];0
[NoOp, Move(W), NoOp];0
[NoOp, Move(W), NoOp];0
[NoOp, Move(W), NoOp];0
[NoOp, Move(W), NoOp];0
[NoOp, Move(W), NoOp];0
[NoOp, Move(W), NoOp];0
[NoOp, Pull(E,W), NoOp];16
[NoOp, Pull(E,W), NoOp];0
[NoOp, Pull(E,W), NoOp];0
[NoOp, Pull(E,W), NoOp];0
[NoOp, Push(W,S), NoOp];0
[NoOp, Push(S,E), NoOp];0
[NoOp, Push(E,E), NoOp];0
[NoOp, Push(E,E), NoOp];0
[NoOp, Push(E,S), NoOp];0
[NoOp, Push(S,E), NoOp];0
[NoOp, Push(E,E), NoOp];0
[NoOp, Push(E,E), NoOp];0
[NoOp, Push(E,E), NoOp];0
[NoOp, Push(E,E), NoOp];0
[NoOp, Push(E,E), NoOp];0
[NoOp, Push(E,E), NoOp];0
[NoOp, Push(E,E), NoOp];0
[NoOp, Push(E,E), NoOp];0
[NoOp, Push(E,E), NoOp];0
[NoOp, Push(E,E), NoOp];0
[NoOp, Push(E,E), NoOp];0
[NoOp, Push(E,E), NoOp];0
[NoOp, Push(E,E), NoOp];0
[NoOp, Push(E,E), NoOp];15
[NoOp, Push(E,E), NoOp];0
[NoOp, Push(E,S), NoOp];0
[NoOp, Push(S,S), NoOp];0
[NoOp, Push(S,E), NoOp];0
[NoOp, Push(E,E), NoOp];0
[NoOp, Push(E,S), NoOp];0
[NoOp, Push(S,S), NoOp];0
[NoOp, Push(S,S), NoOp];0
[NoOp, Push(S,S), NoOp];0
[NoOp, Push(S,S), NoOp];0
[NoOp, Push(S,S), NoOp];0
[NoOp, Push(S,S), NoOp];0
[NoOp, Push(S,S), NoOp];0
[NoOp, Push(S,S), NoOp];0
[NoOp, NoOp, Push(S,S)];0
[NoOp, NoOp, Push(S,S)];0
[NoOp, NoOp, Push(S,S)];0
[NoOp, NoOp, Push(S,S)];0
[NoOp, NoOp, Move(N)];0
[NoOp, NoOp, Move(N)];0
[NoOp, NoOp, Move(N)];0
[NoOp, NoOp, Move(N)];0
[NoOp, NoOp, Move(N)];0
[NoOp, NoOp, Move(N)];0
[NoOp, NoOp, Move(N)];0
[NoOp, NoOp, Move(N)];0
[NoOp, NoOp, Move(W)];0
[NoOp, NoOp, Move(W)];0
[NoOp, NoOp, Move(W)];0
[NoOp, NoOp, Move(W)];0
[NoOp, NoOp, Move(W)];0
[NoOp, NoOp, Move(W)];0
[NoOp, NoOp, Move(W)];0
[NoOp, NoOp, Move(W)];0
[NoOp, NoOp, Move(W)];0
[NoOp, NoOp, Move(W)];0
[NoOp, NoOp, Move(N)];0
[NoOp, NoOp, Move(W)];0
[NoOp, NoOp, Move(W)];0
[NoOp, NoOp, Move(W)];0
[NoOp, NoOp, Push(W,S)];16
[NoOp, NoOp, Push(S,E)];0
[NoOp, NoOp, Push(E,E)];0
[NoOp, NoOp, Push(E,E)];0
[NoOp, NoOp, Push(E,E)];0
[NoOp, NoOp, Push(E,E)];0
[NoOp, NoOp, Push(E,E)];0
[NoOp, NoOp, Push(E,E)];0
[NoOp, NoOp, Push(E,E)];0
[NoOp, NoOp, Push(E,E)];0
[NoOp, NoOp, Push(E,E)];0
[NoOp, NoOp, Push(E,E)];0
[NoOp, NoOp, Push(E,E)];0
[NoOp, NoOp, Push(E,E)];0
[NoOp, NoOp, Push(E,E)];0
[NoOp, NoOp, Push(E,E)];0
[NoOp, NoOp, Push(E,E)];0
[NoOp, NoOp, Push(E,E)];0
[NoOp, NoOp, Push(E,E)];0
[NoOp, NoOp, Push(E,E)];0
[NoOp, NoOp, Push(E,E)];0
[NoOp, NoOp, Push(E,S)];0
[NoOp, NoOp, Push(S,S)];0
[NoOp, NoOp, Push(S,E)];0
[NoOp, NoOp, Push(E,E)];0
[NoOp, NoOp, Push(E,S)];0
[NoOp, NoOp, Push(S,S)];0
[NoOp, NoOp, Push(S,S)];0
[NoOp, NoOp, Push(S,S)];0
[NoOp, NoOp, Push(S,S)];0
[NoOp, NoOp, Push(S,S)];0
[NoOp, NoOp, Push(S,S)];0
[NoOp, NoOp, Pull(N,S)];0
[NoOp, NoOp, Pull(N,S)];0
[NoOp, Pull(N,S), NoOp];0
[NoOp, Pull(N,S), NoOp];0
[Pull(N,S), NoOp, NoOp];0
[Pull(N,S), NoOp, NoOp];0
[NoOp, NoOp, Pull(N,S)];0
[NoOp, NoOp, Pull(N,S)];0
[NoOp, Pull(N,S), NoOp];0
[NoOp, Pull(N,S), NoOp];0
[Pull(N,S), NoOp, NoOp];0
[Pull(N,S), NoOp, NoOp];0
[NoOp, Pull(E,S), NoOp];0
[NoOp, Push(W,W), NoOp];0
[NoOp, Move(E), NoOp];0
[Pull(N,S), NoOp, NoOp];0
[Pull(N,S), NoOp, NoOp];0
[NoOp, NoOp, Push(S,W)];16
[NoOp, NoOp, Move(E)];0
[Pull(N,S), NoOp, NoOp];0
[Pull(N,S), NoOp, NoOp];0
[NoOp, Move(W), NoOp];0
[NoOp, Push(W,W), NoOp];0
[NoOp, Push(W,W), NoOp];0
[NoOp, NoOp, Move(N)];0
[NoOp, NoOp, Move(N)];0
[Push(S,E), NoOp, NoOp];0
[Pull(S,E), NoOp, NoOp];0
[Move(S), NoOp, NoOp];0
[Move(S), NoOp, NoOp];0
[Move(S), NoOp, NoOp];0
[Move(S), NoOp, NoOp];0
[Move(S), NoOp, NoOp];0
[Move(S), NoOp, NoOp];0
[Move(S), NoOp, NoOp];0
[Move(S), NoOp, NoOp];0
[NoOp, Pull(N,W), NoOp];0
[NoOp, Push(S,E), NoOp];0
[NoOp, Push(E,E), NoOp];0
[NoOp, Push(E,S), NoOp];0
[NoOp, Push(S,S), NoOp];0
[NoOp, Push(S,S), NoOp];0
[NoOp, Push(S,S), NoOp];0
[NoOp, Push(S,S), NoOp];0
[NoOp, Push(S,S), NoOp];0
[NoOp, Push(S,S), NoOp];0
[NoOp, Move(N), NoOp];0
[NoOp, Move(N), NoOp];0
[NoOp, Move(N), NoOp];0
[NoOp, Move(N), NoOp];0
[NoOp, Move(N), NoOp];0
[NoOp, Move(N), NoOp];0
[NoOp, Move(E), NoOp];0
[NoOp, NoOp, Move(S)];0
[NoOp, NoOp, Move(W)];0
[NoOp, NoOp, Move(W)];0
[NoOp, NoOp, Push(S,S)];0
[NoOp, NoOp, Move(W)];0
[NoOp, NoOp, Move(S)];0
[NoOp, NoOp, Move(N)];0
[NoOp, NoOp, Move(N)];0
[NoOp, NoOp, Move(N)];0
[NoOp, NoOp, Move(W)];0
[NoOp, NoOp, Move(W)];0
[NoOp, NoOp, Move(W)];0
[NoOp, NoOp, Move(W)];0
[NoOp, NoOp, Move(W)];0
[NoOp, NoOp, Move(W)];0
[NoOp, NoOp, Move(W)];0
[NoOp, NoOp, Move(W)];0
[NoOp, NoOp, Move(W)];0
[NoOp, NoOp, Move(W)];0
[NoOp, NoOp, Move(W)];0
[NoOp, NoOp, Move(W)];0
[NoOp, NoOp, Move(W)];0
[NoOp, NoOp, Move(W)];0
[NoOp, NoOp, Move(W)];0
[NoOp, NoOp, Move(W)];0
[NoOp, NoOp, Move(W)];0
[NoOp, NoOp, Move(W)];0
[NoOp, NoOp, Move(W)];0
[NoOp, NoOp, Move(W)];0
[NoOp, NoOp, Move(W)];0
[NoOp, NoOp, Move(W)];0
[NoOp, NoOp, Move(W)];0
[NoOp, NoOp, Pull(N,S)];0
[NoOp, NoOp, Pull(E,S)];0
[NoOp, Move(W), NoOp];0
[NoOp, Move(S), NoOp];0
[NoOp, Move(S), NoOp];0
[NoOp, Move(S), NoOp];0
[NoOp, Move(S), NoOp];0
[NoOp, Move(S), NoOp];0
[NoOp, Move(S), NoOp];0
[NoOp, Pull(N,S), NoOp];0
[NoOp, Pull(N,S), NoOp];0
[NoOp, Pull(N,S), NoOp];0
[NoOp, Pull(N,S), NoOp];0
[NoOp, Pull(N,S), NoOp];0
[NoOp, Pull(N,S), NoOp];0
[NoOp, Pull(E,S), NoOp];0
[NoOp, Pull(N,W), NoOp];0
[Move(N), NoOp, NoOp];0
[Move(N), NoOp, NoOp];0
[Move(N), NoOp, NoOp];0
[Move(N), NoOp, NoOp];0
[Move(N), NoOp, NoOp];0
[Move(N), NoOp, NoOp];0
[Move(N), NoOp, NoOp];0
[Move(N), NoOp, NoOp];0
[NoOp, Move(N), NoOp];110
[Push(N,E), NoOp, NoOp];0
[Move(N), NoOp, NoOp];0
[Move(N), NoOp, NoOp];0
[Move(W), NoOp, NoOp];0
[Move(W), NoOp, NoOp];0
[Move(W), NoOp, NoOp];0
[Move(W), NoOp, NoOp];0
[Move(W), NoOp, NoOp];0
[Move(W), NoOp, NoOp];0
[Move(W), NoOp, NoOp];0
[Move(W), NoOp, NoOp];0
[Move(W), NoOp, NoOp];0
[Move(W), NoOp, NoOp];0
[Move(W), NoOp, NoOp];0
[Move(W), NoOp, NoOp];0
[Move(W), NoOp, NoOp];0
[Move(W), NoOp, NoOp];0
[Move(W), NoOp, NoOp];0
[Move(W), NoOp, NoOp];0
[Move(W), NoOp, NoOp];0
[Move(W), NoOp, NoOp];0
[Move(W), NoOp, NoOp];0
[Move(W), NoOp, NoOp];0
[Move(W), NoOp, NoOp];0
[Move(W), NoOp, NoOp];0
[Move(W), NoOp, NoOp];0
[Move(W), NoOp, NoOp];0
[Move(W), NoOp, NoOp];0
[Move(S), NoOp, NoOp];0
[Pull(N,S), NoOp, NoOp];15
[Pull(E,S), NoOp, NoOp];0
[Pull(E,W), NoOp, NoOp];0
[Pull(N,W), NoOp, NoOp];0
[Push(S,E), NoOp, NoOp];0
[Push(E,E), NoOp, NoOp];0
[Push(E,E), NoOp, NoOp];0
[Push(E,E), NoOp, NoOp];0
[Push(E,E), NoOp, NoOp];0
[Push(E,E), NoOp, NoOp];0
[Push(E,E), NoOp, NoOp];0
[Push(E,E), NoOp, NoOp];0
[Push(E,E), NoOp, NoOp];0
[Push(E,E), NoOp, NoOp];0
[Push(E,E), NoOp, NoOp];0
[Push(E,E), NoOp, NoOp];0
[Push(E,E), NoOp, NoOp];0
[Push(E,E), NoOp, NoOp];0
[Push(E,E), NoOp, NoOp];0
[Push(E,E), NoOp, NoOp];0
[Push(E,E), NoOp, NoOp];0
[Push(E,E), NoOp, NoOp];0
[Push(E,E), NoOp, NoOp];0
[Push(E,E), NoOp, NoOp];0
[Push(E,E), NoOp, NoOp];0
[Push(E,E), NoOp, NoOp];0
[Push(E,E), NoOp, NoOp];0
[Push(E,E), NoOp, NoOp];0
[Push(E,E), NoOp, NoOp];0
[Push(E,E), NoOp, NoOp];0
[Push(E,E), NoOp, NoOp];0
[Push(E,E), NoOp, NoOp];0
[Push(E,E), NoOp, NoOp];0
[Push(E,E), NoOp, NoOp];0
[Push(E,E), NoOp, NoOp];0
[Push(E,E), NoOp, NoOp];0
[Move(W), NoOp, NoOp];0
[Move(W), NoOp, NoOp];0
[Move(W), NoOp, NoOp];0
[Move(W), NoOp, NoOp];0
[Move(W), NoOp, NoOp];0
[Move(W), NoOp, NoOp];0
[Move(W), NoOp, NoOp];0
[Move(W), NoOp, NoOp];0
[Move(S), NoOp, NoOp];0
[Move(S), NoOp, NoOp];0
[Pull(N,E), NoOp, NoOp];0
[Push(S,S), NoOp, NoOp];0
[Push(S,S), NoOp, NoOp];0
[Push(S,S), NoOp, NoOp];0
[Push(S,S), NoOp, NoOp];0
[Push(S,S), NoOp, NoOp];0
[Push(S,S), NoOp, NoOp];0
[Push(S,S), NoOp, NoOp];0
[Push(S,S), NoOp, NoOp];0
[NoOp, Move(S), NoOp];0
[NoOp, Push(S,W), NoOp];0
[NoOp, Push(W,S), NoOp];0
[NoOp, Push(S,S), NoOp];0
[NoOp, Push(S,S), NoOp];0
[NoOp, Push(S,S), NoOp];0
[NoOp, Push(S,S), NoOp];0
[NoOp, NoOp, Move(E)];16
[NoOp, NoOp, Move(E)];0
[NoOp, NoOp, Move(E)];0
[NoOp, NoOp, Move(E)];0
[NoOp, NoOp, Move(E)];0
[NoOp, NoOp, Move(E)];0
[NoOp, NoOp, Move(E)];0
[NoOp, NoOp, Move(E)];0
[NoOp, NoOp, Move(E)];0
[NoOp, NoOp, Move(E)];0
[NoOp, NoOp, Move(E)];0
[NoOp, NoOp, Move(E)];0
[NoOp, NoOp, Move(E)];0
[NoOp, NoOp, Move(E)];0
[NoOp, NoOp, Move(E)];0
[NoOp, NoOp, Move(E)];0
[NoOp, NoOp, Move(E)];0
[NoOp, NoOp, Move(E)];0
[NoOp, NoOp, Move(E)];0
[NoOp, NoOp, Move(E)];0
[NoOp, NoOp, Move(E)];0
[NoOp, NoOp, Move(E)];0
[NoOp, NoOp, Move(E)];0
[NoOp, NoOp, Move(S)];0
[NoOp, NoOp, Move(S)];0
[NoOp, NoOp, Move(S)];0
[NoOp, NoOp, Push(S,E)];0
[NoOp, NoOp, Push(E,S)];0
[NoOp, NoOp, Push(S,S)];0
[NoOp, NoOp, Push(S,S)];0
[NoOp, NoOp, Pull(N,S)];0
[NoOp, NoOp, Pull(N,S)];0
[NoOp, NoOp, Pull(N,S)];0
[NoOp, NoOp, Pull(N,S)];0
[NoOp, Move(N), NoOp];0
[NoOp, Move(N), NoOp];0
[NoOp, Move(N), NoOp];0
[NoOp, Move(N), NoOp];0
[NoOp, Move(W), NoOp];0
[NoOp, Move(N), NoOp];0
[NoOp, Move(N), NoOp];0
[NoOp, Move(N), NoOp];0
[NoOp, Move(W), NoOp];0
[NoOp, Move(W), NoOp];0
[NoOp, Move(W), NoOp];0
[NoOp, Move(W), NoOp];0
[NoOp, Move(W), NoOp];0
[NoOp, Move(W), NoOp];0
[NoOp, Move(W), NoOp];0
[NoOp, Move(W), NoOp];0
[NoOp, Move(W), NoOp];0
[NoOp, Move(W), NoOp];0
[NoOp, Move(W), NoOp];0
[NoOp, Move(W), NoOp];0
[NoOp, Move(W), NoOp];0
[NoOp, Move(W), NoOp];0
[NoOp, Move(W), NoOp];0
[NoOp, Move(W), NoOp];0
[NoOp, Move(W), NoOp];0
[NoOp, Move(W), NoOp];0
[NoOp, Move(W), NoOp];0
[NoOp, Move(W), NoOp];0
[NoOp, Move(W), NoOp];0
[NoOp, Move(W), NoOp];0
[NoOp, Move(W), NoOp];0
[NoOp, Move(W), NoOp];0
[NoOp, Move(S), NoOp];0
[NoOp, Move(S), NoOp];0
[NoOp, Pull(N,S), NoOp];15
[NoOp, Pull(N,S), NoOp];0
[NoOp, Pull(E,S), NoOp];0
[NoOp, Pull(N,W), NoOp];0
[NoOp, Push(S,E), NoOp];0
[NoOp, Push(E,E), NoOp];0
[NoOp, Push(E,E), NoOp];0
[NoOp, Push(E,E), NoOp];0
[NoOp, Push(E,E), NoOp];0
[NoOp, Push(E,E), NoOp];0
[NoOp, Push(E,E), NoOp];0
[NoOp, Push(E,E), NoOp];0
[NoOp, Push(E,E), NoOp];0
[NoOp, Push(E,E), NoOp];0
[NoOp, Push(E,E), NoOp];0
[NoOp, Push(E,E), NoOp];0
[NoOp, Push(E,E), NoOp];0
[NoOp, Push(E,E), NoOp];0
[NoOp, Push(E,E), NoOp];0
[NoOp, Push(E,E), NoOp];0
[NoOp, Push(E,E), NoOp];0
[NoOp, Push(E,E), NoOp];0
[NoOp, Push(E,E), NoOp];0
[NoOp, Push(E,E), NoOp];0
[NoOp, Push(E,E), NoOp];0
[NoOp, Push(E,E), NoOp];0
[NoOp, Push(E,E), NoOp];0
[NoOp, Push(E,E), NoOp];0
[NoOp, Push(E,E), NoOp];0
[NoOp, Push(E,E), NoOp];0
[NoOp, Push(E,E), NoOp];0
[NoOp, Push(E,E), NoOp];0
[NoOp, Push(E,E), NoOp];0
[NoOp, Push(E,E), NoOp];0
[NoOp, NoOp, Push(S,S)];0
[NoOp, NoOp, Push(S,S)];0
[NoOp, NoOp, Push(S,S)];0
[NoOp, NoOp, Push(S,S)];0
[NoOp, NoOp, Move(N)];0
[NoOp, NoOp, Move(N)];0
[NoOp, NoOp, Move(N)];0
[NoOp, NoOp, Move(N)];0
[NoOp, NoOp, Move(N)];0
[NoOp, NoOp, Move(N)];0
[NoOp, NoOp, Move(W)];0
[NoOp, NoOp, Move(W)];0
[NoOp, NoOp, Move(W)];0
[NoOp, NoOp, Move(W)];0
[NoOp, NoOp, Move(W)];0
[NoOp, NoOp, Move(W)];0
[NoOp, NoOp, Move(W)];0
[NoOp, NoOp, Move(W)];0
[NoOp, NoOp, Move(W)];0
[NoOp, NoOp, Move(W)];0
[NoOp, NoOp, Move(W)];0
[NoOp, NoOp, Move(W)];0
[NoOp, NoOp, Move(W)];0
[NoOp, NoOp, Move(W)];0
[NoOp, NoOp, Move(W)];0
[NoOp, NoOp, Move(W)];0
[NoOp, NoOp, Move(W)];0
[NoOp, NoOp, Move(W)];0
[NoOp, NoOp, Move(W)];0
[NoOp, NoOp, Move(W)];0
[NoOp, NoOp, Move(W)];0
[NoOp, NoOp, Move(W)];0
[NoOp, NoOp, Move(W)];0
[NoOp, NoOp, Move(W)];0
[NoOp, NoOp, Push(W,S)];16
[NoOp, NoOp, Push(S,E)];0
[NoOp, NoOp, Push(E,E)];0
[NoOp, NoOp, Push(E,E)];0
[NoOp, NoOp, Push(E,E)];0
[NoOp, NoOp, Push(E,E)];0
[NoOp, NoOp, Push(E,E)];0
[NoOp, NoOp, Push(E,E)];0
[NoOp, NoOp, Push(E,E)];0
[NoOp, NoOp, Push(E,E)];0
[NoOp, NoOp, Push(E,E)];0
[NoOp, NoOp, Push(E,E)];0
[NoOp, NoOp, Push(E,E)];0
[NoOp, NoOp, Push(E,E)];0
[NoOp, NoOp, Push(E,E)];0
[NoOp, NoOp, Push(E,E)];0
[NoOp, NoOp, Push(E,E)];0
[NoOp, NoOp, Push(E,E)];0
[NoOp, NoOp, Push(E,E)];0
[NoOp, NoOp, Push(E,E)];0
[NoOp, NoOp, Push(E,E)];0
[NoOp, NoOp, Push(E,E)];0
[NoOp, NoOp, Push(E,E)];0
[NoOp, NoOp, Push(E,E)];0
[NoOp, NoOp, Push(E,E)];0
[NoOp, NoOp, Push(E,E)];0
[NoOp, NoOp, Push(E,E)];0
[NoOp, NoOp, Push(E,E)];0
[NoOp, NoOp, Push(E,E)];0
0559df73b458bf317df4a2e3eb5c386bce3fa048
successful
12310
1633
a67af271f49d30f2ae9cc997bf0ad6d5abb90198
1495034941047
