++++++++++++++
++a+c+e+g+i+k+
+0KJIHGFEDCBA+
++b+d+f+h+j+++
++++++++++++++

[Push(E,S)];706
[Pull(W,E)];0
[Push(E,N)];0
[Pull(E,N)];0
[Push(E,S)];16
[Pull(W,E)];0
[Push(E,N)];0
[Move(W)];0
[Pull(E,W)];0
[Pull(E,N)];0
[Push(E,S)];0
[Pull(W,E)];0
[Push(E,N)];0
[Move(W)];0
[Pull(E,W)];0
[Pull(E,N)];0
[Push(E,S)];0
[Pull(W,E)];0
[Push(E,N)];0
[Move(W)];0
[Pull(E,W)];0
[Pull(E,S)];0
[Push(E,S)];0
[Pull(N,E)];0
[Push(S,W)];0
[Pull(E,S)];0
55908b5f3ea86d780f8a2ebba7b658167ea6b1f6
unsuccessful
722
26
b329b07aed4c25907640334010f1672161b8f31d
1495035860769
