red: 0,A
blue: 1,B
+++++++++++++++++++
+        0        +
+       +++       +
+   ++++ a   ++   +
+       +++       +
+  +++++++++++++  +
+        +        +
+    +  A B  +    +
+                 +
+  ++++++++++++++++
+     ++++++++    +
+   ++   b   ++   +
+       +++       +
+        1        +
+++++++++++++++++++

[Move(W), Move(E)];299
[Move(W), Move(E)];0
[Move(S), Move(N)];1
[Move(W), Move(N)];1
[Move(W), Move(W)];1
[Move(W), Move(W)];1
[Move(W), Move(W)];0
[Move(S), Move(W)];0
[Move(S), Move(S)];1
[Move(W), Move(W)];1
[Move(S), Move(W)];0
[Move(S), Move(W)];1
[Move(S), Move(W)];2
[Move(E), Move(N)];0
[Move(E), Move(N)];1
[Move(S), Move(W)];0
[Move(E), Move(N)];0
[Move(E), Move(N)];1
[Move(E), Move(E)];0
[Move(N), Move(E)];2
[Push(E,N), Move(E)];0
[Push(N,W), Move(E)];0
[Push(W,W), Move(E)];1
[Push(W,W), Move(E)];0
[Push(W,W), Move(E)];0
[Push(W,W), Move(N)];1
[Push(W,W), Pull(S,E)];0
[Push(W,N), Pull(W,N)];0
[Push(N,N), Pull(W,E)];0
[Push(N,E), Pull(W,E)];0
[Push(E,N), Pull(W,E)];1
[Push(N,N), Pull(W,E)];1
[Push(N,E), Pull(N,E)];0
[Push(E,E), Push(S,W)];0
[Push(E,E), Push(W,W)];0
[Push(E,E), Push(W,S)];1
[Push(E,N), Push(S,S)];0
[Push(N,E), Push(S,S)];1
[Pull(W,E), Push(S,E)];0
[Push(E,S), Push(E,N)];1
[Pull(E,S), Pull(S,N)];0
[Pull(E,W), Pull(W,N)];1
[Pull(E,W), Push(E,E)];0
[Pull(E,W), Push(E,E)];0
[Pull(S,W), Push(E,E)];0
[Pull(E,N), Push(E,E)];1
[Push(W,S), Push(E,N)];1
[Push(S,W), Push(N,E)];1
[Push(W,W), Push(E,E)];0
468f0de550820ea921f1192b0fccf693ad67b8ac
successful
323
49
bb4990808e5839fd704b4584692c12c63fb61aac
1495039121286
