blue: 0,A,E,J,K,L,F,B,C,D,G,N,H,I,M
+++++++++++++++++++++++++
+  G                A g +
+ b H         h       B +
+  I     a++++      C i +
+         ++++          +
+ d J     ++++    0 D j +
+  K     c++++k      E  +
+ f L    e++++      F l +
+                       +
+  M                 N  +
+  +++++++++++++++++++  +
+          mn           +
+++++++++++++++++++++++++

[Move(E)];642
[Pull(N,E)];6
[Push(S,W)];6
[Push(W,W)];5
[Push(W,W)];1
[Push(W,W)];0
[Push(W,W)];1
[Push(W,S)];9
[Push(S,S)];13
[Push(S,S)];1
[Push(S,W)];1
[Push(W,W)];8
[Push(W,W)];0
[Push(W,W)];0
[Push(W,W)];1
[Push(W,N)];1
[Push(N,N)];2
[Push(N,N)];5
[Push(N,W)];2
[Push(W,W)];0
[Push(W,W)];2
[Push(W,W)];0
[Push(W,S)];1
[Pull(N,S)];0
[Pull(N,S)];0
[Push(S,W)];0
[Push(W,W)];0
[Push(W,W)];1
[Push(W,S)];2
[Move(E)];1
[Move(E)];1
[Move(E)];0
[Move(E)];0
[Move(E)];0
[Move(E)];1
[Move(E)];1
[Move(N)];0
[Move(N)];2
[Move(E)];1
[Move(E)];1
[Move(E)];0
[Move(E)];1
[Move(E)];1
[Move(E)];1
[Move(S)];2
[Move(E)];0
[Move(E)];1
[Move(E)];1
[Move(E)];0
[Pull(N,E)];0
[Push(S,S)];0
[Push(S,W)];0
[Push(W,W)];0
[Push(W,S)];0
[Push(S,W)];0
[Push(W,S)];2
[Push(S,W)];6
[Push(W,W)];0
[Push(W,S)];1
[Pull(N,S)];0
[Push(S,E)];1
[Pull(S,E)];1
[Pull(S,N)];1
[Pull(W,N)];2
[Pull(W,E)];1
[Pull(W,E)];2
[Pull(W,E)];1
[Pull(S,E)];0
[Push(N,W)];1
[Push(W,N)];0
[Push(N,N)];1
[Move(S)];0
[Move(E)];1
[Move(E)];0
[Move(E)];1
[Move(E)];0
[Move(E)];1
[Move(E)];1
[Move(E)];1
[Move(N)];1
[Move(E)];1
[Move(E)];2
[Move(E)];0
[Move(N)];1
[Move(E)];0
[Pull(W,E)];1
[Pull(W,E)];1
[Push(E,S)];1
[Push(S,W)];3
[Push(W,W)];0
[Push(W,W)];1
[Push(W,W)];1
[Push(W,W)];2
[Push(W,N)];1
[Pull(S,N)];1
[Pull(W,N)];2
[Pull(W,E)];1
[Pull(W,E)];1
[Pull(W,E)];1
[Pull(W,E)];1
[Pull(N,E)];1
[Pull(W,S)];0
[Move(S)];1
[Move(E)];0
[Move(E)];2
[Move(E)];1
[Move(E)];1
[Move(E)];2
[Move(E)];1
[Move(E)];0
[Move(E)];1
[Move(N)];0
[Move(E)];2
[Move(E)];0
[Move(E)];1
[Pull(S,E)];2
[Push(N,W)];1
[Push(W,W)];0
[Push(W,W)];1
[Push(W,W)];0
[Push(W,W)];1
[Push(W,N)];0
[Pull(S,N)];0
[Pull(W,N)];1
[Pull(W,E)];1
[Pull(W,E)];0
[Pull(W,E)];0
[Pull(S,E)];1
[Push(N,W)];0
[Push(W,W)];0
[Push(W,W)];0
[Push(W,N)];1
[Push(N,W)];0
[Push(W,W)];0
[Push(W,N)];0
[Pull(S,N)];1
[Pull(S,N)];0
[Push(N,W)];0
[Push(W,W)];0
[Push(W,W)];0
[Push(W,N)];0
[Move(E)];0
[Move(E)];0
[Move(E)];1
[Move(N)];0
[Move(N)];0
[Move(N)];1
[Move(N)];1
[Move(E)];0
[Move(E)];1
[Move(E)];1
[Move(N)];1
[Move(E)];1
[Move(N)];1
[Move(E)];2
[Move(N)];0
[Move(E)];1
[Move(E)];0
[Move(E)];0
[Move(E)];0
[Move(E)];1
[Move(E)];1
[Move(E)];0
[Move(E)];1
[Move(E)];0
[Pull(W,E)];0
[Pull(W,E)];1
[Pull(W,E)];2
[Pull(W,E)];1
[Pull(W,E)];0
[Pull(W,E)];2
[Pull(W,E)];0
[Pull(W,E)];0
[Pull(W,E)];1
[Pull(W,E)];0
[Pull(W,E)];1
[Push(E,S)];0
[Push(S,S)];0
[Move(E)];0
[Move(E)];0
[Move(E)];0
[Move(E)];0
[Move(E)];1
[Move(S)];0
[Move(E)];0
[Move(E)];0
[Move(S)];0
[Move(S)];0
[Move(E)];1
[Move(E)];0
[Move(E)];0
[Move(E)];1
[Move(E)];0
[Move(S)];4
[Move(S)];1
[Move(S)];0
[Push(S,W)];0
[Pull(E,W)];0
[Pull(S,W)];0
[Pull(E,N)];1
[Push(W,S)];1
[Push(S,W)];0
[Push(W,W)];1
[Push(W,W)];1
[Push(W,W)];0
[Push(W,W)];0
[Push(W,W)];0
[Push(W,W)];0
[Push(W,W)];1
[Push(W,W)];0
[Push(W,W)];0
[Move(E)];0
[Move(E)];1
[Move(E)];0
[Move(E)];0
[Move(E)];0
[Move(E)];2
[Move(E)];1
[Move(E)];0
[Move(E)];1
[Move(N)];1
[Move(N)];0
[Move(N)];1
[Move(N)];1
[Move(N)];0
[Move(N)];0
[Move(N)];0
[Move(N)];0
[Push(N,W)];1
[Push(W,W)];1
[Push(W,W)];0
[Push(W,W)];0
[Push(W,W)];0
[Push(W,W)];0
[Push(W,W)];0
[Push(W,W)];0
[Push(W,W)];0
[Push(W,W)];1
[Push(W,W)];0
[Push(W,W)];1
[Push(W,W)];0
[Push(W,W)];1
[Push(W,W)];1
[Push(W,W)];0
[Push(W,W)];0
[Pull(N,W)];1
[Pull(W,S)];0
[Pull(W,E)];0
[Push(E,S)];0
[Push(S,E)];1
[Pull(S,E)];1
[Pull(E,N)];1
[Push(W,W)];0
[Push(W,S)];0
[Push(S,W)];1
[Push(W,W)];2
[Push(W,N)];0
[Push(N,N)];1
[Move(S)];0
[Move(E)];1
[Move(E)];0
[Push(S,E)];0
[Push(E,E)];1
[Push(E,E)];1
[Push(E,E)];1
[Push(E,E)];0
[Pull(S,E)];1
[Pull(S,N)];1
[Pull(S,N)];0
[Pull(E,N)];0
[Pull(S,W)];0
[Pull(E,N)];0
[Pull(E,W)];0
[Pull(E,W)];0
[Pull(E,W)];0
[Pull(E,W)];0
[Pull(E,W)];0
[Pull(E,W)];0
[Pull(E,W)];1
[Pull(E,W)];2
[Pull(E,W)];2
[Pull(E,W)];0
[Pull(E,W)];0
[Pull(E,W)];0
[Pull(S,W)];0
[Push(N,N)];0
[Push(N,N)];0
[Push(N,N)];0
[Push(N,N)];1
[Move(W)];0
[Move(W)];1
[Move(W)];0
[Move(W)];0
[Move(W)];0
[Move(W)];1
[Move(W)];0
[Move(W)];0
[Move(S)];0
[Move(S)];0
[Move(W)];0
[Move(W)];1
[Move(W)];0
[Move(W)];0
[Move(W)];0
[Move(W)];0
[Move(N)];0
[Move(N)];1
[Move(W)];0
[Move(W)];0
[Move(W)];0
[Move(W)];0
[Pull(E,W)];1
[Pull(N,W)];0
[Push(S,E)];1
[Push(E,E)];0
[Push(E,E)];0
[Push(E,N)];0
[Pull(S,N)];1
[Pull(S,N)];1
[Pull(S,N)];0
[Push(N,E)];0
[Push(E,E)];0
[Push(E,E)];0
[Push(E,E)];1
[Push(E,E)];0
[Push(E,E)];0
[Push(E,N)];0
[Push(N,N)];0
[Move(S)];1
[Move(W)];0
[Move(W)];0
[Move(W)];0
[Move(W)];0
[Move(W)];1
[Move(W)];0
[Move(W)];0
[Move(W)];1
[Move(W)];0
[Move(W)];0
[Push(N,E)];1
[Push(E,E)];1
[Push(E,E)];0
[Push(E,E)];0
[Push(E,S)];0
[Push(S,E)];0
[Push(E,E)];0
[Push(E,E)];1
[Push(E,E)];0
[Push(E,E)];0
[Push(E,E)];0
[Push(E,E)];1
[Push(E,N)];0
[Push(N,E)];0
[Push(E,E)];0
[Push(E,E)];1
[Push(E,E)];0
[Push(E,E)];0
[Push(E,E)];0
[Push(E,E)];0
[Move(W)];0
[Move(N)];0
[Move(W)];0
[Move(N)];0
[Move(N)];0
[Move(N)];0
[Move(N)];0
[Move(W)];0
[Move(W)];1
[Move(W)];0
[Move(W)];0
[Move(W)];0
[Move(W)];1
[Move(W)];0
[Move(W)];0
[Move(W)];0
[Move(W)];0
[Move(W)];0
[Move(W)];0
[Move(W)];0
[Move(W)];0
[Pull(N,W)];0
[Push(S,E)];0
[Push(E,E)];0
[Push(E,E)];1
[Push(E,E)];1
[Push(E,E)];1
[Push(E,E)];0
[Push(E,E)];0
[Push(E,E)];1
[Push(E,E)];0
[Move(W)];1
[Move(W)];1
[Move(W)];1
[Move(W)];0
[Move(W)];1
[Move(S)];0
[Move(W)];0
[Move(W)];1
[Move(W)];1
[Move(W)];1
[Pull(S,W)];0
[Push(N,E)];0
[Push(E,E)];0
[Push(E,E)];0
[Push(E,E)];0
[Push(E,N)];0
[Push(N,E)];1
[Push(E,E)];0
[Push(E,E)];0
[Push(E,E)];2
[Push(E,E)];0
[Push(E,N)];0
[Push(N,E)];0
[Push(E,E)];0
[Push(E,S)];0
[Push(S,E)];0
[Push(E,S)];0
[Push(S,E)];0
[Push(E,E)];0
[Push(E,E)];0
[Push(E,E)];1
[Push(E,E)];0
[Push(E,E)];0
[Move(W)];0
[Move(W)];0
[Move(S)];0
[Move(W)];1
[Move(S)];0
[Move(S)];0
[Move(W)];0
[Move(S)];2
[Move(W)];1
[Move(S)];0
[Move(S)];0
[Move(W)];0
[Move(W)];0
[Move(W)];1
[Move(W)];0
[Move(W)];0
[Move(W)];2
[Move(W)];1
[Move(W)];1
[Move(W)];0
[Move(W)];1
[Move(W)];0
[Move(W)];1
[Push(W,W)];1
[Push(W,S)];1
[Push(S,S)];1
[Push(S,E)];0
[Push(E,E)];2
[Push(E,E)];0
[Push(E,E)];1
[Push(E,E)];0
[Push(E,E)];0
[Push(E,E)];0
[Push(E,E)];1
[Push(E,E)];0
[Move(W)];0
[Move(W)];1
[Move(W)];0
[Move(W)];0
[Move(W)];0
[Move(W)];0
[Move(W)];0
[Move(W)];0
[Move(N)];0
[Move(N)];1
[Move(E)];0
[Move(N)];0
[Move(N)];1
[Move(N)];0
[Move(N)];0
[Move(N)];0
[Move(N)];1
[Move(N)];0
[Push(N,E)];0
[Push(E,E)];1
[Push(E,E)];0
[Push(E,E)];1
[Push(E,E)];0
[Push(E,E)];0
[Push(E,E)];0
[Push(E,E)];0
[Push(E,E)];0
[Push(E,E)];0
[Push(E,E)];1
[Push(E,E)];0
[Push(E,E)];0
[Push(E,E)];0
[Push(E,E)];1
[Push(E,E)];0
[Push(E,E)];0
[Push(E,E)];0
[Push(E,E)];0
f7f9caa007f871dec8a4733d5a901a67eaf8ffd4
successful
925
495
47fb80b2e82fc2e818f0b3a3441ced963979e164
1495039500937
