++++++++++++++++++++++++++++++++
+k0            W              c+
+                              +
+              E               +
+  ++++++++++++++++++++++++++  +
+  +           R            +  +
+o +                        + r+
+  +           O            +  +
+                              +
+  +           C            +  +
+  +                        +  +
+e ++++++++++++K+++++++++++++ w+
+                              +
++++++++++++++++++++++++++++++++

[Move(S)];1960
[Move(E)];0
[Move(E)];1
[Move(S)];0
[Move(E)];2
[Move(E)];0
[Move(E)];0
[Move(E)];0
[Move(E)];2
[Move(E)];0
[Move(E)];1
[Move(E)];0
[Move(E)];0
[Move(E)];0
[Push(E,E)];0
[Move(N)];0
[Pull(S,N)];0
[Push(N,E)];0
[Move(N)];1
[Move(E)];0
[Move(E)];0
[Move(S)];1
[Move(S)];0
[Push(W,W)];0
[Push(W,W)];1
[Move(E)];0
[Move(E)];0
[Move(N)];2
[Move(N)];0
[Move(W)];1
[Move(W)];1
[Move(W)];1
[Move(S)];0
[Move(W)];0
[Move(S)];1
[Move(W)];0
[Move(W)];0
[Move(W)];0
[Move(W)];0
[Move(W)];1
[Move(W)];1
[Move(W)];0
[Move(W)];0
[Move(W)];0
[Move(W)];0
[Move(W)];0
[Move(S)];0
[Move(S)];1
[Move(S)];0
[Move(S)];0
[Move(S)];0
[Move(E)];1
[Move(E)];0
[Move(E)];1
[Move(S)];0
[Move(E)];0
[Move(E)];0
[Move(E)];0
[Move(E)];1
[Move(E)];0
[Move(E)];0
[Move(E)];0
[Move(E)];0
[Move(E)];0
[Push(E,N)];0
[Push(N,E)];0
[Push(E,N)];0
[Push(N,E)];0
[Push(E,N)];0
[Push(N,N)];0
[Push(N,E)];0
[Push(E,E)];0
[Push(E,E)];0
[Push(E,E)];0
[Push(E,E)];1
[Push(E,E)];0
[Push(E,E)];0
[Push(E,E)];0
[Push(E,E)];0
[Push(E,E)];0
[Push(E,S)];0
[Push(S,S)];1
[Pull(W,S)];0
[Push(E,N)];0
[Pull(S,N)];0
[Pull(S,N)];0
[Pull(E,N)];0
[Pull(E,W)];0
[Pull(S,W)];0
[Push(N,N)];0
[Push(N,N)];1
[Push(N,N)];0
[Push(N,E)];0
[Push(E,N)];1
[Push(N,N)];1
[Push(N,N)];0
[Push(N,N)];0
[Move(W)];0
[Move(W)];11
[Move(S)];1
[Move(W)];1
[Move(W)];0
[Move(W)];1
[Move(W)];0
[Move(W)];0
[Move(W)];3
[Move(W)];0
[Move(W)];1
[Move(W)];0
[Move(W)];0
[Move(W)];0
[Move(W)];1
[Move(W)];0
[Move(N)];0
[Move(W)];0
[Pull(E,S)];0
[Move(S)];1
[Move(E)];0
[Pull(W,N)];0
[Pull(N,E)];1
[Push(S,W)];3
[Push(W,W)];2
[Pull(E,N)];2
[Pull(N,W)];0
[Push(S,E)];0
[Move(W)];3
[Pull(E,W)];0
[Push(E,N)];1
[Move(W)];4
[Pull(E,W)];1
[Move(E)];1
[Move(N)];0
[Move(N)];0
[Move(W)];1
[Move(W)];1
[Move(W)];3
[Move(S)];2
[Move(S)];1
[Push(E,E)];0
[Move(W)];0
[Move(W)];0
[Move(W)];1
[Move(W)];0
[Move(W)];0
[Move(W)];0
[Move(W)];0
[Move(W)];0
[Move(W)];0
[Move(W)];1
[Move(W)];0
[Move(W)];0
[Move(W)];0
[Move(S)];0
[Move(S)];1
[Move(S)];0
[Move(S)];1
[Move(S)];1
[Move(E)];1
[Move(E)];0
[Move(S)];0
[Move(E)];0
[Move(S)];1
[Move(E)];0
[Move(E)];0
[Move(E)];0
[Move(E)];0
[Move(E)];1
[Move(E)];0
[Move(E)];0
[Move(E)];1
[Move(E)];0
[Move(E)];0
[Pull(E,S)];2
[Push(W,N)];0
[Push(N,N)];1
[Push(N,W)];2
[Push(W,W)];0
[Push(W,N)];1
[Push(N,W)];1
[Push(W,W)];0
[Push(W,N)];0
[Push(N,N)];1
[Push(N,W)];0
[Push(W,W)];0
[Push(W,W)];0
[Push(W,W)];0
[Push(W,W)];0
[Push(W,W)];1
[Push(W,W)];0
[Push(W,S)];2
[Push(S,S)];0
[Push(S,S)];1
[Push(S,W)];0
[Push(W,W)];0
[Push(W,N)];0
[Push(N,N)];0
[Push(N,N)];0
[Push(N,N)];1
[Push(N,W)];0
[Push(W,N)];2
[Push(N,N)];0
[Push(N,N)];1
[Move(S)];0
[Move(E)];0
[Move(E)];0
[Move(E)];0
[Move(E)];0
[Move(E)];0
[Move(E)];0
[Move(E)];0
[Move(E)];0
[Move(E)];1
[Move(E)];0
[Move(E)];0
[Move(E)];0
[Move(E)];0
[Move(E)];0
[Push(E,E)];0
[Push(E,E)];1
[Push(E,E)];0
[Push(E,E)];0
[Push(E,E)];0
[Push(E,E)];0
[Push(E,E)];0
[Push(E,E)];0
[Push(E,E)];0
[Push(E,E)];0
[Push(E,E)];0
[Push(E,E)];0
[Push(E,E)];0
[Push(E,S)];0
[Push(S,S)];0
[Push(S,S)];0
[Push(S,S)];0
[Push(S,E)];1
[Push(E,S)];0
[Push(S,S)];0
[Push(S,S)];1
[Push(S,S)];0
[Move(W)];0
[Move(N)];0
[Move(N)];0
[Move(N)];0
[Move(N)];1
[Move(N)];0
[Move(N)];0
[Move(N)];0
[Move(N)];0
[Move(W)];0
[Move(W)];1
[Move(W)];1
[Move(W)];0
[Move(W)];0
[Move(W)];0
[Move(W)];1
[Move(W)];0
[Move(W)];0
[Move(W)];0
[Move(W)];0
[Move(W)];0
[Push(W,S)];0
[Push(S,W)];0
[Push(W,W)];0
[Push(W,W)];1
[Push(W,W)];0
[Push(W,W)];0
[Push(W,W)];0
[Push(W,W)];0
[Push(W,W)];0
[Push(W,W)];1
[Push(W,W)];0
[Push(W,W)];1
[Push(W,W)];0
[Push(W,W)];1
[Push(W,W)];0
[Push(W,S)];0
[Push(S,W)];1
[Push(W,S)];1
[Push(S,S)];0
[Push(S,S)];0
[Push(S,S)];0
[Push(S,S)];0
[Push(S,S)];1
[Push(S,S)];0
[Move(E)];0
[Move(N)];0
[Move(N)];1
[Move(E)];0
[Move(E)];0
[Move(E)];0
[Move(N)];0
[Move(N)];0
[Move(N)];0
[Move(E)];1
[Move(E)];0
[Move(E)];1
[Move(E)];2
[Move(E)];0
[Move(E)];0
[Move(E)];0
[Move(E)];0
[Move(E)];1
[Push(E,E)];0
[Push(E,S)];9
[Push(S,E)];3
[Push(E,E)];0
[Push(E,E)];1
[Push(E,E)];0
[Push(E,E)];1
[Push(E,E)];0
[Push(E,E)];0
[Push(E,E)];0
[Push(E,E)];0
[Push(E,E)];0
[Push(E,E)];1
[Pull(N,E)];0
[Pull(W,S)];0
[Push(E,E)];0
[Push(E,S)];0
[Push(S,W)];0
[Pull(S,W)];1
[Pull(S,N)];0
[Pull(E,N)];0
[Pull(E,W)];0
[Pull(S,W)];0
[Push(N,N)];1
[Push(N,N)];0
[Push(N,E)];0
[Move(S)];0
[Move(S)];0
[Move(W)];0
[Move(W)];0
[Move(N)];0
[Move(W)];0
[Move(W)];1
[Move(W)];0
[Move(W)];0
[Move(W)];0
[Move(W)];0
[Move(W)];0
[Move(W)];0
[Move(W)];1
[Move(W)];0
[Move(W)];0
[Push(W,W)];0
[Push(W,W)];0
[Push(W,W)];0
[Push(W,N)];0
[Push(N,W)];0
[Push(W,W)];0
[Push(W,W)];0
[Push(W,W)];0
[Push(W,W)];0
[Push(W,W)];0
[Push(W,W)];0
[Push(W,W)];0
[Push(W,S)];0
[Push(S,S)];0
[Push(S,W)];0
[Push(W,W)];1
[Push(W,W)];0
[Push(W,N)];0
[Push(N,N)];0
1ecfc96706de7da18ed094747f211732ca5704d1
successful
2098
363
a7b1f50145e13c0dcfaabdc2328373969b74c677
1495039596814
