+++++++++++++++++++
+                 +
+       +++       +
+   ++   0   ++   +
+       +++       +
+  +++++++++++++  +
+       +++       +
+      +b a+      +
+                 +
+  +++++++++++++  +
+      B+++A      +
+   ++       ++   +
+       +++       +
+                 +
+++++++++++++++++++

[Move(E)];250
[Move(E)];0
[Move(S)];0
[Move(E)];0
[Move(E)];0
[Move(E)];0
[Move(E)];0
[Move(E)];0
[Move(S)];0
[Move(S)];0
[Move(W)];0
[Move(W)];1
[Move(W)];0
[Move(W)];0
[Move(S)];0
[Move(S)];0
[Move(E)];0
[Move(E)];0
[Move(E)];0
[Move(E)];1
[Move(S)];0
[Move(S)];0
[Move(W)];0
[Move(W)];0
[Move(W)];0
[Move(W)];0
[Pull(E,W)];1
[Push(W,S)];0
[Pull(W,S)];0
[Push(E,E)];0
[Push(E,E)];0
[Push(E,E)];0
[Push(E,E)];1
[Push(E,N)];0
[Push(N,N)];0
[Push(N,N)];1
[Push(N,W)];0
[Push(W,W)];0
[Push(W,W)];0
[Push(W,W)];1
[Pull(N,W)];0
[Pull(W,S)];0
[Pull(W,E)];0
[Push(E,S)];1
[Push(S,E)];0
[Pull(S,E)];0
[Pull(W,N)];0
[Pull(W,E)];0
[Pull(N,E)];0
[Pull(W,S)];1
[Move(S)];0
[Move(W)];0
[Move(W)];0
[Move(W)];0
[Move(W)];0
[Move(W)];1
[Move(W)];0
[Move(W)];0
[Move(S)];0
[Move(S)];0
[Move(E)];0
[Move(E)];0
[Move(E)];0
[Move(E)];0
[Pull(S,E)];0
[Push(N,W)];0
[Push(W,W)];0
[Push(W,W)];1
[Push(W,W)];0
[Push(W,N)];0
[Push(N,N)];0
[Push(N,E)];0
[Push(E,E)];1
[Push(E,E)];0
[Push(E,E)];0
[Push(E,E)];0
[Push(E,E)];0
[Push(E,N)];1
f8251f59708140610ad215118cba59f807fe4dfd
successful
262
78
7760840b91677410f29bf26113f25a0da7c0887c
1495039718859
